SLF4J: Class path contains multiple SLF4J bindings.
SLF4J: Found binding in [jar:file:/home/yw/.m2/repository/ch/qos/logback/logback-classic/1.1.3/logback-classic-1.1.3.jar!/org/slf4j/impl/StaticLoggerBinder.class]
SLF4J: Found binding in [jar:file:/home/yw/.m2/repository/org/evosuite/evosuite-master/1.0.4-SNAPSHOT/evosuite-master-1.0.4-SNAPSHOT.jar!/org/slf4j/impl/StaticLoggerBinder.class]
SLF4J: See http://www.slf4j.org/codes.html#multiple_bindings for an explanation.
SLF4J: Actual binding is of type [ch.qos.logback.classic.util.ContextSelectorStaticBinder]
SLF4J: Class path contains multiple SLF4J bindings.
[MASTER] 16:18:35.240 [Thread-3] ERROR ExternalProcessHandler - SLF4J: Class path contains multiple SLF4J bindings.

SLF4J: Found binding in [jar:file:/home/yw/.m2/repository/ch/qos/logback/logback-classic/1.1.3/logback-classic-1.1.3.jar!/org/slf4j/impl/StaticLoggerBinder.class]
[MASTER] 16:18:35.242 [Thread-3] ERROR ExternalProcessHandler - SLF4J: Found binding in [jar:file:/home/yw/.m2/repository/ch/qos/logback/logback-classic/1.1.3/logback-classic-1.1.3.jar!/org/slf4j/impl/StaticLoggerBinder.class]

SLF4J: Found binding in [jar:file:/home/yw/.m2/repository/org/evosuite/evosuite-master/1.0.4-SNAPSHOT/evosuite-master-1.0.4-SNAPSHOT.jar!/org/slf4j/impl/StaticLoggerBinder.class]
[MASTER] 16:18:35.245 [Thread-3] ERROR ExternalProcessHandler - SLF4J: Found binding in [jar:file:/home/yw/.m2/repository/org/evosuite/evosuite-master/1.0.4-SNAPSHOT/evosuite-master-1.0.4-SNAPSHOT.jar!/org/slf4j/impl/StaticLoggerBinder.class]

SLF4J: See http://www.slf4j.org/codes.html#multiple_bindings for an explanation.
[MASTER] 16:18:35.246 [Thread-3] ERROR ExternalProcessHandler - SLF4J: See http://www.slf4j.org/codes.html#multiple_bindings for an explanation.

SLF4J: Actual binding is of type [ch.qos.logback.classic.util.ContextSelectorStaticBinder]
[MASTER] 16:18:35.416 [Thread-3] ERROR ExternalProcessHandler - SLF4J: Actual binding is of type [ch.qos.logback.classic.util.ContextSelectorStaticBinder]

Aug 20, 2020 8:18:38 AM org.openqa.selenium.remote.ProtocolHandshake createSession
[MASTER] 16:18:38.701 [Thread-3] ERROR ExternalProcessHandler - Aug 20, 2020 8:18:38 AM org.openqa.selenium.remote.ProtocolHandshake createSession

INFO: Detected dialect: OSS
[MASTER] 16:18:38.702 [Thread-3] ERROR ExternalProcessHandler - INFO: Detected dialect: OSS

Aug 20, 2020 8:18:39 AM org.openqa.selenium.remote.ProtocolHandshake createSession
[MASTER] 16:18:39.717 [Thread-3] ERROR ExternalProcessHandler - Aug 20, 2020 8:18:39 AM org.openqa.selenium.remote.ProtocolHandshake createSession

INFO: Detected dialect: OSS
[MASTER] 16:18:39.718 [Thread-3] ERROR ExternalProcessHandler - INFO: Detected dialect: OSS

Exception in thread "Thread-3" java.lang.ClassCastException: org.evosuite.testcase.TestChromosome cannot be cast to org.evosuite.testsuite.TestSuiteChromosome
[MASTER] 16:18:39.902 [Thread-3] ERROR ExternalProcessHandler - Exception in thread "Thread-3" java.lang.ClassCastException: org.evosuite.testcase.TestChromosome cannot be cast to org.evosuite.testsuite.TestSuiteChromosome

	at org.evosuite.statistics.SearchStatistics.currentIndividual(SearchStatistics.java:181)
[MASTER] 16:18:39.902 [Thread-3] ERROR ExternalProcessHandler - 	at org.evosuite.statistics.SearchStatistics.currentIndividual(SearchStatistics.java:181)

	at org.evosuite.rmi.service.MasterNodeImpl.evosuite_collectStatistics(MasterNodeImpl.java:166)
[MASTER] 16:18:39.902 [Thread-3] ERROR ExternalProcessHandler - 	at org.evosuite.rmi.service.MasterNodeImpl.evosuite_collectStatistics(MasterNodeImpl.java:166)

	at sun.reflect.NativeMethodAccessorImpl.invoke0(Native Method)
[MASTER] 16:18:39.903 [Thread-3] ERROR ExternalProcessHandler - 	at sun.reflect.NativeMethodAccessorImpl.invoke0(Native Method)

	at sun.reflect.NativeMethodAccessorImpl.invoke(NativeMethodAccessorImpl.java:62)
[MASTER] 16:18:39.903 [Thread-3] ERROR ExternalProcessHandler - 	at sun.reflect.NativeMethodAccessorImpl.invoke(NativeMethodAccessorImpl.java:62)

	at sun.reflect.DelegatingMethodAccessorImpl.invoke(DelegatingMethodAccessorImpl.java:43)
[MASTER] 16:18:39.903 [Thread-3] ERROR ExternalProcessHandler - 	at sun.reflect.DelegatingMethodAccessorImpl.invoke(DelegatingMethodAccessorImpl.java:43)

	at java.lang.reflect.Method.invoke(Method.java:498)
[MASTER] 16:18:39.903 [Thread-3] ERROR ExternalProcessHandler - 	at java.lang.reflect.Method.invoke(Method.java:498)

	at sun.rmi.server.UnicastServerRef.dispatch(UnicastServerRef.java:357)
[MASTER] 16:18:39.903 [Thread-3] ERROR ExternalProcessHandler - 	at sun.rmi.server.UnicastServerRef.dispatch(UnicastServerRef.java:357)

	at sun.rmi.transport.Transport$1.run(Transport.java:200)
[MASTER] 16:18:39.903 [Thread-3] ERROR ExternalProcessHandler - 	at sun.rmi.transport.Transport$1.run(Transport.java:200)

	at sun.rmi.transport.Transport$1.run(Transport.java:197)
[MASTER] 16:18:39.903 [Thread-3] ERROR ExternalProcessHandler - 	at sun.rmi.transport.Transport$1.run(Transport.java:197)

	at java.security.AccessController.doPrivileged(Native Method)
[MASTER] 16:18:39.904 [Thread-3] ERROR ExternalProcessHandler - 	at java.security.AccessController.doPrivileged(Native Method)

	at sun.rmi.transport.Transport.serviceCall(Transport.java:196)
[MASTER] 16:18:39.904 [Thread-3] ERROR ExternalProcessHandler - 	at sun.rmi.transport.Transport.serviceCall(Transport.java:196)

	at sun.rmi.transport.tcp.TCPTransport.handleMessages(TCPTransport.java:573)
[MASTER] 16:18:39.904 [Thread-3] ERROR ExternalProcessHandler - 	at sun.rmi.transport.tcp.TCPTransport.handleMessages(TCPTransport.java:573)

	at sun.rmi.transport.tcp.TCPTransport$ConnectionHandler.run0(TCPTransport.java:834)
[MASTER] 16:18:39.904 [Thread-3] ERROR ExternalProcessHandler - 	at sun.rmi.transport.tcp.TCPTransport$ConnectionHandler.run0(TCPTransport.java:834)

	at sun.rmi.transport.tcp.TCPTransport$ConnectionHandler.lambda$run$0(TCPTransport.java:688)
[MASTER] 16:18:39.904 [Thread-3] ERROR ExternalProcessHandler - 	at sun.rmi.transport.tcp.TCPTransport$ConnectionHandler.lambda$run$0(TCPTransport.java:688)

	at java.security.AccessController.doPrivileged(Native Method)
[MASTER] 16:18:39.904 [Thread-3] ERROR ExternalProcessHandler - 	at java.security.AccessController.doPrivileged(Native Method)

	at sun.rmi.transport.tcp.TCPTransport$ConnectionHandler.run(TCPTransport.java:687)
[MASTER] 16:18:39.905 [Thread-3] ERROR ExternalProcessHandler - 	at sun.rmi.transport.tcp.TCPTransport$ConnectionHandler.run(TCPTransport.java:687)

	at java.util.concurrent.ThreadPoolExecutor.runWorker(ThreadPoolExecutor.java:1149)
[MASTER] 16:18:39.905 [Thread-3] ERROR ExternalProcessHandler - 	at java.util.concurrent.ThreadPoolExecutor.runWorker(ThreadPoolExecutor.java:1149)

	at java.util.concurrent.ThreadPoolExecutor$Worker.run(ThreadPoolExecutor.java:624)
[MASTER] 16:18:39.905 [Thread-3] ERROR ExternalProcessHandler - 	at java.util.concurrent.ThreadPoolExecutor$Worker.run(ThreadPoolExecutor.java:624)

	at java.lang.Thread.run(Thread.java:748)
[MASTER] 16:18:39.905 [Thread-3] ERROR ExternalProcessHandler - 	at java.lang.Thread.run(Thread.java:748)

	at sun.rmi.transport.StreamRemoteCall.exceptionReceivedFromServer(StreamRemoteCall.java:303)
[MASTER] 16:18:39.905 [Thread-3] ERROR ExternalProcessHandler - 	at sun.rmi.transport.StreamRemoteCall.exceptionReceivedFromServer(StreamRemoteCall.java:303)

	at sun.rmi.transport.StreamRemoteCall.executeCall(StreamRemoteCall.java:279)
[MASTER] 16:18:39.905 [Thread-3] ERROR ExternalProcessHandler - 	at sun.rmi.transport.StreamRemoteCall.executeCall(StreamRemoteCall.java:279)

	at sun.rmi.server.UnicastRef.invoke(UnicastRef.java:164)
[MASTER] 16:18:39.905 [Thread-3] ERROR ExternalProcessHandler - 	at sun.rmi.server.UnicastRef.invoke(UnicastRef.java:164)

	at java.rmi.server.RemoteObjectInvocationHandler.invokeRemoteMethod(RemoteObjectInvocationHandler.java:235)
[MASTER] 16:18:39.906 [Thread-3] ERROR ExternalProcessHandler - 	at java.rmi.server.RemoteObjectInvocationHandler.invokeRemoteMethod(RemoteObjectInvocationHandler.java:235)

	at java.rmi.server.RemoteObjectInvocationHandler.invoke(RemoteObjectInvocationHandler.java:180)
[MASTER] 16:18:39.906 [Thread-3] ERROR ExternalProcessHandler - 	at java.rmi.server.RemoteObjectInvocationHandler.invoke(RemoteObjectInvocationHandler.java:180)

	at com.sun.proxy.$Proxy7.evosuite_collectStatistics(Unknown Source)
[MASTER] 16:18:39.906 [Thread-3] ERROR ExternalProcessHandler - 	at com.sun.proxy.$Proxy7.evosuite_collectStatistics(Unknown Source)

	at org.evosuite.rmi.service.ClientNodeImpl.updateStatistics(ClientNodeImpl.java:237)
[MASTER] 16:18:39.906 [Thread-3] ERROR ExternalProcessHandler - 	at org.evosuite.rmi.service.ClientNodeImpl.updateStatistics(ClientNodeImpl.java:237)

	at org.evosuite.statistics.StatisticsSender.sendIndividualToMaster(StatisticsSender.java:75)
[MASTER] 16:18:39.906 [Thread-3] ERROR ExternalProcessHandler - 	at org.evosuite.statistics.StatisticsSender.sendIndividualToMaster(StatisticsSender.java:75)

	at org.evosuite.statistics.StatisticsListener$1.run(StatisticsListener.java:71)
[MASTER] 16:18:39.907 [Thread-3] ERROR ExternalProcessHandler - 	at org.evosuite.statistics.StatisticsListener$1.run(StatisticsListener.java:71)

Aug 20, 2020 8:18:40 AM org.openqa.selenium.remote.ProtocolHandshake createSession
[MASTER] 16:18:40.566 [Thread-3] ERROR ExternalProcessHandler - Aug 20, 2020 8:18:40 AM org.openqa.selenium.remote.ProtocolHandshake createSession

INFO: Detected dialect: OSS
[MASTER] 16:18:40.567 [Thread-3] ERROR ExternalProcessHandler - INFO: Detected dialect: OSS

Aug 20, 2020 8:18:41 AM org.openqa.selenium.remote.ProtocolHandshake createSession
[MASTER] 16:18:41.408 [Thread-3] ERROR ExternalProcessHandler - Aug 20, 2020 8:18:41 AM org.openqa.selenium.remote.ProtocolHandshake createSession

INFO: Detected dialect: OSS
[MASTER] 16:18:41.408 [Thread-3] ERROR ExternalProcessHandler - INFO: Detected dialect: OSS

Aug 20, 2020 8:18:42 AM org.openqa.selenium.remote.ProtocolHandshake createSession
[MASTER] 16:18:42.997 [Thread-3] ERROR ExternalProcessHandler - Aug 20, 2020 8:18:42 AM org.openqa.selenium.remote.ProtocolHandshake createSession

INFO: Detected dialect: OSS
[MASTER] 16:18:42.997 [Thread-3] ERROR ExternalProcessHandler - INFO: Detected dialect: OSS

Aug 20, 2020 8:18:44 AM po_utils.PageObjectLogging logInfo
[MASTER] 16:18:44.973 [Thread-3] ERROR ExternalProcessHandler - Aug 20, 2020 8:18:44 AM po_utils.PageObjectLogging logInfo

INFO: waitForElementBeingPresentOnPage timeout exception: unable to locate the element By.xpath: //button[text()="Create a new session"]
[MASTER] 16:18:44.974 [Thread-3] ERROR ExternalProcessHandler - INFO: waitForElementBeingPresentOnPage timeout exception: unable to locate the element By.xpath: //button[text()="Create a new session"]


[MASTER] 16:18:44.974 [Thread-3] ERROR ExternalProcessHandler - 


[MASTER] 16:18:44.974 [Thread-3] ERROR ExternalProcessHandler - 

Aug 20, 2020 8:18:45 AM org.openqa.selenium.remote.ProtocolHandshake createSession
[MASTER] 16:18:45.307 [Thread-3] ERROR ExternalProcessHandler - Aug 20, 2020 8:18:45 AM org.openqa.selenium.remote.ProtocolHandshake createSession

INFO: Detected dialect: OSS
[MASTER] 16:18:45.307 [Thread-3] ERROR ExternalProcessHandler - INFO: Detected dialect: OSS

Aug 20, 2020 8:18:46 AM org.openqa.selenium.remote.ProtocolHandshake createSession
[MASTER] 16:18:46.191 [Thread-3] ERROR ExternalProcessHandler - Aug 20, 2020 8:18:46 AM org.openqa.selenium.remote.ProtocolHandshake createSession

INFO: Detected dialect: OSS
[MASTER] 16:18:46.191 [Thread-3] ERROR ExternalProcessHandler - INFO: Detected dialect: OSS

Aug 20, 2020 8:18:47 AM org.openqa.selenium.remote.ProtocolHandshake createSession
[MASTER] 16:18:47.024 [Thread-3] ERROR ExternalProcessHandler - Aug 20, 2020 8:18:47 AM org.openqa.selenium.remote.ProtocolHandshake createSession

INFO: Detected dialect: OSS
[MASTER] 16:18:47.024 [Thread-3] ERROR ExternalProcessHandler - INFO: Detected dialect: OSS

Aug 20, 2020 8:18:48 AM org.openqa.selenium.remote.ProtocolHandshake createSession
[MASTER] 16:18:48.027 [Thread-3] ERROR ExternalProcessHandler - Aug 20, 2020 8:18:48 AM org.openqa.selenium.remote.ProtocolHandshake createSession

INFO: Detected dialect: OSS
[MASTER] 16:18:48.027 [Thread-3] ERROR ExternalProcessHandler - INFO: Detected dialect: OSS

Aug 20, 2020 8:18:48 AM org.openqa.selenium.remote.ProtocolHandshake createSession
[MASTER] 16:18:48.833 [Thread-3] ERROR ExternalProcessHandler - Aug 20, 2020 8:18:48 AM org.openqa.selenium.remote.ProtocolHandshake createSession

INFO: Detected dialect: OSS
[MASTER] 16:18:48.833 [Thread-3] ERROR ExternalProcessHandler - INFO: Detected dialect: OSS

Aug 20, 2020 8:18:49 AM org.openqa.selenium.remote.ProtocolHandshake createSession
[MASTER] 16:18:49.833 [Thread-3] ERROR ExternalProcessHandler - Aug 20, 2020 8:18:49 AM org.openqa.selenium.remote.ProtocolHandshake createSession

INFO: Detected dialect: OSS
[MASTER] 16:18:49.833 [Thread-3] ERROR ExternalProcessHandler - INFO: Detected dialect: OSS

Aug 20, 2020 8:18:51 AM org.openqa.selenium.remote.ProtocolHandshake createSession
[MASTER] 16:18:51.159 [Thread-3] ERROR ExternalProcessHandler - Aug 20, 2020 8:18:51 AM org.openqa.selenium.remote.ProtocolHandshake createSession

INFO: Detected dialect: OSS
[MASTER] 16:18:51.159 [Thread-3] ERROR ExternalProcessHandler - INFO: Detected dialect: OSS

Aug 20, 2020 8:18:52 AM org.openqa.selenium.remote.ProtocolHandshake createSession
[MASTER] 16:18:52.689 [Thread-3] ERROR ExternalProcessHandler - Aug 20, 2020 8:18:52 AM org.openqa.selenium.remote.ProtocolHandshake createSession

INFO: Detected dialect: OSS
[MASTER] 16:18:52.690 [Thread-3] ERROR ExternalProcessHandler - INFO: Detected dialect: OSS

Aug 20, 2020 8:18:53 AM org.openqa.selenium.remote.ProtocolHandshake createSession
[MASTER] 16:18:53.598 [Thread-3] ERROR ExternalProcessHandler - Aug 20, 2020 8:18:53 AM org.openqa.selenium.remote.ProtocolHandshake createSession

INFO: Detected dialect: OSS
[MASTER] 16:18:53.598 [Thread-3] ERROR ExternalProcessHandler - INFO: Detected dialect: OSS

Aug 20, 2020 8:18:54 AM org.openqa.selenium.remote.ProtocolHandshake createSession
[MASTER] 16:18:54.550 [Thread-3] ERROR ExternalProcessHandler - Aug 20, 2020 8:18:54 AM org.openqa.selenium.remote.ProtocolHandshake createSession

INFO: Detected dialect: OSS
[MASTER] 16:18:54.551 [Thread-3] ERROR ExternalProcessHandler - INFO: Detected dialect: OSS

Aug 20, 2020 8:18:55 AM org.openqa.selenium.remote.ProtocolHandshake createSession
[MASTER] 16:18:55.508 [Thread-3] ERROR ExternalProcessHandler - Aug 20, 2020 8:18:55 AM org.openqa.selenium.remote.ProtocolHandshake createSession

INFO: Detected dialect: OSS
[MASTER] 16:18:55.508 [Thread-3] ERROR ExternalProcessHandler - INFO: Detected dialect: OSS

Aug 20, 2020 8:18:56 AM org.openqa.selenium.remote.ProtocolHandshake createSession
[MASTER] 16:18:56.459 [Thread-3] ERROR ExternalProcessHandler - Aug 20, 2020 8:18:56 AM org.openqa.selenium.remote.ProtocolHandshake createSession

INFO: Detected dialect: OSS
[MASTER] 16:18:56.459 [Thread-3] ERROR ExternalProcessHandler - INFO: Detected dialect: OSS

Aug 20, 2020 8:18:57 AM org.openqa.selenium.remote.ProtocolHandshake createSession
[MASTER] 16:18:57.506 [Thread-3] ERROR ExternalProcessHandler - Aug 20, 2020 8:18:57 AM org.openqa.selenium.remote.ProtocolHandshake createSession

INFO: Detected dialect: OSS
[MASTER] 16:18:57.506 [Thread-3] ERROR ExternalProcessHandler - INFO: Detected dialect: OSS

Aug 20, 2020 8:18:58 AM org.openqa.selenium.remote.ProtocolHandshake createSession
[MASTER] 16:18:58.426 [Thread-3] ERROR ExternalProcessHandler - Aug 20, 2020 8:18:58 AM org.openqa.selenium.remote.ProtocolHandshake createSession

INFO: Detected dialect: OSS
[MASTER] 16:18:58.426 [Thread-3] ERROR ExternalProcessHandler - INFO: Detected dialect: OSS

Aug 20, 2020 8:19:01 AM org.openqa.selenium.remote.ProtocolHandshake createSession
[MASTER] 16:19:01.950 [Thread-3] ERROR ExternalProcessHandler - Aug 20, 2020 8:19:01 AM org.openqa.selenium.remote.ProtocolHandshake createSession

INFO: Detected dialect: OSS
[MASTER] 16:19:01.950 [Thread-3] ERROR ExternalProcessHandler - INFO: Detected dialect: OSS

Aug 20, 2020 8:19:09 AM org.openqa.selenium.remote.ProtocolHandshake createSession
[MASTER] 16:19:09.555 [Thread-3] ERROR ExternalProcessHandler - Aug 20, 2020 8:19:09 AM org.openqa.selenium.remote.ProtocolHandshake createSession

INFO: Detected dialect: OSS
[MASTER] 16:19:09.555 [Thread-3] ERROR ExternalProcessHandler - INFO: Detected dialect: OSS

Aug 20, 2020 8:19:21 AM org.openqa.selenium.remote.ProtocolHandshake createSession
[MASTER] 16:19:21.241 [Thread-3] ERROR ExternalProcessHandler - Aug 20, 2020 8:19:21 AM org.openqa.selenium.remote.ProtocolHandshake createSession

INFO: Detected dialect: OSS
[MASTER] 16:19:21.241 [Thread-3] ERROR ExternalProcessHandler - INFO: Detected dialect: OSS

[MASTER] 16:19:36.847 [logback-2] ERROR TestCaseExecutor - TG: Exception caught: 
java.lang.IllegalStateException: Test generation failed: page object bug.
	at org.evosuite.testcase.execution.TestCaseExecutor.runTest(TestCaseExecutor.java:322) ~[evosuite-client-1.0.4-SNAPSHOT.jar:na]
	at org.evosuite.testcase.TestFitnessFunction.runTest(TestFitnessFunction.java:91) [evosuite-client-1.0.4-SNAPSHOT.jar:na]
	at org.evosuite.testcase.TestFitnessFunction.getFitness(TestFitnessFunction.java:60) [evosuite-client-1.0.4-SNAPSHOT.jar:na]
	at org.evosuite.testcase.TestFitnessFunction.getFitness(TestFitnessFunction.java:34) [evosuite-client-1.0.4-SNAPSHOT.jar:na]
	at org.evosuite.ga.metaheuristics.mosa.MOSA.calculateFitness(MOSA.java:155) [evosuite-client-1.0.4-SNAPSHOT.jar:na]
	at org.evosuite.ga.metaheuristics.mosa.AbstractMOSA.calculateFitness(AbstractMOSA.java:327) [evosuite-client-1.0.4-SNAPSHOT.jar:na]
	at org.evosuite.ga.metaheuristics.mosa.AbstractMOSA.initializePopulation(AbstractMOSA.java:437) [evosuite-client-1.0.4-SNAPSHOT.jar:na]
	at org.evosuite.ga.metaheuristics.mosa.MOSA.generateSolution(MOSA.java:194) [evosuite-client-1.0.4-SNAPSHOT.jar:na]
	at org.evosuite.strategy.MOSuiteStrategy.generateTests(MOSuiteStrategy.java:127) [evosuite-client-1.0.4-SNAPSHOT.jar:na]
	at org.evosuite.TestSuiteGenerator.generateTests(TestSuiteGenerator.java:654) [evosuite-client-1.0.4-SNAPSHOT.jar:na]
	at org.evosuite.TestSuiteGenerator.generateTestSuite(TestSuiteGenerator.java:213) [evosuite-client-1.0.4-SNAPSHOT.jar:na]
	at org.evosuite.rmi.service.ClientNodeImpl$1.run(ClientNodeImpl.java:145) [evosuite-client-1.0.4-SNAPSHOT.jar:na]
	at java.util.concurrent.Executors$RunnableAdapter.call(Executors.java:511) [na:1.8.0_265]
	at java.util.concurrent.FutureTask.run(FutureTask.java:266) [na:1.8.0_265]
	at java.util.concurrent.ThreadPoolExecutor.runWorker(ThreadPoolExecutor.java:1149) [na:1.8.0_265]
	at java.util.concurrent.ThreadPoolExecutor$Worker.run(ThreadPoolExecutor.java:624) [na:1.8.0_265]
	at java.lang.Thread.run(Thread.java:748) [na:1.8.0_265]
Aug 20, 2020 8:19:37 AM org.openqa.selenium.remote.ProtocolHandshake createSession
[MASTER] 16:19:37.043 [Thread-3] ERROR ExternalProcessHandler - Aug 20, 2020 8:19:37 AM org.openqa.selenium.remote.ProtocolHandshake createSession

INFO: Detected dialect: OSS
[MASTER] 16:19:37.044 [Thread-3] ERROR ExternalProcessHandler - INFO: Detected dialect: OSS

Aug 20, 2020 8:19:38 AM org.openqa.selenium.remote.ProtocolHandshake createSession
[MASTER] 16:19:38.905 [Thread-3] ERROR ExternalProcessHandler - Aug 20, 2020 8:19:38 AM org.openqa.selenium.remote.ProtocolHandshake createSession

INFO: Detected dialect: OSS
[MASTER] 16:19:38.905 [Thread-3] ERROR ExternalProcessHandler - INFO: Detected dialect: OSS

Aug 20, 2020 8:19:39 AM org.openqa.selenium.remote.ProtocolHandshake createSession
[MASTER] 16:19:39.895 [Thread-3] ERROR ExternalProcessHandler - Aug 20, 2020 8:19:39 AM org.openqa.selenium.remote.ProtocolHandshake createSession

INFO: Detected dialect: OSS
[MASTER] 16:19:39.895 [Thread-3] ERROR ExternalProcessHandler - INFO: Detected dialect: OSS

Aug 20, 2020 8:19:40 AM org.openqa.selenium.remote.ProtocolHandshake createSession
[MASTER] 16:19:40.774 [Thread-3] ERROR ExternalProcessHandler - Aug 20, 2020 8:19:40 AM org.openqa.selenium.remote.ProtocolHandshake createSession

INFO: Detected dialect: OSS
[MASTER] 16:19:40.774 [Thread-3] ERROR ExternalProcessHandler - INFO: Detected dialect: OSS

Aug 20, 2020 8:19:42 AM org.openqa.selenium.remote.ProtocolHandshake createSession
[MASTER] 16:19:42.537 [Thread-3] ERROR ExternalProcessHandler - Aug 20, 2020 8:19:42 AM org.openqa.selenium.remote.ProtocolHandshake createSession

INFO: Detected dialect: OSS
[MASTER] 16:19:42.537 [Thread-3] ERROR ExternalProcessHandler - INFO: Detected dialect: OSS

Aug 20, 2020 8:19:44 AM org.openqa.selenium.remote.ProtocolHandshake createSession
[MASTER] 16:19:44.501 [Thread-3] ERROR ExternalProcessHandler - Aug 20, 2020 8:19:44 AM org.openqa.selenium.remote.ProtocolHandshake createSession

INFO: Detected dialect: OSS
[MASTER] 16:19:44.501 [Thread-3] ERROR ExternalProcessHandler - INFO: Detected dialect: OSS

Aug 20, 2020 8:19:45 AM org.openqa.selenium.remote.ProtocolHandshake createSession
[MASTER] 16:19:45.361 [Thread-3] ERROR ExternalProcessHandler - Aug 20, 2020 8:19:45 AM org.openqa.selenium.remote.ProtocolHandshake createSession

INFO: Detected dialect: OSS
[MASTER] 16:19:45.362 [Thread-3] ERROR ExternalProcessHandler - INFO: Detected dialect: OSS

Aug 20, 2020 8:19:46 AM org.openqa.selenium.remote.ProtocolHandshake createSession
[MASTER] 16:19:46.275 [Thread-3] ERROR ExternalProcessHandler - Aug 20, 2020 8:19:46 AM org.openqa.selenium.remote.ProtocolHandshake createSession

INFO: Detected dialect: OSS
[MASTER] 16:19:46.275 [Thread-3] ERROR ExternalProcessHandler - INFO: Detected dialect: OSS

Aug 20, 2020 8:19:47 AM org.openqa.selenium.remote.ProtocolHandshake createSession
[MASTER] 16:19:47.206 [Thread-3] ERROR ExternalProcessHandler - Aug 20, 2020 8:19:47 AM org.openqa.selenium.remote.ProtocolHandshake createSession

INFO: Detected dialect: OSS
[MASTER] 16:19:47.207 [Thread-3] ERROR ExternalProcessHandler - INFO: Detected dialect: OSS

Aug 20, 2020 8:19:49 AM org.openqa.selenium.remote.ProtocolHandshake createSession
[MASTER] 16:19:49.748 [Thread-3] ERROR ExternalProcessHandler - Aug 20, 2020 8:19:49 AM org.openqa.selenium.remote.ProtocolHandshake createSession

INFO: Detected dialect: OSS
[MASTER] 16:19:49.748 [Thread-3] ERROR ExternalProcessHandler - INFO: Detected dialect: OSS

Aug 20, 2020 8:19:51 AM org.openqa.selenium.remote.ProtocolHandshake createSession
[MASTER] 16:19:51.197 [Thread-3] ERROR ExternalProcessHandler - Aug 20, 2020 8:19:51 AM org.openqa.selenium.remote.ProtocolHandshake createSession

INFO: Detected dialect: OSS
[MASTER] 16:19:51.197 [Thread-3] ERROR ExternalProcessHandler - INFO: Detected dialect: OSS

Aug 20, 2020 8:19:52 AM org.openqa.selenium.remote.ProtocolHandshake createSession
[MASTER] 16:19:52.094 [Thread-3] ERROR ExternalProcessHandler - Aug 20, 2020 8:19:52 AM org.openqa.selenium.remote.ProtocolHandshake createSession

INFO: Detected dialect: OSS
[MASTER] 16:19:52.094 [Thread-3] ERROR ExternalProcessHandler - INFO: Detected dialect: OSS

Aug 20, 2020 8:19:54 AM org.openqa.selenium.remote.ProtocolHandshake createSession
[MASTER] 16:19:54.459 [Thread-3] ERROR ExternalProcessHandler - Aug 20, 2020 8:19:54 AM org.openqa.selenium.remote.ProtocolHandshake createSession

INFO: Detected dialect: OSS
[MASTER] 16:19:54.459 [Thread-3] ERROR ExternalProcessHandler - INFO: Detected dialect: OSS

Aug 20, 2020 8:19:57 AM org.openqa.selenium.remote.ProtocolHandshake createSession
[MASTER] 16:19:57.985 [Thread-3] ERROR ExternalProcessHandler - Aug 20, 2020 8:19:57 AM org.openqa.selenium.remote.ProtocolHandshake createSession

INFO: Detected dialect: OSS
[MASTER] 16:19:57.985 [Thread-3] ERROR ExternalProcessHandler - INFO: Detected dialect: OSS

Aug 20, 2020 8:20:04 AM org.openqa.selenium.remote.ProtocolHandshake createSession
[MASTER] 16:20:04.846 [Thread-3] ERROR ExternalProcessHandler - Aug 20, 2020 8:20:04 AM org.openqa.selenium.remote.ProtocolHandshake createSession

INFO: Detected dialect: OSS
[MASTER] 16:20:04.846 [Thread-3] ERROR ExternalProcessHandler - INFO: Detected dialect: OSS

Aug 20, 2020 8:20:14 AM org.openqa.selenium.remote.ProtocolHandshake createSession
[MASTER] 16:20:14.862 [Thread-3] ERROR ExternalProcessHandler - Aug 20, 2020 8:20:14 AM org.openqa.selenium.remote.ProtocolHandshake createSession

INFO: Detected dialect: OSS
[MASTER] 16:20:14.863 [Thread-3] ERROR ExternalProcessHandler - INFO: Detected dialect: OSS

[MASTER] 16:20:27.731 [logback-2] ERROR TestCaseExecutor - TG: Exception caught: 
java.lang.IllegalStateException: Test generation failed: page object bug.
	at org.evosuite.testcase.execution.TestCaseExecutor.runTest(TestCaseExecutor.java:322) ~[evosuite-client-1.0.4-SNAPSHOT.jar:na]
	at org.evosuite.testcase.TestFitnessFunction.runTest(TestFitnessFunction.java:91) [evosuite-client-1.0.4-SNAPSHOT.jar:na]
	at org.evosuite.testcase.TestFitnessFunction.getFitness(TestFitnessFunction.java:60) [evosuite-client-1.0.4-SNAPSHOT.jar:na]
	at org.evosuite.testcase.TestFitnessFunction.getFitness(TestFitnessFunction.java:34) [evosuite-client-1.0.4-SNAPSHOT.jar:na]
	at org.evosuite.ga.metaheuristics.mosa.MOSA.calculateFitness(MOSA.java:155) [evosuite-client-1.0.4-SNAPSHOT.jar:na]
	at org.evosuite.ga.metaheuristics.mosa.AbstractMOSA.calculateFitness(AbstractMOSA.java:327) [evosuite-client-1.0.4-SNAPSHOT.jar:na]
	at org.evosuite.ga.metaheuristics.mosa.AbstractMOSA.initializePopulation(AbstractMOSA.java:437) [evosuite-client-1.0.4-SNAPSHOT.jar:na]
	at org.evosuite.ga.metaheuristics.mosa.MOSA.generateSolution(MOSA.java:194) [evosuite-client-1.0.4-SNAPSHOT.jar:na]
	at org.evosuite.strategy.MOSuiteStrategy.generateTests(MOSuiteStrategy.java:127) [evosuite-client-1.0.4-SNAPSHOT.jar:na]
	at org.evosuite.TestSuiteGenerator.generateTests(TestSuiteGenerator.java:654) [evosuite-client-1.0.4-SNAPSHOT.jar:na]
	at org.evosuite.TestSuiteGenerator.generateTestSuite(TestSuiteGenerator.java:213) [evosuite-client-1.0.4-SNAPSHOT.jar:na]
	at org.evosuite.rmi.service.ClientNodeImpl$1.run(ClientNodeImpl.java:145) [evosuite-client-1.0.4-SNAPSHOT.jar:na]
	at java.util.concurrent.Executors$RunnableAdapter.call(Executors.java:511) [na:1.8.0_265]
	at java.util.concurrent.FutureTask.run(FutureTask.java:266) [na:1.8.0_265]
	at java.util.concurrent.ThreadPoolExecutor.runWorker(ThreadPoolExecutor.java:1149) [na:1.8.0_265]
	at java.util.concurrent.ThreadPoolExecutor$Worker.run(ThreadPoolExecutor.java:624) [na:1.8.0_265]
	at java.lang.Thread.run(Thread.java:748) [na:1.8.0_265]
Aug 20, 2020 8:20:27 AM org.openqa.selenium.remote.ProtocolHandshake createSession
[MASTER] 16:20:27.923 [Thread-3] ERROR ExternalProcessHandler - Aug 20, 2020 8:20:27 AM org.openqa.selenium.remote.ProtocolHandshake createSession

INFO: Detected dialect: OSS
[MASTER] 16:20:27.923 [Thread-3] ERROR ExternalProcessHandler - INFO: Detected dialect: OSS

Aug 20, 2020 8:20:28 AM org.openqa.selenium.remote.ProtocolHandshake createSession
[MASTER] 16:20:28.779 [Thread-3] ERROR ExternalProcessHandler - Aug 20, 2020 8:20:28 AM org.openqa.selenium.remote.ProtocolHandshake createSession

INFO: Detected dialect: OSS
[MASTER] 16:20:28.779 [Thread-3] ERROR ExternalProcessHandler - INFO: Detected dialect: OSS

Aug 20, 2020 8:20:29 AM org.openqa.selenium.remote.ProtocolHandshake createSession
[MASTER] 16:20:29.915 [Thread-3] ERROR ExternalProcessHandler - Aug 20, 2020 8:20:29 AM org.openqa.selenium.remote.ProtocolHandshake createSession

INFO: Detected dialect: OSS
[MASTER] 16:20:29.915 [Thread-3] ERROR ExternalProcessHandler - INFO: Detected dialect: OSS

Aug 20, 2020 8:20:31 AM org.openqa.selenium.remote.ProtocolHandshake createSession
[MASTER] 16:20:31.309 [Thread-3] ERROR ExternalProcessHandler - Aug 20, 2020 8:20:31 AM org.openqa.selenium.remote.ProtocolHandshake createSession

INFO: Detected dialect: OSS
[MASTER] 16:20:31.309 [Thread-3] ERROR ExternalProcessHandler - INFO: Detected dialect: OSS

Aug 20, 2020 8:20:32 AM org.openqa.selenium.remote.ProtocolHandshake createSession
[MASTER] 16:20:32.997 [Thread-3] ERROR ExternalProcessHandler - Aug 20, 2020 8:20:32 AM org.openqa.selenium.remote.ProtocolHandshake createSession

INFO: Detected dialect: OSS
[MASTER] 16:20:32.997 [Thread-3] ERROR ExternalProcessHandler - INFO: Detected dialect: OSS

Aug 20, 2020 8:20:33 AM org.openqa.selenium.remote.ProtocolHandshake createSession
[MASTER] 16:20:33.832 [Thread-3] ERROR ExternalProcessHandler - Aug 20, 2020 8:20:33 AM org.openqa.selenium.remote.ProtocolHandshake createSession

INFO: Detected dialect: OSS
[MASTER] 16:20:33.833 [Thread-3] ERROR ExternalProcessHandler - INFO: Detected dialect: OSS

Aug 20, 2020 8:20:36 AM org.openqa.selenium.remote.ProtocolHandshake createSession
[MASTER] 16:20:36.708 [Thread-3] ERROR ExternalProcessHandler - Aug 20, 2020 8:20:36 AM org.openqa.selenium.remote.ProtocolHandshake createSession

INFO: Detected dialect: OSS
[MASTER] 16:20:36.708 [Thread-3] ERROR ExternalProcessHandler - INFO: Detected dialect: OSS

Aug 20, 2020 8:20:37 AM org.openqa.selenium.remote.ProtocolHandshake createSession
[MASTER] 16:20:37.614 [Thread-3] ERROR ExternalProcessHandler - Aug 20, 2020 8:20:37 AM org.openqa.selenium.remote.ProtocolHandshake createSession

INFO: Detected dialect: OSS
[MASTER] 16:20:37.614 [Thread-3] ERROR ExternalProcessHandler - INFO: Detected dialect: OSS

Aug 20, 2020 8:20:38 AM org.openqa.selenium.remote.ProtocolHandshake createSession
[MASTER] 16:20:38.571 [Thread-3] ERROR ExternalProcessHandler - Aug 20, 2020 8:20:38 AM org.openqa.selenium.remote.ProtocolHandshake createSession

INFO: Detected dialect: OSS
[MASTER] 16:20:38.571 [Thread-3] ERROR ExternalProcessHandler - INFO: Detected dialect: OSS

Aug 20, 2020 8:20:40 AM org.openqa.selenium.remote.ProtocolHandshake createSession
[MASTER] 16:20:40.467 [Thread-3] ERROR ExternalProcessHandler - Aug 20, 2020 8:20:40 AM org.openqa.selenium.remote.ProtocolHandshake createSession

INFO: Detected dialect: OSS
[MASTER] 16:20:40.468 [Thread-3] ERROR ExternalProcessHandler - INFO: Detected dialect: OSS

Aug 20, 2020 8:20:43 AM org.openqa.selenium.remote.ProtocolHandshake createSession
[MASTER] 16:20:43.751 [Thread-3] ERROR ExternalProcessHandler - Aug 20, 2020 8:20:43 AM org.openqa.selenium.remote.ProtocolHandshake createSession

INFO: Detected dialect: OSS
[MASTER] 16:20:43.751 [Thread-3] ERROR ExternalProcessHandler - INFO: Detected dialect: OSS

Aug 20, 2020 8:20:50 AM org.openqa.selenium.remote.ProtocolHandshake createSession
[MASTER] 16:20:50.378 [Thread-3] ERROR ExternalProcessHandler - Aug 20, 2020 8:20:50 AM org.openqa.selenium.remote.ProtocolHandshake createSession

INFO: Detected dialect: OSS
[MASTER] 16:20:50.379 [Thread-3] ERROR ExternalProcessHandler - INFO: Detected dialect: OSS

Aug 20, 2020 8:21:00 AM org.openqa.selenium.remote.ProtocolHandshake createSession
[MASTER] 16:21:00.424 [Thread-3] ERROR ExternalProcessHandler - Aug 20, 2020 8:21:00 AM org.openqa.selenium.remote.ProtocolHandshake createSession

INFO: Detected dialect: OSS
[MASTER] 16:21:00.425 [Thread-3] ERROR ExternalProcessHandler - INFO: Detected dialect: OSS

[MASTER] 16:21:13.498 [logback-2] ERROR TestCaseExecutor - TG: Exception caught: 
java.lang.IllegalStateException: Test generation failed: page object bug.
	at org.evosuite.testcase.execution.TestCaseExecutor.runTest(TestCaseExecutor.java:322) ~[evosuite-client-1.0.4-SNAPSHOT.jar:na]
	at org.evosuite.testcase.TestFitnessFunction.runTest(TestFitnessFunction.java:91) [evosuite-client-1.0.4-SNAPSHOT.jar:na]
	at org.evosuite.testcase.TestFitnessFunction.getFitness(TestFitnessFunction.java:60) [evosuite-client-1.0.4-SNAPSHOT.jar:na]
	at org.evosuite.testcase.TestFitnessFunction.getFitness(TestFitnessFunction.java:34) [evosuite-client-1.0.4-SNAPSHOT.jar:na]
	at org.evosuite.ga.metaheuristics.mosa.MOSA.calculateFitness(MOSA.java:155) [evosuite-client-1.0.4-SNAPSHOT.jar:na]
	at org.evosuite.ga.metaheuristics.mosa.AbstractMOSA.calculateFitness(AbstractMOSA.java:327) [evosuite-client-1.0.4-SNAPSHOT.jar:na]
	at org.evosuite.ga.metaheuristics.mosa.AbstractMOSA.initializePopulation(AbstractMOSA.java:437) [evosuite-client-1.0.4-SNAPSHOT.jar:na]
	at org.evosuite.ga.metaheuristics.mosa.MOSA.generateSolution(MOSA.java:194) [evosuite-client-1.0.4-SNAPSHOT.jar:na]
	at org.evosuite.strategy.MOSuiteStrategy.generateTests(MOSuiteStrategy.java:127) [evosuite-client-1.0.4-SNAPSHOT.jar:na]
	at org.evosuite.TestSuiteGenerator.generateTests(TestSuiteGenerator.java:654) [evosuite-client-1.0.4-SNAPSHOT.jar:na]
	at org.evosuite.TestSuiteGenerator.generateTestSuite(TestSuiteGenerator.java:213) [evosuite-client-1.0.4-SNAPSHOT.jar:na]
	at org.evosuite.rmi.service.ClientNodeImpl$1.run(ClientNodeImpl.java:145) [evosuite-client-1.0.4-SNAPSHOT.jar:na]
	at java.util.concurrent.Executors$RunnableAdapter.call(Executors.java:511) [na:1.8.0_265]
	at java.util.concurrent.FutureTask.run(FutureTask.java:266) [na:1.8.0_265]
	at java.util.concurrent.ThreadPoolExecutor.runWorker(ThreadPoolExecutor.java:1149) [na:1.8.0_265]
	at java.util.concurrent.ThreadPoolExecutor$Worker.run(ThreadPoolExecutor.java:624) [na:1.8.0_265]
	at java.lang.Thread.run(Thread.java:748) [na:1.8.0_265]
Aug 20, 2020 8:21:13 AM org.openqa.selenium.remote.ProtocolHandshake createSession
[MASTER] 16:21:13.690 [Thread-3] ERROR ExternalProcessHandler - Aug 20, 2020 8:21:13 AM org.openqa.selenium.remote.ProtocolHandshake createSession

INFO: Detected dialect: OSS
[MASTER] 16:21:13.690 [Thread-3] ERROR ExternalProcessHandler - INFO: Detected dialect: OSS

Aug 20, 2020 8:21:14 AM org.openqa.selenium.remote.ProtocolHandshake createSession
[MASTER] 16:21:14.520 [Thread-3] ERROR ExternalProcessHandler - Aug 20, 2020 8:21:14 AM org.openqa.selenium.remote.ProtocolHandshake createSession

INFO: Detected dialect: OSS
[MASTER] 16:21:14.520 [Thread-3] ERROR ExternalProcessHandler - INFO: Detected dialect: OSS

Aug 20, 2020 8:21:15 AM org.openqa.selenium.remote.ProtocolHandshake createSession
[MASTER] 16:21:15.458 [Thread-3] ERROR ExternalProcessHandler - Aug 20, 2020 8:21:15 AM org.openqa.selenium.remote.ProtocolHandshake createSession

INFO: Detected dialect: OSS
[MASTER] 16:21:15.458 [Thread-3] ERROR ExternalProcessHandler - INFO: Detected dialect: OSS

Aug 20, 2020 8:21:17 AM org.openqa.selenium.remote.ProtocolHandshake createSession
[MASTER] 16:21:17.856 [Thread-3] ERROR ExternalProcessHandler - Aug 20, 2020 8:21:17 AM org.openqa.selenium.remote.ProtocolHandshake createSession

INFO: Detected dialect: OSS
[MASTER] 16:21:17.856 [Thread-3] ERROR ExternalProcessHandler - INFO: Detected dialect: OSS

Aug 20, 2020 8:21:20 AM org.openqa.selenium.remote.ProtocolHandshake createSession
[MASTER] 16:21:20.483 [Thread-3] ERROR ExternalProcessHandler - Aug 20, 2020 8:21:20 AM org.openqa.selenium.remote.ProtocolHandshake createSession

INFO: Detected dialect: OSS
[MASTER] 16:21:20.483 [Thread-3] ERROR ExternalProcessHandler - INFO: Detected dialect: OSS

Aug 20, 2020 8:21:21 AM org.openqa.selenium.remote.ProtocolHandshake createSession
[MASTER] 16:21:21.379 [Thread-3] ERROR ExternalProcessHandler - Aug 20, 2020 8:21:21 AM org.openqa.selenium.remote.ProtocolHandshake createSession

INFO: Detected dialect: OSS
[MASTER] 16:21:21.379 [Thread-3] ERROR ExternalProcessHandler - INFO: Detected dialect: OSS

Aug 20, 2020 8:21:24 AM po_utils.PageObjectLogging logInfo
[MASTER] 16:21:24.302 [Thread-3] ERROR ExternalProcessHandler - Aug 20, 2020 8:21:24 AM po_utils.PageObjectLogging logInfo

INFO: waitForElementBeingPresentOnPage timeout exception: unable to locate the element By.xpath: //button[text()="Create a new session"]
[MASTER] 16:21:24.303 [Thread-3] ERROR ExternalProcessHandler - INFO: waitForElementBeingPresentOnPage timeout exception: unable to locate the element By.xpath: //button[text()="Create a new session"]


[MASTER] 16:21:24.303 [Thread-3] ERROR ExternalProcessHandler - 


[MASTER] 16:21:24.303 [Thread-3] ERROR ExternalProcessHandler - 

Aug 20, 2020 8:21:26 AM org.openqa.selenium.remote.ProtocolHandshake createSession
[MASTER] 16:21:26.075 [Thread-3] ERROR ExternalProcessHandler - Aug 20, 2020 8:21:26 AM org.openqa.selenium.remote.ProtocolHandshake createSession

INFO: Detected dialect: OSS
[MASTER] 16:21:26.075 [Thread-3] ERROR ExternalProcessHandler - INFO: Detected dialect: OSS

Aug 20, 2020 8:21:26 AM org.openqa.selenium.remote.ProtocolHandshake createSession
[MASTER] 16:21:26.932 [Thread-3] ERROR ExternalProcessHandler - Aug 20, 2020 8:21:26 AM org.openqa.selenium.remote.ProtocolHandshake createSession

INFO: Detected dialect: OSS
[MASTER] 16:21:26.932 [Thread-3] ERROR ExternalProcessHandler - INFO: Detected dialect: OSS

Aug 20, 2020 8:21:28 AM org.openqa.selenium.remote.ProtocolHandshake createSession
[MASTER] 16:21:28.152 [Thread-3] ERROR ExternalProcessHandler - Aug 20, 2020 8:21:28 AM org.openqa.selenium.remote.ProtocolHandshake createSession

INFO: Detected dialect: OSS
[MASTER] 16:21:28.152 [Thread-3] ERROR ExternalProcessHandler - INFO: Detected dialect: OSS

Aug 20, 2020 8:21:30 AM org.openqa.selenium.remote.ProtocolHandshake createSession
[MASTER] 16:21:30.449 [Thread-3] ERROR ExternalProcessHandler - Aug 20, 2020 8:21:30 AM org.openqa.selenium.remote.ProtocolHandshake createSession

INFO: Detected dialect: OSS
[MASTER] 16:21:30.450 [Thread-3] ERROR ExternalProcessHandler - INFO: Detected dialect: OSS

Aug 20, 2020 8:21:33 AM org.openqa.selenium.remote.ProtocolHandshake createSession
[MASTER] 16:21:33.817 [Thread-3] ERROR ExternalProcessHandler - Aug 20, 2020 8:21:33 AM org.openqa.selenium.remote.ProtocolHandshake createSession

INFO: Detected dialect: OSS
[MASTER] 16:21:33.817 [Thread-3] ERROR ExternalProcessHandler - INFO: Detected dialect: OSS

Aug 20, 2020 8:21:40 AM org.openqa.selenium.remote.ProtocolHandshake createSession
[MASTER] 16:21:40.554 [Thread-3] ERROR ExternalProcessHandler - Aug 20, 2020 8:21:40 AM org.openqa.selenium.remote.ProtocolHandshake createSession

INFO: Detected dialect: OSS
[MASTER] 16:21:40.554 [Thread-3] ERROR ExternalProcessHandler - INFO: Detected dialect: OSS

Aug 20, 2020 8:21:50 AM org.openqa.selenium.remote.ProtocolHandshake createSession
[MASTER] 16:21:50.653 [Thread-3] ERROR ExternalProcessHandler - Aug 20, 2020 8:21:50 AM org.openqa.selenium.remote.ProtocolHandshake createSession

INFO: Detected dialect: OSS
[MASTER] 16:21:50.653 [Thread-3] ERROR ExternalProcessHandler - INFO: Detected dialect: OSS

[MASTER] 16:22:03.767 [logback-2] ERROR TestCaseExecutor - TG: Exception caught: 
java.lang.IllegalStateException: Test generation failed: page object bug.
	at org.evosuite.testcase.execution.TestCaseExecutor.runTest(TestCaseExecutor.java:322) ~[evosuite-client-1.0.4-SNAPSHOT.jar:na]
	at org.evosuite.testcase.TestFitnessFunction.runTest(TestFitnessFunction.java:91) [evosuite-client-1.0.4-SNAPSHOT.jar:na]
	at org.evosuite.testcase.TestFitnessFunction.getFitness(TestFitnessFunction.java:60) [evosuite-client-1.0.4-SNAPSHOT.jar:na]
	at org.evosuite.testcase.TestFitnessFunction.getFitness(TestFitnessFunction.java:34) [evosuite-client-1.0.4-SNAPSHOT.jar:na]
	at org.evosuite.ga.metaheuristics.mosa.MOSA.calculateFitness(MOSA.java:155) [evosuite-client-1.0.4-SNAPSHOT.jar:na]
	at org.evosuite.ga.metaheuristics.mosa.AbstractMOSA.breedNextGeneration(AbstractMOSA.java:144) [evosuite-client-1.0.4-SNAPSHOT.jar:na]
	at org.evosuite.ga.metaheuristics.mosa.MOSA.evolve(MOSA.java:89) [evosuite-client-1.0.4-SNAPSHOT.jar:na]
	at org.evosuite.ga.metaheuristics.mosa.MOSA.generateSolution(MOSA.java:205) [evosuite-client-1.0.4-SNAPSHOT.jar:na]
	at org.evosuite.strategy.MOSuiteStrategy.generateTests(MOSuiteStrategy.java:127) [evosuite-client-1.0.4-SNAPSHOT.jar:na]
	at org.evosuite.TestSuiteGenerator.generateTests(TestSuiteGenerator.java:654) [evosuite-client-1.0.4-SNAPSHOT.jar:na]
	at org.evosuite.TestSuiteGenerator.generateTestSuite(TestSuiteGenerator.java:213) [evosuite-client-1.0.4-SNAPSHOT.jar:na]
	at org.evosuite.rmi.service.ClientNodeImpl$1.run(ClientNodeImpl.java:145) [evosuite-client-1.0.4-SNAPSHOT.jar:na]
	at java.util.concurrent.Executors$RunnableAdapter.call(Executors.java:511) [na:1.8.0_265]
	at java.util.concurrent.FutureTask.run(FutureTask.java:266) [na:1.8.0_265]
	at java.util.concurrent.ThreadPoolExecutor.runWorker(ThreadPoolExecutor.java:1149) [na:1.8.0_265]
	at java.util.concurrent.ThreadPoolExecutor$Worker.run(ThreadPoolExecutor.java:624) [na:1.8.0_265]
	at java.lang.Thread.run(Thread.java:748) [na:1.8.0_265]
Aug 20, 2020 8:22:03 AM org.openqa.selenium.remote.ProtocolHandshake createSession
[MASTER] 16:22:03.916 [Thread-3] ERROR ExternalProcessHandler - Aug 20, 2020 8:22:03 AM org.openqa.selenium.remote.ProtocolHandshake createSession

INFO: Detected dialect: OSS
[MASTER] 16:22:03.917 [Thread-3] ERROR ExternalProcessHandler - INFO: Detected dialect: OSS

Aug 20, 2020 8:22:04 AM org.openqa.selenium.remote.ProtocolHandshake createSession
[MASTER] 16:22:04.969 [Thread-3] ERROR ExternalProcessHandler - Aug 20, 2020 8:22:04 AM org.openqa.selenium.remote.ProtocolHandshake createSession

INFO: Detected dialect: OSS
[MASTER] 16:22:04.969 [Thread-3] ERROR ExternalProcessHandler - INFO: Detected dialect: OSS

Aug 20, 2020 8:22:09 AM org.openqa.selenium.remote.ProtocolHandshake createSession
[MASTER] 16:22:09.400 [Thread-3] ERROR ExternalProcessHandler - Aug 20, 2020 8:22:09 AM org.openqa.selenium.remote.ProtocolHandshake createSession

INFO: Detected dialect: OSS
[MASTER] 16:22:09.401 [Thread-3] ERROR ExternalProcessHandler - INFO: Detected dialect: OSS

Aug 20, 2020 8:22:19 AM org.openqa.selenium.remote.ProtocolHandshake createSession
[MASTER] 16:22:19.986 [Thread-3] ERROR ExternalProcessHandler - Aug 20, 2020 8:22:19 AM org.openqa.selenium.remote.ProtocolHandshake createSession

INFO: Detected dialect: OSS
[MASTER] 16:22:19.986 [Thread-3] ERROR ExternalProcessHandler - INFO: Detected dialect: OSS

Aug 20, 2020 8:22:36 AM org.openqa.selenium.remote.ProtocolHandshake createSession
[MASTER] 16:22:36.510 [Thread-3] ERROR ExternalProcessHandler - Aug 20, 2020 8:22:36 AM org.openqa.selenium.remote.ProtocolHandshake createSession

INFO: Detected dialect: OSS
[MASTER] 16:22:36.510 [Thread-3] ERROR ExternalProcessHandler - INFO: Detected dialect: OSS

[MASTER] 16:22:59.006 [logback-2] ERROR TestCaseExecutor - TG: Exception caught: 
java.lang.IllegalStateException: Test generation failed: page object bug.
	at org.evosuite.testcase.execution.TestCaseExecutor.runTest(TestCaseExecutor.java:322) ~[evosuite-client-1.0.4-SNAPSHOT.jar:na]
	at org.evosuite.testcase.TestFitnessFunction.runTest(TestFitnessFunction.java:91) [evosuite-client-1.0.4-SNAPSHOT.jar:na]
	at org.evosuite.testcase.TestFitnessFunction.getFitness(TestFitnessFunction.java:60) [evosuite-client-1.0.4-SNAPSHOT.jar:na]
	at org.evosuite.testcase.TestFitnessFunction.getFitness(TestFitnessFunction.java:34) [evosuite-client-1.0.4-SNAPSHOT.jar:na]
	at org.evosuite.ga.metaheuristics.mosa.MOSA.calculateFitness(MOSA.java:155) [evosuite-client-1.0.4-SNAPSHOT.jar:na]
	at org.evosuite.ga.metaheuristics.mosa.AbstractMOSA.breedNextGeneration(AbstractMOSA.java:153) [evosuite-client-1.0.4-SNAPSHOT.jar:na]
	at org.evosuite.ga.metaheuristics.mosa.MOSA.evolve(MOSA.java:89) [evosuite-client-1.0.4-SNAPSHOT.jar:na]
	at org.evosuite.ga.metaheuristics.mosa.MOSA.generateSolution(MOSA.java:205) [evosuite-client-1.0.4-SNAPSHOT.jar:na]
	at org.evosuite.strategy.MOSuiteStrategy.generateTests(MOSuiteStrategy.java:127) [evosuite-client-1.0.4-SNAPSHOT.jar:na]
	at org.evosuite.TestSuiteGenerator.generateTests(TestSuiteGenerator.java:654) [evosuite-client-1.0.4-SNAPSHOT.jar:na]
	at org.evosuite.TestSuiteGenerator.generateTestSuite(TestSuiteGenerator.java:213) [evosuite-client-1.0.4-SNAPSHOT.jar:na]
	at org.evosuite.rmi.service.ClientNodeImpl$1.run(ClientNodeImpl.java:145) [evosuite-client-1.0.4-SNAPSHOT.jar:na]
	at java.util.concurrent.Executors$RunnableAdapter.call(Executors.java:511) [na:1.8.0_265]
	at java.util.concurrent.FutureTask.run(FutureTask.java:266) [na:1.8.0_265]
	at java.util.concurrent.ThreadPoolExecutor.runWorker(ThreadPoolExecutor.java:1149) [na:1.8.0_265]
	at java.util.concurrent.ThreadPoolExecutor$Worker.run(ThreadPoolExecutor.java:624) [na:1.8.0_265]
	at java.lang.Thread.run(Thread.java:748) [na:1.8.0_265]
Aug 20, 2020 8:22:59 AM org.openqa.selenium.remote.ProtocolHandshake createSession
[MASTER] 16:22:59.161 [Thread-3] ERROR ExternalProcessHandler - Aug 20, 2020 8:22:59 AM org.openqa.selenium.remote.ProtocolHandshake createSession

INFO: Detected dialect: OSS
[MASTER] 16:22:59.161 [Thread-3] ERROR ExternalProcessHandler - INFO: Detected dialect: OSS

Aug 20, 2020 8:23:02 AM org.openqa.selenium.remote.ProtocolHandshake createSession
[MASTER] 16:23:02.616 [Thread-3] ERROR ExternalProcessHandler - Aug 20, 2020 8:23:02 AM org.openqa.selenium.remote.ProtocolHandshake createSession

INFO: Detected dialect: OSS
[MASTER] 16:23:02.616 [Thread-3] ERROR ExternalProcessHandler - INFO: Detected dialect: OSS

Aug 20, 2020 8:23:12 AM org.openqa.selenium.remote.ProtocolHandshake createSession
[MASTER] 16:23:12.027 [Thread-3] ERROR ExternalProcessHandler - Aug 20, 2020 8:23:12 AM org.openqa.selenium.remote.ProtocolHandshake createSession

INFO: Detected dialect: OSS
[MASTER] 16:23:12.028 [Thread-3] ERROR ExternalProcessHandler - INFO: Detected dialect: OSS

Aug 20, 2020 8:23:27 AM org.openqa.selenium.remote.ProtocolHandshake createSession
[MASTER] 16:23:27.331 [Thread-3] ERROR ExternalProcessHandler - Aug 20, 2020 8:23:27 AM org.openqa.selenium.remote.ProtocolHandshake createSession

INFO: Detected dialect: OSS
[MASTER] 16:23:27.331 [Thread-3] ERROR ExternalProcessHandler - INFO: Detected dialect: OSS

[MASTER] 16:23:48.455 [logback-2] ERROR TestCaseExecutor - TG: Exception caught: 
java.lang.IllegalStateException: Test generation failed: page object bug.
	at org.evosuite.testcase.execution.TestCaseExecutor.runTest(TestCaseExecutor.java:322) ~[evosuite-client-1.0.4-SNAPSHOT.jar:na]
	at org.evosuite.testcase.TestFitnessFunction.runTest(TestFitnessFunction.java:91) [evosuite-client-1.0.4-SNAPSHOT.jar:na]
	at org.evosuite.testcase.TestFitnessFunction.getFitness(TestFitnessFunction.java:60) [evosuite-client-1.0.4-SNAPSHOT.jar:na]
	at org.evosuite.testcase.TestFitnessFunction.getFitness(TestFitnessFunction.java:34) [evosuite-client-1.0.4-SNAPSHOT.jar:na]
	at org.evosuite.ga.metaheuristics.mosa.MOSA.calculateFitness(MOSA.java:155) [evosuite-client-1.0.4-SNAPSHOT.jar:na]
	at org.evosuite.ga.metaheuristics.mosa.AbstractMOSA.breedNextGeneration(AbstractMOSA.java:144) [evosuite-client-1.0.4-SNAPSHOT.jar:na]
	at org.evosuite.ga.metaheuristics.mosa.MOSA.evolve(MOSA.java:89) [evosuite-client-1.0.4-SNAPSHOT.jar:na]
	at org.evosuite.ga.metaheuristics.mosa.MOSA.generateSolution(MOSA.java:205) [evosuite-client-1.0.4-SNAPSHOT.jar:na]
	at org.evosuite.strategy.MOSuiteStrategy.generateTests(MOSuiteStrategy.java:127) [evosuite-client-1.0.4-SNAPSHOT.jar:na]
	at org.evosuite.TestSuiteGenerator.generateTests(TestSuiteGenerator.java:654) [evosuite-client-1.0.4-SNAPSHOT.jar:na]
	at org.evosuite.TestSuiteGenerator.generateTestSuite(TestSuiteGenerator.java:213) [evosuite-client-1.0.4-SNAPSHOT.jar:na]
	at org.evosuite.rmi.service.ClientNodeImpl$1.run(ClientNodeImpl.java:145) [evosuite-client-1.0.4-SNAPSHOT.jar:na]
	at java.util.concurrent.Executors$RunnableAdapter.call(Executors.java:511) [na:1.8.0_265]
	at java.util.concurrent.FutureTask.run(FutureTask.java:266) [na:1.8.0_265]
	at java.util.concurrent.ThreadPoolExecutor.runWorker(ThreadPoolExecutor.java:1149) [na:1.8.0_265]
	at java.util.concurrent.ThreadPoolExecutor$Worker.run(ThreadPoolExecutor.java:624) [na:1.8.0_265]
	at java.lang.Thread.run(Thread.java:748) [na:1.8.0_265]
Aug 20, 2020 8:23:48 AM org.openqa.selenium.remote.ProtocolHandshake createSession
[MASTER] 16:23:48.645 [Thread-3] ERROR ExternalProcessHandler - Aug 20, 2020 8:23:48 AM org.openqa.selenium.remote.ProtocolHandshake createSession

INFO: Detected dialect: OSS
[MASTER] 16:23:48.645 [Thread-3] ERROR ExternalProcessHandler - INFO: Detected dialect: OSS

Aug 20, 2020 8:23:52 AM po_utils.PageObjectLogging logInfo
[MASTER] 16:23:52.432 [Thread-3] ERROR ExternalProcessHandler - Aug 20, 2020 8:23:52 AM po_utils.PageObjectLogging logInfo

INFO: waitForElementBeingPresentOnPage timeout exception: unable to locate the element By.xpath: //button[text()="Create a new session"]
[MASTER] 16:23:52.433 [Thread-3] ERROR ExternalProcessHandler - INFO: waitForElementBeingPresentOnPage timeout exception: unable to locate the element By.xpath: //button[text()="Create a new session"]


[MASTER] 16:23:52.433 [Thread-3] ERROR ExternalProcessHandler - 


[MASTER] 16:23:52.433 [Thread-3] ERROR ExternalProcessHandler - 

Aug 20, 2020 8:23:53 AM org.openqa.selenium.remote.ProtocolHandshake createSession
[MASTER] 16:23:53.233 [Thread-3] ERROR ExternalProcessHandler - Aug 20, 2020 8:23:53 AM org.openqa.selenium.remote.ProtocolHandshake createSession

INFO: Detected dialect: OSS
[MASTER] 16:23:53.234 [Thread-3] ERROR ExternalProcessHandler - INFO: Detected dialect: OSS

Aug 20, 2020 8:24:01 AM po_utils.PageObjectLogging logInfo
[MASTER] 16:24:01.621 [Thread-3] ERROR ExternalProcessHandler - Aug 20, 2020 8:24:01 AM po_utils.PageObjectLogging logInfo

INFO: waitForElementBeingPresentOnPage timeout exception: unable to locate the element By.xpath: //button[text()="Create a new session"]
[MASTER] 16:24:01.622 [Thread-3] ERROR ExternalProcessHandler - INFO: waitForElementBeingPresentOnPage timeout exception: unable to locate the element By.xpath: //button[text()="Create a new session"]


[MASTER] 16:24:01.622 [Thread-3] ERROR ExternalProcessHandler - 


[MASTER] 16:24:01.622 [Thread-3] ERROR ExternalProcessHandler - 

Aug 20, 2020 8:24:03 AM org.openqa.selenium.remote.ProtocolHandshake createSession
[MASTER] 16:24:03.035 [Thread-3] ERROR ExternalProcessHandler - Aug 20, 2020 8:24:03 AM org.openqa.selenium.remote.ProtocolHandshake createSession

INFO: Detected dialect: OSS
[MASTER] 16:24:03.035 [Thread-3] ERROR ExternalProcessHandler - INFO: Detected dialect: OSS

Aug 20, 2020 8:24:15 AM po_utils.PageObjectLogging logInfo
[MASTER] 16:24:15.949 [Thread-3] ERROR ExternalProcessHandler - Aug 20, 2020 8:24:15 AM po_utils.PageObjectLogging logInfo

INFO: waitForElementBeingPresentOnPage timeout exception: unable to locate the element By.xpath: //button[text()="Create a new session"]
[MASTER] 16:24:15.950 [Thread-3] ERROR ExternalProcessHandler - INFO: waitForElementBeingPresentOnPage timeout exception: unable to locate the element By.xpath: //button[text()="Create a new session"]


[MASTER] 16:24:15.950 [Thread-3] ERROR ExternalProcessHandler - 


[MASTER] 16:24:15.950 [Thread-3] ERROR ExternalProcessHandler - 

Aug 20, 2020 8:24:17 AM org.openqa.selenium.remote.ProtocolHandshake createSession
[MASTER] 16:24:17.950 [Thread-3] ERROR ExternalProcessHandler - Aug 20, 2020 8:24:17 AM org.openqa.selenium.remote.ProtocolHandshake createSession

INFO: Detected dialect: OSS
[MASTER] 16:24:17.950 [Thread-3] ERROR ExternalProcessHandler - INFO: Detected dialect: OSS

Aug 20, 2020 8:24:35 AM po_utils.PageObjectLogging logInfo
[MASTER] 16:24:35.295 [Thread-3] ERROR ExternalProcessHandler - Aug 20, 2020 8:24:35 AM po_utils.PageObjectLogging logInfo

INFO: waitForElementBeingPresentOnPage timeout exception: unable to locate the element By.xpath: //button[text()="Create a new session"]
[MASTER] 16:24:35.296 [Thread-3] ERROR ExternalProcessHandler - INFO: waitForElementBeingPresentOnPage timeout exception: unable to locate the element By.xpath: //button[text()="Create a new session"]


[MASTER] 16:24:35.296 [Thread-3] ERROR ExternalProcessHandler - 


[MASTER] 16:24:35.296 [Thread-3] ERROR ExternalProcessHandler - 

[MASTER] 16:24:37.799 [logback-2] ERROR TestCaseExecutor - TG: Exception caught: 
java.lang.IllegalStateException: Test generation failed: page object bug.
	at org.evosuite.testcase.execution.TestCaseExecutor.runTest(TestCaseExecutor.java:322) ~[evosuite-client-1.0.4-SNAPSHOT.jar:na]
	at org.evosuite.testcase.TestFitnessFunction.runTest(TestFitnessFunction.java:91) [evosuite-client-1.0.4-SNAPSHOT.jar:na]
	at org.evosuite.testcase.TestFitnessFunction.getFitness(TestFitnessFunction.java:60) [evosuite-client-1.0.4-SNAPSHOT.jar:na]
	at org.evosuite.testcase.TestFitnessFunction.getFitness(TestFitnessFunction.java:34) [evosuite-client-1.0.4-SNAPSHOT.jar:na]
	at org.evosuite.ga.metaheuristics.mosa.MOSA.calculateFitness(MOSA.java:155) [evosuite-client-1.0.4-SNAPSHOT.jar:na]
	at org.evosuite.ga.metaheuristics.mosa.AbstractMOSA.breedNextGeneration(AbstractMOSA.java:153) [evosuite-client-1.0.4-SNAPSHOT.jar:na]
	at org.evosuite.ga.metaheuristics.mosa.MOSA.evolve(MOSA.java:89) [evosuite-client-1.0.4-SNAPSHOT.jar:na]
	at org.evosuite.ga.metaheuristics.mosa.MOSA.generateSolution(MOSA.java:205) [evosuite-client-1.0.4-SNAPSHOT.jar:na]
	at org.evosuite.strategy.MOSuiteStrategy.generateTests(MOSuiteStrategy.java:127) [evosuite-client-1.0.4-SNAPSHOT.jar:na]
	at org.evosuite.TestSuiteGenerator.generateTests(TestSuiteGenerator.java:654) [evosuite-client-1.0.4-SNAPSHOT.jar:na]
	at org.evosuite.TestSuiteGenerator.generateTestSuite(TestSuiteGenerator.java:213) [evosuite-client-1.0.4-SNAPSHOT.jar:na]
	at org.evosuite.rmi.service.ClientNodeImpl$1.run(ClientNodeImpl.java:145) [evosuite-client-1.0.4-SNAPSHOT.jar:na]
	at java.util.concurrent.Executors$RunnableAdapter.call(Executors.java:511) [na:1.8.0_265]
	at java.util.concurrent.FutureTask.run(FutureTask.java:266) [na:1.8.0_265]
	at java.util.concurrent.ThreadPoolExecutor.runWorker(ThreadPoolExecutor.java:1149) [na:1.8.0_265]
	at java.util.concurrent.ThreadPoolExecutor$Worker.run(ThreadPoolExecutor.java:624) [na:1.8.0_265]
	at java.lang.Thread.run(Thread.java:748) [na:1.8.0_265]
Aug 20, 2020 8:24:37 AM org.openqa.selenium.remote.ProtocolHandshake createSession
[MASTER] 16:24:37.991 [Thread-3] ERROR ExternalProcessHandler - Aug 20, 2020 8:24:37 AM org.openqa.selenium.remote.ProtocolHandshake createSession

INFO: Detected dialect: OSS
[MASTER] 16:24:37.991 [Thread-3] ERROR ExternalProcessHandler - INFO: Detected dialect: OSS

Aug 20, 2020 8:24:39 AM org.openqa.selenium.remote.ProtocolHandshake createSession
[MASTER] 16:24:39.204 [Thread-3] ERROR ExternalProcessHandler - Aug 20, 2020 8:24:39 AM org.openqa.selenium.remote.ProtocolHandshake createSession

INFO: Detected dialect: OSS
[MASTER] 16:24:39.204 [Thread-3] ERROR ExternalProcessHandler - INFO: Detected dialect: OSS

Aug 20, 2020 8:24:41 AM org.openqa.selenium.remote.ProtocolHandshake createSession
[MASTER] 16:24:41.645 [Thread-3] ERROR ExternalProcessHandler - Aug 20, 2020 8:24:41 AM org.openqa.selenium.remote.ProtocolHandshake createSession

INFO: Detected dialect: OSS
[MASTER] 16:24:41.645 [Thread-3] ERROR ExternalProcessHandler - INFO: Detected dialect: OSS

Aug 20, 2020 8:24:42 AM org.openqa.selenium.remote.ProtocolHandshake createSession
[MASTER] 16:24:42.778 [Thread-3] ERROR ExternalProcessHandler - Aug 20, 2020 8:24:42 AM org.openqa.selenium.remote.ProtocolHandshake createSession

INFO: Detected dialect: OSS
[MASTER] 16:24:42.779 [Thread-3] ERROR ExternalProcessHandler - INFO: Detected dialect: OSS

Aug 20, 2020 8:24:44 AM org.openqa.selenium.remote.ProtocolHandshake createSession
[MASTER] 16:24:44.054 [Thread-3] ERROR ExternalProcessHandler - Aug 20, 2020 8:24:44 AM org.openqa.selenium.remote.ProtocolHandshake createSession

INFO: Detected dialect: OSS
[MASTER] 16:24:44.055 [Thread-3] ERROR ExternalProcessHandler - INFO: Detected dialect: OSS

Aug 20, 2020 8:24:45 AM org.openqa.selenium.remote.ProtocolHandshake createSession
[MASTER] 16:24:45.634 [Thread-3] ERROR ExternalProcessHandler - Aug 20, 2020 8:24:45 AM org.openqa.selenium.remote.ProtocolHandshake createSession

INFO: Detected dialect: OSS
[MASTER] 16:24:45.635 [Thread-3] ERROR ExternalProcessHandler - INFO: Detected dialect: OSS

Aug 20, 2020 8:24:46 AM org.openqa.selenium.remote.ProtocolHandshake createSession
[MASTER] 16:24:46.486 [Thread-3] ERROR ExternalProcessHandler - Aug 20, 2020 8:24:46 AM org.openqa.selenium.remote.ProtocolHandshake createSession

INFO: Detected dialect: OSS
[MASTER] 16:24:46.486 [Thread-3] ERROR ExternalProcessHandler - INFO: Detected dialect: OSS

Aug 20, 2020 8:24:47 AM org.openqa.selenium.remote.ProtocolHandshake createSession
[MASTER] 16:24:47.363 [Thread-3] ERROR ExternalProcessHandler - Aug 20, 2020 8:24:47 AM org.openqa.selenium.remote.ProtocolHandshake createSession

INFO: Detected dialect: OSS
[MASTER] 16:24:47.363 [Thread-3] ERROR ExternalProcessHandler - INFO: Detected dialect: OSS

Aug 20, 2020 8:24:48 AM org.openqa.selenium.remote.ProtocolHandshake createSession
[MASTER] 16:24:48.506 [Thread-3] ERROR ExternalProcessHandler - Aug 20, 2020 8:24:48 AM org.openqa.selenium.remote.ProtocolHandshake createSession

INFO: Detected dialect: OSS
[MASTER] 16:24:48.506 [Thread-3] ERROR ExternalProcessHandler - INFO: Detected dialect: OSS

Aug 20, 2020 8:24:49 AM org.openqa.selenium.remote.ProtocolHandshake createSession
[MASTER] 16:24:49.811 [Thread-3] ERROR ExternalProcessHandler - Aug 20, 2020 8:24:49 AM org.openqa.selenium.remote.ProtocolHandshake createSession

INFO: Detected dialect: OSS
[MASTER] 16:24:49.811 [Thread-3] ERROR ExternalProcessHandler - INFO: Detected dialect: OSS

Aug 20, 2020 8:24:50 AM org.openqa.selenium.remote.ProtocolHandshake createSession
[MASTER] 16:24:50.947 [Thread-3] ERROR ExternalProcessHandler - Aug 20, 2020 8:24:50 AM org.openqa.selenium.remote.ProtocolHandshake createSession

INFO: Detected dialect: OSS
[MASTER] 16:24:50.947 [Thread-3] ERROR ExternalProcessHandler - INFO: Detected dialect: OSS

Aug 20, 2020 8:24:55 AM org.openqa.selenium.remote.ProtocolHandshake createSession
[MASTER] 16:24:55.340 [Thread-3] ERROR ExternalProcessHandler - Aug 20, 2020 8:24:55 AM org.openqa.selenium.remote.ProtocolHandshake createSession

INFO: Detected dialect: OSS
[MASTER] 16:24:55.341 [Thread-3] ERROR ExternalProcessHandler - INFO: Detected dialect: OSS

Aug 20, 2020 8:25:07 AM org.openqa.selenium.remote.ProtocolHandshake createSession
[MASTER] 16:25:07.067 [Thread-3] ERROR ExternalProcessHandler - Aug 20, 2020 8:25:07 AM org.openqa.selenium.remote.ProtocolHandshake createSession

INFO: Detected dialect: OSS
[MASTER] 16:25:07.067 [Thread-3] ERROR ExternalProcessHandler - INFO: Detected dialect: OSS

Aug 20, 2020 8:25:26 AM org.openqa.selenium.remote.ProtocolHandshake createSession
[MASTER] 16:25:26.095 [Thread-3] ERROR ExternalProcessHandler - Aug 20, 2020 8:25:26 AM org.openqa.selenium.remote.ProtocolHandshake createSession

INFO: Detected dialect: OSS
[MASTER] 16:25:26.095 [Thread-3] ERROR ExternalProcessHandler - INFO: Detected dialect: OSS

[MASTER] 16:25:52.092 [logback-2] ERROR TestCaseExecutor - TG: Exception caught: 
java.lang.IllegalStateException: Test generation failed: page object bug.
	at org.evosuite.testcase.execution.TestCaseExecutor.runTest(TestCaseExecutor.java:322) ~[evosuite-client-1.0.4-SNAPSHOT.jar:na]
	at org.evosuite.testcase.TestFitnessFunction.runTest(TestFitnessFunction.java:91) [evosuite-client-1.0.4-SNAPSHOT.jar:na]
	at org.evosuite.testcase.TestFitnessFunction.getFitness(TestFitnessFunction.java:60) [evosuite-client-1.0.4-SNAPSHOT.jar:na]
	at org.evosuite.testcase.TestFitnessFunction.getFitness(TestFitnessFunction.java:34) [evosuite-client-1.0.4-SNAPSHOT.jar:na]
	at org.evosuite.ga.metaheuristics.mosa.MOSA.calculateFitness(MOSA.java:155) [evosuite-client-1.0.4-SNAPSHOT.jar:na]
	at org.evosuite.ga.metaheuristics.mosa.AbstractMOSA.breedNextGeneration(AbstractMOSA.java:144) [evosuite-client-1.0.4-SNAPSHOT.jar:na]
	at org.evosuite.ga.metaheuristics.mosa.MOSA.evolve(MOSA.java:89) [evosuite-client-1.0.4-SNAPSHOT.jar:na]
	at org.evosuite.ga.metaheuristics.mosa.MOSA.generateSolution(MOSA.java:205) [evosuite-client-1.0.4-SNAPSHOT.jar:na]
	at org.evosuite.strategy.MOSuiteStrategy.generateTests(MOSuiteStrategy.java:127) [evosuite-client-1.0.4-SNAPSHOT.jar:na]
	at org.evosuite.TestSuiteGenerator.generateTests(TestSuiteGenerator.java:654) [evosuite-client-1.0.4-SNAPSHOT.jar:na]
	at org.evosuite.TestSuiteGenerator.generateTestSuite(TestSuiteGenerator.java:213) [evosuite-client-1.0.4-SNAPSHOT.jar:na]
	at org.evosuite.rmi.service.ClientNodeImpl$1.run(ClientNodeImpl.java:145) [evosuite-client-1.0.4-SNAPSHOT.jar:na]
	at java.util.concurrent.Executors$RunnableAdapter.call(Executors.java:511) [na:1.8.0_265]
	at java.util.concurrent.FutureTask.run(FutureTask.java:266) [na:1.8.0_265]
	at java.util.concurrent.ThreadPoolExecutor.runWorker(ThreadPoolExecutor.java:1149) [na:1.8.0_265]
	at java.util.concurrent.ThreadPoolExecutor$Worker.run(ThreadPoolExecutor.java:624) [na:1.8.0_265]
	at java.lang.Thread.run(Thread.java:748) [na:1.8.0_265]
Aug 20, 2020 8:25:52 AM org.openqa.selenium.remote.ProtocolHandshake createSession
[MASTER] 16:25:52.281 [Thread-3] ERROR ExternalProcessHandler - Aug 20, 2020 8:25:52 AM org.openqa.selenium.remote.ProtocolHandshake createSession

INFO: Detected dialect: OSS
[MASTER] 16:25:52.281 [Thread-3] ERROR ExternalProcessHandler - INFO: Detected dialect: OSS

Aug 20, 2020 8:25:56 AM org.openqa.selenium.remote.ProtocolHandshake createSession
[MASTER] 16:25:56.016 [Thread-3] ERROR ExternalProcessHandler - Aug 20, 2020 8:25:56 AM org.openqa.selenium.remote.ProtocolHandshake createSession

INFO: Detected dialect: OSS
[MASTER] 16:25:56.016 [Thread-3] ERROR ExternalProcessHandler - INFO: Detected dialect: OSS

Aug 20, 2020 8:26:08 AM org.openqa.selenium.remote.ProtocolHandshake createSession
[MASTER] 16:26:08.383 [Thread-3] ERROR ExternalProcessHandler - Aug 20, 2020 8:26:08 AM org.openqa.selenium.remote.ProtocolHandshake createSession

INFO: Detected dialect: OSS
[MASTER] 16:26:08.384 [Thread-3] ERROR ExternalProcessHandler - INFO: Detected dialect: OSS

Aug 20, 2020 8:26:29 AM org.openqa.selenium.remote.ProtocolHandshake createSession
[MASTER] 16:26:29.310 [Thread-3] ERROR ExternalProcessHandler - Aug 20, 2020 8:26:29 AM org.openqa.selenium.remote.ProtocolHandshake createSession

INFO: Detected dialect: OSS
[MASTER] 16:26:29.310 [Thread-3] ERROR ExternalProcessHandler - INFO: Detected dialect: OSS

[MASTER] 16:26:58.924 [logback-2] ERROR TestCaseExecutor - TG: Exception caught: 
java.lang.IllegalStateException: Test generation failed: page object bug.
	at org.evosuite.testcase.execution.TestCaseExecutor.runTest(TestCaseExecutor.java:322) ~[evosuite-client-1.0.4-SNAPSHOT.jar:na]
	at org.evosuite.testcase.TestFitnessFunction.runTest(TestFitnessFunction.java:91) [evosuite-client-1.0.4-SNAPSHOT.jar:na]
	at org.evosuite.testcase.TestFitnessFunction.getFitness(TestFitnessFunction.java:60) [evosuite-client-1.0.4-SNAPSHOT.jar:na]
	at org.evosuite.testcase.TestFitnessFunction.getFitness(TestFitnessFunction.java:34) [evosuite-client-1.0.4-SNAPSHOT.jar:na]
	at org.evosuite.ga.metaheuristics.mosa.MOSA.calculateFitness(MOSA.java:155) [evosuite-client-1.0.4-SNAPSHOT.jar:na]
	at org.evosuite.ga.metaheuristics.mosa.AbstractMOSA.breedNextGeneration(AbstractMOSA.java:153) [evosuite-client-1.0.4-SNAPSHOT.jar:na]
	at org.evosuite.ga.metaheuristics.mosa.MOSA.evolve(MOSA.java:89) [evosuite-client-1.0.4-SNAPSHOT.jar:na]
	at org.evosuite.ga.metaheuristics.mosa.MOSA.generateSolution(MOSA.java:205) [evosuite-client-1.0.4-SNAPSHOT.jar:na]
	at org.evosuite.strategy.MOSuiteStrategy.generateTests(MOSuiteStrategy.java:127) [evosuite-client-1.0.4-SNAPSHOT.jar:na]
	at org.evosuite.TestSuiteGenerator.generateTests(TestSuiteGenerator.java:654) [evosuite-client-1.0.4-SNAPSHOT.jar:na]
	at org.evosuite.TestSuiteGenerator.generateTestSuite(TestSuiteGenerator.java:213) [evosuite-client-1.0.4-SNAPSHOT.jar:na]
	at org.evosuite.rmi.service.ClientNodeImpl$1.run(ClientNodeImpl.java:145) [evosuite-client-1.0.4-SNAPSHOT.jar:na]
	at java.util.concurrent.Executors$RunnableAdapter.call(Executors.java:511) [na:1.8.0_265]
	at java.util.concurrent.FutureTask.run(FutureTask.java:266) [na:1.8.0_265]
	at java.util.concurrent.ThreadPoolExecutor.runWorker(ThreadPoolExecutor.java:1149) [na:1.8.0_265]
	at java.util.concurrent.ThreadPoolExecutor$Worker.run(ThreadPoolExecutor.java:624) [na:1.8.0_265]
	at java.lang.Thread.run(Thread.java:748) [na:1.8.0_265]
Aug 20, 2020 8:26:59 AM org.openqa.selenium.remote.ProtocolHandshake createSession
[MASTER] 16:26:59.080 [Thread-3] ERROR ExternalProcessHandler - Aug 20, 2020 8:26:59 AM org.openqa.selenium.remote.ProtocolHandshake createSession

INFO: Detected dialect: OSS
[MASTER] 16:26:59.081 [Thread-3] ERROR ExternalProcessHandler - INFO: Detected dialect: OSS

Aug 20, 2020 8:27:00 AM org.openqa.selenium.remote.ProtocolHandshake createSession
[MASTER] 16:27:00.953 [Thread-3] ERROR ExternalProcessHandler - Aug 20, 2020 8:27:00 AM org.openqa.selenium.remote.ProtocolHandshake createSession

INFO: Detected dialect: OSS
[MASTER] 16:27:00.953 [Thread-3] ERROR ExternalProcessHandler - INFO: Detected dialect: OSS

Aug 20, 2020 8:27:04 AM org.openqa.selenium.remote.ProtocolHandshake createSession
[MASTER] 16:27:04.496 [Thread-3] ERROR ExternalProcessHandler - Aug 20, 2020 8:27:04 AM org.openqa.selenium.remote.ProtocolHandshake createSession

INFO: Detected dialect: OSS
[MASTER] 16:27:04.497 [Thread-3] ERROR ExternalProcessHandler - INFO: Detected dialect: OSS

Aug 20, 2020 8:27:12 AM org.openqa.selenium.remote.ProtocolHandshake createSession
[MASTER] 16:27:12.787 [Thread-3] ERROR ExternalProcessHandler - Aug 20, 2020 8:27:12 AM org.openqa.selenium.remote.ProtocolHandshake createSession

INFO: Detected dialect: OSS
[MASTER] 16:27:12.787 [Thread-3] ERROR ExternalProcessHandler - INFO: Detected dialect: OSS

Aug 20, 2020 8:27:25 AM org.openqa.selenium.remote.ProtocolHandshake createSession
[MASTER] 16:27:25.617 [Thread-3] ERROR ExternalProcessHandler - Aug 20, 2020 8:27:25 AM org.openqa.selenium.remote.ProtocolHandshake createSession

INFO: Detected dialect: OSS
[MASTER] 16:27:25.617 [Thread-3] ERROR ExternalProcessHandler - INFO: Detected dialect: OSS

[MASTER] 16:27:42.811 [logback-2] ERROR TestCaseExecutor - TG: Exception caught: 
java.lang.IllegalStateException: Test generation failed: page object bug.
	at org.evosuite.testcase.execution.TestCaseExecutor.runTest(TestCaseExecutor.java:322) ~[evosuite-client-1.0.4-SNAPSHOT.jar:na]
	at org.evosuite.testcase.TestFitnessFunction.runTest(TestFitnessFunction.java:91) [evosuite-client-1.0.4-SNAPSHOT.jar:na]
	at org.evosuite.testcase.TestFitnessFunction.getFitness(TestFitnessFunction.java:60) [evosuite-client-1.0.4-SNAPSHOT.jar:na]
	at org.evosuite.testcase.TestFitnessFunction.getFitness(TestFitnessFunction.java:34) [evosuite-client-1.0.4-SNAPSHOT.jar:na]
	at org.evosuite.ga.metaheuristics.mosa.MOSA.calculateFitness(MOSA.java:155) [evosuite-client-1.0.4-SNAPSHOT.jar:na]
	at org.evosuite.ga.metaheuristics.mosa.AbstractMOSA.breedNextGeneration(AbstractMOSA.java:153) [evosuite-client-1.0.4-SNAPSHOT.jar:na]
	at org.evosuite.ga.metaheuristics.mosa.MOSA.evolve(MOSA.java:89) [evosuite-client-1.0.4-SNAPSHOT.jar:na]
	at org.evosuite.ga.metaheuristics.mosa.MOSA.generateSolution(MOSA.java:205) [evosuite-client-1.0.4-SNAPSHOT.jar:na]
	at org.evosuite.strategy.MOSuiteStrategy.generateTests(MOSuiteStrategy.java:127) [evosuite-client-1.0.4-SNAPSHOT.jar:na]
	at org.evosuite.TestSuiteGenerator.generateTests(TestSuiteGenerator.java:654) [evosuite-client-1.0.4-SNAPSHOT.jar:na]
	at org.evosuite.TestSuiteGenerator.generateTestSuite(TestSuiteGenerator.java:213) [evosuite-client-1.0.4-SNAPSHOT.jar:na]
	at org.evosuite.rmi.service.ClientNodeImpl$1.run(ClientNodeImpl.java:145) [evosuite-client-1.0.4-SNAPSHOT.jar:na]
	at java.util.concurrent.Executors$RunnableAdapter.call(Executors.java:511) [na:1.8.0_265]
	at java.util.concurrent.FutureTask.run(FutureTask.java:266) [na:1.8.0_265]
	at java.util.concurrent.ThreadPoolExecutor.runWorker(ThreadPoolExecutor.java:1149) [na:1.8.0_265]
	at java.util.concurrent.ThreadPoolExecutor$Worker.run(ThreadPoolExecutor.java:624) [na:1.8.0_265]
	at java.lang.Thread.run(Thread.java:748) [na:1.8.0_265]
Aug 20, 2020 8:27:42 AM org.openqa.selenium.remote.ProtocolHandshake createSession
[MASTER] 16:27:43.000 [Thread-3] ERROR ExternalProcessHandler - Aug 20, 2020 8:27:42 AM org.openqa.selenium.remote.ProtocolHandshake createSession

INFO: Detected dialect: OSS
[MASTER] 16:27:43.000 [Thread-3] ERROR ExternalProcessHandler - INFO: Detected dialect: OSS

Aug 20, 2020 8:27:44 AM org.openqa.selenium.remote.ProtocolHandshake createSession
[MASTER] 16:27:44.146 [Thread-3] ERROR ExternalProcessHandler - Aug 20, 2020 8:27:44 AM org.openqa.selenium.remote.ProtocolHandshake createSession

INFO: Detected dialect: OSS
[MASTER] 16:27:44.146 [Thread-3] ERROR ExternalProcessHandler - INFO: Detected dialect: OSS

Aug 20, 2020 8:27:47 AM org.openqa.selenium.remote.ProtocolHandshake createSession
[MASTER] 16:27:47.565 [Thread-3] ERROR ExternalProcessHandler - Aug 20, 2020 8:27:47 AM org.openqa.selenium.remote.ProtocolHandshake createSession

INFO: Detected dialect: OSS
[MASTER] 16:27:47.566 [Thread-3] ERROR ExternalProcessHandler - INFO: Detected dialect: OSS

Aug 20, 2020 8:27:56 AM org.openqa.selenium.remote.ProtocolHandshake createSession
[MASTER] 16:27:56.564 [Thread-3] ERROR ExternalProcessHandler - Aug 20, 2020 8:27:56 AM org.openqa.selenium.remote.ProtocolHandshake createSession

INFO: Detected dialect: OSS
[MASTER] 16:27:56.564 [Thread-3] ERROR ExternalProcessHandler - INFO: Detected dialect: OSS

Aug 20, 2020 8:28:11 AM org.openqa.selenium.remote.ProtocolHandshake createSession
[MASTER] 16:28:11.108 [Thread-3] ERROR ExternalProcessHandler - Aug 20, 2020 8:28:11 AM org.openqa.selenium.remote.ProtocolHandshake createSession

INFO: Detected dialect: OSS
[MASTER] 16:28:11.108 [Thread-3] ERROR ExternalProcessHandler - INFO: Detected dialect: OSS

[MASTER] 16:28:31.171 [logback-2] ERROR TestCaseExecutor - TG: Exception caught: 
java.lang.IllegalStateException: Test generation failed: page object bug.
	at org.evosuite.testcase.execution.TestCaseExecutor.runTest(TestCaseExecutor.java:322) ~[evosuite-client-1.0.4-SNAPSHOT.jar:na]
	at org.evosuite.testcase.TestFitnessFunction.runTest(TestFitnessFunction.java:91) [evosuite-client-1.0.4-SNAPSHOT.jar:na]
	at org.evosuite.testcase.TestFitnessFunction.getFitness(TestFitnessFunction.java:60) [evosuite-client-1.0.4-SNAPSHOT.jar:na]
	at org.evosuite.testcase.TestFitnessFunction.getFitness(TestFitnessFunction.java:34) [evosuite-client-1.0.4-SNAPSHOT.jar:na]
	at org.evosuite.ga.metaheuristics.mosa.MOSA.calculateFitness(MOSA.java:155) [evosuite-client-1.0.4-SNAPSHOT.jar:na]
	at org.evosuite.ga.metaheuristics.mosa.AbstractMOSA.breedNextGeneration(AbstractMOSA.java:153) [evosuite-client-1.0.4-SNAPSHOT.jar:na]
	at org.evosuite.ga.metaheuristics.mosa.MOSA.evolve(MOSA.java:89) [evosuite-client-1.0.4-SNAPSHOT.jar:na]
	at org.evosuite.ga.metaheuristics.mosa.MOSA.generateSolution(MOSA.java:205) [evosuite-client-1.0.4-SNAPSHOT.jar:na]
	at org.evosuite.strategy.MOSuiteStrategy.generateTests(MOSuiteStrategy.java:127) [evosuite-client-1.0.4-SNAPSHOT.jar:na]
	at org.evosuite.TestSuiteGenerator.generateTests(TestSuiteGenerator.java:654) [evosuite-client-1.0.4-SNAPSHOT.jar:na]
	at org.evosuite.TestSuiteGenerator.generateTestSuite(TestSuiteGenerator.java:213) [evosuite-client-1.0.4-SNAPSHOT.jar:na]
	at org.evosuite.rmi.service.ClientNodeImpl$1.run(ClientNodeImpl.java:145) [evosuite-client-1.0.4-SNAPSHOT.jar:na]
	at java.util.concurrent.Executors$RunnableAdapter.call(Executors.java:511) [na:1.8.0_265]
	at java.util.concurrent.FutureTask.run(FutureTask.java:266) [na:1.8.0_265]
	at java.util.concurrent.ThreadPoolExecutor.runWorker(ThreadPoolExecutor.java:1149) [na:1.8.0_265]
	at java.util.concurrent.ThreadPoolExecutor$Worker.run(ThreadPoolExecutor.java:624) [na:1.8.0_265]
	at java.lang.Thread.run(Thread.java:748) [na:1.8.0_265]
Aug 20, 2020 8:28:31 AM org.openqa.selenium.remote.ProtocolHandshake createSession
[MASTER] 16:28:31.362 [Thread-3] ERROR ExternalProcessHandler - Aug 20, 2020 8:28:31 AM org.openqa.selenium.remote.ProtocolHandshake createSession

INFO: Detected dialect: OSS
[MASTER] 16:28:31.362 [Thread-3] ERROR ExternalProcessHandler - INFO: Detected dialect: OSS

Aug 20, 2020 8:28:34 AM org.openqa.selenium.remote.ProtocolHandshake createSession
[MASTER] 16:28:34.810 [Thread-3] ERROR ExternalProcessHandler - Aug 20, 2020 8:28:34 AM org.openqa.selenium.remote.ProtocolHandshake createSession

INFO: Detected dialect: OSS
[MASTER] 16:28:34.810 [Thread-3] ERROR ExternalProcessHandler - INFO: Detected dialect: OSS

Aug 20, 2020 8:28:44 AM org.openqa.selenium.remote.ProtocolHandshake createSession
[MASTER] 16:28:44.895 [Thread-3] ERROR ExternalProcessHandler - Aug 20, 2020 8:28:44 AM org.openqa.selenium.remote.ProtocolHandshake createSession

INFO: Detected dialect: OSS
[MASTER] 16:28:44.895 [Thread-3] ERROR ExternalProcessHandler - INFO: Detected dialect: OSS

Aug 20, 2020 8:29:01 AM org.openqa.selenium.remote.ProtocolHandshake createSession
[MASTER] 16:29:01.340 [Thread-3] ERROR ExternalProcessHandler - Aug 20, 2020 8:29:01 AM org.openqa.selenium.remote.ProtocolHandshake createSession

INFO: Detected dialect: OSS
[MASTER] 16:29:01.340 [Thread-3] ERROR ExternalProcessHandler - INFO: Detected dialect: OSS

[MASTER] 16:29:24.161 [logback-2] ERROR TestCaseExecutor - TG: Exception caught: 
java.lang.IllegalStateException: Test generation failed: page object bug.
	at org.evosuite.testcase.execution.TestCaseExecutor.runTest(TestCaseExecutor.java:322) ~[evosuite-client-1.0.4-SNAPSHOT.jar:na]
	at org.evosuite.testcase.TestFitnessFunction.runTest(TestFitnessFunction.java:91) [evosuite-client-1.0.4-SNAPSHOT.jar:na]
	at org.evosuite.testcase.TestFitnessFunction.getFitness(TestFitnessFunction.java:60) [evosuite-client-1.0.4-SNAPSHOT.jar:na]
	at org.evosuite.testcase.TestFitnessFunction.getFitness(TestFitnessFunction.java:34) [evosuite-client-1.0.4-SNAPSHOT.jar:na]
	at org.evosuite.ga.metaheuristics.mosa.MOSA.calculateFitness(MOSA.java:155) [evosuite-client-1.0.4-SNAPSHOT.jar:na]
	at org.evosuite.ga.metaheuristics.mosa.AbstractMOSA.breedNextGeneration(AbstractMOSA.java:144) [evosuite-client-1.0.4-SNAPSHOT.jar:na]
	at org.evosuite.ga.metaheuristics.mosa.MOSA.evolve(MOSA.java:89) [evosuite-client-1.0.4-SNAPSHOT.jar:na]
	at org.evosuite.ga.metaheuristics.mosa.MOSA.generateSolution(MOSA.java:205) [evosuite-client-1.0.4-SNAPSHOT.jar:na]
	at org.evosuite.strategy.MOSuiteStrategy.generateTests(MOSuiteStrategy.java:127) [evosuite-client-1.0.4-SNAPSHOT.jar:na]
	at org.evosuite.TestSuiteGenerator.generateTests(TestSuiteGenerator.java:654) [evosuite-client-1.0.4-SNAPSHOT.jar:na]
	at org.evosuite.TestSuiteGenerator.generateTestSuite(TestSuiteGenerator.java:213) [evosuite-client-1.0.4-SNAPSHOT.jar:na]
	at org.evosuite.rmi.service.ClientNodeImpl$1.run(ClientNodeImpl.java:145) [evosuite-client-1.0.4-SNAPSHOT.jar:na]
	at java.util.concurrent.Executors$RunnableAdapter.call(Executors.java:511) [na:1.8.0_265]
	at java.util.concurrent.FutureTask.run(FutureTask.java:266) [na:1.8.0_265]
	at java.util.concurrent.ThreadPoolExecutor.runWorker(ThreadPoolExecutor.java:1149) [na:1.8.0_265]
	at java.util.concurrent.ThreadPoolExecutor$Worker.run(ThreadPoolExecutor.java:624) [na:1.8.0_265]
	at java.lang.Thread.run(Thread.java:748) [na:1.8.0_265]
Aug 20, 2020 8:29:24 AM org.openqa.selenium.remote.ProtocolHandshake createSession
[MASTER] 16:29:24.350 [Thread-3] ERROR ExternalProcessHandler - Aug 20, 2020 8:29:24 AM org.openqa.selenium.remote.ProtocolHandshake createSession

INFO: Detected dialect: OSS
[MASTER] 16:29:24.350 [Thread-3] ERROR ExternalProcessHandler - INFO: Detected dialect: OSS

Aug 20, 2020 8:29:28 AM org.openqa.selenium.remote.ProtocolHandshake createSession
[MASTER] 16:29:28.356 [Thread-3] ERROR ExternalProcessHandler - Aug 20, 2020 8:29:28 AM org.openqa.selenium.remote.ProtocolHandshake createSession

INFO: Detected dialect: OSS
[MASTER] 16:29:28.357 [Thread-3] ERROR ExternalProcessHandler - INFO: Detected dialect: OSS

Aug 20, 2020 8:29:42 AM org.openqa.selenium.remote.ProtocolHandshake createSession
[MASTER] 16:29:42.445 [Thread-3] ERROR ExternalProcessHandler - Aug 20, 2020 8:29:42 AM org.openqa.selenium.remote.ProtocolHandshake createSession

INFO: Detected dialect: OSS
[MASTER] 16:29:42.445 [Thread-3] ERROR ExternalProcessHandler - INFO: Detected dialect: OSS

Aug 20, 2020 8:30:06 AM org.openqa.selenium.remote.ProtocolHandshake createSession
[MASTER] 16:30:06.350 [Thread-3] ERROR ExternalProcessHandler - Aug 20, 2020 8:30:06 AM org.openqa.selenium.remote.ProtocolHandshake createSession

INFO: Detected dialect: OSS
[MASTER] 16:30:06.350 [Thread-3] ERROR ExternalProcessHandler - INFO: Detected dialect: OSS

[MASTER] 16:30:40.270 [logback-2] ERROR TestCaseExecutor - TG: Exception caught: 
java.lang.IllegalStateException: Test generation failed: page object bug.
	at org.evosuite.testcase.execution.TestCaseExecutor.runTest(TestCaseExecutor.java:322) ~[evosuite-client-1.0.4-SNAPSHOT.jar:na]
	at org.evosuite.testcase.TestFitnessFunction.runTest(TestFitnessFunction.java:91) [evosuite-client-1.0.4-SNAPSHOT.jar:na]
	at org.evosuite.testcase.TestFitnessFunction.getFitness(TestFitnessFunction.java:60) [evosuite-client-1.0.4-SNAPSHOT.jar:na]
	at org.evosuite.testcase.TestFitnessFunction.getFitness(TestFitnessFunction.java:34) [evosuite-client-1.0.4-SNAPSHOT.jar:na]
	at org.evosuite.ga.metaheuristics.mosa.MOSA.calculateFitness(MOSA.java:155) [evosuite-client-1.0.4-SNAPSHOT.jar:na]
	at org.evosuite.ga.metaheuristics.mosa.AbstractMOSA.breedNextGeneration(AbstractMOSA.java:153) [evosuite-client-1.0.4-SNAPSHOT.jar:na]
	at org.evosuite.ga.metaheuristics.mosa.MOSA.evolve(MOSA.java:89) [evosuite-client-1.0.4-SNAPSHOT.jar:na]
	at org.evosuite.ga.metaheuristics.mosa.MOSA.generateSolution(MOSA.java:205) [evosuite-client-1.0.4-SNAPSHOT.jar:na]
	at org.evosuite.strategy.MOSuiteStrategy.generateTests(MOSuiteStrategy.java:127) [evosuite-client-1.0.4-SNAPSHOT.jar:na]
	at org.evosuite.TestSuiteGenerator.generateTests(TestSuiteGenerator.java:654) [evosuite-client-1.0.4-SNAPSHOT.jar:na]
	at org.evosuite.TestSuiteGenerator.generateTestSuite(TestSuiteGenerator.java:213) [evosuite-client-1.0.4-SNAPSHOT.jar:na]
	at org.evosuite.rmi.service.ClientNodeImpl$1.run(ClientNodeImpl.java:145) [evosuite-client-1.0.4-SNAPSHOT.jar:na]
	at java.util.concurrent.Executors$RunnableAdapter.call(Executors.java:511) [na:1.8.0_265]
	at java.util.concurrent.FutureTask.run(FutureTask.java:266) [na:1.8.0_265]
	at java.util.concurrent.ThreadPoolExecutor.runWorker(ThreadPoolExecutor.java:1149) [na:1.8.0_265]
	at java.util.concurrent.ThreadPoolExecutor$Worker.run(ThreadPoolExecutor.java:624) [na:1.8.0_265]
	at java.lang.Thread.run(Thread.java:748) [na:1.8.0_265]
Aug 20, 2020 8:30:40 AM org.openqa.selenium.remote.ProtocolHandshake createSession
[MASTER] 16:30:40.459 [Thread-3] ERROR ExternalProcessHandler - Aug 20, 2020 8:30:40 AM org.openqa.selenium.remote.ProtocolHandshake createSession

INFO: Detected dialect: OSS
[MASTER] 16:30:40.459 [Thread-3] ERROR ExternalProcessHandler - INFO: Detected dialect: OSS

Aug 20, 2020 8:30:41 AM org.openqa.selenium.remote.ProtocolHandshake createSession
[MASTER] 16:30:41.512 [Thread-3] ERROR ExternalProcessHandler - Aug 20, 2020 8:30:41 AM org.openqa.selenium.remote.ProtocolHandshake createSession

INFO: Detected dialect: OSS
[MASTER] 16:30:41.512 [Thread-3] ERROR ExternalProcessHandler - INFO: Detected dialect: OSS

Aug 20, 2020 8:30:47 AM org.openqa.selenium.remote.ProtocolHandshake createSession
[MASTER] 16:30:47.103 [Thread-3] ERROR ExternalProcessHandler - Aug 20, 2020 8:30:47 AM org.openqa.selenium.remote.ProtocolHandshake createSession

INFO: Detected dialect: OSS
[MASTER] 16:30:47.103 [Thread-3] ERROR ExternalProcessHandler - INFO: Detected dialect: OSS

Aug 20, 2020 8:31:00 AM org.openqa.selenium.remote.ProtocolHandshake createSession
[MASTER] 16:31:00.134 [Thread-3] ERROR ExternalProcessHandler - Aug 20, 2020 8:31:00 AM org.openqa.selenium.remote.ProtocolHandshake createSession

INFO: Detected dialect: OSS
[MASTER] 16:31:00.134 [Thread-3] ERROR ExternalProcessHandler - INFO: Detected dialect: OSS

Aug 20, 2020 8:31:20 AM org.openqa.selenium.remote.ProtocolHandshake createSession
[MASTER] 16:31:20.598 [Thread-3] ERROR ExternalProcessHandler - Aug 20, 2020 8:31:20 AM org.openqa.selenium.remote.ProtocolHandshake createSession

INFO: Detected dialect: OSS
[MASTER] 16:31:20.598 [Thread-3] ERROR ExternalProcessHandler - INFO: Detected dialect: OSS

[MASTER] 16:31:48.497 [logback-2] ERROR TestCaseExecutor - TG: Exception caught: 
java.lang.IllegalStateException: Test generation failed: page object bug.
	at org.evosuite.testcase.execution.TestCaseExecutor.runTest(TestCaseExecutor.java:322) ~[evosuite-client-1.0.4-SNAPSHOT.jar:na]
	at org.evosuite.testcase.TestFitnessFunction.runTest(TestFitnessFunction.java:91) [evosuite-client-1.0.4-SNAPSHOT.jar:na]
	at org.evosuite.testcase.TestFitnessFunction.getFitness(TestFitnessFunction.java:60) [evosuite-client-1.0.4-SNAPSHOT.jar:na]
	at org.evosuite.testcase.TestFitnessFunction.getFitness(TestFitnessFunction.java:34) [evosuite-client-1.0.4-SNAPSHOT.jar:na]
	at org.evosuite.ga.metaheuristics.mosa.MOSA.calculateFitness(MOSA.java:155) [evosuite-client-1.0.4-SNAPSHOT.jar:na]
	at org.evosuite.ga.metaheuristics.mosa.AbstractMOSA.breedNextGeneration(AbstractMOSA.java:153) [evosuite-client-1.0.4-SNAPSHOT.jar:na]
	at org.evosuite.ga.metaheuristics.mosa.MOSA.evolve(MOSA.java:89) [evosuite-client-1.0.4-SNAPSHOT.jar:na]
	at org.evosuite.ga.metaheuristics.mosa.MOSA.generateSolution(MOSA.java:205) [evosuite-client-1.0.4-SNAPSHOT.jar:na]
	at org.evosuite.strategy.MOSuiteStrategy.generateTests(MOSuiteStrategy.java:127) [evosuite-client-1.0.4-SNAPSHOT.jar:na]
	at org.evosuite.TestSuiteGenerator.generateTests(TestSuiteGenerator.java:654) [evosuite-client-1.0.4-SNAPSHOT.jar:na]
	at org.evosuite.TestSuiteGenerator.generateTestSuite(TestSuiteGenerator.java:213) [evosuite-client-1.0.4-SNAPSHOT.jar:na]
	at org.evosuite.rmi.service.ClientNodeImpl$1.run(ClientNodeImpl.java:145) [evosuite-client-1.0.4-SNAPSHOT.jar:na]
	at java.util.concurrent.Executors$RunnableAdapter.call(Executors.java:511) [na:1.8.0_265]
	at java.util.concurrent.FutureTask.run(FutureTask.java:266) [na:1.8.0_265]
	at java.util.concurrent.ThreadPoolExecutor.runWorker(ThreadPoolExecutor.java:1149) [na:1.8.0_265]
	at java.util.concurrent.ThreadPoolExecutor$Worker.run(ThreadPoolExecutor.java:624) [na:1.8.0_265]
	at java.lang.Thread.run(Thread.java:748) [na:1.8.0_265]
Aug 20, 2020 8:31:48 AM org.openqa.selenium.remote.ProtocolHandshake createSession
[MASTER] 16:31:48.683 [Thread-3] ERROR ExternalProcessHandler - Aug 20, 2020 8:31:48 AM org.openqa.selenium.remote.ProtocolHandshake createSession

INFO: Detected dialect: OSS
[MASTER] 16:31:48.683 [Thread-3] ERROR ExternalProcessHandler - INFO: Detected dialect: OSS

Aug 20, 2020 8:31:52 AM org.openqa.selenium.remote.ProtocolHandshake createSession
[MASTER] 16:31:52.223 [Thread-3] ERROR ExternalProcessHandler - Aug 20, 2020 8:31:52 AM org.openqa.selenium.remote.ProtocolHandshake createSession

INFO: Detected dialect: OSS
[MASTER] 16:31:52.224 [Thread-3] ERROR ExternalProcessHandler - INFO: Detected dialect: OSS

Aug 20, 2020 8:32:01 AM org.openqa.selenium.remote.ProtocolHandshake createSession
[MASTER] 16:32:01.518 [Thread-3] ERROR ExternalProcessHandler - Aug 20, 2020 8:32:01 AM org.openqa.selenium.remote.ProtocolHandshake createSession

INFO: Detected dialect: OSS
[MASTER] 16:32:01.518 [Thread-3] ERROR ExternalProcessHandler - INFO: Detected dialect: OSS

Aug 20, 2020 8:32:16 AM org.openqa.selenium.remote.ProtocolHandshake createSession
[MASTER] 16:32:16.313 [Thread-3] ERROR ExternalProcessHandler - Aug 20, 2020 8:32:16 AM org.openqa.selenium.remote.ProtocolHandshake createSession

INFO: Detected dialect: OSS
[MASTER] 16:32:16.313 [Thread-3] ERROR ExternalProcessHandler - INFO: Detected dialect: OSS

[MASTER] 16:32:36.610 [logback-2] ERROR TestCaseExecutor - TG: Exception caught: 
java.lang.IllegalStateException: Test generation failed: page object bug.
	at org.evosuite.testcase.execution.TestCaseExecutor.runTest(TestCaseExecutor.java:322) ~[evosuite-client-1.0.4-SNAPSHOT.jar:na]
	at org.evosuite.testcase.TestFitnessFunction.runTest(TestFitnessFunction.java:91) [evosuite-client-1.0.4-SNAPSHOT.jar:na]
	at org.evosuite.testcase.TestFitnessFunction.getFitness(TestFitnessFunction.java:60) [evosuite-client-1.0.4-SNAPSHOT.jar:na]
	at org.evosuite.testcase.TestFitnessFunction.getFitness(TestFitnessFunction.java:34) [evosuite-client-1.0.4-SNAPSHOT.jar:na]
	at org.evosuite.ga.metaheuristics.mosa.MOSA.calculateFitness(MOSA.java:155) [evosuite-client-1.0.4-SNAPSHOT.jar:na]
	at org.evosuite.ga.metaheuristics.mosa.AbstractMOSA.breedNextGeneration(AbstractMOSA.java:153) [evosuite-client-1.0.4-SNAPSHOT.jar:na]
	at org.evosuite.ga.metaheuristics.mosa.MOSA.evolve(MOSA.java:89) [evosuite-client-1.0.4-SNAPSHOT.jar:na]
	at org.evosuite.ga.metaheuristics.mosa.MOSA.generateSolution(MOSA.java:205) [evosuite-client-1.0.4-SNAPSHOT.jar:na]
	at org.evosuite.strategy.MOSuiteStrategy.generateTests(MOSuiteStrategy.java:127) [evosuite-client-1.0.4-SNAPSHOT.jar:na]
	at org.evosuite.TestSuiteGenerator.generateTests(TestSuiteGenerator.java:654) [evosuite-client-1.0.4-SNAPSHOT.jar:na]
	at org.evosuite.TestSuiteGenerator.generateTestSuite(TestSuiteGenerator.java:213) [evosuite-client-1.0.4-SNAPSHOT.jar:na]
	at org.evosuite.rmi.service.ClientNodeImpl$1.run(ClientNodeImpl.java:145) [evosuite-client-1.0.4-SNAPSHOT.jar:na]
	at java.util.concurrent.Executors$RunnableAdapter.call(Executors.java:511) [na:1.8.0_265]
	at java.util.concurrent.FutureTask.run(FutureTask.java:266) [na:1.8.0_265]
	at java.util.concurrent.ThreadPoolExecutor.runWorker(ThreadPoolExecutor.java:1149) [na:1.8.0_265]
	at java.util.concurrent.ThreadPoolExecutor$Worker.run(ThreadPoolExecutor.java:624) [na:1.8.0_265]
	at java.lang.Thread.run(Thread.java:748) [na:1.8.0_265]
Aug 20, 2020 8:32:36 AM org.openqa.selenium.remote.ProtocolHandshake createSession
[MASTER] 16:32:36.801 [Thread-3] ERROR ExternalProcessHandler - Aug 20, 2020 8:32:36 AM org.openqa.selenium.remote.ProtocolHandshake createSession

INFO: Detected dialect: OSS
[MASTER] 16:32:36.801 [Thread-3] ERROR ExternalProcessHandler - INFO: Detected dialect: OSS

Aug 20, 2020 8:32:38 AM org.openqa.selenium.remote.ProtocolHandshake createSession
[MASTER] 16:32:38.092 [Thread-3] ERROR ExternalProcessHandler - Aug 20, 2020 8:32:38 AM org.openqa.selenium.remote.ProtocolHandshake createSession

INFO: Detected dialect: OSS
[MASTER] 16:32:38.092 [Thread-3] ERROR ExternalProcessHandler - INFO: Detected dialect: OSS

Aug 20, 2020 8:32:41 AM org.openqa.selenium.remote.ProtocolHandshake createSession
[MASTER] 16:32:41.162 [Thread-3] ERROR ExternalProcessHandler - Aug 20, 2020 8:32:41 AM org.openqa.selenium.remote.ProtocolHandshake createSession

INFO: Detected dialect: OSS
[MASTER] 16:32:41.162 [Thread-3] ERROR ExternalProcessHandler - INFO: Detected dialect: OSS

Aug 20, 2020 8:32:45 AM org.openqa.selenium.remote.ProtocolHandshake createSession
[MASTER] 16:32:45.183 [Thread-3] ERROR ExternalProcessHandler - Aug 20, 2020 8:32:45 AM org.openqa.selenium.remote.ProtocolHandshake createSession

INFO: Detected dialect: OSS
[MASTER] 16:32:45.184 [Thread-3] ERROR ExternalProcessHandler - INFO: Detected dialect: OSS

Aug 20, 2020 8:32:47 AM org.openqa.selenium.remote.ProtocolHandshake createSession
[MASTER] 16:32:47.802 [Thread-3] ERROR ExternalProcessHandler - Aug 20, 2020 8:32:47 AM org.openqa.selenium.remote.ProtocolHandshake createSession

INFO: Detected dialect: OSS
[MASTER] 16:32:47.802 [Thread-3] ERROR ExternalProcessHandler - INFO: Detected dialect: OSS

Aug 20, 2020 8:32:53 AM org.openqa.selenium.remote.ProtocolHandshake createSession
[MASTER] 16:32:53.517 [Thread-3] ERROR ExternalProcessHandler - Aug 20, 2020 8:32:53 AM org.openqa.selenium.remote.ProtocolHandshake createSession

INFO: Detected dialect: OSS
[MASTER] 16:32:53.517 [Thread-3] ERROR ExternalProcessHandler - INFO: Detected dialect: OSS

Aug 20, 2020 8:33:02 AM org.openqa.selenium.remote.ProtocolHandshake createSession
[MASTER] 16:33:02.102 [Thread-3] ERROR ExternalProcessHandler - Aug 20, 2020 8:33:02 AM org.openqa.selenium.remote.ProtocolHandshake createSession

INFO: Detected dialect: OSS
[MASTER] 16:33:02.102 [Thread-3] ERROR ExternalProcessHandler - INFO: Detected dialect: OSS

[MASTER] 16:33:13.290 [logback-2] ERROR TestCaseExecutor - TG: Exception caught: 
java.lang.IllegalStateException: Test generation failed: page object bug.
	at org.evosuite.testcase.execution.TestCaseExecutor.runTest(TestCaseExecutor.java:322) ~[evosuite-client-1.0.4-SNAPSHOT.jar:na]
	at org.evosuite.testcase.TestFitnessFunction.runTest(TestFitnessFunction.java:91) [evosuite-client-1.0.4-SNAPSHOT.jar:na]
	at org.evosuite.testcase.TestFitnessFunction.getFitness(TestFitnessFunction.java:60) [evosuite-client-1.0.4-SNAPSHOT.jar:na]
	at org.evosuite.testcase.TestFitnessFunction.getFitness(TestFitnessFunction.java:34) [evosuite-client-1.0.4-SNAPSHOT.jar:na]
	at org.evosuite.ga.metaheuristics.mosa.MOSA.calculateFitness(MOSA.java:155) [evosuite-client-1.0.4-SNAPSHOT.jar:na]
	at org.evosuite.ga.metaheuristics.mosa.AbstractMOSA.breedNextGeneration(AbstractMOSA.java:144) [evosuite-client-1.0.4-SNAPSHOT.jar:na]
	at org.evosuite.ga.metaheuristics.mosa.MOSA.evolve(MOSA.java:89) [evosuite-client-1.0.4-SNAPSHOT.jar:na]
	at org.evosuite.ga.metaheuristics.mosa.MOSA.generateSolution(MOSA.java:205) [evosuite-client-1.0.4-SNAPSHOT.jar:na]
	at org.evosuite.strategy.MOSuiteStrategy.generateTests(MOSuiteStrategy.java:127) [evosuite-client-1.0.4-SNAPSHOT.jar:na]
	at org.evosuite.TestSuiteGenerator.generateTests(TestSuiteGenerator.java:654) [evosuite-client-1.0.4-SNAPSHOT.jar:na]
	at org.evosuite.TestSuiteGenerator.generateTestSuite(TestSuiteGenerator.java:213) [evosuite-client-1.0.4-SNAPSHOT.jar:na]
	at org.evosuite.rmi.service.ClientNodeImpl$1.run(ClientNodeImpl.java:145) [evosuite-client-1.0.4-SNAPSHOT.jar:na]
	at java.util.concurrent.Executors$RunnableAdapter.call(Executors.java:511) [na:1.8.0_265]
	at java.util.concurrent.FutureTask.run(FutureTask.java:266) [na:1.8.0_265]
	at java.util.concurrent.ThreadPoolExecutor.runWorker(ThreadPoolExecutor.java:1149) [na:1.8.0_265]
	at java.util.concurrent.ThreadPoolExecutor$Worker.run(ThreadPoolExecutor.java:624) [na:1.8.0_265]
	at java.lang.Thread.run(Thread.java:748) [na:1.8.0_265]
Aug 20, 2020 8:33:13 AM org.openqa.selenium.remote.ProtocolHandshake createSession
[MASTER] 16:33:13.443 [Thread-3] ERROR ExternalProcessHandler - Aug 20, 2020 8:33:13 AM org.openqa.selenium.remote.ProtocolHandshake createSession

INFO: Detected dialect: OSS
[MASTER] 16:33:13.443 [Thread-3] ERROR ExternalProcessHandler - INFO: Detected dialect: OSS

Aug 20, 2020 8:33:16 AM org.openqa.selenium.remote.ProtocolHandshake createSession
[MASTER] 16:33:16.864 [Thread-3] ERROR ExternalProcessHandler - Aug 20, 2020 8:33:16 AM org.openqa.selenium.remote.ProtocolHandshake createSession

INFO: Detected dialect: OSS
[MASTER] 16:33:16.864 [Thread-3] ERROR ExternalProcessHandler - INFO: Detected dialect: OSS

Aug 20, 2020 8:33:27 AM org.openqa.selenium.remote.ProtocolHandshake createSession
[MASTER] 16:33:27.926 [Thread-3] ERROR ExternalProcessHandler - Aug 20, 2020 8:33:27 AM org.openqa.selenium.remote.ProtocolHandshake createSession

INFO: Detected dialect: OSS
[MASTER] 16:33:27.926 [Thread-3] ERROR ExternalProcessHandler - INFO: Detected dialect: OSS

Aug 20, 2020 8:33:46 AM org.openqa.selenium.remote.ProtocolHandshake createSession
[MASTER] 16:33:46.261 [Thread-3] ERROR ExternalProcessHandler - Aug 20, 2020 8:33:46 AM org.openqa.selenium.remote.ProtocolHandshake createSession

INFO: Detected dialect: OSS
[MASTER] 16:33:46.261 [Thread-3] ERROR ExternalProcessHandler - INFO: Detected dialect: OSS

[MASTER] 16:34:11.926 [logback-2] ERROR TestCaseExecutor - TG: Exception caught: 
java.lang.IllegalStateException: Test generation failed: page object bug.
	at org.evosuite.testcase.execution.TestCaseExecutor.runTest(TestCaseExecutor.java:322) ~[evosuite-client-1.0.4-SNAPSHOT.jar:na]
	at org.evosuite.testcase.TestFitnessFunction.runTest(TestFitnessFunction.java:91) [evosuite-client-1.0.4-SNAPSHOT.jar:na]
	at org.evosuite.testcase.TestFitnessFunction.getFitness(TestFitnessFunction.java:60) [evosuite-client-1.0.4-SNAPSHOT.jar:na]
	at org.evosuite.testcase.TestFitnessFunction.getFitness(TestFitnessFunction.java:34) [evosuite-client-1.0.4-SNAPSHOT.jar:na]
	at org.evosuite.ga.metaheuristics.mosa.MOSA.calculateFitness(MOSA.java:155) [evosuite-client-1.0.4-SNAPSHOT.jar:na]
	at org.evosuite.ga.metaheuristics.mosa.AbstractMOSA.breedNextGeneration(AbstractMOSA.java:153) [evosuite-client-1.0.4-SNAPSHOT.jar:na]
	at org.evosuite.ga.metaheuristics.mosa.MOSA.evolve(MOSA.java:89) [evosuite-client-1.0.4-SNAPSHOT.jar:na]
	at org.evosuite.ga.metaheuristics.mosa.MOSA.generateSolution(MOSA.java:205) [evosuite-client-1.0.4-SNAPSHOT.jar:na]
	at org.evosuite.strategy.MOSuiteStrategy.generateTests(MOSuiteStrategy.java:127) [evosuite-client-1.0.4-SNAPSHOT.jar:na]
	at org.evosuite.TestSuiteGenerator.generateTests(TestSuiteGenerator.java:654) [evosuite-client-1.0.4-SNAPSHOT.jar:na]
	at org.evosuite.TestSuiteGenerator.generateTestSuite(TestSuiteGenerator.java:213) [evosuite-client-1.0.4-SNAPSHOT.jar:na]
	at org.evosuite.rmi.service.ClientNodeImpl$1.run(ClientNodeImpl.java:145) [evosuite-client-1.0.4-SNAPSHOT.jar:na]
	at java.util.concurrent.Executors$RunnableAdapter.call(Executors.java:511) [na:1.8.0_265]
	at java.util.concurrent.FutureTask.run(FutureTask.java:266) [na:1.8.0_265]
	at java.util.concurrent.ThreadPoolExecutor.runWorker(ThreadPoolExecutor.java:1149) [na:1.8.0_265]
	at java.util.concurrent.ThreadPoolExecutor$Worker.run(ThreadPoolExecutor.java:624) [na:1.8.0_265]
	at java.lang.Thread.run(Thread.java:748) [na:1.8.0_265]
Aug 20, 2020 8:34:12 AM org.openqa.selenium.remote.ProtocolHandshake createSession
[MASTER] 16:34:12.112 [Thread-3] ERROR ExternalProcessHandler - Aug 20, 2020 8:34:12 AM org.openqa.selenium.remote.ProtocolHandshake createSession

INFO: Detected dialect: OSS
[MASTER] 16:34:12.112 [Thread-3] ERROR ExternalProcessHandler - INFO: Detected dialect: OSS

Aug 20, 2020 8:34:16 AM org.openqa.selenium.remote.ProtocolHandshake createSession
[MASTER] 16:34:16.086 [Thread-3] ERROR ExternalProcessHandler - Aug 20, 2020 8:34:16 AM org.openqa.selenium.remote.ProtocolHandshake createSession

INFO: Detected dialect: OSS
[MASTER] 16:34:16.086 [Thread-3] ERROR ExternalProcessHandler - INFO: Detected dialect: OSS

Aug 20, 2020 8:34:25 AM org.openqa.selenium.remote.ProtocolHandshake createSession
[MASTER] 16:34:25.027 [Thread-3] ERROR ExternalProcessHandler - Aug 20, 2020 8:34:25 AM org.openqa.selenium.remote.ProtocolHandshake createSession

INFO: Detected dialect: OSS
[MASTER] 16:34:25.028 [Thread-3] ERROR ExternalProcessHandler - INFO: Detected dialect: OSS

Aug 20, 2020 8:34:38 AM org.openqa.selenium.remote.ProtocolHandshake createSession
[MASTER] 16:34:38.714 [Thread-3] ERROR ExternalProcessHandler - Aug 20, 2020 8:34:38 AM org.openqa.selenium.remote.ProtocolHandshake createSession

INFO: Detected dialect: OSS
[MASTER] 16:34:38.714 [Thread-3] ERROR ExternalProcessHandler - INFO: Detected dialect: OSS

[MASTER] 16:34:57.066 [logback-2] ERROR TestCaseExecutor - TG: Exception caught: 
java.lang.IllegalStateException: Test generation failed: page object bug.
	at org.evosuite.testcase.execution.TestCaseExecutor.runTest(TestCaseExecutor.java:322) ~[evosuite-client-1.0.4-SNAPSHOT.jar:na]
	at org.evosuite.testcase.TestFitnessFunction.runTest(TestFitnessFunction.java:91) [evosuite-client-1.0.4-SNAPSHOT.jar:na]
	at org.evosuite.testcase.TestFitnessFunction.getFitness(TestFitnessFunction.java:60) [evosuite-client-1.0.4-SNAPSHOT.jar:na]
	at org.evosuite.testcase.TestFitnessFunction.getFitness(TestFitnessFunction.java:34) [evosuite-client-1.0.4-SNAPSHOT.jar:na]
	at org.evosuite.ga.metaheuristics.mosa.MOSA.calculateFitness(MOSA.java:155) [evosuite-client-1.0.4-SNAPSHOT.jar:na]
	at org.evosuite.ga.metaheuristics.mosa.AbstractMOSA.breedNextGeneration(AbstractMOSA.java:144) [evosuite-client-1.0.4-SNAPSHOT.jar:na]
	at org.evosuite.ga.metaheuristics.mosa.MOSA.evolve(MOSA.java:89) [evosuite-client-1.0.4-SNAPSHOT.jar:na]
	at org.evosuite.ga.metaheuristics.mosa.MOSA.generateSolution(MOSA.java:205) [evosuite-client-1.0.4-SNAPSHOT.jar:na]
	at org.evosuite.strategy.MOSuiteStrategy.generateTests(MOSuiteStrategy.java:127) [evosuite-client-1.0.4-SNAPSHOT.jar:na]
	at org.evosuite.TestSuiteGenerator.generateTests(TestSuiteGenerator.java:654) [evosuite-client-1.0.4-SNAPSHOT.jar:na]
	at org.evosuite.TestSuiteGenerator.generateTestSuite(TestSuiteGenerator.java:213) [evosuite-client-1.0.4-SNAPSHOT.jar:na]
	at org.evosuite.rmi.service.ClientNodeImpl$1.run(ClientNodeImpl.java:145) [evosuite-client-1.0.4-SNAPSHOT.jar:na]
	at java.util.concurrent.Executors$RunnableAdapter.call(Executors.java:511) [na:1.8.0_265]
	at java.util.concurrent.FutureTask.run(FutureTask.java:266) [na:1.8.0_265]
	at java.util.concurrent.ThreadPoolExecutor.runWorker(ThreadPoolExecutor.java:1149) [na:1.8.0_265]
	at java.util.concurrent.ThreadPoolExecutor$Worker.run(ThreadPoolExecutor.java:624) [na:1.8.0_265]
	at java.lang.Thread.run(Thread.java:748) [na:1.8.0_265]
Aug 20, 2020 8:34:57 AM org.openqa.selenium.remote.ProtocolHandshake createSession
[MASTER] 16:34:57.226 [Thread-3] ERROR ExternalProcessHandler - Aug 20, 2020 8:34:57 AM org.openqa.selenium.remote.ProtocolHandshake createSession

INFO: Detected dialect: OSS
[MASTER] 16:34:57.226 [Thread-3] ERROR ExternalProcessHandler - INFO: Detected dialect: OSS

Aug 20, 2020 8:34:58 AM org.openqa.selenium.remote.ProtocolHandshake createSession
[MASTER] 16:34:58.259 [Thread-3] ERROR ExternalProcessHandler - Aug 20, 2020 8:34:58 AM org.openqa.selenium.remote.ProtocolHandshake createSession

INFO: Detected dialect: OSS
[MASTER] 16:34:58.259 [Thread-3] ERROR ExternalProcessHandler - INFO: Detected dialect: OSS

Aug 20, 2020 8:35:01 AM po_utils.PageObjectLogging logInfo
[MASTER] 16:35:01.025 [Thread-3] ERROR ExternalProcessHandler - Aug 20, 2020 8:35:01 AM po_utils.PageObjectLogging logInfo

INFO: waitForElementBeingPresentOnPage timeout exception: unable to locate the element By.xpath: //button[text()="Create a new session"]
[MASTER] 16:35:01.026 [Thread-3] ERROR ExternalProcessHandler - INFO: waitForElementBeingPresentOnPage timeout exception: unable to locate the element By.xpath: //button[text()="Create a new session"]


[MASTER] 16:35:01.026 [Thread-3] ERROR ExternalProcessHandler - 


[MASTER] 16:35:01.026 [Thread-3] ERROR ExternalProcessHandler - 

Aug 20, 2020 8:35:02 AM po_utils.PageObjectLogging logInfo
[MASTER] 16:35:02.817 [Thread-3] ERROR ExternalProcessHandler - Aug 20, 2020 8:35:02 AM po_utils.PageObjectLogging logInfo

INFO: waitForElementBeingPresentOnPage timeout exception: unable to locate the element By.xpath: //button[text()="Create a new session"]
[MASTER] 16:35:02.818 [Thread-3] ERROR ExternalProcessHandler - INFO: waitForElementBeingPresentOnPage timeout exception: unable to locate the element By.xpath: //button[text()="Create a new session"]


[MASTER] 16:35:02.818 [Thread-3] ERROR ExternalProcessHandler - 


[MASTER] 16:35:02.818 [Thread-3] ERROR ExternalProcessHandler - 

Aug 20, 2020 8:35:03 AM org.openqa.selenium.remote.ProtocolHandshake createSession
[MASTER] 16:35:03.391 [Thread-3] ERROR ExternalProcessHandler - Aug 20, 2020 8:35:03 AM org.openqa.selenium.remote.ProtocolHandshake createSession

INFO: Detected dialect: OSS
[MASTER] 16:35:03.391 [Thread-3] ERROR ExternalProcessHandler - INFO: Detected dialect: OSS

Aug 20, 2020 8:35:05 AM org.openqa.selenium.remote.ProtocolHandshake createSession
[MASTER] 16:35:05.707 [Thread-3] ERROR ExternalProcessHandler - Aug 20, 2020 8:35:05 AM org.openqa.selenium.remote.ProtocolHandshake createSession

INFO: Detected dialect: OSS
[MASTER] 16:35:05.707 [Thread-3] ERROR ExternalProcessHandler - INFO: Detected dialect: OSS

Aug 20, 2020 8:35:06 AM org.openqa.selenium.remote.ProtocolHandshake createSession
[MASTER] 16:35:06.567 [Thread-3] ERROR ExternalProcessHandler - Aug 20, 2020 8:35:06 AM org.openqa.selenium.remote.ProtocolHandshake createSession

INFO: Detected dialect: OSS
[MASTER] 16:35:06.567 [Thread-3] ERROR ExternalProcessHandler - INFO: Detected dialect: OSS

Aug 20, 2020 8:35:10 AM org.openqa.selenium.remote.ProtocolHandshake createSession
[MASTER] 16:35:10.036 [Thread-3] ERROR ExternalProcessHandler - Aug 20, 2020 8:35:10 AM org.openqa.selenium.remote.ProtocolHandshake createSession

INFO: Detected dialect: OSS
[MASTER] 16:35:10.036 [Thread-3] ERROR ExternalProcessHandler - INFO: Detected dialect: OSS

Aug 20, 2020 8:35:17 AM org.openqa.selenium.remote.ProtocolHandshake createSession
[MASTER] 16:35:17.235 [Thread-3] ERROR ExternalProcessHandler - Aug 20, 2020 8:35:17 AM org.openqa.selenium.remote.ProtocolHandshake createSession

INFO: Detected dialect: OSS
[MASTER] 16:35:17.235 [Thread-3] ERROR ExternalProcessHandler - INFO: Detected dialect: OSS

Aug 20, 2020 8:35:27 AM org.openqa.selenium.remote.ProtocolHandshake createSession
[MASTER] 16:35:27.956 [Thread-3] ERROR ExternalProcessHandler - Aug 20, 2020 8:35:27 AM org.openqa.selenium.remote.ProtocolHandshake createSession

INFO: Detected dialect: OSS
[MASTER] 16:35:27.956 [Thread-3] ERROR ExternalProcessHandler - INFO: Detected dialect: OSS

[MASTER] 16:35:42.193 [logback-2] ERROR TestCaseExecutor - TG: Exception caught: 
java.lang.IllegalStateException: Test generation failed: page object bug.
	at org.evosuite.testcase.execution.TestCaseExecutor.runTest(TestCaseExecutor.java:322) ~[evosuite-client-1.0.4-SNAPSHOT.jar:na]
	at org.evosuite.testcase.TestFitnessFunction.runTest(TestFitnessFunction.java:91) [evosuite-client-1.0.4-SNAPSHOT.jar:na]
	at org.evosuite.testcase.TestFitnessFunction.getFitness(TestFitnessFunction.java:60) [evosuite-client-1.0.4-SNAPSHOT.jar:na]
	at org.evosuite.testcase.TestFitnessFunction.getFitness(TestFitnessFunction.java:34) [evosuite-client-1.0.4-SNAPSHOT.jar:na]
	at org.evosuite.ga.metaheuristics.mosa.MOSA.calculateFitness(MOSA.java:155) [evosuite-client-1.0.4-SNAPSHOT.jar:na]
	at org.evosuite.ga.metaheuristics.mosa.AbstractMOSA.breedNextGeneration(AbstractMOSA.java:153) [evosuite-client-1.0.4-SNAPSHOT.jar:na]
	at org.evosuite.ga.metaheuristics.mosa.MOSA.evolve(MOSA.java:89) [evosuite-client-1.0.4-SNAPSHOT.jar:na]
	at org.evosuite.ga.metaheuristics.mosa.MOSA.generateSolution(MOSA.java:205) [evosuite-client-1.0.4-SNAPSHOT.jar:na]
	at org.evosuite.strategy.MOSuiteStrategy.generateTests(MOSuiteStrategy.java:127) [evosuite-client-1.0.4-SNAPSHOT.jar:na]
	at org.evosuite.TestSuiteGenerator.generateTests(TestSuiteGenerator.java:654) [evosuite-client-1.0.4-SNAPSHOT.jar:na]
	at org.evosuite.TestSuiteGenerator.generateTestSuite(TestSuiteGenerator.java:213) [evosuite-client-1.0.4-SNAPSHOT.jar:na]
	at org.evosuite.rmi.service.ClientNodeImpl$1.run(ClientNodeImpl.java:145) [evosuite-client-1.0.4-SNAPSHOT.jar:na]
	at java.util.concurrent.Executors$RunnableAdapter.call(Executors.java:511) [na:1.8.0_265]
	at java.util.concurrent.FutureTask.run(FutureTask.java:266) [na:1.8.0_265]
	at java.util.concurrent.ThreadPoolExecutor.runWorker(ThreadPoolExecutor.java:1149) [na:1.8.0_265]
	at java.util.concurrent.ThreadPoolExecutor$Worker.run(ThreadPoolExecutor.java:624) [na:1.8.0_265]
	at java.lang.Thread.run(Thread.java:748) [na:1.8.0_265]
Aug 20, 2020 8:35:42 AM org.openqa.selenium.remote.ProtocolHandshake createSession
[MASTER] 16:35:42.379 [Thread-3] ERROR ExternalProcessHandler - Aug 20, 2020 8:35:42 AM org.openqa.selenium.remote.ProtocolHandshake createSession

INFO: Detected dialect: OSS
[MASTER] 16:35:42.379 [Thread-3] ERROR ExternalProcessHandler - INFO: Detected dialect: OSS

Aug 20, 2020 8:35:48 AM org.openqa.selenium.remote.ProtocolHandshake createSession
[MASTER] 16:35:48.043 [Thread-3] ERROR ExternalProcessHandler - Aug 20, 2020 8:35:48 AM org.openqa.selenium.remote.ProtocolHandshake createSession

INFO: Detected dialect: OSS
[MASTER] 16:35:48.043 [Thread-3] ERROR ExternalProcessHandler - INFO: Detected dialect: OSS

Aug 20, 2020 8:35:59 AM org.openqa.selenium.remote.ProtocolHandshake createSession
[MASTER] 16:35:59.823 [Thread-3] ERROR ExternalProcessHandler - Aug 20, 2020 8:35:59 AM org.openqa.selenium.remote.ProtocolHandshake createSession

INFO: Detected dialect: OSS
[MASTER] 16:35:59.823 [Thread-3] ERROR ExternalProcessHandler - INFO: Detected dialect: OSS

Aug 20, 2020 8:36:17 AM org.openqa.selenium.remote.ProtocolHandshake createSession
[MASTER] 16:36:17.698 [Thread-3] ERROR ExternalProcessHandler - Aug 20, 2020 8:36:17 AM org.openqa.selenium.remote.ProtocolHandshake createSession

INFO: Detected dialect: OSS
[MASTER] 16:36:17.698 [Thread-3] ERROR ExternalProcessHandler - INFO: Detected dialect: OSS

[MASTER] 16:36:41.418 [logback-2] ERROR TestCaseExecutor - TG: Exception caught: 
java.lang.IllegalStateException: Test generation failed: page object bug.
	at org.evosuite.testcase.execution.TestCaseExecutor.runTest(TestCaseExecutor.java:322) ~[evosuite-client-1.0.4-SNAPSHOT.jar:na]
	at org.evosuite.testcase.TestFitnessFunction.runTest(TestFitnessFunction.java:91) [evosuite-client-1.0.4-SNAPSHOT.jar:na]
	at org.evosuite.testcase.TestFitnessFunction.getFitness(TestFitnessFunction.java:60) [evosuite-client-1.0.4-SNAPSHOT.jar:na]
	at org.evosuite.testcase.TestFitnessFunction.getFitness(TestFitnessFunction.java:34) [evosuite-client-1.0.4-SNAPSHOT.jar:na]
	at org.evosuite.ga.metaheuristics.mosa.MOSA.calculateFitness(MOSA.java:155) [evosuite-client-1.0.4-SNAPSHOT.jar:na]
	at org.evosuite.ga.metaheuristics.mosa.AbstractMOSA.breedNextGeneration(AbstractMOSA.java:144) [evosuite-client-1.0.4-SNAPSHOT.jar:na]
	at org.evosuite.ga.metaheuristics.mosa.MOSA.evolve(MOSA.java:89) [evosuite-client-1.0.4-SNAPSHOT.jar:na]
	at org.evosuite.ga.metaheuristics.mosa.MOSA.generateSolution(MOSA.java:205) [evosuite-client-1.0.4-SNAPSHOT.jar:na]
	at org.evosuite.strategy.MOSuiteStrategy.generateTests(MOSuiteStrategy.java:127) [evosuite-client-1.0.4-SNAPSHOT.jar:na]
	at org.evosuite.TestSuiteGenerator.generateTests(TestSuiteGenerator.java:654) [evosuite-client-1.0.4-SNAPSHOT.jar:na]
	at org.evosuite.TestSuiteGenerator.generateTestSuite(TestSuiteGenerator.java:213) [evosuite-client-1.0.4-SNAPSHOT.jar:na]
	at org.evosuite.rmi.service.ClientNodeImpl$1.run(ClientNodeImpl.java:145) [evosuite-client-1.0.4-SNAPSHOT.jar:na]
	at java.util.concurrent.Executors$RunnableAdapter.call(Executors.java:511) [na:1.8.0_265]
	at java.util.concurrent.FutureTask.run(FutureTask.java:266) [na:1.8.0_265]
	at java.util.concurrent.ThreadPoolExecutor.runWorker(ThreadPoolExecutor.java:1149) [na:1.8.0_265]
	at java.util.concurrent.ThreadPoolExecutor$Worker.run(ThreadPoolExecutor.java:624) [na:1.8.0_265]
	at java.lang.Thread.run(Thread.java:748) [na:1.8.0_265]
Aug 20, 2020 8:36:41 AM org.openqa.selenium.remote.ProtocolHandshake createSession
[MASTER] 16:36:41.607 [Thread-3] ERROR ExternalProcessHandler - Aug 20, 2020 8:36:41 AM org.openqa.selenium.remote.ProtocolHandshake createSession

INFO: Detected dialect: OSS
[MASTER] 16:36:41.607 [Thread-3] ERROR ExternalProcessHandler - INFO: Detected dialect: OSS

Aug 20, 2020 8:36:43 AM org.openqa.selenium.remote.ProtocolHandshake createSession
[MASTER] 16:36:43.750 [Thread-3] ERROR ExternalProcessHandler - Aug 20, 2020 8:36:43 AM org.openqa.selenium.remote.ProtocolHandshake createSession

INFO: Detected dialect: OSS
[MASTER] 16:36:43.750 [Thread-3] ERROR ExternalProcessHandler - INFO: Detected dialect: OSS

Aug 20, 2020 8:36:44 AM org.openqa.selenium.remote.ProtocolHandshake createSession
[MASTER] 16:36:44.966 [Thread-3] ERROR ExternalProcessHandler - Aug 20, 2020 8:36:44 AM org.openqa.selenium.remote.ProtocolHandshake createSession

INFO: Detected dialect: OSS
[MASTER] 16:36:44.967 [Thread-3] ERROR ExternalProcessHandler - INFO: Detected dialect: OSS

Aug 20, 2020 8:36:48 AM org.openqa.selenium.remote.ProtocolHandshake createSession
[MASTER] 16:36:48.452 [Thread-3] ERROR ExternalProcessHandler - Aug 20, 2020 8:36:48 AM org.openqa.selenium.remote.ProtocolHandshake createSession

INFO: Detected dialect: OSS
[MASTER] 16:36:48.452 [Thread-3] ERROR ExternalProcessHandler - INFO: Detected dialect: OSS

Aug 20, 2020 8:36:58 AM org.openqa.selenium.remote.ProtocolHandshake createSession
[MASTER] 16:36:58.207 [Thread-3] ERROR ExternalProcessHandler - Aug 20, 2020 8:36:58 AM org.openqa.selenium.remote.ProtocolHandshake createSession

INFO: Detected dialect: OSS
[MASTER] 16:36:58.207 [Thread-3] ERROR ExternalProcessHandler - INFO: Detected dialect: OSS

Aug 20, 2020 8:37:14 AM org.openqa.selenium.remote.ProtocolHandshake createSession
[MASTER] 16:37:14.337 [Thread-3] ERROR ExternalProcessHandler - Aug 20, 2020 8:37:14 AM org.openqa.selenium.remote.ProtocolHandshake createSession

INFO: Detected dialect: OSS
[MASTER] 16:37:14.337 [Thread-3] ERROR ExternalProcessHandler - INFO: Detected dialect: OSS

[MASTER] 16:37:36.644 [logback-2] ERROR TestCaseExecutor - TG: Exception caught: 
java.lang.IllegalStateException: Test generation failed: page object bug.
	at org.evosuite.testcase.execution.TestCaseExecutor.runTest(TestCaseExecutor.java:322) ~[evosuite-client-1.0.4-SNAPSHOT.jar:na]
	at org.evosuite.testcase.TestFitnessFunction.runTest(TestFitnessFunction.java:91) [evosuite-client-1.0.4-SNAPSHOT.jar:na]
	at org.evosuite.testcase.TestFitnessFunction.getFitness(TestFitnessFunction.java:60) [evosuite-client-1.0.4-SNAPSHOT.jar:na]
	at org.evosuite.testcase.TestFitnessFunction.getFitness(TestFitnessFunction.java:34) [evosuite-client-1.0.4-SNAPSHOT.jar:na]
	at org.evosuite.ga.metaheuristics.mosa.MOSA.calculateFitness(MOSA.java:155) [evosuite-client-1.0.4-SNAPSHOT.jar:na]
	at org.evosuite.ga.metaheuristics.mosa.AbstractMOSA.breedNextGeneration(AbstractMOSA.java:169) [evosuite-client-1.0.4-SNAPSHOT.jar:na]
	at org.evosuite.ga.metaheuristics.mosa.MOSA.evolve(MOSA.java:89) [evosuite-client-1.0.4-SNAPSHOT.jar:na]
	at org.evosuite.ga.metaheuristics.mosa.MOSA.generateSolution(MOSA.java:205) [evosuite-client-1.0.4-SNAPSHOT.jar:na]
	at org.evosuite.strategy.MOSuiteStrategy.generateTests(MOSuiteStrategy.java:127) [evosuite-client-1.0.4-SNAPSHOT.jar:na]
	at org.evosuite.TestSuiteGenerator.generateTests(TestSuiteGenerator.java:654) [evosuite-client-1.0.4-SNAPSHOT.jar:na]
	at org.evosuite.TestSuiteGenerator.generateTestSuite(TestSuiteGenerator.java:213) [evosuite-client-1.0.4-SNAPSHOT.jar:na]
	at org.evosuite.rmi.service.ClientNodeImpl$1.run(ClientNodeImpl.java:145) [evosuite-client-1.0.4-SNAPSHOT.jar:na]
	at java.util.concurrent.Executors$RunnableAdapter.call(Executors.java:511) [na:1.8.0_265]
	at java.util.concurrent.FutureTask.run(FutureTask.java:266) [na:1.8.0_265]
	at java.util.concurrent.ThreadPoolExecutor.runWorker(ThreadPoolExecutor.java:1149) [na:1.8.0_265]
	at java.util.concurrent.ThreadPoolExecutor$Worker.run(ThreadPoolExecutor.java:624) [na:1.8.0_265]
	at java.lang.Thread.run(Thread.java:748) [na:1.8.0_265]
Aug 20, 2020 8:37:36 AM org.openqa.selenium.remote.ProtocolHandshake createSession
[MASTER] 16:37:36.793 [Thread-3] ERROR ExternalProcessHandler - Aug 20, 2020 8:37:36 AM org.openqa.selenium.remote.ProtocolHandshake createSession

INFO: Detected dialect: OSS
[MASTER] 16:37:36.793 [Thread-3] ERROR ExternalProcessHandler - INFO: Detected dialect: OSS

Aug 20, 2020 8:37:39 AM org.openqa.selenium.remote.ProtocolHandshake createSession
[MASTER] 16:37:39.596 [Thread-3] ERROR ExternalProcessHandler - Aug 20, 2020 8:37:39 AM org.openqa.selenium.remote.ProtocolHandshake createSession

INFO: Detected dialect: OSS
[MASTER] 16:37:39.596 [Thread-3] ERROR ExternalProcessHandler - INFO: Detected dialect: OSS

Aug 20, 2020 8:37:40 AM org.openqa.selenium.remote.ProtocolHandshake createSession
[MASTER] 16:37:40.792 [Thread-3] ERROR ExternalProcessHandler - Aug 20, 2020 8:37:40 AM org.openqa.selenium.remote.ProtocolHandshake createSession

INFO: Detected dialect: OSS
[MASTER] 16:37:40.793 [Thread-3] ERROR ExternalProcessHandler - INFO: Detected dialect: OSS

Aug 20, 2020 8:37:44 AM po_utils.PageObjectLogging logInfo
[MASTER] 16:37:44.156 [Thread-3] ERROR ExternalProcessHandler - Aug 20, 2020 8:37:44 AM po_utils.PageObjectLogging logInfo

INFO: waitForElementBeingPresentOnPage timeout exception: unable to locate the element By.xpath: //button[text()="Create a new session"]
[MASTER] 16:37:44.157 [Thread-3] ERROR ExternalProcessHandler - INFO: waitForElementBeingPresentOnPage timeout exception: unable to locate the element By.xpath: //button[text()="Create a new session"]


[MASTER] 16:37:44.158 [Thread-3] ERROR ExternalProcessHandler - 


[MASTER] 16:37:44.158 [Thread-3] ERROR ExternalProcessHandler - 

Aug 20, 2020 8:37:44 AM org.openqa.selenium.remote.ProtocolHandshake createSession
[MASTER] 16:37:44.515 [Thread-3] ERROR ExternalProcessHandler - Aug 20, 2020 8:37:44 AM org.openqa.selenium.remote.ProtocolHandshake createSession

INFO: Detected dialect: OSS
[MASTER] 16:37:44.515 [Thread-3] ERROR ExternalProcessHandler - INFO: Detected dialect: OSS

Aug 20, 2020 8:37:48 AM org.openqa.selenium.remote.ProtocolHandshake createSession
[MASTER] 16:37:48.896 [Thread-3] ERROR ExternalProcessHandler - Aug 20, 2020 8:37:48 AM org.openqa.selenium.remote.ProtocolHandshake createSession

INFO: Detected dialect: OSS
[MASTER] 16:37:48.896 [Thread-3] ERROR ExternalProcessHandler - INFO: Detected dialect: OSS

Aug 20, 2020 8:37:58 AM org.openqa.selenium.remote.ProtocolHandshake createSession
[MASTER] 16:37:58.621 [Thread-3] ERROR ExternalProcessHandler - Aug 20, 2020 8:37:58 AM org.openqa.selenium.remote.ProtocolHandshake createSession

INFO: Detected dialect: OSS
[MASTER] 16:37:58.621 [Thread-3] ERROR ExternalProcessHandler - INFO: Detected dialect: OSS

Aug 20, 2020 8:38:13 AM org.openqa.selenium.remote.ProtocolHandshake createSession
[MASTER] 16:38:13.325 [Thread-3] ERROR ExternalProcessHandler - Aug 20, 2020 8:38:13 AM org.openqa.selenium.remote.ProtocolHandshake createSession

INFO: Detected dialect: OSS
[MASTER] 16:38:13.325 [Thread-3] ERROR ExternalProcessHandler - INFO: Detected dialect: OSS

[MASTER] 16:38:32.958 [logback-2] ERROR TestCaseExecutor - TG: Exception caught: 
java.lang.IllegalStateException: Test generation failed: page object bug.
	at org.evosuite.testcase.execution.TestCaseExecutor.runTest(TestCaseExecutor.java:322) ~[evosuite-client-1.0.4-SNAPSHOT.jar:na]
	at org.evosuite.testcase.TestFitnessFunction.runTest(TestFitnessFunction.java:91) [evosuite-client-1.0.4-SNAPSHOT.jar:na]
	at org.evosuite.testcase.TestFitnessFunction.getFitness(TestFitnessFunction.java:60) [evosuite-client-1.0.4-SNAPSHOT.jar:na]
	at org.evosuite.testcase.TestFitnessFunction.getFitness(TestFitnessFunction.java:34) [evosuite-client-1.0.4-SNAPSHOT.jar:na]
	at org.evosuite.ga.metaheuristics.mosa.MOSA.calculateFitness(MOSA.java:155) [evosuite-client-1.0.4-SNAPSHOT.jar:na]
	at org.evosuite.ga.metaheuristics.mosa.AbstractMOSA.breedNextGeneration(AbstractMOSA.java:144) [evosuite-client-1.0.4-SNAPSHOT.jar:na]
	at org.evosuite.ga.metaheuristics.mosa.MOSA.evolve(MOSA.java:89) [evosuite-client-1.0.4-SNAPSHOT.jar:na]
	at org.evosuite.ga.metaheuristics.mosa.MOSA.generateSolution(MOSA.java:205) [evosuite-client-1.0.4-SNAPSHOT.jar:na]
	at org.evosuite.strategy.MOSuiteStrategy.generateTests(MOSuiteStrategy.java:127) [evosuite-client-1.0.4-SNAPSHOT.jar:na]
	at org.evosuite.TestSuiteGenerator.generateTests(TestSuiteGenerator.java:654) [evosuite-client-1.0.4-SNAPSHOT.jar:na]
	at org.evosuite.TestSuiteGenerator.generateTestSuite(TestSuiteGenerator.java:213) [evosuite-client-1.0.4-SNAPSHOT.jar:na]
	at org.evosuite.rmi.service.ClientNodeImpl$1.run(ClientNodeImpl.java:145) [evosuite-client-1.0.4-SNAPSHOT.jar:na]
	at java.util.concurrent.Executors$RunnableAdapter.call(Executors.java:511) [na:1.8.0_265]
	at java.util.concurrent.FutureTask.run(FutureTask.java:266) [na:1.8.0_265]
	at java.util.concurrent.ThreadPoolExecutor.runWorker(ThreadPoolExecutor.java:1149) [na:1.8.0_265]
	at java.util.concurrent.ThreadPoolExecutor$Worker.run(ThreadPoolExecutor.java:624) [na:1.8.0_265]
	at java.lang.Thread.run(Thread.java:748) [na:1.8.0_265]
Aug 20, 2020 8:38:33 AM org.openqa.selenium.remote.ProtocolHandshake createSession
[MASTER] 16:38:33.146 [Thread-3] ERROR ExternalProcessHandler - Aug 20, 2020 8:38:33 AM org.openqa.selenium.remote.ProtocolHandshake createSession

INFO: Detected dialect: OSS
[MASTER] 16:38:33.146 [Thread-3] ERROR ExternalProcessHandler - INFO: Detected dialect: OSS

Aug 20, 2020 8:38:35 AM org.openqa.selenium.remote.ProtocolHandshake createSession
[MASTER] 16:38:35.563 [Thread-3] ERROR ExternalProcessHandler - Aug 20, 2020 8:38:35 AM org.openqa.selenium.remote.ProtocolHandshake createSession

INFO: Detected dialect: OSS
[MASTER] 16:38:35.563 [Thread-3] ERROR ExternalProcessHandler - INFO: Detected dialect: OSS

Aug 20, 2020 8:38:39 AM org.openqa.selenium.remote.ProtocolHandshake createSession
[MASTER] 16:38:39.209 [Thread-3] ERROR ExternalProcessHandler - Aug 20, 2020 8:38:39 AM org.openqa.selenium.remote.ProtocolHandshake createSession

INFO: Detected dialect: OSS
[MASTER] 16:38:39.209 [Thread-3] ERROR ExternalProcessHandler - INFO: Detected dialect: OSS

Aug 20, 2020 8:38:49 AM org.openqa.selenium.remote.ProtocolHandshake createSession
[MASTER] 16:38:49.530 [Thread-3] ERROR ExternalProcessHandler - Aug 20, 2020 8:38:49 AM org.openqa.selenium.remote.ProtocolHandshake createSession

INFO: Detected dialect: OSS
[MASTER] 16:38:49.530 [Thread-3] ERROR ExternalProcessHandler - INFO: Detected dialect: OSS

Aug 20, 2020 8:39:06 AM org.openqa.selenium.remote.ProtocolHandshake createSession
[MASTER] 16:39:06.347 [Thread-3] ERROR ExternalProcessHandler - Aug 20, 2020 8:39:06 AM org.openqa.selenium.remote.ProtocolHandshake createSession

INFO: Detected dialect: OSS
[MASTER] 16:39:06.347 [Thread-3] ERROR ExternalProcessHandler - INFO: Detected dialect: OSS

[MASTER] 16:39:29.405 [logback-2] ERROR TestCaseExecutor - TG: Exception caught: 
java.lang.IllegalStateException: Test generation failed: page object bug.
	at org.evosuite.testcase.execution.TestCaseExecutor.runTest(TestCaseExecutor.java:322) ~[evosuite-client-1.0.4-SNAPSHOT.jar:na]
	at org.evosuite.testcase.TestFitnessFunction.runTest(TestFitnessFunction.java:91) [evosuite-client-1.0.4-SNAPSHOT.jar:na]
	at org.evosuite.testcase.TestFitnessFunction.getFitness(TestFitnessFunction.java:60) [evosuite-client-1.0.4-SNAPSHOT.jar:na]
	at org.evosuite.testcase.TestFitnessFunction.getFitness(TestFitnessFunction.java:34) [evosuite-client-1.0.4-SNAPSHOT.jar:na]
	at org.evosuite.ga.metaheuristics.mosa.MOSA.calculateFitness(MOSA.java:155) [evosuite-client-1.0.4-SNAPSHOT.jar:na]
	at org.evosuite.ga.metaheuristics.mosa.AbstractMOSA.breedNextGeneration(AbstractMOSA.java:144) [evosuite-client-1.0.4-SNAPSHOT.jar:na]
	at org.evosuite.ga.metaheuristics.mosa.MOSA.evolve(MOSA.java:89) [evosuite-client-1.0.4-SNAPSHOT.jar:na]
	at org.evosuite.ga.metaheuristics.mosa.MOSA.generateSolution(MOSA.java:205) [evosuite-client-1.0.4-SNAPSHOT.jar:na]
	at org.evosuite.strategy.MOSuiteStrategy.generateTests(MOSuiteStrategy.java:127) [evosuite-client-1.0.4-SNAPSHOT.jar:na]
	at org.evosuite.TestSuiteGenerator.generateTests(TestSuiteGenerator.java:654) [evosuite-client-1.0.4-SNAPSHOT.jar:na]
	at org.evosuite.TestSuiteGenerator.generateTestSuite(TestSuiteGenerator.java:213) [evosuite-client-1.0.4-SNAPSHOT.jar:na]
	at org.evosuite.rmi.service.ClientNodeImpl$1.run(ClientNodeImpl.java:145) [evosuite-client-1.0.4-SNAPSHOT.jar:na]
	at java.util.concurrent.Executors$RunnableAdapter.call(Executors.java:511) [na:1.8.0_265]
	at java.util.concurrent.FutureTask.run(FutureTask.java:266) [na:1.8.0_265]
	at java.util.concurrent.ThreadPoolExecutor.runWorker(ThreadPoolExecutor.java:1149) [na:1.8.0_265]
	at java.util.concurrent.ThreadPoolExecutor$Worker.run(ThreadPoolExecutor.java:624) [na:1.8.0_265]
	at java.lang.Thread.run(Thread.java:748) [na:1.8.0_265]
Aug 20, 2020 8:39:29 AM org.openqa.selenium.remote.ProtocolHandshake createSession
[MASTER] 16:39:29.600 [Thread-3] ERROR ExternalProcessHandler - Aug 20, 2020 8:39:29 AM org.openqa.selenium.remote.ProtocolHandshake createSession

INFO: Detected dialect: OSS
[MASTER] 16:39:29.600 [Thread-3] ERROR ExternalProcessHandler - INFO: Detected dialect: OSS

Aug 20, 2020 8:39:33 AM org.openqa.selenium.remote.ProtocolHandshake createSession
[MASTER] 16:39:33.038 [Thread-3] ERROR ExternalProcessHandler - Aug 20, 2020 8:39:33 AM org.openqa.selenium.remote.ProtocolHandshake createSession

INFO: Detected dialect: OSS
[MASTER] 16:39:33.038 [Thread-3] ERROR ExternalProcessHandler - INFO: Detected dialect: OSS

Aug 20, 2020 8:39:44 AM org.openqa.selenium.remote.ProtocolHandshake createSession
[MASTER] 16:39:44.676 [Thread-3] ERROR ExternalProcessHandler - Aug 20, 2020 8:39:44 AM org.openqa.selenium.remote.ProtocolHandshake createSession

INFO: Detected dialect: OSS
[MASTER] 16:39:44.676 [Thread-3] ERROR ExternalProcessHandler - INFO: Detected dialect: OSS

Aug 20, 2020 8:40:04 AM org.openqa.selenium.remote.ProtocolHandshake createSession
[MASTER] 16:40:04.423 [Thread-3] ERROR ExternalProcessHandler - Aug 20, 2020 8:40:04 AM org.openqa.selenium.remote.ProtocolHandshake createSession

INFO: Detected dialect: OSS
[MASTER] 16:40:04.423 [Thread-3] ERROR ExternalProcessHandler - INFO: Detected dialect: OSS

[MASTER] 16:40:32.292 [logback-2] ERROR TestCaseExecutor - TG: Exception caught: 
java.lang.IllegalStateException: Test generation failed: page object bug.
	at org.evosuite.testcase.execution.TestCaseExecutor.runTest(TestCaseExecutor.java:322) ~[evosuite-client-1.0.4-SNAPSHOT.jar:na]
	at org.evosuite.testcase.TestFitnessFunction.runTest(TestFitnessFunction.java:91) [evosuite-client-1.0.4-SNAPSHOT.jar:na]
	at org.evosuite.testcase.TestFitnessFunction.getFitness(TestFitnessFunction.java:60) [evosuite-client-1.0.4-SNAPSHOT.jar:na]
	at org.evosuite.testcase.TestFitnessFunction.getFitness(TestFitnessFunction.java:34) [evosuite-client-1.0.4-SNAPSHOT.jar:na]
	at org.evosuite.ga.metaheuristics.mosa.MOSA.calculateFitness(MOSA.java:155) [evosuite-client-1.0.4-SNAPSHOT.jar:na]
	at org.evosuite.ga.metaheuristics.mosa.AbstractMOSA.breedNextGeneration(AbstractMOSA.java:153) [evosuite-client-1.0.4-SNAPSHOT.jar:na]
	at org.evosuite.ga.metaheuristics.mosa.MOSA.evolve(MOSA.java:89) [evosuite-client-1.0.4-SNAPSHOT.jar:na]
	at org.evosuite.ga.metaheuristics.mosa.MOSA.generateSolution(MOSA.java:205) [evosuite-client-1.0.4-SNAPSHOT.jar:na]
	at org.evosuite.strategy.MOSuiteStrategy.generateTests(MOSuiteStrategy.java:127) [evosuite-client-1.0.4-SNAPSHOT.jar:na]
	at org.evosuite.TestSuiteGenerator.generateTests(TestSuiteGenerator.java:654) [evosuite-client-1.0.4-SNAPSHOT.jar:na]
	at org.evosuite.TestSuiteGenerator.generateTestSuite(TestSuiteGenerator.java:213) [evosuite-client-1.0.4-SNAPSHOT.jar:na]
	at org.evosuite.rmi.service.ClientNodeImpl$1.run(ClientNodeImpl.java:145) [evosuite-client-1.0.4-SNAPSHOT.jar:na]
	at java.util.concurrent.Executors$RunnableAdapter.call(Executors.java:511) [na:1.8.0_265]
	at java.util.concurrent.FutureTask.run(FutureTask.java:266) [na:1.8.0_265]
	at java.util.concurrent.ThreadPoolExecutor.runWorker(ThreadPoolExecutor.java:1149) [na:1.8.0_265]
	at java.util.concurrent.ThreadPoolExecutor$Worker.run(ThreadPoolExecutor.java:624) [na:1.8.0_265]
	at java.lang.Thread.run(Thread.java:748) [na:1.8.0_265]
Aug 20, 2020 8:40:32 AM org.openqa.selenium.remote.ProtocolHandshake createSession
[MASTER] 16:40:32.454 [Thread-3] ERROR ExternalProcessHandler - Aug 20, 2020 8:40:32 AM org.openqa.selenium.remote.ProtocolHandshake createSession

INFO: Detected dialect: OSS
[MASTER] 16:40:32.454 [Thread-3] ERROR ExternalProcessHandler - INFO: Detected dialect: OSS

Aug 20, 2020 8:40:35 AM org.openqa.selenium.remote.ProtocolHandshake createSession
[MASTER] 16:40:35.658 [Thread-3] ERROR ExternalProcessHandler - Aug 20, 2020 8:40:35 AM org.openqa.selenium.remote.ProtocolHandshake createSession

INFO: Detected dialect: OSS
[MASTER] 16:40:35.658 [Thread-3] ERROR ExternalProcessHandler - INFO: Detected dialect: OSS

Aug 20, 2020 8:40:36 AM org.openqa.selenium.remote.ProtocolHandshake createSession
[MASTER] 16:40:36.567 [Thread-3] ERROR ExternalProcessHandler - Aug 20, 2020 8:40:36 AM org.openqa.selenium.remote.ProtocolHandshake createSession

INFO: Detected dialect: OSS
[MASTER] 16:40:36.567 [Thread-3] ERROR ExternalProcessHandler - INFO: Detected dialect: OSS

Aug 20, 2020 8:40:38 AM org.openqa.selenium.remote.ProtocolHandshake createSession
[MASTER] 16:40:38.441 [Thread-3] ERROR ExternalProcessHandler - Aug 20, 2020 8:40:38 AM org.openqa.selenium.remote.ProtocolHandshake createSession

INFO: Detected dialect: OSS
[MASTER] 16:40:38.441 [Thread-3] ERROR ExternalProcessHandler - INFO: Detected dialect: OSS

Aug 20, 2020 8:40:41 AM org.openqa.selenium.remote.ProtocolHandshake createSession
[MASTER] 16:40:41.994 [Thread-3] ERROR ExternalProcessHandler - Aug 20, 2020 8:40:41 AM org.openqa.selenium.remote.ProtocolHandshake createSession

INFO: Detected dialect: OSS
[MASTER] 16:40:41.994 [Thread-3] ERROR ExternalProcessHandler - INFO: Detected dialect: OSS

Aug 20, 2020 8:40:46 AM org.openqa.selenium.remote.ProtocolHandshake createSession
[MASTER] 16:40:46.957 [Thread-3] ERROR ExternalProcessHandler - Aug 20, 2020 8:40:46 AM org.openqa.selenium.remote.ProtocolHandshake createSession

INFO: Detected dialect: OSS
[MASTER] 16:40:46.957 [Thread-3] ERROR ExternalProcessHandler - INFO: Detected dialect: OSS

[MASTER] 16:40:53.264 [logback-2] ERROR TestCaseExecutor - TG: Exception caught: 
java.lang.IllegalStateException: Test generation failed: page object bug.
	at org.evosuite.testcase.execution.TestCaseExecutor.runTest(TestCaseExecutor.java:322) ~[evosuite-client-1.0.4-SNAPSHOT.jar:na]
	at org.evosuite.testcase.TestFitnessFunction.runTest(TestFitnessFunction.java:91) [evosuite-client-1.0.4-SNAPSHOT.jar:na]
	at org.evosuite.testcase.TestFitnessFunction.getFitness(TestFitnessFunction.java:60) [evosuite-client-1.0.4-SNAPSHOT.jar:na]
	at org.evosuite.testcase.TestFitnessFunction.getFitness(TestFitnessFunction.java:34) [evosuite-client-1.0.4-SNAPSHOT.jar:na]
	at org.evosuite.ga.metaheuristics.mosa.MOSA.calculateFitness(MOSA.java:155) [evosuite-client-1.0.4-SNAPSHOT.jar:na]
	at org.evosuite.ga.metaheuristics.mosa.AbstractMOSA.breedNextGeneration(AbstractMOSA.java:153) [evosuite-client-1.0.4-SNAPSHOT.jar:na]
	at org.evosuite.ga.metaheuristics.mosa.MOSA.evolve(MOSA.java:89) [evosuite-client-1.0.4-SNAPSHOT.jar:na]
	at org.evosuite.ga.metaheuristics.mosa.MOSA.generateSolution(MOSA.java:205) [evosuite-client-1.0.4-SNAPSHOT.jar:na]
	at org.evosuite.strategy.MOSuiteStrategy.generateTests(MOSuiteStrategy.java:127) [evosuite-client-1.0.4-SNAPSHOT.jar:na]
	at org.evosuite.TestSuiteGenerator.generateTests(TestSuiteGenerator.java:654) [evosuite-client-1.0.4-SNAPSHOT.jar:na]
	at org.evosuite.TestSuiteGenerator.generateTestSuite(TestSuiteGenerator.java:213) [evosuite-client-1.0.4-SNAPSHOT.jar:na]
	at org.evosuite.rmi.service.ClientNodeImpl$1.run(ClientNodeImpl.java:145) [evosuite-client-1.0.4-SNAPSHOT.jar:na]
	at java.util.concurrent.Executors$RunnableAdapter.call(Executors.java:511) [na:1.8.0_265]
	at java.util.concurrent.FutureTask.run(FutureTask.java:266) [na:1.8.0_265]
	at java.util.concurrent.ThreadPoolExecutor.runWorker(ThreadPoolExecutor.java:1149) [na:1.8.0_265]
	at java.util.concurrent.ThreadPoolExecutor$Worker.run(ThreadPoolExecutor.java:624) [na:1.8.0_265]
	at java.lang.Thread.run(Thread.java:748) [na:1.8.0_265]
Aug 20, 2020 8:40:53 AM org.openqa.selenium.remote.ProtocolHandshake createSession
[MASTER] 16:40:53.460 [Thread-3] ERROR ExternalProcessHandler - Aug 20, 2020 8:40:53 AM org.openqa.selenium.remote.ProtocolHandshake createSession

INFO: Detected dialect: OSS
[MASTER] 16:40:53.460 [Thread-3] ERROR ExternalProcessHandler - INFO: Detected dialect: OSS

Aug 20, 2020 8:40:56 AM org.openqa.selenium.remote.ProtocolHandshake createSession
[MASTER] 16:40:56.974 [Thread-3] ERROR ExternalProcessHandler - Aug 20, 2020 8:40:56 AM org.openqa.selenium.remote.ProtocolHandshake createSession

INFO: Detected dialect: OSS
[MASTER] 16:40:56.974 [Thread-3] ERROR ExternalProcessHandler - INFO: Detected dialect: OSS

Aug 20, 2020 8:41:04 AM org.openqa.selenium.remote.ProtocolHandshake createSession
[MASTER] 16:41:04.056 [Thread-3] ERROR ExternalProcessHandler - Aug 20, 2020 8:41:04 AM org.openqa.selenium.remote.ProtocolHandshake createSession

INFO: Detected dialect: OSS
[MASTER] 16:41:04.056 [Thread-3] ERROR ExternalProcessHandler - INFO: Detected dialect: OSS

Aug 20, 2020 8:41:14 AM org.openqa.selenium.remote.ProtocolHandshake createSession
[MASTER] 16:41:14.822 [Thread-3] ERROR ExternalProcessHandler - Aug 20, 2020 8:41:14 AM org.openqa.selenium.remote.ProtocolHandshake createSession

INFO: Detected dialect: OSS
[MASTER] 16:41:14.822 [Thread-3] ERROR ExternalProcessHandler - INFO: Detected dialect: OSS

[MASTER] 16:41:28.966 [logback-2] ERROR TestCaseExecutor - TG: Exception caught: 
java.lang.IllegalStateException: Test generation failed: page object bug.
	at org.evosuite.testcase.execution.TestCaseExecutor.runTest(TestCaseExecutor.java:322) ~[evosuite-client-1.0.4-SNAPSHOT.jar:na]
	at org.evosuite.testcase.TestFitnessFunction.runTest(TestFitnessFunction.java:91) [evosuite-client-1.0.4-SNAPSHOT.jar:na]
	at org.evosuite.testcase.TestFitnessFunction.getFitness(TestFitnessFunction.java:60) [evosuite-client-1.0.4-SNAPSHOT.jar:na]
	at org.evosuite.testcase.TestFitnessFunction.getFitness(TestFitnessFunction.java:34) [evosuite-client-1.0.4-SNAPSHOT.jar:na]
	at org.evosuite.ga.metaheuristics.mosa.MOSA.calculateFitness(MOSA.java:155) [evosuite-client-1.0.4-SNAPSHOT.jar:na]
	at org.evosuite.ga.metaheuristics.mosa.AbstractMOSA.breedNextGeneration(AbstractMOSA.java:144) [evosuite-client-1.0.4-SNAPSHOT.jar:na]
	at org.evosuite.ga.metaheuristics.mosa.MOSA.evolve(MOSA.java:89) [evosuite-client-1.0.4-SNAPSHOT.jar:na]
	at org.evosuite.ga.metaheuristics.mosa.MOSA.generateSolution(MOSA.java:205) [evosuite-client-1.0.4-SNAPSHOT.jar:na]
	at org.evosuite.strategy.MOSuiteStrategy.generateTests(MOSuiteStrategy.java:127) [evosuite-client-1.0.4-SNAPSHOT.jar:na]
	at org.evosuite.TestSuiteGenerator.generateTests(TestSuiteGenerator.java:654) [evosuite-client-1.0.4-SNAPSHOT.jar:na]
	at org.evosuite.TestSuiteGenerator.generateTestSuite(TestSuiteGenerator.java:213) [evosuite-client-1.0.4-SNAPSHOT.jar:na]
	at org.evosuite.rmi.service.ClientNodeImpl$1.run(ClientNodeImpl.java:145) [evosuite-client-1.0.4-SNAPSHOT.jar:na]
	at java.util.concurrent.Executors$RunnableAdapter.call(Executors.java:511) [na:1.8.0_265]
	at java.util.concurrent.FutureTask.run(FutureTask.java:266) [na:1.8.0_265]
	at java.util.concurrent.ThreadPoolExecutor.runWorker(ThreadPoolExecutor.java:1149) [na:1.8.0_265]
	at java.util.concurrent.ThreadPoolExecutor$Worker.run(ThreadPoolExecutor.java:624) [na:1.8.0_265]
	at java.lang.Thread.run(Thread.java:748) [na:1.8.0_265]
Aug 20, 2020 8:41:29 AM org.openqa.selenium.remote.ProtocolHandshake createSession
[MASTER] 16:41:29.159 [Thread-3] ERROR ExternalProcessHandler - Aug 20, 2020 8:41:29 AM org.openqa.selenium.remote.ProtocolHandshake createSession

INFO: Detected dialect: OSS
[MASTER] 16:41:29.159 [Thread-3] ERROR ExternalProcessHandler - INFO: Detected dialect: OSS

Aug 20, 2020 8:41:34 AM org.openqa.selenium.remote.ProtocolHandshake createSession
[MASTER] 16:41:34.764 [Thread-3] ERROR ExternalProcessHandler - Aug 20, 2020 8:41:34 AM org.openqa.selenium.remote.ProtocolHandshake createSession

INFO: Detected dialect: OSS
[MASTER] 16:41:34.764 [Thread-3] ERROR ExternalProcessHandler - INFO: Detected dialect: OSS

Aug 20, 2020 8:41:45 AM org.openqa.selenium.remote.ProtocolHandshake createSession
[MASTER] 16:41:45.085 [Thread-3] ERROR ExternalProcessHandler - Aug 20, 2020 8:41:45 AM org.openqa.selenium.remote.ProtocolHandshake createSession

INFO: Detected dialect: OSS
[MASTER] 16:41:45.085 [Thread-3] ERROR ExternalProcessHandler - INFO: Detected dialect: OSS

Aug 20, 2020 8:42:00 AM org.openqa.selenium.remote.ProtocolHandshake createSession
[MASTER] 16:42:00.129 [Thread-3] ERROR ExternalProcessHandler - Aug 20, 2020 8:42:00 AM org.openqa.selenium.remote.ProtocolHandshake createSession

INFO: Detected dialect: OSS
[MASTER] 16:42:00.130 [Thread-3] ERROR ExternalProcessHandler - INFO: Detected dialect: OSS

[MASTER] 16:42:19.723 [logback-2] ERROR TestCaseExecutor - TG: Exception caught: 
java.lang.IllegalStateException: Test generation failed: page object bug.
	at org.evosuite.testcase.execution.TestCaseExecutor.runTest(TestCaseExecutor.java:322) ~[evosuite-client-1.0.4-SNAPSHOT.jar:na]
	at org.evosuite.testcase.TestFitnessFunction.runTest(TestFitnessFunction.java:91) [evosuite-client-1.0.4-SNAPSHOT.jar:na]
	at org.evosuite.testcase.TestFitnessFunction.getFitness(TestFitnessFunction.java:60) [evosuite-client-1.0.4-SNAPSHOT.jar:na]
	at org.evosuite.testcase.TestFitnessFunction.getFitness(TestFitnessFunction.java:34) [evosuite-client-1.0.4-SNAPSHOT.jar:na]
	at org.evosuite.ga.metaheuristics.mosa.MOSA.calculateFitness(MOSA.java:155) [evosuite-client-1.0.4-SNAPSHOT.jar:na]
	at org.evosuite.ga.metaheuristics.mosa.AbstractMOSA.breedNextGeneration(AbstractMOSA.java:153) [evosuite-client-1.0.4-SNAPSHOT.jar:na]
	at org.evosuite.ga.metaheuristics.mosa.MOSA.evolve(MOSA.java:89) [evosuite-client-1.0.4-SNAPSHOT.jar:na]
	at org.evosuite.ga.metaheuristics.mosa.MOSA.generateSolution(MOSA.java:205) [evosuite-client-1.0.4-SNAPSHOT.jar:na]
	at org.evosuite.strategy.MOSuiteStrategy.generateTests(MOSuiteStrategy.java:127) [evosuite-client-1.0.4-SNAPSHOT.jar:na]
	at org.evosuite.TestSuiteGenerator.generateTests(TestSuiteGenerator.java:654) [evosuite-client-1.0.4-SNAPSHOT.jar:na]
	at org.evosuite.TestSuiteGenerator.generateTestSuite(TestSuiteGenerator.java:213) [evosuite-client-1.0.4-SNAPSHOT.jar:na]
	at org.evosuite.rmi.service.ClientNodeImpl$1.run(ClientNodeImpl.java:145) [evosuite-client-1.0.4-SNAPSHOT.jar:na]
	at java.util.concurrent.Executors$RunnableAdapter.call(Executors.java:511) [na:1.8.0_265]
	at java.util.concurrent.FutureTask.run(FutureTask.java:266) [na:1.8.0_265]
	at java.util.concurrent.ThreadPoolExecutor.runWorker(ThreadPoolExecutor.java:1149) [na:1.8.0_265]
	at java.util.concurrent.ThreadPoolExecutor$Worker.run(ThreadPoolExecutor.java:624) [na:1.8.0_265]
	at java.lang.Thread.run(Thread.java:748) [na:1.8.0_265]
Aug 20, 2020 8:42:19 AM org.openqa.selenium.remote.ProtocolHandshake createSession
[MASTER] 16:42:19.913 [Thread-3] ERROR ExternalProcessHandler - Aug 20, 2020 8:42:19 AM org.openqa.selenium.remote.ProtocolHandshake createSession

INFO: Detected dialect: OSS
[MASTER] 16:42:19.913 [Thread-3] ERROR ExternalProcessHandler - INFO: Detected dialect: OSS

Aug 20, 2020 8:42:21 AM org.openqa.selenium.remote.ProtocolHandshake createSession
[MASTER] 16:42:21.666 [Thread-3] ERROR ExternalProcessHandler - Aug 20, 2020 8:42:21 AM org.openqa.selenium.remote.ProtocolHandshake createSession

INFO: Detected dialect: OSS
[MASTER] 16:42:21.666 [Thread-3] ERROR ExternalProcessHandler - INFO: Detected dialect: OSS

Aug 20, 2020 8:42:22 AM org.openqa.selenium.remote.ProtocolHandshake createSession
[MASTER] 16:42:22.878 [Thread-3] ERROR ExternalProcessHandler - Aug 20, 2020 8:42:22 AM org.openqa.selenium.remote.ProtocolHandshake createSession

INFO: Detected dialect: OSS
[MASTER] 16:42:22.878 [Thread-3] ERROR ExternalProcessHandler - INFO: Detected dialect: OSS

Aug 20, 2020 8:42:24 AM org.openqa.selenium.remote.ProtocolHandshake createSession
[MASTER] 16:42:24.295 [Thread-3] ERROR ExternalProcessHandler - Aug 20, 2020 8:42:24 AM org.openqa.selenium.remote.ProtocolHandshake createSession

INFO: Detected dialect: OSS
[MASTER] 16:42:24.295 [Thread-3] ERROR ExternalProcessHandler - INFO: Detected dialect: OSS

Aug 20, 2020 8:42:27 AM org.openqa.selenium.remote.ProtocolHandshake createSession
[MASTER] 16:42:27.454 [Thread-3] ERROR ExternalProcessHandler - Aug 20, 2020 8:42:27 AM org.openqa.selenium.remote.ProtocolHandshake createSession

INFO: Detected dialect: OSS
[MASTER] 16:42:27.454 [Thread-3] ERROR ExternalProcessHandler - INFO: Detected dialect: OSS

Aug 20, 2020 8:42:38 AM org.openqa.selenium.remote.ProtocolHandshake createSession
[MASTER] 16:42:38.737 [Thread-3] ERROR ExternalProcessHandler - Aug 20, 2020 8:42:38 AM org.openqa.selenium.remote.ProtocolHandshake createSession

INFO: Detected dialect: OSS
[MASTER] 16:42:38.737 [Thread-3] ERROR ExternalProcessHandler - INFO: Detected dialect: OSS

Aug 20, 2020 8:42:57 AM org.openqa.selenium.remote.ProtocolHandshake createSession
[MASTER] 16:42:57.988 [Thread-3] ERROR ExternalProcessHandler - Aug 20, 2020 8:42:57 AM org.openqa.selenium.remote.ProtocolHandshake createSession

INFO: Detected dialect: OSS
[MASTER] 16:42:57.989 [Thread-3] ERROR ExternalProcessHandler - INFO: Detected dialect: OSS

[MASTER] 16:43:25.131 [logback-2] ERROR TestCaseExecutor - TG: Exception caught: 
java.lang.IllegalStateException: Test generation failed: page object bug.
	at org.evosuite.testcase.execution.TestCaseExecutor.runTest(TestCaseExecutor.java:322) ~[evosuite-client-1.0.4-SNAPSHOT.jar:na]
	at org.evosuite.testcase.TestFitnessFunction.runTest(TestFitnessFunction.java:91) [evosuite-client-1.0.4-SNAPSHOT.jar:na]
	at org.evosuite.testcase.TestFitnessFunction.getFitness(TestFitnessFunction.java:60) [evosuite-client-1.0.4-SNAPSHOT.jar:na]
	at org.evosuite.testcase.TestFitnessFunction.getFitness(TestFitnessFunction.java:34) [evosuite-client-1.0.4-SNAPSHOT.jar:na]
	at org.evosuite.ga.metaheuristics.mosa.MOSA.calculateFitness(MOSA.java:155) [evosuite-client-1.0.4-SNAPSHOT.jar:na]
	at org.evosuite.ga.metaheuristics.mosa.AbstractMOSA.breedNextGeneration(AbstractMOSA.java:144) [evosuite-client-1.0.4-SNAPSHOT.jar:na]
	at org.evosuite.ga.metaheuristics.mosa.MOSA.evolve(MOSA.java:89) [evosuite-client-1.0.4-SNAPSHOT.jar:na]
	at org.evosuite.ga.metaheuristics.mosa.MOSA.generateSolution(MOSA.java:205) [evosuite-client-1.0.4-SNAPSHOT.jar:na]
	at org.evosuite.strategy.MOSuiteStrategy.generateTests(MOSuiteStrategy.java:127) [evosuite-client-1.0.4-SNAPSHOT.jar:na]
	at org.evosuite.TestSuiteGenerator.generateTests(TestSuiteGenerator.java:654) [evosuite-client-1.0.4-SNAPSHOT.jar:na]
	at org.evosuite.TestSuiteGenerator.generateTestSuite(TestSuiteGenerator.java:213) [evosuite-client-1.0.4-SNAPSHOT.jar:na]
	at org.evosuite.rmi.service.ClientNodeImpl$1.run(ClientNodeImpl.java:145) [evosuite-client-1.0.4-SNAPSHOT.jar:na]
	at java.util.concurrent.Executors$RunnableAdapter.call(Executors.java:511) [na:1.8.0_265]
	at java.util.concurrent.FutureTask.run(FutureTask.java:266) [na:1.8.0_265]
	at java.util.concurrent.ThreadPoolExecutor.runWorker(ThreadPoolExecutor.java:1149) [na:1.8.0_265]
	at java.util.concurrent.ThreadPoolExecutor$Worker.run(ThreadPoolExecutor.java:624) [na:1.8.0_265]
	at java.lang.Thread.run(Thread.java:748) [na:1.8.0_265]
Aug 20, 2020 8:43:25 AM org.openqa.selenium.remote.ProtocolHandshake createSession
[MASTER] 16:43:25.322 [Thread-3] ERROR ExternalProcessHandler - Aug 20, 2020 8:43:25 AM org.openqa.selenium.remote.ProtocolHandshake createSession

INFO: Detected dialect: OSS
[MASTER] 16:43:25.322 [Thread-3] ERROR ExternalProcessHandler - INFO: Detected dialect: OSS

Aug 20, 2020 8:43:29 AM org.openqa.selenium.remote.ProtocolHandshake createSession
[MASTER] 16:43:29.694 [Thread-3] ERROR ExternalProcessHandler - Aug 20, 2020 8:43:29 AM org.openqa.selenium.remote.ProtocolHandshake createSession

INFO: Detected dialect: OSS
[MASTER] 16:43:29.694 [Thread-3] ERROR ExternalProcessHandler - INFO: Detected dialect: OSS

Aug 20, 2020 8:43:34 AM org.openqa.selenium.remote.ProtocolHandshake createSession
[MASTER] 16:43:34.313 [Thread-3] ERROR ExternalProcessHandler - Aug 20, 2020 8:43:34 AM org.openqa.selenium.remote.ProtocolHandshake createSession

INFO: Detected dialect: OSS
[MASTER] 16:43:34.313 [Thread-3] ERROR ExternalProcessHandler - INFO: Detected dialect: OSS

Aug 20, 2020 8:43:46 AM org.openqa.selenium.remote.ProtocolHandshake createSession
[MASTER] 16:43:46.480 [Thread-3] ERROR ExternalProcessHandler - Aug 20, 2020 8:43:46 AM org.openqa.selenium.remote.ProtocolHandshake createSession

INFO: Detected dialect: OSS
[MASTER] 16:43:46.480 [Thread-3] ERROR ExternalProcessHandler - INFO: Detected dialect: OSS

Aug 20, 2020 8:44:06 AM org.openqa.selenium.remote.ProtocolHandshake createSession
[MASTER] 16:44:06.137 [Thread-3] ERROR ExternalProcessHandler - Aug 20, 2020 8:44:06 AM org.openqa.selenium.remote.ProtocolHandshake createSession

INFO: Detected dialect: OSS
[MASTER] 16:44:06.138 [Thread-3] ERROR ExternalProcessHandler - INFO: Detected dialect: OSS

[MASTER] 16:44:32.997 [logback-2] ERROR TestCaseExecutor - TG: Exception caught: 
java.lang.IllegalStateException: Test generation failed: page object bug.
	at org.evosuite.testcase.execution.TestCaseExecutor.runTest(TestCaseExecutor.java:322) ~[evosuite-client-1.0.4-SNAPSHOT.jar:na]
	at org.evosuite.testcase.TestFitnessFunction.runTest(TestFitnessFunction.java:91) [evosuite-client-1.0.4-SNAPSHOT.jar:na]
	at org.evosuite.testcase.TestFitnessFunction.getFitness(TestFitnessFunction.java:60) [evosuite-client-1.0.4-SNAPSHOT.jar:na]
	at org.evosuite.testcase.TestFitnessFunction.getFitness(TestFitnessFunction.java:34) [evosuite-client-1.0.4-SNAPSHOT.jar:na]
	at org.evosuite.ga.metaheuristics.mosa.MOSA.calculateFitness(MOSA.java:155) [evosuite-client-1.0.4-SNAPSHOT.jar:na]
	at org.evosuite.ga.metaheuristics.mosa.AbstractMOSA.breedNextGeneration(AbstractMOSA.java:144) [evosuite-client-1.0.4-SNAPSHOT.jar:na]
	at org.evosuite.ga.metaheuristics.mosa.MOSA.evolve(MOSA.java:89) [evosuite-client-1.0.4-SNAPSHOT.jar:na]
	at org.evosuite.ga.metaheuristics.mosa.MOSA.generateSolution(MOSA.java:205) [evosuite-client-1.0.4-SNAPSHOT.jar:na]
	at org.evosuite.strategy.MOSuiteStrategy.generateTests(MOSuiteStrategy.java:127) [evosuite-client-1.0.4-SNAPSHOT.jar:na]
	at org.evosuite.TestSuiteGenerator.generateTests(TestSuiteGenerator.java:654) [evosuite-client-1.0.4-SNAPSHOT.jar:na]
	at org.evosuite.TestSuiteGenerator.generateTestSuite(TestSuiteGenerator.java:213) [evosuite-client-1.0.4-SNAPSHOT.jar:na]
	at org.evosuite.rmi.service.ClientNodeImpl$1.run(ClientNodeImpl.java:145) [evosuite-client-1.0.4-SNAPSHOT.jar:na]
	at java.util.concurrent.Executors$RunnableAdapter.call(Executors.java:511) [na:1.8.0_265]
	at java.util.concurrent.FutureTask.run(FutureTask.java:266) [na:1.8.0_265]
	at java.util.concurrent.ThreadPoolExecutor.runWorker(ThreadPoolExecutor.java:1149) [na:1.8.0_265]
	at java.util.concurrent.ThreadPoolExecutor$Worker.run(ThreadPoolExecutor.java:624) [na:1.8.0_265]
	at java.lang.Thread.run(Thread.java:748) [na:1.8.0_265]
Aug 20, 2020 8:44:33 AM org.openqa.selenium.remote.ProtocolHandshake createSession
[MASTER] 16:44:33.145 [Thread-3] ERROR ExternalProcessHandler - Aug 20, 2020 8:44:33 AM org.openqa.selenium.remote.ProtocolHandshake createSession

INFO: Detected dialect: OSS
[MASTER] 16:44:33.145 [Thread-3] ERROR ExternalProcessHandler - INFO: Detected dialect: OSS

Aug 20, 2020 8:44:38 AM org.openqa.selenium.remote.ProtocolHandshake createSession
[MASTER] 16:44:38.089 [Thread-3] ERROR ExternalProcessHandler - Aug 20, 2020 8:44:38 AM org.openqa.selenium.remote.ProtocolHandshake createSession

INFO: Detected dialect: OSS
[MASTER] 16:44:38.089 [Thread-3] ERROR ExternalProcessHandler - INFO: Detected dialect: OSS

Aug 20, 2020 8:44:52 AM org.openqa.selenium.remote.ProtocolHandshake createSession
[MASTER] 16:44:52.065 [Thread-3] ERROR ExternalProcessHandler - Aug 20, 2020 8:44:52 AM org.openqa.selenium.remote.ProtocolHandshake createSession

INFO: Detected dialect: OSS
[MASTER] 16:44:52.066 [Thread-3] ERROR ExternalProcessHandler - INFO: Detected dialect: OSS

Aug 20, 2020 8:45:14 AM org.openqa.selenium.remote.ProtocolHandshake createSession
[MASTER] 16:45:14.883 [Thread-3] ERROR ExternalProcessHandler - Aug 20, 2020 8:45:14 AM org.openqa.selenium.remote.ProtocolHandshake createSession

INFO: Detected dialect: OSS
[MASTER] 16:45:14.883 [Thread-3] ERROR ExternalProcessHandler - INFO: Detected dialect: OSS

[MASTER] 16:45:46.663 [logback-2] ERROR TestCaseExecutor - TG: Exception caught: 
java.lang.IllegalStateException: Test generation failed: page object bug.
	at org.evosuite.testcase.execution.TestCaseExecutor.runTest(TestCaseExecutor.java:322) ~[evosuite-client-1.0.4-SNAPSHOT.jar:na]
	at org.evosuite.testcase.TestFitnessFunction.runTest(TestFitnessFunction.java:91) [evosuite-client-1.0.4-SNAPSHOT.jar:na]
	at org.evosuite.testcase.TestFitnessFunction.getFitness(TestFitnessFunction.java:60) [evosuite-client-1.0.4-SNAPSHOT.jar:na]
	at org.evosuite.testcase.TestFitnessFunction.getFitness(TestFitnessFunction.java:34) [evosuite-client-1.0.4-SNAPSHOT.jar:na]
	at org.evosuite.ga.metaheuristics.mosa.MOSA.calculateFitness(MOSA.java:155) [evosuite-client-1.0.4-SNAPSHOT.jar:na]
	at org.evosuite.ga.metaheuristics.mosa.AbstractMOSA.breedNextGeneration(AbstractMOSA.java:153) [evosuite-client-1.0.4-SNAPSHOT.jar:na]
	at org.evosuite.ga.metaheuristics.mosa.MOSA.evolve(MOSA.java:89) [evosuite-client-1.0.4-SNAPSHOT.jar:na]
	at org.evosuite.ga.metaheuristics.mosa.MOSA.generateSolution(MOSA.java:205) [evosuite-client-1.0.4-SNAPSHOT.jar:na]
	at org.evosuite.strategy.MOSuiteStrategy.generateTests(MOSuiteStrategy.java:127) [evosuite-client-1.0.4-SNAPSHOT.jar:na]
	at org.evosuite.TestSuiteGenerator.generateTests(TestSuiteGenerator.java:654) [evosuite-client-1.0.4-SNAPSHOT.jar:na]
	at org.evosuite.TestSuiteGenerator.generateTestSuite(TestSuiteGenerator.java:213) [evosuite-client-1.0.4-SNAPSHOT.jar:na]
	at org.evosuite.rmi.service.ClientNodeImpl$1.run(ClientNodeImpl.java:145) [evosuite-client-1.0.4-SNAPSHOT.jar:na]
	at java.util.concurrent.Executors$RunnableAdapter.call(Executors.java:511) [na:1.8.0_265]
	at java.util.concurrent.FutureTask.run(FutureTask.java:266) [na:1.8.0_265]
	at java.util.concurrent.ThreadPoolExecutor.runWorker(ThreadPoolExecutor.java:1149) [na:1.8.0_265]
	at java.util.concurrent.ThreadPoolExecutor$Worker.run(ThreadPoolExecutor.java:624) [na:1.8.0_265]
	at java.lang.Thread.run(Thread.java:748) [na:1.8.0_265]
Aug 20, 2020 8:45:46 AM org.openqa.selenium.remote.ProtocolHandshake createSession
[MASTER] 16:45:46.861 [Thread-3] ERROR ExternalProcessHandler - Aug 20, 2020 8:45:46 AM org.openqa.selenium.remote.ProtocolHandshake createSession

INFO: Detected dialect: OSS
[MASTER] 16:45:46.862 [Thread-3] ERROR ExternalProcessHandler - INFO: Detected dialect: OSS

Aug 20, 2020 8:45:48 AM org.openqa.selenium.remote.ProtocolHandshake createSession
[MASTER] 16:45:48.272 [Thread-3] ERROR ExternalProcessHandler - Aug 20, 2020 8:45:48 AM org.openqa.selenium.remote.ProtocolHandshake createSession

INFO: Detected dialect: OSS
[MASTER] 16:45:48.273 [Thread-3] ERROR ExternalProcessHandler - INFO: Detected dialect: OSS

Aug 20, 2020 8:45:50 AM org.openqa.selenium.remote.ProtocolHandshake createSession
[MASTER] 16:45:50.494 [Thread-3] ERROR ExternalProcessHandler - Aug 20, 2020 8:45:50 AM org.openqa.selenium.remote.ProtocolHandshake createSession

INFO: Detected dialect: OSS
[MASTER] 16:45:50.494 [Thread-3] ERROR ExternalProcessHandler - INFO: Detected dialect: OSS

Aug 20, 2020 8:45:53 AM org.openqa.selenium.remote.ProtocolHandshake createSession
[MASTER] 16:45:53.875 [Thread-3] ERROR ExternalProcessHandler - Aug 20, 2020 8:45:53 AM org.openqa.selenium.remote.ProtocolHandshake createSession

INFO: Detected dialect: OSS
[MASTER] 16:45:53.875 [Thread-3] ERROR ExternalProcessHandler - INFO: Detected dialect: OSS

Aug 20, 2020 8:46:00 AM org.openqa.selenium.remote.ProtocolHandshake createSession
[MASTER] 16:46:00.596 [Thread-3] ERROR ExternalProcessHandler - Aug 20, 2020 8:46:00 AM org.openqa.selenium.remote.ProtocolHandshake createSession

INFO: Detected dialect: OSS
[MASTER] 16:46:00.597 [Thread-3] ERROR ExternalProcessHandler - INFO: Detected dialect: OSS

Aug 20, 2020 8:46:10 AM org.openqa.selenium.remote.ProtocolHandshake createSession
[MASTER] 16:46:10.634 [Thread-3] ERROR ExternalProcessHandler - Aug 20, 2020 8:46:10 AM org.openqa.selenium.remote.ProtocolHandshake createSession

INFO: Detected dialect: OSS
[MASTER] 16:46:10.635 [Thread-3] ERROR ExternalProcessHandler - INFO: Detected dialect: OSS

[MASTER] 16:46:23.755 [logback-2] ERROR TestCaseExecutor - TG: Exception caught: 
java.lang.IllegalStateException: Test generation failed: page object bug.
	at org.evosuite.testcase.execution.TestCaseExecutor.runTest(TestCaseExecutor.java:322) ~[evosuite-client-1.0.4-SNAPSHOT.jar:na]
	at org.evosuite.testcase.TestFitnessFunction.runTest(TestFitnessFunction.java:91) [evosuite-client-1.0.4-SNAPSHOT.jar:na]
	at org.evosuite.testcase.TestFitnessFunction.getFitness(TestFitnessFunction.java:60) [evosuite-client-1.0.4-SNAPSHOT.jar:na]
	at org.evosuite.testcase.TestFitnessFunction.getFitness(TestFitnessFunction.java:34) [evosuite-client-1.0.4-SNAPSHOT.jar:na]
	at org.evosuite.ga.metaheuristics.mosa.MOSA.calculateFitness(MOSA.java:155) [evosuite-client-1.0.4-SNAPSHOT.jar:na]
	at org.evosuite.ga.metaheuristics.mosa.AbstractMOSA.breedNextGeneration(AbstractMOSA.java:153) [evosuite-client-1.0.4-SNAPSHOT.jar:na]
	at org.evosuite.ga.metaheuristics.mosa.MOSA.evolve(MOSA.java:89) [evosuite-client-1.0.4-SNAPSHOT.jar:na]
	at org.evosuite.ga.metaheuristics.mosa.MOSA.generateSolution(MOSA.java:205) [evosuite-client-1.0.4-SNAPSHOT.jar:na]
	at org.evosuite.strategy.MOSuiteStrategy.generateTests(MOSuiteStrategy.java:127) [evosuite-client-1.0.4-SNAPSHOT.jar:na]
	at org.evosuite.TestSuiteGenerator.generateTests(TestSuiteGenerator.java:654) [evosuite-client-1.0.4-SNAPSHOT.jar:na]
	at org.evosuite.TestSuiteGenerator.generateTestSuite(TestSuiteGenerator.java:213) [evosuite-client-1.0.4-SNAPSHOT.jar:na]
	at org.evosuite.rmi.service.ClientNodeImpl$1.run(ClientNodeImpl.java:145) [evosuite-client-1.0.4-SNAPSHOT.jar:na]
	at java.util.concurrent.Executors$RunnableAdapter.call(Executors.java:511) [na:1.8.0_265]
	at java.util.concurrent.FutureTask.run(FutureTask.java:266) [na:1.8.0_265]
	at java.util.concurrent.ThreadPoolExecutor.runWorker(ThreadPoolExecutor.java:1149) [na:1.8.0_265]
	at java.util.concurrent.ThreadPoolExecutor$Worker.run(ThreadPoolExecutor.java:624) [na:1.8.0_265]
	at java.lang.Thread.run(Thread.java:748) [na:1.8.0_265]
Aug 20, 2020 8:46:23 AM org.openqa.selenium.remote.ProtocolHandshake createSession
[MASTER] 16:46:23.922 [Thread-3] ERROR ExternalProcessHandler - Aug 20, 2020 8:46:23 AM org.openqa.selenium.remote.ProtocolHandshake createSession

INFO: Detected dialect: OSS
[MASTER] 16:46:23.922 [Thread-3] ERROR ExternalProcessHandler - INFO: Detected dialect: OSS

Aug 20, 2020 8:46:25 AM po_utils.PageObjectLogging logInfo
[MASTER] 16:46:25.751 [Thread-3] ERROR ExternalProcessHandler - Aug 20, 2020 8:46:25 AM po_utils.PageObjectLogging logInfo

INFO: waitForElementBeingPresentOnPage timeout exception: unable to locate the element By.xpath: //button[text()="Create a new session"]
[MASTER] 16:46:25.752 [Thread-3] ERROR ExternalProcessHandler - INFO: waitForElementBeingPresentOnPage timeout exception: unable to locate the element By.xpath: //button[text()="Create a new session"]


[MASTER] 16:46:25.752 [Thread-3] ERROR ExternalProcessHandler - 


[MASTER] 16:46:25.752 [Thread-3] ERROR ExternalProcessHandler - 

Aug 20, 2020 8:46:26 AM org.openqa.selenium.remote.ProtocolHandshake createSession
[MASTER] 16:46:26.732 [Thread-3] ERROR ExternalProcessHandler - Aug 20, 2020 8:46:26 AM org.openqa.selenium.remote.ProtocolHandshake createSession

INFO: Detected dialect: OSS
[MASTER] 16:46:26.732 [Thread-3] ERROR ExternalProcessHandler - INFO: Detected dialect: OSS

Aug 20, 2020 8:46:30 AM po_utils.PageObjectLogging logInfo
[MASTER] 16:46:30.538 [Thread-3] ERROR ExternalProcessHandler - Aug 20, 2020 8:46:30 AM po_utils.PageObjectLogging logInfo

INFO: waitForElementBeingPresentOnPage timeout exception: unable to locate the element By.xpath: //button[text()="Create a new session"]
[MASTER] 16:46:30.539 [Thread-3] ERROR ExternalProcessHandler - INFO: waitForElementBeingPresentOnPage timeout exception: unable to locate the element By.xpath: //button[text()="Create a new session"]


[MASTER] 16:46:30.539 [Thread-3] ERROR ExternalProcessHandler - 


[MASTER] 16:46:30.539 [Thread-3] ERROR ExternalProcessHandler - 

Aug 20, 2020 8:46:34 AM org.openqa.selenium.remote.ProtocolHandshake createSession
[MASTER] 16:46:34.578 [Thread-3] ERROR ExternalProcessHandler - Aug 20, 2020 8:46:34 AM org.openqa.selenium.remote.ProtocolHandshake createSession

INFO: Detected dialect: OSS
[MASTER] 16:46:34.579 [Thread-3] ERROR ExternalProcessHandler - INFO: Detected dialect: OSS

Aug 20, 2020 8:46:40 AM po_utils.PageObjectLogging logInfo
[MASTER] 16:46:40.091 [Thread-3] ERROR ExternalProcessHandler - Aug 20, 2020 8:46:40 AM po_utils.PageObjectLogging logInfo

INFO: waitForElementBeingPresentOnPage timeout exception: unable to locate the element By.xpath: //button[text()="Create a new session"]
[MASTER] 16:46:40.092 [Thread-3] ERROR ExternalProcessHandler - INFO: waitForElementBeingPresentOnPage timeout exception: unable to locate the element By.xpath: //button[text()="Create a new session"]


[MASTER] 16:46:40.092 [Thread-3] ERROR ExternalProcessHandler - 


[MASTER] 16:46:40.092 [Thread-3] ERROR ExternalProcessHandler - 

Aug 20, 2020 8:46:47 AM org.openqa.selenium.remote.ProtocolHandshake createSession
[MASTER] 16:46:47.130 [Thread-3] ERROR ExternalProcessHandler - Aug 20, 2020 8:46:47 AM org.openqa.selenium.remote.ProtocolHandshake createSession

INFO: Detected dialect: OSS
[MASTER] 16:46:47.130 [Thread-3] ERROR ExternalProcessHandler - INFO: Detected dialect: OSS

Aug 20, 2020 8:46:54 AM po_utils.PageObjectLogging logInfo
[MASTER] 16:46:54.473 [Thread-3] ERROR ExternalProcessHandler - Aug 20, 2020 8:46:54 AM po_utils.PageObjectLogging logInfo

INFO: waitForElementBeingPresentOnPage timeout exception: unable to locate the element By.xpath: //button[text()="Create a new session"]
[MASTER] 16:46:54.474 [Thread-3] ERROR ExternalProcessHandler - INFO: waitForElementBeingPresentOnPage timeout exception: unable to locate the element By.xpath: //button[text()="Create a new session"]


[MASTER] 16:46:54.474 [Thread-3] ERROR ExternalProcessHandler - 


[MASTER] 16:46:54.474 [Thread-3] ERROR ExternalProcessHandler - 

[MASTER] 16:47:04.392 [logback-2] ERROR TestCaseExecutor - TG: Exception caught: 
java.lang.IllegalStateException: Test generation failed: page object bug.
	at org.evosuite.testcase.execution.TestCaseExecutor.runTest(TestCaseExecutor.java:322) ~[evosuite-client-1.0.4-SNAPSHOT.jar:na]
	at org.evosuite.testcase.TestFitnessFunction.runTest(TestFitnessFunction.java:91) [evosuite-client-1.0.4-SNAPSHOT.jar:na]
	at org.evosuite.testcase.TestFitnessFunction.getFitness(TestFitnessFunction.java:60) [evosuite-client-1.0.4-SNAPSHOT.jar:na]
	at org.evosuite.testcase.TestFitnessFunction.getFitness(TestFitnessFunction.java:34) [evosuite-client-1.0.4-SNAPSHOT.jar:na]
	at org.evosuite.ga.metaheuristics.mosa.MOSA.calculateFitness(MOSA.java:155) [evosuite-client-1.0.4-SNAPSHOT.jar:na]
	at org.evosuite.ga.metaheuristics.mosa.AbstractMOSA.breedNextGeneration(AbstractMOSA.java:144) [evosuite-client-1.0.4-SNAPSHOT.jar:na]
	at org.evosuite.ga.metaheuristics.mosa.MOSA.evolve(MOSA.java:89) [evosuite-client-1.0.4-SNAPSHOT.jar:na]
	at org.evosuite.ga.metaheuristics.mosa.MOSA.generateSolution(MOSA.java:205) [evosuite-client-1.0.4-SNAPSHOT.jar:na]
	at org.evosuite.strategy.MOSuiteStrategy.generateTests(MOSuiteStrategy.java:127) [evosuite-client-1.0.4-SNAPSHOT.jar:na]
	at org.evosuite.TestSuiteGenerator.generateTests(TestSuiteGenerator.java:654) [evosuite-client-1.0.4-SNAPSHOT.jar:na]
	at org.evosuite.TestSuiteGenerator.generateTestSuite(TestSuiteGenerator.java:213) [evosuite-client-1.0.4-SNAPSHOT.jar:na]
	at org.evosuite.rmi.service.ClientNodeImpl$1.run(ClientNodeImpl.java:145) [evosuite-client-1.0.4-SNAPSHOT.jar:na]
	at java.util.concurrent.Executors$RunnableAdapter.call(Executors.java:511) [na:1.8.0_265]
	at java.util.concurrent.FutureTask.run(FutureTask.java:266) [na:1.8.0_265]
	at java.util.concurrent.ThreadPoolExecutor.runWorker(ThreadPoolExecutor.java:1149) [na:1.8.0_265]
	at java.util.concurrent.ThreadPoolExecutor$Worker.run(ThreadPoolExecutor.java:624) [na:1.8.0_265]
	at java.lang.Thread.run(Thread.java:748) [na:1.8.0_265]
Aug 20, 2020 8:47:04 AM org.openqa.selenium.remote.ProtocolHandshake createSession
[MASTER] 16:47:04.594 [Thread-3] ERROR ExternalProcessHandler - Aug 20, 2020 8:47:04 AM org.openqa.selenium.remote.ProtocolHandshake createSession

INFO: Detected dialect: OSS
[MASTER] 16:47:04.594 [Thread-3] ERROR ExternalProcessHandler - INFO: Detected dialect: OSS

Aug 20, 2020 8:47:08 AM org.openqa.selenium.remote.ProtocolHandshake createSession
[MASTER] 16:47:08.840 [Thread-3] ERROR ExternalProcessHandler - Aug 20, 2020 8:47:08 AM org.openqa.selenium.remote.ProtocolHandshake createSession

INFO: Detected dialect: OSS
[MASTER] 16:47:08.840 [Thread-3] ERROR ExternalProcessHandler - INFO: Detected dialect: OSS

Aug 20, 2020 8:47:11 AM org.openqa.selenium.remote.ProtocolHandshake createSession
[MASTER] 16:47:11.126 [Thread-3] ERROR ExternalProcessHandler - Aug 20, 2020 8:47:11 AM org.openqa.selenium.remote.ProtocolHandshake createSession

INFO: Detected dialect: OSS
[MASTER] 16:47:11.126 [Thread-3] ERROR ExternalProcessHandler - INFO: Detected dialect: OSS

Aug 20, 2020 8:47:12 AM po_utils.PageObjectLogging logInfo
[MASTER] 16:47:12.745 [Thread-3] ERROR ExternalProcessHandler - Aug 20, 2020 8:47:12 AM po_utils.PageObjectLogging logInfo

INFO: waitForElementBeingPresentOnPage timeout exception: unable to locate the element By.xpath: //button[text()="Create a new session"]
[MASTER] 16:47:12.745 [Thread-3] ERROR ExternalProcessHandler - INFO: waitForElementBeingPresentOnPage timeout exception: unable to locate the element By.xpath: //button[text()="Create a new session"]


[MASTER] 16:47:12.745 [Thread-3] ERROR ExternalProcessHandler - 


[MASTER] 16:47:12.745 [Thread-3] ERROR ExternalProcessHandler - 

Aug 20, 2020 8:47:14 AM po_utils.PageObjectLogging logInfo
[MASTER] 16:47:14.144 [Thread-3] ERROR ExternalProcessHandler - Aug 20, 2020 8:47:14 AM po_utils.PageObjectLogging logInfo

INFO: waitForElementBeingPresentOnPage timeout exception: unable to locate the element By.xpath: //button[text()="Create a new session"]
[MASTER] 16:47:14.145 [Thread-3] ERROR ExternalProcessHandler - INFO: waitForElementBeingPresentOnPage timeout exception: unable to locate the element By.xpath: //button[text()="Create a new session"]


[MASTER] 16:47:14.145 [Thread-3] ERROR ExternalProcessHandler - 


[MASTER] 16:47:14.145 [Thread-3] ERROR ExternalProcessHandler - 

Aug 20, 2020 8:47:15 AM org.openqa.selenium.remote.ProtocolHandshake createSession
[MASTER] 16:47:15.078 [Thread-3] ERROR ExternalProcessHandler - Aug 20, 2020 8:47:15 AM org.openqa.selenium.remote.ProtocolHandshake createSession

INFO: Detected dialect: OSS
[MASTER] 16:47:15.078 [Thread-3] ERROR ExternalProcessHandler - INFO: Detected dialect: OSS

Aug 20, 2020 8:47:18 AM org.openqa.selenium.remote.ProtocolHandshake createSession
[MASTER] 16:47:18.489 [Thread-3] ERROR ExternalProcessHandler - Aug 20, 2020 8:47:18 AM org.openqa.selenium.remote.ProtocolHandshake createSession

INFO: Detected dialect: OSS
[MASTER] 16:47:18.489 [Thread-3] ERROR ExternalProcessHandler - INFO: Detected dialect: OSS

Aug 20, 2020 8:47:26 AM org.openqa.selenium.remote.ProtocolHandshake createSession
[MASTER] 16:47:26.306 [Thread-3] ERROR ExternalProcessHandler - Aug 20, 2020 8:47:26 AM org.openqa.selenium.remote.ProtocolHandshake createSession

INFO: Detected dialect: OSS
[MASTER] 16:47:26.306 [Thread-3] ERROR ExternalProcessHandler - INFO: Detected dialect: OSS

Aug 20, 2020 8:47:38 AM org.openqa.selenium.remote.ProtocolHandshake createSession
[MASTER] 16:47:38.376 [Thread-3] ERROR ExternalProcessHandler - Aug 20, 2020 8:47:38 AM org.openqa.selenium.remote.ProtocolHandshake createSession

INFO: Detected dialect: OSS
[MASTER] 16:47:38.376 [Thread-3] ERROR ExternalProcessHandler - INFO: Detected dialect: OSS

[MASTER] 16:47:54.527 [logback-2] ERROR TestCaseExecutor - TG: Exception caught: 
java.lang.IllegalStateException: Test generation failed: page object bug.
	at org.evosuite.testcase.execution.TestCaseExecutor.runTest(TestCaseExecutor.java:322) ~[evosuite-client-1.0.4-SNAPSHOT.jar:na]
	at org.evosuite.testcase.TestFitnessFunction.runTest(TestFitnessFunction.java:91) [evosuite-client-1.0.4-SNAPSHOT.jar:na]
	at org.evosuite.testcase.TestFitnessFunction.getFitness(TestFitnessFunction.java:60) [evosuite-client-1.0.4-SNAPSHOT.jar:na]
	at org.evosuite.testcase.TestFitnessFunction.getFitness(TestFitnessFunction.java:34) [evosuite-client-1.0.4-SNAPSHOT.jar:na]
	at org.evosuite.ga.metaheuristics.mosa.MOSA.calculateFitness(MOSA.java:155) [evosuite-client-1.0.4-SNAPSHOT.jar:na]
	at org.evosuite.ga.metaheuristics.mosa.AbstractMOSA.breedNextGeneration(AbstractMOSA.java:153) [evosuite-client-1.0.4-SNAPSHOT.jar:na]
	at org.evosuite.ga.metaheuristics.mosa.MOSA.evolve(MOSA.java:89) [evosuite-client-1.0.4-SNAPSHOT.jar:na]
	at org.evosuite.ga.metaheuristics.mosa.MOSA.generateSolution(MOSA.java:205) [evosuite-client-1.0.4-SNAPSHOT.jar:na]
	at org.evosuite.strategy.MOSuiteStrategy.generateTests(MOSuiteStrategy.java:127) [evosuite-client-1.0.4-SNAPSHOT.jar:na]
	at org.evosuite.TestSuiteGenerator.generateTests(TestSuiteGenerator.java:654) [evosuite-client-1.0.4-SNAPSHOT.jar:na]
	at org.evosuite.TestSuiteGenerator.generateTestSuite(TestSuiteGenerator.java:213) [evosuite-client-1.0.4-SNAPSHOT.jar:na]
	at org.evosuite.rmi.service.ClientNodeImpl$1.run(ClientNodeImpl.java:145) [evosuite-client-1.0.4-SNAPSHOT.jar:na]
	at java.util.concurrent.Executors$RunnableAdapter.call(Executors.java:511) [na:1.8.0_265]
	at java.util.concurrent.FutureTask.run(FutureTask.java:266) [na:1.8.0_265]
	at java.util.concurrent.ThreadPoolExecutor.runWorker(ThreadPoolExecutor.java:1149) [na:1.8.0_265]
	at java.util.concurrent.ThreadPoolExecutor$Worker.run(ThreadPoolExecutor.java:624) [na:1.8.0_265]
	at java.lang.Thread.run(Thread.java:748) [na:1.8.0_265]
Aug 20, 2020 8:47:54 AM org.openqa.selenium.remote.ProtocolHandshake createSession
[MASTER] 16:47:54.736 [Thread-3] ERROR ExternalProcessHandler - Aug 20, 2020 8:47:54 AM org.openqa.selenium.remote.ProtocolHandshake createSession

INFO: Detected dialect: OSS
[MASTER] 16:47:54.737 [Thread-3] ERROR ExternalProcessHandler - INFO: Detected dialect: OSS

Aug 20, 2020 8:47:55 AM org.openqa.selenium.remote.ProtocolHandshake createSession
[MASTER] 16:47:55.791 [Thread-3] ERROR ExternalProcessHandler - Aug 20, 2020 8:47:55 AM org.openqa.selenium.remote.ProtocolHandshake createSession

INFO: Detected dialect: OSS
[MASTER] 16:47:55.791 [Thread-3] ERROR ExternalProcessHandler - INFO: Detected dialect: OSS

Aug 20, 2020 8:47:57 AM org.openqa.selenium.remote.ProtocolHandshake createSession
[MASTER] 16:47:57.935 [Thread-3] ERROR ExternalProcessHandler - Aug 20, 2020 8:47:57 AM org.openqa.selenium.remote.ProtocolHandshake createSession

INFO: Detected dialect: OSS
[MASTER] 16:47:57.935 [Thread-3] ERROR ExternalProcessHandler - INFO: Detected dialect: OSS

Aug 20, 2020 8:47:59 AM org.openqa.selenium.remote.ProtocolHandshake createSession
[MASTER] 16:47:59.470 [Thread-3] ERROR ExternalProcessHandler - Aug 20, 2020 8:47:59 AM org.openqa.selenium.remote.ProtocolHandshake createSession

INFO: Detected dialect: OSS
[MASTER] 16:47:59.470 [Thread-3] ERROR ExternalProcessHandler - INFO: Detected dialect: OSS

Aug 20, 2020 8:48:04 AM org.openqa.selenium.remote.ProtocolHandshake createSession
[MASTER] 16:48:04.781 [Thread-3] ERROR ExternalProcessHandler - Aug 20, 2020 8:48:04 AM org.openqa.selenium.remote.ProtocolHandshake createSession

INFO: Detected dialect: OSS
[MASTER] 16:48:04.781 [Thread-3] ERROR ExternalProcessHandler - INFO: Detected dialect: OSS

Aug 20, 2020 8:48:18 AM org.openqa.selenium.remote.ProtocolHandshake createSession
[MASTER] 16:48:18.441 [Thread-3] ERROR ExternalProcessHandler - Aug 20, 2020 8:48:18 AM org.openqa.selenium.remote.ProtocolHandshake createSession

INFO: Detected dialect: OSS
[MASTER] 16:48:18.441 [Thread-3] ERROR ExternalProcessHandler - INFO: Detected dialect: OSS

Aug 20, 2020 8:48:40 AM org.openqa.selenium.remote.ProtocolHandshake createSession
[MASTER] 16:48:40.138 [Thread-3] ERROR ExternalProcessHandler - Aug 20, 2020 8:48:40 AM org.openqa.selenium.remote.ProtocolHandshake createSession

INFO: Detected dialect: OSS
[MASTER] 16:48:40.138 [Thread-3] ERROR ExternalProcessHandler - INFO: Detected dialect: OSS

[MASTER] 16:49:10.079 [logback-2] ERROR TestCaseExecutor - TG: Exception caught: 
java.lang.IllegalStateException: Test generation failed: page object bug.
	at org.evosuite.testcase.execution.TestCaseExecutor.runTest(TestCaseExecutor.java:322) ~[evosuite-client-1.0.4-SNAPSHOT.jar:na]
	at org.evosuite.testcase.TestFitnessFunction.runTest(TestFitnessFunction.java:91) [evosuite-client-1.0.4-SNAPSHOT.jar:na]
	at org.evosuite.testcase.TestFitnessFunction.getFitness(TestFitnessFunction.java:60) [evosuite-client-1.0.4-SNAPSHOT.jar:na]
	at org.evosuite.testcase.TestFitnessFunction.getFitness(TestFitnessFunction.java:34) [evosuite-client-1.0.4-SNAPSHOT.jar:na]
	at org.evosuite.ga.metaheuristics.mosa.MOSA.calculateFitness(MOSA.java:155) [evosuite-client-1.0.4-SNAPSHOT.jar:na]
	at org.evosuite.ga.metaheuristics.mosa.AbstractMOSA.breedNextGeneration(AbstractMOSA.java:144) [evosuite-client-1.0.4-SNAPSHOT.jar:na]
	at org.evosuite.ga.metaheuristics.mosa.MOSA.evolve(MOSA.java:89) [evosuite-client-1.0.4-SNAPSHOT.jar:na]
	at org.evosuite.ga.metaheuristics.mosa.MOSA.generateSolution(MOSA.java:205) [evosuite-client-1.0.4-SNAPSHOT.jar:na]
	at org.evosuite.strategy.MOSuiteStrategy.generateTests(MOSuiteStrategy.java:127) [evosuite-client-1.0.4-SNAPSHOT.jar:na]
	at org.evosuite.TestSuiteGenerator.generateTests(TestSuiteGenerator.java:654) [evosuite-client-1.0.4-SNAPSHOT.jar:na]
	at org.evosuite.TestSuiteGenerator.generateTestSuite(TestSuiteGenerator.java:213) [evosuite-client-1.0.4-SNAPSHOT.jar:na]
	at org.evosuite.rmi.service.ClientNodeImpl$1.run(ClientNodeImpl.java:145) [evosuite-client-1.0.4-SNAPSHOT.jar:na]
	at java.util.concurrent.Executors$RunnableAdapter.call(Executors.java:511) [na:1.8.0_265]
	at java.util.concurrent.FutureTask.run(FutureTask.java:266) [na:1.8.0_265]
	at java.util.concurrent.ThreadPoolExecutor.runWorker(ThreadPoolExecutor.java:1149) [na:1.8.0_265]
	at java.util.concurrent.ThreadPoolExecutor$Worker.run(ThreadPoolExecutor.java:624) [na:1.8.0_265]
	at java.lang.Thread.run(Thread.java:748) [na:1.8.0_265]
Aug 20, 2020 8:49:10 AM org.openqa.selenium.remote.ProtocolHandshake createSession
[MASTER] 16:49:10.237 [Thread-3] ERROR ExternalProcessHandler - Aug 20, 2020 8:49:10 AM org.openqa.selenium.remote.ProtocolHandshake createSession

INFO: Detected dialect: OSS
[MASTER] 16:49:10.237 [Thread-3] ERROR ExternalProcessHandler - INFO: Detected dialect: OSS

Aug 20, 2020 8:49:11 AM org.openqa.selenium.remote.ProtocolHandshake createSession
[MASTER] 16:49:11.405 [Thread-3] ERROR ExternalProcessHandler - Aug 20, 2020 8:49:11 AM org.openqa.selenium.remote.ProtocolHandshake createSession

INFO: Detected dialect: OSS
[MASTER] 16:49:11.406 [Thread-3] ERROR ExternalProcessHandler - INFO: Detected dialect: OSS

Aug 20, 2020 8:49:12 AM org.openqa.selenium.remote.ProtocolHandshake createSession
[MASTER] 16:49:12.414 [Thread-3] ERROR ExternalProcessHandler - Aug 20, 2020 8:49:12 AM org.openqa.selenium.remote.ProtocolHandshake createSession

INFO: Detected dialect: OSS
[MASTER] 16:49:12.414 [Thread-3] ERROR ExternalProcessHandler - INFO: Detected dialect: OSS

Aug 20, 2020 8:49:13 AM org.openqa.selenium.remote.ProtocolHandshake createSession
[MASTER] 16:49:13.392 [Thread-3] ERROR ExternalProcessHandler - Aug 20, 2020 8:49:13 AM org.openqa.selenium.remote.ProtocolHandshake createSession

INFO: Detected dialect: OSS
[MASTER] 16:49:13.393 [Thread-3] ERROR ExternalProcessHandler - INFO: Detected dialect: OSS

Aug 20, 2020 8:49:14 AM org.openqa.selenium.remote.ProtocolHandshake createSession
[MASTER] 16:49:14.222 [Thread-3] ERROR ExternalProcessHandler - Aug 20, 2020 8:49:14 AM org.openqa.selenium.remote.ProtocolHandshake createSession

INFO: Detected dialect: OSS
[MASTER] 16:49:14.222 [Thread-3] ERROR ExternalProcessHandler - INFO: Detected dialect: OSS

Aug 20, 2020 8:49:15 AM org.openqa.selenium.remote.ProtocolHandshake createSession
[MASTER] 16:49:15.135 [Thread-3] ERROR ExternalProcessHandler - Aug 20, 2020 8:49:15 AM org.openqa.selenium.remote.ProtocolHandshake createSession

INFO: Detected dialect: OSS
[MASTER] 16:49:15.136 [Thread-3] ERROR ExternalProcessHandler - INFO: Detected dialect: OSS

Aug 20, 2020 8:49:18 AM org.openqa.selenium.remote.ProtocolHandshake createSession
[MASTER] 16:49:18.380 [Thread-3] ERROR ExternalProcessHandler - Aug 20, 2020 8:49:18 AM org.openqa.selenium.remote.ProtocolHandshake createSession

INFO: Detected dialect: OSS
[MASTER] 16:49:18.380 [Thread-3] ERROR ExternalProcessHandler - INFO: Detected dialect: OSS

Aug 20, 2020 8:49:25 AM org.openqa.selenium.remote.ProtocolHandshake createSession
[MASTER] 16:49:25.590 [Thread-3] ERROR ExternalProcessHandler - Aug 20, 2020 8:49:25 AM org.openqa.selenium.remote.ProtocolHandshake createSession

INFO: Detected dialect: OSS
[MASTER] 16:49:25.590 [Thread-3] ERROR ExternalProcessHandler - INFO: Detected dialect: OSS

Aug 20, 2020 8:49:36 AM org.openqa.selenium.remote.ProtocolHandshake createSession
[MASTER] 16:49:36.979 [Thread-3] ERROR ExternalProcessHandler - Aug 20, 2020 8:49:36 AM org.openqa.selenium.remote.ProtocolHandshake createSession

INFO: Detected dialect: OSS
[MASTER] 16:49:36.979 [Thread-3] ERROR ExternalProcessHandler - INFO: Detected dialect: OSS

[MASTER] 16:49:52.419 [logback-2] ERROR TestCaseExecutor - TG: Exception caught: 
java.lang.IllegalStateException: Test generation failed: page object bug.
	at org.evosuite.testcase.execution.TestCaseExecutor.runTest(TestCaseExecutor.java:322) ~[evosuite-client-1.0.4-SNAPSHOT.jar:na]
	at org.evosuite.testcase.TestFitnessFunction.runTest(TestFitnessFunction.java:91) [evosuite-client-1.0.4-SNAPSHOT.jar:na]
	at org.evosuite.testcase.TestFitnessFunction.isCovered(TestFitnessFunction.java:166) [evosuite-client-1.0.4-SNAPSHOT.jar:na]
	at org.evosuite.testsuite.TestSuiteMinimizer.minimizeTests(TestSuiteMinimizer.java:287) [evosuite-client-1.0.4-SNAPSHOT.jar:na]
	at org.evosuite.testsuite.TestSuiteMinimizer.minimize(TestSuiteMinimizer.java:111) [evosuite-client-1.0.4-SNAPSHOT.jar:na]
	at org.evosuite.TestSuiteGenerator.postProcessTests(TestSuiteGenerator.java:422) [evosuite-client-1.0.4-SNAPSHOT.jar:na]
	at org.evosuite.TestSuiteGenerator.generateTestSuite(TestSuiteGenerator.java:215) [evosuite-client-1.0.4-SNAPSHOT.jar:na]
	at org.evosuite.rmi.service.ClientNodeImpl$1.run(ClientNodeImpl.java:145) [evosuite-client-1.0.4-SNAPSHOT.jar:na]
	at java.util.concurrent.Executors$RunnableAdapter.call(Executors.java:511) [na:1.8.0_265]
	at java.util.concurrent.FutureTask.run(FutureTask.java:266) [na:1.8.0_265]
	at java.util.concurrent.ThreadPoolExecutor.runWorker(ThreadPoolExecutor.java:1149) [na:1.8.0_265]
	at java.util.concurrent.ThreadPoolExecutor$Worker.run(ThreadPoolExecutor.java:624) [na:1.8.0_265]
	at java.lang.Thread.run(Thread.java:748) [na:1.8.0_265]
Aug 20, 2020 8:49:52 AM org.openqa.selenium.remote.ProtocolHandshake createSession
[MASTER] 16:49:52.606 [Thread-3] ERROR ExternalProcessHandler - Aug 20, 2020 8:49:52 AM org.openqa.selenium.remote.ProtocolHandshake createSession

INFO: Detected dialect: OSS
[MASTER] 16:49:52.606 [Thread-3] ERROR ExternalProcessHandler - INFO: Detected dialect: OSS

Aug 20, 2020 8:49:55 AM org.openqa.selenium.remote.ProtocolHandshake createSession
[MASTER] 16:49:55.388 [Thread-3] ERROR ExternalProcessHandler - Aug 20, 2020 8:49:55 AM org.openqa.selenium.remote.ProtocolHandshake createSession

INFO: Detected dialect: OSS
[MASTER] 16:49:55.388 [Thread-3] ERROR ExternalProcessHandler - INFO: Detected dialect: OSS

Aug 20, 2020 8:49:58 AM org.openqa.selenium.remote.ProtocolHandshake createSession
[MASTER] 16:49:58.623 [Thread-3] ERROR ExternalProcessHandler - Aug 20, 2020 8:49:58 AM org.openqa.selenium.remote.ProtocolHandshake createSession

INFO: Detected dialect: OSS
[MASTER] 16:49:58.623 [Thread-3] ERROR ExternalProcessHandler - INFO: Detected dialect: OSS

Aug 20, 2020 8:50:05 AM org.openqa.selenium.remote.ProtocolHandshake createSession
[MASTER] 16:50:05.237 [Thread-3] ERROR ExternalProcessHandler - Aug 20, 2020 8:50:05 AM org.openqa.selenium.remote.ProtocolHandshake createSession

INFO: Detected dialect: OSS
[MASTER] 16:50:05.238 [Thread-3] ERROR ExternalProcessHandler - INFO: Detected dialect: OSS

Aug 20, 2020 8:50:15 AM org.openqa.selenium.remote.ProtocolHandshake createSession
[MASTER] 16:50:15.130 [Thread-3] ERROR ExternalProcessHandler - Aug 20, 2020 8:50:15 AM org.openqa.selenium.remote.ProtocolHandshake createSession

INFO: Detected dialect: OSS
[MASTER] 16:50:15.131 [Thread-3] ERROR ExternalProcessHandler - INFO: Detected dialect: OSS

[MASTER] 16:50:28.123 [logback-2] ERROR TestCaseExecutor - TG: Exception caught: 
java.lang.IllegalStateException: Test generation failed: page object bug.
	at org.evosuite.testcase.execution.TestCaseExecutor.runTest(TestCaseExecutor.java:322) ~[evosuite-client-1.0.4-SNAPSHOT.jar:na]
	at org.evosuite.testcase.TestFitnessFunction.runTest(TestFitnessFunction.java:91) [evosuite-client-1.0.4-SNAPSHOT.jar:na]
	at org.evosuite.testcase.TestFitnessFunction.isCovered(TestFitnessFunction.java:166) [evosuite-client-1.0.4-SNAPSHOT.jar:na]
	at org.evosuite.testsuite.TestSuiteMinimizer.minimizeTests(TestSuiteMinimizer.java:287) [evosuite-client-1.0.4-SNAPSHOT.jar:na]
	at org.evosuite.testsuite.TestSuiteMinimizer.minimize(TestSuiteMinimizer.java:111) [evosuite-client-1.0.4-SNAPSHOT.jar:na]
	at org.evosuite.TestSuiteGenerator.postProcessTests(TestSuiteGenerator.java:422) [evosuite-client-1.0.4-SNAPSHOT.jar:na]
	at org.evosuite.TestSuiteGenerator.generateTestSuite(TestSuiteGenerator.java:215) [evosuite-client-1.0.4-SNAPSHOT.jar:na]
	at org.evosuite.rmi.service.ClientNodeImpl$1.run(ClientNodeImpl.java:145) [evosuite-client-1.0.4-SNAPSHOT.jar:na]
	at java.util.concurrent.Executors$RunnableAdapter.call(Executors.java:511) [na:1.8.0_265]
	at java.util.concurrent.FutureTask.run(FutureTask.java:266) [na:1.8.0_265]
	at java.util.concurrent.ThreadPoolExecutor.runWorker(ThreadPoolExecutor.java:1149) [na:1.8.0_265]
	at java.util.concurrent.ThreadPoolExecutor$Worker.run(ThreadPoolExecutor.java:624) [na:1.8.0_265]
	at java.lang.Thread.run(Thread.java:748) [na:1.8.0_265]
Aug 20, 2020 8:50:28 AM org.openqa.selenium.remote.ProtocolHandshake createSession
[MASTER] 16:50:28.305 [Thread-3] ERROR ExternalProcessHandler - Aug 20, 2020 8:50:28 AM org.openqa.selenium.remote.ProtocolHandshake createSession

INFO: Detected dialect: OSS
[MASTER] 16:50:28.305 [Thread-3] ERROR ExternalProcessHandler - INFO: Detected dialect: OSS

Aug 20, 2020 8:50:31 AM po_utils.PageObjectLogging logInfo
[MASTER] 16:50:31.148 [Thread-3] ERROR ExternalProcessHandler - Aug 20, 2020 8:50:31 AM po_utils.PageObjectLogging logInfo

INFO: waitForElementBeingPresentOnPage timeout exception: unable to locate the element By.xpath: //button[text()="Create a new session"]
[MASTER] 16:50:31.149 [Thread-3] ERROR ExternalProcessHandler - INFO: waitForElementBeingPresentOnPage timeout exception: unable to locate the element By.xpath: //button[text()="Create a new session"]


[MASTER] 16:50:31.149 [Thread-3] ERROR ExternalProcessHandler - 


[MASTER] 16:50:31.149 [Thread-3] ERROR ExternalProcessHandler - 

Aug 20, 2020 8:50:32 AM org.openqa.selenium.remote.ProtocolHandshake createSession
[MASTER] 16:50:32.838 [Thread-3] ERROR ExternalProcessHandler - Aug 20, 2020 8:50:32 AM org.openqa.selenium.remote.ProtocolHandshake createSession

INFO: Detected dialect: OSS
[MASTER] 16:50:32.839 [Thread-3] ERROR ExternalProcessHandler - INFO: Detected dialect: OSS

Aug 20, 2020 8:50:36 AM org.openqa.selenium.remote.ProtocolHandshake createSession
[MASTER] 16:50:36.429 [Thread-3] ERROR ExternalProcessHandler - Aug 20, 2020 8:50:36 AM org.openqa.selenium.remote.ProtocolHandshake createSession

INFO: Detected dialect: OSS
[MASTER] 16:50:36.429 [Thread-3] ERROR ExternalProcessHandler - INFO: Detected dialect: OSS

Aug 20, 2020 8:50:44 AM org.openqa.selenium.remote.ProtocolHandshake createSession
[MASTER] 16:50:44.834 [Thread-3] ERROR ExternalProcessHandler - Aug 20, 2020 8:50:44 AM org.openqa.selenium.remote.ProtocolHandshake createSession

INFO: Detected dialect: OSS
[MASTER] 16:50:44.835 [Thread-3] ERROR ExternalProcessHandler - INFO: Detected dialect: OSS

Aug 20, 2020 8:50:57 AM org.openqa.selenium.remote.ProtocolHandshake createSession
[MASTER] 16:50:57.599 [Thread-3] ERROR ExternalProcessHandler - Aug 20, 2020 8:50:57 AM org.openqa.selenium.remote.ProtocolHandshake createSession

INFO: Detected dialect: OSS
[MASTER] 16:50:57.599 [Thread-3] ERROR ExternalProcessHandler - INFO: Detected dialect: OSS

[MASTER] 16:51:14.773 [logback-2] ERROR TestCaseExecutor - TG: Exception caught: 
java.lang.IllegalStateException: Test generation failed: page object bug.
	at org.evosuite.testcase.execution.TestCaseExecutor.runTest(TestCaseExecutor.java:322) ~[evosuite-client-1.0.4-SNAPSHOT.jar:na]
	at org.evosuite.testcase.TestFitnessFunction.runTest(TestFitnessFunction.java:91) [evosuite-client-1.0.4-SNAPSHOT.jar:na]
	at org.evosuite.testcase.TestFitnessFunction.isCovered(TestFitnessFunction.java:166) [evosuite-client-1.0.4-SNAPSHOT.jar:na]
	at org.evosuite.testsuite.TestSuiteMinimizer.minimizeTests(TestSuiteMinimizer.java:287) [evosuite-client-1.0.4-SNAPSHOT.jar:na]
	at org.evosuite.testsuite.TestSuiteMinimizer.minimize(TestSuiteMinimizer.java:111) [evosuite-client-1.0.4-SNAPSHOT.jar:na]
	at org.evosuite.TestSuiteGenerator.postProcessTests(TestSuiteGenerator.java:422) [evosuite-client-1.0.4-SNAPSHOT.jar:na]
	at org.evosuite.TestSuiteGenerator.generateTestSuite(TestSuiteGenerator.java:215) [evosuite-client-1.0.4-SNAPSHOT.jar:na]
	at org.evosuite.rmi.service.ClientNodeImpl$1.run(ClientNodeImpl.java:145) [evosuite-client-1.0.4-SNAPSHOT.jar:na]
	at java.util.concurrent.Executors$RunnableAdapter.call(Executors.java:511) [na:1.8.0_265]
	at java.util.concurrent.FutureTask.run(FutureTask.java:266) [na:1.8.0_265]
	at java.util.concurrent.ThreadPoolExecutor.runWorker(ThreadPoolExecutor.java:1149) [na:1.8.0_265]
	at java.util.concurrent.ThreadPoolExecutor$Worker.run(ThreadPoolExecutor.java:624) [na:1.8.0_265]
	at java.lang.Thread.run(Thread.java:748) [na:1.8.0_265]
Aug 20, 2020 8:51:14 AM org.openqa.selenium.remote.ProtocolHandshake createSession
[MASTER] 16:51:14.959 [Thread-3] ERROR ExternalProcessHandler - Aug 20, 2020 8:51:14 AM org.openqa.selenium.remote.ProtocolHandshake createSession

INFO: Detected dialect: OSS
[MASTER] 16:51:14.959 [Thread-3] ERROR ExternalProcessHandler - INFO: Detected dialect: OSS

Aug 20, 2020 8:51:17 AM po_utils.PageObjectLogging logInfo
[MASTER] 16:51:17.814 [Thread-3] ERROR ExternalProcessHandler - Aug 20, 2020 8:51:17 AM po_utils.PageObjectLogging logInfo

INFO: waitForElementBeingPresentOnPage timeout exception: unable to locate the element By.xpath: //button[text()="Create a new session"]
[MASTER] 16:51:17.815 [Thread-3] ERROR ExternalProcessHandler - INFO: waitForElementBeingPresentOnPage timeout exception: unable to locate the element By.xpath: //button[text()="Create a new session"]


[MASTER] 16:51:17.815 [Thread-3] ERROR ExternalProcessHandler - 


[MASTER] 16:51:17.815 [Thread-3] ERROR ExternalProcessHandler - 

Aug 20, 2020 8:51:19 AM po_utils.PageObjectLogging logInfo
[MASTER] 16:51:19.637 [Thread-3] ERROR ExternalProcessHandler - Aug 20, 2020 8:51:19 AM po_utils.PageObjectLogging logInfo

INFO: waitForElementBeingPresentOnPage timeout exception: unable to locate the element By.xpath: //button[text()="Create a new session"]
[MASTER] 16:51:19.638 [Thread-3] ERROR ExternalProcessHandler - INFO: waitForElementBeingPresentOnPage timeout exception: unable to locate the element By.xpath: //button[text()="Create a new session"]


[MASTER] 16:51:19.638 [Thread-3] ERROR ExternalProcessHandler - 


[MASTER] 16:51:19.638 [Thread-3] ERROR ExternalProcessHandler - 

Aug 20, 2020 8:51:20 AM org.openqa.selenium.remote.ProtocolHandshake createSession
[MASTER] 16:51:20.174 [Thread-3] ERROR ExternalProcessHandler - Aug 20, 2020 8:51:20 AM org.openqa.selenium.remote.ProtocolHandshake createSession

INFO: Detected dialect: OSS
[MASTER] 16:51:20.174 [Thread-3] ERROR ExternalProcessHandler - INFO: Detected dialect: OSS

Aug 20, 2020 8:51:21 AM po_utils.PageObjectLogging logInfo
[MASTER] 16:51:21.824 [Thread-3] ERROR ExternalProcessHandler - Aug 20, 2020 8:51:21 AM po_utils.PageObjectLogging logInfo

INFO: waitForElementBeingPresentOnPage timeout exception: unable to locate the element By.xpath: //button[text()="Create a new session"]
[MASTER] 16:51:21.825 [Thread-3] ERROR ExternalProcessHandler - INFO: waitForElementBeingPresentOnPage timeout exception: unable to locate the element By.xpath: //button[text()="Create a new session"]


[MASTER] 16:51:21.825 [Thread-3] ERROR ExternalProcessHandler - 


[MASTER] 16:51:21.825 [Thread-3] ERROR ExternalProcessHandler - 

Aug 20, 2020 8:51:23 AM po_utils.PageObjectLogging logInfo
[MASTER] 16:51:23.232 [Thread-3] ERROR ExternalProcessHandler - Aug 20, 2020 8:51:23 AM po_utils.PageObjectLogging logInfo

INFO: waitForElementBeingPresentOnPage timeout exception: unable to locate the element By.xpath: //button[text()="Create a new session"]
[MASTER] 16:51:23.233 [Thread-3] ERROR ExternalProcessHandler - INFO: waitForElementBeingPresentOnPage timeout exception: unable to locate the element By.xpath: //button[text()="Create a new session"]


[MASTER] 16:51:23.233 [Thread-3] ERROR ExternalProcessHandler - 


[MASTER] 16:51:23.233 [Thread-3] ERROR ExternalProcessHandler - 

Aug 20, 2020 8:51:24 AM org.openqa.selenium.remote.ProtocolHandshake createSession
[MASTER] 16:51:24.141 [Thread-3] ERROR ExternalProcessHandler - Aug 20, 2020 8:51:24 AM org.openqa.selenium.remote.ProtocolHandshake createSession

INFO: Detected dialect: OSS
[MASTER] 16:51:24.141 [Thread-3] ERROR ExternalProcessHandler - INFO: Detected dialect: OSS

Aug 20, 2020 8:51:26 AM po_utils.PageObjectLogging logInfo
[MASTER] 16:51:26.752 [Thread-3] ERROR ExternalProcessHandler - Aug 20, 2020 8:51:26 AM po_utils.PageObjectLogging logInfo

INFO: waitForElementBeingPresentOnPage timeout exception: unable to locate the element By.xpath: //button[text()="Create a new session"]
[MASTER] 16:51:26.753 [Thread-3] ERROR ExternalProcessHandler - INFO: waitForElementBeingPresentOnPage timeout exception: unable to locate the element By.xpath: //button[text()="Create a new session"]


[MASTER] 16:51:26.753 [Thread-3] ERROR ExternalProcessHandler - 


[MASTER] 16:51:26.753 [Thread-3] ERROR ExternalProcessHandler - 

Aug 20, 2020 8:51:28 AM org.openqa.selenium.remote.ProtocolHandshake createSession
[MASTER] 16:51:28.146 [Thread-3] ERROR ExternalProcessHandler - Aug 20, 2020 8:51:28 AM org.openqa.selenium.remote.ProtocolHandshake createSession

INFO: Detected dialect: OSS
[MASTER] 16:51:28.147 [Thread-3] ERROR ExternalProcessHandler - INFO: Detected dialect: OSS

Aug 20, 2020 8:51:31 AM org.openqa.selenium.remote.ProtocolHandshake createSession
[MASTER] 16:51:31.125 [Thread-3] ERROR ExternalProcessHandler - Aug 20, 2020 8:51:31 AM org.openqa.selenium.remote.ProtocolHandshake createSession

INFO: Detected dialect: OSS
[MASTER] 16:51:31.125 [Thread-3] ERROR ExternalProcessHandler - INFO: Detected dialect: OSS

Aug 20, 2020 8:51:34 AM org.openqa.selenium.remote.ProtocolHandshake createSession
[MASTER] 16:51:34.382 [Thread-3] ERROR ExternalProcessHandler - Aug 20, 2020 8:51:34 AM org.openqa.selenium.remote.ProtocolHandshake createSession

INFO: Detected dialect: OSS
[MASTER] 16:51:34.382 [Thread-3] ERROR ExternalProcessHandler - INFO: Detected dialect: OSS

Aug 20, 2020 8:51:36 AM po_utils.PageObjectLogging logInfo
[MASTER] 16:51:36.956 [Thread-3] ERROR ExternalProcessHandler - Aug 20, 2020 8:51:36 AM po_utils.PageObjectLogging logInfo

INFO: waitForElementBeingPresentOnPage timeout exception: unable to locate the element By.xpath: //button[text()="Create a new session"]
[MASTER] 16:51:36.957 [Thread-3] ERROR ExternalProcessHandler - INFO: waitForElementBeingPresentOnPage timeout exception: unable to locate the element By.xpath: //button[text()="Create a new session"]


[MASTER] 16:51:36.957 [Thread-3] ERROR ExternalProcessHandler - 


[MASTER] 16:51:36.957 [Thread-3] ERROR ExternalProcessHandler - 

Aug 20, 2020 8:51:38 AM po_utils.PageObjectLogging logInfo
[MASTER] 16:51:38.528 [Thread-3] ERROR ExternalProcessHandler - Aug 20, 2020 8:51:38 AM po_utils.PageObjectLogging logInfo

INFO: waitForElementBeingPresentOnPage timeout exception: unable to locate the element By.xpath: //button[text()="Create a new session"]
[MASTER] 16:51:38.529 [Thread-3] ERROR ExternalProcessHandler - INFO: waitForElementBeingPresentOnPage timeout exception: unable to locate the element By.xpath: //button[text()="Create a new session"]


[MASTER] 16:51:38.529 [Thread-3] ERROR ExternalProcessHandler - 


[MASTER] 16:51:38.529 [Thread-3] ERROR ExternalProcessHandler - 

Aug 20, 2020 8:51:38 AM org.openqa.selenium.remote.ProtocolHandshake createSession
[MASTER] 16:51:38.849 [Thread-3] ERROR ExternalProcessHandler - Aug 20, 2020 8:51:38 AM org.openqa.selenium.remote.ProtocolHandshake createSession

INFO: Detected dialect: OSS
[MASTER] 16:51:38.849 [Thread-3] ERROR ExternalProcessHandler - INFO: Detected dialect: OSS

Aug 20, 2020 8:51:40 AM po_utils.PageObjectLogging logInfo
[MASTER] 16:51:40.408 [Thread-3] ERROR ExternalProcessHandler - Aug 20, 2020 8:51:40 AM po_utils.PageObjectLogging logInfo

INFO: waitForElementBeingPresentOnPage timeout exception: unable to locate the element By.xpath: //button[text()="Create a new session"]
[MASTER] 16:51:40.408 [Thread-3] ERROR ExternalProcessHandler - INFO: waitForElementBeingPresentOnPage timeout exception: unable to locate the element By.xpath: //button[text()="Create a new session"]


[MASTER] 16:51:40.408 [Thread-3] ERROR ExternalProcessHandler - 


[MASTER] 16:51:40.408 [Thread-3] ERROR ExternalProcessHandler - 

Aug 20, 2020 8:51:41 AM po_utils.PageObjectLogging logInfo
[MASTER] 16:51:41.391 [Thread-3] ERROR ExternalProcessHandler - Aug 20, 2020 8:51:41 AM po_utils.PageObjectLogging logInfo

INFO: waitForElementBeingPresentOnPage timeout exception: unable to locate the element By.xpath: //button[text()="Create a new session"]
[MASTER] 16:51:41.392 [Thread-3] ERROR ExternalProcessHandler - INFO: waitForElementBeingPresentOnPage timeout exception: unable to locate the element By.xpath: //button[text()="Create a new session"]


[MASTER] 16:51:41.392 [Thread-3] ERROR ExternalProcessHandler - 


[MASTER] 16:51:41.392 [Thread-3] ERROR ExternalProcessHandler - 

Aug 20, 2020 8:51:42 AM org.openqa.selenium.remote.ProtocolHandshake createSession
[MASTER] 16:51:42.069 [Thread-3] ERROR ExternalProcessHandler - Aug 20, 2020 8:51:42 AM org.openqa.selenium.remote.ProtocolHandshake createSession

INFO: Detected dialect: OSS
[MASTER] 16:51:42.069 [Thread-3] ERROR ExternalProcessHandler - INFO: Detected dialect: OSS

Aug 20, 2020 8:51:43 AM po_utils.PageObjectLogging logInfo
[MASTER] 16:51:43.759 [Thread-3] ERROR ExternalProcessHandler - Aug 20, 2020 8:51:43 AM po_utils.PageObjectLogging logInfo

INFO: waitForElementBeingPresentOnPage timeout exception: unable to locate the element By.xpath: //button[text()="Create a new session"]
[MASTER] 16:51:43.760 [Thread-3] ERROR ExternalProcessHandler - INFO: waitForElementBeingPresentOnPage timeout exception: unable to locate the element By.xpath: //button[text()="Create a new session"]


[MASTER] 16:51:43.760 [Thread-3] ERROR ExternalProcessHandler - 


[MASTER] 16:51:43.760 [Thread-3] ERROR ExternalProcessHandler - 

Aug 20, 2020 8:51:44 AM po_utils.PageObjectLogging logInfo
[MASTER] 16:51:44.725 [Thread-3] ERROR ExternalProcessHandler - Aug 20, 2020 8:51:44 AM po_utils.PageObjectLogging logInfo

INFO: waitForElementBeingPresentOnPage timeout exception: unable to locate the element By.xpath: //button[text()="Create a new session"]
[MASTER] 16:51:44.726 [Thread-3] ERROR ExternalProcessHandler - INFO: waitForElementBeingPresentOnPage timeout exception: unable to locate the element By.xpath: //button[text()="Create a new session"]


[MASTER] 16:51:44.726 [Thread-3] ERROR ExternalProcessHandler - 


[MASTER] 16:51:44.726 [Thread-3] ERROR ExternalProcessHandler - 

Aug 20, 2020 8:51:45 AM org.openqa.selenium.remote.ProtocolHandshake createSession
[MASTER] 16:51:45.417 [Thread-3] ERROR ExternalProcessHandler - Aug 20, 2020 8:51:45 AM org.openqa.selenium.remote.ProtocolHandshake createSession

INFO: Detected dialect: OSS
[MASTER] 16:51:45.417 [Thread-3] ERROR ExternalProcessHandler - INFO: Detected dialect: OSS

Aug 20, 2020 8:51:47 AM po_utils.PageObjectLogging logInfo
[MASTER] 16:51:47.987 [Thread-3] ERROR ExternalProcessHandler - Aug 20, 2020 8:51:47 AM po_utils.PageObjectLogging logInfo

INFO: waitForElementBeingPresentOnPage timeout exception: unable to locate the element By.xpath: //button[text()="Create a new session"]
[MASTER] 16:51:47.988 [Thread-3] ERROR ExternalProcessHandler - INFO: waitForElementBeingPresentOnPage timeout exception: unable to locate the element By.xpath: //button[text()="Create a new session"]


[MASTER] 16:51:47.988 [Thread-3] ERROR ExternalProcessHandler - 


[MASTER] 16:51:47.988 [Thread-3] ERROR ExternalProcessHandler - 

Aug 20, 2020 8:51:49 AM po_utils.PageObjectLogging logInfo
[MASTER] 16:51:49.535 [Thread-3] ERROR ExternalProcessHandler - Aug 20, 2020 8:51:49 AM po_utils.PageObjectLogging logInfo

INFO: waitForElementBeingPresentOnPage timeout exception: unable to locate the element By.xpath: //button[text()="Create a new session"]
[MASTER] 16:51:49.536 [Thread-3] ERROR ExternalProcessHandler - INFO: waitForElementBeingPresentOnPage timeout exception: unable to locate the element By.xpath: //button[text()="Create a new session"]


[MASTER] 16:51:49.536 [Thread-3] ERROR ExternalProcessHandler - 


[MASTER] 16:51:49.536 [Thread-3] ERROR ExternalProcessHandler - 

Aug 20, 2020 8:51:49 AM org.openqa.selenium.remote.ProtocolHandshake createSession
[MASTER] 16:51:49.883 [Thread-3] ERROR ExternalProcessHandler - Aug 20, 2020 8:51:49 AM org.openqa.selenium.remote.ProtocolHandshake createSession

INFO: Detected dialect: OSS
[MASTER] 16:51:49.883 [Thread-3] ERROR ExternalProcessHandler - INFO: Detected dialect: OSS

Aug 20, 2020 8:51:53 AM org.openqa.selenium.remote.ProtocolHandshake createSession
[MASTER] 16:51:53.030 [Thread-3] ERROR ExternalProcessHandler - Aug 20, 2020 8:51:53 AM org.openqa.selenium.remote.ProtocolHandshake createSession

INFO: Detected dialect: OSS
[MASTER] 16:51:53.030 [Thread-3] ERROR ExternalProcessHandler - INFO: Detected dialect: OSS

Aug 20, 2020 8:51:55 AM org.openqa.selenium.remote.ProtocolHandshake createSession
[MASTER] 16:51:55.935 [Thread-3] ERROR ExternalProcessHandler - Aug 20, 2020 8:51:55 AM org.openqa.selenium.remote.ProtocolHandshake createSession

INFO: Detected dialect: OSS
[MASTER] 16:51:55.936 [Thread-3] ERROR ExternalProcessHandler - INFO: Detected dialect: OSS

Aug 20, 2020 8:51:58 AM po_utils.PageObjectLogging logInfo
[MASTER] 16:51:58.568 [Thread-3] ERROR ExternalProcessHandler - Aug 20, 2020 8:51:58 AM po_utils.PageObjectLogging logInfo

INFO: waitForElementBeingPresentOnPage timeout exception: unable to locate the element By.xpath: //button[text()="Create a new session"]
[MASTER] 16:51:58.569 [Thread-3] ERROR ExternalProcessHandler - INFO: waitForElementBeingPresentOnPage timeout exception: unable to locate the element By.xpath: //button[text()="Create a new session"]


[MASTER] 16:51:58.569 [Thread-3] ERROR ExternalProcessHandler - 


[MASTER] 16:51:58.569 [Thread-3] ERROR ExternalProcessHandler - 

