SLF4J: Class path contains multiple SLF4J bindings.
SLF4J: Found binding in [jar:file:/home/yw/.m2/repository/ch/qos/logback/logback-classic/1.1.3/logback-classic-1.1.3.jar!/org/slf4j/impl/StaticLoggerBinder.class]
SLF4J: Found binding in [jar:file:/home/yw/.m2/repository/org/evosuite/evosuite-master/1.0.4-SNAPSHOT/evosuite-master-1.0.4-SNAPSHOT.jar!/org/slf4j/impl/StaticLoggerBinder.class]
SLF4J: See http://www.slf4j.org/codes.html#multiple_bindings for an explanation.
SLF4J: Actual binding is of type [ch.qos.logback.classic.util.ContextSelectorStaticBinder]
SLF4J: Class path contains multiple SLF4J bindings.
[MASTER] 15:37:54.830 [Thread-3] ERROR ExternalProcessHandler - SLF4J: Class path contains multiple SLF4J bindings.

SLF4J: Found binding in [jar:file:/home/yw/.m2/repository/ch/qos/logback/logback-classic/1.1.3/logback-classic-1.1.3.jar!/org/slf4j/impl/StaticLoggerBinder.class]
[MASTER] 15:37:54.832 [Thread-3] ERROR ExternalProcessHandler - SLF4J: Found binding in [jar:file:/home/yw/.m2/repository/ch/qos/logback/logback-classic/1.1.3/logback-classic-1.1.3.jar!/org/slf4j/impl/StaticLoggerBinder.class]

SLF4J: Found binding in [jar:file:/home/yw/.m2/repository/org/evosuite/evosuite-master/1.0.4-SNAPSHOT/evosuite-master-1.0.4-SNAPSHOT.jar!/org/slf4j/impl/StaticLoggerBinder.class]
[MASTER] 15:37:54.833 [Thread-3] ERROR ExternalProcessHandler - SLF4J: Found binding in [jar:file:/home/yw/.m2/repository/org/evosuite/evosuite-master/1.0.4-SNAPSHOT/evosuite-master-1.0.4-SNAPSHOT.jar!/org/slf4j/impl/StaticLoggerBinder.class]

SLF4J: See http://www.slf4j.org/codes.html#multiple_bindings for an explanation.
[MASTER] 15:37:54.833 [Thread-3] ERROR ExternalProcessHandler - SLF4J: See http://www.slf4j.org/codes.html#multiple_bindings for an explanation.

SLF4J: Actual binding is of type [ch.qos.logback.classic.util.ContextSelectorStaticBinder]
[MASTER] 15:37:55.011 [Thread-3] ERROR ExternalProcessHandler - SLF4J: Actual binding is of type [ch.qos.logback.classic.util.ContextSelectorStaticBinder]

Aug 14, 2020 7:37:57 AM org.openqa.selenium.remote.ProtocolHandshake createSession
[MASTER] 15:37:57.897 [Thread-3] ERROR ExternalProcessHandler - Aug 14, 2020 7:37:57 AM org.openqa.selenium.remote.ProtocolHandshake createSession

INFO: Detected dialect: OSS
[MASTER] 15:37:57.898 [Thread-3] ERROR ExternalProcessHandler - INFO: Detected dialect: OSS

Exception in thread "Thread-3" java.lang.ClassCastException: org.evosuite.testcase.TestChromosome cannot be cast to org.evosuite.testsuite.TestSuiteChromosome
[MASTER] 15:37:59.036 [Thread-3] ERROR ExternalProcessHandler - Exception in thread "Thread-3" java.lang.ClassCastException: org.evosuite.testcase.TestChromosome cannot be cast to org.evosuite.testsuite.TestSuiteChromosome

	at org.evosuite.statistics.SearchStatistics.currentIndividual(SearchStatistics.java:181)
[MASTER] 15:37:59.036 [Thread-3] ERROR ExternalProcessHandler - 	at org.evosuite.statistics.SearchStatistics.currentIndividual(SearchStatistics.java:181)

	at org.evosuite.rmi.service.MasterNodeImpl.evosuite_collectStatistics(MasterNodeImpl.java:166)
[MASTER] 15:37:59.036 [Thread-3] ERROR ExternalProcessHandler - 	at org.evosuite.rmi.service.MasterNodeImpl.evosuite_collectStatistics(MasterNodeImpl.java:166)

	at sun.reflect.NativeMethodAccessorImpl.invoke0(Native Method)
[MASTER] 15:37:59.037 [Thread-3] ERROR ExternalProcessHandler - 	at sun.reflect.NativeMethodAccessorImpl.invoke0(Native Method)

	at sun.reflect.NativeMethodAccessorImpl.invoke(NativeMethodAccessorImpl.java:62)
[MASTER] 15:37:59.037 [Thread-3] ERROR ExternalProcessHandler - 	at sun.reflect.NativeMethodAccessorImpl.invoke(NativeMethodAccessorImpl.java:62)

	at sun.reflect.DelegatingMethodAccessorImpl.invoke(DelegatingMethodAccessorImpl.java:43)
[MASTER] 15:37:59.037 [Thread-3] ERROR ExternalProcessHandler - 	at sun.reflect.DelegatingMethodAccessorImpl.invoke(DelegatingMethodAccessorImpl.java:43)

	at java.lang.reflect.Method.invoke(Method.java:498)
[MASTER] 15:37:59.038 [Thread-3] ERROR ExternalProcessHandler - 	at java.lang.reflect.Method.invoke(Method.java:498)

	at sun.rmi.server.UnicastServerRef.dispatch(UnicastServerRef.java:357)
[MASTER] 15:37:59.038 [Thread-3] ERROR ExternalProcessHandler - 	at sun.rmi.server.UnicastServerRef.dispatch(UnicastServerRef.java:357)

	at sun.rmi.transport.Transport$1.run(Transport.java:200)
[MASTER] 15:37:59.038 [Thread-3] ERROR ExternalProcessHandler - 	at sun.rmi.transport.Transport$1.run(Transport.java:200)

	at sun.rmi.transport.Transport$1.run(Transport.java:197)
[MASTER] 15:37:59.038 [Thread-3] ERROR ExternalProcessHandler - 	at sun.rmi.transport.Transport$1.run(Transport.java:197)

	at java.security.AccessController.doPrivileged(Native Method)
[MASTER] 15:37:59.039 [Thread-3] ERROR ExternalProcessHandler - 	at java.security.AccessController.doPrivileged(Native Method)

	at sun.rmi.transport.Transport.serviceCall(Transport.java:196)
[MASTER] 15:37:59.039 [Thread-3] ERROR ExternalProcessHandler - 	at sun.rmi.transport.Transport.serviceCall(Transport.java:196)

	at sun.rmi.transport.tcp.TCPTransport.handleMessages(TCPTransport.java:573)
[MASTER] 15:37:59.039 [Thread-3] ERROR ExternalProcessHandler - 	at sun.rmi.transport.tcp.TCPTransport.handleMessages(TCPTransport.java:573)

	at sun.rmi.transport.tcp.TCPTransport$ConnectionHandler.run0(TCPTransport.java:834)
[MASTER] 15:37:59.039 [Thread-3] ERROR ExternalProcessHandler - 	at sun.rmi.transport.tcp.TCPTransport$ConnectionHandler.run0(TCPTransport.java:834)

	at sun.rmi.transport.tcp.TCPTransport$ConnectionHandler.lambda$run$0(TCPTransport.java:688)
[MASTER] 15:37:59.040 [Thread-3] ERROR ExternalProcessHandler - 	at sun.rmi.transport.tcp.TCPTransport$ConnectionHandler.lambda$run$0(TCPTransport.java:688)

	at java.security.AccessController.doPrivileged(Native Method)
[MASTER] 15:37:59.040 [Thread-3] ERROR ExternalProcessHandler - 	at java.security.AccessController.doPrivileged(Native Method)

	at sun.rmi.transport.tcp.TCPTransport$ConnectionHandler.run(TCPTransport.java:687)
[MASTER] 15:37:59.040 [Thread-3] ERROR ExternalProcessHandler - 	at sun.rmi.transport.tcp.TCPTransport$ConnectionHandler.run(TCPTransport.java:687)

	at java.util.concurrent.ThreadPoolExecutor.runWorker(ThreadPoolExecutor.java:1149)
[MASTER] 15:37:59.041 [Thread-3] ERROR ExternalProcessHandler - 	at java.util.concurrent.ThreadPoolExecutor.runWorker(ThreadPoolExecutor.java:1149)

	at java.util.concurrent.ThreadPoolExecutor$Worker.run(ThreadPoolExecutor.java:624)
[MASTER] 15:37:59.041 [Thread-3] ERROR ExternalProcessHandler - 	at java.util.concurrent.ThreadPoolExecutor$Worker.run(ThreadPoolExecutor.java:624)

	at java.lang.Thread.run(Thread.java:748)
[MASTER] 15:37:59.041 [Thread-3] ERROR ExternalProcessHandler - 	at java.lang.Thread.run(Thread.java:748)

	at sun.rmi.transport.StreamRemoteCall.exceptionReceivedFromServer(StreamRemoteCall.java:303)
[MASTER] 15:37:59.041 [Thread-3] ERROR ExternalProcessHandler - 	at sun.rmi.transport.StreamRemoteCall.exceptionReceivedFromServer(StreamRemoteCall.java:303)

	at sun.rmi.transport.StreamRemoteCall.executeCall(StreamRemoteCall.java:279)
[MASTER] 15:37:59.042 [Thread-3] ERROR ExternalProcessHandler - 	at sun.rmi.transport.StreamRemoteCall.executeCall(StreamRemoteCall.java:279)

	at sun.rmi.server.UnicastRef.invoke(UnicastRef.java:164)
[MASTER] 15:37:59.042 [Thread-3] ERROR ExternalProcessHandler - 	at sun.rmi.server.UnicastRef.invoke(UnicastRef.java:164)

	at java.rmi.server.RemoteObjectInvocationHandler.invokeRemoteMethod(RemoteObjectInvocationHandler.java:235)
[MASTER] 15:37:59.042 [Thread-3] ERROR ExternalProcessHandler - 	at java.rmi.server.RemoteObjectInvocationHandler.invokeRemoteMethod(RemoteObjectInvocationHandler.java:235)

	at java.rmi.server.RemoteObjectInvocationHandler.invoke(RemoteObjectInvocationHandler.java:180)
[MASTER] 15:37:59.043 [Thread-3] ERROR ExternalProcessHandler - 	at java.rmi.server.RemoteObjectInvocationHandler.invoke(RemoteObjectInvocationHandler.java:180)

	at com.sun.proxy.$Proxy7.evosuite_collectStatistics(Unknown Source)
[MASTER] 15:37:59.043 [Thread-3] ERROR ExternalProcessHandler - 	at com.sun.proxy.$Proxy7.evosuite_collectStatistics(Unknown Source)

	at org.evosuite.rmi.service.ClientNodeImpl.updateStatistics(ClientNodeImpl.java:237)
[MASTER] 15:37:59.043 [Thread-3] ERROR ExternalProcessHandler - 	at org.evosuite.rmi.service.ClientNodeImpl.updateStatistics(ClientNodeImpl.java:237)

	at org.evosuite.statistics.StatisticsSender.sendIndividualToMaster(StatisticsSender.java:75)
[MASTER] 15:37:59.044 [Thread-3] ERROR ExternalProcessHandler - 	at org.evosuite.statistics.StatisticsSender.sendIndividualToMaster(StatisticsSender.java:75)

	at org.evosuite.statistics.StatisticsListener$1.run(StatisticsListener.java:71)
[MASTER] 15:37:59.044 [Thread-3] ERROR ExternalProcessHandler - 	at org.evosuite.statistics.StatisticsListener$1.run(StatisticsListener.java:71)

Aug 14, 2020 7:37:59 AM org.openqa.selenium.remote.ProtocolHandshake createSession
[MASTER] 15:37:59.060 [Thread-3] ERROR ExternalProcessHandler - Aug 14, 2020 7:37:59 AM org.openqa.selenium.remote.ProtocolHandshake createSession

INFO: Detected dialect: OSS
[MASTER] 15:37:59.060 [Thread-3] ERROR ExternalProcessHandler - INFO: Detected dialect: OSS

Aug 14, 2020 7:38:02 AM po_utils.PageObjectLogging logInfo
[MASTER] 15:38:02.599 [Thread-3] ERROR ExternalProcessHandler - Aug 14, 2020 7:38:02 AM po_utils.PageObjectLogging logInfo

INFO: waitForElementBeingPresentOnPage timeout exception: unable to locate the element By.xpath: //button[text()="Create a new session"]
[MASTER] 15:38:02.608 [Thread-3] ERROR ExternalProcessHandler - INFO: waitForElementBeingPresentOnPage timeout exception: unable to locate the element By.xpath: //button[text()="Create a new session"]


[MASTER] 15:38:02.608 [Thread-3] ERROR ExternalProcessHandler - 


[MASTER] 15:38:02.608 [Thread-3] ERROR ExternalProcessHandler - 

Aug 14, 2020 7:38:02 AM org.openqa.selenium.remote.ProtocolHandshake createSession
[MASTER] 15:38:02.993 [Thread-3] ERROR ExternalProcessHandler - Aug 14, 2020 7:38:02 AM org.openqa.selenium.remote.ProtocolHandshake createSession

INFO: Detected dialect: OSS
[MASTER] 15:38:02.993 [Thread-3] ERROR ExternalProcessHandler - INFO: Detected dialect: OSS

Aug 14, 2020 7:38:04 AM org.openqa.selenium.remote.ProtocolHandshake createSession
[MASTER] 15:38:04.429 [Thread-3] ERROR ExternalProcessHandler - Aug 14, 2020 7:38:04 AM org.openqa.selenium.remote.ProtocolHandshake createSession

INFO: Detected dialect: OSS
[MASTER] 15:38:04.429 [Thread-3] ERROR ExternalProcessHandler - INFO: Detected dialect: OSS

Aug 14, 2020 7:38:08 AM org.openqa.selenium.remote.ProtocolHandshake createSession
[MASTER] 15:38:08.341 [Thread-3] ERROR ExternalProcessHandler - Aug 14, 2020 7:38:08 AM org.openqa.selenium.remote.ProtocolHandshake createSession

INFO: Detected dialect: OSS
[MASTER] 15:38:08.341 [Thread-3] ERROR ExternalProcessHandler - INFO: Detected dialect: OSS

Aug 14, 2020 7:38:09 AM org.openqa.selenium.remote.ProtocolHandshake createSession
[MASTER] 15:38:09.559 [Thread-3] ERROR ExternalProcessHandler - Aug 14, 2020 7:38:09 AM org.openqa.selenium.remote.ProtocolHandshake createSession

INFO: Detected dialect: OSS
[MASTER] 15:38:09.559 [Thread-3] ERROR ExternalProcessHandler - INFO: Detected dialect: OSS

Aug 14, 2020 7:38:11 AM po_utils.PageObjectLogging logInfo
[MASTER] 15:38:11.580 [Thread-3] ERROR ExternalProcessHandler - Aug 14, 2020 7:38:11 AM po_utils.PageObjectLogging logInfo

INFO: waitForElementBeingPresentOnPage timeout exception: unable to locate the element By.xpath: //button[text()="Create a new session"]
[MASTER] 15:38:11.581 [Thread-3] ERROR ExternalProcessHandler - INFO: waitForElementBeingPresentOnPage timeout exception: unable to locate the element By.xpath: //button[text()="Create a new session"]


[MASTER] 15:38:11.581 [Thread-3] ERROR ExternalProcessHandler - 


[MASTER] 15:38:11.581 [Thread-3] ERROR ExternalProcessHandler - 

Aug 14, 2020 7:38:13 AM org.openqa.selenium.remote.ProtocolHandshake createSession
[MASTER] 15:38:13.372 [Thread-3] ERROR ExternalProcessHandler - Aug 14, 2020 7:38:13 AM org.openqa.selenium.remote.ProtocolHandshake createSession

INFO: Detected dialect: OSS
[MASTER] 15:38:13.372 [Thread-3] ERROR ExternalProcessHandler - INFO: Detected dialect: OSS

Aug 14, 2020 7:38:15 AM org.openqa.selenium.remote.ProtocolHandshake createSession
[MASTER] 15:38:15.766 [Thread-3] ERROR ExternalProcessHandler - Aug 14, 2020 7:38:15 AM org.openqa.selenium.remote.ProtocolHandshake createSession

INFO: Detected dialect: OSS
[MASTER] 15:38:15.766 [Thread-3] ERROR ExternalProcessHandler - INFO: Detected dialect: OSS

Aug 14, 2020 7:38:17 AM org.openqa.selenium.remote.ProtocolHandshake createSession
[MASTER] 15:38:17.800 [Thread-3] ERROR ExternalProcessHandler - Aug 14, 2020 7:38:17 AM org.openqa.selenium.remote.ProtocolHandshake createSession

INFO: Detected dialect: OSS
[MASTER] 15:38:17.800 [Thread-3] ERROR ExternalProcessHandler - INFO: Detected dialect: OSS

Aug 14, 2020 7:38:18 AM org.openqa.selenium.remote.ProtocolHandshake createSession
[MASTER] 15:38:18.855 [Thread-3] ERROR ExternalProcessHandler - Aug 14, 2020 7:38:18 AM org.openqa.selenium.remote.ProtocolHandshake createSession

INFO: Detected dialect: OSS
[MASTER] 15:38:18.855 [Thread-3] ERROR ExternalProcessHandler - INFO: Detected dialect: OSS

Aug 14, 2020 7:38:19 AM org.openqa.selenium.remote.ProtocolHandshake createSession
[MASTER] 15:38:19.850 [Thread-3] ERROR ExternalProcessHandler - Aug 14, 2020 7:38:19 AM org.openqa.selenium.remote.ProtocolHandshake createSession

INFO: Detected dialect: OSS
[MASTER] 15:38:19.850 [Thread-3] ERROR ExternalProcessHandler - INFO: Detected dialect: OSS

Aug 14, 2020 7:38:22 AM org.openqa.selenium.remote.ProtocolHandshake createSession
[MASTER] 15:38:22.210 [Thread-3] ERROR ExternalProcessHandler - Aug 14, 2020 7:38:22 AM org.openqa.selenium.remote.ProtocolHandshake createSession

INFO: Detected dialect: OSS
[MASTER] 15:38:22.210 [Thread-3] ERROR ExternalProcessHandler - INFO: Detected dialect: OSS

Aug 14, 2020 7:38:25 AM org.openqa.selenium.remote.ProtocolHandshake createSession
[MASTER] 15:38:25.537 [Thread-3] ERROR ExternalProcessHandler - Aug 14, 2020 7:38:25 AM org.openqa.selenium.remote.ProtocolHandshake createSession

INFO: Detected dialect: OSS
[MASTER] 15:38:25.538 [Thread-3] ERROR ExternalProcessHandler - INFO: Detected dialect: OSS

Aug 14, 2020 7:38:34 AM org.openqa.selenium.remote.ProtocolHandshake createSession
[MASTER] 15:38:34.697 [Thread-3] ERROR ExternalProcessHandler - Aug 14, 2020 7:38:34 AM org.openqa.selenium.remote.ProtocolHandshake createSession

INFO: Detected dialect: OSS
[MASTER] 15:38:34.697 [Thread-3] ERROR ExternalProcessHandler - INFO: Detected dialect: OSS

Aug 14, 2020 7:38:49 AM org.openqa.selenium.remote.ProtocolHandshake createSession
[MASTER] 15:38:49.160 [Thread-3] ERROR ExternalProcessHandler - Aug 14, 2020 7:38:49 AM org.openqa.selenium.remote.ProtocolHandshake createSession

INFO: Detected dialect: OSS
[MASTER] 15:38:49.160 [Thread-3] ERROR ExternalProcessHandler - INFO: Detected dialect: OSS

[MASTER] 15:39:08.891 [logback-2] ERROR TestCaseExecutor - TG: Exception caught: 
java.lang.IllegalStateException: Test generation failed: page object bug.
	at org.evosuite.testcase.execution.TestCaseExecutor.runTest(TestCaseExecutor.java:322) ~[evosuite-client-1.0.4-SNAPSHOT.jar:na]
	at org.evosuite.testcase.TestFitnessFunction.runTest(TestFitnessFunction.java:91) [evosuite-client-1.0.4-SNAPSHOT.jar:na]
	at org.evosuite.testcase.TestFitnessFunction.getFitness(TestFitnessFunction.java:60) [evosuite-client-1.0.4-SNAPSHOT.jar:na]
	at org.evosuite.testcase.TestFitnessFunction.getFitness(TestFitnessFunction.java:34) [evosuite-client-1.0.4-SNAPSHOT.jar:na]
	at org.evosuite.ga.metaheuristics.art.AdaptiveRandomSearch.calculateFitness(AdaptiveRandomSearch.java:312) [evosuite-client-1.0.4-SNAPSHOT.jar:na]
	at org.evosuite.ga.metaheuristics.art.AdaptiveRandomSearch.evolve(AdaptiveRandomSearch.java:139) [evosuite-client-1.0.4-SNAPSHOT.jar:na]
	at org.evosuite.ga.metaheuristics.art.AdaptiveRandomSearch.generateSolution(AdaptiveRandomSearch.java:270) [evosuite-client-1.0.4-SNAPSHOT.jar:na]
	at org.evosuite.strategy.AdaptiveRandomTestStrategy.generateTests(AdaptiveRandomTestStrategy.java:118) [evosuite-client-1.0.4-SNAPSHOT.jar:na]
	at org.evosuite.TestSuiteGenerator.generateTests(TestSuiteGenerator.java:654) [evosuite-client-1.0.4-SNAPSHOT.jar:na]
	at org.evosuite.TestSuiteGenerator.generateTestSuite(TestSuiteGenerator.java:213) [evosuite-client-1.0.4-SNAPSHOT.jar:na]
	at org.evosuite.rmi.service.ClientNodeImpl$1.run(ClientNodeImpl.java:145) [evosuite-client-1.0.4-SNAPSHOT.jar:na]
	at java.util.concurrent.Executors$RunnableAdapter.call(Executors.java:511) [na:1.8.0_265]
	at java.util.concurrent.FutureTask.run(FutureTask.java:266) [na:1.8.0_265]
	at java.util.concurrent.ThreadPoolExecutor.runWorker(ThreadPoolExecutor.java:1149) [na:1.8.0_265]
	at java.util.concurrent.ThreadPoolExecutor$Worker.run(ThreadPoolExecutor.java:624) [na:1.8.0_265]
	at java.lang.Thread.run(Thread.java:748) [na:1.8.0_265]
Aug 14, 2020 7:39:09 AM org.openqa.selenium.remote.ProtocolHandshake createSession
[MASTER] 15:39:09.110 [Thread-3] ERROR ExternalProcessHandler - Aug 14, 2020 7:39:09 AM org.openqa.selenium.remote.ProtocolHandshake createSession

INFO: Detected dialect: OSS
[MASTER] 15:39:09.110 [Thread-3] ERROR ExternalProcessHandler - INFO: Detected dialect: OSS

Aug 14, 2020 7:39:10 AM org.openqa.selenium.remote.ProtocolHandshake createSession
[MASTER] 15:39:10.708 [Thread-3] ERROR ExternalProcessHandler - Aug 14, 2020 7:39:10 AM org.openqa.selenium.remote.ProtocolHandshake createSession

INFO: Detected dialect: OSS
[MASTER] 15:39:10.708 [Thread-3] ERROR ExternalProcessHandler - INFO: Detected dialect: OSS

Aug 14, 2020 7:39:12 AM org.openqa.selenium.remote.ProtocolHandshake createSession
[MASTER] 15:39:12.078 [Thread-3] ERROR ExternalProcessHandler - Aug 14, 2020 7:39:12 AM org.openqa.selenium.remote.ProtocolHandshake createSession

INFO: Detected dialect: OSS
[MASTER] 15:39:12.079 [Thread-3] ERROR ExternalProcessHandler - INFO: Detected dialect: OSS

Aug 14, 2020 7:39:13 AM org.openqa.selenium.remote.ProtocolHandshake createSession
[MASTER] 15:39:13.357 [Thread-3] ERROR ExternalProcessHandler - Aug 14, 2020 7:39:13 AM org.openqa.selenium.remote.ProtocolHandshake createSession

INFO: Detected dialect: OSS
[MASTER] 15:39:13.358 [Thread-3] ERROR ExternalProcessHandler - INFO: Detected dialect: OSS

Aug 14, 2020 7:39:14 AM org.openqa.selenium.remote.ProtocolHandshake createSession
[MASTER] 15:39:14.874 [Thread-3] ERROR ExternalProcessHandler - Aug 14, 2020 7:39:14 AM org.openqa.selenium.remote.ProtocolHandshake createSession

INFO: Detected dialect: OSS
[MASTER] 15:39:14.875 [Thread-3] ERROR ExternalProcessHandler - INFO: Detected dialect: OSS

Aug 14, 2020 7:39:15 AM org.openqa.selenium.remote.ProtocolHandshake createSession
[MASTER] 15:39:15.828 [Thread-3] ERROR ExternalProcessHandler - Aug 14, 2020 7:39:15 AM org.openqa.selenium.remote.ProtocolHandshake createSession

INFO: Detected dialect: OSS
[MASTER] 15:39:15.828 [Thread-3] ERROR ExternalProcessHandler - INFO: Detected dialect: OSS

Aug 14, 2020 7:39:16 AM org.openqa.selenium.remote.ProtocolHandshake createSession
[MASTER] 15:39:16.795 [Thread-3] ERROR ExternalProcessHandler - Aug 14, 2020 7:39:16 AM org.openqa.selenium.remote.ProtocolHandshake createSession

INFO: Detected dialect: OSS
[MASTER] 15:39:16.795 [Thread-3] ERROR ExternalProcessHandler - INFO: Detected dialect: OSS

Aug 14, 2020 7:39:17 AM org.openqa.selenium.remote.ProtocolHandshake createSession
[MASTER] 15:39:17.926 [Thread-3] ERROR ExternalProcessHandler - Aug 14, 2020 7:39:17 AM org.openqa.selenium.remote.ProtocolHandshake createSession

INFO: Detected dialect: OSS
[MASTER] 15:39:17.926 [Thread-3] ERROR ExternalProcessHandler - INFO: Detected dialect: OSS

Aug 14, 2020 7:39:20 AM org.openqa.selenium.remote.ProtocolHandshake createSession
[MASTER] 15:39:20.307 [Thread-3] ERROR ExternalProcessHandler - Aug 14, 2020 7:39:20 AM org.openqa.selenium.remote.ProtocolHandshake createSession

INFO: Detected dialect: OSS
[MASTER] 15:39:20.307 [Thread-3] ERROR ExternalProcessHandler - INFO: Detected dialect: OSS

Aug 14, 2020 7:39:25 AM org.openqa.selenium.remote.ProtocolHandshake createSession
[MASTER] 15:39:25.813 [Thread-3] ERROR ExternalProcessHandler - Aug 14, 2020 7:39:25 AM org.openqa.selenium.remote.ProtocolHandshake createSession

INFO: Detected dialect: OSS
[MASTER] 15:39:25.813 [Thread-3] ERROR ExternalProcessHandler - INFO: Detected dialect: OSS

Aug 14, 2020 7:39:37 AM org.openqa.selenium.remote.ProtocolHandshake createSession
[MASTER] 15:39:37.890 [Thread-3] ERROR ExternalProcessHandler - Aug 14, 2020 7:39:37 AM org.openqa.selenium.remote.ProtocolHandshake createSession

INFO: Detected dialect: OSS
[MASTER] 15:39:37.890 [Thread-3] ERROR ExternalProcessHandler - INFO: Detected dialect: OSS

Aug 14, 2020 7:39:55 AM org.openqa.selenium.remote.ProtocolHandshake createSession
[MASTER] 15:39:55.999 [Thread-3] ERROR ExternalProcessHandler - Aug 14, 2020 7:39:55 AM org.openqa.selenium.remote.ProtocolHandshake createSession

INFO: Detected dialect: OSS
[MASTER] 15:39:56.000 [Thread-3] ERROR ExternalProcessHandler - INFO: Detected dialect: OSS

[MASTER] 15:40:20.348 [logback-2] ERROR TestCaseExecutor - TG: Exception caught: 
java.lang.IllegalStateException: Test generation failed: page object bug.
	at org.evosuite.testcase.execution.TestCaseExecutor.runTest(TestCaseExecutor.java:322) ~[evosuite-client-1.0.4-SNAPSHOT.jar:na]
	at org.evosuite.testcase.TestFitnessFunction.runTest(TestFitnessFunction.java:91) [evosuite-client-1.0.4-SNAPSHOT.jar:na]
	at org.evosuite.testcase.TestFitnessFunction.getFitness(TestFitnessFunction.java:60) [evosuite-client-1.0.4-SNAPSHOT.jar:na]
	at org.evosuite.testcase.TestFitnessFunction.getFitness(TestFitnessFunction.java:34) [evosuite-client-1.0.4-SNAPSHOT.jar:na]
	at org.evosuite.ga.metaheuristics.art.AdaptiveRandomSearch.calculateFitness(AdaptiveRandomSearch.java:312) [evosuite-client-1.0.4-SNAPSHOT.jar:na]
	at org.evosuite.ga.metaheuristics.art.AdaptiveRandomSearch.evolve(AdaptiveRandomSearch.java:139) [evosuite-client-1.0.4-SNAPSHOT.jar:na]
	at org.evosuite.ga.metaheuristics.art.AdaptiveRandomSearch.generateSolution(AdaptiveRandomSearch.java:270) [evosuite-client-1.0.4-SNAPSHOT.jar:na]
	at org.evosuite.strategy.AdaptiveRandomTestStrategy.generateTests(AdaptiveRandomTestStrategy.java:118) [evosuite-client-1.0.4-SNAPSHOT.jar:na]
	at org.evosuite.TestSuiteGenerator.generateTests(TestSuiteGenerator.java:654) [evosuite-client-1.0.4-SNAPSHOT.jar:na]
	at org.evosuite.TestSuiteGenerator.generateTestSuite(TestSuiteGenerator.java:213) [evosuite-client-1.0.4-SNAPSHOT.jar:na]
	at org.evosuite.rmi.service.ClientNodeImpl$1.run(ClientNodeImpl.java:145) [evosuite-client-1.0.4-SNAPSHOT.jar:na]
	at java.util.concurrent.Executors$RunnableAdapter.call(Executors.java:511) [na:1.8.0_265]
	at java.util.concurrent.FutureTask.run(FutureTask.java:266) [na:1.8.0_265]
	at java.util.concurrent.ThreadPoolExecutor.runWorker(ThreadPoolExecutor.java:1149) [na:1.8.0_265]
	at java.util.concurrent.ThreadPoolExecutor$Worker.run(ThreadPoolExecutor.java:624) [na:1.8.0_265]
	at java.lang.Thread.run(Thread.java:748) [na:1.8.0_265]
Aug 14, 2020 7:40:20 AM org.openqa.selenium.remote.ProtocolHandshake createSession
[MASTER] 15:40:20.532 [Thread-3] ERROR ExternalProcessHandler - Aug 14, 2020 7:40:20 AM org.openqa.selenium.remote.ProtocolHandshake createSession

INFO: Detected dialect: OSS
[MASTER] 15:40:20.532 [Thread-3] ERROR ExternalProcessHandler - INFO: Detected dialect: OSS

Aug 14, 2020 7:40:21 AM org.openqa.selenium.remote.ProtocolHandshake createSession
[MASTER] 15:40:21.537 [Thread-3] ERROR ExternalProcessHandler - Aug 14, 2020 7:40:21 AM org.openqa.selenium.remote.ProtocolHandshake createSession

INFO: Detected dialect: OSS
[MASTER] 15:40:21.537 [Thread-3] ERROR ExternalProcessHandler - INFO: Detected dialect: OSS

Aug 14, 2020 7:40:28 AM org.openqa.selenium.remote.ProtocolHandshake createSession
[MASTER] 15:40:28.458 [Thread-3] ERROR ExternalProcessHandler - Aug 14, 2020 7:40:28 AM org.openqa.selenium.remote.ProtocolHandshake createSession

INFO: Detected dialect: OSS
[MASTER] 15:40:28.458 [Thread-3] ERROR ExternalProcessHandler - INFO: Detected dialect: OSS

Aug 14, 2020 7:40:41 AM org.openqa.selenium.remote.ProtocolHandshake createSession
[MASTER] 15:40:41.580 [Thread-3] ERROR ExternalProcessHandler - Aug 14, 2020 7:40:41 AM org.openqa.selenium.remote.ProtocolHandshake createSession

INFO: Detected dialect: OSS
[MASTER] 15:40:41.581 [Thread-3] ERROR ExternalProcessHandler - INFO: Detected dialect: OSS

Aug 14, 2020 7:41:00 AM org.openqa.selenium.remote.ProtocolHandshake createSession
[MASTER] 15:41:00.949 [Thread-3] ERROR ExternalProcessHandler - Aug 14, 2020 7:41:00 AM org.openqa.selenium.remote.ProtocolHandshake createSession

INFO: Detected dialect: OSS
[MASTER] 15:41:00.949 [Thread-3] ERROR ExternalProcessHandler - INFO: Detected dialect: OSS

[MASTER] 15:41:26.354 [logback-2] ERROR TestCaseExecutor - TG: Exception caught: 
java.lang.IllegalStateException: Test generation failed: page object bug.
	at org.evosuite.testcase.execution.TestCaseExecutor.runTest(TestCaseExecutor.java:322) ~[evosuite-client-1.0.4-SNAPSHOT.jar:na]
	at org.evosuite.testcase.TestFitnessFunction.runTest(TestFitnessFunction.java:91) [evosuite-client-1.0.4-SNAPSHOT.jar:na]
	at org.evosuite.testcase.TestFitnessFunction.getFitness(TestFitnessFunction.java:60) [evosuite-client-1.0.4-SNAPSHOT.jar:na]
	at org.evosuite.testcase.TestFitnessFunction.getFitness(TestFitnessFunction.java:34) [evosuite-client-1.0.4-SNAPSHOT.jar:na]
	at org.evosuite.ga.metaheuristics.art.AdaptiveRandomSearch.calculateFitness(AdaptiveRandomSearch.java:312) [evosuite-client-1.0.4-SNAPSHOT.jar:na]
	at org.evosuite.ga.metaheuristics.art.AdaptiveRandomSearch.evolve(AdaptiveRandomSearch.java:139) [evosuite-client-1.0.4-SNAPSHOT.jar:na]
	at org.evosuite.ga.metaheuristics.art.AdaptiveRandomSearch.generateSolution(AdaptiveRandomSearch.java:270) [evosuite-client-1.0.4-SNAPSHOT.jar:na]
	at org.evosuite.strategy.AdaptiveRandomTestStrategy.generateTests(AdaptiveRandomTestStrategy.java:118) [evosuite-client-1.0.4-SNAPSHOT.jar:na]
	at org.evosuite.TestSuiteGenerator.generateTests(TestSuiteGenerator.java:654) [evosuite-client-1.0.4-SNAPSHOT.jar:na]
	at org.evosuite.TestSuiteGenerator.generateTestSuite(TestSuiteGenerator.java:213) [evosuite-client-1.0.4-SNAPSHOT.jar:na]
	at org.evosuite.rmi.service.ClientNodeImpl$1.run(ClientNodeImpl.java:145) [evosuite-client-1.0.4-SNAPSHOT.jar:na]
	at java.util.concurrent.Executors$RunnableAdapter.call(Executors.java:511) [na:1.8.0_265]
	at java.util.concurrent.FutureTask.run(FutureTask.java:266) [na:1.8.0_265]
	at java.util.concurrent.ThreadPoolExecutor.runWorker(ThreadPoolExecutor.java:1149) [na:1.8.0_265]
	at java.util.concurrent.ThreadPoolExecutor$Worker.run(ThreadPoolExecutor.java:624) [na:1.8.0_265]
	at java.lang.Thread.run(Thread.java:748) [na:1.8.0_265]
Aug 14, 2020 7:41:26 AM org.openqa.selenium.remote.ProtocolHandshake createSession
[MASTER] 15:41:26.530 [Thread-3] ERROR ExternalProcessHandler - Aug 14, 2020 7:41:26 AM org.openqa.selenium.remote.ProtocolHandshake createSession

INFO: Detected dialect: OSS
[MASTER] 15:41:26.530 [Thread-3] ERROR ExternalProcessHandler - INFO: Detected dialect: OSS

Aug 14, 2020 7:41:28 AM po_utils.PageObjectLogging logInfo
[MASTER] 15:41:28.266 [Thread-3] ERROR ExternalProcessHandler - Aug 14, 2020 7:41:28 AM po_utils.PageObjectLogging logInfo

INFO: waitForElementBeingPresentOnPage timeout exception: unable to locate the element By.xpath: //button[text()="Create a new session"]
[MASTER] 15:41:28.267 [Thread-3] ERROR ExternalProcessHandler - INFO: waitForElementBeingPresentOnPage timeout exception: unable to locate the element By.xpath: //button[text()="Create a new session"]


[MASTER] 15:41:28.267 [Thread-3] ERROR ExternalProcessHandler - 


[MASTER] 15:41:28.267 [Thread-3] ERROR ExternalProcessHandler - 

Aug 14, 2020 7:41:29 AM org.openqa.selenium.remote.ProtocolHandshake createSession
[MASTER] 15:41:29.135 [Thread-3] ERROR ExternalProcessHandler - Aug 14, 2020 7:41:29 AM org.openqa.selenium.remote.ProtocolHandshake createSession

INFO: Detected dialect: OSS
[MASTER] 15:41:29.135 [Thread-3] ERROR ExternalProcessHandler - INFO: Detected dialect: OSS

Aug 14, 2020 7:41:33 AM org.openqa.selenium.remote.ProtocolHandshake createSession
[MASTER] 15:41:33.435 [Thread-3] ERROR ExternalProcessHandler - Aug 14, 2020 7:41:33 AM org.openqa.selenium.remote.ProtocolHandshake createSession

INFO: Detected dialect: OSS
[MASTER] 15:41:33.435 [Thread-3] ERROR ExternalProcessHandler - INFO: Detected dialect: OSS

Aug 14, 2020 7:41:43 AM org.openqa.selenium.remote.ProtocolHandshake createSession
[MASTER] 15:41:43.677 [Thread-3] ERROR ExternalProcessHandler - Aug 14, 2020 7:41:43 AM org.openqa.selenium.remote.ProtocolHandshake createSession

INFO: Detected dialect: OSS
[MASTER] 15:41:43.677 [Thread-3] ERROR ExternalProcessHandler - INFO: Detected dialect: OSS

Aug 14, 2020 7:41:59 AM org.openqa.selenium.remote.ProtocolHandshake createSession
[MASTER] 15:41:59.717 [Thread-3] ERROR ExternalProcessHandler - Aug 14, 2020 7:41:59 AM org.openqa.selenium.remote.ProtocolHandshake createSession

INFO: Detected dialect: OSS
[MASTER] 15:41:59.718 [Thread-3] ERROR ExternalProcessHandler - INFO: Detected dialect: OSS

[MASTER] 15:42:21.518 [logback-2] ERROR TestCaseExecutor - TG: Exception caught: 
java.lang.IllegalStateException: Test generation failed: page object bug.
	at org.evosuite.testcase.execution.TestCaseExecutor.runTest(TestCaseExecutor.java:322) ~[evosuite-client-1.0.4-SNAPSHOT.jar:na]
	at org.evosuite.testcase.TestFitnessFunction.runTest(TestFitnessFunction.java:91) [evosuite-client-1.0.4-SNAPSHOT.jar:na]
	at org.evosuite.testcase.TestFitnessFunction.getFitness(TestFitnessFunction.java:60) [evosuite-client-1.0.4-SNAPSHOT.jar:na]
	at org.evosuite.testcase.TestFitnessFunction.getFitness(TestFitnessFunction.java:34) [evosuite-client-1.0.4-SNAPSHOT.jar:na]
	at org.evosuite.ga.metaheuristics.art.AdaptiveRandomSearch.calculateFitness(AdaptiveRandomSearch.java:312) [evosuite-client-1.0.4-SNAPSHOT.jar:na]
	at org.evosuite.ga.metaheuristics.art.AdaptiveRandomSearch.evolve(AdaptiveRandomSearch.java:139) [evosuite-client-1.0.4-SNAPSHOT.jar:na]
	at org.evosuite.ga.metaheuristics.art.AdaptiveRandomSearch.generateSolution(AdaptiveRandomSearch.java:270) [evosuite-client-1.0.4-SNAPSHOT.jar:na]
	at org.evosuite.strategy.AdaptiveRandomTestStrategy.generateTests(AdaptiveRandomTestStrategy.java:118) [evosuite-client-1.0.4-SNAPSHOT.jar:na]
	at org.evosuite.TestSuiteGenerator.generateTests(TestSuiteGenerator.java:654) [evosuite-client-1.0.4-SNAPSHOT.jar:na]
	at org.evosuite.TestSuiteGenerator.generateTestSuite(TestSuiteGenerator.java:213) [evosuite-client-1.0.4-SNAPSHOT.jar:na]
	at org.evosuite.rmi.service.ClientNodeImpl$1.run(ClientNodeImpl.java:145) [evosuite-client-1.0.4-SNAPSHOT.jar:na]
	at java.util.concurrent.Executors$RunnableAdapter.call(Executors.java:511) [na:1.8.0_265]
	at java.util.concurrent.FutureTask.run(FutureTask.java:266) [na:1.8.0_265]
	at java.util.concurrent.ThreadPoolExecutor.runWorker(ThreadPoolExecutor.java:1149) [na:1.8.0_265]
	at java.util.concurrent.ThreadPoolExecutor$Worker.run(ThreadPoolExecutor.java:624) [na:1.8.0_265]
	at java.lang.Thread.run(Thread.java:748) [na:1.8.0_265]
Aug 14, 2020 7:42:21 AM org.openqa.selenium.remote.ProtocolHandshake createSession
[MASTER] 15:42:21.697 [Thread-3] ERROR ExternalProcessHandler - Aug 14, 2020 7:42:21 AM org.openqa.selenium.remote.ProtocolHandshake createSession

INFO: Detected dialect: OSS
[MASTER] 15:42:21.697 [Thread-3] ERROR ExternalProcessHandler - INFO: Detected dialect: OSS

Aug 14, 2020 7:42:26 AM org.openqa.selenium.remote.ProtocolHandshake createSession
[MASTER] 15:42:26.903 [Thread-3] ERROR ExternalProcessHandler - Aug 14, 2020 7:42:26 AM org.openqa.selenium.remote.ProtocolHandshake createSession

INFO: Detected dialect: OSS
[MASTER] 15:42:26.903 [Thread-3] ERROR ExternalProcessHandler - INFO: Detected dialect: OSS

Aug 14, 2020 7:42:38 AM org.openqa.selenium.remote.ProtocolHandshake createSession
[MASTER] 15:42:38.111 [Thread-3] ERROR ExternalProcessHandler - Aug 14, 2020 7:42:38 AM org.openqa.selenium.remote.ProtocolHandshake createSession

INFO: Detected dialect: OSS
[MASTER] 15:42:38.112 [Thread-3] ERROR ExternalProcessHandler - INFO: Detected dialect: OSS

Aug 14, 2020 7:42:55 AM org.openqa.selenium.remote.ProtocolHandshake createSession
[MASTER] 15:42:55.138 [Thread-3] ERROR ExternalProcessHandler - Aug 14, 2020 7:42:55 AM org.openqa.selenium.remote.ProtocolHandshake createSession

INFO: Detected dialect: OSS
[MASTER] 15:42:55.139 [Thread-3] ERROR ExternalProcessHandler - INFO: Detected dialect: OSS

[MASTER] 15:43:17.888 [logback-2] ERROR TestCaseExecutor - TG: Exception caught: 
java.lang.IllegalStateException: Test generation failed: page object bug.
	at org.evosuite.testcase.execution.TestCaseExecutor.runTest(TestCaseExecutor.java:322) ~[evosuite-client-1.0.4-SNAPSHOT.jar:na]
	at org.evosuite.testcase.TestFitnessFunction.runTest(TestFitnessFunction.java:91) [evosuite-client-1.0.4-SNAPSHOT.jar:na]
	at org.evosuite.testcase.TestFitnessFunction.getFitness(TestFitnessFunction.java:60) [evosuite-client-1.0.4-SNAPSHOT.jar:na]
	at org.evosuite.testcase.TestFitnessFunction.getFitness(TestFitnessFunction.java:34) [evosuite-client-1.0.4-SNAPSHOT.jar:na]
	at org.evosuite.ga.metaheuristics.art.AdaptiveRandomSearch.calculateFitness(AdaptiveRandomSearch.java:312) [evosuite-client-1.0.4-SNAPSHOT.jar:na]
	at org.evosuite.ga.metaheuristics.art.AdaptiveRandomSearch.evolve(AdaptiveRandomSearch.java:139) [evosuite-client-1.0.4-SNAPSHOT.jar:na]
	at org.evosuite.ga.metaheuristics.art.AdaptiveRandomSearch.generateSolution(AdaptiveRandomSearch.java:270) [evosuite-client-1.0.4-SNAPSHOT.jar:na]
	at org.evosuite.strategy.AdaptiveRandomTestStrategy.generateTests(AdaptiveRandomTestStrategy.java:118) [evosuite-client-1.0.4-SNAPSHOT.jar:na]
	at org.evosuite.TestSuiteGenerator.generateTests(TestSuiteGenerator.java:654) [evosuite-client-1.0.4-SNAPSHOT.jar:na]
	at org.evosuite.TestSuiteGenerator.generateTestSuite(TestSuiteGenerator.java:213) [evosuite-client-1.0.4-SNAPSHOT.jar:na]
	at org.evosuite.rmi.service.ClientNodeImpl$1.run(ClientNodeImpl.java:145) [evosuite-client-1.0.4-SNAPSHOT.jar:na]
	at java.util.concurrent.Executors$RunnableAdapter.call(Executors.java:511) [na:1.8.0_265]
	at java.util.concurrent.FutureTask.run(FutureTask.java:266) [na:1.8.0_265]
	at java.util.concurrent.ThreadPoolExecutor.runWorker(ThreadPoolExecutor.java:1149) [na:1.8.0_265]
	at java.util.concurrent.ThreadPoolExecutor$Worker.run(ThreadPoolExecutor.java:624) [na:1.8.0_265]
	at java.lang.Thread.run(Thread.java:748) [na:1.8.0_265]
Aug 14, 2020 7:43:18 AM org.openqa.selenium.remote.ProtocolHandshake createSession
[MASTER] 15:43:18.073 [Thread-3] ERROR ExternalProcessHandler - Aug 14, 2020 7:43:18 AM org.openqa.selenium.remote.ProtocolHandshake createSession

INFO: Detected dialect: OSS
[MASTER] 15:43:18.073 [Thread-3] ERROR ExternalProcessHandler - INFO: Detected dialect: OSS

Aug 14, 2020 7:43:19 AM org.openqa.selenium.remote.ProtocolHandshake createSession
[MASTER] 15:43:19.097 [Thread-3] ERROR ExternalProcessHandler - Aug 14, 2020 7:43:19 AM org.openqa.selenium.remote.ProtocolHandshake createSession

INFO: Detected dialect: OSS
[MASTER] 15:43:19.097 [Thread-3] ERROR ExternalProcessHandler - INFO: Detected dialect: OSS

Aug 14, 2020 7:43:20 AM org.openqa.selenium.remote.ProtocolHandshake createSession
[MASTER] 15:43:20.558 [Thread-3] ERROR ExternalProcessHandler - Aug 14, 2020 7:43:20 AM org.openqa.selenium.remote.ProtocolHandshake createSession

INFO: Detected dialect: OSS
[MASTER] 15:43:20.558 [Thread-3] ERROR ExternalProcessHandler - INFO: Detected dialect: OSS

Aug 14, 2020 7:43:23 AM org.openqa.selenium.remote.ProtocolHandshake createSession
[MASTER] 15:43:23.177 [Thread-3] ERROR ExternalProcessHandler - Aug 14, 2020 7:43:23 AM org.openqa.selenium.remote.ProtocolHandshake createSession

INFO: Detected dialect: OSS
[MASTER] 15:43:23.177 [Thread-3] ERROR ExternalProcessHandler - INFO: Detected dialect: OSS

Aug 14, 2020 7:43:24 AM org.openqa.selenium.remote.ProtocolHandshake createSession
[MASTER] 15:43:24.467 [Thread-3] ERROR ExternalProcessHandler - Aug 14, 2020 7:43:24 AM org.openqa.selenium.remote.ProtocolHandshake createSession

INFO: Detected dialect: OSS
[MASTER] 15:43:24.467 [Thread-3] ERROR ExternalProcessHandler - INFO: Detected dialect: OSS

Aug 14, 2020 7:43:25 AM org.openqa.selenium.remote.ProtocolHandshake createSession
[MASTER] 15:43:25.502 [Thread-3] ERROR ExternalProcessHandler - Aug 14, 2020 7:43:25 AM org.openqa.selenium.remote.ProtocolHandshake createSession

INFO: Detected dialect: OSS
[MASTER] 15:43:25.502 [Thread-3] ERROR ExternalProcessHandler - INFO: Detected dialect: OSS

Aug 14, 2020 7:43:28 AM po_utils.PageObjectLogging logInfo
[MASTER] 15:43:28.058 [Thread-3] ERROR ExternalProcessHandler - Aug 14, 2020 7:43:28 AM po_utils.PageObjectLogging logInfo

INFO: waitForElementBeingPresentOnPage timeout exception: unable to locate the element By.xpath: //button[text()="Create a new session"]
[MASTER] 15:43:28.059 [Thread-3] ERROR ExternalProcessHandler - INFO: waitForElementBeingPresentOnPage timeout exception: unable to locate the element By.xpath: //button[text()="Create a new session"]


[MASTER] 15:43:28.059 [Thread-3] ERROR ExternalProcessHandler - 


[MASTER] 15:43:28.059 [Thread-3] ERROR ExternalProcessHandler - 

Aug 14, 2020 7:43:29 AM org.openqa.selenium.remote.ProtocolHandshake createSession
[MASTER] 15:43:29.384 [Thread-3] ERROR ExternalProcessHandler - Aug 14, 2020 7:43:29 AM org.openqa.selenium.remote.ProtocolHandshake createSession

INFO: Detected dialect: OSS
[MASTER] 15:43:29.384 [Thread-3] ERROR ExternalProcessHandler - INFO: Detected dialect: OSS

Aug 14, 2020 7:43:36 AM po_utils.PageObjectLogging logInfo
[MASTER] 15:43:36.077 [Thread-3] ERROR ExternalProcessHandler - Aug 14, 2020 7:43:36 AM po_utils.PageObjectLogging logInfo

INFO: waitForElementBeingPresentOnPage timeout exception: unable to locate the element By.xpath: //button[text()="Create a new session"]
[MASTER] 15:43:36.077 [Thread-3] ERROR ExternalProcessHandler - INFO: waitForElementBeingPresentOnPage timeout exception: unable to locate the element By.xpath: //button[text()="Create a new session"]


[MASTER] 15:43:36.077 [Thread-3] ERROR ExternalProcessHandler - 


[MASTER] 15:43:36.077 [Thread-3] ERROR ExternalProcessHandler - 

Aug 14, 2020 7:43:39 AM org.openqa.selenium.remote.ProtocolHandshake createSession
[MASTER] 15:43:39.582 [Thread-3] ERROR ExternalProcessHandler - Aug 14, 2020 7:43:39 AM org.openqa.selenium.remote.ProtocolHandshake createSession

INFO: Detected dialect: OSS
[MASTER] 15:43:39.582 [Thread-3] ERROR ExternalProcessHandler - INFO: Detected dialect: OSS

Aug 14, 2020 7:43:50 AM po_utils.PageObjectLogging logInfo
[MASTER] 15:43:50.330 [Thread-3] ERROR ExternalProcessHandler - Aug 14, 2020 7:43:50 AM po_utils.PageObjectLogging logInfo

INFO: waitForElementBeingPresentOnPage timeout exception: unable to locate the element By.xpath: //button[text()="Create a new session"]
[MASTER] 15:43:50.331 [Thread-3] ERROR ExternalProcessHandler - INFO: waitForElementBeingPresentOnPage timeout exception: unable to locate the element By.xpath: //button[text()="Create a new session"]


[MASTER] 15:43:50.331 [Thread-3] ERROR ExternalProcessHandler - 


[MASTER] 15:43:50.331 [Thread-3] ERROR ExternalProcessHandler - 

Aug 14, 2020 7:43:55 AM org.openqa.selenium.remote.ProtocolHandshake createSession
[MASTER] 15:43:55.904 [Thread-3] ERROR ExternalProcessHandler - Aug 14, 2020 7:43:55 AM org.openqa.selenium.remote.ProtocolHandshake createSession

INFO: Detected dialect: OSS
[MASTER] 15:43:55.904 [Thread-3] ERROR ExternalProcessHandler - INFO: Detected dialect: OSS

Aug 14, 2020 7:44:10 AM po_utils.PageObjectLogging logInfo
[MASTER] 15:44:10.631 [Thread-3] ERROR ExternalProcessHandler - Aug 14, 2020 7:44:10 AM po_utils.PageObjectLogging logInfo

INFO: waitForElementBeingPresentOnPage timeout exception: unable to locate the element By.xpath: //button[text()="Create a new session"]
[MASTER] 15:44:10.632 [Thread-3] ERROR ExternalProcessHandler - INFO: waitForElementBeingPresentOnPage timeout exception: unable to locate the element By.xpath: //button[text()="Create a new session"]


[MASTER] 15:44:10.632 [Thread-3] ERROR ExternalProcessHandler - 


[MASTER] 15:44:10.632 [Thread-3] ERROR ExternalProcessHandler - 

[MASTER] 15:44:18.200 [logback-2] ERROR TestCaseExecutor - TG: Exception caught: 
java.lang.IllegalStateException: Test generation failed: page object bug.
	at org.evosuite.testcase.execution.TestCaseExecutor.runTest(TestCaseExecutor.java:322) ~[evosuite-client-1.0.4-SNAPSHOT.jar:na]
	at org.evosuite.testcase.TestFitnessFunction.runTest(TestFitnessFunction.java:91) [evosuite-client-1.0.4-SNAPSHOT.jar:na]
	at org.evosuite.testcase.TestFitnessFunction.getFitness(TestFitnessFunction.java:60) [evosuite-client-1.0.4-SNAPSHOT.jar:na]
	at org.evosuite.testcase.TestFitnessFunction.getFitness(TestFitnessFunction.java:34) [evosuite-client-1.0.4-SNAPSHOT.jar:na]
	at org.evosuite.ga.metaheuristics.art.AdaptiveRandomSearch.calculateFitness(AdaptiveRandomSearch.java:312) [evosuite-client-1.0.4-SNAPSHOT.jar:na]
	at org.evosuite.ga.metaheuristics.art.AdaptiveRandomSearch.evolve(AdaptiveRandomSearch.java:139) [evosuite-client-1.0.4-SNAPSHOT.jar:na]
	at org.evosuite.ga.metaheuristics.art.AdaptiveRandomSearch.generateSolution(AdaptiveRandomSearch.java:270) [evosuite-client-1.0.4-SNAPSHOT.jar:na]
	at org.evosuite.strategy.AdaptiveRandomTestStrategy.generateTests(AdaptiveRandomTestStrategy.java:118) [evosuite-client-1.0.4-SNAPSHOT.jar:na]
	at org.evosuite.TestSuiteGenerator.generateTests(TestSuiteGenerator.java:654) [evosuite-client-1.0.4-SNAPSHOT.jar:na]
	at org.evosuite.TestSuiteGenerator.generateTestSuite(TestSuiteGenerator.java:213) [evosuite-client-1.0.4-SNAPSHOT.jar:na]
	at org.evosuite.rmi.service.ClientNodeImpl$1.run(ClientNodeImpl.java:145) [evosuite-client-1.0.4-SNAPSHOT.jar:na]
	at java.util.concurrent.Executors$RunnableAdapter.call(Executors.java:511) [na:1.8.0_265]
	at java.util.concurrent.FutureTask.run(FutureTask.java:266) [na:1.8.0_265]
	at java.util.concurrent.ThreadPoolExecutor.runWorker(ThreadPoolExecutor.java:1149) [na:1.8.0_265]
	at java.util.concurrent.ThreadPoolExecutor$Worker.run(ThreadPoolExecutor.java:624) [na:1.8.0_265]
	at java.lang.Thread.run(Thread.java:748) [na:1.8.0_265]
Aug 14, 2020 7:44:18 AM org.openqa.selenium.remote.ProtocolHandshake createSession
[MASTER] 15:44:18.380 [Thread-3] ERROR ExternalProcessHandler - Aug 14, 2020 7:44:18 AM org.openqa.selenium.remote.ProtocolHandshake createSession

INFO: Detected dialect: OSS
[MASTER] 15:44:18.380 [Thread-3] ERROR ExternalProcessHandler - INFO: Detected dialect: OSS

Aug 14, 2020 7:44:19 AM org.openqa.selenium.remote.ProtocolHandshake createSession
[MASTER] 15:44:19.396 [Thread-3] ERROR ExternalProcessHandler - Aug 14, 2020 7:44:19 AM org.openqa.selenium.remote.ProtocolHandshake createSession

INFO: Detected dialect: OSS
[MASTER] 15:44:19.397 [Thread-3] ERROR ExternalProcessHandler - INFO: Detected dialect: OSS

Aug 14, 2020 7:44:20 AM org.openqa.selenium.remote.ProtocolHandshake createSession
[MASTER] 15:44:20.637 [Thread-3] ERROR ExternalProcessHandler - Aug 14, 2020 7:44:20 AM org.openqa.selenium.remote.ProtocolHandshake createSession

INFO: Detected dialect: OSS
[MASTER] 15:44:20.637 [Thread-3] ERROR ExternalProcessHandler - INFO: Detected dialect: OSS

Aug 14, 2020 7:44:22 AM org.openqa.selenium.remote.ProtocolHandshake createSession
[MASTER] 15:44:22.518 [Thread-3] ERROR ExternalProcessHandler - Aug 14, 2020 7:44:22 AM org.openqa.selenium.remote.ProtocolHandshake createSession

INFO: Detected dialect: OSS
[MASTER] 15:44:22.518 [Thread-3] ERROR ExternalProcessHandler - INFO: Detected dialect: OSS

Aug 14, 2020 7:44:23 AM org.openqa.selenium.remote.ProtocolHandshake createSession
[MASTER] 15:44:23.750 [Thread-3] ERROR ExternalProcessHandler - Aug 14, 2020 7:44:23 AM org.openqa.selenium.remote.ProtocolHandshake createSession

INFO: Detected dialect: OSS
[MASTER] 15:44:23.750 [Thread-3] ERROR ExternalProcessHandler - INFO: Detected dialect: OSS

Aug 14, 2020 7:44:25 AM org.openqa.selenium.remote.ProtocolHandshake createSession
[MASTER] 15:44:25.076 [Thread-3] ERROR ExternalProcessHandler - Aug 14, 2020 7:44:25 AM org.openqa.selenium.remote.ProtocolHandshake createSession

INFO: Detected dialect: OSS
[MASTER] 15:44:25.076 [Thread-3] ERROR ExternalProcessHandler - INFO: Detected dialect: OSS

Aug 14, 2020 7:44:26 AM org.openqa.selenium.remote.ProtocolHandshake createSession
[MASTER] 15:44:26.488 [Thread-3] ERROR ExternalProcessHandler - Aug 14, 2020 7:44:26 AM org.openqa.selenium.remote.ProtocolHandshake createSession

INFO: Detected dialect: OSS
[MASTER] 15:44:26.488 [Thread-3] ERROR ExternalProcessHandler - INFO: Detected dialect: OSS

Aug 14, 2020 7:44:29 AM org.openqa.selenium.remote.ProtocolHandshake createSession
[MASTER] 15:44:29.372 [Thread-3] ERROR ExternalProcessHandler - Aug 14, 2020 7:44:29 AM org.openqa.selenium.remote.ProtocolHandshake createSession

INFO: Detected dialect: OSS
[MASTER] 15:44:29.372 [Thread-3] ERROR ExternalProcessHandler - INFO: Detected dialect: OSS

Aug 14, 2020 7:44:30 AM org.openqa.selenium.remote.ProtocolHandshake createSession
[MASTER] 15:44:30.737 [Thread-3] ERROR ExternalProcessHandler - Aug 14, 2020 7:44:30 AM org.openqa.selenium.remote.ProtocolHandshake createSession

INFO: Detected dialect: OSS
[MASTER] 15:44:30.737 [Thread-3] ERROR ExternalProcessHandler - INFO: Detected dialect: OSS

Aug 14, 2020 7:44:31 AM org.openqa.selenium.remote.ProtocolHandshake createSession
[MASTER] 15:44:31.959 [Thread-3] ERROR ExternalProcessHandler - Aug 14, 2020 7:44:31 AM org.openqa.selenium.remote.ProtocolHandshake createSession

INFO: Detected dialect: OSS
[MASTER] 15:44:31.959 [Thread-3] ERROR ExternalProcessHandler - INFO: Detected dialect: OSS

Aug 14, 2020 7:44:33 AM org.openqa.selenium.remote.ProtocolHandshake createSession
[MASTER] 15:44:33.083 [Thread-3] ERROR ExternalProcessHandler - Aug 14, 2020 7:44:33 AM org.openqa.selenium.remote.ProtocolHandshake createSession

INFO: Detected dialect: OSS
[MASTER] 15:44:33.083 [Thread-3] ERROR ExternalProcessHandler - INFO: Detected dialect: OSS

Aug 14, 2020 7:44:34 AM org.openqa.selenium.remote.ProtocolHandshake createSession
[MASTER] 15:44:34.418 [Thread-3] ERROR ExternalProcessHandler - Aug 14, 2020 7:44:34 AM org.openqa.selenium.remote.ProtocolHandshake createSession

INFO: Detected dialect: OSS
[MASTER] 15:44:34.418 [Thread-3] ERROR ExternalProcessHandler - INFO: Detected dialect: OSS

Aug 14, 2020 7:44:41 AM org.openqa.selenium.remote.ProtocolHandshake createSession
[MASTER] 15:44:41.476 [Thread-3] ERROR ExternalProcessHandler - Aug 14, 2020 7:44:41 AM org.openqa.selenium.remote.ProtocolHandshake createSession

INFO: Detected dialect: OSS
[MASTER] 15:44:41.476 [Thread-3] ERROR ExternalProcessHandler - INFO: Detected dialect: OSS

Aug 14, 2020 7:44:54 AM org.openqa.selenium.remote.ProtocolHandshake createSession
[MASTER] 15:44:54.780 [Thread-3] ERROR ExternalProcessHandler - Aug 14, 2020 7:44:54 AM org.openqa.selenium.remote.ProtocolHandshake createSession

INFO: Detected dialect: OSS
[MASTER] 15:44:54.780 [Thread-3] ERROR ExternalProcessHandler - INFO: Detected dialect: OSS

Aug 14, 2020 7:45:13 AM org.openqa.selenium.remote.ProtocolHandshake createSession
[MASTER] 15:45:13.924 [Thread-3] ERROR ExternalProcessHandler - Aug 14, 2020 7:45:13 AM org.openqa.selenium.remote.ProtocolHandshake createSession

INFO: Detected dialect: OSS
[MASTER] 15:45:13.924 [Thread-3] ERROR ExternalProcessHandler - INFO: Detected dialect: OSS

[MASTER] 15:45:39.055 [logback-2] ERROR TestCaseExecutor - TG: Exception caught: 
java.lang.IllegalStateException: Test generation failed: page object bug.
	at org.evosuite.testcase.execution.TestCaseExecutor.runTest(TestCaseExecutor.java:322) ~[evosuite-client-1.0.4-SNAPSHOT.jar:na]
	at org.evosuite.testcase.TestFitnessFunction.runTest(TestFitnessFunction.java:91) [evosuite-client-1.0.4-SNAPSHOT.jar:na]
	at org.evosuite.testcase.TestFitnessFunction.getFitness(TestFitnessFunction.java:60) [evosuite-client-1.0.4-SNAPSHOT.jar:na]
	at org.evosuite.testcase.TestFitnessFunction.getFitness(TestFitnessFunction.java:34) [evosuite-client-1.0.4-SNAPSHOT.jar:na]
	at org.evosuite.ga.metaheuristics.art.AdaptiveRandomSearch.calculateFitness(AdaptiveRandomSearch.java:312) [evosuite-client-1.0.4-SNAPSHOT.jar:na]
	at org.evosuite.ga.metaheuristics.art.AdaptiveRandomSearch.evolve(AdaptiveRandomSearch.java:139) [evosuite-client-1.0.4-SNAPSHOT.jar:na]
	at org.evosuite.ga.metaheuristics.art.AdaptiveRandomSearch.generateSolution(AdaptiveRandomSearch.java:270) [evosuite-client-1.0.4-SNAPSHOT.jar:na]
	at org.evosuite.strategy.AdaptiveRandomTestStrategy.generateTests(AdaptiveRandomTestStrategy.java:118) [evosuite-client-1.0.4-SNAPSHOT.jar:na]
	at org.evosuite.TestSuiteGenerator.generateTests(TestSuiteGenerator.java:654) [evosuite-client-1.0.4-SNAPSHOT.jar:na]
	at org.evosuite.TestSuiteGenerator.generateTestSuite(TestSuiteGenerator.java:213) [evosuite-client-1.0.4-SNAPSHOT.jar:na]
	at org.evosuite.rmi.service.ClientNodeImpl$1.run(ClientNodeImpl.java:145) [evosuite-client-1.0.4-SNAPSHOT.jar:na]
	at java.util.concurrent.Executors$RunnableAdapter.call(Executors.java:511) [na:1.8.0_265]
	at java.util.concurrent.FutureTask.run(FutureTask.java:266) [na:1.8.0_265]
	at java.util.concurrent.ThreadPoolExecutor.runWorker(ThreadPoolExecutor.java:1149) [na:1.8.0_265]
	at java.util.concurrent.ThreadPoolExecutor$Worker.run(ThreadPoolExecutor.java:624) [na:1.8.0_265]
	at java.lang.Thread.run(Thread.java:748) [na:1.8.0_265]
Aug 14, 2020 7:45:39 AM org.openqa.selenium.remote.ProtocolHandshake createSession
[MASTER] 15:45:39.257 [Thread-3] ERROR ExternalProcessHandler - Aug 14, 2020 7:45:39 AM org.openqa.selenium.remote.ProtocolHandshake createSession

INFO: Detected dialect: OSS
[MASTER] 15:45:39.257 [Thread-3] ERROR ExternalProcessHandler - INFO: Detected dialect: OSS

Aug 14, 2020 7:45:44 AM org.openqa.selenium.remote.ProtocolHandshake createSession
[MASTER] 15:45:44.386 [Thread-3] ERROR ExternalProcessHandler - Aug 14, 2020 7:45:44 AM org.openqa.selenium.remote.ProtocolHandshake createSession

INFO: Detected dialect: OSS
[MASTER] 15:45:44.386 [Thread-3] ERROR ExternalProcessHandler - INFO: Detected dialect: OSS

Aug 14, 2020 7:45:55 AM org.openqa.selenium.remote.ProtocolHandshake createSession
[MASTER] 15:45:55.957 [Thread-3] ERROR ExternalProcessHandler - Aug 14, 2020 7:45:55 AM org.openqa.selenium.remote.ProtocolHandshake createSession

INFO: Detected dialect: OSS
[MASTER] 15:45:55.957 [Thread-3] ERROR ExternalProcessHandler - INFO: Detected dialect: OSS

Aug 14, 2020 7:46:13 AM org.openqa.selenium.remote.ProtocolHandshake createSession
[MASTER] 15:46:13.734 [Thread-3] ERROR ExternalProcessHandler - Aug 14, 2020 7:46:13 AM org.openqa.selenium.remote.ProtocolHandshake createSession

INFO: Detected dialect: OSS
[MASTER] 15:46:13.734 [Thread-3] ERROR ExternalProcessHandler - INFO: Detected dialect: OSS

[MASTER] 15:46:37.545 [logback-2] ERROR TestCaseExecutor - TG: Exception caught: 
java.lang.IllegalStateException: Test generation failed: page object bug.
	at org.evosuite.testcase.execution.TestCaseExecutor.runTest(TestCaseExecutor.java:322) ~[evosuite-client-1.0.4-SNAPSHOT.jar:na]
	at org.evosuite.testcase.TestFitnessFunction.runTest(TestFitnessFunction.java:91) [evosuite-client-1.0.4-SNAPSHOT.jar:na]
	at org.evosuite.testcase.TestFitnessFunction.getFitness(TestFitnessFunction.java:60) [evosuite-client-1.0.4-SNAPSHOT.jar:na]
	at org.evosuite.testcase.TestFitnessFunction.getFitness(TestFitnessFunction.java:34) [evosuite-client-1.0.4-SNAPSHOT.jar:na]
	at org.evosuite.ga.metaheuristics.art.AdaptiveRandomSearch.calculateFitness(AdaptiveRandomSearch.java:312) [evosuite-client-1.0.4-SNAPSHOT.jar:na]
	at org.evosuite.ga.metaheuristics.art.AdaptiveRandomSearch.evolve(AdaptiveRandomSearch.java:139) [evosuite-client-1.0.4-SNAPSHOT.jar:na]
	at org.evosuite.ga.metaheuristics.art.AdaptiveRandomSearch.generateSolution(AdaptiveRandomSearch.java:270) [evosuite-client-1.0.4-SNAPSHOT.jar:na]
	at org.evosuite.strategy.AdaptiveRandomTestStrategy.generateTests(AdaptiveRandomTestStrategy.java:118) [evosuite-client-1.0.4-SNAPSHOT.jar:na]
	at org.evosuite.TestSuiteGenerator.generateTests(TestSuiteGenerator.java:654) [evosuite-client-1.0.4-SNAPSHOT.jar:na]
	at org.evosuite.TestSuiteGenerator.generateTestSuite(TestSuiteGenerator.java:213) [evosuite-client-1.0.4-SNAPSHOT.jar:na]
	at org.evosuite.rmi.service.ClientNodeImpl$1.run(ClientNodeImpl.java:145) [evosuite-client-1.0.4-SNAPSHOT.jar:na]
	at java.util.concurrent.Executors$RunnableAdapter.call(Executors.java:511) [na:1.8.0_265]
	at java.util.concurrent.FutureTask.run(FutureTask.java:266) [na:1.8.0_265]
	at java.util.concurrent.ThreadPoolExecutor.runWorker(ThreadPoolExecutor.java:1149) [na:1.8.0_265]
	at java.util.concurrent.ThreadPoolExecutor$Worker.run(ThreadPoolExecutor.java:624) [na:1.8.0_265]
	at java.lang.Thread.run(Thread.java:748) [na:1.8.0_265]
Aug 14, 2020 7:46:37 AM org.openqa.selenium.remote.ProtocolHandshake createSession
[MASTER] 15:46:37.764 [Thread-3] ERROR ExternalProcessHandler - Aug 14, 2020 7:46:37 AM org.openqa.selenium.remote.ProtocolHandshake createSession

INFO: Detected dialect: OSS
[MASTER] 15:46:37.764 [Thread-3] ERROR ExternalProcessHandler - INFO: Detected dialect: OSS

Aug 14, 2020 7:46:40 AM org.openqa.selenium.remote.ProtocolHandshake createSession
[MASTER] 15:46:40.159 [Thread-3] ERROR ExternalProcessHandler - Aug 14, 2020 7:46:40 AM org.openqa.selenium.remote.ProtocolHandshake createSession

INFO: Detected dialect: OSS
[MASTER] 15:46:40.159 [Thread-3] ERROR ExternalProcessHandler - INFO: Detected dialect: OSS

Aug 14, 2020 7:46:41 AM org.openqa.selenium.remote.ProtocolHandshake createSession
[MASTER] 15:46:41.714 [Thread-3] ERROR ExternalProcessHandler - Aug 14, 2020 7:46:41 AM org.openqa.selenium.remote.ProtocolHandshake createSession

INFO: Detected dialect: OSS
[MASTER] 15:46:41.715 [Thread-3] ERROR ExternalProcessHandler - INFO: Detected dialect: OSS

Aug 14, 2020 7:46:43 AM org.openqa.selenium.remote.ProtocolHandshake createSession
[MASTER] 15:46:43.589 [Thread-3] ERROR ExternalProcessHandler - Aug 14, 2020 7:46:43 AM org.openqa.selenium.remote.ProtocolHandshake createSession

INFO: Detected dialect: OSS
[MASTER] 15:46:43.589 [Thread-3] ERROR ExternalProcessHandler - INFO: Detected dialect: OSS

Aug 14, 2020 7:46:44 AM org.openqa.selenium.remote.ProtocolHandshake createSession
[MASTER] 15:46:44.581 [Thread-3] ERROR ExternalProcessHandler - Aug 14, 2020 7:46:44 AM org.openqa.selenium.remote.ProtocolHandshake createSession

INFO: Detected dialect: OSS
[MASTER] 15:46:44.581 [Thread-3] ERROR ExternalProcessHandler - INFO: Detected dialect: OSS

Aug 14, 2020 7:46:49 AM org.openqa.selenium.remote.ProtocolHandshake createSession
[MASTER] 15:46:49.065 [Thread-3] ERROR ExternalProcessHandler - Aug 14, 2020 7:46:49 AM org.openqa.selenium.remote.ProtocolHandshake createSession

INFO: Detected dialect: OSS
[MASTER] 15:46:49.066 [Thread-3] ERROR ExternalProcessHandler - INFO: Detected dialect: OSS

Aug 14, 2020 7:46:59 AM org.openqa.selenium.remote.ProtocolHandshake createSession
[MASTER] 15:46:59.871 [Thread-3] ERROR ExternalProcessHandler - Aug 14, 2020 7:46:59 AM org.openqa.selenium.remote.ProtocolHandshake createSession

INFO: Detected dialect: OSS
[MASTER] 15:46:59.871 [Thread-3] ERROR ExternalProcessHandler - INFO: Detected dialect: OSS

Aug 14, 2020 7:47:16 AM org.openqa.selenium.remote.ProtocolHandshake createSession
[MASTER] 15:47:16.646 [Thread-3] ERROR ExternalProcessHandler - Aug 14, 2020 7:47:16 AM org.openqa.selenium.remote.ProtocolHandshake createSession

INFO: Detected dialect: OSS
[MASTER] 15:47:16.646 [Thread-3] ERROR ExternalProcessHandler - INFO: Detected dialect: OSS

[MASTER] 15:47:39.319 [logback-2] ERROR TestCaseExecutor - TG: Exception caught: 
java.lang.IllegalStateException: Test generation failed: page object bug.
	at org.evosuite.testcase.execution.TestCaseExecutor.runTest(TestCaseExecutor.java:322) ~[evosuite-client-1.0.4-SNAPSHOT.jar:na]
	at org.evosuite.testcase.TestFitnessFunction.runTest(TestFitnessFunction.java:91) [evosuite-client-1.0.4-SNAPSHOT.jar:na]
	at org.evosuite.testcase.TestFitnessFunction.getFitness(TestFitnessFunction.java:60) [evosuite-client-1.0.4-SNAPSHOT.jar:na]
	at org.evosuite.testcase.TestFitnessFunction.getFitness(TestFitnessFunction.java:34) [evosuite-client-1.0.4-SNAPSHOT.jar:na]
	at org.evosuite.ga.metaheuristics.art.AdaptiveRandomSearch.calculateFitness(AdaptiveRandomSearch.java:312) [evosuite-client-1.0.4-SNAPSHOT.jar:na]
	at org.evosuite.ga.metaheuristics.art.AdaptiveRandomSearch.evolve(AdaptiveRandomSearch.java:139) [evosuite-client-1.0.4-SNAPSHOT.jar:na]
	at org.evosuite.ga.metaheuristics.art.AdaptiveRandomSearch.generateSolution(AdaptiveRandomSearch.java:270) [evosuite-client-1.0.4-SNAPSHOT.jar:na]
	at org.evosuite.strategy.AdaptiveRandomTestStrategy.generateTests(AdaptiveRandomTestStrategy.java:118) [evosuite-client-1.0.4-SNAPSHOT.jar:na]
	at org.evosuite.TestSuiteGenerator.generateTests(TestSuiteGenerator.java:654) [evosuite-client-1.0.4-SNAPSHOT.jar:na]
	at org.evosuite.TestSuiteGenerator.generateTestSuite(TestSuiteGenerator.java:213) [evosuite-client-1.0.4-SNAPSHOT.jar:na]
	at org.evosuite.rmi.service.ClientNodeImpl$1.run(ClientNodeImpl.java:145) [evosuite-client-1.0.4-SNAPSHOT.jar:na]
	at java.util.concurrent.Executors$RunnableAdapter.call(Executors.java:511) [na:1.8.0_265]
	at java.util.concurrent.FutureTask.run(FutureTask.java:266) [na:1.8.0_265]
	at java.util.concurrent.ThreadPoolExecutor.runWorker(ThreadPoolExecutor.java:1149) [na:1.8.0_265]
	at java.util.concurrent.ThreadPoolExecutor$Worker.run(ThreadPoolExecutor.java:624) [na:1.8.0_265]
	at java.lang.Thread.run(Thread.java:748) [na:1.8.0_265]
Aug 14, 2020 7:47:39 AM org.openqa.selenium.remote.ProtocolHandshake createSession
[MASTER] 15:47:39.517 [Thread-3] ERROR ExternalProcessHandler - Aug 14, 2020 7:47:39 AM org.openqa.selenium.remote.ProtocolHandshake createSession

INFO: Detected dialect: OSS
[MASTER] 15:47:39.517 [Thread-3] ERROR ExternalProcessHandler - INFO: Detected dialect: OSS

Aug 14, 2020 7:47:42 AM org.openqa.selenium.remote.ProtocolHandshake createSession
[MASTER] 15:47:42.434 [Thread-3] ERROR ExternalProcessHandler - Aug 14, 2020 7:47:42 AM org.openqa.selenium.remote.ProtocolHandshake createSession

INFO: Detected dialect: OSS
[MASTER] 15:47:42.434 [Thread-3] ERROR ExternalProcessHandler - INFO: Detected dialect: OSS

Aug 14, 2020 7:47:44 AM org.openqa.selenium.remote.ProtocolHandshake createSession
[MASTER] 15:47:44.427 [Thread-3] ERROR ExternalProcessHandler - Aug 14, 2020 7:47:44 AM org.openqa.selenium.remote.ProtocolHandshake createSession

INFO: Detected dialect: OSS
[MASTER] 15:47:44.427 [Thread-3] ERROR ExternalProcessHandler - INFO: Detected dialect: OSS

Aug 14, 2020 7:47:45 AM org.openqa.selenium.remote.ProtocolHandshake createSession
[MASTER] 15:47:45.410 [Thread-3] ERROR ExternalProcessHandler - Aug 14, 2020 7:47:45 AM org.openqa.selenium.remote.ProtocolHandshake createSession

INFO: Detected dialect: OSS
[MASTER] 15:47:45.410 [Thread-3] ERROR ExternalProcessHandler - INFO: Detected dialect: OSS

Aug 14, 2020 7:47:46 AM org.openqa.selenium.remote.ProtocolHandshake createSession
[MASTER] 15:47:46.431 [Thread-3] ERROR ExternalProcessHandler - Aug 14, 2020 7:47:46 AM org.openqa.selenium.remote.ProtocolHandshake createSession

INFO: Detected dialect: OSS
[MASTER] 15:47:46.431 [Thread-3] ERROR ExternalProcessHandler - INFO: Detected dialect: OSS

Aug 14, 2020 7:47:47 AM org.openqa.selenium.remote.ProtocolHandshake createSession
[MASTER] 15:47:47.394 [Thread-3] ERROR ExternalProcessHandler - Aug 14, 2020 7:47:47 AM org.openqa.selenium.remote.ProtocolHandshake createSession

INFO: Detected dialect: OSS
[MASTER] 15:47:47.394 [Thread-3] ERROR ExternalProcessHandler - INFO: Detected dialect: OSS

Aug 14, 2020 7:47:49 AM po_utils.PageObjectLogging logInfo
[MASTER] 15:47:49.608 [Thread-3] ERROR ExternalProcessHandler - Aug 14, 2020 7:47:49 AM po_utils.PageObjectLogging logInfo

INFO: waitForElementBeingPresentOnPage timeout exception: unable to locate the element By.xpath: //button[text()="Create a new session"]
[MASTER] 15:47:49.609 [Thread-3] ERROR ExternalProcessHandler - INFO: waitForElementBeingPresentOnPage timeout exception: unable to locate the element By.xpath: //button[text()="Create a new session"]


[MASTER] 15:47:49.609 [Thread-3] ERROR ExternalProcessHandler - 


[MASTER] 15:47:49.609 [Thread-3] ERROR ExternalProcessHandler - 

Aug 14, 2020 7:47:50 AM org.openqa.selenium.remote.ProtocolHandshake createSession
[MASTER] 15:47:50.117 [Thread-3] ERROR ExternalProcessHandler - Aug 14, 2020 7:47:50 AM org.openqa.selenium.remote.ProtocolHandshake createSession

INFO: Detected dialect: OSS
[MASTER] 15:47:50.118 [Thread-3] ERROR ExternalProcessHandler - INFO: Detected dialect: OSS

Aug 14, 2020 7:47:57 AM po_utils.PageObjectLogging logInfo
[MASTER] 15:47:57.501 [Thread-3] ERROR ExternalProcessHandler - Aug 14, 2020 7:47:57 AM po_utils.PageObjectLogging logInfo

INFO: waitForElementBeingPresentOnPage timeout exception: unable to locate the element By.xpath: //button[text()="Create a new session"]
[MASTER] 15:47:57.502 [Thread-3] ERROR ExternalProcessHandler - INFO: waitForElementBeingPresentOnPage timeout exception: unable to locate the element By.xpath: //button[text()="Create a new session"]


[MASTER] 15:47:57.502 [Thread-3] ERROR ExternalProcessHandler - 


[MASTER] 15:47:57.502 [Thread-3] ERROR ExternalProcessHandler - 

Aug 14, 2020 7:47:58 AM org.openqa.selenium.remote.ProtocolHandshake createSession
[MASTER] 15:47:58.919 [Thread-3] ERROR ExternalProcessHandler - Aug 14, 2020 7:47:58 AM org.openqa.selenium.remote.ProtocolHandshake createSession

INFO: Detected dialect: OSS
[MASTER] 15:47:58.919 [Thread-3] ERROR ExternalProcessHandler - INFO: Detected dialect: OSS

Aug 14, 2020 7:48:11 AM po_utils.PageObjectLogging logInfo
[MASTER] 15:48:11.310 [Thread-3] ERROR ExternalProcessHandler - Aug 14, 2020 7:48:11 AM po_utils.PageObjectLogging logInfo

INFO: waitForElementBeingPresentOnPage timeout exception: unable to locate the element By.xpath: //button[text()="Create a new session"]
[MASTER] 15:48:11.311 [Thread-3] ERROR ExternalProcessHandler - INFO: waitForElementBeingPresentOnPage timeout exception: unable to locate the element By.xpath: //button[text()="Create a new session"]


[MASTER] 15:48:11.312 [Thread-3] ERROR ExternalProcessHandler - 


[MASTER] 15:48:11.312 [Thread-3] ERROR ExternalProcessHandler - 

Aug 14, 2020 7:48:13 AM org.openqa.selenium.remote.ProtocolHandshake createSession
[MASTER] 15:48:13.653 [Thread-3] ERROR ExternalProcessHandler - Aug 14, 2020 7:48:13 AM org.openqa.selenium.remote.ProtocolHandshake createSession

INFO: Detected dialect: OSS
[MASTER] 15:48:13.653 [Thread-3] ERROR ExternalProcessHandler - INFO: Detected dialect: OSS

Aug 14, 2020 7:48:31 AM po_utils.PageObjectLogging logInfo
[MASTER] 15:48:31.223 [Thread-3] ERROR ExternalProcessHandler - Aug 14, 2020 7:48:31 AM po_utils.PageObjectLogging logInfo

INFO: waitForElementBeingPresentOnPage timeout exception: unable to locate the element By.xpath: //button[text()="Create a new session"]
[MASTER] 15:48:31.225 [Thread-3] ERROR ExternalProcessHandler - INFO: waitForElementBeingPresentOnPage timeout exception: unable to locate the element By.xpath: //button[text()="Create a new session"]


[MASTER] 15:48:31.225 [Thread-3] ERROR ExternalProcessHandler - 


[MASTER] 15:48:31.225 [Thread-3] ERROR ExternalProcessHandler - 

[MASTER] 15:48:34.355 [logback-2] ERROR TestCaseExecutor - TG: Exception caught: 
java.lang.IllegalStateException: Test generation failed: page object bug.
	at org.evosuite.testcase.execution.TestCaseExecutor.runTest(TestCaseExecutor.java:322) ~[evosuite-client-1.0.4-SNAPSHOT.jar:na]
	at org.evosuite.testcase.TestFitnessFunction.runTest(TestFitnessFunction.java:91) [evosuite-client-1.0.4-SNAPSHOT.jar:na]
	at org.evosuite.testcase.TestFitnessFunction.getFitness(TestFitnessFunction.java:60) [evosuite-client-1.0.4-SNAPSHOT.jar:na]
	at org.evosuite.testcase.TestFitnessFunction.getFitness(TestFitnessFunction.java:34) [evosuite-client-1.0.4-SNAPSHOT.jar:na]
	at org.evosuite.ga.metaheuristics.art.AdaptiveRandomSearch.calculateFitness(AdaptiveRandomSearch.java:312) [evosuite-client-1.0.4-SNAPSHOT.jar:na]
	at org.evosuite.ga.metaheuristics.art.AdaptiveRandomSearch.evolve(AdaptiveRandomSearch.java:139) [evosuite-client-1.0.4-SNAPSHOT.jar:na]
	at org.evosuite.ga.metaheuristics.art.AdaptiveRandomSearch.generateSolution(AdaptiveRandomSearch.java:270) [evosuite-client-1.0.4-SNAPSHOT.jar:na]
	at org.evosuite.strategy.AdaptiveRandomTestStrategy.generateTests(AdaptiveRandomTestStrategy.java:118) [evosuite-client-1.0.4-SNAPSHOT.jar:na]
	at org.evosuite.TestSuiteGenerator.generateTests(TestSuiteGenerator.java:654) [evosuite-client-1.0.4-SNAPSHOT.jar:na]
	at org.evosuite.TestSuiteGenerator.generateTestSuite(TestSuiteGenerator.java:213) [evosuite-client-1.0.4-SNAPSHOT.jar:na]
	at org.evosuite.rmi.service.ClientNodeImpl$1.run(ClientNodeImpl.java:145) [evosuite-client-1.0.4-SNAPSHOT.jar:na]
	at java.util.concurrent.Executors$RunnableAdapter.call(Executors.java:511) [na:1.8.0_265]
	at java.util.concurrent.FutureTask.run(FutureTask.java:266) [na:1.8.0_265]
	at java.util.concurrent.ThreadPoolExecutor.runWorker(ThreadPoolExecutor.java:1149) [na:1.8.0_265]
	at java.util.concurrent.ThreadPoolExecutor$Worker.run(ThreadPoolExecutor.java:624) [na:1.8.0_265]
	at java.lang.Thread.run(Thread.java:748) [na:1.8.0_265]
Aug 14, 2020 7:48:34 AM org.openqa.selenium.remote.ProtocolHandshake createSession
[MASTER] 15:48:34.532 [Thread-3] ERROR ExternalProcessHandler - Aug 14, 2020 7:48:34 AM org.openqa.selenium.remote.ProtocolHandshake createSession

INFO: Detected dialect: OSS
[MASTER] 15:48:34.532 [Thread-3] ERROR ExternalProcessHandler - INFO: Detected dialect: OSS

Aug 14, 2020 7:48:35 AM org.openqa.selenium.remote.ProtocolHandshake createSession
[MASTER] 15:48:35.612 [Thread-3] ERROR ExternalProcessHandler - Aug 14, 2020 7:48:35 AM org.openqa.selenium.remote.ProtocolHandshake createSession

INFO: Detected dialect: OSS
[MASTER] 15:48:35.612 [Thread-3] ERROR ExternalProcessHandler - INFO: Detected dialect: OSS

Aug 14, 2020 7:48:36 AM org.openqa.selenium.remote.ProtocolHandshake createSession
[MASTER] 15:48:36.600 [Thread-3] ERROR ExternalProcessHandler - Aug 14, 2020 7:48:36 AM org.openqa.selenium.remote.ProtocolHandshake createSession

INFO: Detected dialect: OSS
[MASTER] 15:48:36.600 [Thread-3] ERROR ExternalProcessHandler - INFO: Detected dialect: OSS

Aug 14, 2020 7:48:39 AM org.openqa.selenium.remote.ProtocolHandshake createSession
[MASTER] 15:48:39.760 [Thread-3] ERROR ExternalProcessHandler - Aug 14, 2020 7:48:39 AM org.openqa.selenium.remote.ProtocolHandshake createSession

INFO: Detected dialect: OSS
[MASTER] 15:48:39.760 [Thread-3] ERROR ExternalProcessHandler - INFO: Detected dialect: OSS

Aug 14, 2020 7:48:48 AM org.openqa.selenium.remote.ProtocolHandshake createSession
[MASTER] 15:48:48.493 [Thread-3] ERROR ExternalProcessHandler - Aug 14, 2020 7:48:48 AM org.openqa.selenium.remote.ProtocolHandshake createSession

INFO: Detected dialect: OSS
[MASTER] 15:48:48.494 [Thread-3] ERROR ExternalProcessHandler - INFO: Detected dialect: OSS

Aug 14, 2020 7:49:02 AM org.openqa.selenium.remote.ProtocolHandshake createSession
[MASTER] 15:49:02.771 [Thread-3] ERROR ExternalProcessHandler - Aug 14, 2020 7:49:02 AM org.openqa.selenium.remote.ProtocolHandshake createSession

INFO: Detected dialect: OSS
[MASTER] 15:49:02.771 [Thread-3] ERROR ExternalProcessHandler - INFO: Detected dialect: OSS

[MASTER] 15:49:22.570 [logback-2] ERROR TestCaseExecutor - TG: Exception caught: 
java.lang.IllegalStateException: Test generation failed: page object bug.
	at org.evosuite.testcase.execution.TestCaseExecutor.runTest(TestCaseExecutor.java:322) ~[evosuite-client-1.0.4-SNAPSHOT.jar:na]
	at org.evosuite.testcase.TestFitnessFunction.runTest(TestFitnessFunction.java:91) [evosuite-client-1.0.4-SNAPSHOT.jar:na]
	at org.evosuite.testcase.TestFitnessFunction.getFitness(TestFitnessFunction.java:60) [evosuite-client-1.0.4-SNAPSHOT.jar:na]
	at org.evosuite.testcase.TestFitnessFunction.getFitness(TestFitnessFunction.java:34) [evosuite-client-1.0.4-SNAPSHOT.jar:na]
	at org.evosuite.ga.metaheuristics.art.AdaptiveRandomSearch.calculateFitness(AdaptiveRandomSearch.java:312) [evosuite-client-1.0.4-SNAPSHOT.jar:na]
	at org.evosuite.ga.metaheuristics.art.AdaptiveRandomSearch.evolve(AdaptiveRandomSearch.java:139) [evosuite-client-1.0.4-SNAPSHOT.jar:na]
	at org.evosuite.ga.metaheuristics.art.AdaptiveRandomSearch.generateSolution(AdaptiveRandomSearch.java:270) [evosuite-client-1.0.4-SNAPSHOT.jar:na]
	at org.evosuite.strategy.AdaptiveRandomTestStrategy.generateTests(AdaptiveRandomTestStrategy.java:118) [evosuite-client-1.0.4-SNAPSHOT.jar:na]
	at org.evosuite.TestSuiteGenerator.generateTests(TestSuiteGenerator.java:654) [evosuite-client-1.0.4-SNAPSHOT.jar:na]
	at org.evosuite.TestSuiteGenerator.generateTestSuite(TestSuiteGenerator.java:213) [evosuite-client-1.0.4-SNAPSHOT.jar:na]
	at org.evosuite.rmi.service.ClientNodeImpl$1.run(ClientNodeImpl.java:145) [evosuite-client-1.0.4-SNAPSHOT.jar:na]
	at java.util.concurrent.Executors$RunnableAdapter.call(Executors.java:511) [na:1.8.0_265]
	at java.util.concurrent.FutureTask.run(FutureTask.java:266) [na:1.8.0_265]
	at java.util.concurrent.ThreadPoolExecutor.runWorker(ThreadPoolExecutor.java:1149) [na:1.8.0_265]
	at java.util.concurrent.ThreadPoolExecutor$Worker.run(ThreadPoolExecutor.java:624) [na:1.8.0_265]
	at java.lang.Thread.run(Thread.java:748) [na:1.8.0_265]
Aug 14, 2020 7:49:22 AM org.openqa.selenium.remote.ProtocolHandshake createSession
[MASTER] 15:49:22.755 [Thread-3] ERROR ExternalProcessHandler - Aug 14, 2020 7:49:22 AM org.openqa.selenium.remote.ProtocolHandshake createSession

INFO: Detected dialect: OSS
[MASTER] 15:49:22.755 [Thread-3] ERROR ExternalProcessHandler - INFO: Detected dialect: OSS

Aug 14, 2020 7:49:23 AM org.openqa.selenium.remote.ProtocolHandshake createSession
[MASTER] 15:49:23.885 [Thread-3] ERROR ExternalProcessHandler - Aug 14, 2020 7:49:23 AM org.openqa.selenium.remote.ProtocolHandshake createSession

INFO: Detected dialect: OSS
[MASTER] 15:49:23.885 [Thread-3] ERROR ExternalProcessHandler - INFO: Detected dialect: OSS

Aug 14, 2020 7:49:25 AM org.openqa.selenium.remote.ProtocolHandshake createSession
[MASTER] 15:49:25.419 [Thread-3] ERROR ExternalProcessHandler - Aug 14, 2020 7:49:25 AM org.openqa.selenium.remote.ProtocolHandshake createSession

INFO: Detected dialect: OSS
[MASTER] 15:49:25.419 [Thread-3] ERROR ExternalProcessHandler - INFO: Detected dialect: OSS

Aug 14, 2020 7:49:27 AM org.openqa.selenium.remote.ProtocolHandshake createSession
[MASTER] 15:49:27.071 [Thread-3] ERROR ExternalProcessHandler - Aug 14, 2020 7:49:27 AM org.openqa.selenium.remote.ProtocolHandshake createSession

INFO: Detected dialect: OSS
[MASTER] 15:49:27.071 [Thread-3] ERROR ExternalProcessHandler - INFO: Detected dialect: OSS

Aug 14, 2020 7:49:28 AM org.openqa.selenium.remote.ProtocolHandshake createSession
[MASTER] 15:49:28.488 [Thread-3] ERROR ExternalProcessHandler - Aug 14, 2020 7:49:28 AM org.openqa.selenium.remote.ProtocolHandshake createSession

INFO: Detected dialect: OSS
[MASTER] 15:49:28.488 [Thread-3] ERROR ExternalProcessHandler - INFO: Detected dialect: OSS

Aug 14, 2020 7:49:30 AM org.openqa.selenium.remote.ProtocolHandshake createSession
[MASTER] 15:49:30.945 [Thread-3] ERROR ExternalProcessHandler - Aug 14, 2020 7:49:30 AM org.openqa.selenium.remote.ProtocolHandshake createSession

INFO: Detected dialect: OSS
[MASTER] 15:49:30.945 [Thread-3] ERROR ExternalProcessHandler - INFO: Detected dialect: OSS

Aug 14, 2020 7:49:39 AM org.openqa.selenium.remote.ProtocolHandshake createSession
[MASTER] 15:49:39.631 [Thread-3] ERROR ExternalProcessHandler - Aug 14, 2020 7:49:39 AM org.openqa.selenium.remote.ProtocolHandshake createSession

INFO: Detected dialect: OSS
[MASTER] 15:49:39.631 [Thread-3] ERROR ExternalProcessHandler - INFO: Detected dialect: OSS

Aug 14, 2020 7:49:54 AM org.openqa.selenium.remote.ProtocolHandshake createSession
[MASTER] 15:49:54.284 [Thread-3] ERROR ExternalProcessHandler - Aug 14, 2020 7:49:54 AM org.openqa.selenium.remote.ProtocolHandshake createSession

INFO: Detected dialect: OSS
[MASTER] 15:49:54.284 [Thread-3] ERROR ExternalProcessHandler - INFO: Detected dialect: OSS

[MASTER] 15:50:14.756 [logback-2] ERROR TestCaseExecutor - TG: Exception caught: 
java.lang.IllegalStateException: Test generation failed: page object bug.
	at org.evosuite.testcase.execution.TestCaseExecutor.runTest(TestCaseExecutor.java:322) ~[evosuite-client-1.0.4-SNAPSHOT.jar:na]
	at org.evosuite.testcase.TestFitnessFunction.runTest(TestFitnessFunction.java:91) [evosuite-client-1.0.4-SNAPSHOT.jar:na]
	at org.evosuite.testcase.TestFitnessFunction.getFitness(TestFitnessFunction.java:60) [evosuite-client-1.0.4-SNAPSHOT.jar:na]
	at org.evosuite.testcase.TestFitnessFunction.getFitness(TestFitnessFunction.java:34) [evosuite-client-1.0.4-SNAPSHOT.jar:na]
	at org.evosuite.ga.metaheuristics.art.AdaptiveRandomSearch.calculateFitness(AdaptiveRandomSearch.java:312) [evosuite-client-1.0.4-SNAPSHOT.jar:na]
	at org.evosuite.ga.metaheuristics.art.AdaptiveRandomSearch.evolve(AdaptiveRandomSearch.java:139) [evosuite-client-1.0.4-SNAPSHOT.jar:na]
	at org.evosuite.ga.metaheuristics.art.AdaptiveRandomSearch.generateSolution(AdaptiveRandomSearch.java:270) [evosuite-client-1.0.4-SNAPSHOT.jar:na]
	at org.evosuite.strategy.AdaptiveRandomTestStrategy.generateTests(AdaptiveRandomTestStrategy.java:118) [evosuite-client-1.0.4-SNAPSHOT.jar:na]
	at org.evosuite.TestSuiteGenerator.generateTests(TestSuiteGenerator.java:654) [evosuite-client-1.0.4-SNAPSHOT.jar:na]
	at org.evosuite.TestSuiteGenerator.generateTestSuite(TestSuiteGenerator.java:213) [evosuite-client-1.0.4-SNAPSHOT.jar:na]
	at org.evosuite.rmi.service.ClientNodeImpl$1.run(ClientNodeImpl.java:145) [evosuite-client-1.0.4-SNAPSHOT.jar:na]
	at java.util.concurrent.Executors$RunnableAdapter.call(Executors.java:511) [na:1.8.0_265]
	at java.util.concurrent.FutureTask.run(FutureTask.java:266) [na:1.8.0_265]
	at java.util.concurrent.ThreadPoolExecutor.runWorker(ThreadPoolExecutor.java:1149) [na:1.8.0_265]
	at java.util.concurrent.ThreadPoolExecutor$Worker.run(ThreadPoolExecutor.java:624) [na:1.8.0_265]
	at java.lang.Thread.run(Thread.java:748) [na:1.8.0_265]
Aug 14, 2020 7:50:14 AM org.openqa.selenium.remote.ProtocolHandshake createSession
[MASTER] 15:50:14.998 [Thread-3] ERROR ExternalProcessHandler - Aug 14, 2020 7:50:14 AM org.openqa.selenium.remote.ProtocolHandshake createSession

INFO: Detected dialect: OSS
[MASTER] 15:50:14.998 [Thread-3] ERROR ExternalProcessHandler - INFO: Detected dialect: OSS

Aug 14, 2020 7:50:16 AM org.openqa.selenium.remote.ProtocolHandshake createSession
[MASTER] 15:50:16.941 [Thread-3] ERROR ExternalProcessHandler - Aug 14, 2020 7:50:16 AM org.openqa.selenium.remote.ProtocolHandshake createSession

INFO: Detected dialect: OSS
[MASTER] 15:50:16.942 [Thread-3] ERROR ExternalProcessHandler - INFO: Detected dialect: OSS

Aug 14, 2020 7:50:19 AM org.openqa.selenium.remote.ProtocolHandshake createSession
[MASTER] 15:50:19.801 [Thread-3] ERROR ExternalProcessHandler - Aug 14, 2020 7:50:19 AM org.openqa.selenium.remote.ProtocolHandshake createSession

INFO: Detected dialect: OSS
[MASTER] 15:50:19.801 [Thread-3] ERROR ExternalProcessHandler - INFO: Detected dialect: OSS

Aug 14, 2020 7:50:29 AM org.openqa.selenium.remote.ProtocolHandshake createSession
[MASTER] 15:50:29.035 [Thread-3] ERROR ExternalProcessHandler - Aug 14, 2020 7:50:29 AM org.openqa.selenium.remote.ProtocolHandshake createSession

INFO: Detected dialect: OSS
[MASTER] 15:50:29.035 [Thread-3] ERROR ExternalProcessHandler - INFO: Detected dialect: OSS

Aug 14, 2020 7:50:44 AM org.openqa.selenium.remote.ProtocolHandshake createSession
[MASTER] 15:50:44.343 [Thread-3] ERROR ExternalProcessHandler - Aug 14, 2020 7:50:44 AM org.openqa.selenium.remote.ProtocolHandshake createSession

INFO: Detected dialect: OSS
[MASTER] 15:50:44.344 [Thread-3] ERROR ExternalProcessHandler - INFO: Detected dialect: OSS

[MASTER] 15:51:05.780 [logback-2] ERROR TestCaseExecutor - TG: Exception caught: 
java.lang.IllegalStateException: Test generation failed: page object bug.
	at org.evosuite.testcase.execution.TestCaseExecutor.runTest(TestCaseExecutor.java:322) ~[evosuite-client-1.0.4-SNAPSHOT.jar:na]
	at org.evosuite.testcase.TestFitnessFunction.runTest(TestFitnessFunction.java:91) [evosuite-client-1.0.4-SNAPSHOT.jar:na]
	at org.evosuite.testcase.TestFitnessFunction.getFitness(TestFitnessFunction.java:60) [evosuite-client-1.0.4-SNAPSHOT.jar:na]
	at org.evosuite.testcase.TestFitnessFunction.getFitness(TestFitnessFunction.java:34) [evosuite-client-1.0.4-SNAPSHOT.jar:na]
	at org.evosuite.ga.metaheuristics.art.AdaptiveRandomSearch.calculateFitness(AdaptiveRandomSearch.java:312) [evosuite-client-1.0.4-SNAPSHOT.jar:na]
	at org.evosuite.ga.metaheuristics.art.AdaptiveRandomSearch.evolve(AdaptiveRandomSearch.java:139) [evosuite-client-1.0.4-SNAPSHOT.jar:na]
	at org.evosuite.ga.metaheuristics.art.AdaptiveRandomSearch.generateSolution(AdaptiveRandomSearch.java:270) [evosuite-client-1.0.4-SNAPSHOT.jar:na]
	at org.evosuite.strategy.AdaptiveRandomTestStrategy.generateTests(AdaptiveRandomTestStrategy.java:118) [evosuite-client-1.0.4-SNAPSHOT.jar:na]
	at org.evosuite.TestSuiteGenerator.generateTests(TestSuiteGenerator.java:654) [evosuite-client-1.0.4-SNAPSHOT.jar:na]
	at org.evosuite.TestSuiteGenerator.generateTestSuite(TestSuiteGenerator.java:213) [evosuite-client-1.0.4-SNAPSHOT.jar:na]
	at org.evosuite.rmi.service.ClientNodeImpl$1.run(ClientNodeImpl.java:145) [evosuite-client-1.0.4-SNAPSHOT.jar:na]
	at java.util.concurrent.Executors$RunnableAdapter.call(Executors.java:511) [na:1.8.0_265]
	at java.util.concurrent.FutureTask.run(FutureTask.java:266) [na:1.8.0_265]
	at java.util.concurrent.ThreadPoolExecutor.runWorker(ThreadPoolExecutor.java:1149) [na:1.8.0_265]
	at java.util.concurrent.ThreadPoolExecutor$Worker.run(ThreadPoolExecutor.java:624) [na:1.8.0_265]
	at java.lang.Thread.run(Thread.java:748) [na:1.8.0_265]
Aug 14, 2020 7:51:05 AM org.openqa.selenium.remote.ProtocolHandshake createSession
[MASTER] 15:51:05.961 [Thread-3] ERROR ExternalProcessHandler - Aug 14, 2020 7:51:05 AM org.openqa.selenium.remote.ProtocolHandshake createSession

INFO: Detected dialect: OSS
[MASTER] 15:51:05.961 [Thread-3] ERROR ExternalProcessHandler - INFO: Detected dialect: OSS

Aug 14, 2020 7:51:07 AM org.openqa.selenium.remote.ProtocolHandshake createSession
[MASTER] 15:51:07.190 [Thread-3] ERROR ExternalProcessHandler - Aug 14, 2020 7:51:07 AM org.openqa.selenium.remote.ProtocolHandshake createSession

INFO: Detected dialect: OSS
[MASTER] 15:51:07.190 [Thread-3] ERROR ExternalProcessHandler - INFO: Detected dialect: OSS

Aug 14, 2020 7:51:08 AM org.openqa.selenium.remote.ProtocolHandshake createSession
[MASTER] 15:51:08.206 [Thread-3] ERROR ExternalProcessHandler - Aug 14, 2020 7:51:08 AM org.openqa.selenium.remote.ProtocolHandshake createSession

INFO: Detected dialect: OSS
[MASTER] 15:51:08.206 [Thread-3] ERROR ExternalProcessHandler - INFO: Detected dialect: OSS

Aug 14, 2020 7:51:12 AM po_utils.PageObjectLogging logInfo
[MASTER] 15:51:12.677 [Thread-3] ERROR ExternalProcessHandler - Aug 14, 2020 7:51:12 AM po_utils.PageObjectLogging logInfo

INFO: waitForElementBeingPresentOnPage timeout exception: unable to locate the element By.xpath: //button[text()="Create a new session"]
[MASTER] 15:51:12.678 [Thread-3] ERROR ExternalProcessHandler - INFO: waitForElementBeingPresentOnPage timeout exception: unable to locate the element By.xpath: //button[text()="Create a new session"]


[MASTER] 15:51:12.678 [Thread-3] ERROR ExternalProcessHandler - 


[MASTER] 15:51:12.678 [Thread-3] ERROR ExternalProcessHandler - 

Aug 14, 2020 7:51:13 AM org.openqa.selenium.remote.ProtocolHandshake createSession
[MASTER] 15:51:13.041 [Thread-3] ERROR ExternalProcessHandler - Aug 14, 2020 7:51:13 AM org.openqa.selenium.remote.ProtocolHandshake createSession

INFO: Detected dialect: OSS
[MASTER] 15:51:13.041 [Thread-3] ERROR ExternalProcessHandler - INFO: Detected dialect: OSS

Aug 14, 2020 7:51:23 AM po_utils.PageObjectLogging logInfo
[MASTER] 15:51:23.294 [Thread-3] ERROR ExternalProcessHandler - Aug 14, 2020 7:51:23 AM po_utils.PageObjectLogging logInfo

INFO: waitForElementBeingPresentOnPage timeout exception: unable to locate the element By.xpath: //button[text()="Create a new session"]
[MASTER] 15:51:23.295 [Thread-3] ERROR ExternalProcessHandler - INFO: waitForElementBeingPresentOnPage timeout exception: unable to locate the element By.xpath: //button[text()="Create a new session"]


[MASTER] 15:51:23.295 [Thread-3] ERROR ExternalProcessHandler - 


[MASTER] 15:51:23.295 [Thread-3] ERROR ExternalProcessHandler - 

Aug 14, 2020 7:51:24 AM org.openqa.selenium.remote.ProtocolHandshake createSession
[MASTER] 15:51:24.427 [Thread-3] ERROR ExternalProcessHandler - Aug 14, 2020 7:51:24 AM org.openqa.selenium.remote.ProtocolHandshake createSession

INFO: Detected dialect: OSS
[MASTER] 15:51:24.427 [Thread-3] ERROR ExternalProcessHandler - INFO: Detected dialect: OSS

Aug 14, 2020 7:51:40 AM po_utils.PageObjectLogging logInfo
[MASTER] 15:51:40.232 [Thread-3] ERROR ExternalProcessHandler - Aug 14, 2020 7:51:40 AM po_utils.PageObjectLogging logInfo

INFO: waitForElementBeingPresentOnPage timeout exception: unable to locate the element By.xpath: //button[text()="Create a new session"]
[MASTER] 15:51:40.233 [Thread-3] ERROR ExternalProcessHandler - INFO: waitForElementBeingPresentOnPage timeout exception: unable to locate the element By.xpath: //button[text()="Create a new session"]


[MASTER] 15:51:40.233 [Thread-3] ERROR ExternalProcessHandler - 


[MASTER] 15:51:40.233 [Thread-3] ERROR ExternalProcessHandler - 

Aug 14, 2020 7:51:42 AM org.openqa.selenium.remote.ProtocolHandshake createSession
[MASTER] 15:51:42.112 [Thread-3] ERROR ExternalProcessHandler - Aug 14, 2020 7:51:42 AM org.openqa.selenium.remote.ProtocolHandshake createSession

INFO: Detected dialect: OSS
[MASTER] 15:51:42.112 [Thread-3] ERROR ExternalProcessHandler - INFO: Detected dialect: OSS

Aug 14, 2020 7:52:03 AM po_utils.PageObjectLogging logInfo
[MASTER] 15:52:03.491 [Thread-3] ERROR ExternalProcessHandler - Aug 14, 2020 7:52:03 AM po_utils.PageObjectLogging logInfo

INFO: waitForElementBeingPresentOnPage timeout exception: unable to locate the element By.xpath: //button[text()="Create a new session"]
[MASTER] 15:52:03.492 [Thread-3] ERROR ExternalProcessHandler - INFO: waitForElementBeingPresentOnPage timeout exception: unable to locate the element By.xpath: //button[text()="Create a new session"]


[MASTER] 15:52:03.492 [Thread-3] ERROR ExternalProcessHandler - 


[MASTER] 15:52:03.492 [Thread-3] ERROR ExternalProcessHandler - 

[MASTER] 15:52:06.038 [logback-2] ERROR TestCaseExecutor - TG: Exception caught: 
java.lang.IllegalStateException: Test generation failed: page object bug.
	at org.evosuite.testcase.execution.TestCaseExecutor.runTest(TestCaseExecutor.java:322) ~[evosuite-client-1.0.4-SNAPSHOT.jar:na]
	at org.evosuite.testcase.TestFitnessFunction.runTest(TestFitnessFunction.java:91) [evosuite-client-1.0.4-SNAPSHOT.jar:na]
	at org.evosuite.testcase.TestFitnessFunction.getFitness(TestFitnessFunction.java:60) [evosuite-client-1.0.4-SNAPSHOT.jar:na]
	at org.evosuite.testcase.TestFitnessFunction.getFitness(TestFitnessFunction.java:34) [evosuite-client-1.0.4-SNAPSHOT.jar:na]
	at org.evosuite.ga.metaheuristics.art.AdaptiveRandomSearch.calculateFitness(AdaptiveRandomSearch.java:312) [evosuite-client-1.0.4-SNAPSHOT.jar:na]
	at org.evosuite.ga.metaheuristics.art.AdaptiveRandomSearch.evolve(AdaptiveRandomSearch.java:139) [evosuite-client-1.0.4-SNAPSHOT.jar:na]
	at org.evosuite.ga.metaheuristics.art.AdaptiveRandomSearch.generateSolution(AdaptiveRandomSearch.java:270) [evosuite-client-1.0.4-SNAPSHOT.jar:na]
	at org.evosuite.strategy.AdaptiveRandomTestStrategy.generateTests(AdaptiveRandomTestStrategy.java:118) [evosuite-client-1.0.4-SNAPSHOT.jar:na]
	at org.evosuite.TestSuiteGenerator.generateTests(TestSuiteGenerator.java:654) [evosuite-client-1.0.4-SNAPSHOT.jar:na]
	at org.evosuite.TestSuiteGenerator.generateTestSuite(TestSuiteGenerator.java:213) [evosuite-client-1.0.4-SNAPSHOT.jar:na]
	at org.evosuite.rmi.service.ClientNodeImpl$1.run(ClientNodeImpl.java:145) [evosuite-client-1.0.4-SNAPSHOT.jar:na]
	at java.util.concurrent.Executors$RunnableAdapter.call(Executors.java:511) [na:1.8.0_265]
	at java.util.concurrent.FutureTask.run(FutureTask.java:266) [na:1.8.0_265]
	at java.util.concurrent.ThreadPoolExecutor.runWorker(ThreadPoolExecutor.java:1149) [na:1.8.0_265]
	at java.util.concurrent.ThreadPoolExecutor$Worker.run(ThreadPoolExecutor.java:624) [na:1.8.0_265]
	at java.lang.Thread.run(Thread.java:748) [na:1.8.0_265]
Aug 14, 2020 7:52:06 AM org.openqa.selenium.remote.ProtocolHandshake createSession
[MASTER] 15:52:06.227 [Thread-3] ERROR ExternalProcessHandler - Aug 14, 2020 7:52:06 AM org.openqa.selenium.remote.ProtocolHandshake createSession

INFO: Detected dialect: OSS
[MASTER] 15:52:06.227 [Thread-3] ERROR ExternalProcessHandler - INFO: Detected dialect: OSS

Aug 14, 2020 7:52:08 AM org.openqa.selenium.remote.ProtocolHandshake createSession
[MASTER] 15:52:08.353 [Thread-3] ERROR ExternalProcessHandler - Aug 14, 2020 7:52:08 AM org.openqa.selenium.remote.ProtocolHandshake createSession

INFO: Detected dialect: OSS
[MASTER] 15:52:08.353 [Thread-3] ERROR ExternalProcessHandler - INFO: Detected dialect: OSS

Aug 14, 2020 7:52:12 AM org.openqa.selenium.remote.ProtocolHandshake createSession
[MASTER] 15:52:12.424 [Thread-3] ERROR ExternalProcessHandler - Aug 14, 2020 7:52:12 AM org.openqa.selenium.remote.ProtocolHandshake createSession

INFO: Detected dialect: OSS
[MASTER] 15:52:12.424 [Thread-3] ERROR ExternalProcessHandler - INFO: Detected dialect: OSS

Aug 14, 2020 7:52:22 AM org.openqa.selenium.remote.ProtocolHandshake createSession
[MASTER] 15:52:22.998 [Thread-3] ERROR ExternalProcessHandler - Aug 14, 2020 7:52:22 AM org.openqa.selenium.remote.ProtocolHandshake createSession

INFO: Detected dialect: OSS
[MASTER] 15:52:22.998 [Thread-3] ERROR ExternalProcessHandler - INFO: Detected dialect: OSS

Aug 14, 2020 7:52:39 AM org.openqa.selenium.remote.ProtocolHandshake createSession
[MASTER] 15:52:39.783 [Thread-3] ERROR ExternalProcessHandler - Aug 14, 2020 7:52:39 AM org.openqa.selenium.remote.ProtocolHandshake createSession

INFO: Detected dialect: OSS
[MASTER] 15:52:39.783 [Thread-3] ERROR ExternalProcessHandler - INFO: Detected dialect: OSS

[MASTER] 15:53:02.905 [logback-2] ERROR TestCaseExecutor - TG: Exception caught: 
java.lang.IllegalStateException: Test generation failed: page object bug.
	at org.evosuite.testcase.execution.TestCaseExecutor.runTest(TestCaseExecutor.java:322) ~[evosuite-client-1.0.4-SNAPSHOT.jar:na]
	at org.evosuite.testcase.TestFitnessFunction.runTest(TestFitnessFunction.java:91) [evosuite-client-1.0.4-SNAPSHOT.jar:na]
	at org.evosuite.testcase.TestFitnessFunction.getFitness(TestFitnessFunction.java:60) [evosuite-client-1.0.4-SNAPSHOT.jar:na]
	at org.evosuite.testcase.TestFitnessFunction.getFitness(TestFitnessFunction.java:34) [evosuite-client-1.0.4-SNAPSHOT.jar:na]
	at org.evosuite.ga.metaheuristics.art.AdaptiveRandomSearch.calculateFitness(AdaptiveRandomSearch.java:312) [evosuite-client-1.0.4-SNAPSHOT.jar:na]
	at org.evosuite.ga.metaheuristics.art.AdaptiveRandomSearch.evolve(AdaptiveRandomSearch.java:139) [evosuite-client-1.0.4-SNAPSHOT.jar:na]
	at org.evosuite.ga.metaheuristics.art.AdaptiveRandomSearch.generateSolution(AdaptiveRandomSearch.java:270) [evosuite-client-1.0.4-SNAPSHOT.jar:na]
	at org.evosuite.strategy.AdaptiveRandomTestStrategy.generateTests(AdaptiveRandomTestStrategy.java:118) [evosuite-client-1.0.4-SNAPSHOT.jar:na]
	at org.evosuite.TestSuiteGenerator.generateTests(TestSuiteGenerator.java:654) [evosuite-client-1.0.4-SNAPSHOT.jar:na]
	at org.evosuite.TestSuiteGenerator.generateTestSuite(TestSuiteGenerator.java:213) [evosuite-client-1.0.4-SNAPSHOT.jar:na]
	at org.evosuite.rmi.service.ClientNodeImpl$1.run(ClientNodeImpl.java:145) [evosuite-client-1.0.4-SNAPSHOT.jar:na]
	at java.util.concurrent.Executors$RunnableAdapter.call(Executors.java:511) [na:1.8.0_265]
	at java.util.concurrent.FutureTask.run(FutureTask.java:266) [na:1.8.0_265]
	at java.util.concurrent.ThreadPoolExecutor.runWorker(ThreadPoolExecutor.java:1149) [na:1.8.0_265]
	at java.util.concurrent.ThreadPoolExecutor$Worker.run(ThreadPoolExecutor.java:624) [na:1.8.0_265]
	at java.lang.Thread.run(Thread.java:748) [na:1.8.0_265]
Aug 14, 2020 7:53:03 AM org.openqa.selenium.remote.ProtocolHandshake createSession
[MASTER] 15:53:03.096 [Thread-3] ERROR ExternalProcessHandler - Aug 14, 2020 7:53:03 AM org.openqa.selenium.remote.ProtocolHandshake createSession

INFO: Detected dialect: OSS
[MASTER] 15:53:03.096 [Thread-3] ERROR ExternalProcessHandler - INFO: Detected dialect: OSS

Aug 14, 2020 7:53:04 AM org.openqa.selenium.remote.ProtocolHandshake createSession
[MASTER] 15:53:04.152 [Thread-3] ERROR ExternalProcessHandler - Aug 14, 2020 7:53:04 AM org.openqa.selenium.remote.ProtocolHandshake createSession

INFO: Detected dialect: OSS
[MASTER] 15:53:04.152 [Thread-3] ERROR ExternalProcessHandler - INFO: Detected dialect: OSS

Aug 14, 2020 7:53:05 AM org.openqa.selenium.remote.ProtocolHandshake createSession
[MASTER] 15:53:05.528 [Thread-3] ERROR ExternalProcessHandler - Aug 14, 2020 7:53:05 AM org.openqa.selenium.remote.ProtocolHandshake createSession

INFO: Detected dialect: OSS
[MASTER] 15:53:05.528 [Thread-3] ERROR ExternalProcessHandler - INFO: Detected dialect: OSS

Aug 14, 2020 7:53:09 AM org.openqa.selenium.remote.ProtocolHandshake createSession
[MASTER] 15:53:09.019 [Thread-3] ERROR ExternalProcessHandler - Aug 14, 2020 7:53:09 AM org.openqa.selenium.remote.ProtocolHandshake createSession

INFO: Detected dialect: OSS
[MASTER] 15:53:09.019 [Thread-3] ERROR ExternalProcessHandler - INFO: Detected dialect: OSS

Aug 14, 2020 7:53:10 AM org.openqa.selenium.remote.ProtocolHandshake createSession
[MASTER] 15:53:10.741 [Thread-3] ERROR ExternalProcessHandler - Aug 14, 2020 7:53:10 AM org.openqa.selenium.remote.ProtocolHandshake createSession

INFO: Detected dialect: OSS
[MASTER] 15:53:10.741 [Thread-3] ERROR ExternalProcessHandler - INFO: Detected dialect: OSS

Aug 14, 2020 7:53:12 AM org.openqa.selenium.remote.ProtocolHandshake createSession
[MASTER] 15:53:12.688 [Thread-3] ERROR ExternalProcessHandler - Aug 14, 2020 7:53:12 AM org.openqa.selenium.remote.ProtocolHandshake createSession

INFO: Detected dialect: OSS
[MASTER] 15:53:12.689 [Thread-3] ERROR ExternalProcessHandler - INFO: Detected dialect: OSS

Aug 14, 2020 7:53:13 AM org.openqa.selenium.remote.ProtocolHandshake createSession
[MASTER] 15:53:13.820 [Thread-3] ERROR ExternalProcessHandler - Aug 14, 2020 7:53:13 AM org.openqa.selenium.remote.ProtocolHandshake createSession

INFO: Detected dialect: OSS
[MASTER] 15:53:13.820 [Thread-3] ERROR ExternalProcessHandler - INFO: Detected dialect: OSS

Aug 14, 2020 7:53:15 AM po_utils.PageObjectLogging logInfo
[MASTER] 15:53:15.024 [Thread-3] ERROR ExternalProcessHandler - Aug 14, 2020 7:53:15 AM po_utils.PageObjectLogging logInfo

INFO: waitForElementBeingPresentOnPage timeout exception: unable to locate the element By.xpath: //button[text()="Create a new session"]
[MASTER] 15:53:15.025 [Thread-3] ERROR ExternalProcessHandler - INFO: waitForElementBeingPresentOnPage timeout exception: unable to locate the element By.xpath: //button[text()="Create a new session"]


[MASTER] 15:53:15.025 [Thread-3] ERROR ExternalProcessHandler - 


[MASTER] 15:53:15.025 [Thread-3] ERROR ExternalProcessHandler - 

Aug 14, 2020 7:53:17 AM org.openqa.selenium.remote.ProtocolHandshake createSession
[MASTER] 15:53:17.070 [Thread-3] ERROR ExternalProcessHandler - Aug 14, 2020 7:53:17 AM org.openqa.selenium.remote.ProtocolHandshake createSession

INFO: Detected dialect: OSS
[MASTER] 15:53:17.070 [Thread-3] ERROR ExternalProcessHandler - INFO: Detected dialect: OSS

Aug 14, 2020 7:53:21 AM po_utils.PageObjectLogging logInfo
[MASTER] 15:53:21.509 [Thread-3] ERROR ExternalProcessHandler - Aug 14, 2020 7:53:21 AM po_utils.PageObjectLogging logInfo

INFO: waitForElementBeingPresentOnPage timeout exception: unable to locate the element By.xpath: //button[text()="Create a new session"]
[MASTER] 15:53:21.509 [Thread-3] ERROR ExternalProcessHandler - INFO: waitForElementBeingPresentOnPage timeout exception: unable to locate the element By.xpath: //button[text()="Create a new session"]


[MASTER] 15:53:21.509 [Thread-3] ERROR ExternalProcessHandler - 


[MASTER] 15:53:21.509 [Thread-3] ERROR ExternalProcessHandler - 

Aug 14, 2020 7:53:26 AM org.openqa.selenium.remote.ProtocolHandshake createSession
[MASTER] 15:53:26.792 [Thread-3] ERROR ExternalProcessHandler - Aug 14, 2020 7:53:26 AM org.openqa.selenium.remote.ProtocolHandshake createSession

INFO: Detected dialect: OSS
[MASTER] 15:53:26.792 [Thread-3] ERROR ExternalProcessHandler - INFO: Detected dialect: OSS

Aug 14, 2020 7:53:34 AM po_utils.PageObjectLogging logInfo
[MASTER] 15:53:34.367 [Thread-3] ERROR ExternalProcessHandler - Aug 14, 2020 7:53:34 AM po_utils.PageObjectLogging logInfo

INFO: waitForElementBeingPresentOnPage timeout exception: unable to locate the element By.xpath: //button[text()="Create a new session"]
[MASTER] 15:53:34.368 [Thread-3] ERROR ExternalProcessHandler - INFO: waitForElementBeingPresentOnPage timeout exception: unable to locate the element By.xpath: //button[text()="Create a new session"]


[MASTER] 15:53:34.368 [Thread-3] ERROR ExternalProcessHandler - 


[MASTER] 15:53:34.368 [Thread-3] ERROR ExternalProcessHandler - 

Aug 14, 2020 7:53:42 AM org.openqa.selenium.remote.ProtocolHandshake createSession
[MASTER] 15:53:42.791 [Thread-3] ERROR ExternalProcessHandler - Aug 14, 2020 7:53:42 AM org.openqa.selenium.remote.ProtocolHandshake createSession

INFO: Detected dialect: OSS
[MASTER] 15:53:42.791 [Thread-3] ERROR ExternalProcessHandler - INFO: Detected dialect: OSS

Aug 14, 2020 7:53:53 AM po_utils.PageObjectLogging logInfo
[MASTER] 15:53:53.423 [Thread-3] ERROR ExternalProcessHandler - Aug 14, 2020 7:53:53 AM po_utils.PageObjectLogging logInfo

INFO: waitForElementBeingPresentOnPage timeout exception: unable to locate the element By.xpath: //button[text()="Create a new session"]
[MASTER] 15:53:53.423 [Thread-3] ERROR ExternalProcessHandler - INFO: waitForElementBeingPresentOnPage timeout exception: unable to locate the element By.xpath: //button[text()="Create a new session"]


[MASTER] 15:53:53.423 [Thread-3] ERROR ExternalProcessHandler - 


[MASTER] 15:53:53.423 [Thread-3] ERROR ExternalProcessHandler - 

[MASTER] 15:54:04.916 [logback-2] ERROR TestCaseExecutor - TG: Exception caught: 
java.lang.IllegalStateException: Test generation failed: page object bug.
	at org.evosuite.testcase.execution.TestCaseExecutor.runTest(TestCaseExecutor.java:322) ~[evosuite-client-1.0.4-SNAPSHOT.jar:na]
	at org.evosuite.testcase.TestFitnessFunction.runTest(TestFitnessFunction.java:91) [evosuite-client-1.0.4-SNAPSHOT.jar:na]
	at org.evosuite.testcase.TestFitnessFunction.getFitness(TestFitnessFunction.java:60) [evosuite-client-1.0.4-SNAPSHOT.jar:na]
	at org.evosuite.testcase.TestFitnessFunction.getFitness(TestFitnessFunction.java:34) [evosuite-client-1.0.4-SNAPSHOT.jar:na]
	at org.evosuite.ga.metaheuristics.art.AdaptiveRandomSearch.calculateFitness(AdaptiveRandomSearch.java:312) [evosuite-client-1.0.4-SNAPSHOT.jar:na]
	at org.evosuite.ga.metaheuristics.art.AdaptiveRandomSearch.evolve(AdaptiveRandomSearch.java:139) [evosuite-client-1.0.4-SNAPSHOT.jar:na]
	at org.evosuite.ga.metaheuristics.art.AdaptiveRandomSearch.generateSolution(AdaptiveRandomSearch.java:270) [evosuite-client-1.0.4-SNAPSHOT.jar:na]
	at org.evosuite.strategy.AdaptiveRandomTestStrategy.generateTests(AdaptiveRandomTestStrategy.java:118) [evosuite-client-1.0.4-SNAPSHOT.jar:na]
	at org.evosuite.TestSuiteGenerator.generateTests(TestSuiteGenerator.java:654) [evosuite-client-1.0.4-SNAPSHOT.jar:na]
	at org.evosuite.TestSuiteGenerator.generateTestSuite(TestSuiteGenerator.java:213) [evosuite-client-1.0.4-SNAPSHOT.jar:na]
	at org.evosuite.rmi.service.ClientNodeImpl$1.run(ClientNodeImpl.java:145) [evosuite-client-1.0.4-SNAPSHOT.jar:na]
	at java.util.concurrent.Executors$RunnableAdapter.call(Executors.java:511) [na:1.8.0_265]
	at java.util.concurrent.FutureTask.run(FutureTask.java:266) [na:1.8.0_265]
	at java.util.concurrent.ThreadPoolExecutor.runWorker(ThreadPoolExecutor.java:1149) [na:1.8.0_265]
	at java.util.concurrent.ThreadPoolExecutor$Worker.run(ThreadPoolExecutor.java:624) [na:1.8.0_265]
	at java.lang.Thread.run(Thread.java:748) [na:1.8.0_265]
Aug 14, 2020 7:54:05 AM org.openqa.selenium.remote.ProtocolHandshake createSession
[MASTER] 15:54:05.149 [Thread-3] ERROR ExternalProcessHandler - Aug 14, 2020 7:54:05 AM org.openqa.selenium.remote.ProtocolHandshake createSession

INFO: Detected dialect: OSS
[MASTER] 15:54:05.149 [Thread-3] ERROR ExternalProcessHandler - INFO: Detected dialect: OSS

Aug 14, 2020 7:54:08 AM po_utils.PageObjectLogging logInfo
[MASTER] 15:54:08.612 [Thread-3] ERROR ExternalProcessHandler - Aug 14, 2020 7:54:08 AM po_utils.PageObjectLogging logInfo

INFO: waitForElementBeingPresentOnPage timeout exception: unable to locate the element By.xpath: //button[text()="Create a new session"]
[MASTER] 15:54:08.613 [Thread-3] ERROR ExternalProcessHandler - INFO: waitForElementBeingPresentOnPage timeout exception: unable to locate the element By.xpath: //button[text()="Create a new session"]


[MASTER] 15:54:08.613 [Thread-3] ERROR ExternalProcessHandler - 


[MASTER] 15:54:08.614 [Thread-3] ERROR ExternalProcessHandler - 

Aug 14, 2020 7:54:08 AM org.openqa.selenium.remote.ProtocolHandshake createSession
[MASTER] 15:54:08.883 [Thread-3] ERROR ExternalProcessHandler - Aug 14, 2020 7:54:08 AM org.openqa.selenium.remote.ProtocolHandshake createSession

INFO: Detected dialect: OSS
[MASTER] 15:54:08.883 [Thread-3] ERROR ExternalProcessHandler - INFO: Detected dialect: OSS

Aug 14, 2020 7:54:17 AM po_utils.PageObjectLogging logInfo
[MASTER] 15:54:17.701 [Thread-3] ERROR ExternalProcessHandler - Aug 14, 2020 7:54:17 AM po_utils.PageObjectLogging logInfo

INFO: waitForElementBeingPresentOnPage timeout exception: unable to locate the element By.xpath: //button[text()="Create a new session"]
[MASTER] 15:54:17.701 [Thread-3] ERROR ExternalProcessHandler - INFO: waitForElementBeingPresentOnPage timeout exception: unable to locate the element By.xpath: //button[text()="Create a new session"]


[MASTER] 15:54:17.701 [Thread-3] ERROR ExternalProcessHandler - 


[MASTER] 15:54:17.701 [Thread-3] ERROR ExternalProcessHandler - 

Aug 14, 2020 7:54:18 AM org.openqa.selenium.remote.ProtocolHandshake createSession
[MASTER] 15:54:18.440 [Thread-3] ERROR ExternalProcessHandler - Aug 14, 2020 7:54:18 AM org.openqa.selenium.remote.ProtocolHandshake createSession

INFO: Detected dialect: OSS
[MASTER] 15:54:18.440 [Thread-3] ERROR ExternalProcessHandler - INFO: Detected dialect: OSS

Aug 14, 2020 7:54:32 AM po_utils.PageObjectLogging logInfo
[MASTER] 15:54:32.636 [Thread-3] ERROR ExternalProcessHandler - Aug 14, 2020 7:54:32 AM po_utils.PageObjectLogging logInfo

INFO: waitForElementBeingPresentOnPage timeout exception: unable to locate the element By.xpath: //button[text()="Create a new session"]
[MASTER] 15:54:32.637 [Thread-3] ERROR ExternalProcessHandler - INFO: waitForElementBeingPresentOnPage timeout exception: unable to locate the element By.xpath: //button[text()="Create a new session"]


[MASTER] 15:54:32.637 [Thread-3] ERROR ExternalProcessHandler - 


[MASTER] 15:54:32.637 [Thread-3] ERROR ExternalProcessHandler - 

Aug 14, 2020 7:54:33 AM org.openqa.selenium.remote.ProtocolHandshake createSession
[MASTER] 15:54:33.818 [Thread-3] ERROR ExternalProcessHandler - Aug 14, 2020 7:54:33 AM org.openqa.selenium.remote.ProtocolHandshake createSession

INFO: Detected dialect: OSS
[MASTER] 15:54:33.818 [Thread-3] ERROR ExternalProcessHandler - INFO: Detected dialect: OSS

Aug 14, 2020 7:54:53 AM po_utils.PageObjectLogging logInfo
[MASTER] 15:54:53.278 [Thread-3] ERROR ExternalProcessHandler - Aug 14, 2020 7:54:53 AM po_utils.PageObjectLogging logInfo

INFO: waitForElementBeingPresentOnPage timeout exception: unable to locate the element By.xpath: //button[text()="Create a new session"]
[MASTER] 15:54:53.279 [Thread-3] ERROR ExternalProcessHandler - INFO: waitForElementBeingPresentOnPage timeout exception: unable to locate the element By.xpath: //button[text()="Create a new session"]


[MASTER] 15:54:53.279 [Thread-3] ERROR ExternalProcessHandler - 


[MASTER] 15:54:53.279 [Thread-3] ERROR ExternalProcessHandler - 

[MASTER] 15:54:54.793 [logback-2] ERROR TestCaseExecutor - TG: Exception caught: 
java.lang.IllegalStateException: Test generation failed: page object bug.
	at org.evosuite.testcase.execution.TestCaseExecutor.runTest(TestCaseExecutor.java:322) ~[evosuite-client-1.0.4-SNAPSHOT.jar:na]
	at org.evosuite.testcase.TestFitnessFunction.runTest(TestFitnessFunction.java:91) [evosuite-client-1.0.4-SNAPSHOT.jar:na]
	at org.evosuite.testcase.TestFitnessFunction.getFitness(TestFitnessFunction.java:60) [evosuite-client-1.0.4-SNAPSHOT.jar:na]
	at org.evosuite.testcase.TestFitnessFunction.getFitness(TestFitnessFunction.java:34) [evosuite-client-1.0.4-SNAPSHOT.jar:na]
	at org.evosuite.ga.metaheuristics.art.AdaptiveRandomSearch.calculateFitness(AdaptiveRandomSearch.java:312) [evosuite-client-1.0.4-SNAPSHOT.jar:na]
	at org.evosuite.ga.metaheuristics.art.AdaptiveRandomSearch.evolve(AdaptiveRandomSearch.java:139) [evosuite-client-1.0.4-SNAPSHOT.jar:na]
	at org.evosuite.ga.metaheuristics.art.AdaptiveRandomSearch.generateSolution(AdaptiveRandomSearch.java:270) [evosuite-client-1.0.4-SNAPSHOT.jar:na]
	at org.evosuite.strategy.AdaptiveRandomTestStrategy.generateTests(AdaptiveRandomTestStrategy.java:118) [evosuite-client-1.0.4-SNAPSHOT.jar:na]
	at org.evosuite.TestSuiteGenerator.generateTests(TestSuiteGenerator.java:654) [evosuite-client-1.0.4-SNAPSHOT.jar:na]
	at org.evosuite.TestSuiteGenerator.generateTestSuite(TestSuiteGenerator.java:213) [evosuite-client-1.0.4-SNAPSHOT.jar:na]
	at org.evosuite.rmi.service.ClientNodeImpl$1.run(ClientNodeImpl.java:145) [evosuite-client-1.0.4-SNAPSHOT.jar:na]
	at java.util.concurrent.Executors$RunnableAdapter.call(Executors.java:511) [na:1.8.0_265]
	at java.util.concurrent.FutureTask.run(FutureTask.java:266) [na:1.8.0_265]
	at java.util.concurrent.ThreadPoolExecutor.runWorker(ThreadPoolExecutor.java:1149) [na:1.8.0_265]
	at java.util.concurrent.ThreadPoolExecutor$Worker.run(ThreadPoolExecutor.java:624) [na:1.8.0_265]
	at java.lang.Thread.run(Thread.java:748) [na:1.8.0_265]
Aug 14, 2020 7:54:55 AM org.openqa.selenium.remote.ProtocolHandshake createSession
[MASTER] 15:54:55.029 [Thread-3] ERROR ExternalProcessHandler - Aug 14, 2020 7:54:55 AM org.openqa.selenium.remote.ProtocolHandshake createSession

INFO: Detected dialect: OSS
[MASTER] 15:54:55.029 [Thread-3] ERROR ExternalProcessHandler - INFO: Detected dialect: OSS

Aug 14, 2020 7:54:56 AM po_utils.PageObjectLogging logInfo
[MASTER] 15:54:56.201 [Thread-3] ERROR ExternalProcessHandler - Aug 14, 2020 7:54:56 AM po_utils.PageObjectLogging logInfo

INFO: waitForElementBeingPresentOnPage timeout exception: unable to locate the element By.xpath: //button[text()="Create a new session"]
[MASTER] 15:54:56.202 [Thread-3] ERROR ExternalProcessHandler - INFO: waitForElementBeingPresentOnPage timeout exception: unable to locate the element By.xpath: //button[text()="Create a new session"]


[MASTER] 15:54:56.202 [Thread-3] ERROR ExternalProcessHandler - 


[MASTER] 15:54:56.202 [Thread-3] ERROR ExternalProcessHandler - 

Aug 14, 2020 7:54:56 AM org.openqa.selenium.remote.ProtocolHandshake createSession
[MASTER] 15:54:56.884 [Thread-3] ERROR ExternalProcessHandler - Aug 14, 2020 7:54:56 AM org.openqa.selenium.remote.ProtocolHandshake createSession

INFO: Detected dialect: OSS
[MASTER] 15:54:56.885 [Thread-3] ERROR ExternalProcessHandler - INFO: Detected dialect: OSS

Aug 14, 2020 7:55:00 AM po_utils.PageObjectLogging logInfo
[MASTER] 15:55:00.710 [Thread-3] ERROR ExternalProcessHandler - Aug 14, 2020 7:55:00 AM po_utils.PageObjectLogging logInfo

INFO: waitForElementBeingPresentOnPage timeout exception: unable to locate the element By.xpath: //button[text()="Create a new session"]
[MASTER] 15:55:00.710 [Thread-3] ERROR ExternalProcessHandler - INFO: waitForElementBeingPresentOnPage timeout exception: unable to locate the element By.xpath: //button[text()="Create a new session"]


[MASTER] 15:55:00.710 [Thread-3] ERROR ExternalProcessHandler - 


[MASTER] 15:55:00.710 [Thread-3] ERROR ExternalProcessHandler - 

Aug 14, 2020 7:55:00 AM org.openqa.selenium.remote.ProtocolHandshake createSession
[MASTER] 15:55:00.971 [Thread-3] ERROR ExternalProcessHandler - Aug 14, 2020 7:55:00 AM org.openqa.selenium.remote.ProtocolHandshake createSession

INFO: Detected dialect: OSS
[MASTER] 15:55:00.971 [Thread-3] ERROR ExternalProcessHandler - INFO: Detected dialect: OSS

Aug 14, 2020 7:55:10 AM po_utils.PageObjectLogging logInfo
[MASTER] 15:55:10.839 [Thread-3] ERROR ExternalProcessHandler - Aug 14, 2020 7:55:10 AM po_utils.PageObjectLogging logInfo

INFO: waitForElementBeingPresentOnPage timeout exception: unable to locate the element By.xpath: //button[text()="Create a new session"]
[MASTER] 15:55:10.840 [Thread-3] ERROR ExternalProcessHandler - INFO: waitForElementBeingPresentOnPage timeout exception: unable to locate the element By.xpath: //button[text()="Create a new session"]


[MASTER] 15:55:10.840 [Thread-3] ERROR ExternalProcessHandler - 


[MASTER] 15:55:10.840 [Thread-3] ERROR ExternalProcessHandler - 

Aug 14, 2020 7:55:11 AM org.openqa.selenium.remote.ProtocolHandshake createSession
[MASTER] 15:55:11.393 [Thread-3] ERROR ExternalProcessHandler - Aug 14, 2020 7:55:11 AM org.openqa.selenium.remote.ProtocolHandshake createSession

INFO: Detected dialect: OSS
[MASTER] 15:55:11.393 [Thread-3] ERROR ExternalProcessHandler - INFO: Detected dialect: OSS

Aug 14, 2020 7:55:27 AM po_utils.PageObjectLogging logInfo
[MASTER] 15:55:27.299 [Thread-3] ERROR ExternalProcessHandler - Aug 14, 2020 7:55:27 AM po_utils.PageObjectLogging logInfo

INFO: waitForElementBeingPresentOnPage timeout exception: unable to locate the element By.xpath: //button[text()="Create a new session"]
[MASTER] 15:55:27.300 [Thread-3] ERROR ExternalProcessHandler - INFO: waitForElementBeingPresentOnPage timeout exception: unable to locate the element By.xpath: //button[text()="Create a new session"]


[MASTER] 15:55:27.300 [Thread-3] ERROR ExternalProcessHandler - 


[MASTER] 15:55:27.300 [Thread-3] ERROR ExternalProcessHandler - 

Aug 14, 2020 7:55:28 AM org.openqa.selenium.remote.ProtocolHandshake createSession
[MASTER] 15:55:28.155 [Thread-3] ERROR ExternalProcessHandler - Aug 14, 2020 7:55:28 AM org.openqa.selenium.remote.ProtocolHandshake createSession

INFO: Detected dialect: OSS
[MASTER] 15:55:28.155 [Thread-3] ERROR ExternalProcessHandler - INFO: Detected dialect: OSS

Aug 14, 2020 7:55:50 AM po_utils.PageObjectLogging logInfo
[MASTER] 15:55:50.207 [Thread-3] ERROR ExternalProcessHandler - Aug 14, 2020 7:55:50 AM po_utils.PageObjectLogging logInfo

INFO: waitForElementBeingPresentOnPage timeout exception: unable to locate the element By.xpath: //button[text()="Create a new session"]
[MASTER] 15:55:50.209 [Thread-3] ERROR ExternalProcessHandler - INFO: waitForElementBeingPresentOnPage timeout exception: unable to locate the element By.xpath: //button[text()="Create a new session"]


[MASTER] 15:55:50.209 [Thread-3] ERROR ExternalProcessHandler - 


[MASTER] 15:55:50.209 [Thread-3] ERROR ExternalProcessHandler - 

[MASTER] 15:55:51.275 [logback-2] ERROR TestCaseExecutor - TG: Exception caught: 
java.lang.IllegalStateException: Test generation failed: page object bug.
	at org.evosuite.testcase.execution.TestCaseExecutor.runTest(TestCaseExecutor.java:322) ~[evosuite-client-1.0.4-SNAPSHOT.jar:na]
	at org.evosuite.testcase.TestFitnessFunction.runTest(TestFitnessFunction.java:91) [evosuite-client-1.0.4-SNAPSHOT.jar:na]
	at org.evosuite.testcase.TestFitnessFunction.getFitness(TestFitnessFunction.java:60) [evosuite-client-1.0.4-SNAPSHOT.jar:na]
	at org.evosuite.testcase.TestFitnessFunction.getFitness(TestFitnessFunction.java:34) [evosuite-client-1.0.4-SNAPSHOT.jar:na]
	at org.evosuite.ga.metaheuristics.art.AdaptiveRandomSearch.calculateFitness(AdaptiveRandomSearch.java:312) [evosuite-client-1.0.4-SNAPSHOT.jar:na]
	at org.evosuite.ga.metaheuristics.art.AdaptiveRandomSearch.evolve(AdaptiveRandomSearch.java:139) [evosuite-client-1.0.4-SNAPSHOT.jar:na]
	at org.evosuite.ga.metaheuristics.art.AdaptiveRandomSearch.generateSolution(AdaptiveRandomSearch.java:270) [evosuite-client-1.0.4-SNAPSHOT.jar:na]
	at org.evosuite.strategy.AdaptiveRandomTestStrategy.generateTests(AdaptiveRandomTestStrategy.java:118) [evosuite-client-1.0.4-SNAPSHOT.jar:na]
	at org.evosuite.TestSuiteGenerator.generateTests(TestSuiteGenerator.java:654) [evosuite-client-1.0.4-SNAPSHOT.jar:na]
	at org.evosuite.TestSuiteGenerator.generateTestSuite(TestSuiteGenerator.java:213) [evosuite-client-1.0.4-SNAPSHOT.jar:na]
	at org.evosuite.rmi.service.ClientNodeImpl$1.run(ClientNodeImpl.java:145) [evosuite-client-1.0.4-SNAPSHOT.jar:na]
	at java.util.concurrent.Executors$RunnableAdapter.call(Executors.java:511) [na:1.8.0_265]
	at java.util.concurrent.FutureTask.run(FutureTask.java:266) [na:1.8.0_265]
	at java.util.concurrent.ThreadPoolExecutor.runWorker(ThreadPoolExecutor.java:1149) [na:1.8.0_265]
	at java.util.concurrent.ThreadPoolExecutor$Worker.run(ThreadPoolExecutor.java:624) [na:1.8.0_265]
	at java.lang.Thread.run(Thread.java:748) [na:1.8.0_265]
Aug 14, 2020 7:55:51 AM org.openqa.selenium.remote.ProtocolHandshake createSession
[MASTER] 15:55:51.506 [Thread-3] ERROR ExternalProcessHandler - Aug 14, 2020 7:55:51 AM org.openqa.selenium.remote.ProtocolHandshake createSession

INFO: Detected dialect: OSS
[MASTER] 15:55:51.506 [Thread-3] ERROR ExternalProcessHandler - INFO: Detected dialect: OSS

Aug 14, 2020 7:55:53 AM org.openqa.selenium.remote.ProtocolHandshake createSession
[MASTER] 15:55:53.799 [Thread-3] ERROR ExternalProcessHandler - Aug 14, 2020 7:55:53 AM org.openqa.selenium.remote.ProtocolHandshake createSession

INFO: Detected dialect: OSS
[MASTER] 15:55:53.799 [Thread-3] ERROR ExternalProcessHandler - INFO: Detected dialect: OSS

Aug 14, 2020 7:55:55 AM org.openqa.selenium.remote.ProtocolHandshake createSession
[MASTER] 15:55:55.034 [Thread-3] ERROR ExternalProcessHandler - Aug 14, 2020 7:55:55 AM org.openqa.selenium.remote.ProtocolHandshake createSession

INFO: Detected dialect: OSS
[MASTER] 15:55:55.034 [Thread-3] ERROR ExternalProcessHandler - INFO: Detected dialect: OSS

Aug 14, 2020 7:55:58 AM org.openqa.selenium.remote.ProtocolHandshake createSession
[MASTER] 15:55:58.743 [Thread-3] ERROR ExternalProcessHandler - Aug 14, 2020 7:55:58 AM org.openqa.selenium.remote.ProtocolHandshake createSession

INFO: Detected dialect: OSS
[MASTER] 15:55:58.743 [Thread-3] ERROR ExternalProcessHandler - INFO: Detected dialect: OSS

Aug 14, 2020 7:56:02 AM org.openqa.selenium.remote.ProtocolHandshake createSession
[MASTER] 15:56:02.270 [Thread-3] ERROR ExternalProcessHandler - Aug 14, 2020 7:56:02 AM org.openqa.selenium.remote.ProtocolHandshake createSession

INFO: Detected dialect: OSS
[MASTER] 15:56:02.270 [Thread-3] ERROR ExternalProcessHandler - INFO: Detected dialect: OSS

Aug 14, 2020 7:56:11 AM org.openqa.selenium.remote.ProtocolHandshake createSession
[MASTER] 15:56:11.486 [Thread-3] ERROR ExternalProcessHandler - Aug 14, 2020 7:56:11 AM org.openqa.selenium.remote.ProtocolHandshake createSession

INFO: Detected dialect: OSS
[MASTER] 15:56:11.486 [Thread-3] ERROR ExternalProcessHandler - INFO: Detected dialect: OSS

Aug 14, 2020 7:56:26 AM org.openqa.selenium.remote.ProtocolHandshake createSession
[MASTER] 15:56:26.128 [Thread-3] ERROR ExternalProcessHandler - Aug 14, 2020 7:56:26 AM org.openqa.selenium.remote.ProtocolHandshake createSession

INFO: Detected dialect: OSS
[MASTER] 15:56:26.128 [Thread-3] ERROR ExternalProcessHandler - INFO: Detected dialect: OSS

[MASTER] 15:56:46.337 [logback-2] ERROR TestCaseExecutor - TG: Exception caught: 
java.lang.IllegalStateException: Test generation failed: page object bug.
	at org.evosuite.testcase.execution.TestCaseExecutor.runTest(TestCaseExecutor.java:322) ~[evosuite-client-1.0.4-SNAPSHOT.jar:na]
	at org.evosuite.testcase.TestFitnessFunction.runTest(TestFitnessFunction.java:91) [evosuite-client-1.0.4-SNAPSHOT.jar:na]
	at org.evosuite.testcase.TestFitnessFunction.getFitness(TestFitnessFunction.java:60) [evosuite-client-1.0.4-SNAPSHOT.jar:na]
	at org.evosuite.testcase.TestFitnessFunction.getFitness(TestFitnessFunction.java:34) [evosuite-client-1.0.4-SNAPSHOT.jar:na]
	at org.evosuite.ga.metaheuristics.art.AdaptiveRandomSearch.calculateFitness(AdaptiveRandomSearch.java:312) [evosuite-client-1.0.4-SNAPSHOT.jar:na]
	at org.evosuite.ga.metaheuristics.art.AdaptiveRandomSearch.evolve(AdaptiveRandomSearch.java:139) [evosuite-client-1.0.4-SNAPSHOT.jar:na]
	at org.evosuite.ga.metaheuristics.art.AdaptiveRandomSearch.generateSolution(AdaptiveRandomSearch.java:270) [evosuite-client-1.0.4-SNAPSHOT.jar:na]
	at org.evosuite.strategy.AdaptiveRandomTestStrategy.generateTests(AdaptiveRandomTestStrategy.java:118) [evosuite-client-1.0.4-SNAPSHOT.jar:na]
	at org.evosuite.TestSuiteGenerator.generateTests(TestSuiteGenerator.java:654) [evosuite-client-1.0.4-SNAPSHOT.jar:na]
	at org.evosuite.TestSuiteGenerator.generateTestSuite(TestSuiteGenerator.java:213) [evosuite-client-1.0.4-SNAPSHOT.jar:na]
	at org.evosuite.rmi.service.ClientNodeImpl$1.run(ClientNodeImpl.java:145) [evosuite-client-1.0.4-SNAPSHOT.jar:na]
	at java.util.concurrent.Executors$RunnableAdapter.call(Executors.java:511) [na:1.8.0_265]
	at java.util.concurrent.FutureTask.run(FutureTask.java:266) [na:1.8.0_265]
	at java.util.concurrent.ThreadPoolExecutor.runWorker(ThreadPoolExecutor.java:1149) [na:1.8.0_265]
	at java.util.concurrent.ThreadPoolExecutor$Worker.run(ThreadPoolExecutor.java:624) [na:1.8.0_265]
	at java.lang.Thread.run(Thread.java:748) [na:1.8.0_265]
Aug 14, 2020 7:56:46 AM org.openqa.selenium.remote.ProtocolHandshake createSession
[MASTER] 15:56:46.568 [Thread-3] ERROR ExternalProcessHandler - Aug 14, 2020 7:56:46 AM org.openqa.selenium.remote.ProtocolHandshake createSession

INFO: Detected dialect: OSS
[MASTER] 15:56:46.569 [Thread-3] ERROR ExternalProcessHandler - INFO: Detected dialect: OSS

Aug 14, 2020 7:56:53 AM org.openqa.selenium.remote.ProtocolHandshake createSession
[MASTER] 15:56:53.857 [Thread-3] ERROR ExternalProcessHandler - Aug 14, 2020 7:56:53 AM org.openqa.selenium.remote.ProtocolHandshake createSession

INFO: Detected dialect: OSS
[MASTER] 15:56:53.858 [Thread-3] ERROR ExternalProcessHandler - INFO: Detected dialect: OSS

Aug 14, 2020 7:57:06 AM org.openqa.selenium.remote.ProtocolHandshake createSession
[MASTER] 15:57:06.972 [Thread-3] ERROR ExternalProcessHandler - Aug 14, 2020 7:57:06 AM org.openqa.selenium.remote.ProtocolHandshake createSession

INFO: Detected dialect: OSS
[MASTER] 15:57:06.972 [Thread-3] ERROR ExternalProcessHandler - INFO: Detected dialect: OSS

Aug 14, 2020 7:57:26 AM org.openqa.selenium.remote.ProtocolHandshake createSession
[MASTER] 15:57:26.053 [Thread-3] ERROR ExternalProcessHandler - Aug 14, 2020 7:57:26 AM org.openqa.selenium.remote.ProtocolHandshake createSession

INFO: Detected dialect: OSS
[MASTER] 15:57:26.053 [Thread-3] ERROR ExternalProcessHandler - INFO: Detected dialect: OSS

[MASTER] 15:57:50.555 [logback-2] ERROR TestCaseExecutor - TG: Exception caught: 
java.lang.IllegalStateException: Test generation failed: page object bug.
	at org.evosuite.testcase.execution.TestCaseExecutor.runTest(TestCaseExecutor.java:322) ~[evosuite-client-1.0.4-SNAPSHOT.jar:na]
	at org.evosuite.testcase.TestFitnessFunction.runTest(TestFitnessFunction.java:91) [evosuite-client-1.0.4-SNAPSHOT.jar:na]
	at org.evosuite.testcase.TestFitnessFunction.getFitness(TestFitnessFunction.java:60) [evosuite-client-1.0.4-SNAPSHOT.jar:na]
	at org.evosuite.testcase.TestFitnessFunction.getFitness(TestFitnessFunction.java:34) [evosuite-client-1.0.4-SNAPSHOT.jar:na]
	at org.evosuite.ga.metaheuristics.art.AdaptiveRandomSearch.calculateFitness(AdaptiveRandomSearch.java:312) [evosuite-client-1.0.4-SNAPSHOT.jar:na]
	at org.evosuite.ga.metaheuristics.art.AdaptiveRandomSearch.evolve(AdaptiveRandomSearch.java:139) [evosuite-client-1.0.4-SNAPSHOT.jar:na]
	at org.evosuite.ga.metaheuristics.art.AdaptiveRandomSearch.generateSolution(AdaptiveRandomSearch.java:270) [evosuite-client-1.0.4-SNAPSHOT.jar:na]
	at org.evosuite.strategy.AdaptiveRandomTestStrategy.generateTests(AdaptiveRandomTestStrategy.java:118) [evosuite-client-1.0.4-SNAPSHOT.jar:na]
	at org.evosuite.TestSuiteGenerator.generateTests(TestSuiteGenerator.java:654) [evosuite-client-1.0.4-SNAPSHOT.jar:na]
	at org.evosuite.TestSuiteGenerator.generateTestSuite(TestSuiteGenerator.java:213) [evosuite-client-1.0.4-SNAPSHOT.jar:na]
	at org.evosuite.rmi.service.ClientNodeImpl$1.run(ClientNodeImpl.java:145) [evosuite-client-1.0.4-SNAPSHOT.jar:na]
	at java.util.concurrent.Executors$RunnableAdapter.call(Executors.java:511) [na:1.8.0_265]
	at java.util.concurrent.FutureTask.run(FutureTask.java:266) [na:1.8.0_265]
	at java.util.concurrent.ThreadPoolExecutor.runWorker(ThreadPoolExecutor.java:1149) [na:1.8.0_265]
	at java.util.concurrent.ThreadPoolExecutor$Worker.run(ThreadPoolExecutor.java:624) [na:1.8.0_265]
	at java.lang.Thread.run(Thread.java:748) [na:1.8.0_265]
Aug 14, 2020 7:57:50 AM org.openqa.selenium.remote.ProtocolHandshake createSession
[MASTER] 15:57:50.789 [Thread-3] ERROR ExternalProcessHandler - Aug 14, 2020 7:57:50 AM org.openqa.selenium.remote.ProtocolHandshake createSession

INFO: Detected dialect: OSS
[MASTER] 15:57:50.789 [Thread-3] ERROR ExternalProcessHandler - INFO: Detected dialect: OSS

Aug 14, 2020 7:57:51 AM org.openqa.selenium.remote.ProtocolHandshake createSession
[MASTER] 15:57:51.818 [Thread-3] ERROR ExternalProcessHandler - Aug 14, 2020 7:57:51 AM org.openqa.selenium.remote.ProtocolHandshake createSession

INFO: Detected dialect: OSS
[MASTER] 15:57:51.818 [Thread-3] ERROR ExternalProcessHandler - INFO: Detected dialect: OSS

Aug 14, 2020 7:57:53 AM org.openqa.selenium.remote.ProtocolHandshake createSession
[MASTER] 15:57:53.112 [Thread-3] ERROR ExternalProcessHandler - Aug 14, 2020 7:57:53 AM org.openqa.selenium.remote.ProtocolHandshake createSession

INFO: Detected dialect: OSS
[MASTER] 15:57:53.112 [Thread-3] ERROR ExternalProcessHandler - INFO: Detected dialect: OSS

Aug 14, 2020 7:57:55 AM po_utils.PageObjectLogging logInfo
[MASTER] 15:57:55.216 [Thread-3] ERROR ExternalProcessHandler - Aug 14, 2020 7:57:55 AM po_utils.PageObjectLogging logInfo

INFO: waitForElementBeingPresentOnPage timeout exception: unable to locate the element By.xpath: //button[text()="Create a new session"]
[MASTER] 15:57:55.217 [Thread-3] ERROR ExternalProcessHandler - INFO: waitForElementBeingPresentOnPage timeout exception: unable to locate the element By.xpath: //button[text()="Create a new session"]


[MASTER] 15:57:55.217 [Thread-3] ERROR ExternalProcessHandler - 


[MASTER] 15:57:55.217 [Thread-3] ERROR ExternalProcessHandler - 

Aug 14, 2020 7:57:55 AM org.openqa.selenium.remote.ProtocolHandshake createSession
[MASTER] 15:57:55.630 [Thread-3] ERROR ExternalProcessHandler - Aug 14, 2020 7:57:55 AM org.openqa.selenium.remote.ProtocolHandshake createSession

INFO: Detected dialect: OSS
[MASTER] 15:57:55.630 [Thread-3] ERROR ExternalProcessHandler - INFO: Detected dialect: OSS

Aug 14, 2020 7:58:00 AM org.openqa.selenium.remote.ProtocolHandshake createSession
[MASTER] 15:58:00.270 [Thread-3] ERROR ExternalProcessHandler - Aug 14, 2020 7:58:00 AM org.openqa.selenium.remote.ProtocolHandshake createSession

INFO: Detected dialect: OSS
[MASTER] 15:58:00.271 [Thread-3] ERROR ExternalProcessHandler - INFO: Detected dialect: OSS

Aug 14, 2020 7:58:11 AM org.openqa.selenium.remote.ProtocolHandshake createSession
[MASTER] 15:58:11.325 [Thread-3] ERROR ExternalProcessHandler - Aug 14, 2020 7:58:11 AM org.openqa.selenium.remote.ProtocolHandshake createSession

INFO: Detected dialect: OSS
[MASTER] 15:58:11.325 [Thread-3] ERROR ExternalProcessHandler - INFO: Detected dialect: OSS

Aug 14, 2020 7:58:28 AM org.openqa.selenium.remote.ProtocolHandshake createSession
[MASTER] 15:58:28.506 [Thread-3] ERROR ExternalProcessHandler - Aug 14, 2020 7:58:28 AM org.openqa.selenium.remote.ProtocolHandshake createSession

INFO: Detected dialect: OSS
[MASTER] 15:58:28.506 [Thread-3] ERROR ExternalProcessHandler - INFO: Detected dialect: OSS

[MASTER] 15:58:51.766 [logback-2] ERROR TestCaseExecutor - TG: Exception caught: 
java.lang.IllegalStateException: Test generation failed: page object bug.
	at org.evosuite.testcase.execution.TestCaseExecutor.runTest(TestCaseExecutor.java:322) ~[evosuite-client-1.0.4-SNAPSHOT.jar:na]
	at org.evosuite.testcase.TestFitnessFunction.runTest(TestFitnessFunction.java:91) [evosuite-client-1.0.4-SNAPSHOT.jar:na]
	at org.evosuite.testcase.TestFitnessFunction.getFitness(TestFitnessFunction.java:60) [evosuite-client-1.0.4-SNAPSHOT.jar:na]
	at org.evosuite.testcase.TestFitnessFunction.getFitness(TestFitnessFunction.java:34) [evosuite-client-1.0.4-SNAPSHOT.jar:na]
	at org.evosuite.ga.metaheuristics.art.AdaptiveRandomSearch.calculateFitness(AdaptiveRandomSearch.java:312) [evosuite-client-1.0.4-SNAPSHOT.jar:na]
	at org.evosuite.ga.metaheuristics.art.AdaptiveRandomSearch.evolve(AdaptiveRandomSearch.java:139) [evosuite-client-1.0.4-SNAPSHOT.jar:na]
	at org.evosuite.ga.metaheuristics.art.AdaptiveRandomSearch.generateSolution(AdaptiveRandomSearch.java:270) [evosuite-client-1.0.4-SNAPSHOT.jar:na]
	at org.evosuite.strategy.AdaptiveRandomTestStrategy.generateTests(AdaptiveRandomTestStrategy.java:118) [evosuite-client-1.0.4-SNAPSHOT.jar:na]
	at org.evosuite.TestSuiteGenerator.generateTests(TestSuiteGenerator.java:654) [evosuite-client-1.0.4-SNAPSHOT.jar:na]
	at org.evosuite.TestSuiteGenerator.generateTestSuite(TestSuiteGenerator.java:213) [evosuite-client-1.0.4-SNAPSHOT.jar:na]
	at org.evosuite.rmi.service.ClientNodeImpl$1.run(ClientNodeImpl.java:145) [evosuite-client-1.0.4-SNAPSHOT.jar:na]
	at java.util.concurrent.Executors$RunnableAdapter.call(Executors.java:511) [na:1.8.0_265]
	at java.util.concurrent.FutureTask.run(FutureTask.java:266) [na:1.8.0_265]
	at java.util.concurrent.ThreadPoolExecutor.runWorker(ThreadPoolExecutor.java:1149) [na:1.8.0_265]
	at java.util.concurrent.ThreadPoolExecutor$Worker.run(ThreadPoolExecutor.java:624) [na:1.8.0_265]
	at java.lang.Thread.run(Thread.java:748) [na:1.8.0_265]
Aug 14, 2020 7:58:51 AM org.openqa.selenium.remote.ProtocolHandshake createSession
[MASTER] 15:58:51.995 [Thread-3] ERROR ExternalProcessHandler - Aug 14, 2020 7:58:51 AM org.openqa.selenium.remote.ProtocolHandshake createSession

INFO: Detected dialect: OSS
[MASTER] 15:58:51.995 [Thread-3] ERROR ExternalProcessHandler - INFO: Detected dialect: OSS

Aug 14, 2020 7:58:53 AM po_utils.PageObjectLogging logInfo
[MASTER] 15:58:53.080 [Thread-3] ERROR ExternalProcessHandler - Aug 14, 2020 7:58:53 AM po_utils.PageObjectLogging logInfo

INFO: waitForElementBeingPresentOnPage timeout exception: unable to locate the element By.xpath: //button[text()="Create a new session"]
[MASTER] 15:58:53.081 [Thread-3] ERROR ExternalProcessHandler - INFO: waitForElementBeingPresentOnPage timeout exception: unable to locate the element By.xpath: //button[text()="Create a new session"]


[MASTER] 15:58:53.081 [Thread-3] ERROR ExternalProcessHandler - 


[MASTER] 15:58:53.081 [Thread-3] ERROR ExternalProcessHandler - 

Aug 14, 2020 7:58:55 AM po_utils.PageObjectLogging logInfo
[MASTER] 15:58:55.168 [Thread-3] ERROR ExternalProcessHandler - Aug 14, 2020 7:58:55 AM po_utils.PageObjectLogging logInfo

INFO: waitForElementBeingPresentOnPage timeout exception: unable to locate the element By.xpath: //button[text()="Create a new session"]
[MASTER] 15:58:55.169 [Thread-3] ERROR ExternalProcessHandler - INFO: waitForElementBeingPresentOnPage timeout exception: unable to locate the element By.xpath: //button[text()="Create a new session"]


[MASTER] 15:58:55.169 [Thread-3] ERROR ExternalProcessHandler - 


[MASTER] 15:58:55.169 [Thread-3] ERROR ExternalProcessHandler - 

Aug 14, 2020 7:58:55 AM org.openqa.selenium.remote.ProtocolHandshake createSession
[MASTER] 15:58:55.877 [Thread-3] ERROR ExternalProcessHandler - Aug 14, 2020 7:58:55 AM org.openqa.selenium.remote.ProtocolHandshake createSession

INFO: Detected dialect: OSS
[MASTER] 15:58:55.877 [Thread-3] ERROR ExternalProcessHandler - INFO: Detected dialect: OSS

Aug 14, 2020 7:58:58 AM po_utils.PageObjectLogging logInfo
[MASTER] 15:58:58.823 [Thread-3] ERROR ExternalProcessHandler - Aug 14, 2020 7:58:58 AM po_utils.PageObjectLogging logInfo

INFO: waitForElementBeingPresentOnPage timeout exception: unable to locate the element By.xpath: //button[text()="Create a new session"]
[MASTER] 15:58:58.824 [Thread-3] ERROR ExternalProcessHandler - INFO: waitForElementBeingPresentOnPage timeout exception: unable to locate the element By.xpath: //button[text()="Create a new session"]


[MASTER] 15:58:58.824 [Thread-3] ERROR ExternalProcessHandler - 


[MASTER] 15:58:58.824 [Thread-3] ERROR ExternalProcessHandler - 

Aug 14, 2020 7:59:03 AM po_utils.PageObjectLogging logInfo
[MASTER] 15:59:03.312 [Thread-3] ERROR ExternalProcessHandler - Aug 14, 2020 7:59:03 AM po_utils.PageObjectLogging logInfo

INFO: waitForElementBeingPresentOnPage timeout exception: unable to locate the element By.xpath: //button[text()="Create a new session"]
[MASTER] 15:59:03.313 [Thread-3] ERROR ExternalProcessHandler - INFO: waitForElementBeingPresentOnPage timeout exception: unable to locate the element By.xpath: //button[text()="Create a new session"]


[MASTER] 15:59:03.314 [Thread-3] ERROR ExternalProcessHandler - 


[MASTER] 15:59:03.314 [Thread-3] ERROR ExternalProcessHandler - 

Aug 14, 2020 7:59:05 AM org.openqa.selenium.remote.ProtocolHandshake createSession
[MASTER] 15:59:05.404 [Thread-3] ERROR ExternalProcessHandler - Aug 14, 2020 7:59:05 AM org.openqa.selenium.remote.ProtocolHandshake createSession

INFO: Detected dialect: OSS
[MASTER] 15:59:05.404 [Thread-3] ERROR ExternalProcessHandler - INFO: Detected dialect: OSS

Aug 14, 2020 7:59:10 AM po_utils.PageObjectLogging logInfo
[MASTER] 15:59:10.207 [Thread-3] ERROR ExternalProcessHandler - Aug 14, 2020 7:59:10 AM po_utils.PageObjectLogging logInfo

INFO: waitForElementBeingPresentOnPage timeout exception: unable to locate the element By.xpath: //button[text()="Create a new session"]
[MASTER] 15:59:10.208 [Thread-3] ERROR ExternalProcessHandler - INFO: waitForElementBeingPresentOnPage timeout exception: unable to locate the element By.xpath: //button[text()="Create a new session"]


[MASTER] 15:59:10.208 [Thread-3] ERROR ExternalProcessHandler - 


[MASTER] 15:59:10.208 [Thread-3] ERROR ExternalProcessHandler - 

Aug 14, 2020 7:59:17 AM po_utils.PageObjectLogging logInfo
[MASTER] 15:59:17.138 [Thread-3] ERROR ExternalProcessHandler - Aug 14, 2020 7:59:17 AM po_utils.PageObjectLogging logInfo

INFO: waitForElementBeingPresentOnPage timeout exception: unable to locate the element By.xpath: //button[text()="Create a new session"]
[MASTER] 15:59:17.139 [Thread-3] ERROR ExternalProcessHandler - INFO: waitForElementBeingPresentOnPage timeout exception: unable to locate the element By.xpath: //button[text()="Create a new session"]


[MASTER] 15:59:17.139 [Thread-3] ERROR ExternalProcessHandler - 


[MASTER] 15:59:17.139 [Thread-3] ERROR ExternalProcessHandler - 

Aug 14, 2020 7:59:20 AM org.openqa.selenium.remote.ProtocolHandshake createSession
[MASTER] 15:59:20.584 [Thread-3] ERROR ExternalProcessHandler - Aug 14, 2020 7:59:20 AM org.openqa.selenium.remote.ProtocolHandshake createSession

INFO: Detected dialect: OSS
[MASTER] 15:59:20.584 [Thread-3] ERROR ExternalProcessHandler - INFO: Detected dialect: OSS

Aug 14, 2020 7:59:27 AM po_utils.PageObjectLogging logInfo
[MASTER] 15:59:27.186 [Thread-3] ERROR ExternalProcessHandler - Aug 14, 2020 7:59:27 AM po_utils.PageObjectLogging logInfo

INFO: waitForElementBeingPresentOnPage timeout exception: unable to locate the element By.xpath: //button[text()="Create a new session"]
[MASTER] 15:59:27.187 [Thread-3] ERROR ExternalProcessHandler - INFO: waitForElementBeingPresentOnPage timeout exception: unable to locate the element By.xpath: //button[text()="Create a new session"]


[MASTER] 15:59:27.187 [Thread-3] ERROR ExternalProcessHandler - 


[MASTER] 15:59:27.187 [Thread-3] ERROR ExternalProcessHandler - 

Aug 14, 2020 7:59:36 AM po_utils.PageObjectLogging logInfo
[MASTER] 15:59:36.546 [Thread-3] ERROR ExternalProcessHandler - Aug 14, 2020 7:59:36 AM po_utils.PageObjectLogging logInfo

INFO: waitForElementBeingPresentOnPage timeout exception: unable to locate the element By.xpath: //button[text()="Create a new session"]
[MASTER] 15:59:36.548 [Thread-3] ERROR ExternalProcessHandler - INFO: waitForElementBeingPresentOnPage timeout exception: unable to locate the element By.xpath: //button[text()="Create a new session"]


[MASTER] 15:59:36.548 [Thread-3] ERROR ExternalProcessHandler - 


[MASTER] 15:59:36.548 [Thread-3] ERROR ExternalProcessHandler - 

[MASTER] 15:59:41.216 [logback-2] ERROR TestCaseExecutor - TG: Exception caught: 
java.lang.IllegalStateException: Test generation failed: page object bug.
	at org.evosuite.testcase.execution.TestCaseExecutor.runTest(TestCaseExecutor.java:322) ~[evosuite-client-1.0.4-SNAPSHOT.jar:na]
	at org.evosuite.testcase.TestFitnessFunction.runTest(TestFitnessFunction.java:91) [evosuite-client-1.0.4-SNAPSHOT.jar:na]
	at org.evosuite.testcase.TestFitnessFunction.getFitness(TestFitnessFunction.java:60) [evosuite-client-1.0.4-SNAPSHOT.jar:na]
	at org.evosuite.testcase.TestFitnessFunction.getFitness(TestFitnessFunction.java:34) [evosuite-client-1.0.4-SNAPSHOT.jar:na]
	at org.evosuite.ga.metaheuristics.art.AdaptiveRandomSearch.calculateFitness(AdaptiveRandomSearch.java:312) [evosuite-client-1.0.4-SNAPSHOT.jar:na]
	at org.evosuite.ga.metaheuristics.art.AdaptiveRandomSearch.evolve(AdaptiveRandomSearch.java:139) [evosuite-client-1.0.4-SNAPSHOT.jar:na]
	at org.evosuite.ga.metaheuristics.art.AdaptiveRandomSearch.generateSolution(AdaptiveRandomSearch.java:270) [evosuite-client-1.0.4-SNAPSHOT.jar:na]
	at org.evosuite.strategy.AdaptiveRandomTestStrategy.generateTests(AdaptiveRandomTestStrategy.java:118) [evosuite-client-1.0.4-SNAPSHOT.jar:na]
	at org.evosuite.TestSuiteGenerator.generateTests(TestSuiteGenerator.java:654) [evosuite-client-1.0.4-SNAPSHOT.jar:na]
	at org.evosuite.TestSuiteGenerator.generateTestSuite(TestSuiteGenerator.java:213) [evosuite-client-1.0.4-SNAPSHOT.jar:na]
	at org.evosuite.rmi.service.ClientNodeImpl$1.run(ClientNodeImpl.java:145) [evosuite-client-1.0.4-SNAPSHOT.jar:na]
	at java.util.concurrent.Executors$RunnableAdapter.call(Executors.java:511) [na:1.8.0_265]
	at java.util.concurrent.FutureTask.run(FutureTask.java:266) [na:1.8.0_265]
	at java.util.concurrent.ThreadPoolExecutor.runWorker(ThreadPoolExecutor.java:1149) [na:1.8.0_265]
	at java.util.concurrent.ThreadPoolExecutor$Worker.run(ThreadPoolExecutor.java:624) [na:1.8.0_265]
	at java.lang.Thread.run(Thread.java:748) [na:1.8.0_265]
Aug 14, 2020 7:59:41 AM org.openqa.selenium.remote.ProtocolHandshake createSession
[MASTER] 15:59:41.412 [Thread-3] ERROR ExternalProcessHandler - Aug 14, 2020 7:59:41 AM org.openqa.selenium.remote.ProtocolHandshake createSession

INFO: Detected dialect: OSS
[MASTER] 15:59:41.412 [Thread-3] ERROR ExternalProcessHandler - INFO: Detected dialect: OSS

Aug 14, 2020 7:59:43 AM org.openqa.selenium.remote.ProtocolHandshake createSession
[MASTER] 15:59:43.215 [Thread-3] ERROR ExternalProcessHandler - Aug 14, 2020 7:59:43 AM org.openqa.selenium.remote.ProtocolHandshake createSession

INFO: Detected dialect: OSS
[MASTER] 15:59:43.215 [Thread-3] ERROR ExternalProcessHandler - INFO: Detected dialect: OSS

Aug 14, 2020 7:59:44 AM org.openqa.selenium.remote.ProtocolHandshake createSession
[MASTER] 15:59:44.333 [Thread-3] ERROR ExternalProcessHandler - Aug 14, 2020 7:59:44 AM org.openqa.selenium.remote.ProtocolHandshake createSession

INFO: Detected dialect: OSS
[MASTER] 15:59:44.333 [Thread-3] ERROR ExternalProcessHandler - INFO: Detected dialect: OSS

Aug 14, 2020 7:59:48 AM org.openqa.selenium.remote.ProtocolHandshake createSession
[MASTER] 15:59:48.520 [Thread-3] ERROR ExternalProcessHandler - Aug 14, 2020 7:59:48 AM org.openqa.selenium.remote.ProtocolHandshake createSession

INFO: Detected dialect: OSS
[MASTER] 15:59:48.520 [Thread-3] ERROR ExternalProcessHandler - INFO: Detected dialect: OSS

Aug 14, 2020 7:59:58 AM org.openqa.selenium.remote.ProtocolHandshake createSession
[MASTER] 15:59:58.837 [Thread-3] ERROR ExternalProcessHandler - Aug 14, 2020 7:59:58 AM org.openqa.selenium.remote.ProtocolHandshake createSession

INFO: Detected dialect: OSS
[MASTER] 15:59:58.838 [Thread-3] ERROR ExternalProcessHandler - INFO: Detected dialect: OSS

Aug 14, 2020 8:00:15 AM org.openqa.selenium.remote.ProtocolHandshake createSession
[MASTER] 16:00:15.034 [Thread-3] ERROR ExternalProcessHandler - Aug 14, 2020 8:00:15 AM org.openqa.selenium.remote.ProtocolHandshake createSession

INFO: Detected dialect: OSS
[MASTER] 16:00:15.035 [Thread-3] ERROR ExternalProcessHandler - INFO: Detected dialect: OSS

[MASTER] 16:00:37.340 [logback-2] ERROR TestCaseExecutor - TG: Exception caught: 
java.lang.IllegalStateException: Test generation failed: page object bug.
	at org.evosuite.testcase.execution.TestCaseExecutor.runTest(TestCaseExecutor.java:322) ~[evosuite-client-1.0.4-SNAPSHOT.jar:na]
	at org.evosuite.testcase.TestFitnessFunction.runTest(TestFitnessFunction.java:91) [evosuite-client-1.0.4-SNAPSHOT.jar:na]
	at org.evosuite.testcase.TestFitnessFunction.getFitness(TestFitnessFunction.java:60) [evosuite-client-1.0.4-SNAPSHOT.jar:na]
	at org.evosuite.testcase.TestFitnessFunction.getFitness(TestFitnessFunction.java:34) [evosuite-client-1.0.4-SNAPSHOT.jar:na]
	at org.evosuite.ga.metaheuristics.art.AdaptiveRandomSearch.calculateFitness(AdaptiveRandomSearch.java:312) [evosuite-client-1.0.4-SNAPSHOT.jar:na]
	at org.evosuite.ga.metaheuristics.art.AdaptiveRandomSearch.evolve(AdaptiveRandomSearch.java:139) [evosuite-client-1.0.4-SNAPSHOT.jar:na]
	at org.evosuite.ga.metaheuristics.art.AdaptiveRandomSearch.generateSolution(AdaptiveRandomSearch.java:270) [evosuite-client-1.0.4-SNAPSHOT.jar:na]
	at org.evosuite.strategy.AdaptiveRandomTestStrategy.generateTests(AdaptiveRandomTestStrategy.java:118) [evosuite-client-1.0.4-SNAPSHOT.jar:na]
	at org.evosuite.TestSuiteGenerator.generateTests(TestSuiteGenerator.java:654) [evosuite-client-1.0.4-SNAPSHOT.jar:na]
	at org.evosuite.TestSuiteGenerator.generateTestSuite(TestSuiteGenerator.java:213) [evosuite-client-1.0.4-SNAPSHOT.jar:na]
	at org.evosuite.rmi.service.ClientNodeImpl$1.run(ClientNodeImpl.java:145) [evosuite-client-1.0.4-SNAPSHOT.jar:na]
	at java.util.concurrent.Executors$RunnableAdapter.call(Executors.java:511) [na:1.8.0_265]
	at java.util.concurrent.FutureTask.run(FutureTask.java:266) [na:1.8.0_265]
	at java.util.concurrent.ThreadPoolExecutor.runWorker(ThreadPoolExecutor.java:1149) [na:1.8.0_265]
	at java.util.concurrent.ThreadPoolExecutor$Worker.run(ThreadPoolExecutor.java:624) [na:1.8.0_265]
	at java.lang.Thread.run(Thread.java:748) [na:1.8.0_265]
Aug 14, 2020 8:00:37 AM org.openqa.selenium.remote.ProtocolHandshake createSession
[MASTER] 16:00:37.546 [Thread-3] ERROR ExternalProcessHandler - Aug 14, 2020 8:00:37 AM org.openqa.selenium.remote.ProtocolHandshake createSession

INFO: Detected dialect: OSS
[MASTER] 16:00:37.546 [Thread-3] ERROR ExternalProcessHandler - INFO: Detected dialect: OSS

Aug 14, 2020 8:00:38 AM org.openqa.selenium.remote.ProtocolHandshake createSession
[MASTER] 16:00:38.769 [Thread-3] ERROR ExternalProcessHandler - Aug 14, 2020 8:00:38 AM org.openqa.selenium.remote.ProtocolHandshake createSession

INFO: Detected dialect: OSS
[MASTER] 16:00:38.769 [Thread-3] ERROR ExternalProcessHandler - INFO: Detected dialect: OSS

Aug 14, 2020 8:00:41 AM org.openqa.selenium.remote.ProtocolHandshake createSession
[MASTER] 16:00:41.193 [Thread-3] ERROR ExternalProcessHandler - Aug 14, 2020 8:00:41 AM org.openqa.selenium.remote.ProtocolHandshake createSession

INFO: Detected dialect: OSS
[MASTER] 16:00:41.193 [Thread-3] ERROR ExternalProcessHandler - INFO: Detected dialect: OSS

Aug 14, 2020 8:00:42 AM org.openqa.selenium.remote.ProtocolHandshake createSession
[MASTER] 16:00:42.555 [Thread-3] ERROR ExternalProcessHandler - Aug 14, 2020 8:00:42 AM org.openqa.selenium.remote.ProtocolHandshake createSession

INFO: Detected dialect: OSS
[MASTER] 16:00:42.555 [Thread-3] ERROR ExternalProcessHandler - INFO: Detected dialect: OSS

Aug 14, 2020 8:00:44 AM org.openqa.selenium.remote.ProtocolHandshake createSession
[MASTER] 16:00:44.157 [Thread-3] ERROR ExternalProcessHandler - Aug 14, 2020 8:00:44 AM org.openqa.selenium.remote.ProtocolHandshake createSession

INFO: Detected dialect: OSS
[MASTER] 16:00:44.157 [Thread-3] ERROR ExternalProcessHandler - INFO: Detected dialect: OSS

Aug 14, 2020 8:00:45 AM org.openqa.selenium.remote.ProtocolHandshake createSession
[MASTER] 16:00:45.156 [Thread-3] ERROR ExternalProcessHandler - Aug 14, 2020 8:00:45 AM org.openqa.selenium.remote.ProtocolHandshake createSession

INFO: Detected dialect: OSS
[MASTER] 16:00:45.156 [Thread-3] ERROR ExternalProcessHandler - INFO: Detected dialect: OSS

Aug 14, 2020 8:00:46 AM org.openqa.selenium.remote.ProtocolHandshake createSession
[MASTER] 16:00:46.852 [Thread-3] ERROR ExternalProcessHandler - Aug 14, 2020 8:00:46 AM org.openqa.selenium.remote.ProtocolHandshake createSession

INFO: Detected dialect: OSS
[MASTER] 16:00:46.852 [Thread-3] ERROR ExternalProcessHandler - INFO: Detected dialect: OSS

Aug 14, 2020 8:00:47 AM org.openqa.selenium.remote.ProtocolHandshake createSession
[MASTER] 16:00:47.868 [Thread-3] ERROR ExternalProcessHandler - Aug 14, 2020 8:00:47 AM org.openqa.selenium.remote.ProtocolHandshake createSession

INFO: Detected dialect: OSS
[MASTER] 16:00:47.868 [Thread-3] ERROR ExternalProcessHandler - INFO: Detected dialect: OSS

Aug 14, 2020 8:00:49 AM org.openqa.selenium.remote.ProtocolHandshake createSession
[MASTER] 16:00:49.024 [Thread-3] ERROR ExternalProcessHandler - Aug 14, 2020 8:00:49 AM org.openqa.selenium.remote.ProtocolHandshake createSession

INFO: Detected dialect: OSS
[MASTER] 16:00:49.024 [Thread-3] ERROR ExternalProcessHandler - INFO: Detected dialect: OSS

Aug 14, 2020 8:00:50 AM org.openqa.selenium.remote.ProtocolHandshake createSession
[MASTER] 16:00:50.284 [Thread-3] ERROR ExternalProcessHandler - Aug 14, 2020 8:00:50 AM org.openqa.selenium.remote.ProtocolHandshake createSession

INFO: Detected dialect: OSS
[MASTER] 16:00:50.284 [Thread-3] ERROR ExternalProcessHandler - INFO: Detected dialect: OSS

Aug 14, 2020 8:00:51 AM org.openqa.selenium.remote.ProtocolHandshake createSession
[MASTER] 16:00:51.234 [Thread-3] ERROR ExternalProcessHandler - Aug 14, 2020 8:00:51 AM org.openqa.selenium.remote.ProtocolHandshake createSession

INFO: Detected dialect: OSS
[MASTER] 16:00:51.234 [Thread-3] ERROR ExternalProcessHandler - INFO: Detected dialect: OSS

Aug 14, 2020 8:00:53 AM org.openqa.selenium.remote.ProtocolHandshake createSession
[MASTER] 16:00:53.101 [Thread-3] ERROR ExternalProcessHandler - Aug 14, 2020 8:00:53 AM org.openqa.selenium.remote.ProtocolHandshake createSession

INFO: Detected dialect: OSS
[MASTER] 16:00:53.101 [Thread-3] ERROR ExternalProcessHandler - INFO: Detected dialect: OSS

Aug 14, 2020 8:00:55 AM po_utils.PageObjectLogging logInfo
[MASTER] 16:00:55.873 [Thread-3] ERROR ExternalProcessHandler - Aug 14, 2020 8:00:55 AM po_utils.PageObjectLogging logInfo

INFO: waitForElementBeingPresentOnPage timeout exception: unable to locate the element By.xpath: //button[text()="Create a new session"]
[MASTER] 16:00:55.874 [Thread-3] ERROR ExternalProcessHandler - INFO: waitForElementBeingPresentOnPage timeout exception: unable to locate the element By.xpath: //button[text()="Create a new session"]


[MASTER] 16:00:55.874 [Thread-3] ERROR ExternalProcessHandler - 


[MASTER] 16:00:55.874 [Thread-3] ERROR ExternalProcessHandler - 

Aug 14, 2020 8:00:59 AM org.openqa.selenium.remote.ProtocolHandshake createSession
[MASTER] 16:00:59.154 [Thread-3] ERROR ExternalProcessHandler - Aug 14, 2020 8:00:59 AM org.openqa.selenium.remote.ProtocolHandshake createSession

INFO: Detected dialect: OSS
[MASTER] 16:00:59.154 [Thread-3] ERROR ExternalProcessHandler - INFO: Detected dialect: OSS

Aug 14, 2020 8:01:04 AM po_utils.PageObjectLogging logInfo
[MASTER] 16:01:04.968 [Thread-3] ERROR ExternalProcessHandler - Aug 14, 2020 8:01:04 AM po_utils.PageObjectLogging logInfo

INFO: waitForElementBeingPresentOnPage timeout exception: unable to locate the element By.xpath: //button[text()="Create a new session"]
[MASTER] 16:01:04.969 [Thread-3] ERROR ExternalProcessHandler - INFO: waitForElementBeingPresentOnPage timeout exception: unable to locate the element By.xpath: //button[text()="Create a new session"]


[MASTER] 16:01:04.969 [Thread-3] ERROR ExternalProcessHandler - 


[MASTER] 16:01:04.969 [Thread-3] ERROR ExternalProcessHandler - 

Aug 14, 2020 8:01:11 AM org.openqa.selenium.remote.ProtocolHandshake createSession
[MASTER] 16:01:11.678 [Thread-3] ERROR ExternalProcessHandler - Aug 14, 2020 8:01:11 AM org.openqa.selenium.remote.ProtocolHandshake createSession

INFO: Detected dialect: OSS
[MASTER] 16:01:11.678 [Thread-3] ERROR ExternalProcessHandler - INFO: Detected dialect: OSS

Aug 14, 2020 8:01:20 AM po_utils.PageObjectLogging logInfo
[MASTER] 16:01:20.578 [Thread-3] ERROR ExternalProcessHandler - Aug 14, 2020 8:01:20 AM po_utils.PageObjectLogging logInfo

INFO: waitForElementBeingPresentOnPage timeout exception: unable to locate the element By.xpath: //button[text()="Create a new session"]
[MASTER] 16:01:20.579 [Thread-3] ERROR ExternalProcessHandler - INFO: waitForElementBeingPresentOnPage timeout exception: unable to locate the element By.xpath: //button[text()="Create a new session"]


[MASTER] 16:01:20.579 [Thread-3] ERROR ExternalProcessHandler - 


[MASTER] 16:01:20.579 [Thread-3] ERROR ExternalProcessHandler - 

Aug 14, 2020 8:01:30 AM org.openqa.selenium.remote.ProtocolHandshake createSession
[MASTER] 16:01:30.743 [Thread-3] ERROR ExternalProcessHandler - Aug 14, 2020 8:01:30 AM org.openqa.selenium.remote.ProtocolHandshake createSession

INFO: Detected dialect: OSS
[MASTER] 16:01:30.743 [Thread-3] ERROR ExternalProcessHandler - INFO: Detected dialect: OSS

Aug 14, 2020 8:01:42 AM po_utils.PageObjectLogging logInfo
[MASTER] 16:01:42.644 [Thread-3] ERROR ExternalProcessHandler - Aug 14, 2020 8:01:42 AM po_utils.PageObjectLogging logInfo

INFO: waitForElementBeingPresentOnPage timeout exception: unable to locate the element By.xpath: //button[text()="Create a new session"]
[MASTER] 16:01:42.645 [Thread-3] ERROR ExternalProcessHandler - INFO: waitForElementBeingPresentOnPage timeout exception: unable to locate the element By.xpath: //button[text()="Create a new session"]


[MASTER] 16:01:42.645 [Thread-3] ERROR ExternalProcessHandler - 


[MASTER] 16:01:42.645 [Thread-3] ERROR ExternalProcessHandler - 

[MASTER] 16:01:56.100 [logback-2] ERROR TestCaseExecutor - TG: Exception caught: 
java.lang.IllegalStateException: Test generation failed: page object bug.
	at org.evosuite.testcase.execution.TestCaseExecutor.runTest(TestCaseExecutor.java:322) ~[evosuite-client-1.0.4-SNAPSHOT.jar:na]
	at org.evosuite.testcase.TestFitnessFunction.runTest(TestFitnessFunction.java:91) [evosuite-client-1.0.4-SNAPSHOT.jar:na]
	at org.evosuite.testcase.TestFitnessFunction.getFitness(TestFitnessFunction.java:60) [evosuite-client-1.0.4-SNAPSHOT.jar:na]
	at org.evosuite.testcase.TestFitnessFunction.getFitness(TestFitnessFunction.java:34) [evosuite-client-1.0.4-SNAPSHOT.jar:na]
	at org.evosuite.ga.metaheuristics.art.AdaptiveRandomSearch.calculateFitness(AdaptiveRandomSearch.java:312) [evosuite-client-1.0.4-SNAPSHOT.jar:na]
	at org.evosuite.ga.metaheuristics.art.AdaptiveRandomSearch.evolve(AdaptiveRandomSearch.java:139) [evosuite-client-1.0.4-SNAPSHOT.jar:na]
	at org.evosuite.ga.metaheuristics.art.AdaptiveRandomSearch.generateSolution(AdaptiveRandomSearch.java:270) [evosuite-client-1.0.4-SNAPSHOT.jar:na]
	at org.evosuite.strategy.AdaptiveRandomTestStrategy.generateTests(AdaptiveRandomTestStrategy.java:118) [evosuite-client-1.0.4-SNAPSHOT.jar:na]
	at org.evosuite.TestSuiteGenerator.generateTests(TestSuiteGenerator.java:654) [evosuite-client-1.0.4-SNAPSHOT.jar:na]
	at org.evosuite.TestSuiteGenerator.generateTestSuite(TestSuiteGenerator.java:213) [evosuite-client-1.0.4-SNAPSHOT.jar:na]
	at org.evosuite.rmi.service.ClientNodeImpl$1.run(ClientNodeImpl.java:145) [evosuite-client-1.0.4-SNAPSHOT.jar:na]
	at java.util.concurrent.Executors$RunnableAdapter.call(Executors.java:511) [na:1.8.0_265]
	at java.util.concurrent.FutureTask.run(FutureTask.java:266) [na:1.8.0_265]
	at java.util.concurrent.ThreadPoolExecutor.runWorker(ThreadPoolExecutor.java:1149) [na:1.8.0_265]
	at java.util.concurrent.ThreadPoolExecutor$Worker.run(ThreadPoolExecutor.java:624) [na:1.8.0_265]
	at java.lang.Thread.run(Thread.java:748) [na:1.8.0_265]
Aug 14, 2020 8:01:56 AM org.openqa.selenium.remote.ProtocolHandshake createSession
[MASTER] 16:01:56.302 [Thread-3] ERROR ExternalProcessHandler - Aug 14, 2020 8:01:56 AM org.openqa.selenium.remote.ProtocolHandshake createSession

INFO: Detected dialect: OSS
[MASTER] 16:01:56.302 [Thread-3] ERROR ExternalProcessHandler - INFO: Detected dialect: OSS

Aug 14, 2020 8:01:57 AM org.openqa.selenium.remote.ProtocolHandshake createSession
[MASTER] 16:01:57.635 [Thread-3] ERROR ExternalProcessHandler - Aug 14, 2020 8:01:57 AM org.openqa.selenium.remote.ProtocolHandshake createSession

INFO: Detected dialect: OSS
[MASTER] 16:01:57.635 [Thread-3] ERROR ExternalProcessHandler - INFO: Detected dialect: OSS

Aug 14, 2020 8:02:02 AM org.openqa.selenium.remote.ProtocolHandshake createSession
[MASTER] 16:02:02.042 [Thread-3] ERROR ExternalProcessHandler - Aug 14, 2020 8:02:02 AM org.openqa.selenium.remote.ProtocolHandshake createSession

INFO: Detected dialect: OSS
[MASTER] 16:02:02.042 [Thread-3] ERROR ExternalProcessHandler - INFO: Detected dialect: OSS

Aug 14, 2020 8:02:12 AM org.openqa.selenium.remote.ProtocolHandshake createSession
[MASTER] 16:02:12.694 [Thread-3] ERROR ExternalProcessHandler - Aug 14, 2020 8:02:12 AM org.openqa.selenium.remote.ProtocolHandshake createSession

INFO: Detected dialect: OSS
[MASTER] 16:02:12.694 [Thread-3] ERROR ExternalProcessHandler - INFO: Detected dialect: OSS

Aug 14, 2020 8:02:29 AM org.openqa.selenium.remote.ProtocolHandshake createSession
[MASTER] 16:02:29.498 [Thread-3] ERROR ExternalProcessHandler - Aug 14, 2020 8:02:29 AM org.openqa.selenium.remote.ProtocolHandshake createSession

INFO: Detected dialect: OSS
[MASTER] 16:02:29.498 [Thread-3] ERROR ExternalProcessHandler - INFO: Detected dialect: OSS

[MASTER] 16:02:52.364 [logback-2] ERROR TestCaseExecutor - TG: Exception caught: 
java.lang.IllegalStateException: Test generation failed: page object bug.
	at org.evosuite.testcase.execution.TestCaseExecutor.runTest(TestCaseExecutor.java:322) ~[evosuite-client-1.0.4-SNAPSHOT.jar:na]
	at org.evosuite.testcase.TestFitnessFunction.runTest(TestFitnessFunction.java:91) [evosuite-client-1.0.4-SNAPSHOT.jar:na]
	at org.evosuite.testcase.TestFitnessFunction.getFitness(TestFitnessFunction.java:60) [evosuite-client-1.0.4-SNAPSHOT.jar:na]
	at org.evosuite.testcase.TestFitnessFunction.getFitness(TestFitnessFunction.java:34) [evosuite-client-1.0.4-SNAPSHOT.jar:na]
	at org.evosuite.ga.metaheuristics.art.AdaptiveRandomSearch.calculateFitness(AdaptiveRandomSearch.java:312) [evosuite-client-1.0.4-SNAPSHOT.jar:na]
	at org.evosuite.ga.metaheuristics.art.AdaptiveRandomSearch.evolve(AdaptiveRandomSearch.java:139) [evosuite-client-1.0.4-SNAPSHOT.jar:na]
	at org.evosuite.ga.metaheuristics.art.AdaptiveRandomSearch.generateSolution(AdaptiveRandomSearch.java:270) [evosuite-client-1.0.4-SNAPSHOT.jar:na]
	at org.evosuite.strategy.AdaptiveRandomTestStrategy.generateTests(AdaptiveRandomTestStrategy.java:118) [evosuite-client-1.0.4-SNAPSHOT.jar:na]
	at org.evosuite.TestSuiteGenerator.generateTests(TestSuiteGenerator.java:654) [evosuite-client-1.0.4-SNAPSHOT.jar:na]
	at org.evosuite.TestSuiteGenerator.generateTestSuite(TestSuiteGenerator.java:213) [evosuite-client-1.0.4-SNAPSHOT.jar:na]
	at org.evosuite.rmi.service.ClientNodeImpl$1.run(ClientNodeImpl.java:145) [evosuite-client-1.0.4-SNAPSHOT.jar:na]
	at java.util.concurrent.Executors$RunnableAdapter.call(Executors.java:511) [na:1.8.0_265]
	at java.util.concurrent.FutureTask.run(FutureTask.java:266) [na:1.8.0_265]
	at java.util.concurrent.ThreadPoolExecutor.runWorker(ThreadPoolExecutor.java:1149) [na:1.8.0_265]
	at java.util.concurrent.ThreadPoolExecutor$Worker.run(ThreadPoolExecutor.java:624) [na:1.8.0_265]
	at java.lang.Thread.run(Thread.java:748) [na:1.8.0_265]
Aug 14, 2020 8:02:52 AM org.openqa.selenium.remote.ProtocolHandshake createSession
[MASTER] 16:02:52.606 [Thread-3] ERROR ExternalProcessHandler - Aug 14, 2020 8:02:52 AM org.openqa.selenium.remote.ProtocolHandshake createSession

INFO: Detected dialect: OSS
[MASTER] 16:02:52.606 [Thread-3] ERROR ExternalProcessHandler - INFO: Detected dialect: OSS

Aug 14, 2020 8:02:54 AM org.openqa.selenium.remote.ProtocolHandshake createSession
[MASTER] 16:02:54.023 [Thread-3] ERROR ExternalProcessHandler - Aug 14, 2020 8:02:54 AM org.openqa.selenium.remote.ProtocolHandshake createSession

INFO: Detected dialect: OSS
[MASTER] 16:02:54.023 [Thread-3] ERROR ExternalProcessHandler - INFO: Detected dialect: OSS

Aug 14, 2020 8:02:56 AM org.openqa.selenium.remote.ProtocolHandshake createSession
[MASTER] 16:02:56.090 [Thread-3] ERROR ExternalProcessHandler - Aug 14, 2020 8:02:56 AM org.openqa.selenium.remote.ProtocolHandshake createSession

INFO: Detected dialect: OSS
[MASTER] 16:02:56.090 [Thread-3] ERROR ExternalProcessHandler - INFO: Detected dialect: OSS

Aug 14, 2020 8:02:58 AM org.openqa.selenium.remote.ProtocolHandshake createSession
[MASTER] 16:02:58.644 [Thread-3] ERROR ExternalProcessHandler - Aug 14, 2020 8:02:58 AM org.openqa.selenium.remote.ProtocolHandshake createSession

INFO: Detected dialect: OSS
[MASTER] 16:02:58.644 [Thread-3] ERROR ExternalProcessHandler - INFO: Detected dialect: OSS

Aug 14, 2020 8:03:07 AM org.openqa.selenium.remote.ProtocolHandshake createSession
[MASTER] 16:03:07.567 [Thread-3] ERROR ExternalProcessHandler - Aug 14, 2020 8:03:07 AM org.openqa.selenium.remote.ProtocolHandshake createSession

INFO: Detected dialect: OSS
[MASTER] 16:03:07.567 [Thread-3] ERROR ExternalProcessHandler - INFO: Detected dialect: OSS

Aug 14, 2020 8:03:22 AM org.openqa.selenium.remote.ProtocolHandshake createSession
[MASTER] 16:03:22.805 [Thread-3] ERROR ExternalProcessHandler - Aug 14, 2020 8:03:22 AM org.openqa.selenium.remote.ProtocolHandshake createSession

INFO: Detected dialect: OSS
[MASTER] 16:03:22.805 [Thread-3] ERROR ExternalProcessHandler - INFO: Detected dialect: OSS

[MASTER] 16:03:44.176 [logback-2] ERROR TestCaseExecutor - TG: Exception caught: 
java.lang.IllegalStateException: Test generation failed: page object bug.
	at org.evosuite.testcase.execution.TestCaseExecutor.runTest(TestCaseExecutor.java:322) ~[evosuite-client-1.0.4-SNAPSHOT.jar:na]
	at org.evosuite.testcase.TestFitnessFunction.runTest(TestFitnessFunction.java:91) [evosuite-client-1.0.4-SNAPSHOT.jar:na]
	at org.evosuite.testcase.TestFitnessFunction.getFitness(TestFitnessFunction.java:60) [evosuite-client-1.0.4-SNAPSHOT.jar:na]
	at org.evosuite.testcase.TestFitnessFunction.getFitness(TestFitnessFunction.java:34) [evosuite-client-1.0.4-SNAPSHOT.jar:na]
	at org.evosuite.ga.metaheuristics.art.AdaptiveRandomSearch.calculateFitness(AdaptiveRandomSearch.java:312) [evosuite-client-1.0.4-SNAPSHOT.jar:na]
	at org.evosuite.ga.metaheuristics.art.AdaptiveRandomSearch.evolve(AdaptiveRandomSearch.java:139) [evosuite-client-1.0.4-SNAPSHOT.jar:na]
	at org.evosuite.ga.metaheuristics.art.AdaptiveRandomSearch.generateSolution(AdaptiveRandomSearch.java:270) [evosuite-client-1.0.4-SNAPSHOT.jar:na]
	at org.evosuite.strategy.AdaptiveRandomTestStrategy.generateTests(AdaptiveRandomTestStrategy.java:118) [evosuite-client-1.0.4-SNAPSHOT.jar:na]
	at org.evosuite.TestSuiteGenerator.generateTests(TestSuiteGenerator.java:654) [evosuite-client-1.0.4-SNAPSHOT.jar:na]
	at org.evosuite.TestSuiteGenerator.generateTestSuite(TestSuiteGenerator.java:213) [evosuite-client-1.0.4-SNAPSHOT.jar:na]
	at org.evosuite.rmi.service.ClientNodeImpl$1.run(ClientNodeImpl.java:145) [evosuite-client-1.0.4-SNAPSHOT.jar:na]
	at java.util.concurrent.Executors$RunnableAdapter.call(Executors.java:511) [na:1.8.0_265]
	at java.util.concurrent.FutureTask.run(FutureTask.java:266) [na:1.8.0_265]
	at java.util.concurrent.ThreadPoolExecutor.runWorker(ThreadPoolExecutor.java:1149) [na:1.8.0_265]
	at java.util.concurrent.ThreadPoolExecutor$Worker.run(ThreadPoolExecutor.java:624) [na:1.8.0_265]
	at java.lang.Thread.run(Thread.java:748) [na:1.8.0_265]
Aug 14, 2020 8:03:44 AM org.openqa.selenium.remote.ProtocolHandshake createSession
[MASTER] 16:03:44.359 [Thread-3] ERROR ExternalProcessHandler - Aug 14, 2020 8:03:44 AM org.openqa.selenium.remote.ProtocolHandshake createSession

INFO: Detected dialect: OSS
[MASTER] 16:03:44.359 [Thread-3] ERROR ExternalProcessHandler - INFO: Detected dialect: OSS

Aug 14, 2020 8:03:45 AM org.openqa.selenium.remote.ProtocolHandshake createSession
[MASTER] 16:03:45.618 [Thread-3] ERROR ExternalProcessHandler - Aug 14, 2020 8:03:45 AM org.openqa.selenium.remote.ProtocolHandshake createSession

INFO: Detected dialect: OSS
[MASTER] 16:03:45.619 [Thread-3] ERROR ExternalProcessHandler - INFO: Detected dialect: OSS

Aug 14, 2020 8:03:46 AM org.openqa.selenium.remote.ProtocolHandshake createSession
[MASTER] 16:03:46.763 [Thread-3] ERROR ExternalProcessHandler - Aug 14, 2020 8:03:46 AM org.openqa.selenium.remote.ProtocolHandshake createSession

INFO: Detected dialect: OSS
[MASTER] 16:03:46.763 [Thread-3] ERROR ExternalProcessHandler - INFO: Detected dialect: OSS

Aug 14, 2020 8:03:48 AM org.openqa.selenium.remote.ProtocolHandshake createSession
[MASTER] 16:03:48.150 [Thread-3] ERROR ExternalProcessHandler - Aug 14, 2020 8:03:48 AM org.openqa.selenium.remote.ProtocolHandshake createSession

INFO: Detected dialect: OSS
[MASTER] 16:03:48.150 [Thread-3] ERROR ExternalProcessHandler - INFO: Detected dialect: OSS

Aug 14, 2020 8:03:49 AM org.openqa.selenium.remote.ProtocolHandshake createSession
[MASTER] 16:03:49.556 [Thread-3] ERROR ExternalProcessHandler - Aug 14, 2020 8:03:49 AM org.openqa.selenium.remote.ProtocolHandshake createSession

INFO: Detected dialect: OSS
[MASTER] 16:03:49.557 [Thread-3] ERROR ExternalProcessHandler - INFO: Detected dialect: OSS

Aug 14, 2020 8:03:50 AM org.openqa.selenium.remote.ProtocolHandshake createSession
[MASTER] 16:03:50.690 [Thread-3] ERROR ExternalProcessHandler - Aug 14, 2020 8:03:50 AM org.openqa.selenium.remote.ProtocolHandshake createSession

INFO: Detected dialect: OSS
[MASTER] 16:03:50.690 [Thread-3] ERROR ExternalProcessHandler - INFO: Detected dialect: OSS

Aug 14, 2020 8:03:55 AM org.openqa.selenium.remote.ProtocolHandshake createSession
[MASTER] 16:03:55.604 [Thread-3] ERROR ExternalProcessHandler - Aug 14, 2020 8:03:55 AM org.openqa.selenium.remote.ProtocolHandshake createSession

INFO: Detected dialect: OSS
[MASTER] 16:03:55.604 [Thread-3] ERROR ExternalProcessHandler - INFO: Detected dialect: OSS

Aug 14, 2020 8:04:06 AM org.openqa.selenium.remote.ProtocolHandshake createSession
[MASTER] 16:04:06.634 [Thread-3] ERROR ExternalProcessHandler - Aug 14, 2020 8:04:06 AM org.openqa.selenium.remote.ProtocolHandshake createSession

INFO: Detected dialect: OSS
[MASTER] 16:04:06.634 [Thread-3] ERROR ExternalProcessHandler - INFO: Detected dialect: OSS

Aug 14, 2020 8:04:23 AM org.openqa.selenium.remote.ProtocolHandshake createSession
[MASTER] 16:04:23.317 [Thread-3] ERROR ExternalProcessHandler - Aug 14, 2020 8:04:23 AM org.openqa.selenium.remote.ProtocolHandshake createSession

INFO: Detected dialect: OSS
[MASTER] 16:04:23.318 [Thread-3] ERROR ExternalProcessHandler - INFO: Detected dialect: OSS

[MASTER] 16:04:45.872 [logback-2] ERROR TestCaseExecutor - TG: Exception caught: 
java.lang.IllegalStateException: Test generation failed: page object bug.
	at org.evosuite.testcase.execution.TestCaseExecutor.runTest(TestCaseExecutor.java:322) ~[evosuite-client-1.0.4-SNAPSHOT.jar:na]
	at org.evosuite.testcase.TestFitnessFunction.runTest(TestFitnessFunction.java:91) [evosuite-client-1.0.4-SNAPSHOT.jar:na]
	at org.evosuite.testcase.TestFitnessFunction.getFitness(TestFitnessFunction.java:60) [evosuite-client-1.0.4-SNAPSHOT.jar:na]
	at org.evosuite.testcase.TestFitnessFunction.getFitness(TestFitnessFunction.java:34) [evosuite-client-1.0.4-SNAPSHOT.jar:na]
	at org.evosuite.ga.metaheuristics.art.AdaptiveRandomSearch.calculateFitness(AdaptiveRandomSearch.java:312) [evosuite-client-1.0.4-SNAPSHOT.jar:na]
	at org.evosuite.ga.metaheuristics.art.AdaptiveRandomSearch.evolve(AdaptiveRandomSearch.java:139) [evosuite-client-1.0.4-SNAPSHOT.jar:na]
	at org.evosuite.ga.metaheuristics.art.AdaptiveRandomSearch.generateSolution(AdaptiveRandomSearch.java:270) [evosuite-client-1.0.4-SNAPSHOT.jar:na]
	at org.evosuite.strategy.AdaptiveRandomTestStrategy.generateTests(AdaptiveRandomTestStrategy.java:118) [evosuite-client-1.0.4-SNAPSHOT.jar:na]
	at org.evosuite.TestSuiteGenerator.generateTests(TestSuiteGenerator.java:654) [evosuite-client-1.0.4-SNAPSHOT.jar:na]
	at org.evosuite.TestSuiteGenerator.generateTestSuite(TestSuiteGenerator.java:213) [evosuite-client-1.0.4-SNAPSHOT.jar:na]
	at org.evosuite.rmi.service.ClientNodeImpl$1.run(ClientNodeImpl.java:145) [evosuite-client-1.0.4-SNAPSHOT.jar:na]
	at java.util.concurrent.Executors$RunnableAdapter.call(Executors.java:511) [na:1.8.0_265]
	at java.util.concurrent.FutureTask.run(FutureTask.java:266) [na:1.8.0_265]
	at java.util.concurrent.ThreadPoolExecutor.runWorker(ThreadPoolExecutor.java:1149) [na:1.8.0_265]
	at java.util.concurrent.ThreadPoolExecutor$Worker.run(ThreadPoolExecutor.java:624) [na:1.8.0_265]
	at java.lang.Thread.run(Thread.java:748) [na:1.8.0_265]
Aug 14, 2020 8:04:46 AM org.openqa.selenium.remote.ProtocolHandshake createSession
[MASTER] 16:04:46.099 [Thread-3] ERROR ExternalProcessHandler - Aug 14, 2020 8:04:46 AM org.openqa.selenium.remote.ProtocolHandshake createSession

INFO: Detected dialect: OSS
[MASTER] 16:04:46.099 [Thread-3] ERROR ExternalProcessHandler - INFO: Detected dialect: OSS

Aug 14, 2020 8:04:47 AM po_utils.PageObjectLogging logInfo
[MASTER] 16:04:47.509 [Thread-3] ERROR ExternalProcessHandler - Aug 14, 2020 8:04:47 AM po_utils.PageObjectLogging logInfo

INFO: waitForElementBeingPresentOnPage timeout exception: unable to locate the element By.xpath: //button[text()="Create a new session"]
[MASTER] 16:04:47.510 [Thread-3] ERROR ExternalProcessHandler - INFO: waitForElementBeingPresentOnPage timeout exception: unable to locate the element By.xpath: //button[text()="Create a new session"]


[MASTER] 16:04:47.510 [Thread-3] ERROR ExternalProcessHandler - 


[MASTER] 16:04:47.510 [Thread-3] ERROR ExternalProcessHandler - 

Aug 14, 2020 8:04:47 AM po_utils.PageObjectLogging logInfo
[MASTER] 16:04:47.942 [Thread-3] ERROR ExternalProcessHandler - Aug 14, 2020 8:04:47 AM po_utils.PageObjectLogging logInfo

INFO: waitForElementBeingPresentOnPage timeout exception: unable to locate the element By.xpath: //button[text()="Create a new session"]
[MASTER] 16:04:47.943 [Thread-3] ERROR ExternalProcessHandler - INFO: waitForElementBeingPresentOnPage timeout exception: unable to locate the element By.xpath: //button[text()="Create a new session"]


[MASTER] 16:04:47.943 [Thread-3] ERROR ExternalProcessHandler - 


[MASTER] 16:04:47.943 [Thread-3] ERROR ExternalProcessHandler - 

Aug 14, 2020 8:04:50 AM org.openqa.selenium.remote.ProtocolHandshake createSession
[MASTER] 16:04:50.134 [Thread-3] ERROR ExternalProcessHandler - Aug 14, 2020 8:04:50 AM org.openqa.selenium.remote.ProtocolHandshake createSession

INFO: Detected dialect: OSS
[MASTER] 16:04:50.134 [Thread-3] ERROR ExternalProcessHandler - INFO: Detected dialect: OSS

Aug 14, 2020 8:04:51 AM org.openqa.selenium.remote.ProtocolHandshake createSession
[MASTER] 16:04:51.283 [Thread-3] ERROR ExternalProcessHandler - Aug 14, 2020 8:04:51 AM org.openqa.selenium.remote.ProtocolHandshake createSession

INFO: Detected dialect: OSS
[MASTER] 16:04:51.283 [Thread-3] ERROR ExternalProcessHandler - INFO: Detected dialect: OSS

Aug 14, 2020 8:04:52 AM org.openqa.selenium.remote.ProtocolHandshake createSession
[MASTER] 16:04:52.324 [Thread-3] ERROR ExternalProcessHandler - Aug 14, 2020 8:04:52 AM org.openqa.selenium.remote.ProtocolHandshake createSession

INFO: Detected dialect: OSS
[MASTER] 16:04:52.324 [Thread-3] ERROR ExternalProcessHandler - INFO: Detected dialect: OSS

Aug 14, 2020 8:04:53 AM org.openqa.selenium.remote.ProtocolHandshake createSession
[MASTER] 16:04:53.402 [Thread-3] ERROR ExternalProcessHandler - Aug 14, 2020 8:04:53 AM org.openqa.selenium.remote.ProtocolHandshake createSession

INFO: Detected dialect: OSS
[MASTER] 16:04:53.402 [Thread-3] ERROR ExternalProcessHandler - INFO: Detected dialect: OSS

Aug 14, 2020 8:04:55 AM org.openqa.selenium.remote.ProtocolHandshake createSession
[MASTER] 16:04:55.243 [Thread-3] ERROR ExternalProcessHandler - Aug 14, 2020 8:04:55 AM org.openqa.selenium.remote.ProtocolHandshake createSession

INFO: Detected dialect: OSS
[MASTER] 16:04:55.243 [Thread-3] ERROR ExternalProcessHandler - INFO: Detected dialect: OSS

Aug 14, 2020 8:04:56 AM po_utils.PageObjectLogging logInfo
[MASTER] 16:04:56.409 [Thread-3] ERROR ExternalProcessHandler - Aug 14, 2020 8:04:56 AM po_utils.PageObjectLogging logInfo

INFO: waitForElementBeingPresentOnPage timeout exception: unable to locate the element By.xpath: //button[text()="Create a new session"]
[MASTER] 16:04:56.410 [Thread-3] ERROR ExternalProcessHandler - INFO: waitForElementBeingPresentOnPage timeout exception: unable to locate the element By.xpath: //button[text()="Create a new session"]


[MASTER] 16:04:56.410 [Thread-3] ERROR ExternalProcessHandler - 


[MASTER] 16:04:56.410 [Thread-3] ERROR ExternalProcessHandler - 

Aug 14, 2020 8:04:57 AM org.openqa.selenium.remote.ProtocolHandshake createSession
[MASTER] 16:04:57.378 [Thread-3] ERROR ExternalProcessHandler - Aug 14, 2020 8:04:57 AM org.openqa.selenium.remote.ProtocolHandshake createSession

INFO: Detected dialect: OSS
[MASTER] 16:04:57.378 [Thread-3] ERROR ExternalProcessHandler - INFO: Detected dialect: OSS

Aug 14, 2020 8:04:58 AM org.openqa.selenium.remote.ProtocolHandshake createSession
[MASTER] 16:04:58.622 [Thread-3] ERROR ExternalProcessHandler - Aug 14, 2020 8:04:58 AM org.openqa.selenium.remote.ProtocolHandshake createSession

INFO: Detected dialect: OSS
[MASTER] 16:04:58.622 [Thread-3] ERROR ExternalProcessHandler - INFO: Detected dialect: OSS

Aug 14, 2020 8:05:02 AM org.openqa.selenium.remote.ProtocolHandshake createSession
[MASTER] 16:05:02.881 [Thread-3] ERROR ExternalProcessHandler - Aug 14, 2020 8:05:02 AM org.openqa.selenium.remote.ProtocolHandshake createSession

INFO: Detected dialect: OSS
[MASTER] 16:05:02.881 [Thread-3] ERROR ExternalProcessHandler - INFO: Detected dialect: OSS

Aug 14, 2020 8:05:13 AM org.openqa.selenium.remote.ProtocolHandshake createSession
[MASTER] 16:05:13.506 [Thread-3] ERROR ExternalProcessHandler - Aug 14, 2020 8:05:13 AM org.openqa.selenium.remote.ProtocolHandshake createSession

INFO: Detected dialect: OSS
[MASTER] 16:05:13.506 [Thread-3] ERROR ExternalProcessHandler - INFO: Detected dialect: OSS

Aug 14, 2020 8:05:30 AM org.openqa.selenium.remote.ProtocolHandshake createSession
[MASTER] 16:05:30.068 [Thread-3] ERROR ExternalProcessHandler - Aug 14, 2020 8:05:30 AM org.openqa.selenium.remote.ProtocolHandshake createSession

INFO: Detected dialect: OSS
[MASTER] 16:05:30.068 [Thread-3] ERROR ExternalProcessHandler - INFO: Detected dialect: OSS

[MASTER] 16:05:52.810 [logback-2] ERROR TestCaseExecutor - TG: Exception caught: 
java.lang.IllegalStateException: Test generation failed: page object bug.
	at org.evosuite.testcase.execution.TestCaseExecutor.runTest(TestCaseExecutor.java:322) ~[evosuite-client-1.0.4-SNAPSHOT.jar:na]
	at org.evosuite.testcase.TestFitnessFunction.runTest(TestFitnessFunction.java:91) [evosuite-client-1.0.4-SNAPSHOT.jar:na]
	at org.evosuite.testcase.TestFitnessFunction.getFitness(TestFitnessFunction.java:60) [evosuite-client-1.0.4-SNAPSHOT.jar:na]
	at org.evosuite.testcase.TestFitnessFunction.getFitness(TestFitnessFunction.java:34) [evosuite-client-1.0.4-SNAPSHOT.jar:na]
	at org.evosuite.ga.metaheuristics.art.AdaptiveRandomSearch.calculateFitness(AdaptiveRandomSearch.java:312) [evosuite-client-1.0.4-SNAPSHOT.jar:na]
	at org.evosuite.ga.metaheuristics.art.AdaptiveRandomSearch.evolve(AdaptiveRandomSearch.java:139) [evosuite-client-1.0.4-SNAPSHOT.jar:na]
	at org.evosuite.ga.metaheuristics.art.AdaptiveRandomSearch.generateSolution(AdaptiveRandomSearch.java:270) [evosuite-client-1.0.4-SNAPSHOT.jar:na]
	at org.evosuite.strategy.AdaptiveRandomTestStrategy.generateTests(AdaptiveRandomTestStrategy.java:118) [evosuite-client-1.0.4-SNAPSHOT.jar:na]
	at org.evosuite.TestSuiteGenerator.generateTests(TestSuiteGenerator.java:654) [evosuite-client-1.0.4-SNAPSHOT.jar:na]
	at org.evosuite.TestSuiteGenerator.generateTestSuite(TestSuiteGenerator.java:213) [evosuite-client-1.0.4-SNAPSHOT.jar:na]
	at org.evosuite.rmi.service.ClientNodeImpl$1.run(ClientNodeImpl.java:145) [evosuite-client-1.0.4-SNAPSHOT.jar:na]
	at java.util.concurrent.Executors$RunnableAdapter.call(Executors.java:511) [na:1.8.0_265]
	at java.util.concurrent.FutureTask.run(FutureTask.java:266) [na:1.8.0_265]
	at java.util.concurrent.ThreadPoolExecutor.runWorker(ThreadPoolExecutor.java:1149) [na:1.8.0_265]
	at java.util.concurrent.ThreadPoolExecutor$Worker.run(ThreadPoolExecutor.java:624) [na:1.8.0_265]
	at java.lang.Thread.run(Thread.java:748) [na:1.8.0_265]
Aug 14, 2020 8:05:53 AM org.openqa.selenium.remote.ProtocolHandshake createSession
[MASTER] 16:05:53.056 [Thread-3] ERROR ExternalProcessHandler - Aug 14, 2020 8:05:53 AM org.openqa.selenium.remote.ProtocolHandshake createSession

INFO: Detected dialect: OSS
[MASTER] 16:05:53.057 [Thread-3] ERROR ExternalProcessHandler - INFO: Detected dialect: OSS

Aug 14, 2020 8:05:54 AM po_utils.PageObjectLogging logInfo
[MASTER] 16:05:54.258 [Thread-3] ERROR ExternalProcessHandler - Aug 14, 2020 8:05:54 AM po_utils.PageObjectLogging logInfo

INFO: waitForElementBeingPresentOnPage timeout exception: unable to locate the element By.xpath: //button[text()="Create a new session"]
[MASTER] 16:05:54.259 [Thread-3] ERROR ExternalProcessHandler - INFO: waitForElementBeingPresentOnPage timeout exception: unable to locate the element By.xpath: //button[text()="Create a new session"]


[MASTER] 16:05:54.259 [Thread-3] ERROR ExternalProcessHandler - 


[MASTER] 16:05:54.259 [Thread-3] ERROR ExternalProcessHandler - 

Aug 14, 2020 8:05:54 AM org.openqa.selenium.remote.ProtocolHandshake createSession
[MASTER] 16:05:54.847 [Thread-3] ERROR ExternalProcessHandler - Aug 14, 2020 8:05:54 AM org.openqa.selenium.remote.ProtocolHandshake createSession

INFO: Detected dialect: OSS
[MASTER] 16:05:54.847 [Thread-3] ERROR ExternalProcessHandler - INFO: Detected dialect: OSS

Aug 14, 2020 8:05:56 AM org.openqa.selenium.remote.ProtocolHandshake createSession
[MASTER] 16:05:56.253 [Thread-3] ERROR ExternalProcessHandler - Aug 14, 2020 8:05:56 AM org.openqa.selenium.remote.ProtocolHandshake createSession

INFO: Detected dialect: OSS
[MASTER] 16:05:56.253 [Thread-3] ERROR ExternalProcessHandler - INFO: Detected dialect: OSS

Aug 14, 2020 8:05:57 AM org.openqa.selenium.remote.ProtocolHandshake createSession
[MASTER] 16:05:57.637 [Thread-3] ERROR ExternalProcessHandler - Aug 14, 2020 8:05:57 AM org.openqa.selenium.remote.ProtocolHandshake createSession

INFO: Detected dialect: OSS
[MASTER] 16:05:57.637 [Thread-3] ERROR ExternalProcessHandler - INFO: Detected dialect: OSS

Aug 14, 2020 8:05:59 AM org.openqa.selenium.remote.ProtocolHandshake createSession
[MASTER] 16:05:59.151 [Thread-3] ERROR ExternalProcessHandler - Aug 14, 2020 8:05:59 AM org.openqa.selenium.remote.ProtocolHandshake createSession

INFO: Detected dialect: OSS
[MASTER] 16:05:59.152 [Thread-3] ERROR ExternalProcessHandler - INFO: Detected dialect: OSS

Aug 14, 2020 8:06:00 AM org.openqa.selenium.remote.ProtocolHandshake createSession
[MASTER] 16:06:00.943 [Thread-3] ERROR ExternalProcessHandler - Aug 14, 2020 8:06:00 AM org.openqa.selenium.remote.ProtocolHandshake createSession

INFO: Detected dialect: OSS
[MASTER] 16:06:00.944 [Thread-3] ERROR ExternalProcessHandler - INFO: Detected dialect: OSS

Aug 14, 2020 8:06:01 AM org.openqa.selenium.remote.ProtocolHandshake createSession
[MASTER] 16:06:01.918 [Thread-3] ERROR ExternalProcessHandler - Aug 14, 2020 8:06:01 AM org.openqa.selenium.remote.ProtocolHandshake createSession

INFO: Detected dialect: OSS
[MASTER] 16:06:01.919 [Thread-3] ERROR ExternalProcessHandler - INFO: Detected dialect: OSS

Aug 14, 2020 8:06:03 AM org.openqa.selenium.remote.ProtocolHandshake createSession
[MASTER] 16:06:03.425 [Thread-3] ERROR ExternalProcessHandler - Aug 14, 2020 8:06:03 AM org.openqa.selenium.remote.ProtocolHandshake createSession

INFO: Detected dialect: OSS
[MASTER] 16:06:03.425 [Thread-3] ERROR ExternalProcessHandler - INFO: Detected dialect: OSS

Aug 14, 2020 8:06:05 AM org.openqa.selenium.remote.ProtocolHandshake createSession
[MASTER] 16:06:05.746 [Thread-3] ERROR ExternalProcessHandler - Aug 14, 2020 8:06:05 AM org.openqa.selenium.remote.ProtocolHandshake createSession

INFO: Detected dialect: OSS
[MASTER] 16:06:05.746 [Thread-3] ERROR ExternalProcessHandler - INFO: Detected dialect: OSS

Aug 14, 2020 8:06:07 AM org.openqa.selenium.remote.ProtocolHandshake createSession
[MASTER] 16:06:07.830 [Thread-3] ERROR ExternalProcessHandler - Aug 14, 2020 8:06:07 AM org.openqa.selenium.remote.ProtocolHandshake createSession

INFO: Detected dialect: OSS
[MASTER] 16:06:07.831 [Thread-3] ERROR ExternalProcessHandler - INFO: Detected dialect: OSS

Aug 14, 2020 8:06:08 AM org.openqa.selenium.remote.ProtocolHandshake createSession
[MASTER] 16:06:08.887 [Thread-3] ERROR ExternalProcessHandler - Aug 14, 2020 8:06:08 AM org.openqa.selenium.remote.ProtocolHandshake createSession

INFO: Detected dialect: OSS
[MASTER] 16:06:08.887 [Thread-3] ERROR ExternalProcessHandler - INFO: Detected dialect: OSS

Aug 14, 2020 8:06:12 AM org.openqa.selenium.remote.ProtocolHandshake createSession
[MASTER] 16:06:12.939 [Thread-3] ERROR ExternalProcessHandler - Aug 14, 2020 8:06:12 AM org.openqa.selenium.remote.ProtocolHandshake createSession

INFO: Detected dialect: OSS
[MASTER] 16:06:12.939 [Thread-3] ERROR ExternalProcessHandler - INFO: Detected dialect: OSS

Aug 14, 2020 8:06:22 AM org.openqa.selenium.remote.ProtocolHandshake createSession
[MASTER] 16:06:22.416 [Thread-3] ERROR ExternalProcessHandler - Aug 14, 2020 8:06:22 AM org.openqa.selenium.remote.ProtocolHandshake createSession

INFO: Detected dialect: OSS
[MASTER] 16:06:22.416 [Thread-3] ERROR ExternalProcessHandler - INFO: Detected dialect: OSS

Aug 14, 2020 8:06:37 AM org.openqa.selenium.remote.ProtocolHandshake createSession
[MASTER] 16:06:37.092 [Thread-3] ERROR ExternalProcessHandler - Aug 14, 2020 8:06:37 AM org.openqa.selenium.remote.ProtocolHandshake createSession

INFO: Detected dialect: OSS
[MASTER] 16:06:37.092 [Thread-3] ERROR ExternalProcessHandler - INFO: Detected dialect: OSS

[MASTER] 16:06:56.878 [logback-2] ERROR TestCaseExecutor - TG: Exception caught: 
java.lang.IllegalStateException: Test generation failed: page object bug.
	at org.evosuite.testcase.execution.TestCaseExecutor.runTest(TestCaseExecutor.java:322) ~[evosuite-client-1.0.4-SNAPSHOT.jar:na]
	at org.evosuite.testcase.TestFitnessFunction.runTest(TestFitnessFunction.java:91) [evosuite-client-1.0.4-SNAPSHOT.jar:na]
	at org.evosuite.testcase.TestFitnessFunction.getFitness(TestFitnessFunction.java:60) [evosuite-client-1.0.4-SNAPSHOT.jar:na]
	at org.evosuite.testcase.TestFitnessFunction.getFitness(TestFitnessFunction.java:34) [evosuite-client-1.0.4-SNAPSHOT.jar:na]
	at org.evosuite.ga.metaheuristics.art.AdaptiveRandomSearch.calculateFitness(AdaptiveRandomSearch.java:312) [evosuite-client-1.0.4-SNAPSHOT.jar:na]
	at org.evosuite.ga.metaheuristics.art.AdaptiveRandomSearch.evolve(AdaptiveRandomSearch.java:139) [evosuite-client-1.0.4-SNAPSHOT.jar:na]
	at org.evosuite.ga.metaheuristics.art.AdaptiveRandomSearch.generateSolution(AdaptiveRandomSearch.java:270) [evosuite-client-1.0.4-SNAPSHOT.jar:na]
	at org.evosuite.strategy.AdaptiveRandomTestStrategy.generateTests(AdaptiveRandomTestStrategy.java:118) [evosuite-client-1.0.4-SNAPSHOT.jar:na]
	at org.evosuite.TestSuiteGenerator.generateTests(TestSuiteGenerator.java:654) [evosuite-client-1.0.4-SNAPSHOT.jar:na]
	at org.evosuite.TestSuiteGenerator.generateTestSuite(TestSuiteGenerator.java:213) [evosuite-client-1.0.4-SNAPSHOT.jar:na]
	at org.evosuite.rmi.service.ClientNodeImpl$1.run(ClientNodeImpl.java:145) [evosuite-client-1.0.4-SNAPSHOT.jar:na]
	at java.util.concurrent.Executors$RunnableAdapter.call(Executors.java:511) [na:1.8.0_265]
	at java.util.concurrent.FutureTask.run(FutureTask.java:266) [na:1.8.0_265]
	at java.util.concurrent.ThreadPoolExecutor.runWorker(ThreadPoolExecutor.java:1149) [na:1.8.0_265]
	at java.util.concurrent.ThreadPoolExecutor$Worker.run(ThreadPoolExecutor.java:624) [na:1.8.0_265]
	at java.lang.Thread.run(Thread.java:748) [na:1.8.0_265]
Aug 14, 2020 8:06:57 AM org.openqa.selenium.remote.ProtocolHandshake createSession
[MASTER] 16:06:57.125 [Thread-3] ERROR ExternalProcessHandler - Aug 14, 2020 8:06:57 AM org.openqa.selenium.remote.ProtocolHandshake createSession

INFO: Detected dialect: OSS
[MASTER] 16:06:57.126 [Thread-3] ERROR ExternalProcessHandler - INFO: Detected dialect: OSS

Aug 14, 2020 8:06:58 AM org.openqa.selenium.remote.ProtocolHandshake createSession
[MASTER] 16:06:58.737 [Thread-3] ERROR ExternalProcessHandler - Aug 14, 2020 8:06:58 AM org.openqa.selenium.remote.ProtocolHandshake createSession

INFO: Detected dialect: OSS
[MASTER] 16:06:58.737 [Thread-3] ERROR ExternalProcessHandler - INFO: Detected dialect: OSS

Aug 14, 2020 8:07:04 AM org.openqa.selenium.remote.ProtocolHandshake createSession
[MASTER] 16:07:04.259 [Thread-3] ERROR ExternalProcessHandler - Aug 14, 2020 8:07:04 AM org.openqa.selenium.remote.ProtocolHandshake createSession

INFO: Detected dialect: OSS
[MASTER] 16:07:04.259 [Thread-3] ERROR ExternalProcessHandler - INFO: Detected dialect: OSS

Aug 14, 2020 8:07:15 AM org.openqa.selenium.remote.ProtocolHandshake createSession
[MASTER] 16:07:15.456 [Thread-3] ERROR ExternalProcessHandler - Aug 14, 2020 8:07:15 AM org.openqa.selenium.remote.ProtocolHandshake createSession

INFO: Detected dialect: OSS
[MASTER] 16:07:15.456 [Thread-3] ERROR ExternalProcessHandler - INFO: Detected dialect: OSS

Aug 14, 2020 8:07:32 AM org.openqa.selenium.remote.ProtocolHandshake createSession
[MASTER] 16:07:32.304 [Thread-3] ERROR ExternalProcessHandler - Aug 14, 2020 8:07:32 AM org.openqa.selenium.remote.ProtocolHandshake createSession

INFO: Detected dialect: OSS
[MASTER] 16:07:32.304 [Thread-3] ERROR ExternalProcessHandler - INFO: Detected dialect: OSS

[MASTER] 16:07:54.550 [logback-2] ERROR TestCaseExecutor - TG: Exception caught: 
java.lang.IllegalStateException: Test generation failed: page object bug.
	at org.evosuite.testcase.execution.TestCaseExecutor.runTest(TestCaseExecutor.java:322) ~[evosuite-client-1.0.4-SNAPSHOT.jar:na]
	at org.evosuite.testcase.TestFitnessFunction.runTest(TestFitnessFunction.java:91) [evosuite-client-1.0.4-SNAPSHOT.jar:na]
	at org.evosuite.testcase.TestFitnessFunction.getFitness(TestFitnessFunction.java:60) [evosuite-client-1.0.4-SNAPSHOT.jar:na]
	at org.evosuite.testcase.TestFitnessFunction.getFitness(TestFitnessFunction.java:34) [evosuite-client-1.0.4-SNAPSHOT.jar:na]
	at org.evosuite.ga.metaheuristics.art.AdaptiveRandomSearch.calculateFitness(AdaptiveRandomSearch.java:312) [evosuite-client-1.0.4-SNAPSHOT.jar:na]
	at org.evosuite.ga.metaheuristics.art.AdaptiveRandomSearch.evolve(AdaptiveRandomSearch.java:139) [evosuite-client-1.0.4-SNAPSHOT.jar:na]
	at org.evosuite.ga.metaheuristics.art.AdaptiveRandomSearch.generateSolution(AdaptiveRandomSearch.java:270) [evosuite-client-1.0.4-SNAPSHOT.jar:na]
	at org.evosuite.strategy.AdaptiveRandomTestStrategy.generateTests(AdaptiveRandomTestStrategy.java:118) [evosuite-client-1.0.4-SNAPSHOT.jar:na]
	at org.evosuite.TestSuiteGenerator.generateTests(TestSuiteGenerator.java:654) [evosuite-client-1.0.4-SNAPSHOT.jar:na]
	at org.evosuite.TestSuiteGenerator.generateTestSuite(TestSuiteGenerator.java:213) [evosuite-client-1.0.4-SNAPSHOT.jar:na]
	at org.evosuite.rmi.service.ClientNodeImpl$1.run(ClientNodeImpl.java:145) [evosuite-client-1.0.4-SNAPSHOT.jar:na]
	at java.util.concurrent.Executors$RunnableAdapter.call(Executors.java:511) [na:1.8.0_265]
	at java.util.concurrent.FutureTask.run(FutureTask.java:266) [na:1.8.0_265]
	at java.util.concurrent.ThreadPoolExecutor.runWorker(ThreadPoolExecutor.java:1149) [na:1.8.0_265]
	at java.util.concurrent.ThreadPoolExecutor$Worker.run(ThreadPoolExecutor.java:624) [na:1.8.0_265]
	at java.lang.Thread.run(Thread.java:748) [na:1.8.0_265]
Aug 14, 2020 8:07:54 AM org.openqa.selenium.remote.ProtocolHandshake createSession
[MASTER] 16:07:54.814 [Thread-3] ERROR ExternalProcessHandler - Aug 14, 2020 8:07:54 AM org.openqa.selenium.remote.ProtocolHandshake createSession

INFO: Detected dialect: OSS
[MASTER] 16:07:54.815 [Thread-3] ERROR ExternalProcessHandler - INFO: Detected dialect: OSS

Aug 14, 2020 8:07:55 AM org.openqa.selenium.remote.ProtocolHandshake createSession
[MASTER] 16:07:55.935 [Thread-3] ERROR ExternalProcessHandler - Aug 14, 2020 8:07:55 AM org.openqa.selenium.remote.ProtocolHandshake createSession

INFO: Detected dialect: OSS
[MASTER] 16:07:55.935 [Thread-3] ERROR ExternalProcessHandler - INFO: Detected dialect: OSS

Aug 14, 2020 8:07:59 AM org.openqa.selenium.remote.ProtocolHandshake createSession
[MASTER] 16:07:59.279 [Thread-3] ERROR ExternalProcessHandler - Aug 14, 2020 8:07:59 AM org.openqa.selenium.remote.ProtocolHandshake createSession

INFO: Detected dialect: OSS
[MASTER] 16:07:59.280 [Thread-3] ERROR ExternalProcessHandler - INFO: Detected dialect: OSS

Aug 14, 2020 8:08:08 AM org.openqa.selenium.remote.ProtocolHandshake createSession
[MASTER] 16:08:08.870 [Thread-3] ERROR ExternalProcessHandler - Aug 14, 2020 8:08:08 AM org.openqa.selenium.remote.ProtocolHandshake createSession

INFO: Detected dialect: OSS
[MASTER] 16:08:08.870 [Thread-3] ERROR ExternalProcessHandler - INFO: Detected dialect: OSS

Aug 14, 2020 8:08:24 AM org.openqa.selenium.remote.ProtocolHandshake createSession
[MASTER] 16:08:24.533 [Thread-3] ERROR ExternalProcessHandler - Aug 14, 2020 8:08:24 AM org.openqa.selenium.remote.ProtocolHandshake createSession

INFO: Detected dialect: OSS
[MASTER] 16:08:24.533 [Thread-3] ERROR ExternalProcessHandler - INFO: Detected dialect: OSS

[MASTER] 16:08:46.393 [logback-2] ERROR TestCaseExecutor - TG: Exception caught: 
java.lang.IllegalStateException: Test generation failed: page object bug.
	at org.evosuite.testcase.execution.TestCaseExecutor.runTest(TestCaseExecutor.java:322) ~[evosuite-client-1.0.4-SNAPSHOT.jar:na]
	at org.evosuite.testcase.TestFitnessFunction.runTest(TestFitnessFunction.java:91) [evosuite-client-1.0.4-SNAPSHOT.jar:na]
	at org.evosuite.testcase.TestFitnessFunction.getFitness(TestFitnessFunction.java:60) [evosuite-client-1.0.4-SNAPSHOT.jar:na]
	at org.evosuite.testcase.TestFitnessFunction.getFitness(TestFitnessFunction.java:34) [evosuite-client-1.0.4-SNAPSHOT.jar:na]
	at org.evosuite.ga.metaheuristics.art.AdaptiveRandomSearch.calculateFitness(AdaptiveRandomSearch.java:312) [evosuite-client-1.0.4-SNAPSHOT.jar:na]
	at org.evosuite.ga.metaheuristics.art.AdaptiveRandomSearch.evolve(AdaptiveRandomSearch.java:139) [evosuite-client-1.0.4-SNAPSHOT.jar:na]
	at org.evosuite.ga.metaheuristics.art.AdaptiveRandomSearch.generateSolution(AdaptiveRandomSearch.java:270) [evosuite-client-1.0.4-SNAPSHOT.jar:na]
	at org.evosuite.strategy.AdaptiveRandomTestStrategy.generateTests(AdaptiveRandomTestStrategy.java:118) [evosuite-client-1.0.4-SNAPSHOT.jar:na]
	at org.evosuite.TestSuiteGenerator.generateTests(TestSuiteGenerator.java:654) [evosuite-client-1.0.4-SNAPSHOT.jar:na]
	at org.evosuite.TestSuiteGenerator.generateTestSuite(TestSuiteGenerator.java:213) [evosuite-client-1.0.4-SNAPSHOT.jar:na]
	at org.evosuite.rmi.service.ClientNodeImpl$1.run(ClientNodeImpl.java:145) [evosuite-client-1.0.4-SNAPSHOT.jar:na]
	at java.util.concurrent.Executors$RunnableAdapter.call(Executors.java:511) [na:1.8.0_265]
	at java.util.concurrent.FutureTask.run(FutureTask.java:266) [na:1.8.0_265]
	at java.util.concurrent.ThreadPoolExecutor.runWorker(ThreadPoolExecutor.java:1149) [na:1.8.0_265]
	at java.util.concurrent.ThreadPoolExecutor$Worker.run(ThreadPoolExecutor.java:624) [na:1.8.0_265]
	at java.lang.Thread.run(Thread.java:748) [na:1.8.0_265]
Aug 14, 2020 8:08:46 AM org.openqa.selenium.remote.ProtocolHandshake createSession
[MASTER] 16:08:46.582 [Thread-3] ERROR ExternalProcessHandler - Aug 14, 2020 8:08:46 AM org.openqa.selenium.remote.ProtocolHandshake createSession

INFO: Detected dialect: OSS
[MASTER] 16:08:46.582 [Thread-3] ERROR ExternalProcessHandler - INFO: Detected dialect: OSS

Aug 14, 2020 8:08:51 AM org.openqa.selenium.remote.ProtocolHandshake createSession
[MASTER] 16:08:51.905 [Thread-3] ERROR ExternalProcessHandler - Aug 14, 2020 8:08:51 AM org.openqa.selenium.remote.ProtocolHandshake createSession

INFO: Detected dialect: OSS
[MASTER] 16:08:51.905 [Thread-3] ERROR ExternalProcessHandler - INFO: Detected dialect: OSS

Aug 14, 2020 8:09:03 AM org.openqa.selenium.remote.ProtocolHandshake createSession
[MASTER] 16:09:03.742 [Thread-3] ERROR ExternalProcessHandler - Aug 14, 2020 8:09:03 AM org.openqa.selenium.remote.ProtocolHandshake createSession

INFO: Detected dialect: OSS
[MASTER] 16:09:03.742 [Thread-3] ERROR ExternalProcessHandler - INFO: Detected dialect: OSS

Aug 14, 2020 8:09:21 AM org.openqa.selenium.remote.ProtocolHandshake createSession
[MASTER] 16:09:21.905 [Thread-3] ERROR ExternalProcessHandler - Aug 14, 2020 8:09:21 AM org.openqa.selenium.remote.ProtocolHandshake createSession

INFO: Detected dialect: OSS
[MASTER] 16:09:21.906 [Thread-3] ERROR ExternalProcessHandler - INFO: Detected dialect: OSS

[MASTER] 16:09:46.265 [logback-2] ERROR TestCaseExecutor - TG: Exception caught: 
java.lang.IllegalStateException: Test generation failed: page object bug.
	at org.evosuite.testcase.execution.TestCaseExecutor.runTest(TestCaseExecutor.java:322) ~[evosuite-client-1.0.4-SNAPSHOT.jar:na]
	at org.evosuite.testcase.TestFitnessFunction.runTest(TestFitnessFunction.java:91) [evosuite-client-1.0.4-SNAPSHOT.jar:na]
	at org.evosuite.testcase.TestFitnessFunction.isCovered(TestFitnessFunction.java:166) [evosuite-client-1.0.4-SNAPSHOT.jar:na]
	at org.evosuite.testsuite.TestSuiteMinimizer.minimizeTests(TestSuiteMinimizer.java:287) [evosuite-client-1.0.4-SNAPSHOT.jar:na]
	at org.evosuite.testsuite.TestSuiteMinimizer.minimize(TestSuiteMinimizer.java:111) [evosuite-client-1.0.4-SNAPSHOT.jar:na]
	at org.evosuite.TestSuiteGenerator.postProcessTests(TestSuiteGenerator.java:422) [evosuite-client-1.0.4-SNAPSHOT.jar:na]
	at org.evosuite.TestSuiteGenerator.generateTestSuite(TestSuiteGenerator.java:215) [evosuite-client-1.0.4-SNAPSHOT.jar:na]
	at org.evosuite.rmi.service.ClientNodeImpl$1.run(ClientNodeImpl.java:145) [evosuite-client-1.0.4-SNAPSHOT.jar:na]
	at java.util.concurrent.Executors$RunnableAdapter.call(Executors.java:511) [na:1.8.0_265]
	at java.util.concurrent.FutureTask.run(FutureTask.java:266) [na:1.8.0_265]
	at java.util.concurrent.ThreadPoolExecutor.runWorker(ThreadPoolExecutor.java:1149) [na:1.8.0_265]
	at java.util.concurrent.ThreadPoolExecutor$Worker.run(ThreadPoolExecutor.java:624) [na:1.8.0_265]
	at java.lang.Thread.run(Thread.java:748) [na:1.8.0_265]
Aug 14, 2020 8:09:46 AM org.openqa.selenium.remote.ProtocolHandshake createSession
[MASTER] 16:09:46.450 [Thread-3] ERROR ExternalProcessHandler - Aug 14, 2020 8:09:46 AM org.openqa.selenium.remote.ProtocolHandshake createSession

INFO: Detected dialect: OSS
[MASTER] 16:09:46.450 [Thread-3] ERROR ExternalProcessHandler - INFO: Detected dialect: OSS

Aug 14, 2020 8:09:48 AM po_utils.PageObjectLogging logInfo
[MASTER] 16:09:48.362 [Thread-3] ERROR ExternalProcessHandler - Aug 14, 2020 8:09:48 AM po_utils.PageObjectLogging logInfo

INFO: waitForElementBeingPresentOnPage timeout exception: unable to locate the element By.xpath: //button[text()="Create a new session"]
[MASTER] 16:09:48.363 [Thread-3] ERROR ExternalProcessHandler - INFO: waitForElementBeingPresentOnPage timeout exception: unable to locate the element By.xpath: //button[text()="Create a new session"]


[MASTER] 16:09:48.363 [Thread-3] ERROR ExternalProcessHandler - 


[MASTER] 16:09:48.363 [Thread-3] ERROR ExternalProcessHandler - 

Aug 14, 2020 8:09:49 AM org.openqa.selenium.remote.ProtocolHandshake createSession
[MASTER] 16:09:49.970 [Thread-3] ERROR ExternalProcessHandler - Aug 14, 2020 8:09:49 AM org.openqa.selenium.remote.ProtocolHandshake createSession

INFO: Detected dialect: OSS
[MASTER] 16:09:49.970 [Thread-3] ERROR ExternalProcessHandler - INFO: Detected dialect: OSS

Aug 14, 2020 8:09:54 AM org.openqa.selenium.remote.ProtocolHandshake createSession
[MASTER] 16:09:54.071 [Thread-3] ERROR ExternalProcessHandler - Aug 14, 2020 8:09:54 AM org.openqa.selenium.remote.ProtocolHandshake createSession

INFO: Detected dialect: OSS
[MASTER] 16:09:54.071 [Thread-3] ERROR ExternalProcessHandler - INFO: Detected dialect: OSS

Aug 14, 2020 8:10:04 AM org.openqa.selenium.remote.ProtocolHandshake createSession
[MASTER] 16:10:04.194 [Thread-3] ERROR ExternalProcessHandler - Aug 14, 2020 8:10:04 AM org.openqa.selenium.remote.ProtocolHandshake createSession

INFO: Detected dialect: OSS
[MASTER] 16:10:04.194 [Thread-3] ERROR ExternalProcessHandler - INFO: Detected dialect: OSS

Aug 14, 2020 8:10:20 AM org.openqa.selenium.remote.ProtocolHandshake createSession
[MASTER] 16:10:20.162 [Thread-3] ERROR ExternalProcessHandler - Aug 14, 2020 8:10:20 AM org.openqa.selenium.remote.ProtocolHandshake createSession

INFO: Detected dialect: OSS
[MASTER] 16:10:20.162 [Thread-3] ERROR ExternalProcessHandler - INFO: Detected dialect: OSS

[MASTER] 16:10:41.912 [logback-2] ERROR TestCaseExecutor - TG: Exception caught: 
java.lang.IllegalStateException: Test generation failed: page object bug.
	at org.evosuite.testcase.execution.TestCaseExecutor.runTest(TestCaseExecutor.java:322) ~[evosuite-client-1.0.4-SNAPSHOT.jar:na]
	at org.evosuite.testcase.TestFitnessFunction.runTest(TestFitnessFunction.java:91) [evosuite-client-1.0.4-SNAPSHOT.jar:na]
	at org.evosuite.testcase.TestFitnessFunction.isCovered(TestFitnessFunction.java:166) [evosuite-client-1.0.4-SNAPSHOT.jar:na]
	at org.evosuite.testsuite.TestSuiteMinimizer.minimizeTests(TestSuiteMinimizer.java:287) [evosuite-client-1.0.4-SNAPSHOT.jar:na]
	at org.evosuite.testsuite.TestSuiteMinimizer.minimize(TestSuiteMinimizer.java:111) [evosuite-client-1.0.4-SNAPSHOT.jar:na]
	at org.evosuite.TestSuiteGenerator.postProcessTests(TestSuiteGenerator.java:422) [evosuite-client-1.0.4-SNAPSHOT.jar:na]
	at org.evosuite.TestSuiteGenerator.generateTestSuite(TestSuiteGenerator.java:215) [evosuite-client-1.0.4-SNAPSHOT.jar:na]
	at org.evosuite.rmi.service.ClientNodeImpl$1.run(ClientNodeImpl.java:145) [evosuite-client-1.0.4-SNAPSHOT.jar:na]
	at java.util.concurrent.Executors$RunnableAdapter.call(Executors.java:511) [na:1.8.0_265]
	at java.util.concurrent.FutureTask.run(FutureTask.java:266) [na:1.8.0_265]
	at java.util.concurrent.ThreadPoolExecutor.runWorker(ThreadPoolExecutor.java:1149) [na:1.8.0_265]
	at java.util.concurrent.ThreadPoolExecutor$Worker.run(ThreadPoolExecutor.java:624) [na:1.8.0_265]
	at java.lang.Thread.run(Thread.java:748) [na:1.8.0_265]
Aug 14, 2020 8:10:42 AM org.openqa.selenium.remote.ProtocolHandshake createSession
[MASTER] 16:10:42.100 [Thread-3] ERROR ExternalProcessHandler - Aug 14, 2020 8:10:42 AM org.openqa.selenium.remote.ProtocolHandshake createSession

INFO: Detected dialect: OSS
[MASTER] 16:10:42.100 [Thread-3] ERROR ExternalProcessHandler - INFO: Detected dialect: OSS

Aug 14, 2020 8:10:44 AM po_utils.PageObjectLogging logInfo
[MASTER] 16:10:44.606 [Thread-3] ERROR ExternalProcessHandler - Aug 14, 2020 8:10:44 AM po_utils.PageObjectLogging logInfo

INFO: waitForElementBeingPresentOnPage timeout exception: unable to locate the element By.xpath: //button[text()="Create a new session"]
[MASTER] 16:10:44.607 [Thread-3] ERROR ExternalProcessHandler - INFO: waitForElementBeingPresentOnPage timeout exception: unable to locate the element By.xpath: //button[text()="Create a new session"]


[MASTER] 16:10:44.607 [Thread-3] ERROR ExternalProcessHandler - 


[MASTER] 16:10:44.607 [Thread-3] ERROR ExternalProcessHandler - 

Aug 14, 2020 8:10:45 AM org.openqa.selenium.remote.ProtocolHandshake createSession
[MASTER] 16:10:45.922 [Thread-3] ERROR ExternalProcessHandler - Aug 14, 2020 8:10:45 AM org.openqa.selenium.remote.ProtocolHandshake createSession

INFO: Detected dialect: OSS
[MASTER] 16:10:45.922 [Thread-3] ERROR ExternalProcessHandler - INFO: Detected dialect: OSS

Aug 14, 2020 8:10:52 AM po_utils.PageObjectLogging logInfo
[MASTER] 16:10:52.600 [Thread-3] ERROR ExternalProcessHandler - Aug 14, 2020 8:10:52 AM po_utils.PageObjectLogging logInfo

INFO: waitForElementBeingPresentOnPage timeout exception: unable to locate the element By.xpath: //button[text()="Create a new session"]
[MASTER] 16:10:52.600 [Thread-3] ERROR ExternalProcessHandler - INFO: waitForElementBeingPresentOnPage timeout exception: unable to locate the element By.xpath: //button[text()="Create a new session"]


[MASTER] 16:10:52.600 [Thread-3] ERROR ExternalProcessHandler - 


[MASTER] 16:10:52.600 [Thread-3] ERROR ExternalProcessHandler - 

Aug 14, 2020 8:10:56 AM org.openqa.selenium.remote.ProtocolHandshake createSession
[MASTER] 16:10:56.046 [Thread-3] ERROR ExternalProcessHandler - Aug 14, 2020 8:10:56 AM org.openqa.selenium.remote.ProtocolHandshake createSession

INFO: Detected dialect: OSS
[MASTER] 16:10:56.046 [Thread-3] ERROR ExternalProcessHandler - INFO: Detected dialect: OSS

Aug 14, 2020 8:11:06 AM po_utils.PageObjectLogging logInfo
[MASTER] 16:11:06.845 [Thread-3] ERROR ExternalProcessHandler - Aug 14, 2020 8:11:06 AM po_utils.PageObjectLogging logInfo

INFO: waitForElementBeingPresentOnPage timeout exception: unable to locate the element By.xpath: //button[text()="Create a new session"]
[MASTER] 16:11:06.845 [Thread-3] ERROR ExternalProcessHandler - INFO: waitForElementBeingPresentOnPage timeout exception: unable to locate the element By.xpath: //button[text()="Create a new session"]


[MASTER] 16:11:06.845 [Thread-3] ERROR ExternalProcessHandler - 


[MASTER] 16:11:06.845 [Thread-3] ERROR ExternalProcessHandler - 

Aug 14, 2020 8:11:12 AM org.openqa.selenium.remote.ProtocolHandshake createSession
[MASTER] 16:11:12.406 [Thread-3] ERROR ExternalProcessHandler - Aug 14, 2020 8:11:12 AM org.openqa.selenium.remote.ProtocolHandshake createSession

INFO: Detected dialect: OSS
[MASTER] 16:11:12.406 [Thread-3] ERROR ExternalProcessHandler - INFO: Detected dialect: OSS

Aug 14, 2020 8:11:27 AM po_utils.PageObjectLogging logInfo
[MASTER] 16:11:27.123 [Thread-3] ERROR ExternalProcessHandler - Aug 14, 2020 8:11:27 AM po_utils.PageObjectLogging logInfo

INFO: waitForElementBeingPresentOnPage timeout exception: unable to locate the element By.xpath: //button[text()="Create a new session"]
[MASTER] 16:11:27.123 [Thread-3] ERROR ExternalProcessHandler - INFO: waitForElementBeingPresentOnPage timeout exception: unable to locate the element By.xpath: //button[text()="Create a new session"]


[MASTER] 16:11:27.123 [Thread-3] ERROR ExternalProcessHandler - 


[MASTER] 16:11:27.123 [Thread-3] ERROR ExternalProcessHandler - 

[MASTER] 16:11:34.623 [logback-2] ERROR TestCaseExecutor - TG: Exception caught: 
java.lang.IllegalStateException: Test generation failed: page object bug.
	at org.evosuite.testcase.execution.TestCaseExecutor.runTest(TestCaseExecutor.java:322) ~[evosuite-client-1.0.4-SNAPSHOT.jar:na]
	at org.evosuite.testcase.TestFitnessFunction.runTest(TestFitnessFunction.java:91) [evosuite-client-1.0.4-SNAPSHOT.jar:na]
	at org.evosuite.testcase.TestFitnessFunction.isCovered(TestFitnessFunction.java:166) [evosuite-client-1.0.4-SNAPSHOT.jar:na]
	at org.evosuite.testsuite.TestSuiteMinimizer.minimizeTests(TestSuiteMinimizer.java:287) [evosuite-client-1.0.4-SNAPSHOT.jar:na]
	at org.evosuite.testsuite.TestSuiteMinimizer.minimize(TestSuiteMinimizer.java:111) [evosuite-client-1.0.4-SNAPSHOT.jar:na]
	at org.evosuite.TestSuiteGenerator.postProcessTests(TestSuiteGenerator.java:422) [evosuite-client-1.0.4-SNAPSHOT.jar:na]
	at org.evosuite.TestSuiteGenerator.generateTestSuite(TestSuiteGenerator.java:215) [evosuite-client-1.0.4-SNAPSHOT.jar:na]
	at org.evosuite.rmi.service.ClientNodeImpl$1.run(ClientNodeImpl.java:145) [evosuite-client-1.0.4-SNAPSHOT.jar:na]
	at java.util.concurrent.Executors$RunnableAdapter.call(Executors.java:511) [na:1.8.0_265]
	at java.util.concurrent.FutureTask.run(FutureTask.java:266) [na:1.8.0_265]
	at java.util.concurrent.ThreadPoolExecutor.runWorker(ThreadPoolExecutor.java:1149) [na:1.8.0_265]
	at java.util.concurrent.ThreadPoolExecutor$Worker.run(ThreadPoolExecutor.java:624) [na:1.8.0_265]
	at java.lang.Thread.run(Thread.java:748) [na:1.8.0_265]
Aug 14, 2020 8:11:34 AM org.openqa.selenium.remote.ProtocolHandshake createSession
[MASTER] 16:11:34.809 [Thread-3] ERROR ExternalProcessHandler - Aug 14, 2020 8:11:34 AM org.openqa.selenium.remote.ProtocolHandshake createSession

INFO: Detected dialect: OSS
[MASTER] 16:11:34.810 [Thread-3] ERROR ExternalProcessHandler - INFO: Detected dialect: OSS

Aug 14, 2020 8:11:38 AM po_utils.PageObjectLogging logInfo
[MASTER] 16:11:38.314 [Thread-3] ERROR ExternalProcessHandler - Aug 14, 2020 8:11:38 AM po_utils.PageObjectLogging logInfo

INFO: waitForElementBeingPresentOnPage timeout exception: unable to locate the element By.xpath: //button[text()="Create a new session"]
[MASTER] 16:11:38.315 [Thread-3] ERROR ExternalProcessHandler - INFO: waitForElementBeingPresentOnPage timeout exception: unable to locate the element By.xpath: //button[text()="Create a new session"]


[MASTER] 16:11:38.315 [Thread-3] ERROR ExternalProcessHandler - 


[MASTER] 16:11:38.315 [Thread-3] ERROR ExternalProcessHandler - 

Aug 14, 2020 8:11:38 AM org.openqa.selenium.remote.ProtocolHandshake createSession
[MASTER] 16:11:38.622 [Thread-3] ERROR ExternalProcessHandler - Aug 14, 2020 8:11:38 AM org.openqa.selenium.remote.ProtocolHandshake createSession

INFO: Detected dialect: OSS
[MASTER] 16:11:38.622 [Thread-3] ERROR ExternalProcessHandler - INFO: Detected dialect: OSS

Aug 14, 2020 8:11:39 AM org.openqa.selenium.remote.ProtocolHandshake createSession
[MASTER] 16:11:39.567 [Thread-3] ERROR ExternalProcessHandler - Aug 14, 2020 8:11:39 AM org.openqa.selenium.remote.ProtocolHandshake createSession

INFO: Detected dialect: OSS
[MASTER] 16:11:39.567 [Thread-3] ERROR ExternalProcessHandler - INFO: Detected dialect: OSS

Aug 14, 2020 8:11:42 AM po_utils.PageObjectLogging logInfo
[MASTER] 16:11:42.328 [Thread-3] ERROR ExternalProcessHandler - Aug 14, 2020 8:11:42 AM po_utils.PageObjectLogging logInfo

INFO: waitForElementBeingPresentOnPage timeout exception: unable to locate the element By.xpath: //button[text()="Create a new session"]
[MASTER] 16:11:42.329 [Thread-3] ERROR ExternalProcessHandler - INFO: waitForElementBeingPresentOnPage timeout exception: unable to locate the element By.xpath: //button[text()="Create a new session"]


[MASTER] 16:11:42.329 [Thread-3] ERROR ExternalProcessHandler - 


[MASTER] 16:11:42.329 [Thread-3] ERROR ExternalProcessHandler - 

Aug 14, 2020 8:11:45 AM org.openqa.selenium.remote.ProtocolHandshake createSession
[MASTER] 16:11:45.562 [Thread-3] ERROR ExternalProcessHandler - Aug 14, 2020 8:11:45 AM org.openqa.selenium.remote.ProtocolHandshake createSession

INFO: Detected dialect: OSS
[MASTER] 16:11:45.562 [Thread-3] ERROR ExternalProcessHandler - INFO: Detected dialect: OSS

Aug 14, 2020 8:11:51 AM po_utils.PageObjectLogging logInfo
[MASTER] 16:11:51.346 [Thread-3] ERROR ExternalProcessHandler - Aug 14, 2020 8:11:51 AM po_utils.PageObjectLogging logInfo

INFO: waitForElementBeingPresentOnPage timeout exception: unable to locate the element By.xpath: //button[text()="Create a new session"]
[MASTER] 16:11:51.347 [Thread-3] ERROR ExternalProcessHandler - INFO: waitForElementBeingPresentOnPage timeout exception: unable to locate the element By.xpath: //button[text()="Create a new session"]


[MASTER] 16:11:51.347 [Thread-3] ERROR ExternalProcessHandler - 


[MASTER] 16:11:51.347 [Thread-3] ERROR ExternalProcessHandler - 

Aug 14, 2020 8:11:58 AM org.openqa.selenium.remote.ProtocolHandshake createSession
[MASTER] 16:11:58.117 [Thread-3] ERROR ExternalProcessHandler - Aug 14, 2020 8:11:58 AM org.openqa.selenium.remote.ProtocolHandshake createSession

INFO: Detected dialect: OSS
[MASTER] 16:11:58.118 [Thread-3] ERROR ExternalProcessHandler - INFO: Detected dialect: OSS

Aug 14, 2020 8:12:06 AM po_utils.PageObjectLogging logInfo
[MASTER] 16:12:06.946 [Thread-3] ERROR ExternalProcessHandler - Aug 14, 2020 8:12:06 AM po_utils.PageObjectLogging logInfo

INFO: waitForElementBeingPresentOnPage timeout exception: unable to locate the element By.xpath: //button[text()="Create a new session"]
[MASTER] 16:12:06.947 [Thread-3] ERROR ExternalProcessHandler - INFO: waitForElementBeingPresentOnPage timeout exception: unable to locate the element By.xpath: //button[text()="Create a new session"]


[MASTER] 16:12:06.947 [Thread-3] ERROR ExternalProcessHandler - 


[MASTER] 16:12:06.947 [Thread-3] ERROR ExternalProcessHandler - 

Aug 14, 2020 8:12:17 AM org.openqa.selenium.remote.ProtocolHandshake createSession
[MASTER] 16:12:17.052 [Thread-3] ERROR ExternalProcessHandler - Aug 14, 2020 8:12:17 AM org.openqa.selenium.remote.ProtocolHandshake createSession

INFO: Detected dialect: OSS
[MASTER] 16:12:17.053 [Thread-3] ERROR ExternalProcessHandler - INFO: Detected dialect: OSS

Aug 14, 2020 8:12:28 AM po_utils.PageObjectLogging logInfo
[MASTER] 16:12:28.925 [Thread-3] ERROR ExternalProcessHandler - Aug 14, 2020 8:12:28 AM po_utils.PageObjectLogging logInfo

INFO: waitForElementBeingPresentOnPage timeout exception: unable to locate the element By.xpath: //button[text()="Create a new session"]
[MASTER] 16:12:28.925 [Thread-3] ERROR ExternalProcessHandler - INFO: waitForElementBeingPresentOnPage timeout exception: unable to locate the element By.xpath: //button[text()="Create a new session"]


[MASTER] 16:12:28.925 [Thread-3] ERROR ExternalProcessHandler - 


[MASTER] 16:12:28.925 [Thread-3] ERROR ExternalProcessHandler - 

[MASTER] 16:12:42.504 [logback-2] ERROR TestCaseExecutor - TG: Exception caught: 
java.lang.IllegalStateException: Test generation failed: page object bug.
	at org.evosuite.testcase.execution.TestCaseExecutor.runTest(TestCaseExecutor.java:322) ~[evosuite-client-1.0.4-SNAPSHOT.jar:na]
	at org.evosuite.testcase.TestFitnessFunction.runTest(TestFitnessFunction.java:91) [evosuite-client-1.0.4-SNAPSHOT.jar:na]
	at org.evosuite.testcase.TestFitnessFunction.isCovered(TestFitnessFunction.java:166) [evosuite-client-1.0.4-SNAPSHOT.jar:na]
	at org.evosuite.testsuite.TestSuiteMinimizer.minimizeTests(TestSuiteMinimizer.java:287) [evosuite-client-1.0.4-SNAPSHOT.jar:na]
	at org.evosuite.testsuite.TestSuiteMinimizer.minimize(TestSuiteMinimizer.java:111) [evosuite-client-1.0.4-SNAPSHOT.jar:na]
	at org.evosuite.TestSuiteGenerator.postProcessTests(TestSuiteGenerator.java:422) [evosuite-client-1.0.4-SNAPSHOT.jar:na]
	at org.evosuite.TestSuiteGenerator.generateTestSuite(TestSuiteGenerator.java:215) [evosuite-client-1.0.4-SNAPSHOT.jar:na]
	at org.evosuite.rmi.service.ClientNodeImpl$1.run(ClientNodeImpl.java:145) [evosuite-client-1.0.4-SNAPSHOT.jar:na]
	at java.util.concurrent.Executors$RunnableAdapter.call(Executors.java:511) [na:1.8.0_265]
	at java.util.concurrent.FutureTask.run(FutureTask.java:266) [na:1.8.0_265]
	at java.util.concurrent.ThreadPoolExecutor.runWorker(ThreadPoolExecutor.java:1149) [na:1.8.0_265]
	at java.util.concurrent.ThreadPoolExecutor$Worker.run(ThreadPoolExecutor.java:624) [na:1.8.0_265]
	at java.lang.Thread.run(Thread.java:748) [na:1.8.0_265]
Aug 14, 2020 8:12:42 AM org.openqa.selenium.remote.ProtocolHandshake createSession
[MASTER] 16:12:42.683 [Thread-3] ERROR ExternalProcessHandler - Aug 14, 2020 8:12:42 AM org.openqa.selenium.remote.ProtocolHandshake createSession

INFO: Detected dialect: OSS
[MASTER] 16:12:42.683 [Thread-3] ERROR ExternalProcessHandler - INFO: Detected dialect: OSS

Aug 14, 2020 8:12:46 AM org.openqa.selenium.remote.ProtocolHandshake createSession
[MASTER] 16:12:46.515 [Thread-3] ERROR ExternalProcessHandler - Aug 14, 2020 8:12:46 AM org.openqa.selenium.remote.ProtocolHandshake createSession

INFO: Detected dialect: OSS
[MASTER] 16:12:46.515 [Thread-3] ERROR ExternalProcessHandler - INFO: Detected dialect: OSS

Aug 14, 2020 8:12:48 AM org.openqa.selenium.remote.ProtocolHandshake createSession
[MASTER] 16:12:48.734 [Thread-3] ERROR ExternalProcessHandler - Aug 14, 2020 8:12:48 AM org.openqa.selenium.remote.ProtocolHandshake createSession

INFO: Detected dialect: OSS
[MASTER] 16:12:48.734 [Thread-3] ERROR ExternalProcessHandler - INFO: Detected dialect: OSS

Aug 14, 2020 8:12:49 AM po_utils.PageObjectLogging logInfo
[MASTER] 16:12:49.901 [Thread-3] ERROR ExternalProcessHandler - Aug 14, 2020 8:12:49 AM po_utils.PageObjectLogging logInfo

INFO: waitForElementBeingPresentOnPage timeout exception: unable to locate the element By.xpath: //button[text()="Create a new session"]
[MASTER] 16:12:49.902 [Thread-3] ERROR ExternalProcessHandler - INFO: waitForElementBeingPresentOnPage timeout exception: unable to locate the element By.xpath: //button[text()="Create a new session"]


[MASTER] 16:12:49.902 [Thread-3] ERROR ExternalProcessHandler - 


[MASTER] 16:12:49.902 [Thread-3] ERROR ExternalProcessHandler - 

Aug 14, 2020 8:12:51 AM po_utils.PageObjectLogging logInfo
[MASTER] 16:12:51.992 [Thread-3] ERROR ExternalProcessHandler - Aug 14, 2020 8:12:51 AM po_utils.PageObjectLogging logInfo

INFO: waitForElementBeingPresentOnPage timeout exception: unable to locate the element By.xpath: //button[text()="Create a new session"]
[MASTER] 16:12:51.993 [Thread-3] ERROR ExternalProcessHandler - INFO: waitForElementBeingPresentOnPage timeout exception: unable to locate the element By.xpath: //button[text()="Create a new session"]


[MASTER] 16:12:51.993 [Thread-3] ERROR ExternalProcessHandler - 


[MASTER] 16:12:51.993 [Thread-3] ERROR ExternalProcessHandler - 

Aug 14, 2020 8:12:52 AM org.openqa.selenium.remote.ProtocolHandshake createSession
[MASTER] 16:12:52.690 [Thread-3] ERROR ExternalProcessHandler - Aug 14, 2020 8:12:52 AM org.openqa.selenium.remote.ProtocolHandshake createSession

INFO: Detected dialect: OSS
[MASTER] 16:12:52.690 [Thread-3] ERROR ExternalProcessHandler - INFO: Detected dialect: OSS

Aug 14, 2020 8:12:55 AM po_utils.PageObjectLogging logInfo
[MASTER] 16:12:55.654 [Thread-3] ERROR ExternalProcessHandler - Aug 14, 2020 8:12:55 AM po_utils.PageObjectLogging logInfo

INFO: waitForElementBeingPresentOnPage timeout exception: unable to locate the element By.xpath: //button[text()="Create a new session"]
[MASTER] 16:12:55.655 [Thread-3] ERROR ExternalProcessHandler - INFO: waitForElementBeingPresentOnPage timeout exception: unable to locate the element By.xpath: //button[text()="Create a new session"]


[MASTER] 16:12:55.655 [Thread-3] ERROR ExternalProcessHandler - 


[MASTER] 16:12:55.655 [Thread-3] ERROR ExternalProcessHandler - 

Aug 14, 2020 8:13:00 AM po_utils.PageObjectLogging logInfo
[MASTER] 16:13:00.207 [Thread-3] ERROR ExternalProcessHandler - Aug 14, 2020 8:13:00 AM po_utils.PageObjectLogging logInfo

INFO: waitForElementBeingPresentOnPage timeout exception: unable to locate the element By.xpath: //button[text()="Create a new session"]
[MASTER] 16:13:00.208 [Thread-3] ERROR ExternalProcessHandler - INFO: waitForElementBeingPresentOnPage timeout exception: unable to locate the element By.xpath: //button[text()="Create a new session"]


[MASTER] 16:13:00.208 [Thread-3] ERROR ExternalProcessHandler - 


[MASTER] 16:13:00.208 [Thread-3] ERROR ExternalProcessHandler - 

Aug 14, 2020 8:13:02 AM org.openqa.selenium.remote.ProtocolHandshake createSession
[MASTER] 16:13:02.314 [Thread-3] ERROR ExternalProcessHandler - Aug 14, 2020 8:13:02 AM org.openqa.selenium.remote.ProtocolHandshake createSession

INFO: Detected dialect: OSS
[MASTER] 16:13:02.314 [Thread-3] ERROR ExternalProcessHandler - INFO: Detected dialect: OSS

Aug 14, 2020 8:13:07 AM po_utils.PageObjectLogging logInfo
[MASTER] 16:13:07.083 [Thread-3] ERROR ExternalProcessHandler - Aug 14, 2020 8:13:07 AM po_utils.PageObjectLogging logInfo

INFO: waitForElementBeingPresentOnPage timeout exception: unable to locate the element By.xpath: //button[text()="Create a new session"]
[MASTER] 16:13:07.084 [Thread-3] ERROR ExternalProcessHandler - INFO: waitForElementBeingPresentOnPage timeout exception: unable to locate the element By.xpath: //button[text()="Create a new session"]


[MASTER] 16:13:07.084 [Thread-3] ERROR ExternalProcessHandler - 


[MASTER] 16:13:07.084 [Thread-3] ERROR ExternalProcessHandler - 

Aug 14, 2020 8:13:14 AM po_utils.PageObjectLogging logInfo
[MASTER] 16:13:14.051 [Thread-3] ERROR ExternalProcessHandler - Aug 14, 2020 8:13:14 AM po_utils.PageObjectLogging logInfo

INFO: waitForElementBeingPresentOnPage timeout exception: unable to locate the element By.xpath: //button[text()="Create a new session"]
[MASTER] 16:13:14.052 [Thread-3] ERROR ExternalProcessHandler - INFO: waitForElementBeingPresentOnPage timeout exception: unable to locate the element By.xpath: //button[text()="Create a new session"]


[MASTER] 16:13:14.052 [Thread-3] ERROR ExternalProcessHandler - 


[MASTER] 16:13:14.052 [Thread-3] ERROR ExternalProcessHandler - 

Aug 14, 2020 8:13:17 AM org.openqa.selenium.remote.ProtocolHandshake createSession
[MASTER] 16:13:17.443 [Thread-3] ERROR ExternalProcessHandler - Aug 14, 2020 8:13:17 AM org.openqa.selenium.remote.ProtocolHandshake createSession

INFO: Detected dialect: OSS
[MASTER] 16:13:17.443 [Thread-3] ERROR ExternalProcessHandler - INFO: Detected dialect: OSS

Aug 14, 2020 8:13:23 AM po_utils.PageObjectLogging logInfo
[MASTER] 16:13:23.990 [Thread-3] ERROR ExternalProcessHandler - Aug 14, 2020 8:13:23 AM po_utils.PageObjectLogging logInfo

INFO: waitForElementBeingPresentOnPage timeout exception: unable to locate the element By.xpath: //button[text()="Create a new session"]
[MASTER] 16:13:23.992 [Thread-3] ERROR ExternalProcessHandler - INFO: waitForElementBeingPresentOnPage timeout exception: unable to locate the element By.xpath: //button[text()="Create a new session"]


[MASTER] 16:13:23.992 [Thread-3] ERROR ExternalProcessHandler - 


[MASTER] 16:13:23.992 [Thread-3] ERROR ExternalProcessHandler - 

Aug 14, 2020 8:13:33 AM po_utils.PageObjectLogging logInfo
[MASTER] 16:13:33.369 [Thread-3] ERROR ExternalProcessHandler - Aug 14, 2020 8:13:33 AM po_utils.PageObjectLogging logInfo

INFO: waitForElementBeingPresentOnPage timeout exception: unable to locate the element By.xpath: //button[text()="Create a new session"]
[MASTER] 16:13:33.370 [Thread-3] ERROR ExternalProcessHandler - INFO: waitForElementBeingPresentOnPage timeout exception: unable to locate the element By.xpath: //button[text()="Create a new session"]


[MASTER] 16:13:33.370 [Thread-3] ERROR ExternalProcessHandler - 


[MASTER] 16:13:33.370 [Thread-3] ERROR ExternalProcessHandler - 

[MASTER] 16:13:38.035 [logback-2] ERROR TestCaseExecutor - TG: Exception caught: 
java.lang.IllegalStateException: Test generation failed: page object bug.
	at org.evosuite.testcase.execution.TestCaseExecutor.runTest(TestCaseExecutor.java:322) ~[evosuite-client-1.0.4-SNAPSHOT.jar:na]
	at org.evosuite.testcase.TestFitnessFunction.runTest(TestFitnessFunction.java:91) [evosuite-client-1.0.4-SNAPSHOT.jar:na]
	at org.evosuite.testcase.TestFitnessFunction.isCovered(TestFitnessFunction.java:166) [evosuite-client-1.0.4-SNAPSHOT.jar:na]
	at org.evosuite.testsuite.TestSuiteMinimizer.minimizeTests(TestSuiteMinimizer.java:287) [evosuite-client-1.0.4-SNAPSHOT.jar:na]
	at org.evosuite.testsuite.TestSuiteMinimizer.minimize(TestSuiteMinimizer.java:111) [evosuite-client-1.0.4-SNAPSHOT.jar:na]
	at org.evosuite.TestSuiteGenerator.postProcessTests(TestSuiteGenerator.java:422) [evosuite-client-1.0.4-SNAPSHOT.jar:na]
	at org.evosuite.TestSuiteGenerator.generateTestSuite(TestSuiteGenerator.java:215) [evosuite-client-1.0.4-SNAPSHOT.jar:na]
	at org.evosuite.rmi.service.ClientNodeImpl$1.run(ClientNodeImpl.java:145) [evosuite-client-1.0.4-SNAPSHOT.jar:na]
	at java.util.concurrent.Executors$RunnableAdapter.call(Executors.java:511) [na:1.8.0_265]
	at java.util.concurrent.FutureTask.run(FutureTask.java:266) [na:1.8.0_265]
	at java.util.concurrent.ThreadPoolExecutor.runWorker(ThreadPoolExecutor.java:1149) [na:1.8.0_265]
	at java.util.concurrent.ThreadPoolExecutor$Worker.run(ThreadPoolExecutor.java:624) [na:1.8.0_265]
	at java.lang.Thread.run(Thread.java:748) [na:1.8.0_265]
Aug 14, 2020 8:13:38 AM org.openqa.selenium.remote.ProtocolHandshake createSession
[MASTER] 16:13:38.226 [Thread-3] ERROR ExternalProcessHandler - Aug 14, 2020 8:13:38 AM org.openqa.selenium.remote.ProtocolHandshake createSession

INFO: Detected dialect: OSS
[MASTER] 16:13:38.226 [Thread-3] ERROR ExternalProcessHandler - INFO: Detected dialect: OSS

Aug 14, 2020 8:13:40 AM po_utils.PageObjectLogging logInfo
[MASTER] 16:13:40.420 [Thread-3] ERROR ExternalProcessHandler - Aug 14, 2020 8:13:40 AM po_utils.PageObjectLogging logInfo

INFO: waitForElementBeingPresentOnPage timeout exception: unable to locate the element By.xpath: //button[text()="Create a new session"]
[MASTER] 16:13:40.421 [Thread-3] ERROR ExternalProcessHandler - INFO: waitForElementBeingPresentOnPage timeout exception: unable to locate the element By.xpath: //button[text()="Create a new session"]


[MASTER] 16:13:40.421 [Thread-3] ERROR ExternalProcessHandler - 


[MASTER] 16:13:40.421 [Thread-3] ERROR ExternalProcessHandler - 

Aug 14, 2020 8:13:42 AM org.openqa.selenium.remote.ProtocolHandshake createSession
[MASTER] 16:13:42.855 [Thread-3] ERROR ExternalProcessHandler - Aug 14, 2020 8:13:42 AM org.openqa.selenium.remote.ProtocolHandshake createSession

INFO: Detected dialect: OSS
[MASTER] 16:13:42.856 [Thread-3] ERROR ExternalProcessHandler - INFO: Detected dialect: OSS

Aug 14, 2020 8:13:46 AM org.openqa.selenium.remote.ProtocolHandshake createSession
[MASTER] 16:13:46.670 [Thread-3] ERROR ExternalProcessHandler - Aug 14, 2020 8:13:46 AM org.openqa.selenium.remote.ProtocolHandshake createSession

INFO: Detected dialect: OSS
[MASTER] 16:13:46.670 [Thread-3] ERROR ExternalProcessHandler - INFO: Detected dialect: OSS

Aug 14, 2020 8:13:48 AM po_utils.PageObjectLogging logInfo
[MASTER] 16:13:48.533 [Thread-3] ERROR ExternalProcessHandler - Aug 14, 2020 8:13:48 AM po_utils.PageObjectLogging logInfo

INFO: waitForElementBeingPresentOnPage timeout exception: unable to locate the element By.xpath: //button[text()="Create a new session"]
[MASTER] 16:13:48.533 [Thread-3] ERROR ExternalProcessHandler - INFO: waitForElementBeingPresentOnPage timeout exception: unable to locate the element By.xpath: //button[text()="Create a new session"]


[MASTER] 16:13:48.533 [Thread-3] ERROR ExternalProcessHandler - 


[MASTER] 16:13:48.533 [Thread-3] ERROR ExternalProcessHandler - 

Aug 14, 2020 8:13:50 AM org.openqa.selenium.remote.ProtocolHandshake createSession
[MASTER] 16:13:50.042 [Thread-3] ERROR ExternalProcessHandler - Aug 14, 2020 8:13:50 AM org.openqa.selenium.remote.ProtocolHandshake createSession

INFO: Detected dialect: OSS
[MASTER] 16:13:50.042 [Thread-3] ERROR ExternalProcessHandler - INFO: Detected dialect: OSS

Aug 14, 2020 8:13:52 AM org.openqa.selenium.remote.ProtocolHandshake createSession
[MASTER] 16:13:52.743 [Thread-3] ERROR ExternalProcessHandler - Aug 14, 2020 8:13:52 AM org.openqa.selenium.remote.ProtocolHandshake createSession

INFO: Detected dialect: OSS
[MASTER] 16:13:52.743 [Thread-3] ERROR ExternalProcessHandler - INFO: Detected dialect: OSS

Aug 14, 2020 8:13:53 AM po_utils.PageObjectLogging logInfo
[MASTER] 16:13:53.957 [Thread-3] ERROR ExternalProcessHandler - Aug 14, 2020 8:13:53 AM po_utils.PageObjectLogging logInfo

INFO: waitForElementBeingPresentOnPage timeout exception: unable to locate the element By.xpath: //button[text()="Create a new session"]
[MASTER] 16:13:53.958 [Thread-3] ERROR ExternalProcessHandler - INFO: waitForElementBeingPresentOnPage timeout exception: unable to locate the element By.xpath: //button[text()="Create a new session"]


[MASTER] 16:13:53.958 [Thread-3] ERROR ExternalProcessHandler - 


[MASTER] 16:13:53.958 [Thread-3] ERROR ExternalProcessHandler - 

Aug 14, 2020 8:13:55 AM po_utils.PageObjectLogging logInfo
[MASTER] 16:13:55.590 [Thread-3] ERROR ExternalProcessHandler - Aug 14, 2020 8:13:55 AM po_utils.PageObjectLogging logInfo

INFO: waitForElementBeingPresentOnPage timeout exception: unable to locate the element By.xpath: //button[text()="Create a new session"]
[MASTER] 16:13:55.591 [Thread-3] ERROR ExternalProcessHandler - INFO: waitForElementBeingPresentOnPage timeout exception: unable to locate the element By.xpath: //button[text()="Create a new session"]


[MASTER] 16:13:55.591 [Thread-3] ERROR ExternalProcessHandler - 


[MASTER] 16:13:55.591 [Thread-3] ERROR ExternalProcessHandler - 

Aug 14, 2020 8:13:56 AM org.openqa.selenium.remote.ProtocolHandshake createSession
[MASTER] 16:13:56.048 [Thread-3] ERROR ExternalProcessHandler - Aug 14, 2020 8:13:56 AM org.openqa.selenium.remote.ProtocolHandshake createSession

INFO: Detected dialect: OSS
[MASTER] 16:13:56.048 [Thread-3] ERROR ExternalProcessHandler - INFO: Detected dialect: OSS

Aug 14, 2020 8:13:58 AM po_utils.PageObjectLogging logInfo
[MASTER] 16:13:58.422 [Thread-3] ERROR ExternalProcessHandler - Aug 14, 2020 8:13:58 AM po_utils.PageObjectLogging logInfo

INFO: waitForElementBeingPresentOnPage timeout exception: unable to locate the element By.xpath: //button[text()="Create a new session"]
[MASTER] 16:13:58.423 [Thread-3] ERROR ExternalProcessHandler - INFO: waitForElementBeingPresentOnPage timeout exception: unable to locate the element By.xpath: //button[text()="Create a new session"]


[MASTER] 16:13:58.423 [Thread-3] ERROR ExternalProcessHandler - 


[MASTER] 16:13:58.423 [Thread-3] ERROR ExternalProcessHandler - 

Aug 14, 2020 8:13:59 AM org.openqa.selenium.remote.ProtocolHandshake createSession
[MASTER] 16:13:59.362 [Thread-3] ERROR ExternalProcessHandler - Aug 14, 2020 8:13:59 AM org.openqa.selenium.remote.ProtocolHandshake createSession

INFO: Detected dialect: OSS
[MASTER] 16:13:59.362 [Thread-3] ERROR ExternalProcessHandler - INFO: Detected dialect: OSS

Aug 14, 2020 8:14:01 AM po_utils.PageObjectLogging logInfo
[MASTER] 16:14:01.842 [Thread-3] ERROR ExternalProcessHandler - Aug 14, 2020 8:14:01 AM po_utils.PageObjectLogging logInfo

INFO: waitForElementBeingPresentOnPage timeout exception: unable to locate the element By.xpath: //button[text()="Create a new session"]
[MASTER] 16:14:01.843 [Thread-3] ERROR ExternalProcessHandler - INFO: waitForElementBeingPresentOnPage timeout exception: unable to locate the element By.xpath: //button[text()="Create a new session"]


[MASTER] 16:14:01.843 [Thread-3] ERROR ExternalProcessHandler - 


[MASTER] 16:14:01.843 [Thread-3] ERROR ExternalProcessHandler - 

Aug 14, 2020 8:14:02 AM org.openqa.selenium.remote.ProtocolHandshake createSession
[MASTER] 16:14:02.745 [Thread-3] ERROR ExternalProcessHandler - Aug 14, 2020 8:14:02 AM org.openqa.selenium.remote.ProtocolHandshake createSession

INFO: Detected dialect: OSS
[MASTER] 16:14:02.745 [Thread-3] ERROR ExternalProcessHandler - INFO: Detected dialect: OSS

Aug 14, 2020 8:14:03 AM po_utils.PageObjectLogging logInfo
[MASTER] 16:14:03.880 [Thread-3] ERROR ExternalProcessHandler - Aug 14, 2020 8:14:03 AM po_utils.PageObjectLogging logInfo

INFO: waitForElementBeingPresentOnPage timeout exception: unable to locate the element By.xpath: //button[text()="Create a new session"]
[MASTER] 16:14:03.881 [Thread-3] ERROR ExternalProcessHandler - INFO: waitForElementBeingPresentOnPage timeout exception: unable to locate the element By.xpath: //button[text()="Create a new session"]


[MASTER] 16:14:03.881 [Thread-3] ERROR ExternalProcessHandler - 


[MASTER] 16:14:03.881 [Thread-3] ERROR ExternalProcessHandler - 

Aug 14, 2020 8:14:05 AM po_utils.PageObjectLogging logInfo
[MASTER] 16:14:05.470 [Thread-3] ERROR ExternalProcessHandler - Aug 14, 2020 8:14:05 AM po_utils.PageObjectLogging logInfo

INFO: waitForElementBeingPresentOnPage timeout exception: unable to locate the element By.xpath: //button[text()="Create a new session"]
[MASTER] 16:14:05.471 [Thread-3] ERROR ExternalProcessHandler - INFO: waitForElementBeingPresentOnPage timeout exception: unable to locate the element By.xpath: //button[text()="Create a new session"]


[MASTER] 16:14:05.471 [Thread-3] ERROR ExternalProcessHandler - 


[MASTER] 16:14:05.471 [Thread-3] ERROR ExternalProcessHandler - 

Aug 14, 2020 8:14:05 AM org.openqa.selenium.remote.ProtocolHandshake createSession
[MASTER] 16:14:05.926 [Thread-3] ERROR ExternalProcessHandler - Aug 14, 2020 8:14:05 AM org.openqa.selenium.remote.ProtocolHandshake createSession

INFO: Detected dialect: OSS
[MASTER] 16:14:05.926 [Thread-3] ERROR ExternalProcessHandler - INFO: Detected dialect: OSS

Aug 14, 2020 8:14:08 AM org.openqa.selenium.remote.ProtocolHandshake createSession
[MASTER] 16:14:08.845 [Thread-3] ERROR ExternalProcessHandler - Aug 14, 2020 8:14:08 AM org.openqa.selenium.remote.ProtocolHandshake createSession

INFO: Detected dialect: OSS
[MASTER] 16:14:08.846 [Thread-3] ERROR ExternalProcessHandler - INFO: Detected dialect: OSS

Aug 14, 2020 8:14:10 AM po_utils.PageObjectLogging logInfo
[MASTER] 16:14:10.662 [Thread-3] ERROR ExternalProcessHandler - Aug 14, 2020 8:14:10 AM po_utils.PageObjectLogging logInfo

INFO: waitForElementBeingPresentOnPage timeout exception: unable to locate the element By.xpath: //button[text()="Create a new session"]
[MASTER] 16:14:10.663 [Thread-3] ERROR ExternalProcessHandler - INFO: waitForElementBeingPresentOnPage timeout exception: unable to locate the element By.xpath: //button[text()="Create a new session"]


[MASTER] 16:14:10.663 [Thread-3] ERROR ExternalProcessHandler - 


[MASTER] 16:14:10.663 [Thread-3] ERROR ExternalProcessHandler - 

Aug 14, 2020 8:14:12 AM org.openqa.selenium.remote.ProtocolHandshake createSession
[MASTER] 16:14:12.148 [Thread-3] ERROR ExternalProcessHandler - Aug 14, 2020 8:14:12 AM org.openqa.selenium.remote.ProtocolHandshake createSession

INFO: Detected dialect: OSS
[MASTER] 16:14:12.148 [Thread-3] ERROR ExternalProcessHandler - INFO: Detected dialect: OSS

Aug 14, 2020 8:14:16 AM org.openqa.selenium.remote.ProtocolHandshake createSession
[MASTER] 16:14:16.043 [Thread-3] ERROR ExternalProcessHandler - Aug 14, 2020 8:14:16 AM org.openqa.selenium.remote.ProtocolHandshake createSession

INFO: Detected dialect: OSS
[MASTER] 16:14:16.043 [Thread-3] ERROR ExternalProcessHandler - INFO: Detected dialect: OSS

Aug 14, 2020 8:14:18 AM po_utils.PageObjectLogging logInfo
[MASTER] 16:14:18.257 [Thread-3] ERROR ExternalProcessHandler - Aug 14, 2020 8:14:18 AM po_utils.PageObjectLogging logInfo

INFO: waitForElementBeingPresentOnPage timeout exception: unable to locate the element By.xpath: //button[text()="Create a new session"]
[MASTER] 16:14:18.257 [Thread-3] ERROR ExternalProcessHandler - INFO: waitForElementBeingPresentOnPage timeout exception: unable to locate the element By.xpath: //button[text()="Create a new session"]


[MASTER] 16:14:18.258 [Thread-3] ERROR ExternalProcessHandler - 


[MASTER] 16:14:18.258 [Thread-3] ERROR ExternalProcessHandler - 

