SLF4J: Class path contains multiple SLF4J bindings.
SLF4J: Found binding in [jar:file:/home/yw/.m2/repository/ch/qos/logback/logback-classic/1.1.3/logback-classic-1.1.3.jar!/org/slf4j/impl/StaticLoggerBinder.class]
SLF4J: Found binding in [jar:file:/home/yw/.m2/repository/org/evosuite/evosuite-master/1.0.4-SNAPSHOT/evosuite-master-1.0.4-SNAPSHOT.jar!/org/slf4j/impl/StaticLoggerBinder.class]
SLF4J: See http://www.slf4j.org/codes.html#multiple_bindings for an explanation.
SLF4J: Actual binding is of type [ch.qos.logback.classic.util.ContextSelectorStaticBinder]
SLF4J: Class path contains multiple SLF4J bindings.
[MASTER] 13:14:49.406 [Thread-3] ERROR ExternalProcessHandler - SLF4J: Class path contains multiple SLF4J bindings.

SLF4J: Found binding in [jar:file:/home/yw/.m2/repository/ch/qos/logback/logback-classic/1.1.3/logback-classic-1.1.3.jar!/org/slf4j/impl/StaticLoggerBinder.class]
[MASTER] 13:14:49.409 [Thread-3] ERROR ExternalProcessHandler - SLF4J: Found binding in [jar:file:/home/yw/.m2/repository/ch/qos/logback/logback-classic/1.1.3/logback-classic-1.1.3.jar!/org/slf4j/impl/StaticLoggerBinder.class]

SLF4J: Found binding in [jar:file:/home/yw/.m2/repository/org/evosuite/evosuite-master/1.0.4-SNAPSHOT/evosuite-master-1.0.4-SNAPSHOT.jar!/org/slf4j/impl/StaticLoggerBinder.class]
[MASTER] 13:14:49.411 [Thread-3] ERROR ExternalProcessHandler - SLF4J: Found binding in [jar:file:/home/yw/.m2/repository/org/evosuite/evosuite-master/1.0.4-SNAPSHOT/evosuite-master-1.0.4-SNAPSHOT.jar!/org/slf4j/impl/StaticLoggerBinder.class]

SLF4J: See http://www.slf4j.org/codes.html#multiple_bindings for an explanation.
[MASTER] 13:14:49.412 [Thread-3] ERROR ExternalProcessHandler - SLF4J: See http://www.slf4j.org/codes.html#multiple_bindings for an explanation.

SLF4J: Actual binding is of type [ch.qos.logback.classic.util.ContextSelectorStaticBinder]
[MASTER] 13:14:49.586 [Thread-3] ERROR ExternalProcessHandler - SLF4J: Actual binding is of type [ch.qos.logback.classic.util.ContextSelectorStaticBinder]

Aug 14, 2020 5:14:52 AM org.openqa.selenium.remote.ProtocolHandshake createSession
[MASTER] 13:14:52.542 [Thread-3] ERROR ExternalProcessHandler - Aug 14, 2020 5:14:52 AM org.openqa.selenium.remote.ProtocolHandshake createSession

INFO: Detected dialect: OSS
[MASTER] 13:14:52.542 [Thread-3] ERROR ExternalProcessHandler - INFO: Detected dialect: OSS

Exception in thread "Thread-3" java.lang.ClassCastException: org.evosuite.testcase.TestChromosome cannot be cast to org.evosuite.testsuite.TestSuiteChromosome
[MASTER] 13:14:53.699 [Thread-3] ERROR ExternalProcessHandler - Exception in thread "Thread-3" java.lang.ClassCastException: org.evosuite.testcase.TestChromosome cannot be cast to org.evosuite.testsuite.TestSuiteChromosome

	at org.evosuite.statistics.SearchStatistics.currentIndividual(SearchStatistics.java:181)
[MASTER] 13:14:53.699 [Thread-3] ERROR ExternalProcessHandler - 	at org.evosuite.statistics.SearchStatistics.currentIndividual(SearchStatistics.java:181)

	at org.evosuite.rmi.service.MasterNodeImpl.evosuite_collectStatistics(MasterNodeImpl.java:166)
[MASTER] 13:14:53.700 [Thread-3] ERROR ExternalProcessHandler - 	at org.evosuite.rmi.service.MasterNodeImpl.evosuite_collectStatistics(MasterNodeImpl.java:166)

	at sun.reflect.NativeMethodAccessorImpl.invoke0(Native Method)
[MASTER] 13:14:53.700 [Thread-3] ERROR ExternalProcessHandler - 	at sun.reflect.NativeMethodAccessorImpl.invoke0(Native Method)

	at sun.reflect.NativeMethodAccessorImpl.invoke(NativeMethodAccessorImpl.java:62)
[MASTER] 13:14:53.700 [Thread-3] ERROR ExternalProcessHandler - 	at sun.reflect.NativeMethodAccessorImpl.invoke(NativeMethodAccessorImpl.java:62)

	at sun.reflect.DelegatingMethodAccessorImpl.invoke(DelegatingMethodAccessorImpl.java:43)
[MASTER] 13:14:53.701 [Thread-3] ERROR ExternalProcessHandler - 	at sun.reflect.DelegatingMethodAccessorImpl.invoke(DelegatingMethodAccessorImpl.java:43)

	at java.lang.reflect.Method.invoke(Method.java:498)
[MASTER] 13:14:53.701 [Thread-3] ERROR ExternalProcessHandler - 	at java.lang.reflect.Method.invoke(Method.java:498)

	at sun.rmi.server.UnicastServerRef.dispatch(UnicastServerRef.java:357)
[MASTER] 13:14:53.701 [Thread-3] ERROR ExternalProcessHandler - 	at sun.rmi.server.UnicastServerRef.dispatch(UnicastServerRef.java:357)

	at sun.rmi.transport.Transport$1.run(Transport.java:200)
[MASTER] 13:14:53.702 [Thread-3] ERROR ExternalProcessHandler - 	at sun.rmi.transport.Transport$1.run(Transport.java:200)

	at sun.rmi.transport.Transport$1.run(Transport.java:197)
[MASTER] 13:14:53.702 [Thread-3] ERROR ExternalProcessHandler - 	at sun.rmi.transport.Transport$1.run(Transport.java:197)

	at java.security.AccessController.doPrivileged(Native Method)
[MASTER] 13:14:53.702 [Thread-3] ERROR ExternalProcessHandler - 	at java.security.AccessController.doPrivileged(Native Method)

	at sun.rmi.transport.Transport.serviceCall(Transport.java:196)
[MASTER] 13:14:53.702 [Thread-3] ERROR ExternalProcessHandler - 	at sun.rmi.transport.Transport.serviceCall(Transport.java:196)

	at sun.rmi.transport.tcp.TCPTransport.handleMessages(TCPTransport.java:573)
[MASTER] 13:14:53.703 [Thread-3] ERROR ExternalProcessHandler - 	at sun.rmi.transport.tcp.TCPTransport.handleMessages(TCPTransport.java:573)

	at sun.rmi.transport.tcp.TCPTransport$ConnectionHandler.run0(TCPTransport.java:834)
[MASTER] 13:14:53.703 [Thread-3] ERROR ExternalProcessHandler - 	at sun.rmi.transport.tcp.TCPTransport$ConnectionHandler.run0(TCPTransport.java:834)

	at sun.rmi.transport.tcp.TCPTransport$ConnectionHandler.lambda$run$0(TCPTransport.java:688)
[MASTER] 13:14:53.703 [Thread-3] ERROR ExternalProcessHandler - 	at sun.rmi.transport.tcp.TCPTransport$ConnectionHandler.lambda$run$0(TCPTransport.java:688)

	at java.security.AccessController.doPrivileged(Native Method)
[MASTER] 13:14:53.704 [Thread-3] ERROR ExternalProcessHandler - 	at java.security.AccessController.doPrivileged(Native Method)

	at sun.rmi.transport.tcp.TCPTransport$ConnectionHandler.run(TCPTransport.java:687)
[MASTER] 13:14:53.704 [Thread-3] ERROR ExternalProcessHandler - 	at sun.rmi.transport.tcp.TCPTransport$ConnectionHandler.run(TCPTransport.java:687)

	at java.util.concurrent.ThreadPoolExecutor.runWorker(ThreadPoolExecutor.java:1149)
[MASTER] 13:14:53.704 [Thread-3] ERROR ExternalProcessHandler - 	at java.util.concurrent.ThreadPoolExecutor.runWorker(ThreadPoolExecutor.java:1149)

	at java.util.concurrent.ThreadPoolExecutor$Worker.run(ThreadPoolExecutor.java:624)
[MASTER] 13:14:53.705 [Thread-3] ERROR ExternalProcessHandler - 	at java.util.concurrent.ThreadPoolExecutor$Worker.run(ThreadPoolExecutor.java:624)

	at java.lang.Thread.run(Thread.java:748)
[MASTER] 13:14:53.705 [Thread-3] ERROR ExternalProcessHandler - 	at java.lang.Thread.run(Thread.java:748)

	at sun.rmi.transport.StreamRemoteCall.exceptionReceivedFromServer(StreamRemoteCall.java:303)
[MASTER] 13:14:53.705 [Thread-3] ERROR ExternalProcessHandler - 	at sun.rmi.transport.StreamRemoteCall.exceptionReceivedFromServer(StreamRemoteCall.java:303)

	at sun.rmi.transport.StreamRemoteCall.executeCall(StreamRemoteCall.java:279)
[MASTER] 13:14:53.705 [Thread-3] ERROR ExternalProcessHandler - 	at sun.rmi.transport.StreamRemoteCall.executeCall(StreamRemoteCall.java:279)

	at sun.rmi.server.UnicastRef.invoke(UnicastRef.java:164)
[MASTER] 13:14:53.706 [Thread-3] ERROR ExternalProcessHandler - 	at sun.rmi.server.UnicastRef.invoke(UnicastRef.java:164)

	at java.rmi.server.RemoteObjectInvocationHandler.invokeRemoteMethod(RemoteObjectInvocationHandler.java:235)
[MASTER] 13:14:53.706 [Thread-3] ERROR ExternalProcessHandler - 	at java.rmi.server.RemoteObjectInvocationHandler.invokeRemoteMethod(RemoteObjectInvocationHandler.java:235)

	at java.rmi.server.RemoteObjectInvocationHandler.invoke(RemoteObjectInvocationHandler.java:180)
[MASTER] 13:14:53.706 [Thread-3] ERROR ExternalProcessHandler - 	at java.rmi.server.RemoteObjectInvocationHandler.invoke(RemoteObjectInvocationHandler.java:180)

	at com.sun.proxy.$Proxy7.evosuite_collectStatistics(Unknown Source)
[MASTER] 13:14:53.707 [Thread-3] ERROR ExternalProcessHandler - 	at com.sun.proxy.$Proxy7.evosuite_collectStatistics(Unknown Source)

	at org.evosuite.rmi.service.ClientNodeImpl.updateStatistics(ClientNodeImpl.java:237)
[MASTER] 13:14:53.707 [Thread-3] ERROR ExternalProcessHandler - 	at org.evosuite.rmi.service.ClientNodeImpl.updateStatistics(ClientNodeImpl.java:237)

	at org.evosuite.statistics.StatisticsSender.sendIndividualToMaster(StatisticsSender.java:75)
[MASTER] 13:14:53.707 [Thread-3] ERROR ExternalProcessHandler - 	at org.evosuite.statistics.StatisticsSender.sendIndividualToMaster(StatisticsSender.java:75)

	at org.evosuite.statistics.StatisticsListener$1.run(StatisticsListener.java:71)
[MASTER] 13:14:53.708 [Thread-3] ERROR ExternalProcessHandler - 	at org.evosuite.statistics.StatisticsListener$1.run(StatisticsListener.java:71)

Aug 14, 2020 5:14:53 AM org.openqa.selenium.remote.ProtocolHandshake createSession
[MASTER] 13:14:53.710 [Thread-3] ERROR ExternalProcessHandler - Aug 14, 2020 5:14:53 AM org.openqa.selenium.remote.ProtocolHandshake createSession

INFO: Detected dialect: OSS
[MASTER] 13:14:53.710 [Thread-3] ERROR ExternalProcessHandler - INFO: Detected dialect: OSS

Aug 14, 2020 5:14:55 AM org.openqa.selenium.remote.ProtocolHandshake createSession
[MASTER] 13:14:55.139 [Thread-3] ERROR ExternalProcessHandler - Aug 14, 2020 5:14:55 AM org.openqa.selenium.remote.ProtocolHandshake createSession

INFO: Detected dialect: OSS
[MASTER] 13:14:55.139 [Thread-3] ERROR ExternalProcessHandler - INFO: Detected dialect: OSS

Aug 14, 2020 5:14:57 AM po_utils.PageObjectLogging logInfo
[MASTER] 13:14:57.150 [Thread-3] ERROR ExternalProcessHandler - Aug 14, 2020 5:14:57 AM po_utils.PageObjectLogging logInfo

INFO: waitForElementBeingPresentOnPage timeout exception: unable to locate the element By.xpath: //button[text()="Create a new session"]
[MASTER] 13:14:57.151 [Thread-3] ERROR ExternalProcessHandler - INFO: waitForElementBeingPresentOnPage timeout exception: unable to locate the element By.xpath: //button[text()="Create a new session"]


[MASTER] 13:14:57.152 [Thread-3] ERROR ExternalProcessHandler - 


[MASTER] 13:14:57.152 [Thread-3] ERROR ExternalProcessHandler - 

Aug 14, 2020 5:14:59 AM org.openqa.selenium.remote.ProtocolHandshake createSession
[MASTER] 13:14:59.137 [Thread-3] ERROR ExternalProcessHandler - Aug 14, 2020 5:14:59 AM org.openqa.selenium.remote.ProtocolHandshake createSession

INFO: Detected dialect: OSS
[MASTER] 13:14:59.137 [Thread-3] ERROR ExternalProcessHandler - INFO: Detected dialect: OSS

Aug 14, 2020 5:15:01 AM po_utils.PageObjectLogging logInfo
[MASTER] 13:15:01.348 [Thread-3] ERROR ExternalProcessHandler - Aug 14, 2020 5:15:01 AM po_utils.PageObjectLogging logInfo

INFO: waitForElementBeingPresentOnPage timeout exception: unable to locate the element By.xpath: //button[text()="Create a new session"]
[MASTER] 13:15:01.350 [Thread-3] ERROR ExternalProcessHandler - INFO: waitForElementBeingPresentOnPage timeout exception: unable to locate the element By.xpath: //button[text()="Create a new session"]


[MASTER] 13:15:01.350 [Thread-3] ERROR ExternalProcessHandler - 


[MASTER] 13:15:01.350 [Thread-3] ERROR ExternalProcessHandler - 

Aug 14, 2020 5:15:02 AM org.openqa.selenium.remote.ProtocolHandshake createSession
[MASTER] 13:15:02.809 [Thread-3] ERROR ExternalProcessHandler - Aug 14, 2020 5:15:02 AM org.openqa.selenium.remote.ProtocolHandshake createSession

INFO: Detected dialect: OSS
[MASTER] 13:15:02.809 [Thread-3] ERROR ExternalProcessHandler - INFO: Detected dialect: OSS

Aug 14, 2020 5:15:09 AM po_utils.PageObjectLogging logInfo
[MASTER] 13:15:09.315 [Thread-3] ERROR ExternalProcessHandler - Aug 14, 2020 5:15:09 AM po_utils.PageObjectLogging logInfo

INFO: waitForElementBeingPresentOnPage timeout exception: unable to locate the element By.xpath: //button[text()="Create a new session"]
[MASTER] 13:15:09.316 [Thread-3] ERROR ExternalProcessHandler - INFO: waitForElementBeingPresentOnPage timeout exception: unable to locate the element By.xpath: //button[text()="Create a new session"]


[MASTER] 13:15:09.316 [Thread-3] ERROR ExternalProcessHandler - 


[MASTER] 13:15:09.316 [Thread-3] ERROR ExternalProcessHandler - 

Aug 14, 2020 5:15:12 AM org.openqa.selenium.remote.ProtocolHandshake createSession
[MASTER] 13:15:12.497 [Thread-3] ERROR ExternalProcessHandler - Aug 14, 2020 5:15:12 AM org.openqa.selenium.remote.ProtocolHandshake createSession

INFO: Detected dialect: OSS
[MASTER] 13:15:12.497 [Thread-3] ERROR ExternalProcessHandler - INFO: Detected dialect: OSS

Aug 14, 2020 5:15:23 AM po_utils.PageObjectLogging logInfo
[MASTER] 13:15:23.304 [Thread-3] ERROR ExternalProcessHandler - Aug 14, 2020 5:15:23 AM po_utils.PageObjectLogging logInfo

INFO: waitForElementBeingPresentOnPage timeout exception: unable to locate the element By.xpath: //button[text()="Create a new session"]
[MASTER] 13:15:23.306 [Thread-3] ERROR ExternalProcessHandler - INFO: waitForElementBeingPresentOnPage timeout exception: unable to locate the element By.xpath: //button[text()="Create a new session"]


[MASTER] 13:15:23.306 [Thread-3] ERROR ExternalProcessHandler - 


[MASTER] 13:15:23.306 [Thread-3] ERROR ExternalProcessHandler - 

Aug 14, 2020 5:15:28 AM org.openqa.selenium.remote.ProtocolHandshake createSession
[MASTER] 13:15:28.148 [Thread-3] ERROR ExternalProcessHandler - Aug 14, 2020 5:15:28 AM org.openqa.selenium.remote.ProtocolHandshake createSession

INFO: Detected dialect: OSS
[MASTER] 13:15:28.148 [Thread-3] ERROR ExternalProcessHandler - INFO: Detected dialect: OSS

Aug 14, 2020 5:15:43 AM po_utils.PageObjectLogging logInfo
[MASTER] 13:15:43.092 [Thread-3] ERROR ExternalProcessHandler - Aug 14, 2020 5:15:43 AM po_utils.PageObjectLogging logInfo

INFO: waitForElementBeingPresentOnPage timeout exception: unable to locate the element By.xpath: //button[text()="Create a new session"]
[MASTER] 13:15:43.093 [Thread-3] ERROR ExternalProcessHandler - INFO: waitForElementBeingPresentOnPage timeout exception: unable to locate the element By.xpath: //button[text()="Create a new session"]


[MASTER] 13:15:43.093 [Thread-3] ERROR ExternalProcessHandler - 


[MASTER] 13:15:43.093 [Thread-3] ERROR ExternalProcessHandler - 

[MASTER] 13:15:49.494 [logback-2] ERROR TestCaseExecutor - TG: Exception caught: 
java.lang.IllegalStateException: Test generation failed: page object bug.
	at org.evosuite.testcase.execution.TestCaseExecutor.runTest(TestCaseExecutor.java:322) ~[evosuite-client-1.0.4-SNAPSHOT.jar:na]
	at org.evosuite.testcase.TestFitnessFunction.runTest(TestFitnessFunction.java:91) [evosuite-client-1.0.4-SNAPSHOT.jar:na]
	at org.evosuite.testcase.TestFitnessFunction.getFitness(TestFitnessFunction.java:60) [evosuite-client-1.0.4-SNAPSHOT.jar:na]
	at org.evosuite.testcase.TestFitnessFunction.getFitness(TestFitnessFunction.java:34) [evosuite-client-1.0.4-SNAPSHOT.jar:na]
	at org.evosuite.ga.metaheuristics.art.AdaptiveRandomSearch.calculateFitness(AdaptiveRandomSearch.java:312) [evosuite-client-1.0.4-SNAPSHOT.jar:na]
	at org.evosuite.ga.metaheuristics.art.AdaptiveRandomSearch.evolve(AdaptiveRandomSearch.java:139) [evosuite-client-1.0.4-SNAPSHOT.jar:na]
	at org.evosuite.ga.metaheuristics.art.AdaptiveRandomSearch.generateSolution(AdaptiveRandomSearch.java:270) [evosuite-client-1.0.4-SNAPSHOT.jar:na]
	at org.evosuite.strategy.AdaptiveRandomTestStrategy.generateTests(AdaptiveRandomTestStrategy.java:118) [evosuite-client-1.0.4-SNAPSHOT.jar:na]
	at org.evosuite.TestSuiteGenerator.generateTests(TestSuiteGenerator.java:654) [evosuite-client-1.0.4-SNAPSHOT.jar:na]
	at org.evosuite.TestSuiteGenerator.generateTestSuite(TestSuiteGenerator.java:213) [evosuite-client-1.0.4-SNAPSHOT.jar:na]
	at org.evosuite.rmi.service.ClientNodeImpl$1.run(ClientNodeImpl.java:145) [evosuite-client-1.0.4-SNAPSHOT.jar:na]
	at java.util.concurrent.Executors$RunnableAdapter.call(Executors.java:511) [na:1.8.0_265]
	at java.util.concurrent.FutureTask.run(FutureTask.java:266) [na:1.8.0_265]
	at java.util.concurrent.ThreadPoolExecutor.runWorker(ThreadPoolExecutor.java:1149) [na:1.8.0_265]
	at java.util.concurrent.ThreadPoolExecutor$Worker.run(ThreadPoolExecutor.java:624) [na:1.8.0_265]
	at java.lang.Thread.run(Thread.java:748) [na:1.8.0_265]
Aug 14, 2020 5:15:49 AM org.openqa.selenium.remote.ProtocolHandshake createSession
[MASTER] 13:15:49.682 [Thread-3] ERROR ExternalProcessHandler - Aug 14, 2020 5:15:49 AM org.openqa.selenium.remote.ProtocolHandshake createSession

INFO: Detected dialect: OSS
[MASTER] 13:15:49.682 [Thread-3] ERROR ExternalProcessHandler - INFO: Detected dialect: OSS

Aug 14, 2020 5:15:53 AM org.openqa.selenium.remote.ProtocolHandshake createSession
[MASTER] 13:15:53.150 [Thread-3] ERROR ExternalProcessHandler - Aug 14, 2020 5:15:53 AM org.openqa.selenium.remote.ProtocolHandshake createSession

INFO: Detected dialect: OSS
[MASTER] 13:15:53.151 [Thread-3] ERROR ExternalProcessHandler - INFO: Detected dialect: OSS

Aug 14, 2020 5:16:02 AM org.openqa.selenium.remote.ProtocolHandshake createSession
[MASTER] 13:16:02.888 [Thread-3] ERROR ExternalProcessHandler - Aug 14, 2020 5:16:02 AM org.openqa.selenium.remote.ProtocolHandshake createSession

INFO: Detected dialect: OSS
[MASTER] 13:16:02.888 [Thread-3] ERROR ExternalProcessHandler - INFO: Detected dialect: OSS

Aug 14, 2020 5:16:18 AM org.openqa.selenium.remote.ProtocolHandshake createSession
[MASTER] 13:16:18.485 [Thread-3] ERROR ExternalProcessHandler - Aug 14, 2020 5:16:18 AM org.openqa.selenium.remote.ProtocolHandshake createSession

INFO: Detected dialect: OSS
[MASTER] 13:16:18.485 [Thread-3] ERROR ExternalProcessHandler - INFO: Detected dialect: OSS

[MASTER] 13:16:39.800 [logback-2] ERROR TestCaseExecutor - TG: Exception caught: 
java.lang.IllegalStateException: Test generation failed: page object bug.
	at org.evosuite.testcase.execution.TestCaseExecutor.runTest(TestCaseExecutor.java:322) ~[evosuite-client-1.0.4-SNAPSHOT.jar:na]
	at org.evosuite.testcase.TestFitnessFunction.runTest(TestFitnessFunction.java:91) [evosuite-client-1.0.4-SNAPSHOT.jar:na]
	at org.evosuite.testcase.TestFitnessFunction.getFitness(TestFitnessFunction.java:60) [evosuite-client-1.0.4-SNAPSHOT.jar:na]
	at org.evosuite.testcase.TestFitnessFunction.getFitness(TestFitnessFunction.java:34) [evosuite-client-1.0.4-SNAPSHOT.jar:na]
	at org.evosuite.ga.metaheuristics.art.AdaptiveRandomSearch.calculateFitness(AdaptiveRandomSearch.java:312) [evosuite-client-1.0.4-SNAPSHOT.jar:na]
	at org.evosuite.ga.metaheuristics.art.AdaptiveRandomSearch.evolve(AdaptiveRandomSearch.java:139) [evosuite-client-1.0.4-SNAPSHOT.jar:na]
	at org.evosuite.ga.metaheuristics.art.AdaptiveRandomSearch.generateSolution(AdaptiveRandomSearch.java:270) [evosuite-client-1.0.4-SNAPSHOT.jar:na]
	at org.evosuite.strategy.AdaptiveRandomTestStrategy.generateTests(AdaptiveRandomTestStrategy.java:118) [evosuite-client-1.0.4-SNAPSHOT.jar:na]
	at org.evosuite.TestSuiteGenerator.generateTests(TestSuiteGenerator.java:654) [evosuite-client-1.0.4-SNAPSHOT.jar:na]
	at org.evosuite.TestSuiteGenerator.generateTestSuite(TestSuiteGenerator.java:213) [evosuite-client-1.0.4-SNAPSHOT.jar:na]
	at org.evosuite.rmi.service.ClientNodeImpl$1.run(ClientNodeImpl.java:145) [evosuite-client-1.0.4-SNAPSHOT.jar:na]
	at java.util.concurrent.Executors$RunnableAdapter.call(Executors.java:511) [na:1.8.0_265]
	at java.util.concurrent.FutureTask.run(FutureTask.java:266) [na:1.8.0_265]
	at java.util.concurrent.ThreadPoolExecutor.runWorker(ThreadPoolExecutor.java:1149) [na:1.8.0_265]
	at java.util.concurrent.ThreadPoolExecutor$Worker.run(ThreadPoolExecutor.java:624) [na:1.8.0_265]
	at java.lang.Thread.run(Thread.java:748) [na:1.8.0_265]
Aug 14, 2020 5:16:40 AM org.openqa.selenium.remote.ProtocolHandshake createSession
[MASTER] 13:16:40.019 [Thread-3] ERROR ExternalProcessHandler - Aug 14, 2020 5:16:40 AM org.openqa.selenium.remote.ProtocolHandshake createSession

INFO: Detected dialect: OSS
[MASTER] 13:16:40.020 [Thread-3] ERROR ExternalProcessHandler - INFO: Detected dialect: OSS

Aug 14, 2020 5:16:43 AM org.openqa.selenium.remote.ProtocolHandshake createSession
[MASTER] 13:16:43.282 [Thread-3] ERROR ExternalProcessHandler - Aug 14, 2020 5:16:43 AM org.openqa.selenium.remote.ProtocolHandshake createSession

INFO: Detected dialect: OSS
[MASTER] 13:16:43.282 [Thread-3] ERROR ExternalProcessHandler - INFO: Detected dialect: OSS

Aug 14, 2020 5:16:44 AM org.openqa.selenium.remote.ProtocolHandshake createSession
[MASTER] 13:16:44.657 [Thread-3] ERROR ExternalProcessHandler - Aug 14, 2020 5:16:44 AM org.openqa.selenium.remote.ProtocolHandshake createSession

INFO: Detected dialect: OSS
[MASTER] 13:16:44.658 [Thread-3] ERROR ExternalProcessHandler - INFO: Detected dialect: OSS

Aug 14, 2020 5:16:46 AM org.openqa.selenium.remote.ProtocolHandshake createSession
[MASTER] 13:16:46.390 [Thread-3] ERROR ExternalProcessHandler - Aug 14, 2020 5:16:46 AM org.openqa.selenium.remote.ProtocolHandshake createSession

INFO: Detected dialect: OSS
[MASTER] 13:16:46.390 [Thread-3] ERROR ExternalProcessHandler - INFO: Detected dialect: OSS

Aug 14, 2020 5:16:47 AM org.openqa.selenium.remote.ProtocolHandshake createSession
[MASTER] 13:16:47.844 [Thread-3] ERROR ExternalProcessHandler - Aug 14, 2020 5:16:47 AM org.openqa.selenium.remote.ProtocolHandshake createSession

INFO: Detected dialect: OSS
[MASTER] 13:16:47.845 [Thread-3] ERROR ExternalProcessHandler - INFO: Detected dialect: OSS

Aug 14, 2020 5:16:52 AM org.openqa.selenium.remote.ProtocolHandshake createSession
[MASTER] 13:16:52.071 [Thread-3] ERROR ExternalProcessHandler - Aug 14, 2020 5:16:52 AM org.openqa.selenium.remote.ProtocolHandshake createSession

INFO: Detected dialect: OSS
[MASTER] 13:16:52.071 [Thread-3] ERROR ExternalProcessHandler - INFO: Detected dialect: OSS

Aug 14, 2020 5:17:02 AM org.openqa.selenium.remote.ProtocolHandshake createSession
[MASTER] 13:17:02.911 [Thread-3] ERROR ExternalProcessHandler - Aug 14, 2020 5:17:02 AM org.openqa.selenium.remote.ProtocolHandshake createSession

INFO: Detected dialect: OSS
[MASTER] 13:17:02.912 [Thread-3] ERROR ExternalProcessHandler - INFO: Detected dialect: OSS

Aug 14, 2020 5:17:20 AM org.openqa.selenium.remote.ProtocolHandshake createSession
[MASTER] 13:17:20.084 [Thread-3] ERROR ExternalProcessHandler - Aug 14, 2020 5:17:20 AM org.openqa.selenium.remote.ProtocolHandshake createSession

INFO: Detected dialect: OSS
[MASTER] 13:17:20.084 [Thread-3] ERROR ExternalProcessHandler - INFO: Detected dialect: OSS

[MASTER] 13:17:43.655 [logback-2] ERROR TestCaseExecutor - TG: Exception caught: 
java.lang.IllegalStateException: Test generation failed: page object bug.
	at org.evosuite.testcase.execution.TestCaseExecutor.runTest(TestCaseExecutor.java:322) ~[evosuite-client-1.0.4-SNAPSHOT.jar:na]
	at org.evosuite.testcase.TestFitnessFunction.runTest(TestFitnessFunction.java:91) [evosuite-client-1.0.4-SNAPSHOT.jar:na]
	at org.evosuite.testcase.TestFitnessFunction.getFitness(TestFitnessFunction.java:60) [evosuite-client-1.0.4-SNAPSHOT.jar:na]
	at org.evosuite.testcase.TestFitnessFunction.getFitness(TestFitnessFunction.java:34) [evosuite-client-1.0.4-SNAPSHOT.jar:na]
	at org.evosuite.ga.metaheuristics.art.AdaptiveRandomSearch.calculateFitness(AdaptiveRandomSearch.java:312) [evosuite-client-1.0.4-SNAPSHOT.jar:na]
	at org.evosuite.ga.metaheuristics.art.AdaptiveRandomSearch.evolve(AdaptiveRandomSearch.java:139) [evosuite-client-1.0.4-SNAPSHOT.jar:na]
	at org.evosuite.ga.metaheuristics.art.AdaptiveRandomSearch.generateSolution(AdaptiveRandomSearch.java:270) [evosuite-client-1.0.4-SNAPSHOT.jar:na]
	at org.evosuite.strategy.AdaptiveRandomTestStrategy.generateTests(AdaptiveRandomTestStrategy.java:118) [evosuite-client-1.0.4-SNAPSHOT.jar:na]
	at org.evosuite.TestSuiteGenerator.generateTests(TestSuiteGenerator.java:654) [evosuite-client-1.0.4-SNAPSHOT.jar:na]
	at org.evosuite.TestSuiteGenerator.generateTestSuite(TestSuiteGenerator.java:213) [evosuite-client-1.0.4-SNAPSHOT.jar:na]
	at org.evosuite.rmi.service.ClientNodeImpl$1.run(ClientNodeImpl.java:145) [evosuite-client-1.0.4-SNAPSHOT.jar:na]
	at java.util.concurrent.Executors$RunnableAdapter.call(Executors.java:511) [na:1.8.0_265]
	at java.util.concurrent.FutureTask.run(FutureTask.java:266) [na:1.8.0_265]
	at java.util.concurrent.ThreadPoolExecutor.runWorker(ThreadPoolExecutor.java:1149) [na:1.8.0_265]
	at java.util.concurrent.ThreadPoolExecutor$Worker.run(ThreadPoolExecutor.java:624) [na:1.8.0_265]
	at java.lang.Thread.run(Thread.java:748) [na:1.8.0_265]
Aug 14, 2020 5:17:43 AM org.openqa.selenium.remote.ProtocolHandshake createSession
[MASTER] 13:17:43.832 [Thread-3] ERROR ExternalProcessHandler - Aug 14, 2020 5:17:43 AM org.openqa.selenium.remote.ProtocolHandshake createSession

INFO: Detected dialect: OSS
[MASTER] 13:17:43.832 [Thread-3] ERROR ExternalProcessHandler - INFO: Detected dialect: OSS

Aug 14, 2020 5:17:44 AM org.openqa.selenium.remote.ProtocolHandshake createSession
[MASTER] 13:17:44.808 [Thread-3] ERROR ExternalProcessHandler - Aug 14, 2020 5:17:44 AM org.openqa.selenium.remote.ProtocolHandshake createSession

INFO: Detected dialect: OSS
[MASTER] 13:17:44.808 [Thread-3] ERROR ExternalProcessHandler - INFO: Detected dialect: OSS

Aug 14, 2020 5:17:45 AM org.openqa.selenium.remote.ProtocolHandshake createSession
[MASTER] 13:17:45.686 [Thread-3] ERROR ExternalProcessHandler - Aug 14, 2020 5:17:45 AM org.openqa.selenium.remote.ProtocolHandshake createSession

INFO: Detected dialect: OSS
[MASTER] 13:17:45.687 [Thread-3] ERROR ExternalProcessHandler - INFO: Detected dialect: OSS

Aug 14, 2020 5:17:48 AM org.openqa.selenium.remote.ProtocolHandshake createSession
[MASTER] 13:17:48.749 [Thread-3] ERROR ExternalProcessHandler - Aug 14, 2020 5:17:48 AM org.openqa.selenium.remote.ProtocolHandshake createSession

INFO: Detected dialect: OSS
[MASTER] 13:17:48.749 [Thread-3] ERROR ExternalProcessHandler - INFO: Detected dialect: OSS

Aug 14, 2020 5:17:50 AM org.openqa.selenium.remote.ProtocolHandshake createSession
[MASTER] 13:17:50.763 [Thread-3] ERROR ExternalProcessHandler - Aug 14, 2020 5:17:50 AM org.openqa.selenium.remote.ProtocolHandshake createSession

INFO: Detected dialect: OSS
[MASTER] 13:17:50.764 [Thread-3] ERROR ExternalProcessHandler - INFO: Detected dialect: OSS

Aug 14, 2020 5:17:53 AM org.openqa.selenium.remote.ProtocolHandshake createSession
[MASTER] 13:17:53.317 [Thread-3] ERROR ExternalProcessHandler - Aug 14, 2020 5:17:53 AM org.openqa.selenium.remote.ProtocolHandshake createSession

INFO: Detected dialect: OSS
[MASTER] 13:17:53.317 [Thread-3] ERROR ExternalProcessHandler - INFO: Detected dialect: OSS

Aug 14, 2020 5:18:01 AM org.openqa.selenium.remote.ProtocolHandshake createSession
[MASTER] 13:18:01.700 [Thread-3] ERROR ExternalProcessHandler - Aug 14, 2020 5:18:01 AM org.openqa.selenium.remote.ProtocolHandshake createSession

INFO: Detected dialect: OSS
[MASTER] 13:18:01.700 [Thread-3] ERROR ExternalProcessHandler - INFO: Detected dialect: OSS

Aug 14, 2020 5:18:15 AM org.openqa.selenium.remote.ProtocolHandshake createSession
[MASTER] 13:18:15.801 [Thread-3] ERROR ExternalProcessHandler - Aug 14, 2020 5:18:15 AM org.openqa.selenium.remote.ProtocolHandshake createSession

INFO: Detected dialect: OSS
[MASTER] 13:18:15.801 [Thread-3] ERROR ExternalProcessHandler - INFO: Detected dialect: OSS

[MASTER] 13:18:35.450 [logback-2] ERROR TestCaseExecutor - TG: Exception caught: 
java.lang.IllegalStateException: Test generation failed: page object bug.
	at org.evosuite.testcase.execution.TestCaseExecutor.runTest(TestCaseExecutor.java:322) ~[evosuite-client-1.0.4-SNAPSHOT.jar:na]
	at org.evosuite.testcase.TestFitnessFunction.runTest(TestFitnessFunction.java:91) [evosuite-client-1.0.4-SNAPSHOT.jar:na]
	at org.evosuite.testcase.TestFitnessFunction.getFitness(TestFitnessFunction.java:60) [evosuite-client-1.0.4-SNAPSHOT.jar:na]
	at org.evosuite.testcase.TestFitnessFunction.getFitness(TestFitnessFunction.java:34) [evosuite-client-1.0.4-SNAPSHOT.jar:na]
	at org.evosuite.ga.metaheuristics.art.AdaptiveRandomSearch.calculateFitness(AdaptiveRandomSearch.java:312) [evosuite-client-1.0.4-SNAPSHOT.jar:na]
	at org.evosuite.ga.metaheuristics.art.AdaptiveRandomSearch.evolve(AdaptiveRandomSearch.java:139) [evosuite-client-1.0.4-SNAPSHOT.jar:na]
	at org.evosuite.ga.metaheuristics.art.AdaptiveRandomSearch.generateSolution(AdaptiveRandomSearch.java:270) [evosuite-client-1.0.4-SNAPSHOT.jar:na]
	at org.evosuite.strategy.AdaptiveRandomTestStrategy.generateTests(AdaptiveRandomTestStrategy.java:118) [evosuite-client-1.0.4-SNAPSHOT.jar:na]
	at org.evosuite.TestSuiteGenerator.generateTests(TestSuiteGenerator.java:654) [evosuite-client-1.0.4-SNAPSHOT.jar:na]
	at org.evosuite.TestSuiteGenerator.generateTestSuite(TestSuiteGenerator.java:213) [evosuite-client-1.0.4-SNAPSHOT.jar:na]
	at org.evosuite.rmi.service.ClientNodeImpl$1.run(ClientNodeImpl.java:145) [evosuite-client-1.0.4-SNAPSHOT.jar:na]
	at java.util.concurrent.Executors$RunnableAdapter.call(Executors.java:511) [na:1.8.0_265]
	at java.util.concurrent.FutureTask.run(FutureTask.java:266) [na:1.8.0_265]
	at java.util.concurrent.ThreadPoolExecutor.runWorker(ThreadPoolExecutor.java:1149) [na:1.8.0_265]
	at java.util.concurrent.ThreadPoolExecutor$Worker.run(ThreadPoolExecutor.java:624) [na:1.8.0_265]
	at java.lang.Thread.run(Thread.java:748) [na:1.8.0_265]
Aug 14, 2020 5:18:35 AM org.openqa.selenium.remote.ProtocolHandshake createSession
[MASTER] 13:18:35.662 [Thread-3] ERROR ExternalProcessHandler - Aug 14, 2020 5:18:35 AM org.openqa.selenium.remote.ProtocolHandshake createSession

INFO: Detected dialect: OSS
[MASTER] 13:18:35.662 [Thread-3] ERROR ExternalProcessHandler - INFO: Detected dialect: OSS

Aug 14, 2020 5:18:37 AM org.openqa.selenium.remote.ProtocolHandshake createSession
[MASTER] 13:18:37.128 [Thread-3] ERROR ExternalProcessHandler - Aug 14, 2020 5:18:37 AM org.openqa.selenium.remote.ProtocolHandshake createSession

INFO: Detected dialect: OSS
[MASTER] 13:18:37.128 [Thread-3] ERROR ExternalProcessHandler - INFO: Detected dialect: OSS

Aug 14, 2020 5:18:39 AM po_utils.PageObjectLogging logInfo
[MASTER] 13:18:39.001 [Thread-3] ERROR ExternalProcessHandler - Aug 14, 2020 5:18:39 AM po_utils.PageObjectLogging logInfo

INFO: waitForElementBeingPresentOnPage timeout exception: unable to locate the element By.xpath: //button[text()="Create a new session"]
[MASTER] 13:18:39.002 [Thread-3] ERROR ExternalProcessHandler - INFO: waitForElementBeingPresentOnPage timeout exception: unable to locate the element By.xpath: //button[text()="Create a new session"]


[MASTER] 13:18:39.002 [Thread-3] ERROR ExternalProcessHandler - 


[MASTER] 13:18:39.002 [Thread-3] ERROR ExternalProcessHandler - 

Aug 14, 2020 5:18:39 AM org.openqa.selenium.remote.ProtocolHandshake createSession
[MASTER] 13:18:39.723 [Thread-3] ERROR ExternalProcessHandler - Aug 14, 2020 5:18:39 AM org.openqa.selenium.remote.ProtocolHandshake createSession

INFO: Detected dialect: OSS
[MASTER] 13:18:39.723 [Thread-3] ERROR ExternalProcessHandler - INFO: Detected dialect: OSS

Aug 14, 2020 5:18:41 AM po_utils.PageObjectLogging logInfo
[MASTER] 13:18:41.476 [Thread-3] ERROR ExternalProcessHandler - Aug 14, 2020 5:18:41 AM po_utils.PageObjectLogging logInfo

INFO: waitForElementBeingPresentOnPage timeout exception: unable to locate the element By.xpath: //button[text()="Create a new session"]
[MASTER] 13:18:41.477 [Thread-3] ERROR ExternalProcessHandler - INFO: waitForElementBeingPresentOnPage timeout exception: unable to locate the element By.xpath: //button[text()="Create a new session"]


[MASTER] 13:18:41.477 [Thread-3] ERROR ExternalProcessHandler - 


[MASTER] 13:18:41.477 [Thread-3] ERROR ExternalProcessHandler - 

Aug 14, 2020 5:18:41 AM po_utils.PageObjectLogging logInfo
[MASTER] 13:18:41.887 [Thread-3] ERROR ExternalProcessHandler - Aug 14, 2020 5:18:41 AM po_utils.PageObjectLogging logInfo

INFO: waitForElementBeingPresentOnPage timeout exception: unable to locate the element By.xpath: //button[text()="Create a new session"]
[MASTER] 13:18:41.888 [Thread-3] ERROR ExternalProcessHandler - INFO: waitForElementBeingPresentOnPage timeout exception: unable to locate the element By.xpath: //button[text()="Create a new session"]


[MASTER] 13:18:41.888 [Thread-3] ERROR ExternalProcessHandler - 


[MASTER] 13:18:41.888 [Thread-3] ERROR ExternalProcessHandler - 

Aug 14, 2020 5:18:43 AM org.openqa.selenium.remote.ProtocolHandshake createSession
[MASTER] 13:18:43.470 [Thread-3] ERROR ExternalProcessHandler - Aug 14, 2020 5:18:43 AM org.openqa.selenium.remote.ProtocolHandshake createSession

INFO: Detected dialect: OSS
[MASTER] 13:18:43.470 [Thread-3] ERROR ExternalProcessHandler - INFO: Detected dialect: OSS

Aug 14, 2020 5:18:44 AM org.openqa.selenium.remote.ProtocolHandshake createSession
[MASTER] 13:18:44.451 [Thread-3] ERROR ExternalProcessHandler - Aug 14, 2020 5:18:44 AM org.openqa.selenium.remote.ProtocolHandshake createSession

INFO: Detected dialect: OSS
[MASTER] 13:18:44.451 [Thread-3] ERROR ExternalProcessHandler - INFO: Detected dialect: OSS

Aug 14, 2020 5:18:46 AM org.openqa.selenium.remote.ProtocolHandshake createSession
[MASTER] 13:18:46.275 [Thread-3] ERROR ExternalProcessHandler - Aug 14, 2020 5:18:46 AM org.openqa.selenium.remote.ProtocolHandshake createSession

INFO: Detected dialect: OSS
[MASTER] 13:18:46.275 [Thread-3] ERROR ExternalProcessHandler - INFO: Detected dialect: OSS

Aug 14, 2020 5:18:47 AM org.openqa.selenium.remote.ProtocolHandshake createSession
[MASTER] 13:18:47.444 [Thread-3] ERROR ExternalProcessHandler - Aug 14, 2020 5:18:47 AM org.openqa.selenium.remote.ProtocolHandshake createSession

INFO: Detected dialect: OSS
[MASTER] 13:18:47.444 [Thread-3] ERROR ExternalProcessHandler - INFO: Detected dialect: OSS

Aug 14, 2020 5:18:48 AM org.openqa.selenium.remote.ProtocolHandshake createSession
[MASTER] 13:18:48.441 [Thread-3] ERROR ExternalProcessHandler - Aug 14, 2020 5:18:48 AM org.openqa.selenium.remote.ProtocolHandshake createSession

INFO: Detected dialect: OSS
[MASTER] 13:18:48.441 [Thread-3] ERROR ExternalProcessHandler - INFO: Detected dialect: OSS

Aug 14, 2020 5:18:49 AM org.openqa.selenium.remote.ProtocolHandshake createSession
[MASTER] 13:18:49.930 [Thread-3] ERROR ExternalProcessHandler - Aug 14, 2020 5:18:49 AM org.openqa.selenium.remote.ProtocolHandshake createSession

INFO: Detected dialect: OSS
[MASTER] 13:18:49.930 [Thread-3] ERROR ExternalProcessHandler - INFO: Detected dialect: OSS

Aug 14, 2020 5:18:51 AM org.openqa.selenium.remote.ProtocolHandshake createSession
[MASTER] 13:18:51.766 [Thread-3] ERROR ExternalProcessHandler - Aug 14, 2020 5:18:51 AM org.openqa.selenium.remote.ProtocolHandshake createSession

INFO: Detected dialect: OSS
[MASTER] 13:18:51.767 [Thread-3] ERROR ExternalProcessHandler - INFO: Detected dialect: OSS

Aug 14, 2020 5:18:52 AM org.openqa.selenium.remote.ProtocolHandshake createSession
[MASTER] 13:18:52.693 [Thread-3] ERROR ExternalProcessHandler - Aug 14, 2020 5:18:52 AM org.openqa.selenium.remote.ProtocolHandshake createSession

INFO: Detected dialect: OSS
[MASTER] 13:18:52.693 [Thread-3] ERROR ExternalProcessHandler - INFO: Detected dialect: OSS

Aug 14, 2020 5:18:54 AM org.openqa.selenium.remote.ProtocolHandshake createSession
[MASTER] 13:18:54.095 [Thread-3] ERROR ExternalProcessHandler - Aug 14, 2020 5:18:54 AM org.openqa.selenium.remote.ProtocolHandshake createSession

INFO: Detected dialect: OSS
[MASTER] 13:18:54.095 [Thread-3] ERROR ExternalProcessHandler - INFO: Detected dialect: OSS

Aug 14, 2020 5:18:55 AM org.openqa.selenium.remote.ProtocolHandshake createSession
[MASTER] 13:18:55.158 [Thread-3] ERROR ExternalProcessHandler - Aug 14, 2020 5:18:55 AM org.openqa.selenium.remote.ProtocolHandshake createSession

INFO: Detected dialect: OSS
[MASTER] 13:18:55.158 [Thread-3] ERROR ExternalProcessHandler - INFO: Detected dialect: OSS

Aug 14, 2020 5:18:56 AM org.openqa.selenium.remote.ProtocolHandshake createSession
[MASTER] 13:18:56.182 [Thread-3] ERROR ExternalProcessHandler - Aug 14, 2020 5:18:56 AM org.openqa.selenium.remote.ProtocolHandshake createSession

INFO: Detected dialect: OSS
[MASTER] 13:18:56.182 [Thread-3] ERROR ExternalProcessHandler - INFO: Detected dialect: OSS

Aug 14, 2020 5:18:58 AM org.openqa.selenium.remote.ProtocolHandshake createSession
[MASTER] 13:18:58.061 [Thread-3] ERROR ExternalProcessHandler - Aug 14, 2020 5:18:58 AM org.openqa.selenium.remote.ProtocolHandshake createSession

INFO: Detected dialect: OSS
[MASTER] 13:18:58.062 [Thread-3] ERROR ExternalProcessHandler - INFO: Detected dialect: OSS

Aug 14, 2020 5:18:59 AM org.openqa.selenium.remote.ProtocolHandshake createSession
[MASTER] 13:18:59.194 [Thread-3] ERROR ExternalProcessHandler - Aug 14, 2020 5:18:59 AM org.openqa.selenium.remote.ProtocolHandshake createSession

INFO: Detected dialect: OSS
[MASTER] 13:18:59.195 [Thread-3] ERROR ExternalProcessHandler - INFO: Detected dialect: OSS

Aug 14, 2020 5:19:00 AM org.openqa.selenium.remote.ProtocolHandshake createSession
[MASTER] 13:19:00.958 [Thread-3] ERROR ExternalProcessHandler - Aug 14, 2020 5:19:00 AM org.openqa.selenium.remote.ProtocolHandshake createSession

INFO: Detected dialect: OSS
[MASTER] 13:19:00.958 [Thread-3] ERROR ExternalProcessHandler - INFO: Detected dialect: OSS

Aug 14, 2020 5:19:04 AM po_utils.PageObjectLogging logInfo
[MASTER] 13:19:04.930 [Thread-3] ERROR ExternalProcessHandler - Aug 14, 2020 5:19:04 AM po_utils.PageObjectLogging logInfo

INFO: waitForElementBeingPresentOnPage timeout exception: unable to locate the element By.xpath: //button[text()="Create a new session"]
[MASTER] 13:19:04.931 [Thread-3] ERROR ExternalProcessHandler - INFO: waitForElementBeingPresentOnPage timeout exception: unable to locate the element By.xpath: //button[text()="Create a new session"]


[MASTER] 13:19:04.931 [Thread-3] ERROR ExternalProcessHandler - 


[MASTER] 13:19:04.931 [Thread-3] ERROR ExternalProcessHandler - 

Aug 14, 2020 5:19:06 AM org.openqa.selenium.remote.ProtocolHandshake createSession
[MASTER] 13:19:06.828 [Thread-3] ERROR ExternalProcessHandler - Aug 14, 2020 5:19:06 AM org.openqa.selenium.remote.ProtocolHandshake createSession

INFO: Detected dialect: OSS
[MASTER] 13:19:06.828 [Thread-3] ERROR ExternalProcessHandler - INFO: Detected dialect: OSS

Aug 14, 2020 5:19:13 AM po_utils.PageObjectLogging logInfo
[MASTER] 13:19:13.858 [Thread-3] ERROR ExternalProcessHandler - Aug 14, 2020 5:19:13 AM po_utils.PageObjectLogging logInfo

INFO: waitForElementBeingPresentOnPage timeout exception: unable to locate the element By.xpath: //button[text()="Create a new session"]
[MASTER] 13:19:13.859 [Thread-3] ERROR ExternalProcessHandler - INFO: waitForElementBeingPresentOnPage timeout exception: unable to locate the element By.xpath: //button[text()="Create a new session"]


[MASTER] 13:19:13.859 [Thread-3] ERROR ExternalProcessHandler - 


[MASTER] 13:19:13.859 [Thread-3] ERROR ExternalProcessHandler - 

Aug 14, 2020 5:19:18 AM org.openqa.selenium.remote.ProtocolHandshake createSession
[MASTER] 13:19:18.699 [Thread-3] ERROR ExternalProcessHandler - Aug 14, 2020 5:19:18 AM org.openqa.selenium.remote.ProtocolHandshake createSession

INFO: Detected dialect: OSS
[MASTER] 13:19:18.699 [Thread-3] ERROR ExternalProcessHandler - INFO: Detected dialect: OSS

Aug 14, 2020 5:19:28 AM po_utils.PageObjectLogging logInfo
[MASTER] 13:19:28.699 [Thread-3] ERROR ExternalProcessHandler - Aug 14, 2020 5:19:28 AM po_utils.PageObjectLogging logInfo

INFO: waitForElementBeingPresentOnPage timeout exception: unable to locate the element By.xpath: //button[text()="Create a new session"]
[MASTER] 13:19:28.700 [Thread-3] ERROR ExternalProcessHandler - INFO: waitForElementBeingPresentOnPage timeout exception: unable to locate the element By.xpath: //button[text()="Create a new session"]


[MASTER] 13:19:28.700 [Thread-3] ERROR ExternalProcessHandler - 


[MASTER] 13:19:28.700 [Thread-3] ERROR ExternalProcessHandler - 

Aug 14, 2020 5:19:36 AM org.openqa.selenium.remote.ProtocolHandshake createSession
[MASTER] 13:19:36.360 [Thread-3] ERROR ExternalProcessHandler - Aug 14, 2020 5:19:36 AM org.openqa.selenium.remote.ProtocolHandshake createSession

INFO: Detected dialect: OSS
[MASTER] 13:19:36.360 [Thread-3] ERROR ExternalProcessHandler - INFO: Detected dialect: OSS

Aug 14, 2020 5:19:49 AM po_utils.PageObjectLogging logInfo
[MASTER] 13:19:49.356 [Thread-3] ERROR ExternalProcessHandler - Aug 14, 2020 5:19:49 AM po_utils.PageObjectLogging logInfo

INFO: waitForElementBeingPresentOnPage timeout exception: unable to locate the element By.xpath: //button[text()="Create a new session"]
[MASTER] 13:19:49.357 [Thread-3] ERROR ExternalProcessHandler - INFO: waitForElementBeingPresentOnPage timeout exception: unable to locate the element By.xpath: //button[text()="Create a new session"]


[MASTER] 13:19:49.357 [Thread-3] ERROR ExternalProcessHandler - 


[MASTER] 13:19:49.357 [Thread-3] ERROR ExternalProcessHandler - 

[MASTER] 13:19:59.716 [logback-2] ERROR TestCaseExecutor - TG: Exception caught: 
java.lang.IllegalStateException: Test generation failed: page object bug.
	at org.evosuite.testcase.execution.TestCaseExecutor.runTest(TestCaseExecutor.java:322) ~[evosuite-client-1.0.4-SNAPSHOT.jar:na]
	at org.evosuite.testcase.TestFitnessFunction.runTest(TestFitnessFunction.java:91) [evosuite-client-1.0.4-SNAPSHOT.jar:na]
	at org.evosuite.testcase.TestFitnessFunction.getFitness(TestFitnessFunction.java:60) [evosuite-client-1.0.4-SNAPSHOT.jar:na]
	at org.evosuite.testcase.TestFitnessFunction.getFitness(TestFitnessFunction.java:34) [evosuite-client-1.0.4-SNAPSHOT.jar:na]
	at org.evosuite.ga.metaheuristics.art.AdaptiveRandomSearch.calculateFitness(AdaptiveRandomSearch.java:312) [evosuite-client-1.0.4-SNAPSHOT.jar:na]
	at org.evosuite.ga.metaheuristics.art.AdaptiveRandomSearch.evolve(AdaptiveRandomSearch.java:139) [evosuite-client-1.0.4-SNAPSHOT.jar:na]
	at org.evosuite.ga.metaheuristics.art.AdaptiveRandomSearch.generateSolution(AdaptiveRandomSearch.java:270) [evosuite-client-1.0.4-SNAPSHOT.jar:na]
	at org.evosuite.strategy.AdaptiveRandomTestStrategy.generateTests(AdaptiveRandomTestStrategy.java:118) [evosuite-client-1.0.4-SNAPSHOT.jar:na]
	at org.evosuite.TestSuiteGenerator.generateTests(TestSuiteGenerator.java:654) [evosuite-client-1.0.4-SNAPSHOT.jar:na]
	at org.evosuite.TestSuiteGenerator.generateTestSuite(TestSuiteGenerator.java:213) [evosuite-client-1.0.4-SNAPSHOT.jar:na]
	at org.evosuite.rmi.service.ClientNodeImpl$1.run(ClientNodeImpl.java:145) [evosuite-client-1.0.4-SNAPSHOT.jar:na]
	at java.util.concurrent.Executors$RunnableAdapter.call(Executors.java:511) [na:1.8.0_265]
	at java.util.concurrent.FutureTask.run(FutureTask.java:266) [na:1.8.0_265]
	at java.util.concurrent.ThreadPoolExecutor.runWorker(ThreadPoolExecutor.java:1149) [na:1.8.0_265]
	at java.util.concurrent.ThreadPoolExecutor$Worker.run(ThreadPoolExecutor.java:624) [na:1.8.0_265]
	at java.lang.Thread.run(Thread.java:748) [na:1.8.0_265]
Aug 14, 2020 5:19:59 AM org.openqa.selenium.remote.ProtocolHandshake createSession
[MASTER] 13:19:59.932 [Thread-3] ERROR ExternalProcessHandler - Aug 14, 2020 5:19:59 AM org.openqa.selenium.remote.ProtocolHandshake createSession

INFO: Detected dialect: OSS
[MASTER] 13:19:59.932 [Thread-3] ERROR ExternalProcessHandler - INFO: Detected dialect: OSS

Aug 14, 2020 5:20:02 AM org.openqa.selenium.remote.ProtocolHandshake createSession
[MASTER] 13:20:02.373 [Thread-3] ERROR ExternalProcessHandler - Aug 14, 2020 5:20:02 AM org.openqa.selenium.remote.ProtocolHandshake createSession

INFO: Detected dialect: OSS
[MASTER] 13:20:02.373 [Thread-3] ERROR ExternalProcessHandler - INFO: Detected dialect: OSS

Aug 14, 2020 5:20:11 AM org.openqa.selenium.remote.ProtocolHandshake createSession
[MASTER] 13:20:11.206 [Thread-3] ERROR ExternalProcessHandler - Aug 14, 2020 5:20:11 AM org.openqa.selenium.remote.ProtocolHandshake createSession

INFO: Detected dialect: OSS
[MASTER] 13:20:11.206 [Thread-3] ERROR ExternalProcessHandler - INFO: Detected dialect: OSS

Aug 14, 2020 5:20:26 AM org.openqa.selenium.remote.ProtocolHandshake createSession
[MASTER] 13:20:26.247 [Thread-3] ERROR ExternalProcessHandler - Aug 14, 2020 5:20:26 AM org.openqa.selenium.remote.ProtocolHandshake createSession

INFO: Detected dialect: OSS
[MASTER] 13:20:26.247 [Thread-3] ERROR ExternalProcessHandler - INFO: Detected dialect: OSS

[MASTER] 13:20:47.469 [logback-2] ERROR TestCaseExecutor - TG: Exception caught: 
java.lang.IllegalStateException: Test generation failed: page object bug.
	at org.evosuite.testcase.execution.TestCaseExecutor.runTest(TestCaseExecutor.java:322) ~[evosuite-client-1.0.4-SNAPSHOT.jar:na]
	at org.evosuite.testcase.TestFitnessFunction.runTest(TestFitnessFunction.java:91) [evosuite-client-1.0.4-SNAPSHOT.jar:na]
	at org.evosuite.testcase.TestFitnessFunction.getFitness(TestFitnessFunction.java:60) [evosuite-client-1.0.4-SNAPSHOT.jar:na]
	at org.evosuite.testcase.TestFitnessFunction.getFitness(TestFitnessFunction.java:34) [evosuite-client-1.0.4-SNAPSHOT.jar:na]
	at org.evosuite.ga.metaheuristics.art.AdaptiveRandomSearch.calculateFitness(AdaptiveRandomSearch.java:312) [evosuite-client-1.0.4-SNAPSHOT.jar:na]
	at org.evosuite.ga.metaheuristics.art.AdaptiveRandomSearch.evolve(AdaptiveRandomSearch.java:139) [evosuite-client-1.0.4-SNAPSHOT.jar:na]
	at org.evosuite.ga.metaheuristics.art.AdaptiveRandomSearch.generateSolution(AdaptiveRandomSearch.java:270) [evosuite-client-1.0.4-SNAPSHOT.jar:na]
	at org.evosuite.strategy.AdaptiveRandomTestStrategy.generateTests(AdaptiveRandomTestStrategy.java:118) [evosuite-client-1.0.4-SNAPSHOT.jar:na]
	at org.evosuite.TestSuiteGenerator.generateTests(TestSuiteGenerator.java:654) [evosuite-client-1.0.4-SNAPSHOT.jar:na]
	at org.evosuite.TestSuiteGenerator.generateTestSuite(TestSuiteGenerator.java:213) [evosuite-client-1.0.4-SNAPSHOT.jar:na]
	at org.evosuite.rmi.service.ClientNodeImpl$1.run(ClientNodeImpl.java:145) [evosuite-client-1.0.4-SNAPSHOT.jar:na]
	at java.util.concurrent.Executors$RunnableAdapter.call(Executors.java:511) [na:1.8.0_265]
	at java.util.concurrent.FutureTask.run(FutureTask.java:266) [na:1.8.0_265]
	at java.util.concurrent.ThreadPoolExecutor.runWorker(ThreadPoolExecutor.java:1149) [na:1.8.0_265]
	at java.util.concurrent.ThreadPoolExecutor$Worker.run(ThreadPoolExecutor.java:624) [na:1.8.0_265]
	at java.lang.Thread.run(Thread.java:748) [na:1.8.0_265]
Aug 14, 2020 5:20:47 AM org.openqa.selenium.remote.ProtocolHandshake createSession
[MASTER] 13:20:47.696 [Thread-3] ERROR ExternalProcessHandler - Aug 14, 2020 5:20:47 AM org.openqa.selenium.remote.ProtocolHandshake createSession

INFO: Detected dialect: OSS
[MASTER] 13:20:47.696 [Thread-3] ERROR ExternalProcessHandler - INFO: Detected dialect: OSS

Aug 14, 2020 5:20:49 AM org.openqa.selenium.remote.ProtocolHandshake createSession
[MASTER] 13:20:49.396 [Thread-3] ERROR ExternalProcessHandler - Aug 14, 2020 5:20:49 AM org.openqa.selenium.remote.ProtocolHandshake createSession

INFO: Detected dialect: OSS
[MASTER] 13:20:49.397 [Thread-3] ERROR ExternalProcessHandler - INFO: Detected dialect: OSS

Aug 14, 2020 5:20:51 AM org.openqa.selenium.remote.ProtocolHandshake createSession
[MASTER] 13:20:51.523 [Thread-3] ERROR ExternalProcessHandler - Aug 14, 2020 5:20:51 AM org.openqa.selenium.remote.ProtocolHandshake createSession

INFO: Detected dialect: OSS
[MASTER] 13:20:51.523 [Thread-3] ERROR ExternalProcessHandler - INFO: Detected dialect: OSS

Aug 14, 2020 5:20:53 AM po_utils.PageObjectLogging logInfo
[MASTER] 13:20:53.963 [Thread-3] ERROR ExternalProcessHandler - Aug 14, 2020 5:20:53 AM po_utils.PageObjectLogging logInfo

INFO: waitForElementBeingPresentOnPage timeout exception: unable to locate the element By.xpath: //button[text()="Create a new session"]
[MASTER] 13:20:53.964 [Thread-3] ERROR ExternalProcessHandler - INFO: waitForElementBeingPresentOnPage timeout exception: unable to locate the element By.xpath: //button[text()="Create a new session"]


[MASTER] 13:20:53.964 [Thread-3] ERROR ExternalProcessHandler - 


[MASTER] 13:20:53.964 [Thread-3] ERROR ExternalProcessHandler - 

Aug 14, 2020 5:20:54 AM org.openqa.selenium.remote.ProtocolHandshake createSession
[MASTER] 13:20:54.578 [Thread-3] ERROR ExternalProcessHandler - Aug 14, 2020 5:20:54 AM org.openqa.selenium.remote.ProtocolHandshake createSession

INFO: Detected dialect: OSS
[MASTER] 13:20:54.578 [Thread-3] ERROR ExternalProcessHandler - INFO: Detected dialect: OSS

Aug 14, 2020 5:20:55 AM org.openqa.selenium.remote.ProtocolHandshake createSession
[MASTER] 13:20:55.791 [Thread-3] ERROR ExternalProcessHandler - Aug 14, 2020 5:20:55 AM org.openqa.selenium.remote.ProtocolHandshake createSession

INFO: Detected dialect: OSS
[MASTER] 13:20:55.791 [Thread-3] ERROR ExternalProcessHandler - INFO: Detected dialect: OSS

Aug 14, 2020 5:20:57 AM org.openqa.selenium.remote.ProtocolHandshake createSession
[MASTER] 13:20:57.275 [Thread-3] ERROR ExternalProcessHandler - Aug 14, 2020 5:20:57 AM org.openqa.selenium.remote.ProtocolHandshake createSession

INFO: Detected dialect: OSS
[MASTER] 13:20:57.275 [Thread-3] ERROR ExternalProcessHandler - INFO: Detected dialect: OSS

Aug 14, 2020 5:21:00 AM org.openqa.selenium.remote.ProtocolHandshake createSession
[MASTER] 13:21:00.433 [Thread-3] ERROR ExternalProcessHandler - Aug 14, 2020 5:21:00 AM org.openqa.selenium.remote.ProtocolHandshake createSession

INFO: Detected dialect: OSS
[MASTER] 13:21:00.434 [Thread-3] ERROR ExternalProcessHandler - INFO: Detected dialect: OSS

Aug 14, 2020 5:21:10 AM org.openqa.selenium.remote.ProtocolHandshake createSession
[MASTER] 13:21:10.019 [Thread-3] ERROR ExternalProcessHandler - Aug 14, 2020 5:21:10 AM org.openqa.selenium.remote.ProtocolHandshake createSession

INFO: Detected dialect: OSS
[MASTER] 13:21:10.019 [Thread-3] ERROR ExternalProcessHandler - INFO: Detected dialect: OSS

Aug 14, 2020 5:21:25 AM org.openqa.selenium.remote.ProtocolHandshake createSession
[MASTER] 13:21:25.870 [Thread-3] ERROR ExternalProcessHandler - Aug 14, 2020 5:21:25 AM org.openqa.selenium.remote.ProtocolHandshake createSession

INFO: Detected dialect: OSS
[MASTER] 13:21:25.870 [Thread-3] ERROR ExternalProcessHandler - INFO: Detected dialect: OSS

[MASTER] 13:21:47.975 [logback-2] ERROR TestCaseExecutor - TG: Exception caught: 
java.lang.IllegalStateException: Test generation failed: page object bug.
	at org.evosuite.testcase.execution.TestCaseExecutor.runTest(TestCaseExecutor.java:322) ~[evosuite-client-1.0.4-SNAPSHOT.jar:na]
	at org.evosuite.testcase.TestFitnessFunction.runTest(TestFitnessFunction.java:91) [evosuite-client-1.0.4-SNAPSHOT.jar:na]
	at org.evosuite.testcase.TestFitnessFunction.getFitness(TestFitnessFunction.java:60) [evosuite-client-1.0.4-SNAPSHOT.jar:na]
	at org.evosuite.testcase.TestFitnessFunction.getFitness(TestFitnessFunction.java:34) [evosuite-client-1.0.4-SNAPSHOT.jar:na]
	at org.evosuite.ga.metaheuristics.art.AdaptiveRandomSearch.calculateFitness(AdaptiveRandomSearch.java:312) [evosuite-client-1.0.4-SNAPSHOT.jar:na]
	at org.evosuite.ga.metaheuristics.art.AdaptiveRandomSearch.evolve(AdaptiveRandomSearch.java:139) [evosuite-client-1.0.4-SNAPSHOT.jar:na]
	at org.evosuite.ga.metaheuristics.art.AdaptiveRandomSearch.generateSolution(AdaptiveRandomSearch.java:270) [evosuite-client-1.0.4-SNAPSHOT.jar:na]
	at org.evosuite.strategy.AdaptiveRandomTestStrategy.generateTests(AdaptiveRandomTestStrategy.java:118) [evosuite-client-1.0.4-SNAPSHOT.jar:na]
	at org.evosuite.TestSuiteGenerator.generateTests(TestSuiteGenerator.java:654) [evosuite-client-1.0.4-SNAPSHOT.jar:na]
	at org.evosuite.TestSuiteGenerator.generateTestSuite(TestSuiteGenerator.java:213) [evosuite-client-1.0.4-SNAPSHOT.jar:na]
	at org.evosuite.rmi.service.ClientNodeImpl$1.run(ClientNodeImpl.java:145) [evosuite-client-1.0.4-SNAPSHOT.jar:na]
	at java.util.concurrent.Executors$RunnableAdapter.call(Executors.java:511) [na:1.8.0_265]
	at java.util.concurrent.FutureTask.run(FutureTask.java:266) [na:1.8.0_265]
	at java.util.concurrent.ThreadPoolExecutor.runWorker(ThreadPoolExecutor.java:1149) [na:1.8.0_265]
	at java.util.concurrent.ThreadPoolExecutor$Worker.run(ThreadPoolExecutor.java:624) [na:1.8.0_265]
	at java.lang.Thread.run(Thread.java:748) [na:1.8.0_265]
Aug 14, 2020 5:21:48 AM org.openqa.selenium.remote.ProtocolHandshake createSession
[MASTER] 13:21:48.164 [Thread-3] ERROR ExternalProcessHandler - Aug 14, 2020 5:21:48 AM org.openqa.selenium.remote.ProtocolHandshake createSession

INFO: Detected dialect: OSS
[MASTER] 13:21:48.164 [Thread-3] ERROR ExternalProcessHandler - INFO: Detected dialect: OSS

Aug 14, 2020 5:21:50 AM org.openqa.selenium.remote.ProtocolHandshake createSession
[MASTER] 13:21:50.742 [Thread-3] ERROR ExternalProcessHandler - Aug 14, 2020 5:21:50 AM org.openqa.selenium.remote.ProtocolHandshake createSession

INFO: Detected dialect: OSS
[MASTER] 13:21:50.742 [Thread-3] ERROR ExternalProcessHandler - INFO: Detected dialect: OSS

Aug 14, 2020 5:21:52 AM org.openqa.selenium.remote.ProtocolHandshake createSession
[MASTER] 13:21:52.007 [Thread-3] ERROR ExternalProcessHandler - Aug 14, 2020 5:21:52 AM org.openqa.selenium.remote.ProtocolHandshake createSession

INFO: Detected dialect: OSS
[MASTER] 13:21:52.008 [Thread-3] ERROR ExternalProcessHandler - INFO: Detected dialect: OSS

Aug 14, 2020 5:21:53 AM org.openqa.selenium.remote.ProtocolHandshake createSession
[MASTER] 13:21:53.437 [Thread-3] ERROR ExternalProcessHandler - Aug 14, 2020 5:21:53 AM org.openqa.selenium.remote.ProtocolHandshake createSession

INFO: Detected dialect: OSS
[MASTER] 13:21:53.437 [Thread-3] ERROR ExternalProcessHandler - INFO: Detected dialect: OSS

Aug 14, 2020 5:21:54 AM org.openqa.selenium.remote.ProtocolHandshake createSession
[MASTER] 13:21:54.506 [Thread-3] ERROR ExternalProcessHandler - Aug 14, 2020 5:21:54 AM org.openqa.selenium.remote.ProtocolHandshake createSession

INFO: Detected dialect: OSS
[MASTER] 13:21:54.506 [Thread-3] ERROR ExternalProcessHandler - INFO: Detected dialect: OSS

Aug 14, 2020 5:21:58 AM org.openqa.selenium.remote.ProtocolHandshake createSession
[MASTER] 13:21:58.091 [Thread-3] ERROR ExternalProcessHandler - Aug 14, 2020 5:21:58 AM org.openqa.selenium.remote.ProtocolHandshake createSession

INFO: Detected dialect: OSS
[MASTER] 13:21:58.091 [Thread-3] ERROR ExternalProcessHandler - INFO: Detected dialect: OSS

Aug 14, 2020 5:21:59 AM org.openqa.selenium.remote.ProtocolHandshake createSession
[MASTER] 13:21:59.121 [Thread-3] ERROR ExternalProcessHandler - Aug 14, 2020 5:21:59 AM org.openqa.selenium.remote.ProtocolHandshake createSession

INFO: Detected dialect: OSS
[MASTER] 13:21:59.121 [Thread-3] ERROR ExternalProcessHandler - INFO: Detected dialect: OSS

Aug 14, 2020 5:22:00 AM po_utils.PageObjectLogging logInfo
[MASTER] 13:22:00.996 [Thread-3] ERROR ExternalProcessHandler - Aug 14, 2020 5:22:00 AM po_utils.PageObjectLogging logInfo

INFO: waitForElementBeingPresentOnPage timeout exception: unable to locate the element By.xpath: //button[text()="Create a new session"]
[MASTER] 13:22:00.997 [Thread-3] ERROR ExternalProcessHandler - INFO: waitForElementBeingPresentOnPage timeout exception: unable to locate the element By.xpath: //button[text()="Create a new session"]


[MASTER] 13:22:00.997 [Thread-3] ERROR ExternalProcessHandler - 


[MASTER] 13:22:00.997 [Thread-3] ERROR ExternalProcessHandler - 

Aug 14, 2020 5:22:02 AM org.openqa.selenium.remote.ProtocolHandshake createSession
[MASTER] 13:22:02.190 [Thread-3] ERROR ExternalProcessHandler - Aug 14, 2020 5:22:02 AM org.openqa.selenium.remote.ProtocolHandshake createSession

INFO: Detected dialect: OSS
[MASTER] 13:22:02.190 [Thread-3] ERROR ExternalProcessHandler - INFO: Detected dialect: OSS

Aug 14, 2020 5:22:09 AM po_utils.PageObjectLogging logInfo
[MASTER] 13:22:09.553 [Thread-3] ERROR ExternalProcessHandler - Aug 14, 2020 5:22:09 AM po_utils.PageObjectLogging logInfo

INFO: waitForElementBeingPresentOnPage timeout exception: unable to locate the element By.xpath: //button[text()="Create a new session"]
[MASTER] 13:22:09.554 [Thread-3] ERROR ExternalProcessHandler - INFO: waitForElementBeingPresentOnPage timeout exception: unable to locate the element By.xpath: //button[text()="Create a new session"]


[MASTER] 13:22:09.554 [Thread-3] ERROR ExternalProcessHandler - 


[MASTER] 13:22:09.554 [Thread-3] ERROR ExternalProcessHandler - 

Aug 14, 2020 5:22:11 AM org.openqa.selenium.remote.ProtocolHandshake createSession
[MASTER] 13:22:11.648 [Thread-3] ERROR ExternalProcessHandler - Aug 14, 2020 5:22:11 AM org.openqa.selenium.remote.ProtocolHandshake createSession

INFO: Detected dialect: OSS
[MASTER] 13:22:11.649 [Thread-3] ERROR ExternalProcessHandler - INFO: Detected dialect: OSS

Aug 14, 2020 5:22:24 AM po_utils.PageObjectLogging logInfo
[MASTER] 13:22:24.460 [Thread-3] ERROR ExternalProcessHandler - Aug 14, 2020 5:22:24 AM po_utils.PageObjectLogging logInfo

INFO: waitForElementBeingPresentOnPage timeout exception: unable to locate the element By.xpath: //button[text()="Create a new session"]
[MASTER] 13:22:24.461 [Thread-3] ERROR ExternalProcessHandler - INFO: waitForElementBeingPresentOnPage timeout exception: unable to locate the element By.xpath: //button[text()="Create a new session"]


[MASTER] 13:22:24.461 [Thread-3] ERROR ExternalProcessHandler - 


[MASTER] 13:22:24.461 [Thread-3] ERROR ExternalProcessHandler - 

Aug 14, 2020 5:22:27 AM org.openqa.selenium.remote.ProtocolHandshake createSession
[MASTER] 13:22:27.421 [Thread-3] ERROR ExternalProcessHandler - Aug 14, 2020 5:22:27 AM org.openqa.selenium.remote.ProtocolHandshake createSession

INFO: Detected dialect: OSS
[MASTER] 13:22:27.421 [Thread-3] ERROR ExternalProcessHandler - INFO: Detected dialect: OSS

Aug 14, 2020 5:22:45 AM po_utils.PageObjectLogging logInfo
[MASTER] 13:22:45.666 [Thread-3] ERROR ExternalProcessHandler - Aug 14, 2020 5:22:45 AM po_utils.PageObjectLogging logInfo

INFO: waitForElementBeingPresentOnPage timeout exception: unable to locate the element By.xpath: //button[text()="Create a new session"]
[MASTER] 13:22:45.667 [Thread-3] ERROR ExternalProcessHandler - INFO: waitForElementBeingPresentOnPage timeout exception: unable to locate the element By.xpath: //button[text()="Create a new session"]


[MASTER] 13:22:45.667 [Thread-3] ERROR ExternalProcessHandler - 


[MASTER] 13:22:45.667 [Thread-3] ERROR ExternalProcessHandler - 

[MASTER] 13:22:49.433 [logback-2] ERROR TestCaseExecutor - TG: Exception caught: 
java.lang.IllegalStateException: Test generation failed: page object bug.
	at org.evosuite.testcase.execution.TestCaseExecutor.runTest(TestCaseExecutor.java:322) ~[evosuite-client-1.0.4-SNAPSHOT.jar:na]
	at org.evosuite.testcase.TestFitnessFunction.runTest(TestFitnessFunction.java:91) [evosuite-client-1.0.4-SNAPSHOT.jar:na]
	at org.evosuite.testcase.TestFitnessFunction.getFitness(TestFitnessFunction.java:60) [evosuite-client-1.0.4-SNAPSHOT.jar:na]
	at org.evosuite.testcase.TestFitnessFunction.getFitness(TestFitnessFunction.java:34) [evosuite-client-1.0.4-SNAPSHOT.jar:na]
	at org.evosuite.ga.metaheuristics.art.AdaptiveRandomSearch.calculateFitness(AdaptiveRandomSearch.java:312) [evosuite-client-1.0.4-SNAPSHOT.jar:na]
	at org.evosuite.ga.metaheuristics.art.AdaptiveRandomSearch.evolve(AdaptiveRandomSearch.java:139) [evosuite-client-1.0.4-SNAPSHOT.jar:na]
	at org.evosuite.ga.metaheuristics.art.AdaptiveRandomSearch.generateSolution(AdaptiveRandomSearch.java:270) [evosuite-client-1.0.4-SNAPSHOT.jar:na]
	at org.evosuite.strategy.AdaptiveRandomTestStrategy.generateTests(AdaptiveRandomTestStrategy.java:118) [evosuite-client-1.0.4-SNAPSHOT.jar:na]
	at org.evosuite.TestSuiteGenerator.generateTests(TestSuiteGenerator.java:654) [evosuite-client-1.0.4-SNAPSHOT.jar:na]
	at org.evosuite.TestSuiteGenerator.generateTestSuite(TestSuiteGenerator.java:213) [evosuite-client-1.0.4-SNAPSHOT.jar:na]
	at org.evosuite.rmi.service.ClientNodeImpl$1.run(ClientNodeImpl.java:145) [evosuite-client-1.0.4-SNAPSHOT.jar:na]
	at java.util.concurrent.Executors$RunnableAdapter.call(Executors.java:511) [na:1.8.0_265]
	at java.util.concurrent.FutureTask.run(FutureTask.java:266) [na:1.8.0_265]
	at java.util.concurrent.ThreadPoolExecutor.runWorker(ThreadPoolExecutor.java:1149) [na:1.8.0_265]
	at java.util.concurrent.ThreadPoolExecutor$Worker.run(ThreadPoolExecutor.java:624) [na:1.8.0_265]
	at java.lang.Thread.run(Thread.java:748) [na:1.8.0_265]
Aug 14, 2020 5:22:49 AM org.openqa.selenium.remote.ProtocolHandshake createSession
[MASTER] 13:22:49.619 [Thread-3] ERROR ExternalProcessHandler - Aug 14, 2020 5:22:49 AM org.openqa.selenium.remote.ProtocolHandshake createSession

INFO: Detected dialect: OSS
[MASTER] 13:22:49.619 [Thread-3] ERROR ExternalProcessHandler - INFO: Detected dialect: OSS

Aug 14, 2020 5:22:53 AM org.openqa.selenium.remote.ProtocolHandshake createSession
[MASTER] 13:22:53.817 [Thread-3] ERROR ExternalProcessHandler - Aug 14, 2020 5:22:53 AM org.openqa.selenium.remote.ProtocolHandshake createSession

INFO: Detected dialect: OSS
[MASTER] 13:22:53.817 [Thread-3] ERROR ExternalProcessHandler - INFO: Detected dialect: OSS

Aug 14, 2020 5:23:04 AM org.openqa.selenium.remote.ProtocolHandshake createSession
[MASTER] 13:23:04.535 [Thread-3] ERROR ExternalProcessHandler - Aug 14, 2020 5:23:04 AM org.openqa.selenium.remote.ProtocolHandshake createSession

INFO: Detected dialect: OSS
[MASTER] 13:23:04.536 [Thread-3] ERROR ExternalProcessHandler - INFO: Detected dialect: OSS

Aug 14, 2020 5:23:21 AM org.openqa.selenium.remote.ProtocolHandshake createSession
[MASTER] 13:23:21.678 [Thread-3] ERROR ExternalProcessHandler - Aug 14, 2020 5:23:21 AM org.openqa.selenium.remote.ProtocolHandshake createSession

INFO: Detected dialect: OSS
[MASTER] 13:23:21.678 [Thread-3] ERROR ExternalProcessHandler - INFO: Detected dialect: OSS

[MASTER] 13:23:45.224 [logback-2] ERROR TestCaseExecutor - TG: Exception caught: 
java.lang.IllegalStateException: Test generation failed: page object bug.
	at org.evosuite.testcase.execution.TestCaseExecutor.runTest(TestCaseExecutor.java:322) ~[evosuite-client-1.0.4-SNAPSHOT.jar:na]
	at org.evosuite.testcase.TestFitnessFunction.runTest(TestFitnessFunction.java:91) [evosuite-client-1.0.4-SNAPSHOT.jar:na]
	at org.evosuite.testcase.TestFitnessFunction.getFitness(TestFitnessFunction.java:60) [evosuite-client-1.0.4-SNAPSHOT.jar:na]
	at org.evosuite.testcase.TestFitnessFunction.getFitness(TestFitnessFunction.java:34) [evosuite-client-1.0.4-SNAPSHOT.jar:na]
	at org.evosuite.ga.metaheuristics.art.AdaptiveRandomSearch.calculateFitness(AdaptiveRandomSearch.java:312) [evosuite-client-1.0.4-SNAPSHOT.jar:na]
	at org.evosuite.ga.metaheuristics.art.AdaptiveRandomSearch.evolve(AdaptiveRandomSearch.java:139) [evosuite-client-1.0.4-SNAPSHOT.jar:na]
	at org.evosuite.ga.metaheuristics.art.AdaptiveRandomSearch.generateSolution(AdaptiveRandomSearch.java:270) [evosuite-client-1.0.4-SNAPSHOT.jar:na]
	at org.evosuite.strategy.AdaptiveRandomTestStrategy.generateTests(AdaptiveRandomTestStrategy.java:118) [evosuite-client-1.0.4-SNAPSHOT.jar:na]
	at org.evosuite.TestSuiteGenerator.generateTests(TestSuiteGenerator.java:654) [evosuite-client-1.0.4-SNAPSHOT.jar:na]
	at org.evosuite.TestSuiteGenerator.generateTestSuite(TestSuiteGenerator.java:213) [evosuite-client-1.0.4-SNAPSHOT.jar:na]
	at org.evosuite.rmi.service.ClientNodeImpl$1.run(ClientNodeImpl.java:145) [evosuite-client-1.0.4-SNAPSHOT.jar:na]
	at java.util.concurrent.Executors$RunnableAdapter.call(Executors.java:511) [na:1.8.0_265]
	at java.util.concurrent.FutureTask.run(FutureTask.java:266) [na:1.8.0_265]
	at java.util.concurrent.ThreadPoolExecutor.runWorker(ThreadPoolExecutor.java:1149) [na:1.8.0_265]
	at java.util.concurrent.ThreadPoolExecutor$Worker.run(ThreadPoolExecutor.java:624) [na:1.8.0_265]
	at java.lang.Thread.run(Thread.java:748) [na:1.8.0_265]
Aug 14, 2020 5:23:45 AM org.openqa.selenium.remote.ProtocolHandshake createSession
[MASTER] 13:23:45.397 [Thread-3] ERROR ExternalProcessHandler - Aug 14, 2020 5:23:45 AM org.openqa.selenium.remote.ProtocolHandshake createSession

INFO: Detected dialect: OSS
[MASTER] 13:23:45.397 [Thread-3] ERROR ExternalProcessHandler - INFO: Detected dialect: OSS

Aug 14, 2020 5:23:48 AM org.openqa.selenium.remote.ProtocolHandshake createSession
[MASTER] 13:23:48.209 [Thread-3] ERROR ExternalProcessHandler - Aug 14, 2020 5:23:48 AM org.openqa.selenium.remote.ProtocolHandshake createSession

INFO: Detected dialect: OSS
[MASTER] 13:23:48.209 [Thread-3] ERROR ExternalProcessHandler - INFO: Detected dialect: OSS

Aug 14, 2020 5:23:57 AM org.openqa.selenium.remote.ProtocolHandshake createSession
[MASTER] 13:23:57.176 [Thread-3] ERROR ExternalProcessHandler - Aug 14, 2020 5:23:57 AM org.openqa.selenium.remote.ProtocolHandshake createSession

INFO: Detected dialect: OSS
[MASTER] 13:23:57.176 [Thread-3] ERROR ExternalProcessHandler - INFO: Detected dialect: OSS

Aug 14, 2020 5:24:12 AM org.openqa.selenium.remote.ProtocolHandshake createSession
[MASTER] 13:24:12.215 [Thread-3] ERROR ExternalProcessHandler - Aug 14, 2020 5:24:12 AM org.openqa.selenium.remote.ProtocolHandshake createSession

INFO: Detected dialect: OSS
[MASTER] 13:24:12.215 [Thread-3] ERROR ExternalProcessHandler - INFO: Detected dialect: OSS

[MASTER] 13:24:33.047 [logback-2] ERROR TestCaseExecutor - TG: Exception caught: 
java.lang.IllegalStateException: Test generation failed: page object bug.
	at org.evosuite.testcase.execution.TestCaseExecutor.runTest(TestCaseExecutor.java:322) ~[evosuite-client-1.0.4-SNAPSHOT.jar:na]
	at org.evosuite.testcase.TestFitnessFunction.runTest(TestFitnessFunction.java:91) [evosuite-client-1.0.4-SNAPSHOT.jar:na]
	at org.evosuite.testcase.TestFitnessFunction.getFitness(TestFitnessFunction.java:60) [evosuite-client-1.0.4-SNAPSHOT.jar:na]
	at org.evosuite.testcase.TestFitnessFunction.getFitness(TestFitnessFunction.java:34) [evosuite-client-1.0.4-SNAPSHOT.jar:na]
	at org.evosuite.ga.metaheuristics.art.AdaptiveRandomSearch.calculateFitness(AdaptiveRandomSearch.java:312) [evosuite-client-1.0.4-SNAPSHOT.jar:na]
	at org.evosuite.ga.metaheuristics.art.AdaptiveRandomSearch.evolve(AdaptiveRandomSearch.java:139) [evosuite-client-1.0.4-SNAPSHOT.jar:na]
	at org.evosuite.ga.metaheuristics.art.AdaptiveRandomSearch.generateSolution(AdaptiveRandomSearch.java:270) [evosuite-client-1.0.4-SNAPSHOT.jar:na]
	at org.evosuite.strategy.AdaptiveRandomTestStrategy.generateTests(AdaptiveRandomTestStrategy.java:118) [evosuite-client-1.0.4-SNAPSHOT.jar:na]
	at org.evosuite.TestSuiteGenerator.generateTests(TestSuiteGenerator.java:654) [evosuite-client-1.0.4-SNAPSHOT.jar:na]
	at org.evosuite.TestSuiteGenerator.generateTestSuite(TestSuiteGenerator.java:213) [evosuite-client-1.0.4-SNAPSHOT.jar:na]
	at org.evosuite.rmi.service.ClientNodeImpl$1.run(ClientNodeImpl.java:145) [evosuite-client-1.0.4-SNAPSHOT.jar:na]
	at java.util.concurrent.Executors$RunnableAdapter.call(Executors.java:511) [na:1.8.0_265]
	at java.util.concurrent.FutureTask.run(FutureTask.java:266) [na:1.8.0_265]
	at java.util.concurrent.ThreadPoolExecutor.runWorker(ThreadPoolExecutor.java:1149) [na:1.8.0_265]
	at java.util.concurrent.ThreadPoolExecutor$Worker.run(ThreadPoolExecutor.java:624) [na:1.8.0_265]
	at java.lang.Thread.run(Thread.java:748) [na:1.8.0_265]
Aug 14, 2020 5:24:33 AM org.openqa.selenium.remote.ProtocolHandshake createSession
[MASTER] 13:24:33.267 [Thread-3] ERROR ExternalProcessHandler - Aug 14, 2020 5:24:33 AM org.openqa.selenium.remote.ProtocolHandshake createSession

INFO: Detected dialect: OSS
[MASTER] 13:24:33.267 [Thread-3] ERROR ExternalProcessHandler - INFO: Detected dialect: OSS

Aug 14, 2020 5:24:36 AM org.openqa.selenium.remote.ProtocolHandshake createSession
[MASTER] 13:24:36.239 [Thread-3] ERROR ExternalProcessHandler - Aug 14, 2020 5:24:36 AM org.openqa.selenium.remote.ProtocolHandshake createSession

INFO: Detected dialect: OSS
[MASTER] 13:24:36.239 [Thread-3] ERROR ExternalProcessHandler - INFO: Detected dialect: OSS

Aug 14, 2020 5:24:44 AM org.openqa.selenium.remote.ProtocolHandshake createSession
[MASTER] 13:24:44.725 [Thread-3] ERROR ExternalProcessHandler - Aug 14, 2020 5:24:44 AM org.openqa.selenium.remote.ProtocolHandshake createSession

INFO: Detected dialect: OSS
[MASTER] 13:24:44.725 [Thread-3] ERROR ExternalProcessHandler - INFO: Detected dialect: OSS

Aug 14, 2020 5:24:58 AM org.openqa.selenium.remote.ProtocolHandshake createSession
[MASTER] 13:24:58.940 [Thread-3] ERROR ExternalProcessHandler - Aug 14, 2020 5:24:58 AM org.openqa.selenium.remote.ProtocolHandshake createSession

INFO: Detected dialect: OSS
[MASTER] 13:24:58.941 [Thread-3] ERROR ExternalProcessHandler - INFO: Detected dialect: OSS

[MASTER] 13:25:18.544 [logback-2] ERROR TestCaseExecutor - TG: Exception caught: 
java.lang.IllegalStateException: Test generation failed: page object bug.
	at org.evosuite.testcase.execution.TestCaseExecutor.runTest(TestCaseExecutor.java:322) ~[evosuite-client-1.0.4-SNAPSHOT.jar:na]
	at org.evosuite.testcase.TestFitnessFunction.runTest(TestFitnessFunction.java:91) [evosuite-client-1.0.4-SNAPSHOT.jar:na]
	at org.evosuite.testcase.TestFitnessFunction.getFitness(TestFitnessFunction.java:60) [evosuite-client-1.0.4-SNAPSHOT.jar:na]
	at org.evosuite.testcase.TestFitnessFunction.getFitness(TestFitnessFunction.java:34) [evosuite-client-1.0.4-SNAPSHOT.jar:na]
	at org.evosuite.ga.metaheuristics.art.AdaptiveRandomSearch.calculateFitness(AdaptiveRandomSearch.java:312) [evosuite-client-1.0.4-SNAPSHOT.jar:na]
	at org.evosuite.ga.metaheuristics.art.AdaptiveRandomSearch.evolve(AdaptiveRandomSearch.java:139) [evosuite-client-1.0.4-SNAPSHOT.jar:na]
	at org.evosuite.ga.metaheuristics.art.AdaptiveRandomSearch.generateSolution(AdaptiveRandomSearch.java:270) [evosuite-client-1.0.4-SNAPSHOT.jar:na]
	at org.evosuite.strategy.AdaptiveRandomTestStrategy.generateTests(AdaptiveRandomTestStrategy.java:118) [evosuite-client-1.0.4-SNAPSHOT.jar:na]
	at org.evosuite.TestSuiteGenerator.generateTests(TestSuiteGenerator.java:654) [evosuite-client-1.0.4-SNAPSHOT.jar:na]
	at org.evosuite.TestSuiteGenerator.generateTestSuite(TestSuiteGenerator.java:213) [evosuite-client-1.0.4-SNAPSHOT.jar:na]
	at org.evosuite.rmi.service.ClientNodeImpl$1.run(ClientNodeImpl.java:145) [evosuite-client-1.0.4-SNAPSHOT.jar:na]
	at java.util.concurrent.Executors$RunnableAdapter.call(Executors.java:511) [na:1.8.0_265]
	at java.util.concurrent.FutureTask.run(FutureTask.java:266) [na:1.8.0_265]
	at java.util.concurrent.ThreadPoolExecutor.runWorker(ThreadPoolExecutor.java:1149) [na:1.8.0_265]
	at java.util.concurrent.ThreadPoolExecutor$Worker.run(ThreadPoolExecutor.java:624) [na:1.8.0_265]
	at java.lang.Thread.run(Thread.java:748) [na:1.8.0_265]
Aug 14, 2020 5:25:18 AM org.openqa.selenium.remote.ProtocolHandshake createSession
[MASTER] 13:25:18.755 [Thread-3] ERROR ExternalProcessHandler - Aug 14, 2020 5:25:18 AM org.openqa.selenium.remote.ProtocolHandshake createSession

INFO: Detected dialect: OSS
[MASTER] 13:25:18.755 [Thread-3] ERROR ExternalProcessHandler - INFO: Detected dialect: OSS

Aug 14, 2020 5:25:20 AM org.openqa.selenium.remote.ProtocolHandshake createSession
[MASTER] 13:25:20.318 [Thread-3] ERROR ExternalProcessHandler - Aug 14, 2020 5:25:20 AM org.openqa.selenium.remote.ProtocolHandshake createSession

INFO: Detected dialect: OSS
[MASTER] 13:25:20.319 [Thread-3] ERROR ExternalProcessHandler - INFO: Detected dialect: OSS

Aug 14, 2020 5:25:23 AM po_utils.PageObjectLogging logInfo
[MASTER] 13:25:23.067 [Thread-3] ERROR ExternalProcessHandler - Aug 14, 2020 5:25:23 AM po_utils.PageObjectLogging logInfo

INFO: waitForElementBeingPresentOnPage timeout exception: unable to locate the element By.xpath: //button[text()="Create a new session"]
[MASTER] 13:25:23.068 [Thread-3] ERROR ExternalProcessHandler - INFO: waitForElementBeingPresentOnPage timeout exception: unable to locate the element By.xpath: //button[text()="Create a new session"]


[MASTER] 13:25:23.068 [Thread-3] ERROR ExternalProcessHandler - 


[MASTER] 13:25:23.068 [Thread-3] ERROR ExternalProcessHandler - 

Aug 14, 2020 5:25:23 AM org.openqa.selenium.remote.ProtocolHandshake createSession
[MASTER] 13:25:23.560 [Thread-3] ERROR ExternalProcessHandler - Aug 14, 2020 5:25:23 AM org.openqa.selenium.remote.ProtocolHandshake createSession

INFO: Detected dialect: OSS
[MASTER] 13:25:23.560 [Thread-3] ERROR ExternalProcessHandler - INFO: Detected dialect: OSS

Aug 14, 2020 5:25:24 AM org.openqa.selenium.remote.ProtocolHandshake createSession
[MASTER] 13:25:24.958 [Thread-3] ERROR ExternalProcessHandler - Aug 14, 2020 5:25:24 AM org.openqa.selenium.remote.ProtocolHandshake createSession

INFO: Detected dialect: OSS
[MASTER] 13:25:24.959 [Thread-3] ERROR ExternalProcessHandler - INFO: Detected dialect: OSS

Aug 14, 2020 5:25:27 AM org.openqa.selenium.remote.ProtocolHandshake createSession
[MASTER] 13:25:27.383 [Thread-3] ERROR ExternalProcessHandler - Aug 14, 2020 5:25:27 AM org.openqa.selenium.remote.ProtocolHandshake createSession

INFO: Detected dialect: OSS
[MASTER] 13:25:27.383 [Thread-3] ERROR ExternalProcessHandler - INFO: Detected dialect: OSS

Aug 14, 2020 5:25:28 AM org.openqa.selenium.remote.ProtocolHandshake createSession
[MASTER] 13:25:28.442 [Thread-3] ERROR ExternalProcessHandler - Aug 14, 2020 5:25:28 AM org.openqa.selenium.remote.ProtocolHandshake createSession

INFO: Detected dialect: OSS
[MASTER] 13:25:28.442 [Thread-3] ERROR ExternalProcessHandler - INFO: Detected dialect: OSS

Aug 14, 2020 5:25:31 AM org.openqa.selenium.remote.ProtocolHandshake createSession
[MASTER] 13:25:31.333 [Thread-3] ERROR ExternalProcessHandler - Aug 14, 2020 5:25:31 AM org.openqa.selenium.remote.ProtocolHandshake createSession

INFO: Detected dialect: OSS
[MASTER] 13:25:31.333 [Thread-3] ERROR ExternalProcessHandler - INFO: Detected dialect: OSS

Aug 14, 2020 5:25:39 AM org.openqa.selenium.remote.ProtocolHandshake createSession
[MASTER] 13:25:39.702 [Thread-3] ERROR ExternalProcessHandler - Aug 14, 2020 5:25:39 AM org.openqa.selenium.remote.ProtocolHandshake createSession

INFO: Detected dialect: OSS
[MASTER] 13:25:39.703 [Thread-3] ERROR ExternalProcessHandler - INFO: Detected dialect: OSS

Aug 14, 2020 5:25:53 AM org.openqa.selenium.remote.ProtocolHandshake createSession
[MASTER] 13:25:53.547 [Thread-3] ERROR ExternalProcessHandler - Aug 14, 2020 5:25:53 AM org.openqa.selenium.remote.ProtocolHandshake createSession

INFO: Detected dialect: OSS
[MASTER] 13:25:53.547 [Thread-3] ERROR ExternalProcessHandler - INFO: Detected dialect: OSS

[MASTER] 13:26:12.687 [logback-2] ERROR TestCaseExecutor - TG: Exception caught: 
java.lang.IllegalStateException: Test generation failed: page object bug.
	at org.evosuite.testcase.execution.TestCaseExecutor.runTest(TestCaseExecutor.java:322) ~[evosuite-client-1.0.4-SNAPSHOT.jar:na]
	at org.evosuite.testcase.TestFitnessFunction.runTest(TestFitnessFunction.java:91) [evosuite-client-1.0.4-SNAPSHOT.jar:na]
	at org.evosuite.testcase.TestFitnessFunction.getFitness(TestFitnessFunction.java:60) [evosuite-client-1.0.4-SNAPSHOT.jar:na]
	at org.evosuite.testcase.TestFitnessFunction.getFitness(TestFitnessFunction.java:34) [evosuite-client-1.0.4-SNAPSHOT.jar:na]
	at org.evosuite.ga.metaheuristics.art.AdaptiveRandomSearch.calculateFitness(AdaptiveRandomSearch.java:312) [evosuite-client-1.0.4-SNAPSHOT.jar:na]
	at org.evosuite.ga.metaheuristics.art.AdaptiveRandomSearch.evolve(AdaptiveRandomSearch.java:139) [evosuite-client-1.0.4-SNAPSHOT.jar:na]
	at org.evosuite.ga.metaheuristics.art.AdaptiveRandomSearch.generateSolution(AdaptiveRandomSearch.java:270) [evosuite-client-1.0.4-SNAPSHOT.jar:na]
	at org.evosuite.strategy.AdaptiveRandomTestStrategy.generateTests(AdaptiveRandomTestStrategy.java:118) [evosuite-client-1.0.4-SNAPSHOT.jar:na]
	at org.evosuite.TestSuiteGenerator.generateTests(TestSuiteGenerator.java:654) [evosuite-client-1.0.4-SNAPSHOT.jar:na]
	at org.evosuite.TestSuiteGenerator.generateTestSuite(TestSuiteGenerator.java:213) [evosuite-client-1.0.4-SNAPSHOT.jar:na]
	at org.evosuite.rmi.service.ClientNodeImpl$1.run(ClientNodeImpl.java:145) [evosuite-client-1.0.4-SNAPSHOT.jar:na]
	at java.util.concurrent.Executors$RunnableAdapter.call(Executors.java:511) [na:1.8.0_265]
	at java.util.concurrent.FutureTask.run(FutureTask.java:266) [na:1.8.0_265]
	at java.util.concurrent.ThreadPoolExecutor.runWorker(ThreadPoolExecutor.java:1149) [na:1.8.0_265]
	at java.util.concurrent.ThreadPoolExecutor$Worker.run(ThreadPoolExecutor.java:624) [na:1.8.0_265]
	at java.lang.Thread.run(Thread.java:748) [na:1.8.0_265]
Aug 14, 2020 5:26:12 AM org.openqa.selenium.remote.ProtocolHandshake createSession
[MASTER] 13:26:12.904 [Thread-3] ERROR ExternalProcessHandler - Aug 14, 2020 5:26:12 AM org.openqa.selenium.remote.ProtocolHandshake createSession

INFO: Detected dialect: OSS
[MASTER] 13:26:12.904 [Thread-3] ERROR ExternalProcessHandler - INFO: Detected dialect: OSS

Aug 14, 2020 5:26:14 AM org.openqa.selenium.remote.ProtocolHandshake createSession
[MASTER] 13:26:14.014 [Thread-3] ERROR ExternalProcessHandler - Aug 14, 2020 5:26:14 AM org.openqa.selenium.remote.ProtocolHandshake createSession

INFO: Detected dialect: OSS
[MASTER] 13:26:14.014 [Thread-3] ERROR ExternalProcessHandler - INFO: Detected dialect: OSS

Aug 14, 2020 5:26:16 AM org.openqa.selenium.remote.ProtocolHandshake createSession
[MASTER] 13:26:16.714 [Thread-3] ERROR ExternalProcessHandler - Aug 14, 2020 5:26:16 AM org.openqa.selenium.remote.ProtocolHandshake createSession

INFO: Detected dialect: OSS
[MASTER] 13:26:16.715 [Thread-3] ERROR ExternalProcessHandler - INFO: Detected dialect: OSS

Aug 14, 2020 5:26:25 AM org.openqa.selenium.remote.ProtocolHandshake createSession
[MASTER] 13:26:25.221 [Thread-3] ERROR ExternalProcessHandler - Aug 14, 2020 5:26:25 AM org.openqa.selenium.remote.ProtocolHandshake createSession

INFO: Detected dialect: OSS
[MASTER] 13:26:25.221 [Thread-3] ERROR ExternalProcessHandler - INFO: Detected dialect: OSS

Aug 14, 2020 5:26:39 AM org.openqa.selenium.remote.ProtocolHandshake createSession
[MASTER] 13:26:39.370 [Thread-3] ERROR ExternalProcessHandler - Aug 14, 2020 5:26:39 AM org.openqa.selenium.remote.ProtocolHandshake createSession

INFO: Detected dialect: OSS
[MASTER] 13:26:39.370 [Thread-3] ERROR ExternalProcessHandler - INFO: Detected dialect: OSS

[MASTER] 13:26:59.182 [logback-2] ERROR TestCaseExecutor - TG: Exception caught: 
java.lang.IllegalStateException: Test generation failed: page object bug.
	at org.evosuite.testcase.execution.TestCaseExecutor.runTest(TestCaseExecutor.java:322) ~[evosuite-client-1.0.4-SNAPSHOT.jar:na]
	at org.evosuite.testcase.TestFitnessFunction.runTest(TestFitnessFunction.java:91) [evosuite-client-1.0.4-SNAPSHOT.jar:na]
	at org.evosuite.testcase.TestFitnessFunction.getFitness(TestFitnessFunction.java:60) [evosuite-client-1.0.4-SNAPSHOT.jar:na]
	at org.evosuite.testcase.TestFitnessFunction.getFitness(TestFitnessFunction.java:34) [evosuite-client-1.0.4-SNAPSHOT.jar:na]
	at org.evosuite.ga.metaheuristics.art.AdaptiveRandomSearch.calculateFitness(AdaptiveRandomSearch.java:312) [evosuite-client-1.0.4-SNAPSHOT.jar:na]
	at org.evosuite.ga.metaheuristics.art.AdaptiveRandomSearch.evolve(AdaptiveRandomSearch.java:139) [evosuite-client-1.0.4-SNAPSHOT.jar:na]
	at org.evosuite.ga.metaheuristics.art.AdaptiveRandomSearch.generateSolution(AdaptiveRandomSearch.java:270) [evosuite-client-1.0.4-SNAPSHOT.jar:na]
	at org.evosuite.strategy.AdaptiveRandomTestStrategy.generateTests(AdaptiveRandomTestStrategy.java:118) [evosuite-client-1.0.4-SNAPSHOT.jar:na]
	at org.evosuite.TestSuiteGenerator.generateTests(TestSuiteGenerator.java:654) [evosuite-client-1.0.4-SNAPSHOT.jar:na]
	at org.evosuite.TestSuiteGenerator.generateTestSuite(TestSuiteGenerator.java:213) [evosuite-client-1.0.4-SNAPSHOT.jar:na]
	at org.evosuite.rmi.service.ClientNodeImpl$1.run(ClientNodeImpl.java:145) [evosuite-client-1.0.4-SNAPSHOT.jar:na]
	at java.util.concurrent.Executors$RunnableAdapter.call(Executors.java:511) [na:1.8.0_265]
	at java.util.concurrent.FutureTask.run(FutureTask.java:266) [na:1.8.0_265]
	at java.util.concurrent.ThreadPoolExecutor.runWorker(ThreadPoolExecutor.java:1149) [na:1.8.0_265]
	at java.util.concurrent.ThreadPoolExecutor$Worker.run(ThreadPoolExecutor.java:624) [na:1.8.0_265]
	at java.lang.Thread.run(Thread.java:748) [na:1.8.0_265]
Aug 14, 2020 5:26:59 AM org.openqa.selenium.remote.ProtocolHandshake createSession
[MASTER] 13:26:59.407 [Thread-3] ERROR ExternalProcessHandler - Aug 14, 2020 5:26:59 AM org.openqa.selenium.remote.ProtocolHandshake createSession

INFO: Detected dialect: OSS
[MASTER] 13:26:59.408 [Thread-3] ERROR ExternalProcessHandler - INFO: Detected dialect: OSS

Aug 14, 2020 5:27:03 AM org.openqa.selenium.remote.ProtocolHandshake createSession
[MASTER] 13:27:03.160 [Thread-3] ERROR ExternalProcessHandler - Aug 14, 2020 5:27:03 AM org.openqa.selenium.remote.ProtocolHandshake createSession

INFO: Detected dialect: OSS
[MASTER] 13:27:03.160 [Thread-3] ERROR ExternalProcessHandler - INFO: Detected dialect: OSS

Aug 14, 2020 5:27:12 AM org.openqa.selenium.remote.ProtocolHandshake createSession
[MASTER] 13:27:12.175 [Thread-3] ERROR ExternalProcessHandler - Aug 14, 2020 5:27:12 AM org.openqa.selenium.remote.ProtocolHandshake createSession

INFO: Detected dialect: OSS
[MASTER] 13:27:12.175 [Thread-3] ERROR ExternalProcessHandler - INFO: Detected dialect: OSS

Aug 14, 2020 5:27:26 AM org.openqa.selenium.remote.ProtocolHandshake createSession
[MASTER] 13:27:26.347 [Thread-3] ERROR ExternalProcessHandler - Aug 14, 2020 5:27:26 AM org.openqa.selenium.remote.ProtocolHandshake createSession

INFO: Detected dialect: OSS
[MASTER] 13:27:26.347 [Thread-3] ERROR ExternalProcessHandler - INFO: Detected dialect: OSS

[MASTER] 13:27:45.307 [logback-2] ERROR TestCaseExecutor - TG: Exception caught: 
java.lang.IllegalStateException: Test generation failed: page object bug.
	at org.evosuite.testcase.execution.TestCaseExecutor.runTest(TestCaseExecutor.java:322) ~[evosuite-client-1.0.4-SNAPSHOT.jar:na]
	at org.evosuite.testcase.TestFitnessFunction.runTest(TestFitnessFunction.java:91) [evosuite-client-1.0.4-SNAPSHOT.jar:na]
	at org.evosuite.testcase.TestFitnessFunction.getFitness(TestFitnessFunction.java:60) [evosuite-client-1.0.4-SNAPSHOT.jar:na]
	at org.evosuite.testcase.TestFitnessFunction.getFitness(TestFitnessFunction.java:34) [evosuite-client-1.0.4-SNAPSHOT.jar:na]
	at org.evosuite.ga.metaheuristics.art.AdaptiveRandomSearch.calculateFitness(AdaptiveRandomSearch.java:312) [evosuite-client-1.0.4-SNAPSHOT.jar:na]
	at org.evosuite.ga.metaheuristics.art.AdaptiveRandomSearch.evolve(AdaptiveRandomSearch.java:139) [evosuite-client-1.0.4-SNAPSHOT.jar:na]
	at org.evosuite.ga.metaheuristics.art.AdaptiveRandomSearch.generateSolution(AdaptiveRandomSearch.java:270) [evosuite-client-1.0.4-SNAPSHOT.jar:na]
	at org.evosuite.strategy.AdaptiveRandomTestStrategy.generateTests(AdaptiveRandomTestStrategy.java:118) [evosuite-client-1.0.4-SNAPSHOT.jar:na]
	at org.evosuite.TestSuiteGenerator.generateTests(TestSuiteGenerator.java:654) [evosuite-client-1.0.4-SNAPSHOT.jar:na]
	at org.evosuite.TestSuiteGenerator.generateTestSuite(TestSuiteGenerator.java:213) [evosuite-client-1.0.4-SNAPSHOT.jar:na]
	at org.evosuite.rmi.service.ClientNodeImpl$1.run(ClientNodeImpl.java:145) [evosuite-client-1.0.4-SNAPSHOT.jar:na]
	at java.util.concurrent.Executors$RunnableAdapter.call(Executors.java:511) [na:1.8.0_265]
	at java.util.concurrent.FutureTask.run(FutureTask.java:266) [na:1.8.0_265]
	at java.util.concurrent.ThreadPoolExecutor.runWorker(ThreadPoolExecutor.java:1149) [na:1.8.0_265]
	at java.util.concurrent.ThreadPoolExecutor$Worker.run(ThreadPoolExecutor.java:624) [na:1.8.0_265]
	at java.lang.Thread.run(Thread.java:748) [na:1.8.0_265]
Aug 14, 2020 5:27:45 AM org.openqa.selenium.remote.ProtocolHandshake createSession
[MASTER] 13:27:45.534 [Thread-3] ERROR ExternalProcessHandler - Aug 14, 2020 5:27:45 AM org.openqa.selenium.remote.ProtocolHandshake createSession

INFO: Detected dialect: OSS
[MASTER] 13:27:45.534 [Thread-3] ERROR ExternalProcessHandler - INFO: Detected dialect: OSS

Aug 14, 2020 5:27:48 AM org.openqa.selenium.remote.ProtocolHandshake createSession
[MASTER] 13:27:48.136 [Thread-3] ERROR ExternalProcessHandler - Aug 14, 2020 5:27:48 AM org.openqa.selenium.remote.ProtocolHandshake createSession

INFO: Detected dialect: OSS
[MASTER] 13:27:48.136 [Thread-3] ERROR ExternalProcessHandler - INFO: Detected dialect: OSS

Aug 14, 2020 5:27:56 AM org.openqa.selenium.remote.ProtocolHandshake createSession
[MASTER] 13:27:56.710 [Thread-3] ERROR ExternalProcessHandler - Aug 14, 2020 5:27:56 AM org.openqa.selenium.remote.ProtocolHandshake createSession

INFO: Detected dialect: OSS
[MASTER] 13:27:56.710 [Thread-3] ERROR ExternalProcessHandler - INFO: Detected dialect: OSS

Aug 14, 2020 5:28:11 AM org.openqa.selenium.remote.ProtocolHandshake createSession
[MASTER] 13:28:11.148 [Thread-3] ERROR ExternalProcessHandler - Aug 14, 2020 5:28:11 AM org.openqa.selenium.remote.ProtocolHandshake createSession

INFO: Detected dialect: OSS
[MASTER] 13:28:11.149 [Thread-3] ERROR ExternalProcessHandler - INFO: Detected dialect: OSS

[MASTER] 13:28:31.275 [logback-2] ERROR TestCaseExecutor - TG: Exception caught: 
java.lang.IllegalStateException: Test generation failed: page object bug.
	at org.evosuite.testcase.execution.TestCaseExecutor.runTest(TestCaseExecutor.java:322) ~[evosuite-client-1.0.4-SNAPSHOT.jar:na]
	at org.evosuite.testcase.TestFitnessFunction.runTest(TestFitnessFunction.java:91) [evosuite-client-1.0.4-SNAPSHOT.jar:na]
	at org.evosuite.testcase.TestFitnessFunction.getFitness(TestFitnessFunction.java:60) [evosuite-client-1.0.4-SNAPSHOT.jar:na]
	at org.evosuite.testcase.TestFitnessFunction.getFitness(TestFitnessFunction.java:34) [evosuite-client-1.0.4-SNAPSHOT.jar:na]
	at org.evosuite.ga.metaheuristics.art.AdaptiveRandomSearch.calculateFitness(AdaptiveRandomSearch.java:312) [evosuite-client-1.0.4-SNAPSHOT.jar:na]
	at org.evosuite.ga.metaheuristics.art.AdaptiveRandomSearch.evolve(AdaptiveRandomSearch.java:139) [evosuite-client-1.0.4-SNAPSHOT.jar:na]
	at org.evosuite.ga.metaheuristics.art.AdaptiveRandomSearch.generateSolution(AdaptiveRandomSearch.java:270) [evosuite-client-1.0.4-SNAPSHOT.jar:na]
	at org.evosuite.strategy.AdaptiveRandomTestStrategy.generateTests(AdaptiveRandomTestStrategy.java:118) [evosuite-client-1.0.4-SNAPSHOT.jar:na]
	at org.evosuite.TestSuiteGenerator.generateTests(TestSuiteGenerator.java:654) [evosuite-client-1.0.4-SNAPSHOT.jar:na]
	at org.evosuite.TestSuiteGenerator.generateTestSuite(TestSuiteGenerator.java:213) [evosuite-client-1.0.4-SNAPSHOT.jar:na]
	at org.evosuite.rmi.service.ClientNodeImpl$1.run(ClientNodeImpl.java:145) [evosuite-client-1.0.4-SNAPSHOT.jar:na]
	at java.util.concurrent.Executors$RunnableAdapter.call(Executors.java:511) [na:1.8.0_265]
	at java.util.concurrent.FutureTask.run(FutureTask.java:266) [na:1.8.0_265]
	at java.util.concurrent.ThreadPoolExecutor.runWorker(ThreadPoolExecutor.java:1149) [na:1.8.0_265]
	at java.util.concurrent.ThreadPoolExecutor$Worker.run(ThreadPoolExecutor.java:624) [na:1.8.0_265]
	at java.lang.Thread.run(Thread.java:748) [na:1.8.0_265]
Aug 14, 2020 5:28:31 AM org.openqa.selenium.remote.ProtocolHandshake createSession
[MASTER] 13:28:31.491 [Thread-3] ERROR ExternalProcessHandler - Aug 14, 2020 5:28:31 AM org.openqa.selenium.remote.ProtocolHandshake createSession

INFO: Detected dialect: OSS
[MASTER] 13:28:31.491 [Thread-3] ERROR ExternalProcessHandler - INFO: Detected dialect: OSS

Aug 14, 2020 5:28:32 AM org.openqa.selenium.remote.ProtocolHandshake createSession
[MASTER] 13:28:32.530 [Thread-3] ERROR ExternalProcessHandler - Aug 14, 2020 5:28:32 AM org.openqa.selenium.remote.ProtocolHandshake createSession

INFO: Detected dialect: OSS
[MASTER] 13:28:32.530 [Thread-3] ERROR ExternalProcessHandler - INFO: Detected dialect: OSS

Aug 14, 2020 5:28:33 AM org.openqa.selenium.remote.ProtocolHandshake createSession
[MASTER] 13:28:33.439 [Thread-3] ERROR ExternalProcessHandler - Aug 14, 2020 5:28:33 AM org.openqa.selenium.remote.ProtocolHandshake createSession

INFO: Detected dialect: OSS
[MASTER] 13:28:33.439 [Thread-3] ERROR ExternalProcessHandler - INFO: Detected dialect: OSS

Aug 14, 2020 5:28:36 AM org.openqa.selenium.remote.ProtocolHandshake createSession
[MASTER] 13:28:36.364 [Thread-3] ERROR ExternalProcessHandler - Aug 14, 2020 5:28:36 AM org.openqa.selenium.remote.ProtocolHandshake createSession

INFO: Detected dialect: OSS
[MASTER] 13:28:36.364 [Thread-3] ERROR ExternalProcessHandler - INFO: Detected dialect: OSS

Aug 14, 2020 5:28:38 AM po_utils.PageObjectLogging logInfo
[MASTER] 13:28:38.900 [Thread-3] ERROR ExternalProcessHandler - Aug 14, 2020 5:28:38 AM po_utils.PageObjectLogging logInfo

INFO: waitForElementBeingPresentOnPage timeout exception: unable to locate the element By.xpath: //button[text()="Create a new session"]
[MASTER] 13:28:38.901 [Thread-3] ERROR ExternalProcessHandler - INFO: waitForElementBeingPresentOnPage timeout exception: unable to locate the element By.xpath: //button[text()="Create a new session"]


[MASTER] 13:28:38.901 [Thread-3] ERROR ExternalProcessHandler - 


[MASTER] 13:28:38.901 [Thread-3] ERROR ExternalProcessHandler - 

Aug 14, 2020 5:28:39 AM org.openqa.selenium.remote.ProtocolHandshake createSession
[MASTER] 13:28:39.342 [Thread-3] ERROR ExternalProcessHandler - Aug 14, 2020 5:28:39 AM org.openqa.selenium.remote.ProtocolHandshake createSession

INFO: Detected dialect: OSS
[MASTER] 13:28:39.342 [Thread-3] ERROR ExternalProcessHandler - INFO: Detected dialect: OSS

Aug 14, 2020 5:28:40 AM org.openqa.selenium.remote.ProtocolHandshake createSession
[MASTER] 13:28:40.313 [Thread-3] ERROR ExternalProcessHandler - Aug 14, 2020 5:28:40 AM org.openqa.selenium.remote.ProtocolHandshake createSession

INFO: Detected dialect: OSS
[MASTER] 13:28:40.313 [Thread-3] ERROR ExternalProcessHandler - INFO: Detected dialect: OSS

Aug 14, 2020 5:28:41 AM org.openqa.selenium.remote.ProtocolHandshake createSession
[MASTER] 13:28:41.634 [Thread-3] ERROR ExternalProcessHandler - Aug 14, 2020 5:28:41 AM org.openqa.selenium.remote.ProtocolHandshake createSession

INFO: Detected dialect: OSS
[MASTER] 13:28:41.635 [Thread-3] ERROR ExternalProcessHandler - INFO: Detected dialect: OSS

Aug 14, 2020 5:28:42 AM po_utils.PageObjectLogging logInfo
[MASTER] 13:28:42.847 [Thread-3] ERROR ExternalProcessHandler - Aug 14, 2020 5:28:42 AM po_utils.PageObjectLogging logInfo

INFO: waitForElementBeingPresentOnPage timeout exception: unable to locate the element By.xpath: //button[text()="Create a new session"]
[MASTER] 13:28:42.848 [Thread-3] ERROR ExternalProcessHandler - INFO: waitForElementBeingPresentOnPage timeout exception: unable to locate the element By.xpath: //button[text()="Create a new session"]


[MASTER] 13:28:42.848 [Thread-3] ERROR ExternalProcessHandler - 


[MASTER] 13:28:42.848 [Thread-3] ERROR ExternalProcessHandler - 

Aug 14, 2020 5:28:44 AM org.openqa.selenium.remote.ProtocolHandshake createSession
[MASTER] 13:28:44.013 [Thread-3] ERROR ExternalProcessHandler - Aug 14, 2020 5:28:44 AM org.openqa.selenium.remote.ProtocolHandshake createSession

INFO: Detected dialect: OSS
[MASTER] 13:28:44.013 [Thread-3] ERROR ExternalProcessHandler - INFO: Detected dialect: OSS

Aug 14, 2020 5:28:47 AM org.openqa.selenium.remote.ProtocolHandshake createSession
[MASTER] 13:28:47.133 [Thread-3] ERROR ExternalProcessHandler - Aug 14, 2020 5:28:47 AM org.openqa.selenium.remote.ProtocolHandshake createSession

INFO: Detected dialect: OSS
[MASTER] 13:28:47.134 [Thread-3] ERROR ExternalProcessHandler - INFO: Detected dialect: OSS

Aug 14, 2020 5:28:56 AM org.openqa.selenium.remote.ProtocolHandshake createSession
[MASTER] 13:28:56.361 [Thread-3] ERROR ExternalProcessHandler - Aug 14, 2020 5:28:56 AM org.openqa.selenium.remote.ProtocolHandshake createSession

INFO: Detected dialect: OSS
[MASTER] 13:28:56.361 [Thread-3] ERROR ExternalProcessHandler - INFO: Detected dialect: OSS

Aug 14, 2020 5:29:11 AM org.openqa.selenium.remote.ProtocolHandshake createSession
[MASTER] 13:29:11.625 [Thread-3] ERROR ExternalProcessHandler - Aug 14, 2020 5:29:11 AM org.openqa.selenium.remote.ProtocolHandshake createSession

INFO: Detected dialect: OSS
[MASTER] 13:29:11.625 [Thread-3] ERROR ExternalProcessHandler - INFO: Detected dialect: OSS

[MASTER] 13:29:32.941 [logback-2] ERROR TestCaseExecutor - TG: Exception caught: 
java.lang.IllegalStateException: Test generation failed: page object bug.
	at org.evosuite.testcase.execution.TestCaseExecutor.runTest(TestCaseExecutor.java:322) ~[evosuite-client-1.0.4-SNAPSHOT.jar:na]
	at org.evosuite.testcase.TestFitnessFunction.runTest(TestFitnessFunction.java:91) [evosuite-client-1.0.4-SNAPSHOT.jar:na]
	at org.evosuite.testcase.TestFitnessFunction.getFitness(TestFitnessFunction.java:60) [evosuite-client-1.0.4-SNAPSHOT.jar:na]
	at org.evosuite.testcase.TestFitnessFunction.getFitness(TestFitnessFunction.java:34) [evosuite-client-1.0.4-SNAPSHOT.jar:na]
	at org.evosuite.ga.metaheuristics.art.AdaptiveRandomSearch.calculateFitness(AdaptiveRandomSearch.java:312) [evosuite-client-1.0.4-SNAPSHOT.jar:na]
	at org.evosuite.ga.metaheuristics.art.AdaptiveRandomSearch.evolve(AdaptiveRandomSearch.java:139) [evosuite-client-1.0.4-SNAPSHOT.jar:na]
	at org.evosuite.ga.metaheuristics.art.AdaptiveRandomSearch.generateSolution(AdaptiveRandomSearch.java:270) [evosuite-client-1.0.4-SNAPSHOT.jar:na]
	at org.evosuite.strategy.AdaptiveRandomTestStrategy.generateTests(AdaptiveRandomTestStrategy.java:118) [evosuite-client-1.0.4-SNAPSHOT.jar:na]
	at org.evosuite.TestSuiteGenerator.generateTests(TestSuiteGenerator.java:654) [evosuite-client-1.0.4-SNAPSHOT.jar:na]
	at org.evosuite.TestSuiteGenerator.generateTestSuite(TestSuiteGenerator.java:213) [evosuite-client-1.0.4-SNAPSHOT.jar:na]
	at org.evosuite.rmi.service.ClientNodeImpl$1.run(ClientNodeImpl.java:145) [evosuite-client-1.0.4-SNAPSHOT.jar:na]
	at java.util.concurrent.Executors$RunnableAdapter.call(Executors.java:511) [na:1.8.0_265]
	at java.util.concurrent.FutureTask.run(FutureTask.java:266) [na:1.8.0_265]
	at java.util.concurrent.ThreadPoolExecutor.runWorker(ThreadPoolExecutor.java:1149) [na:1.8.0_265]
	at java.util.concurrent.ThreadPoolExecutor$Worker.run(ThreadPoolExecutor.java:624) [na:1.8.0_265]
	at java.lang.Thread.run(Thread.java:748) [na:1.8.0_265]
Aug 14, 2020 5:29:33 AM org.openqa.selenium.remote.ProtocolHandshake createSession
[MASTER] 13:29:33.159 [Thread-3] ERROR ExternalProcessHandler - Aug 14, 2020 5:29:33 AM org.openqa.selenium.remote.ProtocolHandshake createSession

INFO: Detected dialect: OSS
[MASTER] 13:29:33.159 [Thread-3] ERROR ExternalProcessHandler - INFO: Detected dialect: OSS

Aug 14, 2020 5:29:34 AM org.openqa.selenium.remote.ProtocolHandshake createSession
[MASTER] 13:29:34.420 [Thread-3] ERROR ExternalProcessHandler - Aug 14, 2020 5:29:34 AM org.openqa.selenium.remote.ProtocolHandshake createSession

INFO: Detected dialect: OSS
[MASTER] 13:29:34.420 [Thread-3] ERROR ExternalProcessHandler - INFO: Detected dialect: OSS

Aug 14, 2020 5:29:37 AM po_utils.PageObjectLogging logInfo
[MASTER] 13:29:37.431 [Thread-3] ERROR ExternalProcessHandler - Aug 14, 2020 5:29:37 AM po_utils.PageObjectLogging logInfo

INFO: waitForElementBeingPresentOnPage timeout exception: unable to locate the element By.xpath: //button[text()="Create a new session"]
[MASTER] 13:29:37.432 [Thread-3] ERROR ExternalProcessHandler - INFO: waitForElementBeingPresentOnPage timeout exception: unable to locate the element By.xpath: //button[text()="Create a new session"]


[MASTER] 13:29:37.432 [Thread-3] ERROR ExternalProcessHandler - 


[MASTER] 13:29:37.432 [Thread-3] ERROR ExternalProcessHandler - 

Aug 14, 2020 5:29:37 AM org.openqa.selenium.remote.ProtocolHandshake createSession
[MASTER] 13:29:37.881 [Thread-3] ERROR ExternalProcessHandler - Aug 14, 2020 5:29:37 AM org.openqa.selenium.remote.ProtocolHandshake createSession

INFO: Detected dialect: OSS
[MASTER] 13:29:37.882 [Thread-3] ERROR ExternalProcessHandler - INFO: Detected dialect: OSS

Aug 14, 2020 5:29:38 AM org.openqa.selenium.remote.ProtocolHandshake createSession
[MASTER] 13:29:38.910 [Thread-3] ERROR ExternalProcessHandler - Aug 14, 2020 5:29:38 AM org.openqa.selenium.remote.ProtocolHandshake createSession

INFO: Detected dialect: OSS
[MASTER] 13:29:38.910 [Thread-3] ERROR ExternalProcessHandler - INFO: Detected dialect: OSS

Aug 14, 2020 5:29:40 AM org.openqa.selenium.remote.ProtocolHandshake createSession
[MASTER] 13:29:40.002 [Thread-3] ERROR ExternalProcessHandler - Aug 14, 2020 5:29:40 AM org.openqa.selenium.remote.ProtocolHandshake createSession

INFO: Detected dialect: OSS
[MASTER] 13:29:40.002 [Thread-3] ERROR ExternalProcessHandler - INFO: Detected dialect: OSS

Aug 14, 2020 5:29:42 AM org.openqa.selenium.remote.ProtocolHandshake createSession
[MASTER] 13:29:42.194 [Thread-3] ERROR ExternalProcessHandler - Aug 14, 2020 5:29:42 AM org.openqa.selenium.remote.ProtocolHandshake createSession

INFO: Detected dialect: OSS
[MASTER] 13:29:42.194 [Thread-3] ERROR ExternalProcessHandler - INFO: Detected dialect: OSS

Aug 14, 2020 5:29:44 AM org.openqa.selenium.remote.ProtocolHandshake createSession
[MASTER] 13:29:44.056 [Thread-3] ERROR ExternalProcessHandler - Aug 14, 2020 5:29:44 AM org.openqa.selenium.remote.ProtocolHandshake createSession

INFO: Detected dialect: OSS
[MASTER] 13:29:44.056 [Thread-3] ERROR ExternalProcessHandler - INFO: Detected dialect: OSS

Aug 14, 2020 5:29:45 AM org.openqa.selenium.remote.ProtocolHandshake createSession
[MASTER] 13:29:45.865 [Thread-3] ERROR ExternalProcessHandler - Aug 14, 2020 5:29:45 AM org.openqa.selenium.remote.ProtocolHandshake createSession

INFO: Detected dialect: OSS
[MASTER] 13:29:45.865 [Thread-3] ERROR ExternalProcessHandler - INFO: Detected dialect: OSS

Aug 14, 2020 5:29:47 AM org.openqa.selenium.remote.ProtocolHandshake createSession
[MASTER] 13:29:47.597 [Thread-3] ERROR ExternalProcessHandler - Aug 14, 2020 5:29:47 AM org.openqa.selenium.remote.ProtocolHandshake createSession

INFO: Detected dialect: OSS
[MASTER] 13:29:47.598 [Thread-3] ERROR ExternalProcessHandler - INFO: Detected dialect: OSS

Aug 14, 2020 5:29:48 AM org.openqa.selenium.remote.ProtocolHandshake createSession
[MASTER] 13:29:48.737 [Thread-3] ERROR ExternalProcessHandler - Aug 14, 2020 5:29:48 AM org.openqa.selenium.remote.ProtocolHandshake createSession

INFO: Detected dialect: OSS
[MASTER] 13:29:48.737 [Thread-3] ERROR ExternalProcessHandler - INFO: Detected dialect: OSS

Aug 14, 2020 5:29:49 AM org.openqa.selenium.remote.ProtocolHandshake createSession
[MASTER] 13:29:49.935 [Thread-3] ERROR ExternalProcessHandler - Aug 14, 2020 5:29:49 AM org.openqa.selenium.remote.ProtocolHandshake createSession

INFO: Detected dialect: OSS
[MASTER] 13:29:49.935 [Thread-3] ERROR ExternalProcessHandler - INFO: Detected dialect: OSS

Aug 14, 2020 5:29:51 AM po_utils.PageObjectLogging logInfo
[MASTER] 13:29:51.176 [Thread-3] ERROR ExternalProcessHandler - Aug 14, 2020 5:29:51 AM po_utils.PageObjectLogging logInfo

INFO: waitForElementBeingPresentOnPage timeout exception: unable to locate the element By.xpath: //button[text()="Create a new session"]
[MASTER] 13:29:51.177 [Thread-3] ERROR ExternalProcessHandler - INFO: waitForElementBeingPresentOnPage timeout exception: unable to locate the element By.xpath: //button[text()="Create a new session"]


[MASTER] 13:29:51.177 [Thread-3] ERROR ExternalProcessHandler - 


[MASTER] 13:29:51.177 [Thread-3] ERROR ExternalProcessHandler - 

Aug 14, 2020 5:29:52 AM org.openqa.selenium.remote.ProtocolHandshake createSession
[MASTER] 13:29:52.147 [Thread-3] ERROR ExternalProcessHandler - Aug 14, 2020 5:29:52 AM org.openqa.selenium.remote.ProtocolHandshake createSession

INFO: Detected dialect: OSS
[MASTER] 13:29:52.148 [Thread-3] ERROR ExternalProcessHandler - INFO: Detected dialect: OSS

Aug 14, 2020 5:29:55 AM org.openqa.selenium.remote.ProtocolHandshake createSession
[MASTER] 13:29:55.400 [Thread-3] ERROR ExternalProcessHandler - Aug 14, 2020 5:29:55 AM org.openqa.selenium.remote.ProtocolHandshake createSession

INFO: Detected dialect: OSS
[MASTER] 13:29:55.401 [Thread-3] ERROR ExternalProcessHandler - INFO: Detected dialect: OSS

Aug 14, 2020 5:30:05 AM org.openqa.selenium.remote.ProtocolHandshake createSession
[MASTER] 13:30:05.197 [Thread-3] ERROR ExternalProcessHandler - Aug 14, 2020 5:30:05 AM org.openqa.selenium.remote.ProtocolHandshake createSession

INFO: Detected dialect: OSS
[MASTER] 13:30:05.197 [Thread-3] ERROR ExternalProcessHandler - INFO: Detected dialect: OSS

Aug 14, 2020 5:30:21 AM org.openqa.selenium.remote.ProtocolHandshake createSession
[MASTER] 13:30:21.453 [Thread-3] ERROR ExternalProcessHandler - Aug 14, 2020 5:30:21 AM org.openqa.selenium.remote.ProtocolHandshake createSession

INFO: Detected dialect: OSS
[MASTER] 13:30:21.453 [Thread-3] ERROR ExternalProcessHandler - INFO: Detected dialect: OSS

[MASTER] 13:30:44.215 [logback-2] ERROR TestCaseExecutor - TG: Exception caught: 
java.lang.IllegalStateException: Test generation failed: page object bug.
	at org.evosuite.testcase.execution.TestCaseExecutor.runTest(TestCaseExecutor.java:322) ~[evosuite-client-1.0.4-SNAPSHOT.jar:na]
	at org.evosuite.testcase.TestFitnessFunction.runTest(TestFitnessFunction.java:91) [evosuite-client-1.0.4-SNAPSHOT.jar:na]
	at org.evosuite.testcase.TestFitnessFunction.getFitness(TestFitnessFunction.java:60) [evosuite-client-1.0.4-SNAPSHOT.jar:na]
	at org.evosuite.testcase.TestFitnessFunction.getFitness(TestFitnessFunction.java:34) [evosuite-client-1.0.4-SNAPSHOT.jar:na]
	at org.evosuite.ga.metaheuristics.art.AdaptiveRandomSearch.calculateFitness(AdaptiveRandomSearch.java:312) [evosuite-client-1.0.4-SNAPSHOT.jar:na]
	at org.evosuite.ga.metaheuristics.art.AdaptiveRandomSearch.evolve(AdaptiveRandomSearch.java:139) [evosuite-client-1.0.4-SNAPSHOT.jar:na]
	at org.evosuite.ga.metaheuristics.art.AdaptiveRandomSearch.generateSolution(AdaptiveRandomSearch.java:270) [evosuite-client-1.0.4-SNAPSHOT.jar:na]
	at org.evosuite.strategy.AdaptiveRandomTestStrategy.generateTests(AdaptiveRandomTestStrategy.java:118) [evosuite-client-1.0.4-SNAPSHOT.jar:na]
	at org.evosuite.TestSuiteGenerator.generateTests(TestSuiteGenerator.java:654) [evosuite-client-1.0.4-SNAPSHOT.jar:na]
	at org.evosuite.TestSuiteGenerator.generateTestSuite(TestSuiteGenerator.java:213) [evosuite-client-1.0.4-SNAPSHOT.jar:na]
	at org.evosuite.rmi.service.ClientNodeImpl$1.run(ClientNodeImpl.java:145) [evosuite-client-1.0.4-SNAPSHOT.jar:na]
	at java.util.concurrent.Executors$RunnableAdapter.call(Executors.java:511) [na:1.8.0_265]
	at java.util.concurrent.FutureTask.run(FutureTask.java:266) [na:1.8.0_265]
	at java.util.concurrent.ThreadPoolExecutor.runWorker(ThreadPoolExecutor.java:1149) [na:1.8.0_265]
	at java.util.concurrent.ThreadPoolExecutor$Worker.run(ThreadPoolExecutor.java:624) [na:1.8.0_265]
	at java.lang.Thread.run(Thread.java:748) [na:1.8.0_265]
Aug 14, 2020 5:30:44 AM org.openqa.selenium.remote.ProtocolHandshake createSession
[MASTER] 13:30:44.453 [Thread-3] ERROR ExternalProcessHandler - Aug 14, 2020 5:30:44 AM org.openqa.selenium.remote.ProtocolHandshake createSession

INFO: Detected dialect: OSS
[MASTER] 13:30:44.454 [Thread-3] ERROR ExternalProcessHandler - INFO: Detected dialect: OSS

Aug 14, 2020 5:30:45 AM org.openqa.selenium.remote.ProtocolHandshake createSession
[MASTER] 13:30:45.893 [Thread-3] ERROR ExternalProcessHandler - Aug 14, 2020 5:30:45 AM org.openqa.selenium.remote.ProtocolHandshake createSession

INFO: Detected dialect: OSS
[MASTER] 13:30:45.893 [Thread-3] ERROR ExternalProcessHandler - INFO: Detected dialect: OSS

Aug 14, 2020 5:30:46 AM org.openqa.selenium.remote.ProtocolHandshake createSession
[MASTER] 13:30:46.938 [Thread-3] ERROR ExternalProcessHandler - Aug 14, 2020 5:30:46 AM org.openqa.selenium.remote.ProtocolHandshake createSession

INFO: Detected dialect: OSS
[MASTER] 13:30:46.938 [Thread-3] ERROR ExternalProcessHandler - INFO: Detected dialect: OSS

Aug 14, 2020 5:30:48 AM org.openqa.selenium.remote.ProtocolHandshake createSession
[MASTER] 13:30:48.368 [Thread-3] ERROR ExternalProcessHandler - Aug 14, 2020 5:30:48 AM org.openqa.selenium.remote.ProtocolHandshake createSession

INFO: Detected dialect: OSS
[MASTER] 13:30:48.368 [Thread-3] ERROR ExternalProcessHandler - INFO: Detected dialect: OSS

Aug 14, 2020 5:30:49 AM org.openqa.selenium.remote.ProtocolHandshake createSession
[MASTER] 13:30:49.518 [Thread-3] ERROR ExternalProcessHandler - Aug 14, 2020 5:30:49 AM org.openqa.selenium.remote.ProtocolHandshake createSession

INFO: Detected dialect: OSS
[MASTER] 13:30:49.518 [Thread-3] ERROR ExternalProcessHandler - INFO: Detected dialect: OSS

Aug 14, 2020 5:30:51 AM po_utils.PageObjectLogging logInfo
[MASTER] 13:30:51.916 [Thread-3] ERROR ExternalProcessHandler - Aug 14, 2020 5:30:51 AM po_utils.PageObjectLogging logInfo

INFO: waitForElementBeingPresentOnPage timeout exception: unable to locate the element By.xpath: //button[text()="Create a new session"]
[MASTER] 13:30:51.917 [Thread-3] ERROR ExternalProcessHandler - INFO: waitForElementBeingPresentOnPage timeout exception: unable to locate the element By.xpath: //button[text()="Create a new session"]


[MASTER] 13:30:51.917 [Thread-3] ERROR ExternalProcessHandler - 


[MASTER] 13:30:51.917 [Thread-3] ERROR ExternalProcessHandler - 

Aug 14, 2020 5:30:52 AM org.openqa.selenium.remote.ProtocolHandshake createSession
[MASTER] 13:30:52.335 [Thread-3] ERROR ExternalProcessHandler - Aug 14, 2020 5:30:52 AM org.openqa.selenium.remote.ProtocolHandshake createSession

INFO: Detected dialect: OSS
[MASTER] 13:30:52.335 [Thread-3] ERROR ExternalProcessHandler - INFO: Detected dialect: OSS

Aug 14, 2020 5:30:53 AM org.openqa.selenium.remote.ProtocolHandshake createSession
[MASTER] 13:30:53.966 [Thread-3] ERROR ExternalProcessHandler - Aug 14, 2020 5:30:53 AM org.openqa.selenium.remote.ProtocolHandshake createSession

INFO: Detected dialect: OSS
[MASTER] 13:30:53.967 [Thread-3] ERROR ExternalProcessHandler - INFO: Detected dialect: OSS

Aug 14, 2020 5:30:56 AM org.openqa.selenium.remote.ProtocolHandshake createSession
[MASTER] 13:30:56.284 [Thread-3] ERROR ExternalProcessHandler - Aug 14, 2020 5:30:56 AM org.openqa.selenium.remote.ProtocolHandshake createSession

INFO: Detected dialect: OSS
[MASTER] 13:30:56.284 [Thread-3] ERROR ExternalProcessHandler - INFO: Detected dialect: OSS

Aug 14, 2020 5:30:57 AM org.openqa.selenium.remote.ProtocolHandshake createSession
[MASTER] 13:30:57.230 [Thread-3] ERROR ExternalProcessHandler - Aug 14, 2020 5:30:57 AM org.openqa.selenium.remote.ProtocolHandshake createSession

INFO: Detected dialect: OSS
[MASTER] 13:30:57.230 [Thread-3] ERROR ExternalProcessHandler - INFO: Detected dialect: OSS

Aug 14, 2020 5:31:00 AM org.openqa.selenium.remote.ProtocolHandshake createSession
[MASTER] 13:31:00.067 [Thread-3] ERROR ExternalProcessHandler - Aug 14, 2020 5:31:00 AM org.openqa.selenium.remote.ProtocolHandshake createSession

INFO: Detected dialect: OSS
[MASTER] 13:31:00.067 [Thread-3] ERROR ExternalProcessHandler - INFO: Detected dialect: OSS

Aug 14, 2020 5:31:09 AM org.openqa.selenium.remote.ProtocolHandshake createSession
[MASTER] 13:31:09.008 [Thread-3] ERROR ExternalProcessHandler - Aug 14, 2020 5:31:09 AM org.openqa.selenium.remote.ProtocolHandshake createSession

INFO: Detected dialect: OSS
[MASTER] 13:31:09.008 [Thread-3] ERROR ExternalProcessHandler - INFO: Detected dialect: OSS

Aug 14, 2020 5:31:24 AM org.openqa.selenium.remote.ProtocolHandshake createSession
[MASTER] 13:31:24.118 [Thread-3] ERROR ExternalProcessHandler - Aug 14, 2020 5:31:24 AM org.openqa.selenium.remote.ProtocolHandshake createSession

INFO: Detected dialect: OSS
[MASTER] 13:31:24.118 [Thread-3] ERROR ExternalProcessHandler - INFO: Detected dialect: OSS

[MASTER] 13:31:45.379 [logback-2] ERROR TestCaseExecutor - TG: Exception caught: 
java.lang.IllegalStateException: Test generation failed: page object bug.
	at org.evosuite.testcase.execution.TestCaseExecutor.runTest(TestCaseExecutor.java:322) ~[evosuite-client-1.0.4-SNAPSHOT.jar:na]
	at org.evosuite.testcase.TestFitnessFunction.runTest(TestFitnessFunction.java:91) [evosuite-client-1.0.4-SNAPSHOT.jar:na]
	at org.evosuite.testcase.TestFitnessFunction.getFitness(TestFitnessFunction.java:60) [evosuite-client-1.0.4-SNAPSHOT.jar:na]
	at org.evosuite.testcase.TestFitnessFunction.getFitness(TestFitnessFunction.java:34) [evosuite-client-1.0.4-SNAPSHOT.jar:na]
	at org.evosuite.ga.metaheuristics.art.AdaptiveRandomSearch.calculateFitness(AdaptiveRandomSearch.java:312) [evosuite-client-1.0.4-SNAPSHOT.jar:na]
	at org.evosuite.ga.metaheuristics.art.AdaptiveRandomSearch.evolve(AdaptiveRandomSearch.java:139) [evosuite-client-1.0.4-SNAPSHOT.jar:na]
	at org.evosuite.ga.metaheuristics.art.AdaptiveRandomSearch.generateSolution(AdaptiveRandomSearch.java:270) [evosuite-client-1.0.4-SNAPSHOT.jar:na]
	at org.evosuite.strategy.AdaptiveRandomTestStrategy.generateTests(AdaptiveRandomTestStrategy.java:118) [evosuite-client-1.0.4-SNAPSHOT.jar:na]
	at org.evosuite.TestSuiteGenerator.generateTests(TestSuiteGenerator.java:654) [evosuite-client-1.0.4-SNAPSHOT.jar:na]
	at org.evosuite.TestSuiteGenerator.generateTestSuite(TestSuiteGenerator.java:213) [evosuite-client-1.0.4-SNAPSHOT.jar:na]
	at org.evosuite.rmi.service.ClientNodeImpl$1.run(ClientNodeImpl.java:145) [evosuite-client-1.0.4-SNAPSHOT.jar:na]
	at java.util.concurrent.Executors$RunnableAdapter.call(Executors.java:511) [na:1.8.0_265]
	at java.util.concurrent.FutureTask.run(FutureTask.java:266) [na:1.8.0_265]
	at java.util.concurrent.ThreadPoolExecutor.runWorker(ThreadPoolExecutor.java:1149) [na:1.8.0_265]
	at java.util.concurrent.ThreadPoolExecutor$Worker.run(ThreadPoolExecutor.java:624) [na:1.8.0_265]
	at java.lang.Thread.run(Thread.java:748) [na:1.8.0_265]
Aug 14, 2020 5:31:45 AM org.openqa.selenium.remote.ProtocolHandshake createSession
[MASTER] 13:31:45.612 [Thread-3] ERROR ExternalProcessHandler - Aug 14, 2020 5:31:45 AM org.openqa.selenium.remote.ProtocolHandshake createSession

INFO: Detected dialect: OSS
[MASTER] 13:31:45.612 [Thread-3] ERROR ExternalProcessHandler - INFO: Detected dialect: OSS

Aug 14, 2020 5:31:49 AM org.openqa.selenium.remote.ProtocolHandshake createSession
[MASTER] 13:31:49.455 [Thread-3] ERROR ExternalProcessHandler - Aug 14, 2020 5:31:49 AM org.openqa.selenium.remote.ProtocolHandshake createSession

INFO: Detected dialect: OSS
[MASTER] 13:31:49.455 [Thread-3] ERROR ExternalProcessHandler - INFO: Detected dialect: OSS

Aug 14, 2020 5:31:58 AM org.openqa.selenium.remote.ProtocolHandshake createSession
[MASTER] 13:31:58.702 [Thread-3] ERROR ExternalProcessHandler - Aug 14, 2020 5:31:58 AM org.openqa.selenium.remote.ProtocolHandshake createSession

INFO: Detected dialect: OSS
[MASTER] 13:31:58.702 [Thread-3] ERROR ExternalProcessHandler - INFO: Detected dialect: OSS

Aug 14, 2020 5:32:13 AM org.openqa.selenium.remote.ProtocolHandshake createSession
[MASTER] 13:32:13.212 [Thread-3] ERROR ExternalProcessHandler - Aug 14, 2020 5:32:13 AM org.openqa.selenium.remote.ProtocolHandshake createSession

INFO: Detected dialect: OSS
[MASTER] 13:32:13.212 [Thread-3] ERROR ExternalProcessHandler - INFO: Detected dialect: OSS

[MASTER] 13:32:32.938 [logback-2] ERROR TestCaseExecutor - TG: Exception caught: 
java.lang.IllegalStateException: Test generation failed: page object bug.
	at org.evosuite.testcase.execution.TestCaseExecutor.runTest(TestCaseExecutor.java:322) ~[evosuite-client-1.0.4-SNAPSHOT.jar:na]
	at org.evosuite.testcase.TestFitnessFunction.runTest(TestFitnessFunction.java:91) [evosuite-client-1.0.4-SNAPSHOT.jar:na]
	at org.evosuite.testcase.TestFitnessFunction.getFitness(TestFitnessFunction.java:60) [evosuite-client-1.0.4-SNAPSHOT.jar:na]
	at org.evosuite.testcase.TestFitnessFunction.getFitness(TestFitnessFunction.java:34) [evosuite-client-1.0.4-SNAPSHOT.jar:na]
	at org.evosuite.ga.metaheuristics.art.AdaptiveRandomSearch.calculateFitness(AdaptiveRandomSearch.java:312) [evosuite-client-1.0.4-SNAPSHOT.jar:na]
	at org.evosuite.ga.metaheuristics.art.AdaptiveRandomSearch.evolve(AdaptiveRandomSearch.java:139) [evosuite-client-1.0.4-SNAPSHOT.jar:na]
	at org.evosuite.ga.metaheuristics.art.AdaptiveRandomSearch.generateSolution(AdaptiveRandomSearch.java:270) [evosuite-client-1.0.4-SNAPSHOT.jar:na]
	at org.evosuite.strategy.AdaptiveRandomTestStrategy.generateTests(AdaptiveRandomTestStrategy.java:118) [evosuite-client-1.0.4-SNAPSHOT.jar:na]
	at org.evosuite.TestSuiteGenerator.generateTests(TestSuiteGenerator.java:654) [evosuite-client-1.0.4-SNAPSHOT.jar:na]
	at org.evosuite.TestSuiteGenerator.generateTestSuite(TestSuiteGenerator.java:213) [evosuite-client-1.0.4-SNAPSHOT.jar:na]
	at org.evosuite.rmi.service.ClientNodeImpl$1.run(ClientNodeImpl.java:145) [evosuite-client-1.0.4-SNAPSHOT.jar:na]
	at java.util.concurrent.Executors$RunnableAdapter.call(Executors.java:511) [na:1.8.0_265]
	at java.util.concurrent.FutureTask.run(FutureTask.java:266) [na:1.8.0_265]
	at java.util.concurrent.ThreadPoolExecutor.runWorker(ThreadPoolExecutor.java:1149) [na:1.8.0_265]
	at java.util.concurrent.ThreadPoolExecutor$Worker.run(ThreadPoolExecutor.java:624) [na:1.8.0_265]
	at java.lang.Thread.run(Thread.java:748) [na:1.8.0_265]
Aug 14, 2020 5:32:33 AM org.openqa.selenium.remote.ProtocolHandshake createSession
[MASTER] 13:32:33.179 [Thread-3] ERROR ExternalProcessHandler - Aug 14, 2020 5:32:33 AM org.openqa.selenium.remote.ProtocolHandshake createSession

INFO: Detected dialect: OSS
[MASTER] 13:32:33.180 [Thread-3] ERROR ExternalProcessHandler - INFO: Detected dialect: OSS

Aug 14, 2020 5:32:34 AM org.openqa.selenium.remote.ProtocolHandshake createSession
[MASTER] 13:32:34.239 [Thread-3] ERROR ExternalProcessHandler - Aug 14, 2020 5:32:34 AM org.openqa.selenium.remote.ProtocolHandshake createSession

INFO: Detected dialect: OSS
[MASTER] 13:32:34.240 [Thread-3] ERROR ExternalProcessHandler - INFO: Detected dialect: OSS

Aug 14, 2020 5:32:35 AM org.openqa.selenium.remote.ProtocolHandshake createSession
[MASTER] 13:32:35.524 [Thread-3] ERROR ExternalProcessHandler - Aug 14, 2020 5:32:35 AM org.openqa.selenium.remote.ProtocolHandshake createSession

INFO: Detected dialect: OSS
[MASTER] 13:32:35.524 [Thread-3] ERROR ExternalProcessHandler - INFO: Detected dialect: OSS

Aug 14, 2020 5:32:36 AM org.openqa.selenium.remote.ProtocolHandshake createSession
[MASTER] 13:32:36.840 [Thread-3] ERROR ExternalProcessHandler - Aug 14, 2020 5:32:36 AM org.openqa.selenium.remote.ProtocolHandshake createSession

INFO: Detected dialect: OSS
[MASTER] 13:32:36.840 [Thread-3] ERROR ExternalProcessHandler - INFO: Detected dialect: OSS

Aug 14, 2020 5:32:37 AM org.openqa.selenium.remote.ProtocolHandshake createSession
[MASTER] 13:32:37.810 [Thread-3] ERROR ExternalProcessHandler - Aug 14, 2020 5:32:37 AM org.openqa.selenium.remote.ProtocolHandshake createSession

INFO: Detected dialect: OSS
[MASTER] 13:32:37.810 [Thread-3] ERROR ExternalProcessHandler - INFO: Detected dialect: OSS

Aug 14, 2020 5:32:39 AM po_utils.PageObjectLogging logInfo
[MASTER] 13:32:39.095 [Thread-3] ERROR ExternalProcessHandler - Aug 14, 2020 5:32:39 AM po_utils.PageObjectLogging logInfo

INFO: waitForElementBeingPresentOnPage timeout exception: unable to locate the element By.xpath: //button[text()="Create a new session"]
[MASTER] 13:32:39.095 [Thread-3] ERROR ExternalProcessHandler - INFO: waitForElementBeingPresentOnPage timeout exception: unable to locate the element By.xpath: //button[text()="Create a new session"]


[MASTER] 13:32:39.095 [Thread-3] ERROR ExternalProcessHandler - 


[MASTER] 13:32:39.095 [Thread-3] ERROR ExternalProcessHandler - 

Aug 14, 2020 5:32:40 AM po_utils.PageObjectLogging logInfo
[MASTER] 13:32:40.591 [Thread-3] ERROR ExternalProcessHandler - Aug 14, 2020 5:32:40 AM po_utils.PageObjectLogging logInfo

INFO: waitForElementBeingPresentOnPage timeout exception: unable to locate the element By.xpath: //button[text()="Create a new session"]
[MASTER] 13:32:40.592 [Thread-3] ERROR ExternalProcessHandler - INFO: waitForElementBeingPresentOnPage timeout exception: unable to locate the element By.xpath: //button[text()="Create a new session"]


[MASTER] 13:32:40.592 [Thread-3] ERROR ExternalProcessHandler - 


[MASTER] 13:32:40.592 [Thread-3] ERROR ExternalProcessHandler - 

Aug 14, 2020 5:32:42 AM org.openqa.selenium.remote.ProtocolHandshake createSession
[MASTER] 13:32:42.452 [Thread-3] ERROR ExternalProcessHandler - Aug 14, 2020 5:32:42 AM org.openqa.selenium.remote.ProtocolHandshake createSession

INFO: Detected dialect: OSS
[MASTER] 13:32:42.453 [Thread-3] ERROR ExternalProcessHandler - INFO: Detected dialect: OSS

Aug 14, 2020 5:32:46 AM po_utils.PageObjectLogging logInfo
[MASTER] 13:32:46.841 [Thread-3] ERROR ExternalProcessHandler - Aug 14, 2020 5:32:46 AM po_utils.PageObjectLogging logInfo

INFO: waitForElementBeingPresentOnPage timeout exception: unable to locate the element By.xpath: //button[text()="Create a new session"]
[MASTER] 13:32:46.842 [Thread-3] ERROR ExternalProcessHandler - INFO: waitForElementBeingPresentOnPage timeout exception: unable to locate the element By.xpath: //button[text()="Create a new session"]


[MASTER] 13:32:46.842 [Thread-3] ERROR ExternalProcessHandler - 


[MASTER] 13:32:46.842 [Thread-3] ERROR ExternalProcessHandler - 

Aug 14, 2020 5:32:49 AM po_utils.PageObjectLogging logInfo
[MASTER] 13:32:49.414 [Thread-3] ERROR ExternalProcessHandler - Aug 14, 2020 5:32:49 AM po_utils.PageObjectLogging logInfo

INFO: waitForElementBeingPresentOnPage timeout exception: unable to locate the element By.xpath: //button[text()="Create a new session"]
[MASTER] 13:32:49.415 [Thread-3] ERROR ExternalProcessHandler - INFO: waitForElementBeingPresentOnPage timeout exception: unable to locate the element By.xpath: //button[text()="Create a new session"]


[MASTER] 13:32:49.415 [Thread-3] ERROR ExternalProcessHandler - 


[MASTER] 13:32:49.415 [Thread-3] ERROR ExternalProcessHandler - 

Aug 14, 2020 5:32:53 AM org.openqa.selenium.remote.ProtocolHandshake createSession
[MASTER] 13:32:53.216 [Thread-3] ERROR ExternalProcessHandler - Aug 14, 2020 5:32:53 AM org.openqa.selenium.remote.ProtocolHandshake createSession

INFO: Detected dialect: OSS
[MASTER] 13:32:53.217 [Thread-3] ERROR ExternalProcessHandler - INFO: Detected dialect: OSS

Aug 14, 2020 5:33:00 AM po_utils.PageObjectLogging logInfo
[MASTER] 13:33:00.383 [Thread-3] ERROR ExternalProcessHandler - Aug 14, 2020 5:33:00 AM po_utils.PageObjectLogging logInfo

INFO: waitForElementBeingPresentOnPage timeout exception: unable to locate the element By.xpath: //button[text()="Create a new session"]
[MASTER] 13:33:00.384 [Thread-3] ERROR ExternalProcessHandler - INFO: waitForElementBeingPresentOnPage timeout exception: unable to locate the element By.xpath: //button[text()="Create a new session"]


[MASTER] 13:33:00.384 [Thread-3] ERROR ExternalProcessHandler - 


[MASTER] 13:33:00.384 [Thread-3] ERROR ExternalProcessHandler - 

Aug 14, 2020 5:33:04 AM po_utils.PageObjectLogging logInfo
[MASTER] 13:33:04.016 [Thread-3] ERROR ExternalProcessHandler - Aug 14, 2020 5:33:04 AM po_utils.PageObjectLogging logInfo

INFO: waitForElementBeingPresentOnPage timeout exception: unable to locate the element By.xpath: //button[text()="Create a new session"]
[MASTER] 13:33:04.017 [Thread-3] ERROR ExternalProcessHandler - INFO: waitForElementBeingPresentOnPage timeout exception: unable to locate the element By.xpath: //button[text()="Create a new session"]


[MASTER] 13:33:04.017 [Thread-3] ERROR ExternalProcessHandler - 


[MASTER] 13:33:04.017 [Thread-3] ERROR ExternalProcessHandler - 

Aug 14, 2020 5:33:09 AM org.openqa.selenium.remote.ProtocolHandshake createSession
[MASTER] 13:33:09.761 [Thread-3] ERROR ExternalProcessHandler - Aug 14, 2020 5:33:09 AM org.openqa.selenium.remote.ProtocolHandshake createSession

INFO: Detected dialect: OSS
[MASTER] 13:33:09.761 [Thread-3] ERROR ExternalProcessHandler - INFO: Detected dialect: OSS

Aug 14, 2020 5:33:19 AM po_utils.PageObjectLogging logInfo
[MASTER] 13:33:19.668 [Thread-3] ERROR ExternalProcessHandler - Aug 14, 2020 5:33:19 AM po_utils.PageObjectLogging logInfo

INFO: waitForElementBeingPresentOnPage timeout exception: unable to locate the element By.xpath: //button[text()="Create a new session"]
[MASTER] 13:33:19.669 [Thread-3] ERROR ExternalProcessHandler - INFO: waitForElementBeingPresentOnPage timeout exception: unable to locate the element By.xpath: //button[text()="Create a new session"]


[MASTER] 13:33:19.669 [Thread-3] ERROR ExternalProcessHandler - 


[MASTER] 13:33:19.669 [Thread-3] ERROR ExternalProcessHandler - 

Aug 14, 2020 5:33:24 AM po_utils.PageObjectLogging logInfo
[MASTER] 13:33:24.381 [Thread-3] ERROR ExternalProcessHandler - Aug 14, 2020 5:33:24 AM po_utils.PageObjectLogging logInfo

INFO: waitForElementBeingPresentOnPage timeout exception: unable to locate the element By.xpath: //button[text()="Create a new session"]
[MASTER] 13:33:24.382 [Thread-3] ERROR ExternalProcessHandler - INFO: waitForElementBeingPresentOnPage timeout exception: unable to locate the element By.xpath: //button[text()="Create a new session"]


[MASTER] 13:33:24.382 [Thread-3] ERROR ExternalProcessHandler - 


[MASTER] 13:33:24.382 [Thread-3] ERROR ExternalProcessHandler - 

[MASTER] 13:33:31.987 [logback-2] ERROR TestCaseExecutor - TG: Exception caught: 
java.lang.IllegalStateException: Test generation failed: page object bug.
	at org.evosuite.testcase.execution.TestCaseExecutor.runTest(TestCaseExecutor.java:322) ~[evosuite-client-1.0.4-SNAPSHOT.jar:na]
	at org.evosuite.testcase.TestFitnessFunction.runTest(TestFitnessFunction.java:91) [evosuite-client-1.0.4-SNAPSHOT.jar:na]
	at org.evosuite.testcase.TestFitnessFunction.getFitness(TestFitnessFunction.java:60) [evosuite-client-1.0.4-SNAPSHOT.jar:na]
	at org.evosuite.testcase.TestFitnessFunction.getFitness(TestFitnessFunction.java:34) [evosuite-client-1.0.4-SNAPSHOT.jar:na]
	at org.evosuite.ga.metaheuristics.art.AdaptiveRandomSearch.calculateFitness(AdaptiveRandomSearch.java:312) [evosuite-client-1.0.4-SNAPSHOT.jar:na]
	at org.evosuite.ga.metaheuristics.art.AdaptiveRandomSearch.evolve(AdaptiveRandomSearch.java:139) [evosuite-client-1.0.4-SNAPSHOT.jar:na]
	at org.evosuite.ga.metaheuristics.art.AdaptiveRandomSearch.generateSolution(AdaptiveRandomSearch.java:270) [evosuite-client-1.0.4-SNAPSHOT.jar:na]
	at org.evosuite.strategy.AdaptiveRandomTestStrategy.generateTests(AdaptiveRandomTestStrategy.java:118) [evosuite-client-1.0.4-SNAPSHOT.jar:na]
	at org.evosuite.TestSuiteGenerator.generateTests(TestSuiteGenerator.java:654) [evosuite-client-1.0.4-SNAPSHOT.jar:na]
	at org.evosuite.TestSuiteGenerator.generateTestSuite(TestSuiteGenerator.java:213) [evosuite-client-1.0.4-SNAPSHOT.jar:na]
	at org.evosuite.rmi.service.ClientNodeImpl$1.run(ClientNodeImpl.java:145) [evosuite-client-1.0.4-SNAPSHOT.jar:na]
	at java.util.concurrent.Executors$RunnableAdapter.call(Executors.java:511) [na:1.8.0_265]
	at java.util.concurrent.FutureTask.run(FutureTask.java:266) [na:1.8.0_265]
	at java.util.concurrent.ThreadPoolExecutor.runWorker(ThreadPoolExecutor.java:1149) [na:1.8.0_265]
	at java.util.concurrent.ThreadPoolExecutor$Worker.run(ThreadPoolExecutor.java:624) [na:1.8.0_265]
	at java.lang.Thread.run(Thread.java:748) [na:1.8.0_265]
Aug 14, 2020 5:33:32 AM org.openqa.selenium.remote.ProtocolHandshake createSession
[MASTER] 13:33:32.222 [Thread-3] ERROR ExternalProcessHandler - Aug 14, 2020 5:33:32 AM org.openqa.selenium.remote.ProtocolHandshake createSession

INFO: Detected dialect: OSS
[MASTER] 13:33:32.223 [Thread-3] ERROR ExternalProcessHandler - INFO: Detected dialect: OSS

Aug 14, 2020 5:33:33 AM org.openqa.selenium.remote.ProtocolHandshake createSession
[MASTER] 13:33:33.414 [Thread-3] ERROR ExternalProcessHandler - Aug 14, 2020 5:33:33 AM org.openqa.selenium.remote.ProtocolHandshake createSession

INFO: Detected dialect: OSS
[MASTER] 13:33:33.414 [Thread-3] ERROR ExternalProcessHandler - INFO: Detected dialect: OSS

Aug 14, 2020 5:33:34 AM org.openqa.selenium.remote.ProtocolHandshake createSession
[MASTER] 13:33:34.993 [Thread-3] ERROR ExternalProcessHandler - Aug 14, 2020 5:33:34 AM org.openqa.selenium.remote.ProtocolHandshake createSession

INFO: Detected dialect: OSS
[MASTER] 13:33:34.993 [Thread-3] ERROR ExternalProcessHandler - INFO: Detected dialect: OSS

Aug 14, 2020 5:33:36 AM org.openqa.selenium.remote.ProtocolHandshake createSession
[MASTER] 13:33:36.934 [Thread-3] ERROR ExternalProcessHandler - Aug 14, 2020 5:33:36 AM org.openqa.selenium.remote.ProtocolHandshake createSession

INFO: Detected dialect: OSS
[MASTER] 13:33:36.934 [Thread-3] ERROR ExternalProcessHandler - INFO: Detected dialect: OSS

Aug 14, 2020 5:33:39 AM org.openqa.selenium.remote.ProtocolHandshake createSession
[MASTER] 13:33:39.611 [Thread-3] ERROR ExternalProcessHandler - Aug 14, 2020 5:33:39 AM org.openqa.selenium.remote.ProtocolHandshake createSession

INFO: Detected dialect: OSS
[MASTER] 13:33:39.612 [Thread-3] ERROR ExternalProcessHandler - INFO: Detected dialect: OSS

Aug 14, 2020 5:33:40 AM org.openqa.selenium.remote.ProtocolHandshake createSession
[MASTER] 13:33:40.782 [Thread-3] ERROR ExternalProcessHandler - Aug 14, 2020 5:33:40 AM org.openqa.selenium.remote.ProtocolHandshake createSession

INFO: Detected dialect: OSS
[MASTER] 13:33:40.782 [Thread-3] ERROR ExternalProcessHandler - INFO: Detected dialect: OSS

Aug 14, 2020 5:33:42 AM org.openqa.selenium.remote.ProtocolHandshake createSession
[MASTER] 13:33:42.042 [Thread-3] ERROR ExternalProcessHandler - Aug 14, 2020 5:33:42 AM org.openqa.selenium.remote.ProtocolHandshake createSession

INFO: Detected dialect: OSS
[MASTER] 13:33:42.042 [Thread-3] ERROR ExternalProcessHandler - INFO: Detected dialect: OSS

Aug 14, 2020 5:33:43 AM org.openqa.selenium.remote.ProtocolHandshake createSession
[MASTER] 13:33:43.754 [Thread-3] ERROR ExternalProcessHandler - Aug 14, 2020 5:33:43 AM org.openqa.selenium.remote.ProtocolHandshake createSession

INFO: Detected dialect: OSS
[MASTER] 13:33:43.754 [Thread-3] ERROR ExternalProcessHandler - INFO: Detected dialect: OSS

Aug 14, 2020 5:33:45 AM org.openqa.selenium.remote.ProtocolHandshake createSession
[MASTER] 13:33:45.142 [Thread-3] ERROR ExternalProcessHandler - Aug 14, 2020 5:33:45 AM org.openqa.selenium.remote.ProtocolHandshake createSession

INFO: Detected dialect: OSS
[MASTER] 13:33:45.142 [Thread-3] ERROR ExternalProcessHandler - INFO: Detected dialect: OSS

Aug 14, 2020 5:33:47 AM org.openqa.selenium.remote.ProtocolHandshake createSession
[MASTER] 13:33:47.730 [Thread-3] ERROR ExternalProcessHandler - Aug 14, 2020 5:33:47 AM org.openqa.selenium.remote.ProtocolHandshake createSession

INFO: Detected dialect: OSS
[MASTER] 13:33:47.730 [Thread-3] ERROR ExternalProcessHandler - INFO: Detected dialect: OSS

Aug 14, 2020 5:33:56 AM org.openqa.selenium.remote.ProtocolHandshake createSession
[MASTER] 13:33:56.520 [Thread-3] ERROR ExternalProcessHandler - Aug 14, 2020 5:33:56 AM org.openqa.selenium.remote.ProtocolHandshake createSession

INFO: Detected dialect: OSS
[MASTER] 13:33:56.520 [Thread-3] ERROR ExternalProcessHandler - INFO: Detected dialect: OSS

Aug 14, 2020 5:34:11 AM org.openqa.selenium.remote.ProtocolHandshake createSession
[MASTER] 13:34:11.517 [Thread-3] ERROR ExternalProcessHandler - Aug 14, 2020 5:34:11 AM org.openqa.selenium.remote.ProtocolHandshake createSession

INFO: Detected dialect: OSS
[MASTER] 13:34:11.517 [Thread-3] ERROR ExternalProcessHandler - INFO: Detected dialect: OSS

[MASTER] 13:34:32.535 [logback-2] ERROR TestCaseExecutor - TG: Exception caught: 
java.lang.IllegalStateException: Test generation failed: page object bug.
	at org.evosuite.testcase.execution.TestCaseExecutor.runTest(TestCaseExecutor.java:322) ~[evosuite-client-1.0.4-SNAPSHOT.jar:na]
	at org.evosuite.testcase.TestFitnessFunction.runTest(TestFitnessFunction.java:91) [evosuite-client-1.0.4-SNAPSHOT.jar:na]
	at org.evosuite.testcase.TestFitnessFunction.getFitness(TestFitnessFunction.java:60) [evosuite-client-1.0.4-SNAPSHOT.jar:na]
	at org.evosuite.testcase.TestFitnessFunction.getFitness(TestFitnessFunction.java:34) [evosuite-client-1.0.4-SNAPSHOT.jar:na]
	at org.evosuite.ga.metaheuristics.art.AdaptiveRandomSearch.calculateFitness(AdaptiveRandomSearch.java:312) [evosuite-client-1.0.4-SNAPSHOT.jar:na]
	at org.evosuite.ga.metaheuristics.art.AdaptiveRandomSearch.evolve(AdaptiveRandomSearch.java:139) [evosuite-client-1.0.4-SNAPSHOT.jar:na]
	at org.evosuite.ga.metaheuristics.art.AdaptiveRandomSearch.generateSolution(AdaptiveRandomSearch.java:270) [evosuite-client-1.0.4-SNAPSHOT.jar:na]
	at org.evosuite.strategy.AdaptiveRandomTestStrategy.generateTests(AdaptiveRandomTestStrategy.java:118) [evosuite-client-1.0.4-SNAPSHOT.jar:na]
	at org.evosuite.TestSuiteGenerator.generateTests(TestSuiteGenerator.java:654) [evosuite-client-1.0.4-SNAPSHOT.jar:na]
	at org.evosuite.TestSuiteGenerator.generateTestSuite(TestSuiteGenerator.java:213) [evosuite-client-1.0.4-SNAPSHOT.jar:na]
	at org.evosuite.rmi.service.ClientNodeImpl$1.run(ClientNodeImpl.java:145) [evosuite-client-1.0.4-SNAPSHOT.jar:na]
	at java.util.concurrent.Executors$RunnableAdapter.call(Executors.java:511) [na:1.8.0_265]
	at java.util.concurrent.FutureTask.run(FutureTask.java:266) [na:1.8.0_265]
	at java.util.concurrent.ThreadPoolExecutor.runWorker(ThreadPoolExecutor.java:1149) [na:1.8.0_265]
	at java.util.concurrent.ThreadPoolExecutor$Worker.run(ThreadPoolExecutor.java:624) [na:1.8.0_265]
	at java.lang.Thread.run(Thread.java:748) [na:1.8.0_265]
Aug 14, 2020 5:34:32 AM org.openqa.selenium.remote.ProtocolHandshake createSession
[MASTER] 13:34:32.770 [Thread-3] ERROR ExternalProcessHandler - Aug 14, 2020 5:34:32 AM org.openqa.selenium.remote.ProtocolHandshake createSession

INFO: Detected dialect: OSS
[MASTER] 13:34:32.770 [Thread-3] ERROR ExternalProcessHandler - INFO: Detected dialect: OSS

Aug 14, 2020 5:34:33 AM org.openqa.selenium.remote.ProtocolHandshake createSession
[MASTER] 13:34:33.813 [Thread-3] ERROR ExternalProcessHandler - Aug 14, 2020 5:34:33 AM org.openqa.selenium.remote.ProtocolHandshake createSession

INFO: Detected dialect: OSS
[MASTER] 13:34:33.813 [Thread-3] ERROR ExternalProcessHandler - INFO: Detected dialect: OSS

Aug 14, 2020 5:34:39 AM org.openqa.selenium.remote.ProtocolHandshake createSession
[MASTER] 13:34:39.254 [Thread-3] ERROR ExternalProcessHandler - Aug 14, 2020 5:34:39 AM org.openqa.selenium.remote.ProtocolHandshake createSession

INFO: Detected dialect: OSS
[MASTER] 13:34:39.255 [Thread-3] ERROR ExternalProcessHandler - INFO: Detected dialect: OSS

Aug 14, 2020 5:34:51 AM org.openqa.selenium.remote.ProtocolHandshake createSession
[MASTER] 13:34:51.078 [Thread-3] ERROR ExternalProcessHandler - Aug 14, 2020 5:34:51 AM org.openqa.selenium.remote.ProtocolHandshake createSession

INFO: Detected dialect: OSS
[MASTER] 13:34:51.078 [Thread-3] ERROR ExternalProcessHandler - INFO: Detected dialect: OSS

Aug 14, 2020 5:35:09 AM org.openqa.selenium.remote.ProtocolHandshake createSession
[MASTER] 13:35:09.260 [Thread-3] ERROR ExternalProcessHandler - Aug 14, 2020 5:35:09 AM org.openqa.selenium.remote.ProtocolHandshake createSession

INFO: Detected dialect: OSS
[MASTER] 13:35:09.260 [Thread-3] ERROR ExternalProcessHandler - INFO: Detected dialect: OSS

[MASTER] 13:35:33.705 [logback-2] ERROR TestCaseExecutor - TG: Exception caught: 
java.lang.IllegalStateException: Test generation failed: page object bug.
	at org.evosuite.testcase.execution.TestCaseExecutor.runTest(TestCaseExecutor.java:322) ~[evosuite-client-1.0.4-SNAPSHOT.jar:na]
	at org.evosuite.testcase.TestFitnessFunction.runTest(TestFitnessFunction.java:91) [evosuite-client-1.0.4-SNAPSHOT.jar:na]
	at org.evosuite.testcase.TestFitnessFunction.getFitness(TestFitnessFunction.java:60) [evosuite-client-1.0.4-SNAPSHOT.jar:na]
	at org.evosuite.testcase.TestFitnessFunction.getFitness(TestFitnessFunction.java:34) [evosuite-client-1.0.4-SNAPSHOT.jar:na]
	at org.evosuite.ga.metaheuristics.art.AdaptiveRandomSearch.calculateFitness(AdaptiveRandomSearch.java:312) [evosuite-client-1.0.4-SNAPSHOT.jar:na]
	at org.evosuite.ga.metaheuristics.art.AdaptiveRandomSearch.evolve(AdaptiveRandomSearch.java:139) [evosuite-client-1.0.4-SNAPSHOT.jar:na]
	at org.evosuite.ga.metaheuristics.art.AdaptiveRandomSearch.generateSolution(AdaptiveRandomSearch.java:270) [evosuite-client-1.0.4-SNAPSHOT.jar:na]
	at org.evosuite.strategy.AdaptiveRandomTestStrategy.generateTests(AdaptiveRandomTestStrategy.java:118) [evosuite-client-1.0.4-SNAPSHOT.jar:na]
	at org.evosuite.TestSuiteGenerator.generateTests(TestSuiteGenerator.java:654) [evosuite-client-1.0.4-SNAPSHOT.jar:na]
	at org.evosuite.TestSuiteGenerator.generateTestSuite(TestSuiteGenerator.java:213) [evosuite-client-1.0.4-SNAPSHOT.jar:na]
	at org.evosuite.rmi.service.ClientNodeImpl$1.run(ClientNodeImpl.java:145) [evosuite-client-1.0.4-SNAPSHOT.jar:na]
	at java.util.concurrent.Executors$RunnableAdapter.call(Executors.java:511) [na:1.8.0_265]
	at java.util.concurrent.FutureTask.run(FutureTask.java:266) [na:1.8.0_265]
	at java.util.concurrent.ThreadPoolExecutor.runWorker(ThreadPoolExecutor.java:1149) [na:1.8.0_265]
	at java.util.concurrent.ThreadPoolExecutor$Worker.run(ThreadPoolExecutor.java:624) [na:1.8.0_265]
	at java.lang.Thread.run(Thread.java:748) [na:1.8.0_265]
Aug 14, 2020 5:35:33 AM org.openqa.selenium.remote.ProtocolHandshake createSession
[MASTER] 13:35:33.938 [Thread-3] ERROR ExternalProcessHandler - Aug 14, 2020 5:35:33 AM org.openqa.selenium.remote.ProtocolHandshake createSession

INFO: Detected dialect: OSS
[MASTER] 13:35:33.938 [Thread-3] ERROR ExternalProcessHandler - INFO: Detected dialect: OSS

Aug 14, 2020 5:35:35 AM org.openqa.selenium.remote.ProtocolHandshake createSession
[MASTER] 13:35:35.757 [Thread-3] ERROR ExternalProcessHandler - Aug 14, 2020 5:35:35 AM org.openqa.selenium.remote.ProtocolHandshake createSession

INFO: Detected dialect: OSS
[MASTER] 13:35:35.757 [Thread-3] ERROR ExternalProcessHandler - INFO: Detected dialect: OSS

Aug 14, 2020 5:35:37 AM org.openqa.selenium.remote.ProtocolHandshake createSession
[MASTER] 13:35:37.408 [Thread-3] ERROR ExternalProcessHandler - Aug 14, 2020 5:35:37 AM org.openqa.selenium.remote.ProtocolHandshake createSession

INFO: Detected dialect: OSS
[MASTER] 13:35:37.408 [Thread-3] ERROR ExternalProcessHandler - INFO: Detected dialect: OSS

Aug 14, 2020 5:35:38 AM org.openqa.selenium.remote.ProtocolHandshake createSession
[MASTER] 13:35:38.624 [Thread-3] ERROR ExternalProcessHandler - Aug 14, 2020 5:35:38 AM org.openqa.selenium.remote.ProtocolHandshake createSession

INFO: Detected dialect: OSS
[MASTER] 13:35:38.624 [Thread-3] ERROR ExternalProcessHandler - INFO: Detected dialect: OSS

Aug 14, 2020 5:35:41 AM org.openqa.selenium.remote.ProtocolHandshake createSession
[MASTER] 13:35:41.894 [Thread-3] ERROR ExternalProcessHandler - Aug 14, 2020 5:35:41 AM org.openqa.selenium.remote.ProtocolHandshake createSession

INFO: Detected dialect: OSS
[MASTER] 13:35:41.894 [Thread-3] ERROR ExternalProcessHandler - INFO: Detected dialect: OSS

Aug 14, 2020 5:35:51 AM org.openqa.selenium.remote.ProtocolHandshake createSession
[MASTER] 13:35:51.646 [Thread-3] ERROR ExternalProcessHandler - Aug 14, 2020 5:35:51 AM org.openqa.selenium.remote.ProtocolHandshake createSession

INFO: Detected dialect: OSS
[MASTER] 13:35:51.647 [Thread-3] ERROR ExternalProcessHandler - INFO: Detected dialect: OSS

Aug 14, 2020 5:36:07 AM org.openqa.selenium.remote.ProtocolHandshake createSession
[MASTER] 13:36:07.700 [Thread-3] ERROR ExternalProcessHandler - Aug 14, 2020 5:36:07 AM org.openqa.selenium.remote.ProtocolHandshake createSession

INFO: Detected dialect: OSS
[MASTER] 13:36:07.700 [Thread-3] ERROR ExternalProcessHandler - INFO: Detected dialect: OSS

[MASTER] 13:36:29.888 [logback-2] ERROR TestCaseExecutor - TG: Exception caught: 
java.lang.IllegalStateException: Test generation failed: page object bug.
	at org.evosuite.testcase.execution.TestCaseExecutor.runTest(TestCaseExecutor.java:322) ~[evosuite-client-1.0.4-SNAPSHOT.jar:na]
	at org.evosuite.testcase.TestFitnessFunction.runTest(TestFitnessFunction.java:91) [evosuite-client-1.0.4-SNAPSHOT.jar:na]
	at org.evosuite.testcase.TestFitnessFunction.getFitness(TestFitnessFunction.java:60) [evosuite-client-1.0.4-SNAPSHOT.jar:na]
	at org.evosuite.testcase.TestFitnessFunction.getFitness(TestFitnessFunction.java:34) [evosuite-client-1.0.4-SNAPSHOT.jar:na]
	at org.evosuite.ga.metaheuristics.art.AdaptiveRandomSearch.calculateFitness(AdaptiveRandomSearch.java:312) [evosuite-client-1.0.4-SNAPSHOT.jar:na]
	at org.evosuite.ga.metaheuristics.art.AdaptiveRandomSearch.evolve(AdaptiveRandomSearch.java:139) [evosuite-client-1.0.4-SNAPSHOT.jar:na]
	at org.evosuite.ga.metaheuristics.art.AdaptiveRandomSearch.generateSolution(AdaptiveRandomSearch.java:270) [evosuite-client-1.0.4-SNAPSHOT.jar:na]
	at org.evosuite.strategy.AdaptiveRandomTestStrategy.generateTests(AdaptiveRandomTestStrategy.java:118) [evosuite-client-1.0.4-SNAPSHOT.jar:na]
	at org.evosuite.TestSuiteGenerator.generateTests(TestSuiteGenerator.java:654) [evosuite-client-1.0.4-SNAPSHOT.jar:na]
	at org.evosuite.TestSuiteGenerator.generateTestSuite(TestSuiteGenerator.java:213) [evosuite-client-1.0.4-SNAPSHOT.jar:na]
	at org.evosuite.rmi.service.ClientNodeImpl$1.run(ClientNodeImpl.java:145) [evosuite-client-1.0.4-SNAPSHOT.jar:na]
	at java.util.concurrent.Executors$RunnableAdapter.call(Executors.java:511) [na:1.8.0_265]
	at java.util.concurrent.FutureTask.run(FutureTask.java:266) [na:1.8.0_265]
	at java.util.concurrent.ThreadPoolExecutor.runWorker(ThreadPoolExecutor.java:1149) [na:1.8.0_265]
	at java.util.concurrent.ThreadPoolExecutor$Worker.run(ThreadPoolExecutor.java:624) [na:1.8.0_265]
	at java.lang.Thread.run(Thread.java:748) [na:1.8.0_265]
Aug 14, 2020 5:36:30 AM org.openqa.selenium.remote.ProtocolHandshake createSession
[MASTER] 13:36:30.118 [Thread-3] ERROR ExternalProcessHandler - Aug 14, 2020 5:36:30 AM org.openqa.selenium.remote.ProtocolHandshake createSession

INFO: Detected dialect: OSS
[MASTER] 13:36:30.119 [Thread-3] ERROR ExternalProcessHandler - INFO: Detected dialect: OSS

Aug 14, 2020 5:36:32 AM org.openqa.selenium.remote.ProtocolHandshake createSession
[MASTER] 13:36:32.829 [Thread-3] ERROR ExternalProcessHandler - Aug 14, 2020 5:36:32 AM org.openqa.selenium.remote.ProtocolHandshake createSession

INFO: Detected dialect: OSS
[MASTER] 13:36:32.829 [Thread-3] ERROR ExternalProcessHandler - INFO: Detected dialect: OSS

Aug 14, 2020 5:36:35 AM org.openqa.selenium.remote.ProtocolHandshake createSession
[MASTER] 13:36:35.156 [Thread-3] ERROR ExternalProcessHandler - Aug 14, 2020 5:36:35 AM org.openqa.selenium.remote.ProtocolHandshake createSession

INFO: Detected dialect: OSS
[MASTER] 13:36:35.156 [Thread-3] ERROR ExternalProcessHandler - INFO: Detected dialect: OSS

Aug 14, 2020 5:36:41 AM org.openqa.selenium.remote.ProtocolHandshake createSession
[MASTER] 13:36:41.023 [Thread-3] ERROR ExternalProcessHandler - Aug 14, 2020 5:36:41 AM org.openqa.selenium.remote.ProtocolHandshake createSession

INFO: Detected dialect: OSS
[MASTER] 13:36:41.023 [Thread-3] ERROR ExternalProcessHandler - INFO: Detected dialect: OSS

Aug 14, 2020 5:36:53 AM org.openqa.selenium.remote.ProtocolHandshake createSession
[MASTER] 13:36:53.042 [Thread-3] ERROR ExternalProcessHandler - Aug 14, 2020 5:36:53 AM org.openqa.selenium.remote.ProtocolHandshake createSession

INFO: Detected dialect: OSS
[MASTER] 13:36:53.042 [Thread-3] ERROR ExternalProcessHandler - INFO: Detected dialect: OSS

Aug 14, 2020 5:37:10 AM org.openqa.selenium.remote.ProtocolHandshake createSession
[MASTER] 13:37:10.991 [Thread-3] ERROR ExternalProcessHandler - Aug 14, 2020 5:37:10 AM org.openqa.selenium.remote.ProtocolHandshake createSession

INFO: Detected dialect: OSS
[MASTER] 13:37:10.991 [Thread-3] ERROR ExternalProcessHandler - INFO: Detected dialect: OSS

[MASTER] 13:37:34.886 [logback-2] ERROR TestCaseExecutor - TG: Exception caught: 
java.lang.IllegalStateException: Test generation failed: page object bug.
	at org.evosuite.testcase.execution.TestCaseExecutor.runTest(TestCaseExecutor.java:322) ~[evosuite-client-1.0.4-SNAPSHOT.jar:na]
	at org.evosuite.testcase.TestFitnessFunction.runTest(TestFitnessFunction.java:91) [evosuite-client-1.0.4-SNAPSHOT.jar:na]
	at org.evosuite.testcase.TestFitnessFunction.getFitness(TestFitnessFunction.java:60) [evosuite-client-1.0.4-SNAPSHOT.jar:na]
	at org.evosuite.testcase.TestFitnessFunction.getFitness(TestFitnessFunction.java:34) [evosuite-client-1.0.4-SNAPSHOT.jar:na]
	at org.evosuite.ga.metaheuristics.art.AdaptiveRandomSearch.calculateFitness(AdaptiveRandomSearch.java:312) [evosuite-client-1.0.4-SNAPSHOT.jar:na]
	at org.evosuite.ga.metaheuristics.art.AdaptiveRandomSearch.evolve(AdaptiveRandomSearch.java:139) [evosuite-client-1.0.4-SNAPSHOT.jar:na]
	at org.evosuite.ga.metaheuristics.art.AdaptiveRandomSearch.generateSolution(AdaptiveRandomSearch.java:270) [evosuite-client-1.0.4-SNAPSHOT.jar:na]
	at org.evosuite.strategy.AdaptiveRandomTestStrategy.generateTests(AdaptiveRandomTestStrategy.java:118) [evosuite-client-1.0.4-SNAPSHOT.jar:na]
	at org.evosuite.TestSuiteGenerator.generateTests(TestSuiteGenerator.java:654) [evosuite-client-1.0.4-SNAPSHOT.jar:na]
	at org.evosuite.TestSuiteGenerator.generateTestSuite(TestSuiteGenerator.java:213) [evosuite-client-1.0.4-SNAPSHOT.jar:na]
	at org.evosuite.rmi.service.ClientNodeImpl$1.run(ClientNodeImpl.java:145) [evosuite-client-1.0.4-SNAPSHOT.jar:na]
	at java.util.concurrent.Executors$RunnableAdapter.call(Executors.java:511) [na:1.8.0_265]
	at java.util.concurrent.FutureTask.run(FutureTask.java:266) [na:1.8.0_265]
	at java.util.concurrent.ThreadPoolExecutor.runWorker(ThreadPoolExecutor.java:1149) [na:1.8.0_265]
	at java.util.concurrent.ThreadPoolExecutor$Worker.run(ThreadPoolExecutor.java:624) [na:1.8.0_265]
	at java.lang.Thread.run(Thread.java:748) [na:1.8.0_265]
Aug 14, 2020 5:37:35 AM org.openqa.selenium.remote.ProtocolHandshake createSession
[MASTER] 13:37:35.125 [Thread-3] ERROR ExternalProcessHandler - Aug 14, 2020 5:37:35 AM org.openqa.selenium.remote.ProtocolHandshake createSession

INFO: Detected dialect: OSS
[MASTER] 13:37:35.125 [Thread-3] ERROR ExternalProcessHandler - INFO: Detected dialect: OSS

Aug 14, 2020 5:37:36 AM org.openqa.selenium.remote.ProtocolHandshake createSession
[MASTER] 13:37:36.740 [Thread-3] ERROR ExternalProcessHandler - Aug 14, 2020 5:37:36 AM org.openqa.selenium.remote.ProtocolHandshake createSession

INFO: Detected dialect: OSS
[MASTER] 13:37:36.741 [Thread-3] ERROR ExternalProcessHandler - INFO: Detected dialect: OSS

Aug 14, 2020 5:37:44 AM org.openqa.selenium.remote.ProtocolHandshake createSession
[MASTER] 13:37:44.435 [Thread-3] ERROR ExternalProcessHandler - Aug 14, 2020 5:37:44 AM org.openqa.selenium.remote.ProtocolHandshake createSession

INFO: Detected dialect: OSS
[MASTER] 13:37:44.436 [Thread-3] ERROR ExternalProcessHandler - INFO: Detected dialect: OSS

Aug 14, 2020 5:37:45 AM org.openqa.selenium.remote.ProtocolHandshake createSession
[MASTER] 13:37:45.815 [Thread-3] ERROR ExternalProcessHandler - Aug 14, 2020 5:37:45 AM org.openqa.selenium.remote.ProtocolHandshake createSession

INFO: Detected dialect: OSS
[MASTER] 13:37:45.815 [Thread-3] ERROR ExternalProcessHandler - INFO: Detected dialect: OSS

Aug 14, 2020 5:37:47 AM org.openqa.selenium.remote.ProtocolHandshake createSession
[MASTER] 13:37:47.582 [Thread-3] ERROR ExternalProcessHandler - Aug 14, 2020 5:37:47 AM org.openqa.selenium.remote.ProtocolHandshake createSession

INFO: Detected dialect: OSS
[MASTER] 13:37:47.583 [Thread-3] ERROR ExternalProcessHandler - INFO: Detected dialect: OSS

Aug 14, 2020 5:37:48 AM org.openqa.selenium.remote.ProtocolHandshake createSession
[MASTER] 13:37:48.629 [Thread-3] ERROR ExternalProcessHandler - Aug 14, 2020 5:37:48 AM org.openqa.selenium.remote.ProtocolHandshake createSession

INFO: Detected dialect: OSS
[MASTER] 13:37:48.630 [Thread-3] ERROR ExternalProcessHandler - INFO: Detected dialect: OSS

Aug 14, 2020 5:37:50 AM org.openqa.selenium.remote.ProtocolHandshake createSession
[MASTER] 13:37:50.265 [Thread-3] ERROR ExternalProcessHandler - Aug 14, 2020 5:37:50 AM org.openqa.selenium.remote.ProtocolHandshake createSession

INFO: Detected dialect: OSS
[MASTER] 13:37:50.266 [Thread-3] ERROR ExternalProcessHandler - INFO: Detected dialect: OSS

Aug 14, 2020 5:37:51 AM org.openqa.selenium.remote.ProtocolHandshake createSession
[MASTER] 13:37:51.582 [Thread-3] ERROR ExternalProcessHandler - Aug 14, 2020 5:37:51 AM org.openqa.selenium.remote.ProtocolHandshake createSession

INFO: Detected dialect: OSS
[MASTER] 13:37:51.582 [Thread-3] ERROR ExternalProcessHandler - INFO: Detected dialect: OSS

Aug 14, 2020 5:37:53 AM org.openqa.selenium.remote.ProtocolHandshake createSession
[MASTER] 13:37:53.170 [Thread-3] ERROR ExternalProcessHandler - Aug 14, 2020 5:37:53 AM org.openqa.selenium.remote.ProtocolHandshake createSession

INFO: Detected dialect: OSS
[MASTER] 13:37:53.170 [Thread-3] ERROR ExternalProcessHandler - INFO: Detected dialect: OSS

Aug 14, 2020 5:37:54 AM org.openqa.selenium.remote.ProtocolHandshake createSession
[MASTER] 13:37:54.751 [Thread-3] ERROR ExternalProcessHandler - Aug 14, 2020 5:37:54 AM org.openqa.selenium.remote.ProtocolHandshake createSession

INFO: Detected dialect: OSS
[MASTER] 13:37:54.752 [Thread-3] ERROR ExternalProcessHandler - INFO: Detected dialect: OSS

Aug 14, 2020 5:37:56 AM org.openqa.selenium.remote.ProtocolHandshake createSession
[MASTER] 13:37:56.232 [Thread-3] ERROR ExternalProcessHandler - Aug 14, 2020 5:37:56 AM org.openqa.selenium.remote.ProtocolHandshake createSession

INFO: Detected dialect: OSS
[MASTER] 13:37:56.233 [Thread-3] ERROR ExternalProcessHandler - INFO: Detected dialect: OSS

Aug 14, 2020 5:38:00 AM org.openqa.selenium.remote.ProtocolHandshake createSession
[MASTER] 13:38:00.116 [Thread-3] ERROR ExternalProcessHandler - Aug 14, 2020 5:38:00 AM org.openqa.selenium.remote.ProtocolHandshake createSession

INFO: Detected dialect: OSS
[MASTER] 13:38:00.117 [Thread-3] ERROR ExternalProcessHandler - INFO: Detected dialect: OSS

Aug 14, 2020 5:38:10 AM org.openqa.selenium.remote.ProtocolHandshake createSession
[MASTER] 13:38:10.496 [Thread-3] ERROR ExternalProcessHandler - Aug 14, 2020 5:38:10 AM org.openqa.selenium.remote.ProtocolHandshake createSession

INFO: Detected dialect: OSS
[MASTER] 13:38:10.496 [Thread-3] ERROR ExternalProcessHandler - INFO: Detected dialect: OSS

Aug 14, 2020 5:38:27 AM org.openqa.selenium.remote.ProtocolHandshake createSession
[MASTER] 13:38:27.298 [Thread-3] ERROR ExternalProcessHandler - Aug 14, 2020 5:38:27 AM org.openqa.selenium.remote.ProtocolHandshake createSession

INFO: Detected dialect: OSS
[MASTER] 13:38:27.298 [Thread-3] ERROR ExternalProcessHandler - INFO: Detected dialect: OSS

[MASTER] 13:38:50.209 [logback-2] ERROR TestCaseExecutor - TG: Exception caught: 
java.lang.IllegalStateException: Test generation failed: page object bug.
	at org.evosuite.testcase.execution.TestCaseExecutor.runTest(TestCaseExecutor.java:322) ~[evosuite-client-1.0.4-SNAPSHOT.jar:na]
	at org.evosuite.testcase.TestFitnessFunction.runTest(TestFitnessFunction.java:91) [evosuite-client-1.0.4-SNAPSHOT.jar:na]
	at org.evosuite.testcase.TestFitnessFunction.getFitness(TestFitnessFunction.java:60) [evosuite-client-1.0.4-SNAPSHOT.jar:na]
	at org.evosuite.testcase.TestFitnessFunction.getFitness(TestFitnessFunction.java:34) [evosuite-client-1.0.4-SNAPSHOT.jar:na]
	at org.evosuite.ga.metaheuristics.art.AdaptiveRandomSearch.calculateFitness(AdaptiveRandomSearch.java:312) [evosuite-client-1.0.4-SNAPSHOT.jar:na]
	at org.evosuite.ga.metaheuristics.art.AdaptiveRandomSearch.evolve(AdaptiveRandomSearch.java:139) [evosuite-client-1.0.4-SNAPSHOT.jar:na]
	at org.evosuite.ga.metaheuristics.art.AdaptiveRandomSearch.generateSolution(AdaptiveRandomSearch.java:270) [evosuite-client-1.0.4-SNAPSHOT.jar:na]
	at org.evosuite.strategy.AdaptiveRandomTestStrategy.generateTests(AdaptiveRandomTestStrategy.java:118) [evosuite-client-1.0.4-SNAPSHOT.jar:na]
	at org.evosuite.TestSuiteGenerator.generateTests(TestSuiteGenerator.java:654) [evosuite-client-1.0.4-SNAPSHOT.jar:na]
	at org.evosuite.TestSuiteGenerator.generateTestSuite(TestSuiteGenerator.java:213) [evosuite-client-1.0.4-SNAPSHOT.jar:na]
	at org.evosuite.rmi.service.ClientNodeImpl$1.run(ClientNodeImpl.java:145) [evosuite-client-1.0.4-SNAPSHOT.jar:na]
	at java.util.concurrent.Executors$RunnableAdapter.call(Executors.java:511) [na:1.8.0_265]
	at java.util.concurrent.FutureTask.run(FutureTask.java:266) [na:1.8.0_265]
	at java.util.concurrent.ThreadPoolExecutor.runWorker(ThreadPoolExecutor.java:1149) [na:1.8.0_265]
	at java.util.concurrent.ThreadPoolExecutor$Worker.run(ThreadPoolExecutor.java:624) [na:1.8.0_265]
	at java.lang.Thread.run(Thread.java:748) [na:1.8.0_265]
Aug 14, 2020 5:38:50 AM org.openqa.selenium.remote.ProtocolHandshake createSession
[MASTER] 13:38:50.440 [Thread-3] ERROR ExternalProcessHandler - Aug 14, 2020 5:38:50 AM org.openqa.selenium.remote.ProtocolHandshake createSession

INFO: Detected dialect: OSS
[MASTER] 13:38:50.440 [Thread-3] ERROR ExternalProcessHandler - INFO: Detected dialect: OSS

Aug 14, 2020 5:38:51 AM org.openqa.selenium.remote.ProtocolHandshake createSession
[MASTER] 13:38:51.884 [Thread-3] ERROR ExternalProcessHandler - Aug 14, 2020 5:38:51 AM org.openqa.selenium.remote.ProtocolHandshake createSession

INFO: Detected dialect: OSS
[MASTER] 13:38:51.884 [Thread-3] ERROR ExternalProcessHandler - INFO: Detected dialect: OSS

Aug 14, 2020 5:38:53 AM org.openqa.selenium.remote.ProtocolHandshake createSession
[MASTER] 13:38:53.854 [Thread-3] ERROR ExternalProcessHandler - Aug 14, 2020 5:38:53 AM org.openqa.selenium.remote.ProtocolHandshake createSession

INFO: Detected dialect: OSS
[MASTER] 13:38:53.854 [Thread-3] ERROR ExternalProcessHandler - INFO: Detected dialect: OSS

Aug 14, 2020 5:38:54 AM org.openqa.selenium.remote.ProtocolHandshake createSession
[MASTER] 13:38:54.957 [Thread-3] ERROR ExternalProcessHandler - Aug 14, 2020 5:38:54 AM org.openqa.selenium.remote.ProtocolHandshake createSession

INFO: Detected dialect: OSS
[MASTER] 13:38:54.957 [Thread-3] ERROR ExternalProcessHandler - INFO: Detected dialect: OSS

Aug 14, 2020 5:38:56 AM org.openqa.selenium.remote.ProtocolHandshake createSession
[MASTER] 13:38:56.092 [Thread-3] ERROR ExternalProcessHandler - Aug 14, 2020 5:38:56 AM org.openqa.selenium.remote.ProtocolHandshake createSession

INFO: Detected dialect: OSS
[MASTER] 13:38:56.092 [Thread-3] ERROR ExternalProcessHandler - INFO: Detected dialect: OSS

Aug 14, 2020 5:39:00 AM org.openqa.selenium.remote.ProtocolHandshake createSession
[MASTER] 13:39:00.990 [Thread-3] ERROR ExternalProcessHandler - Aug 14, 2020 5:39:00 AM org.openqa.selenium.remote.ProtocolHandshake createSession

INFO: Detected dialect: OSS
[MASTER] 13:39:00.990 [Thread-3] ERROR ExternalProcessHandler - INFO: Detected dialect: OSS

Aug 14, 2020 5:39:12 AM org.openqa.selenium.remote.ProtocolHandshake createSession
[MASTER] 13:39:12.264 [Thread-3] ERROR ExternalProcessHandler - Aug 14, 2020 5:39:12 AM org.openqa.selenium.remote.ProtocolHandshake createSession

INFO: Detected dialect: OSS
[MASTER] 13:39:12.264 [Thread-3] ERROR ExternalProcessHandler - INFO: Detected dialect: OSS

Aug 14, 2020 5:39:29 AM org.openqa.selenium.remote.ProtocolHandshake createSession
[MASTER] 13:39:29.948 [Thread-3] ERROR ExternalProcessHandler - Aug 14, 2020 5:39:29 AM org.openqa.selenium.remote.ProtocolHandshake createSession

INFO: Detected dialect: OSS
[MASTER] 13:39:29.948 [Thread-3] ERROR ExternalProcessHandler - INFO: Detected dialect: OSS

[MASTER] 13:39:53.866 [logback-2] ERROR TestCaseExecutor - TG: Exception caught: 
java.lang.IllegalStateException: Test generation failed: page object bug.
	at org.evosuite.testcase.execution.TestCaseExecutor.runTest(TestCaseExecutor.java:322) ~[evosuite-client-1.0.4-SNAPSHOT.jar:na]
	at org.evosuite.testcase.TestFitnessFunction.runTest(TestFitnessFunction.java:91) [evosuite-client-1.0.4-SNAPSHOT.jar:na]
	at org.evosuite.testcase.TestFitnessFunction.getFitness(TestFitnessFunction.java:60) [evosuite-client-1.0.4-SNAPSHOT.jar:na]
	at org.evosuite.testcase.TestFitnessFunction.getFitness(TestFitnessFunction.java:34) [evosuite-client-1.0.4-SNAPSHOT.jar:na]
	at org.evosuite.ga.metaheuristics.art.AdaptiveRandomSearch.calculateFitness(AdaptiveRandomSearch.java:312) [evosuite-client-1.0.4-SNAPSHOT.jar:na]
	at org.evosuite.ga.metaheuristics.art.AdaptiveRandomSearch.evolve(AdaptiveRandomSearch.java:139) [evosuite-client-1.0.4-SNAPSHOT.jar:na]
	at org.evosuite.ga.metaheuristics.art.AdaptiveRandomSearch.generateSolution(AdaptiveRandomSearch.java:270) [evosuite-client-1.0.4-SNAPSHOT.jar:na]
	at org.evosuite.strategy.AdaptiveRandomTestStrategy.generateTests(AdaptiveRandomTestStrategy.java:118) [evosuite-client-1.0.4-SNAPSHOT.jar:na]
	at org.evosuite.TestSuiteGenerator.generateTests(TestSuiteGenerator.java:654) [evosuite-client-1.0.4-SNAPSHOT.jar:na]
	at org.evosuite.TestSuiteGenerator.generateTestSuite(TestSuiteGenerator.java:213) [evosuite-client-1.0.4-SNAPSHOT.jar:na]
	at org.evosuite.rmi.service.ClientNodeImpl$1.run(ClientNodeImpl.java:145) [evosuite-client-1.0.4-SNAPSHOT.jar:na]
	at java.util.concurrent.Executors$RunnableAdapter.call(Executors.java:511) [na:1.8.0_265]
	at java.util.concurrent.FutureTask.run(FutureTask.java:266) [na:1.8.0_265]
	at java.util.concurrent.ThreadPoolExecutor.runWorker(ThreadPoolExecutor.java:1149) [na:1.8.0_265]
	at java.util.concurrent.ThreadPoolExecutor$Worker.run(ThreadPoolExecutor.java:624) [na:1.8.0_265]
	at java.lang.Thread.run(Thread.java:748) [na:1.8.0_265]
Aug 14, 2020 5:39:54 AM org.openqa.selenium.remote.ProtocolHandshake createSession
[MASTER] 13:39:54.092 [Thread-3] ERROR ExternalProcessHandler - Aug 14, 2020 5:39:54 AM org.openqa.selenium.remote.ProtocolHandshake createSession

INFO: Detected dialect: OSS
[MASTER] 13:39:54.093 [Thread-3] ERROR ExternalProcessHandler - INFO: Detected dialect: OSS

Aug 14, 2020 5:39:57 AM org.openqa.selenium.remote.ProtocolHandshake createSession
[MASTER] 13:39:57.627 [Thread-3] ERROR ExternalProcessHandler - Aug 14, 2020 5:39:57 AM org.openqa.selenium.remote.ProtocolHandshake createSession

INFO: Detected dialect: OSS
[MASTER] 13:39:57.627 [Thread-3] ERROR ExternalProcessHandler - INFO: Detected dialect: OSS

Aug 14, 2020 5:40:06 AM org.openqa.selenium.remote.ProtocolHandshake createSession
[MASTER] 13:40:06.830 [Thread-3] ERROR ExternalProcessHandler - Aug 14, 2020 5:40:06 AM org.openqa.selenium.remote.ProtocolHandshake createSession

INFO: Detected dialect: OSS
[MASTER] 13:40:06.830 [Thread-3] ERROR ExternalProcessHandler - INFO: Detected dialect: OSS

Aug 14, 2020 5:40:21 AM org.openqa.selenium.remote.ProtocolHandshake createSession
[MASTER] 13:40:21.601 [Thread-3] ERROR ExternalProcessHandler - Aug 14, 2020 5:40:21 AM org.openqa.selenium.remote.ProtocolHandshake createSession

INFO: Detected dialect: OSS
[MASTER] 13:40:21.601 [Thread-3] ERROR ExternalProcessHandler - INFO: Detected dialect: OSS

[MASTER] 13:40:41.777 [logback-2] ERROR TestCaseExecutor - TG: Exception caught: 
java.lang.IllegalStateException: Test generation failed: page object bug.
	at org.evosuite.testcase.execution.TestCaseExecutor.runTest(TestCaseExecutor.java:322) ~[evosuite-client-1.0.4-SNAPSHOT.jar:na]
	at org.evosuite.testcase.TestFitnessFunction.runTest(TestFitnessFunction.java:91) [evosuite-client-1.0.4-SNAPSHOT.jar:na]
	at org.evosuite.testcase.TestFitnessFunction.getFitness(TestFitnessFunction.java:60) [evosuite-client-1.0.4-SNAPSHOT.jar:na]
	at org.evosuite.testcase.TestFitnessFunction.getFitness(TestFitnessFunction.java:34) [evosuite-client-1.0.4-SNAPSHOT.jar:na]
	at org.evosuite.ga.metaheuristics.art.AdaptiveRandomSearch.calculateFitness(AdaptiveRandomSearch.java:312) [evosuite-client-1.0.4-SNAPSHOT.jar:na]
	at org.evosuite.ga.metaheuristics.art.AdaptiveRandomSearch.evolve(AdaptiveRandomSearch.java:139) [evosuite-client-1.0.4-SNAPSHOT.jar:na]
	at org.evosuite.ga.metaheuristics.art.AdaptiveRandomSearch.generateSolution(AdaptiveRandomSearch.java:270) [evosuite-client-1.0.4-SNAPSHOT.jar:na]
	at org.evosuite.strategy.AdaptiveRandomTestStrategy.generateTests(AdaptiveRandomTestStrategy.java:118) [evosuite-client-1.0.4-SNAPSHOT.jar:na]
	at org.evosuite.TestSuiteGenerator.generateTests(TestSuiteGenerator.java:654) [evosuite-client-1.0.4-SNAPSHOT.jar:na]
	at org.evosuite.TestSuiteGenerator.generateTestSuite(TestSuiteGenerator.java:213) [evosuite-client-1.0.4-SNAPSHOT.jar:na]
	at org.evosuite.rmi.service.ClientNodeImpl$1.run(ClientNodeImpl.java:145) [evosuite-client-1.0.4-SNAPSHOT.jar:na]
	at java.util.concurrent.Executors$RunnableAdapter.call(Executors.java:511) [na:1.8.0_265]
	at java.util.concurrent.FutureTask.run(FutureTask.java:266) [na:1.8.0_265]
	at java.util.concurrent.ThreadPoolExecutor.runWorker(ThreadPoolExecutor.java:1149) [na:1.8.0_265]
	at java.util.concurrent.ThreadPoolExecutor$Worker.run(ThreadPoolExecutor.java:624) [na:1.8.0_265]
	at java.lang.Thread.run(Thread.java:748) [na:1.8.0_265]
Aug 14, 2020 5:40:42 AM org.openqa.selenium.remote.ProtocolHandshake createSession
[MASTER] 13:40:42.012 [Thread-3] ERROR ExternalProcessHandler - Aug 14, 2020 5:40:42 AM org.openqa.selenium.remote.ProtocolHandshake createSession

INFO: Detected dialect: OSS
[MASTER] 13:40:42.013 [Thread-3] ERROR ExternalProcessHandler - INFO: Detected dialect: OSS

Aug 14, 2020 5:40:44 AM org.openqa.selenium.remote.ProtocolHandshake createSession
[MASTER] 13:40:44.018 [Thread-3] ERROR ExternalProcessHandler - Aug 14, 2020 5:40:44 AM org.openqa.selenium.remote.ProtocolHandshake createSession

INFO: Detected dialect: OSS
[MASTER] 13:40:44.018 [Thread-3] ERROR ExternalProcessHandler - INFO: Detected dialect: OSS

Aug 14, 2020 5:40:47 AM org.openqa.selenium.remote.ProtocolHandshake createSession
[MASTER] 13:40:47.520 [Thread-3] ERROR ExternalProcessHandler - Aug 14, 2020 5:40:47 AM org.openqa.selenium.remote.ProtocolHandshake createSession

INFO: Detected dialect: OSS
[MASTER] 13:40:47.520 [Thread-3] ERROR ExternalProcessHandler - INFO: Detected dialect: OSS

Aug 14, 2020 5:40:54 AM org.openqa.selenium.remote.ProtocolHandshake createSession
[MASTER] 13:40:54.581 [Thread-3] ERROR ExternalProcessHandler - Aug 14, 2020 5:40:54 AM org.openqa.selenium.remote.ProtocolHandshake createSession

INFO: Detected dialect: OSS
[MASTER] 13:40:54.581 [Thread-3] ERROR ExternalProcessHandler - INFO: Detected dialect: OSS

Aug 14, 2020 5:41:08 AM org.openqa.selenium.remote.ProtocolHandshake createSession
[MASTER] 13:41:08.073 [Thread-3] ERROR ExternalProcessHandler - Aug 14, 2020 5:41:08 AM org.openqa.selenium.remote.ProtocolHandshake createSession

INFO: Detected dialect: OSS
[MASTER] 13:41:08.073 [Thread-3] ERROR ExternalProcessHandler - INFO: Detected dialect: OSS

Aug 14, 2020 5:41:27 AM org.openqa.selenium.remote.ProtocolHandshake createSession
[MASTER] 13:41:27.764 [Thread-3] ERROR ExternalProcessHandler - Aug 14, 2020 5:41:27 AM org.openqa.selenium.remote.ProtocolHandshake createSession

INFO: Detected dialect: OSS
[MASTER] 13:41:27.764 [Thread-3] ERROR ExternalProcessHandler - INFO: Detected dialect: OSS

[MASTER] 13:41:53.797 [logback-2] ERROR TestCaseExecutor - TG: Exception caught: 
java.lang.IllegalStateException: Test generation failed: page object bug.
	at org.evosuite.testcase.execution.TestCaseExecutor.runTest(TestCaseExecutor.java:322) ~[evosuite-client-1.0.4-SNAPSHOT.jar:na]
	at org.evosuite.testcase.TestFitnessFunction.runTest(TestFitnessFunction.java:91) [evosuite-client-1.0.4-SNAPSHOT.jar:na]
	at org.evosuite.testcase.TestFitnessFunction.getFitness(TestFitnessFunction.java:60) [evosuite-client-1.0.4-SNAPSHOT.jar:na]
	at org.evosuite.testcase.TestFitnessFunction.getFitness(TestFitnessFunction.java:34) [evosuite-client-1.0.4-SNAPSHOT.jar:na]
	at org.evosuite.ga.metaheuristics.art.AdaptiveRandomSearch.calculateFitness(AdaptiveRandomSearch.java:312) [evosuite-client-1.0.4-SNAPSHOT.jar:na]
	at org.evosuite.ga.metaheuristics.art.AdaptiveRandomSearch.evolve(AdaptiveRandomSearch.java:139) [evosuite-client-1.0.4-SNAPSHOT.jar:na]
	at org.evosuite.ga.metaheuristics.art.AdaptiveRandomSearch.generateSolution(AdaptiveRandomSearch.java:270) [evosuite-client-1.0.4-SNAPSHOT.jar:na]
	at org.evosuite.strategy.AdaptiveRandomTestStrategy.generateTests(AdaptiveRandomTestStrategy.java:118) [evosuite-client-1.0.4-SNAPSHOT.jar:na]
	at org.evosuite.TestSuiteGenerator.generateTests(TestSuiteGenerator.java:654) [evosuite-client-1.0.4-SNAPSHOT.jar:na]
	at org.evosuite.TestSuiteGenerator.generateTestSuite(TestSuiteGenerator.java:213) [evosuite-client-1.0.4-SNAPSHOT.jar:na]
	at org.evosuite.rmi.service.ClientNodeImpl$1.run(ClientNodeImpl.java:145) [evosuite-client-1.0.4-SNAPSHOT.jar:na]
	at java.util.concurrent.Executors$RunnableAdapter.call(Executors.java:511) [na:1.8.0_265]
	at java.util.concurrent.FutureTask.run(FutureTask.java:266) [na:1.8.0_265]
	at java.util.concurrent.ThreadPoolExecutor.runWorker(ThreadPoolExecutor.java:1149) [na:1.8.0_265]
	at java.util.concurrent.ThreadPoolExecutor$Worker.run(ThreadPoolExecutor.java:624) [na:1.8.0_265]
	at java.lang.Thread.run(Thread.java:748) [na:1.8.0_265]
Aug 14, 2020 5:41:54 AM org.openqa.selenium.remote.ProtocolHandshake createSession
[MASTER] 13:41:54.037 [Thread-3] ERROR ExternalProcessHandler - Aug 14, 2020 5:41:54 AM org.openqa.selenium.remote.ProtocolHandshake createSession

INFO: Detected dialect: OSS
[MASTER] 13:41:54.037 [Thread-3] ERROR ExternalProcessHandler - INFO: Detected dialect: OSS

Aug 14, 2020 5:41:57 AM po_utils.PageObjectLogging logInfo
[MASTER] 13:41:57.836 [Thread-3] ERROR ExternalProcessHandler - Aug 14, 2020 5:41:57 AM po_utils.PageObjectLogging logInfo

INFO: waitForElementBeingPresentOnPage timeout exception: unable to locate the element By.xpath: //button[text()="Create a new session"]
[MASTER] 13:41:57.837 [Thread-3] ERROR ExternalProcessHandler - INFO: waitForElementBeingPresentOnPage timeout exception: unable to locate the element By.xpath: //button[text()="Create a new session"]


[MASTER] 13:41:57.837 [Thread-3] ERROR ExternalProcessHandler - 


[MASTER] 13:41:57.837 [Thread-3] ERROR ExternalProcessHandler - 

Aug 14, 2020 5:41:59 AM org.openqa.selenium.remote.ProtocolHandshake createSession
[MASTER] 13:41:59.722 [Thread-3] ERROR ExternalProcessHandler - Aug 14, 2020 5:41:59 AM org.openqa.selenium.remote.ProtocolHandshake createSession

INFO: Detected dialect: OSS
[MASTER] 13:41:59.722 [Thread-3] ERROR ExternalProcessHandler - INFO: Detected dialect: OSS

Aug 14, 2020 5:42:01 AM org.openqa.selenium.remote.ProtocolHandshake createSession
[MASTER] 13:42:01.090 [Thread-3] ERROR ExternalProcessHandler - Aug 14, 2020 5:42:01 AM org.openqa.selenium.remote.ProtocolHandshake createSession

INFO: Detected dialect: OSS
[MASTER] 13:42:01.090 [Thread-3] ERROR ExternalProcessHandler - INFO: Detected dialect: OSS

Aug 14, 2020 5:42:04 AM org.openqa.selenium.remote.ProtocolHandshake createSession
[MASTER] 13:42:04.008 [Thread-3] ERROR ExternalProcessHandler - Aug 14, 2020 5:42:04 AM org.openqa.selenium.remote.ProtocolHandshake createSession

INFO: Detected dialect: OSS
[MASTER] 13:42:04.008 [Thread-3] ERROR ExternalProcessHandler - INFO: Detected dialect: OSS

Aug 14, 2020 5:42:12 AM org.openqa.selenium.remote.ProtocolHandshake createSession
[MASTER] 13:42:12.898 [Thread-3] ERROR ExternalProcessHandler - Aug 14, 2020 5:42:12 AM org.openqa.selenium.remote.ProtocolHandshake createSession

INFO: Detected dialect: OSS
[MASTER] 13:42:12.898 [Thread-3] ERROR ExternalProcessHandler - INFO: Detected dialect: OSS

Aug 14, 2020 5:42:27 AM org.openqa.selenium.remote.ProtocolHandshake createSession
[MASTER] 13:42:27.608 [Thread-3] ERROR ExternalProcessHandler - Aug 14, 2020 5:42:27 AM org.openqa.selenium.remote.ProtocolHandshake createSession

INFO: Detected dialect: OSS
[MASTER] 13:42:27.608 [Thread-3] ERROR ExternalProcessHandler - INFO: Detected dialect: OSS

[MASTER] 13:42:48.179 [logback-2] ERROR TestCaseExecutor - TG: Exception caught: 
java.lang.IllegalStateException: Test generation failed: page object bug.
	at org.evosuite.testcase.execution.TestCaseExecutor.runTest(TestCaseExecutor.java:322) ~[evosuite-client-1.0.4-SNAPSHOT.jar:na]
	at org.evosuite.testcase.TestFitnessFunction.runTest(TestFitnessFunction.java:91) [evosuite-client-1.0.4-SNAPSHOT.jar:na]
	at org.evosuite.testcase.TestFitnessFunction.getFitness(TestFitnessFunction.java:60) [evosuite-client-1.0.4-SNAPSHOT.jar:na]
	at org.evosuite.testcase.TestFitnessFunction.getFitness(TestFitnessFunction.java:34) [evosuite-client-1.0.4-SNAPSHOT.jar:na]
	at org.evosuite.ga.metaheuristics.art.AdaptiveRandomSearch.calculateFitness(AdaptiveRandomSearch.java:312) [evosuite-client-1.0.4-SNAPSHOT.jar:na]
	at org.evosuite.ga.metaheuristics.art.AdaptiveRandomSearch.evolve(AdaptiveRandomSearch.java:139) [evosuite-client-1.0.4-SNAPSHOT.jar:na]
	at org.evosuite.ga.metaheuristics.art.AdaptiveRandomSearch.generateSolution(AdaptiveRandomSearch.java:270) [evosuite-client-1.0.4-SNAPSHOT.jar:na]
	at org.evosuite.strategy.AdaptiveRandomTestStrategy.generateTests(AdaptiveRandomTestStrategy.java:118) [evosuite-client-1.0.4-SNAPSHOT.jar:na]
	at org.evosuite.TestSuiteGenerator.generateTests(TestSuiteGenerator.java:654) [evosuite-client-1.0.4-SNAPSHOT.jar:na]
	at org.evosuite.TestSuiteGenerator.generateTestSuite(TestSuiteGenerator.java:213) [evosuite-client-1.0.4-SNAPSHOT.jar:na]
	at org.evosuite.rmi.service.ClientNodeImpl$1.run(ClientNodeImpl.java:145) [evosuite-client-1.0.4-SNAPSHOT.jar:na]
	at java.util.concurrent.Executors$RunnableAdapter.call(Executors.java:511) [na:1.8.0_265]
	at java.util.concurrent.FutureTask.run(FutureTask.java:266) [na:1.8.0_265]
	at java.util.concurrent.ThreadPoolExecutor.runWorker(ThreadPoolExecutor.java:1149) [na:1.8.0_265]
	at java.util.concurrent.ThreadPoolExecutor$Worker.run(ThreadPoolExecutor.java:624) [na:1.8.0_265]
	at java.lang.Thread.run(Thread.java:748) [na:1.8.0_265]
Aug 14, 2020 5:42:48 AM org.openqa.selenium.remote.ProtocolHandshake createSession
[MASTER] 13:42:48.432 [Thread-3] ERROR ExternalProcessHandler - Aug 14, 2020 5:42:48 AM org.openqa.selenium.remote.ProtocolHandshake createSession

INFO: Detected dialect: OSS
[MASTER] 13:42:48.433 [Thread-3] ERROR ExternalProcessHandler - INFO: Detected dialect: OSS

Aug 14, 2020 5:42:50 AM org.openqa.selenium.remote.ProtocolHandshake createSession
[MASTER] 13:42:50.972 [Thread-3] ERROR ExternalProcessHandler - Aug 14, 2020 5:42:50 AM org.openqa.selenium.remote.ProtocolHandshake createSession

INFO: Detected dialect: OSS
[MASTER] 13:42:50.972 [Thread-3] ERROR ExternalProcessHandler - INFO: Detected dialect: OSS

Aug 14, 2020 5:42:59 AM org.openqa.selenium.remote.ProtocolHandshake createSession
[MASTER] 13:42:59.834 [Thread-3] ERROR ExternalProcessHandler - Aug 14, 2020 5:42:59 AM org.openqa.selenium.remote.ProtocolHandshake createSession

INFO: Detected dialect: OSS
[MASTER] 13:42:59.834 [Thread-3] ERROR ExternalProcessHandler - INFO: Detected dialect: OSS

Aug 14, 2020 5:43:14 AM org.openqa.selenium.remote.ProtocolHandshake createSession
[MASTER] 13:43:14.939 [Thread-3] ERROR ExternalProcessHandler - Aug 14, 2020 5:43:14 AM org.openqa.selenium.remote.ProtocolHandshake createSession

INFO: Detected dialect: OSS
[MASTER] 13:43:14.939 [Thread-3] ERROR ExternalProcessHandler - INFO: Detected dialect: OSS

[MASTER] 13:43:36.358 [logback-2] ERROR TestCaseExecutor - TG: Exception caught: 
java.lang.IllegalStateException: Test generation failed: page object bug.
	at org.evosuite.testcase.execution.TestCaseExecutor.runTest(TestCaseExecutor.java:322) ~[evosuite-client-1.0.4-SNAPSHOT.jar:na]
	at org.evosuite.testcase.TestFitnessFunction.runTest(TestFitnessFunction.java:91) [evosuite-client-1.0.4-SNAPSHOT.jar:na]
	at org.evosuite.testcase.TestFitnessFunction.getFitness(TestFitnessFunction.java:60) [evosuite-client-1.0.4-SNAPSHOT.jar:na]
	at org.evosuite.testcase.TestFitnessFunction.getFitness(TestFitnessFunction.java:34) [evosuite-client-1.0.4-SNAPSHOT.jar:na]
	at org.evosuite.ga.metaheuristics.art.AdaptiveRandomSearch.calculateFitness(AdaptiveRandomSearch.java:312) [evosuite-client-1.0.4-SNAPSHOT.jar:na]
	at org.evosuite.ga.metaheuristics.art.AdaptiveRandomSearch.evolve(AdaptiveRandomSearch.java:139) [evosuite-client-1.0.4-SNAPSHOT.jar:na]
	at org.evosuite.ga.metaheuristics.art.AdaptiveRandomSearch.generateSolution(AdaptiveRandomSearch.java:270) [evosuite-client-1.0.4-SNAPSHOT.jar:na]
	at org.evosuite.strategy.AdaptiveRandomTestStrategy.generateTests(AdaptiveRandomTestStrategy.java:118) [evosuite-client-1.0.4-SNAPSHOT.jar:na]
	at org.evosuite.TestSuiteGenerator.generateTests(TestSuiteGenerator.java:654) [evosuite-client-1.0.4-SNAPSHOT.jar:na]
	at org.evosuite.TestSuiteGenerator.generateTestSuite(TestSuiteGenerator.java:213) [evosuite-client-1.0.4-SNAPSHOT.jar:na]
	at org.evosuite.rmi.service.ClientNodeImpl$1.run(ClientNodeImpl.java:145) [evosuite-client-1.0.4-SNAPSHOT.jar:na]
	at java.util.concurrent.Executors$RunnableAdapter.call(Executors.java:511) [na:1.8.0_265]
	at java.util.concurrent.FutureTask.run(FutureTask.java:266) [na:1.8.0_265]
	at java.util.concurrent.ThreadPoolExecutor.runWorker(ThreadPoolExecutor.java:1149) [na:1.8.0_265]
	at java.util.concurrent.ThreadPoolExecutor$Worker.run(ThreadPoolExecutor.java:624) [na:1.8.0_265]
	at java.lang.Thread.run(Thread.java:748) [na:1.8.0_265]
Aug 14, 2020 5:43:36 AM org.openqa.selenium.remote.ProtocolHandshake createSession
[MASTER] 13:43:36.586 [Thread-3] ERROR ExternalProcessHandler - Aug 14, 2020 5:43:36 AM org.openqa.selenium.remote.ProtocolHandshake createSession

INFO: Detected dialect: OSS
[MASTER] 13:43:36.586 [Thread-3] ERROR ExternalProcessHandler - INFO: Detected dialect: OSS

Aug 14, 2020 5:43:40 AM org.openqa.selenium.remote.ProtocolHandshake createSession
[MASTER] 13:43:40.570 [Thread-3] ERROR ExternalProcessHandler - Aug 14, 2020 5:43:40 AM org.openqa.selenium.remote.ProtocolHandshake createSession

INFO: Detected dialect: OSS
[MASTER] 13:43:40.570 [Thread-3] ERROR ExternalProcessHandler - INFO: Detected dialect: OSS

Aug 14, 2020 5:43:49 AM org.openqa.selenium.remote.ProtocolHandshake createSession
[MASTER] 13:43:49.193 [Thread-3] ERROR ExternalProcessHandler - Aug 14, 2020 5:43:49 AM org.openqa.selenium.remote.ProtocolHandshake createSession

INFO: Detected dialect: OSS
[MASTER] 13:43:49.193 [Thread-3] ERROR ExternalProcessHandler - INFO: Detected dialect: OSS

Aug 14, 2020 5:44:02 AM org.openqa.selenium.remote.ProtocolHandshake createSession
[MASTER] 13:44:02.494 [Thread-3] ERROR ExternalProcessHandler - Aug 14, 2020 5:44:02 AM org.openqa.selenium.remote.ProtocolHandshake createSession

INFO: Detected dialect: OSS
[MASTER] 13:44:02.494 [Thread-3] ERROR ExternalProcessHandler - INFO: Detected dialect: OSS

[MASTER] 13:44:20.372 [logback-2] ERROR TestCaseExecutor - TG: Exception caught: 
java.lang.IllegalStateException: Test generation failed: page object bug.
	at org.evosuite.testcase.execution.TestCaseExecutor.runTest(TestCaseExecutor.java:322) ~[evosuite-client-1.0.4-SNAPSHOT.jar:na]
	at org.evosuite.testcase.TestFitnessFunction.runTest(TestFitnessFunction.java:91) [evosuite-client-1.0.4-SNAPSHOT.jar:na]
	at org.evosuite.testcase.TestFitnessFunction.getFitness(TestFitnessFunction.java:60) [evosuite-client-1.0.4-SNAPSHOT.jar:na]
	at org.evosuite.testcase.TestFitnessFunction.getFitness(TestFitnessFunction.java:34) [evosuite-client-1.0.4-SNAPSHOT.jar:na]
	at org.evosuite.ga.metaheuristics.art.AdaptiveRandomSearch.calculateFitness(AdaptiveRandomSearch.java:312) [evosuite-client-1.0.4-SNAPSHOT.jar:na]
	at org.evosuite.ga.metaheuristics.art.AdaptiveRandomSearch.evolve(AdaptiveRandomSearch.java:139) [evosuite-client-1.0.4-SNAPSHOT.jar:na]
	at org.evosuite.ga.metaheuristics.art.AdaptiveRandomSearch.generateSolution(AdaptiveRandomSearch.java:270) [evosuite-client-1.0.4-SNAPSHOT.jar:na]
	at org.evosuite.strategy.AdaptiveRandomTestStrategy.generateTests(AdaptiveRandomTestStrategy.java:118) [evosuite-client-1.0.4-SNAPSHOT.jar:na]
	at org.evosuite.TestSuiteGenerator.generateTests(TestSuiteGenerator.java:654) [evosuite-client-1.0.4-SNAPSHOT.jar:na]
	at org.evosuite.TestSuiteGenerator.generateTestSuite(TestSuiteGenerator.java:213) [evosuite-client-1.0.4-SNAPSHOT.jar:na]
	at org.evosuite.rmi.service.ClientNodeImpl$1.run(ClientNodeImpl.java:145) [evosuite-client-1.0.4-SNAPSHOT.jar:na]
	at java.util.concurrent.Executors$RunnableAdapter.call(Executors.java:511) [na:1.8.0_265]
	at java.util.concurrent.FutureTask.run(FutureTask.java:266) [na:1.8.0_265]
	at java.util.concurrent.ThreadPoolExecutor.runWorker(ThreadPoolExecutor.java:1149) [na:1.8.0_265]
	at java.util.concurrent.ThreadPoolExecutor$Worker.run(ThreadPoolExecutor.java:624) [na:1.8.0_265]
	at java.lang.Thread.run(Thread.java:748) [na:1.8.0_265]
Aug 14, 2020 5:44:20 AM org.openqa.selenium.remote.ProtocolHandshake createSession
[MASTER] 13:44:20.613 [Thread-3] ERROR ExternalProcessHandler - Aug 14, 2020 5:44:20 AM org.openqa.selenium.remote.ProtocolHandshake createSession

INFO: Detected dialect: OSS
[MASTER] 13:44:20.613 [Thread-3] ERROR ExternalProcessHandler - INFO: Detected dialect: OSS

Aug 14, 2020 5:44:22 AM org.openqa.selenium.remote.ProtocolHandshake createSession
[MASTER] 13:44:22.155 [Thread-3] ERROR ExternalProcessHandler - Aug 14, 2020 5:44:22 AM org.openqa.selenium.remote.ProtocolHandshake createSession

INFO: Detected dialect: OSS
[MASTER] 13:44:22.155 [Thread-3] ERROR ExternalProcessHandler - INFO: Detected dialect: OSS

Aug 14, 2020 5:44:23 AM org.openqa.selenium.remote.ProtocolHandshake createSession
[MASTER] 13:44:23.401 [Thread-3] ERROR ExternalProcessHandler - Aug 14, 2020 5:44:23 AM org.openqa.selenium.remote.ProtocolHandshake createSession

INFO: Detected dialect: OSS
[MASTER] 13:44:23.401 [Thread-3] ERROR ExternalProcessHandler - INFO: Detected dialect: OSS

Aug 14, 2020 5:44:24 AM org.openqa.selenium.remote.ProtocolHandshake createSession
[MASTER] 13:44:24.386 [Thread-3] ERROR ExternalProcessHandler - Aug 14, 2020 5:44:24 AM org.openqa.selenium.remote.ProtocolHandshake createSession

INFO: Detected dialect: OSS
[MASTER] 13:44:24.386 [Thread-3] ERROR ExternalProcessHandler - INFO: Detected dialect: OSS

Aug 14, 2020 5:44:27 AM org.openqa.selenium.remote.ProtocolHandshake createSession
[MASTER] 13:44:27.741 [Thread-3] ERROR ExternalProcessHandler - Aug 14, 2020 5:44:27 AM org.openqa.selenium.remote.ProtocolHandshake createSession

INFO: Detected dialect: OSS
[MASTER] 13:44:27.741 [Thread-3] ERROR ExternalProcessHandler - INFO: Detected dialect: OSS

Aug 14, 2020 5:44:37 AM org.openqa.selenium.remote.ProtocolHandshake createSession
[MASTER] 13:44:37.298 [Thread-3] ERROR ExternalProcessHandler - Aug 14, 2020 5:44:37 AM org.openqa.selenium.remote.ProtocolHandshake createSession

INFO: Detected dialect: OSS
[MASTER] 13:44:37.298 [Thread-3] ERROR ExternalProcessHandler - INFO: Detected dialect: OSS

Aug 14, 2020 5:44:52 AM org.openqa.selenium.remote.ProtocolHandshake createSession
[MASTER] 13:44:52.808 [Thread-3] ERROR ExternalProcessHandler - Aug 14, 2020 5:44:52 AM org.openqa.selenium.remote.ProtocolHandshake createSession

INFO: Detected dialect: OSS
[MASTER] 13:44:52.808 [Thread-3] ERROR ExternalProcessHandler - INFO: Detected dialect: OSS

[MASTER] 13:45:14.243 [logback-2] ERROR TestCaseExecutor - TG: Exception caught: 
java.lang.IllegalStateException: Test generation failed: page object bug.
	at org.evosuite.testcase.execution.TestCaseExecutor.runTest(TestCaseExecutor.java:322) ~[evosuite-client-1.0.4-SNAPSHOT.jar:na]
	at org.evosuite.testcase.TestFitnessFunction.runTest(TestFitnessFunction.java:91) [evosuite-client-1.0.4-SNAPSHOT.jar:na]
	at org.evosuite.testcase.TestFitnessFunction.getFitness(TestFitnessFunction.java:60) [evosuite-client-1.0.4-SNAPSHOT.jar:na]
	at org.evosuite.testcase.TestFitnessFunction.getFitness(TestFitnessFunction.java:34) [evosuite-client-1.0.4-SNAPSHOT.jar:na]
	at org.evosuite.ga.metaheuristics.art.AdaptiveRandomSearch.calculateFitness(AdaptiveRandomSearch.java:312) [evosuite-client-1.0.4-SNAPSHOT.jar:na]
	at org.evosuite.ga.metaheuristics.art.AdaptiveRandomSearch.evolve(AdaptiveRandomSearch.java:139) [evosuite-client-1.0.4-SNAPSHOT.jar:na]
	at org.evosuite.ga.metaheuristics.art.AdaptiveRandomSearch.generateSolution(AdaptiveRandomSearch.java:270) [evosuite-client-1.0.4-SNAPSHOT.jar:na]
	at org.evosuite.strategy.AdaptiveRandomTestStrategy.generateTests(AdaptiveRandomTestStrategy.java:118) [evosuite-client-1.0.4-SNAPSHOT.jar:na]
	at org.evosuite.TestSuiteGenerator.generateTests(TestSuiteGenerator.java:654) [evosuite-client-1.0.4-SNAPSHOT.jar:na]
	at org.evosuite.TestSuiteGenerator.generateTestSuite(TestSuiteGenerator.java:213) [evosuite-client-1.0.4-SNAPSHOT.jar:na]
	at org.evosuite.rmi.service.ClientNodeImpl$1.run(ClientNodeImpl.java:145) [evosuite-client-1.0.4-SNAPSHOT.jar:na]
	at java.util.concurrent.Executors$RunnableAdapter.call(Executors.java:511) [na:1.8.0_265]
	at java.util.concurrent.FutureTask.run(FutureTask.java:266) [na:1.8.0_265]
	at java.util.concurrent.ThreadPoolExecutor.runWorker(ThreadPoolExecutor.java:1149) [na:1.8.0_265]
	at java.util.concurrent.ThreadPoolExecutor$Worker.run(ThreadPoolExecutor.java:624) [na:1.8.0_265]
	at java.lang.Thread.run(Thread.java:748) [na:1.8.0_265]
Aug 14, 2020 5:45:14 AM org.openqa.selenium.remote.ProtocolHandshake createSession
[MASTER] 13:45:14.476 [Thread-3] ERROR ExternalProcessHandler - Aug 14, 2020 5:45:14 AM org.openqa.selenium.remote.ProtocolHandshake createSession

INFO: Detected dialect: OSS
[MASTER] 13:45:14.476 [Thread-3] ERROR ExternalProcessHandler - INFO: Detected dialect: OSS

Aug 14, 2020 5:45:17 AM org.openqa.selenium.remote.ProtocolHandshake createSession
[MASTER] 13:45:17.679 [Thread-3] ERROR ExternalProcessHandler - Aug 14, 2020 5:45:17 AM org.openqa.selenium.remote.ProtocolHandshake createSession

INFO: Detected dialect: OSS
[MASTER] 13:45:17.679 [Thread-3] ERROR ExternalProcessHandler - INFO: Detected dialect: OSS

Aug 14, 2020 5:45:27 AM org.openqa.selenium.remote.ProtocolHandshake createSession
[MASTER] 13:45:27.457 [Thread-3] ERROR ExternalProcessHandler - Aug 14, 2020 5:45:27 AM org.openqa.selenium.remote.ProtocolHandshake createSession

INFO: Detected dialect: OSS
[MASTER] 13:45:27.457 [Thread-3] ERROR ExternalProcessHandler - INFO: Detected dialect: OSS

Aug 14, 2020 5:45:43 AM org.openqa.selenium.remote.ProtocolHandshake createSession
[MASTER] 13:45:43.403 [Thread-3] ERROR ExternalProcessHandler - Aug 14, 2020 5:45:43 AM org.openqa.selenium.remote.ProtocolHandshake createSession

INFO: Detected dialect: OSS
[MASTER] 13:45:43.403 [Thread-3] ERROR ExternalProcessHandler - INFO: Detected dialect: OSS

[MASTER] 13:46:05.641 [logback-2] ERROR TestCaseExecutor - TG: Exception caught: 
java.lang.IllegalStateException: Test generation failed: page object bug.
	at org.evosuite.testcase.execution.TestCaseExecutor.runTest(TestCaseExecutor.java:322) ~[evosuite-client-1.0.4-SNAPSHOT.jar:na]
	at org.evosuite.testcase.TestFitnessFunction.runTest(TestFitnessFunction.java:91) [evosuite-client-1.0.4-SNAPSHOT.jar:na]
	at org.evosuite.testcase.TestFitnessFunction.isCovered(TestFitnessFunction.java:166) [evosuite-client-1.0.4-SNAPSHOT.jar:na]
	at org.evosuite.testsuite.TestSuiteMinimizer.minimizeTests(TestSuiteMinimizer.java:287) [evosuite-client-1.0.4-SNAPSHOT.jar:na]
	at org.evosuite.testsuite.TestSuiteMinimizer.minimize(TestSuiteMinimizer.java:111) [evosuite-client-1.0.4-SNAPSHOT.jar:na]
	at org.evosuite.TestSuiteGenerator.postProcessTests(TestSuiteGenerator.java:422) [evosuite-client-1.0.4-SNAPSHOT.jar:na]
	at org.evosuite.TestSuiteGenerator.generateTestSuite(TestSuiteGenerator.java:215) [evosuite-client-1.0.4-SNAPSHOT.jar:na]
	at org.evosuite.rmi.service.ClientNodeImpl$1.run(ClientNodeImpl.java:145) [evosuite-client-1.0.4-SNAPSHOT.jar:na]
	at java.util.concurrent.Executors$RunnableAdapter.call(Executors.java:511) [na:1.8.0_265]
	at java.util.concurrent.FutureTask.run(FutureTask.java:266) [na:1.8.0_265]
	at java.util.concurrent.ThreadPoolExecutor.runWorker(ThreadPoolExecutor.java:1149) [na:1.8.0_265]
	at java.util.concurrent.ThreadPoolExecutor$Worker.run(ThreadPoolExecutor.java:624) [na:1.8.0_265]
	at java.lang.Thread.run(Thread.java:748) [na:1.8.0_265]
Aug 14, 2020 5:46:05 AM org.openqa.selenium.remote.ProtocolHandshake createSession
[MASTER] 13:46:05.793 [Thread-3] ERROR ExternalProcessHandler - Aug 14, 2020 5:46:05 AM org.openqa.selenium.remote.ProtocolHandshake createSession

INFO: Detected dialect: OSS
[MASTER] 13:46:05.794 [Thread-3] ERROR ExternalProcessHandler - INFO: Detected dialect: OSS

Aug 14, 2020 5:46:06 AM org.openqa.selenium.remote.ProtocolHandshake createSession
[MASTER] 13:46:06.638 [Thread-3] ERROR ExternalProcessHandler - Aug 14, 2020 5:46:06 AM org.openqa.selenium.remote.ProtocolHandshake createSession

INFO: Detected dialect: OSS
[MASTER] 13:46:06.638 [Thread-3] ERROR ExternalProcessHandler - INFO: Detected dialect: OSS

Aug 14, 2020 5:46:09 AM org.openqa.selenium.remote.ProtocolHandshake createSession
[MASTER] 13:46:09.462 [Thread-3] ERROR ExternalProcessHandler - Aug 14, 2020 5:46:09 AM org.openqa.selenium.remote.ProtocolHandshake createSession

INFO: Detected dialect: OSS
[MASTER] 13:46:09.462 [Thread-3] ERROR ExternalProcessHandler - INFO: Detected dialect: OSS

Aug 14, 2020 5:46:17 AM org.openqa.selenium.remote.ProtocolHandshake createSession
[MASTER] 13:46:17.945 [Thread-3] ERROR ExternalProcessHandler - Aug 14, 2020 5:46:17 AM org.openqa.selenium.remote.ProtocolHandshake createSession

INFO: Detected dialect: OSS
[MASTER] 13:46:17.945 [Thread-3] ERROR ExternalProcessHandler - INFO: Detected dialect: OSS

Aug 14, 2020 5:46:31 AM org.openqa.selenium.remote.ProtocolHandshake createSession
[MASTER] 13:46:31.832 [Thread-3] ERROR ExternalProcessHandler - Aug 14, 2020 5:46:31 AM org.openqa.selenium.remote.ProtocolHandshake createSession

INFO: Detected dialect: OSS
[MASTER] 13:46:31.832 [Thread-3] ERROR ExternalProcessHandler - INFO: Detected dialect: OSS

[MASTER] 13:46:50.893 [logback-2] ERROR TestCaseExecutor - TG: Exception caught: 
java.lang.IllegalStateException: Test generation failed: page object bug.
	at org.evosuite.testcase.execution.TestCaseExecutor.runTest(TestCaseExecutor.java:322) ~[evosuite-client-1.0.4-SNAPSHOT.jar:na]
	at org.evosuite.testcase.TestFitnessFunction.runTest(TestFitnessFunction.java:91) [evosuite-client-1.0.4-SNAPSHOT.jar:na]
	at org.evosuite.testcase.TestFitnessFunction.isCovered(TestFitnessFunction.java:166) [evosuite-client-1.0.4-SNAPSHOT.jar:na]
	at org.evosuite.testsuite.TestSuiteMinimizer.minimizeTests(TestSuiteMinimizer.java:287) [evosuite-client-1.0.4-SNAPSHOT.jar:na]
	at org.evosuite.testsuite.TestSuiteMinimizer.minimize(TestSuiteMinimizer.java:111) [evosuite-client-1.0.4-SNAPSHOT.jar:na]
	at org.evosuite.TestSuiteGenerator.postProcessTests(TestSuiteGenerator.java:422) [evosuite-client-1.0.4-SNAPSHOT.jar:na]
	at org.evosuite.TestSuiteGenerator.generateTestSuite(TestSuiteGenerator.java:215) [evosuite-client-1.0.4-SNAPSHOT.jar:na]
	at org.evosuite.rmi.service.ClientNodeImpl$1.run(ClientNodeImpl.java:145) [evosuite-client-1.0.4-SNAPSHOT.jar:na]
	at java.util.concurrent.Executors$RunnableAdapter.call(Executors.java:511) [na:1.8.0_265]
	at java.util.concurrent.FutureTask.run(FutureTask.java:266) [na:1.8.0_265]
	at java.util.concurrent.ThreadPoolExecutor.runWorker(ThreadPoolExecutor.java:1149) [na:1.8.0_265]
	at java.util.concurrent.ThreadPoolExecutor$Worker.run(ThreadPoolExecutor.java:624) [na:1.8.0_265]
	at java.lang.Thread.run(Thread.java:748) [na:1.8.0_265]
Aug 14, 2020 5:46:51 AM org.openqa.selenium.remote.ProtocolHandshake createSession
[MASTER] 13:46:51.076 [Thread-3] ERROR ExternalProcessHandler - Aug 14, 2020 5:46:51 AM org.openqa.selenium.remote.ProtocolHandshake createSession

INFO: Detected dialect: OSS
[MASTER] 13:46:51.076 [Thread-3] ERROR ExternalProcessHandler - INFO: Detected dialect: OSS

Aug 14, 2020 5:46:52 AM org.openqa.selenium.remote.ProtocolHandshake createSession
[MASTER] 13:46:52.461 [Thread-3] ERROR ExternalProcessHandler - Aug 14, 2020 5:46:52 AM org.openqa.selenium.remote.ProtocolHandshake createSession

INFO: Detected dialect: OSS
[MASTER] 13:46:52.461 [Thread-3] ERROR ExternalProcessHandler - INFO: Detected dialect: OSS

Aug 14, 2020 5:46:55 AM org.openqa.selenium.remote.ProtocolHandshake createSession
[MASTER] 13:46:55.035 [Thread-3] ERROR ExternalProcessHandler - Aug 14, 2020 5:46:55 AM org.openqa.selenium.remote.ProtocolHandshake createSession

INFO: Detected dialect: OSS
[MASTER] 13:46:55.035 [Thread-3] ERROR ExternalProcessHandler - INFO: Detected dialect: OSS

Aug 14, 2020 5:47:03 AM org.openqa.selenium.remote.ProtocolHandshake createSession
[MASTER] 13:47:03.411 [Thread-3] ERROR ExternalProcessHandler - Aug 14, 2020 5:47:03 AM org.openqa.selenium.remote.ProtocolHandshake createSession

INFO: Detected dialect: OSS
[MASTER] 13:47:03.411 [Thread-3] ERROR ExternalProcessHandler - INFO: Detected dialect: OSS

Aug 14, 2020 5:47:17 AM org.openqa.selenium.remote.ProtocolHandshake createSession
[MASTER] 13:47:17.448 [Thread-3] ERROR ExternalProcessHandler - Aug 14, 2020 5:47:17 AM org.openqa.selenium.remote.ProtocolHandshake createSession

INFO: Detected dialect: OSS
[MASTER] 13:47:17.449 [Thread-3] ERROR ExternalProcessHandler - INFO: Detected dialect: OSS

[MASTER] 13:47:37.086 [logback-2] ERROR TestCaseExecutor - TG: Exception caught: 
java.lang.IllegalStateException: Test generation failed: page object bug.
	at org.evosuite.testcase.execution.TestCaseExecutor.runTest(TestCaseExecutor.java:322) ~[evosuite-client-1.0.4-SNAPSHOT.jar:na]
	at org.evosuite.testcase.TestFitnessFunction.runTest(TestFitnessFunction.java:91) [evosuite-client-1.0.4-SNAPSHOT.jar:na]
	at org.evosuite.testcase.TestFitnessFunction.isCovered(TestFitnessFunction.java:166) [evosuite-client-1.0.4-SNAPSHOT.jar:na]
	at org.evosuite.testsuite.TestSuiteMinimizer.minimizeTests(TestSuiteMinimizer.java:287) [evosuite-client-1.0.4-SNAPSHOT.jar:na]
	at org.evosuite.testsuite.TestSuiteMinimizer.minimize(TestSuiteMinimizer.java:111) [evosuite-client-1.0.4-SNAPSHOT.jar:na]
	at org.evosuite.TestSuiteGenerator.postProcessTests(TestSuiteGenerator.java:422) [evosuite-client-1.0.4-SNAPSHOT.jar:na]
	at org.evosuite.TestSuiteGenerator.generateTestSuite(TestSuiteGenerator.java:215) [evosuite-client-1.0.4-SNAPSHOT.jar:na]
	at org.evosuite.rmi.service.ClientNodeImpl$1.run(ClientNodeImpl.java:145) [evosuite-client-1.0.4-SNAPSHOT.jar:na]
	at java.util.concurrent.Executors$RunnableAdapter.call(Executors.java:511) [na:1.8.0_265]
	at java.util.concurrent.FutureTask.run(FutureTask.java:266) [na:1.8.0_265]
	at java.util.concurrent.ThreadPoolExecutor.runWorker(ThreadPoolExecutor.java:1149) [na:1.8.0_265]
	at java.util.concurrent.ThreadPoolExecutor$Worker.run(ThreadPoolExecutor.java:624) [na:1.8.0_265]
	at java.lang.Thread.run(Thread.java:748) [na:1.8.0_265]
Aug 14, 2020 5:47:37 AM org.openqa.selenium.remote.ProtocolHandshake createSession
[MASTER] 13:47:37.271 [Thread-3] ERROR ExternalProcessHandler - Aug 14, 2020 5:47:37 AM org.openqa.selenium.remote.ProtocolHandshake createSession

INFO: Detected dialect: OSS
[MASTER] 13:47:37.271 [Thread-3] ERROR ExternalProcessHandler - INFO: Detected dialect: OSS

Aug 14, 2020 5:47:40 AM org.openqa.selenium.remote.ProtocolHandshake createSession
[MASTER] 13:47:40.810 [Thread-3] ERROR ExternalProcessHandler - Aug 14, 2020 5:47:40 AM org.openqa.selenium.remote.ProtocolHandshake createSession

INFO: Detected dialect: OSS
[MASTER] 13:47:40.810 [Thread-3] ERROR ExternalProcessHandler - INFO: Detected dialect: OSS

Aug 14, 2020 5:47:50 AM org.openqa.selenium.remote.ProtocolHandshake createSession
[MASTER] 13:47:50.213 [Thread-3] ERROR ExternalProcessHandler - Aug 14, 2020 5:47:50 AM org.openqa.selenium.remote.ProtocolHandshake createSession

INFO: Detected dialect: OSS
[MASTER] 13:47:50.214 [Thread-3] ERROR ExternalProcessHandler - INFO: Detected dialect: OSS

Aug 14, 2020 5:48:05 AM org.openqa.selenium.remote.ProtocolHandshake createSession
[MASTER] 13:48:05.608 [Thread-3] ERROR ExternalProcessHandler - Aug 14, 2020 5:48:05 AM org.openqa.selenium.remote.ProtocolHandshake createSession

INFO: Detected dialect: OSS
[MASTER] 13:48:05.608 [Thread-3] ERROR ExternalProcessHandler - INFO: Detected dialect: OSS

[MASTER] 13:48:26.782 [logback-2] ERROR TestCaseExecutor - TG: Exception caught: 
java.lang.IllegalStateException: Test generation failed: page object bug.
	at org.evosuite.testcase.execution.TestCaseExecutor.runTest(TestCaseExecutor.java:322) ~[evosuite-client-1.0.4-SNAPSHOT.jar:na]
	at org.evosuite.testcase.TestFitnessFunction.runTest(TestFitnessFunction.java:91) [evosuite-client-1.0.4-SNAPSHOT.jar:na]
	at org.evosuite.testcase.TestFitnessFunction.isCovered(TestFitnessFunction.java:166) [evosuite-client-1.0.4-SNAPSHOT.jar:na]
	at org.evosuite.testsuite.TestSuiteMinimizer.minimizeTests(TestSuiteMinimizer.java:287) [evosuite-client-1.0.4-SNAPSHOT.jar:na]
	at org.evosuite.testsuite.TestSuiteMinimizer.minimize(TestSuiteMinimizer.java:111) [evosuite-client-1.0.4-SNAPSHOT.jar:na]
	at org.evosuite.TestSuiteGenerator.postProcessTests(TestSuiteGenerator.java:422) [evosuite-client-1.0.4-SNAPSHOT.jar:na]
	at org.evosuite.TestSuiteGenerator.generateTestSuite(TestSuiteGenerator.java:215) [evosuite-client-1.0.4-SNAPSHOT.jar:na]
	at org.evosuite.rmi.service.ClientNodeImpl$1.run(ClientNodeImpl.java:145) [evosuite-client-1.0.4-SNAPSHOT.jar:na]
	at java.util.concurrent.Executors$RunnableAdapter.call(Executors.java:511) [na:1.8.0_265]
	at java.util.concurrent.FutureTask.run(FutureTask.java:266) [na:1.8.0_265]
	at java.util.concurrent.ThreadPoolExecutor.runWorker(ThreadPoolExecutor.java:1149) [na:1.8.0_265]
	at java.util.concurrent.ThreadPoolExecutor$Worker.run(ThreadPoolExecutor.java:624) [na:1.8.0_265]
	at java.lang.Thread.run(Thread.java:748) [na:1.8.0_265]
Aug 14, 2020 5:48:26 AM org.openqa.selenium.remote.ProtocolHandshake createSession
[MASTER] 13:48:26.973 [Thread-3] ERROR ExternalProcessHandler - Aug 14, 2020 5:48:26 AM org.openqa.selenium.remote.ProtocolHandshake createSession

INFO: Detected dialect: OSS
[MASTER] 13:48:26.973 [Thread-3] ERROR ExternalProcessHandler - INFO: Detected dialect: OSS

Aug 14, 2020 5:48:29 AM po_utils.PageObjectLogging logInfo
[MASTER] 13:48:29.010 [Thread-3] ERROR ExternalProcessHandler - Aug 14, 2020 5:48:29 AM po_utils.PageObjectLogging logInfo

INFO: waitForElementBeingPresentOnPage timeout exception: unable to locate the element By.xpath: //button[text()="Create a new session"]
[MASTER] 13:48:29.010 [Thread-3] ERROR ExternalProcessHandler - INFO: waitForElementBeingPresentOnPage timeout exception: unable to locate the element By.xpath: //button[text()="Create a new session"]


[MASTER] 13:48:29.010 [Thread-3] ERROR ExternalProcessHandler - 


[MASTER] 13:48:29.010 [Thread-3] ERROR ExternalProcessHandler - 

Aug 14, 2020 5:48:30 AM org.openqa.selenium.remote.ProtocolHandshake createSession
[MASTER] 13:48:30.442 [Thread-3] ERROR ExternalProcessHandler - Aug 14, 2020 5:48:30 AM org.openqa.selenium.remote.ProtocolHandshake createSession

INFO: Detected dialect: OSS
[MASTER] 13:48:30.442 [Thread-3] ERROR ExternalProcessHandler - INFO: Detected dialect: OSS

Aug 14, 2020 5:48:36 AM po_utils.PageObjectLogging logInfo
[MASTER] 13:48:36.844 [Thread-3] ERROR ExternalProcessHandler - Aug 14, 2020 5:48:36 AM po_utils.PageObjectLogging logInfo

INFO: waitForElementBeingPresentOnPage timeout exception: unable to locate the element By.xpath: //button[text()="Create a new session"]
[MASTER] 13:48:36.845 [Thread-3] ERROR ExternalProcessHandler - INFO: waitForElementBeingPresentOnPage timeout exception: unable to locate the element By.xpath: //button[text()="Create a new session"]


[MASTER] 13:48:36.845 [Thread-3] ERROR ExternalProcessHandler - 


[MASTER] 13:48:36.845 [Thread-3] ERROR ExternalProcessHandler - 

Aug 14, 2020 5:48:39 AM org.openqa.selenium.remote.ProtocolHandshake createSession
[MASTER] 13:48:39.944 [Thread-3] ERROR ExternalProcessHandler - Aug 14, 2020 5:48:39 AM org.openqa.selenium.remote.ProtocolHandshake createSession

INFO: Detected dialect: OSS
[MASTER] 13:48:39.944 [Thread-3] ERROR ExternalProcessHandler - INFO: Detected dialect: OSS

Aug 14, 2020 5:48:50 AM po_utils.PageObjectLogging logInfo
[MASTER] 13:48:50.458 [Thread-3] ERROR ExternalProcessHandler - Aug 14, 2020 5:48:50 AM po_utils.PageObjectLogging logInfo

INFO: waitForElementBeingPresentOnPage timeout exception: unable to locate the element By.xpath: //button[text()="Create a new session"]
[MASTER] 13:48:50.459 [Thread-3] ERROR ExternalProcessHandler - INFO: waitForElementBeingPresentOnPage timeout exception: unable to locate the element By.xpath: //button[text()="Create a new session"]


[MASTER] 13:48:50.459 [Thread-3] ERROR ExternalProcessHandler - 


[MASTER] 13:48:50.459 [Thread-3] ERROR ExternalProcessHandler - 

Aug 14, 2020 5:48:55 AM org.openqa.selenium.remote.ProtocolHandshake createSession
[MASTER] 13:48:55.236 [Thread-3] ERROR ExternalProcessHandler - Aug 14, 2020 5:48:55 AM org.openqa.selenium.remote.ProtocolHandshake createSession

INFO: Detected dialect: OSS
[MASTER] 13:48:55.237 [Thread-3] ERROR ExternalProcessHandler - INFO: Detected dialect: OSS

Aug 14, 2020 5:49:09 AM po_utils.PageObjectLogging logInfo
[MASTER] 13:49:09.920 [Thread-3] ERROR ExternalProcessHandler - Aug 14, 2020 5:49:09 AM po_utils.PageObjectLogging logInfo

INFO: waitForElementBeingPresentOnPage timeout exception: unable to locate the element By.xpath: //button[text()="Create a new session"]
[MASTER] 13:49:09.920 [Thread-3] ERROR ExternalProcessHandler - INFO: waitForElementBeingPresentOnPage timeout exception: unable to locate the element By.xpath: //button[text()="Create a new session"]


[MASTER] 13:49:09.920 [Thread-3] ERROR ExternalProcessHandler - 


[MASTER] 13:49:09.920 [Thread-3] ERROR ExternalProcessHandler - 

[MASTER] 13:49:16.218 [logback-2] ERROR TestCaseExecutor - TG: Exception caught: 
java.lang.IllegalStateException: Test generation failed: page object bug.
	at org.evosuite.testcase.execution.TestCaseExecutor.runTest(TestCaseExecutor.java:322) ~[evosuite-client-1.0.4-SNAPSHOT.jar:na]
	at org.evosuite.testcase.TestFitnessFunction.runTest(TestFitnessFunction.java:91) [evosuite-client-1.0.4-SNAPSHOT.jar:na]
	at org.evosuite.testcase.TestFitnessFunction.isCovered(TestFitnessFunction.java:166) [evosuite-client-1.0.4-SNAPSHOT.jar:na]
	at org.evosuite.testsuite.TestSuiteMinimizer.minimizeTests(TestSuiteMinimizer.java:287) [evosuite-client-1.0.4-SNAPSHOT.jar:na]
	at org.evosuite.testsuite.TestSuiteMinimizer.minimize(TestSuiteMinimizer.java:111) [evosuite-client-1.0.4-SNAPSHOT.jar:na]
	at org.evosuite.TestSuiteGenerator.postProcessTests(TestSuiteGenerator.java:422) [evosuite-client-1.0.4-SNAPSHOT.jar:na]
	at org.evosuite.TestSuiteGenerator.generateTestSuite(TestSuiteGenerator.java:215) [evosuite-client-1.0.4-SNAPSHOT.jar:na]
	at org.evosuite.rmi.service.ClientNodeImpl$1.run(ClientNodeImpl.java:145) [evosuite-client-1.0.4-SNAPSHOT.jar:na]
	at java.util.concurrent.Executors$RunnableAdapter.call(Executors.java:511) [na:1.8.0_265]
	at java.util.concurrent.FutureTask.run(FutureTask.java:266) [na:1.8.0_265]
	at java.util.concurrent.ThreadPoolExecutor.runWorker(ThreadPoolExecutor.java:1149) [na:1.8.0_265]
	at java.util.concurrent.ThreadPoolExecutor$Worker.run(ThreadPoolExecutor.java:624) [na:1.8.0_265]
	at java.lang.Thread.run(Thread.java:748) [na:1.8.0_265]
Aug 14, 2020 5:49:16 AM org.openqa.selenium.remote.ProtocolHandshake createSession
[MASTER] 13:49:16.407 [Thread-3] ERROR ExternalProcessHandler - Aug 14, 2020 5:49:16 AM org.openqa.selenium.remote.ProtocolHandshake createSession

INFO: Detected dialect: OSS
[MASTER] 13:49:16.407 [Thread-3] ERROR ExternalProcessHandler - INFO: Detected dialect: OSS

Aug 14, 2020 5:49:18 AM po_utils.PageObjectLogging logInfo
[MASTER] 13:49:18.381 [Thread-3] ERROR ExternalProcessHandler - Aug 14, 2020 5:49:18 AM po_utils.PageObjectLogging logInfo

INFO: waitForElementBeingPresentOnPage timeout exception: unable to locate the element By.xpath: //button[text()="Create a new session"]
[MASTER] 13:49:18.382 [Thread-3] ERROR ExternalProcessHandler - INFO: waitForElementBeingPresentOnPage timeout exception: unable to locate the element By.xpath: //button[text()="Create a new session"]


[MASTER] 13:49:18.382 [Thread-3] ERROR ExternalProcessHandler - 


[MASTER] 13:49:18.382 [Thread-3] ERROR ExternalProcessHandler - 

Aug 14, 2020 5:49:20 AM org.openqa.selenium.remote.ProtocolHandshake createSession
[MASTER] 13:49:20.241 [Thread-3] ERROR ExternalProcessHandler - Aug 14, 2020 5:49:20 AM org.openqa.selenium.remote.ProtocolHandshake createSession

INFO: Detected dialect: OSS
[MASTER] 13:49:20.241 [Thread-3] ERROR ExternalProcessHandler - INFO: Detected dialect: OSS

Aug 14, 2020 5:49:21 AM org.openqa.selenium.remote.ProtocolHandshake createSession
[MASTER] 13:49:21.982 [Thread-3] ERROR ExternalProcessHandler - Aug 14, 2020 5:49:21 AM org.openqa.selenium.remote.ProtocolHandshake createSession

INFO: Detected dialect: OSS
[MASTER] 13:49:21.982 [Thread-3] ERROR ExternalProcessHandler - INFO: Detected dialect: OSS

Aug 14, 2020 5:49:23 AM po_utils.PageObjectLogging logInfo
[MASTER] 13:49:23.774 [Thread-3] ERROR ExternalProcessHandler - Aug 14, 2020 5:49:23 AM po_utils.PageObjectLogging logInfo

INFO: waitForElementBeingPresentOnPage timeout exception: unable to locate the element By.xpath: //button[text()="Create a new session"]
[MASTER] 13:49:23.775 [Thread-3] ERROR ExternalProcessHandler - INFO: waitForElementBeingPresentOnPage timeout exception: unable to locate the element By.xpath: //button[text()="Create a new session"]


[MASTER] 13:49:23.775 [Thread-3] ERROR ExternalProcessHandler - 


[MASTER] 13:49:23.775 [Thread-3] ERROR ExternalProcessHandler - 

Aug 14, 2020 5:49:24 AM org.openqa.selenium.remote.ProtocolHandshake createSession
[MASTER] 13:49:24.831 [Thread-3] ERROR ExternalProcessHandler - Aug 14, 2020 5:49:24 AM org.openqa.selenium.remote.ProtocolHandshake createSession

INFO: Detected dialect: OSS
[MASTER] 13:49:24.831 [Thread-3] ERROR ExternalProcessHandler - INFO: Detected dialect: OSS

Aug 14, 2020 5:49:27 AM org.openqa.selenium.remote.ProtocolHandshake createSession
[MASTER] 13:49:27.734 [Thread-3] ERROR ExternalProcessHandler - Aug 14, 2020 5:49:27 AM org.openqa.selenium.remote.ProtocolHandshake createSession

INFO: Detected dialect: OSS
[MASTER] 13:49:27.734 [Thread-3] ERROR ExternalProcessHandler - INFO: Detected dialect: OSS

Aug 14, 2020 5:49:29 AM org.openqa.selenium.remote.ProtocolHandshake createSession
[MASTER] 13:49:29.403 [Thread-3] ERROR ExternalProcessHandler - Aug 14, 2020 5:49:29 AM org.openqa.selenium.remote.ProtocolHandshake createSession

INFO: Detected dialect: OSS
[MASTER] 13:49:29.403 [Thread-3] ERROR ExternalProcessHandler - INFO: Detected dialect: OSS

Aug 14, 2020 5:49:31 AM org.openqa.selenium.remote.ProtocolHandshake createSession
[MASTER] 13:49:31.968 [Thread-3] ERROR ExternalProcessHandler - Aug 14, 2020 5:49:31 AM org.openqa.selenium.remote.ProtocolHandshake createSession

INFO: Detected dialect: OSS
[MASTER] 13:49:31.968 [Thread-3] ERROR ExternalProcessHandler - INFO: Detected dialect: OSS

Aug 14, 2020 5:49:34 AM org.openqa.selenium.remote.ProtocolHandshake createSession
[MASTER] 13:49:34.130 [Thread-3] ERROR ExternalProcessHandler - Aug 14, 2020 5:49:34 AM org.openqa.selenium.remote.ProtocolHandshake createSession

INFO: Detected dialect: OSS
[MASTER] 13:49:34.130 [Thread-3] ERROR ExternalProcessHandler - INFO: Detected dialect: OSS

Aug 14, 2020 5:49:36 AM org.openqa.selenium.remote.ProtocolHandshake createSession
[MASTER] 13:49:36.276 [Thread-3] ERROR ExternalProcessHandler - Aug 14, 2020 5:49:36 AM org.openqa.selenium.remote.ProtocolHandshake createSession

INFO: Detected dialect: OSS
[MASTER] 13:49:36.276 [Thread-3] ERROR ExternalProcessHandler - INFO: Detected dialect: OSS

Aug 14, 2020 5:49:38 AM org.openqa.selenium.remote.ProtocolHandshake createSession
[MASTER] 13:49:38.843 [Thread-3] ERROR ExternalProcessHandler - Aug 14, 2020 5:49:38 AM org.openqa.selenium.remote.ProtocolHandshake createSession

INFO: Detected dialect: OSS
[MASTER] 13:49:38.843 [Thread-3] ERROR ExternalProcessHandler - INFO: Detected dialect: OSS

Aug 14, 2020 5:49:40 AM org.openqa.selenium.remote.ProtocolHandshake createSession
[MASTER] 13:49:40.531 [Thread-3] ERROR ExternalProcessHandler - Aug 14, 2020 5:49:40 AM org.openqa.selenium.remote.ProtocolHandshake createSession

INFO: Detected dialect: OSS
[MASTER] 13:49:40.532 [Thread-3] ERROR ExternalProcessHandler - INFO: Detected dialect: OSS

Aug 14, 2020 5:49:43 AM org.openqa.selenium.remote.ProtocolHandshake createSession
[MASTER] 13:49:43.505 [Thread-3] ERROR ExternalProcessHandler - Aug 14, 2020 5:49:43 AM org.openqa.selenium.remote.ProtocolHandshake createSession

INFO: Detected dialect: OSS
[MASTER] 13:49:43.505 [Thread-3] ERROR ExternalProcessHandler - INFO: Detected dialect: OSS

Aug 14, 2020 5:49:45 AM po_utils.PageObjectLogging logInfo
[MASTER] 13:49:45.437 [Thread-3] ERROR ExternalProcessHandler - Aug 14, 2020 5:49:45 AM po_utils.PageObjectLogging logInfo

INFO: waitForElementBeingPresentOnPage timeout exception: unable to locate the element By.xpath: //button[text()="Create a new session"]
[MASTER] 13:49:45.438 [Thread-3] ERROR ExternalProcessHandler - INFO: waitForElementBeingPresentOnPage timeout exception: unable to locate the element By.xpath: //button[text()="Create a new session"]


[MASTER] 13:49:45.438 [Thread-3] ERROR ExternalProcessHandler - 


[MASTER] 13:49:45.438 [Thread-3] ERROR ExternalProcessHandler - 

