SLF4J: Class path contains multiple SLF4J bindings.
SLF4J: Found binding in [jar:file:/home/yw/.m2/repository/ch/qos/logback/logback-classic/1.1.3/logback-classic-1.1.3.jar!/org/slf4j/impl/StaticLoggerBinder.class]
SLF4J: Found binding in [jar:file:/home/yw/.m2/repository/org/evosuite/evosuite-master/1.0.4-SNAPSHOT/evosuite-master-1.0.4-SNAPSHOT.jar!/org/slf4j/impl/StaticLoggerBinder.class]
SLF4J: See http://www.slf4j.org/codes.html#multiple_bindings for an explanation.
SLF4J: Actual binding is of type [ch.qos.logback.classic.util.ContextSelectorStaticBinder]
SLF4J: Class path contains multiple SLF4J bindings.
[MASTER] 16:14:25.685 [Thread-3] ERROR ExternalProcessHandler - SLF4J: Class path contains multiple SLF4J bindings.

SLF4J: Found binding in [jar:file:/home/yw/.m2/repository/ch/qos/logback/logback-classic/1.1.3/logback-classic-1.1.3.jar!/org/slf4j/impl/StaticLoggerBinder.class]
[MASTER] 16:14:25.689 [Thread-3] ERROR ExternalProcessHandler - SLF4J: Found binding in [jar:file:/home/yw/.m2/repository/ch/qos/logback/logback-classic/1.1.3/logback-classic-1.1.3.jar!/org/slf4j/impl/StaticLoggerBinder.class]

SLF4J: Found binding in [jar:file:/home/yw/.m2/repository/org/evosuite/evosuite-master/1.0.4-SNAPSHOT/evosuite-master-1.0.4-SNAPSHOT.jar!/org/slf4j/impl/StaticLoggerBinder.class]
[MASTER] 16:14:25.692 [Thread-3] ERROR ExternalProcessHandler - SLF4J: Found binding in [jar:file:/home/yw/.m2/repository/org/evosuite/evosuite-master/1.0.4-SNAPSHOT/evosuite-master-1.0.4-SNAPSHOT.jar!/org/slf4j/impl/StaticLoggerBinder.class]

SLF4J: See http://www.slf4j.org/codes.html#multiple_bindings for an explanation.
[MASTER] 16:14:25.692 [Thread-3] ERROR ExternalProcessHandler - SLF4J: See http://www.slf4j.org/codes.html#multiple_bindings for an explanation.

SLF4J: Actual binding is of type [ch.qos.logback.classic.util.ContextSelectorStaticBinder]
[MASTER] 16:14:25.868 [Thread-3] ERROR ExternalProcessHandler - SLF4J: Actual binding is of type [ch.qos.logback.classic.util.ContextSelectorStaticBinder]

Aug 14, 2020 8:14:28 AM org.openqa.selenium.remote.ProtocolHandshake createSession
[MASTER] 16:14:28.795 [Thread-3] ERROR ExternalProcessHandler - Aug 14, 2020 8:14:28 AM org.openqa.selenium.remote.ProtocolHandshake createSession

INFO: Detected dialect: OSS
[MASTER] 16:14:28.795 [Thread-3] ERROR ExternalProcessHandler - INFO: Detected dialect: OSS

Aug 14, 2020 8:14:30 AM org.openqa.selenium.remote.ProtocolHandshake createSession
[MASTER] 16:14:30.646 [Thread-3] ERROR ExternalProcessHandler - Aug 14, 2020 8:14:30 AM org.openqa.selenium.remote.ProtocolHandshake createSession

INFO: Detected dialect: OSS
[MASTER] 16:14:30.646 [Thread-3] ERROR ExternalProcessHandler - INFO: Detected dialect: OSS

Exception in thread "Thread-3" java.lang.ClassCastException: org.evosuite.testcase.TestChromosome cannot be cast to org.evosuite.testsuite.TestSuiteChromosome
[MASTER] 16:14:30.651 [Thread-3] ERROR ExternalProcessHandler - Exception in thread "Thread-3" java.lang.ClassCastException: org.evosuite.testcase.TestChromosome cannot be cast to org.evosuite.testsuite.TestSuiteChromosome

	at org.evosuite.statistics.SearchStatistics.currentIndividual(SearchStatistics.java:181)
[MASTER] 16:14:30.652 [Thread-3] ERROR ExternalProcessHandler - 	at org.evosuite.statistics.SearchStatistics.currentIndividual(SearchStatistics.java:181)

	at org.evosuite.rmi.service.MasterNodeImpl.evosuite_collectStatistics(MasterNodeImpl.java:166)
[MASTER] 16:14:30.652 [Thread-3] ERROR ExternalProcessHandler - 	at org.evosuite.rmi.service.MasterNodeImpl.evosuite_collectStatistics(MasterNodeImpl.java:166)

	at sun.reflect.NativeMethodAccessorImpl.invoke0(Native Method)
[MASTER] 16:14:30.652 [Thread-3] ERROR ExternalProcessHandler - 	at sun.reflect.NativeMethodAccessorImpl.invoke0(Native Method)

	at sun.reflect.NativeMethodAccessorImpl.invoke(NativeMethodAccessorImpl.java:62)
[MASTER] 16:14:30.652 [Thread-3] ERROR ExternalProcessHandler - 	at sun.reflect.NativeMethodAccessorImpl.invoke(NativeMethodAccessorImpl.java:62)

	at sun.reflect.DelegatingMethodAccessorImpl.invoke(DelegatingMethodAccessorImpl.java:43)
[MASTER] 16:14:30.653 [Thread-3] ERROR ExternalProcessHandler - 	at sun.reflect.DelegatingMethodAccessorImpl.invoke(DelegatingMethodAccessorImpl.java:43)

	at java.lang.reflect.Method.invoke(Method.java:498)
[MASTER] 16:14:30.653 [Thread-3] ERROR ExternalProcessHandler - 	at java.lang.reflect.Method.invoke(Method.java:498)

	at sun.rmi.server.UnicastServerRef.dispatch(UnicastServerRef.java:357)
[MASTER] 16:14:30.653 [Thread-3] ERROR ExternalProcessHandler - 	at sun.rmi.server.UnicastServerRef.dispatch(UnicastServerRef.java:357)

	at sun.rmi.transport.Transport$1.run(Transport.java:200)
[MASTER] 16:14:30.654 [Thread-3] ERROR ExternalProcessHandler - 	at sun.rmi.transport.Transport$1.run(Transport.java:200)

	at sun.rmi.transport.Transport$1.run(Transport.java:197)
[MASTER] 16:14:30.654 [Thread-3] ERROR ExternalProcessHandler - 	at sun.rmi.transport.Transport$1.run(Transport.java:197)

	at java.security.AccessController.doPrivileged(Native Method)
[MASTER] 16:14:30.654 [Thread-3] ERROR ExternalProcessHandler - 	at java.security.AccessController.doPrivileged(Native Method)

	at sun.rmi.transport.Transport.serviceCall(Transport.java:196)
[MASTER] 16:14:30.654 [Thread-3] ERROR ExternalProcessHandler - 	at sun.rmi.transport.Transport.serviceCall(Transport.java:196)

	at sun.rmi.transport.tcp.TCPTransport.handleMessages(TCPTransport.java:573)
[MASTER] 16:14:30.654 [Thread-3] ERROR ExternalProcessHandler - 	at sun.rmi.transport.tcp.TCPTransport.handleMessages(TCPTransport.java:573)

	at sun.rmi.transport.tcp.TCPTransport$ConnectionHandler.run0(TCPTransport.java:834)
[MASTER] 16:14:30.654 [Thread-3] ERROR ExternalProcessHandler - 	at sun.rmi.transport.tcp.TCPTransport$ConnectionHandler.run0(TCPTransport.java:834)

	at sun.rmi.transport.tcp.TCPTransport$ConnectionHandler.lambda$run$0(TCPTransport.java:688)
[MASTER] 16:14:30.655 [Thread-3] ERROR ExternalProcessHandler - 	at sun.rmi.transport.tcp.TCPTransport$ConnectionHandler.lambda$run$0(TCPTransport.java:688)

	at java.security.AccessController.doPrivileged(Native Method)
[MASTER] 16:14:30.655 [Thread-3] ERROR ExternalProcessHandler - 	at java.security.AccessController.doPrivileged(Native Method)

	at sun.rmi.transport.tcp.TCPTransport$ConnectionHandler.run(TCPTransport.java:687)
[MASTER] 16:14:30.655 [Thread-3] ERROR ExternalProcessHandler - 	at sun.rmi.transport.tcp.TCPTransport$ConnectionHandler.run(TCPTransport.java:687)

	at java.util.concurrent.ThreadPoolExecutor.runWorker(ThreadPoolExecutor.java:1149)
[MASTER] 16:14:30.655 [Thread-3] ERROR ExternalProcessHandler - 	at java.util.concurrent.ThreadPoolExecutor.runWorker(ThreadPoolExecutor.java:1149)

	at java.util.concurrent.ThreadPoolExecutor$Worker.run(ThreadPoolExecutor.java:624)
[MASTER] 16:14:30.656 [Thread-3] ERROR ExternalProcessHandler - 	at java.util.concurrent.ThreadPoolExecutor$Worker.run(ThreadPoolExecutor.java:624)

	at java.lang.Thread.run(Thread.java:748)
[MASTER] 16:14:30.656 [Thread-3] ERROR ExternalProcessHandler - 	at java.lang.Thread.run(Thread.java:748)

	at sun.rmi.transport.StreamRemoteCall.exceptionReceivedFromServer(StreamRemoteCall.java:303)
[MASTER] 16:14:30.656 [Thread-3] ERROR ExternalProcessHandler - 	at sun.rmi.transport.StreamRemoteCall.exceptionReceivedFromServer(StreamRemoteCall.java:303)

	at sun.rmi.transport.StreamRemoteCall.executeCall(StreamRemoteCall.java:279)
[MASTER] 16:14:30.656 [Thread-3] ERROR ExternalProcessHandler - 	at sun.rmi.transport.StreamRemoteCall.executeCall(StreamRemoteCall.java:279)

	at sun.rmi.server.UnicastRef.invoke(UnicastRef.java:164)
[MASTER] 16:14:30.656 [Thread-3] ERROR ExternalProcessHandler - 	at sun.rmi.server.UnicastRef.invoke(UnicastRef.java:164)

	at java.rmi.server.RemoteObjectInvocationHandler.invokeRemoteMethod(RemoteObjectInvocationHandler.java:235)
[MASTER] 16:14:30.657 [Thread-3] ERROR ExternalProcessHandler - 	at java.rmi.server.RemoteObjectInvocationHandler.invokeRemoteMethod(RemoteObjectInvocationHandler.java:235)

	at java.rmi.server.RemoteObjectInvocationHandler.invoke(RemoteObjectInvocationHandler.java:180)
[MASTER] 16:14:30.657 [Thread-3] ERROR ExternalProcessHandler - 	at java.rmi.server.RemoteObjectInvocationHandler.invoke(RemoteObjectInvocationHandler.java:180)

	at com.sun.proxy.$Proxy7.evosuite_collectStatistics(Unknown Source)
[MASTER] 16:14:30.657 [Thread-3] ERROR ExternalProcessHandler - 	at com.sun.proxy.$Proxy7.evosuite_collectStatistics(Unknown Source)

	at org.evosuite.rmi.service.ClientNodeImpl.updateStatistics(ClientNodeImpl.java:237)
[MASTER] 16:14:30.657 [Thread-3] ERROR ExternalProcessHandler - 	at org.evosuite.rmi.service.ClientNodeImpl.updateStatistics(ClientNodeImpl.java:237)

	at org.evosuite.statistics.StatisticsSender.sendIndividualToMaster(StatisticsSender.java:75)
[MASTER] 16:14:30.658 [Thread-3] ERROR ExternalProcessHandler - 	at org.evosuite.statistics.StatisticsSender.sendIndividualToMaster(StatisticsSender.java:75)

	at org.evosuite.statistics.StatisticsListener$1.run(StatisticsListener.java:71)
[MASTER] 16:14:30.658 [Thread-3] ERROR ExternalProcessHandler - 	at org.evosuite.statistics.StatisticsListener$1.run(StatisticsListener.java:71)

Aug 14, 2020 8:14:31 AM org.openqa.selenium.remote.ProtocolHandshake createSession
[MASTER] 16:14:31.945 [Thread-3] ERROR ExternalProcessHandler - Aug 14, 2020 8:14:31 AM org.openqa.selenium.remote.ProtocolHandshake createSession

INFO: Detected dialect: OSS
[MASTER] 16:14:31.945 [Thread-3] ERROR ExternalProcessHandler - INFO: Detected dialect: OSS

Aug 14, 2020 8:14:37 AM org.openqa.selenium.remote.ProtocolHandshake createSession
[MASTER] 16:14:37.011 [Thread-3] ERROR ExternalProcessHandler - Aug 14, 2020 8:14:37 AM org.openqa.selenium.remote.ProtocolHandshake createSession

INFO: Detected dialect: OSS
[MASTER] 16:14:37.011 [Thread-3] ERROR ExternalProcessHandler - INFO: Detected dialect: OSS

Aug 14, 2020 8:14:48 AM org.openqa.selenium.remote.ProtocolHandshake createSession
[MASTER] 16:14:48.332 [Thread-3] ERROR ExternalProcessHandler - Aug 14, 2020 8:14:48 AM org.openqa.selenium.remote.ProtocolHandshake createSession

INFO: Detected dialect: OSS
[MASTER] 16:14:48.332 [Thread-3] ERROR ExternalProcessHandler - INFO: Detected dialect: OSS

Aug 14, 2020 8:15:05 AM org.openqa.selenium.remote.ProtocolHandshake createSession
[MASTER] 16:15:05.593 [Thread-3] ERROR ExternalProcessHandler - Aug 14, 2020 8:15:05 AM org.openqa.selenium.remote.ProtocolHandshake createSession

INFO: Detected dialect: OSS
[MASTER] 16:15:05.593 [Thread-3] ERROR ExternalProcessHandler - INFO: Detected dialect: OSS

[MASTER] 16:15:28.661 [logback-2] ERROR TestCaseExecutor - TG: Exception caught: 
java.lang.IllegalStateException: Test generation failed: page object bug.
	at org.evosuite.testcase.execution.TestCaseExecutor.runTest(TestCaseExecutor.java:322) ~[evosuite-client-1.0.4-SNAPSHOT.jar:na]
	at org.evosuite.testcase.TestFitnessFunction.runTest(TestFitnessFunction.java:91) [evosuite-client-1.0.4-SNAPSHOT.jar:na]
	at org.evosuite.testcase.TestFitnessFunction.getFitness(TestFitnessFunction.java:60) [evosuite-client-1.0.4-SNAPSHOT.jar:na]
	at org.evosuite.testcase.TestFitnessFunction.getFitness(TestFitnessFunction.java:34) [evosuite-client-1.0.4-SNAPSHOT.jar:na]
	at org.evosuite.ga.metaheuristics.art.AdaptiveRandomSearch.calculateFitness(AdaptiveRandomSearch.java:312) [evosuite-client-1.0.4-SNAPSHOT.jar:na]
	at org.evosuite.ga.metaheuristics.art.AdaptiveRandomSearch.evolve(AdaptiveRandomSearch.java:139) [evosuite-client-1.0.4-SNAPSHOT.jar:na]
	at org.evosuite.ga.metaheuristics.art.AdaptiveRandomSearch.generateSolution(AdaptiveRandomSearch.java:270) [evosuite-client-1.0.4-SNAPSHOT.jar:na]
	at org.evosuite.strategy.AdaptiveRandomTestStrategy.generateTests(AdaptiveRandomTestStrategy.java:118) [evosuite-client-1.0.4-SNAPSHOT.jar:na]
	at org.evosuite.TestSuiteGenerator.generateTests(TestSuiteGenerator.java:654) [evosuite-client-1.0.4-SNAPSHOT.jar:na]
	at org.evosuite.TestSuiteGenerator.generateTestSuite(TestSuiteGenerator.java:213) [evosuite-client-1.0.4-SNAPSHOT.jar:na]
	at org.evosuite.rmi.service.ClientNodeImpl$1.run(ClientNodeImpl.java:145) [evosuite-client-1.0.4-SNAPSHOT.jar:na]
	at java.util.concurrent.Executors$RunnableAdapter.call(Executors.java:511) [na:1.8.0_265]
	at java.util.concurrent.FutureTask.run(FutureTask.java:266) [na:1.8.0_265]
	at java.util.concurrent.ThreadPoolExecutor.runWorker(ThreadPoolExecutor.java:1149) [na:1.8.0_265]
	at java.util.concurrent.ThreadPoolExecutor$Worker.run(ThreadPoolExecutor.java:624) [na:1.8.0_265]
	at java.lang.Thread.run(Thread.java:748) [na:1.8.0_265]
Aug 14, 2020 8:15:28 AM org.openqa.selenium.remote.ProtocolHandshake createSession
[MASTER] 16:15:28.914 [Thread-3] ERROR ExternalProcessHandler - Aug 14, 2020 8:15:28 AM org.openqa.selenium.remote.ProtocolHandshake createSession

INFO: Detected dialect: OSS
[MASTER] 16:15:28.914 [Thread-3] ERROR ExternalProcessHandler - INFO: Detected dialect: OSS

Aug 14, 2020 8:15:30 AM org.openqa.selenium.remote.ProtocolHandshake createSession
[MASTER] 16:15:30.105 [Thread-3] ERROR ExternalProcessHandler - Aug 14, 2020 8:15:30 AM org.openqa.selenium.remote.ProtocolHandshake createSession

INFO: Detected dialect: OSS
[MASTER] 16:15:30.105 [Thread-3] ERROR ExternalProcessHandler - INFO: Detected dialect: OSS

Aug 14, 2020 8:15:32 AM org.openqa.selenium.remote.ProtocolHandshake createSession
[MASTER] 16:15:32.048 [Thread-3] ERROR ExternalProcessHandler - Aug 14, 2020 8:15:32 AM org.openqa.selenium.remote.ProtocolHandshake createSession

INFO: Detected dialect: OSS
[MASTER] 16:15:32.048 [Thread-3] ERROR ExternalProcessHandler - INFO: Detected dialect: OSS

Aug 14, 2020 8:15:37 AM org.openqa.selenium.remote.ProtocolHandshake createSession
[MASTER] 16:15:37.674 [Thread-3] ERROR ExternalProcessHandler - Aug 14, 2020 8:15:37 AM org.openqa.selenium.remote.ProtocolHandshake createSession

INFO: Detected dialect: OSS
[MASTER] 16:15:37.674 [Thread-3] ERROR ExternalProcessHandler - INFO: Detected dialect: OSS

Aug 14, 2020 8:15:49 AM org.openqa.selenium.remote.ProtocolHandshake createSession
[MASTER] 16:15:49.607 [Thread-3] ERROR ExternalProcessHandler - Aug 14, 2020 8:15:49 AM org.openqa.selenium.remote.ProtocolHandshake createSession

INFO: Detected dialect: OSS
[MASTER] 16:15:49.607 [Thread-3] ERROR ExternalProcessHandler - INFO: Detected dialect: OSS

Aug 14, 2020 8:16:07 AM org.openqa.selenium.remote.ProtocolHandshake createSession
[MASTER] 16:16:07.687 [Thread-3] ERROR ExternalProcessHandler - Aug 14, 2020 8:16:07 AM org.openqa.selenium.remote.ProtocolHandshake createSession

INFO: Detected dialect: OSS
[MASTER] 16:16:07.687 [Thread-3] ERROR ExternalProcessHandler - INFO: Detected dialect: OSS

[MASTER] 16:16:31.897 [logback-2] ERROR TestCaseExecutor - TG: Exception caught: 
java.lang.IllegalStateException: Test generation failed: page object bug.
	at org.evosuite.testcase.execution.TestCaseExecutor.runTest(TestCaseExecutor.java:322) ~[evosuite-client-1.0.4-SNAPSHOT.jar:na]
	at org.evosuite.testcase.TestFitnessFunction.runTest(TestFitnessFunction.java:91) [evosuite-client-1.0.4-SNAPSHOT.jar:na]
	at org.evosuite.testcase.TestFitnessFunction.getFitness(TestFitnessFunction.java:60) [evosuite-client-1.0.4-SNAPSHOT.jar:na]
	at org.evosuite.testcase.TestFitnessFunction.getFitness(TestFitnessFunction.java:34) [evosuite-client-1.0.4-SNAPSHOT.jar:na]
	at org.evosuite.ga.metaheuristics.art.AdaptiveRandomSearch.calculateFitness(AdaptiveRandomSearch.java:312) [evosuite-client-1.0.4-SNAPSHOT.jar:na]
	at org.evosuite.ga.metaheuristics.art.AdaptiveRandomSearch.evolve(AdaptiveRandomSearch.java:139) [evosuite-client-1.0.4-SNAPSHOT.jar:na]
	at org.evosuite.ga.metaheuristics.art.AdaptiveRandomSearch.generateSolution(AdaptiveRandomSearch.java:270) [evosuite-client-1.0.4-SNAPSHOT.jar:na]
	at org.evosuite.strategy.AdaptiveRandomTestStrategy.generateTests(AdaptiveRandomTestStrategy.java:118) [evosuite-client-1.0.4-SNAPSHOT.jar:na]
	at org.evosuite.TestSuiteGenerator.generateTests(TestSuiteGenerator.java:654) [evosuite-client-1.0.4-SNAPSHOT.jar:na]
	at org.evosuite.TestSuiteGenerator.generateTestSuite(TestSuiteGenerator.java:213) [evosuite-client-1.0.4-SNAPSHOT.jar:na]
	at org.evosuite.rmi.service.ClientNodeImpl$1.run(ClientNodeImpl.java:145) [evosuite-client-1.0.4-SNAPSHOT.jar:na]
	at java.util.concurrent.Executors$RunnableAdapter.call(Executors.java:511) [na:1.8.0_265]
	at java.util.concurrent.FutureTask.run(FutureTask.java:266) [na:1.8.0_265]
	at java.util.concurrent.ThreadPoolExecutor.runWorker(ThreadPoolExecutor.java:1149) [na:1.8.0_265]
	at java.util.concurrent.ThreadPoolExecutor$Worker.run(ThreadPoolExecutor.java:624) [na:1.8.0_265]
	at java.lang.Thread.run(Thread.java:748) [na:1.8.0_265]
Aug 14, 2020 8:16:32 AM org.openqa.selenium.remote.ProtocolHandshake createSession
[MASTER] 16:16:32.072 [Thread-3] ERROR ExternalProcessHandler - Aug 14, 2020 8:16:32 AM org.openqa.selenium.remote.ProtocolHandshake createSession

INFO: Detected dialect: OSS
[MASTER] 16:16:32.072 [Thread-3] ERROR ExternalProcessHandler - INFO: Detected dialect: OSS

Aug 14, 2020 8:16:34 AM org.openqa.selenium.remote.ProtocolHandshake createSession
[MASTER] 16:16:34.463 [Thread-3] ERROR ExternalProcessHandler - Aug 14, 2020 8:16:34 AM org.openqa.selenium.remote.ProtocolHandshake createSession

INFO: Detected dialect: OSS
[MASTER] 16:16:34.463 [Thread-3] ERROR ExternalProcessHandler - INFO: Detected dialect: OSS

Aug 14, 2020 8:16:36 AM po_utils.PageObjectLogging logInfo
[MASTER] 16:16:36.232 [Thread-3] ERROR ExternalProcessHandler - Aug 14, 2020 8:16:36 AM po_utils.PageObjectLogging logInfo

INFO: waitForElementBeingPresentOnPage timeout exception: unable to locate the element By.xpath: //button[text()="Create a new session"]
[MASTER] 16:16:36.233 [Thread-3] ERROR ExternalProcessHandler - INFO: waitForElementBeingPresentOnPage timeout exception: unable to locate the element By.xpath: //button[text()="Create a new session"]


[MASTER] 16:16:36.233 [Thread-3] ERROR ExternalProcessHandler - 


[MASTER] 16:16:36.233 [Thread-3] ERROR ExternalProcessHandler - 

Aug 14, 2020 8:16:36 AM org.openqa.selenium.remote.ProtocolHandshake createSession
[MASTER] 16:16:36.641 [Thread-3] ERROR ExternalProcessHandler - Aug 14, 2020 8:16:36 AM org.openqa.selenium.remote.ProtocolHandshake createSession

INFO: Detected dialect: OSS
[MASTER] 16:16:36.641 [Thread-3] ERROR ExternalProcessHandler - INFO: Detected dialect: OSS

Aug 14, 2020 8:16:37 AM org.openqa.selenium.remote.ProtocolHandshake createSession
[MASTER] 16:16:37.684 [Thread-3] ERROR ExternalProcessHandler - Aug 14, 2020 8:16:37 AM org.openqa.selenium.remote.ProtocolHandshake createSession

INFO: Detected dialect: OSS
[MASTER] 16:16:37.684 [Thread-3] ERROR ExternalProcessHandler - INFO: Detected dialect: OSS

Aug 14, 2020 8:16:39 AM org.openqa.selenium.remote.ProtocolHandshake createSession
[MASTER] 16:16:39.623 [Thread-3] ERROR ExternalProcessHandler - Aug 14, 2020 8:16:39 AM org.openqa.selenium.remote.ProtocolHandshake createSession

INFO: Detected dialect: OSS
[MASTER] 16:16:39.623 [Thread-3] ERROR ExternalProcessHandler - INFO: Detected dialect: OSS

Aug 14, 2020 8:16:41 AM org.openqa.selenium.remote.ProtocolHandshake createSession
[MASTER] 16:16:41.767 [Thread-3] ERROR ExternalProcessHandler - Aug 14, 2020 8:16:41 AM org.openqa.selenium.remote.ProtocolHandshake createSession

INFO: Detected dialect: OSS
[MASTER] 16:16:41.767 [Thread-3] ERROR ExternalProcessHandler - INFO: Detected dialect: OSS

Aug 14, 2020 8:16:43 AM org.openqa.selenium.remote.ProtocolHandshake createSession
[MASTER] 16:16:43.453 [Thread-3] ERROR ExternalProcessHandler - Aug 14, 2020 8:16:43 AM org.openqa.selenium.remote.ProtocolHandshake createSession

INFO: Detected dialect: OSS
[MASTER] 16:16:43.453 [Thread-3] ERROR ExternalProcessHandler - INFO: Detected dialect: OSS

Aug 14, 2020 8:16:45 AM org.openqa.selenium.remote.ProtocolHandshake createSession
[MASTER] 16:16:45.163 [Thread-3] ERROR ExternalProcessHandler - Aug 14, 2020 8:16:45 AM org.openqa.selenium.remote.ProtocolHandshake createSession

INFO: Detected dialect: OSS
[MASTER] 16:16:45.163 [Thread-3] ERROR ExternalProcessHandler - INFO: Detected dialect: OSS

Aug 14, 2020 8:16:53 AM org.openqa.selenium.remote.ProtocolHandshake createSession
[MASTER] 16:16:53.263 [Thread-3] ERROR ExternalProcessHandler - Aug 14, 2020 8:16:53 AM org.openqa.selenium.remote.ProtocolHandshake createSession

INFO: Detected dialect: OSS
[MASTER] 16:16:53.263 [Thread-3] ERROR ExternalProcessHandler - INFO: Detected dialect: OSS

Aug 14, 2020 8:17:07 AM org.openqa.selenium.remote.ProtocolHandshake createSession
[MASTER] 16:17:07.713 [Thread-3] ERROR ExternalProcessHandler - Aug 14, 2020 8:17:07 AM org.openqa.selenium.remote.ProtocolHandshake createSession

INFO: Detected dialect: OSS
[MASTER] 16:17:07.713 [Thread-3] ERROR ExternalProcessHandler - INFO: Detected dialect: OSS

[MASTER] 16:17:28.486 [logback-2] ERROR TestCaseExecutor - TG: Exception caught: 
java.lang.IllegalStateException: Test generation failed: page object bug.
	at org.evosuite.testcase.execution.TestCaseExecutor.runTest(TestCaseExecutor.java:322) ~[evosuite-client-1.0.4-SNAPSHOT.jar:na]
	at org.evosuite.testcase.TestFitnessFunction.runTest(TestFitnessFunction.java:91) [evosuite-client-1.0.4-SNAPSHOT.jar:na]
	at org.evosuite.testcase.TestFitnessFunction.getFitness(TestFitnessFunction.java:60) [evosuite-client-1.0.4-SNAPSHOT.jar:na]
	at org.evosuite.testcase.TestFitnessFunction.getFitness(TestFitnessFunction.java:34) [evosuite-client-1.0.4-SNAPSHOT.jar:na]
	at org.evosuite.ga.metaheuristics.art.AdaptiveRandomSearch.calculateFitness(AdaptiveRandomSearch.java:312) [evosuite-client-1.0.4-SNAPSHOT.jar:na]
	at org.evosuite.ga.metaheuristics.art.AdaptiveRandomSearch.evolve(AdaptiveRandomSearch.java:139) [evosuite-client-1.0.4-SNAPSHOT.jar:na]
	at org.evosuite.ga.metaheuristics.art.AdaptiveRandomSearch.generateSolution(AdaptiveRandomSearch.java:270) [evosuite-client-1.0.4-SNAPSHOT.jar:na]
	at org.evosuite.strategy.AdaptiveRandomTestStrategy.generateTests(AdaptiveRandomTestStrategy.java:118) [evosuite-client-1.0.4-SNAPSHOT.jar:na]
	at org.evosuite.TestSuiteGenerator.generateTests(TestSuiteGenerator.java:654) [evosuite-client-1.0.4-SNAPSHOT.jar:na]
	at org.evosuite.TestSuiteGenerator.generateTestSuite(TestSuiteGenerator.java:213) [evosuite-client-1.0.4-SNAPSHOT.jar:na]
	at org.evosuite.rmi.service.ClientNodeImpl$1.run(ClientNodeImpl.java:145) [evosuite-client-1.0.4-SNAPSHOT.jar:na]
	at java.util.concurrent.Executors$RunnableAdapter.call(Executors.java:511) [na:1.8.0_265]
	at java.util.concurrent.FutureTask.run(FutureTask.java:266) [na:1.8.0_265]
	at java.util.concurrent.ThreadPoolExecutor.runWorker(ThreadPoolExecutor.java:1149) [na:1.8.0_265]
	at java.util.concurrent.ThreadPoolExecutor$Worker.run(ThreadPoolExecutor.java:624) [na:1.8.0_265]
	at java.lang.Thread.run(Thread.java:748) [na:1.8.0_265]
Aug 14, 2020 8:17:28 AM org.openqa.selenium.remote.ProtocolHandshake createSession
[MASTER] 16:17:28.654 [Thread-3] ERROR ExternalProcessHandler - Aug 14, 2020 8:17:28 AM org.openqa.selenium.remote.ProtocolHandshake createSession

INFO: Detected dialect: OSS
[MASTER] 16:17:28.654 [Thread-3] ERROR ExternalProcessHandler - INFO: Detected dialect: OSS

Aug 14, 2020 8:17:29 AM org.openqa.selenium.remote.ProtocolHandshake createSession
[MASTER] 16:17:29.847 [Thread-3] ERROR ExternalProcessHandler - Aug 14, 2020 8:17:29 AM org.openqa.selenium.remote.ProtocolHandshake createSession

INFO: Detected dialect: OSS
[MASTER] 16:17:29.847 [Thread-3] ERROR ExternalProcessHandler - INFO: Detected dialect: OSS

Aug 14, 2020 8:17:31 AM org.openqa.selenium.remote.ProtocolHandshake createSession
[MASTER] 16:17:31.707 [Thread-3] ERROR ExternalProcessHandler - Aug 14, 2020 8:17:31 AM org.openqa.selenium.remote.ProtocolHandshake createSession

INFO: Detected dialect: OSS
[MASTER] 16:17:31.707 [Thread-3] ERROR ExternalProcessHandler - INFO: Detected dialect: OSS

Aug 14, 2020 8:17:32 AM org.openqa.selenium.remote.ProtocolHandshake createSession
[MASTER] 16:17:32.773 [Thread-3] ERROR ExternalProcessHandler - Aug 14, 2020 8:17:32 AM org.openqa.selenium.remote.ProtocolHandshake createSession

INFO: Detected dialect: OSS
[MASTER] 16:17:32.773 [Thread-3] ERROR ExternalProcessHandler - INFO: Detected dialect: OSS

Aug 14, 2020 8:17:34 AM org.openqa.selenium.remote.ProtocolHandshake createSession
[MASTER] 16:17:34.113 [Thread-3] ERROR ExternalProcessHandler - Aug 14, 2020 8:17:34 AM org.openqa.selenium.remote.ProtocolHandshake createSession

INFO: Detected dialect: OSS
[MASTER] 16:17:34.113 [Thread-3] ERROR ExternalProcessHandler - INFO: Detected dialect: OSS

Aug 14, 2020 8:17:35 AM org.openqa.selenium.remote.ProtocolHandshake createSession
[MASTER] 16:17:35.130 [Thread-3] ERROR ExternalProcessHandler - Aug 14, 2020 8:17:35 AM org.openqa.selenium.remote.ProtocolHandshake createSession

INFO: Detected dialect: OSS
[MASTER] 16:17:35.130 [Thread-3] ERROR ExternalProcessHandler - INFO: Detected dialect: OSS

Aug 14, 2020 8:17:36 AM org.openqa.selenium.remote.ProtocolHandshake createSession
[MASTER] 16:17:36.174 [Thread-3] ERROR ExternalProcessHandler - Aug 14, 2020 8:17:36 AM org.openqa.selenium.remote.ProtocolHandshake createSession

INFO: Detected dialect: OSS
[MASTER] 16:17:36.174 [Thread-3] ERROR ExternalProcessHandler - INFO: Detected dialect: OSS

Aug 14, 2020 8:17:38 AM org.openqa.selenium.remote.ProtocolHandshake createSession
[MASTER] 16:17:38.389 [Thread-3] ERROR ExternalProcessHandler - Aug 14, 2020 8:17:38 AM org.openqa.selenium.remote.ProtocolHandshake createSession

INFO: Detected dialect: OSS
[MASTER] 16:17:38.389 [Thread-3] ERROR ExternalProcessHandler - INFO: Detected dialect: OSS

Aug 14, 2020 8:17:40 AM org.openqa.selenium.remote.ProtocolHandshake createSession
[MASTER] 16:17:40.240 [Thread-3] ERROR ExternalProcessHandler - Aug 14, 2020 8:17:40 AM org.openqa.selenium.remote.ProtocolHandshake createSession

INFO: Detected dialect: OSS
[MASTER] 16:17:40.241 [Thread-3] ERROR ExternalProcessHandler - INFO: Detected dialect: OSS

Aug 14, 2020 8:17:41 AM org.openqa.selenium.remote.ProtocolHandshake createSession
[MASTER] 16:17:41.202 [Thread-3] ERROR ExternalProcessHandler - Aug 14, 2020 8:17:41 AM org.openqa.selenium.remote.ProtocolHandshake createSession

INFO: Detected dialect: OSS
[MASTER] 16:17:41.202 [Thread-3] ERROR ExternalProcessHandler - INFO: Detected dialect: OSS

Aug 14, 2020 8:17:42 AM org.openqa.selenium.remote.ProtocolHandshake createSession
[MASTER] 16:17:42.828 [Thread-3] ERROR ExternalProcessHandler - Aug 14, 2020 8:17:42 AM org.openqa.selenium.remote.ProtocolHandshake createSession

INFO: Detected dialect: OSS
[MASTER] 16:17:42.829 [Thread-3] ERROR ExternalProcessHandler - INFO: Detected dialect: OSS

Aug 14, 2020 8:17:44 AM org.openqa.selenium.remote.ProtocolHandshake createSession
[MASTER] 16:17:44.011 [Thread-3] ERROR ExternalProcessHandler - Aug 14, 2020 8:17:44 AM org.openqa.selenium.remote.ProtocolHandshake createSession

INFO: Detected dialect: OSS
[MASTER] 16:17:44.011 [Thread-3] ERROR ExternalProcessHandler - INFO: Detected dialect: OSS

Aug 14, 2020 8:17:45 AM org.openqa.selenium.remote.ProtocolHandshake createSession
[MASTER] 16:17:45.439 [Thread-3] ERROR ExternalProcessHandler - Aug 14, 2020 8:17:45 AM org.openqa.selenium.remote.ProtocolHandshake createSession

INFO: Detected dialect: OSS
[MASTER] 16:17:45.440 [Thread-3] ERROR ExternalProcessHandler - INFO: Detected dialect: OSS

Aug 14, 2020 8:17:46 AM org.openqa.selenium.remote.ProtocolHandshake createSession
[MASTER] 16:17:46.872 [Thread-3] ERROR ExternalProcessHandler - Aug 14, 2020 8:17:46 AM org.openqa.selenium.remote.ProtocolHandshake createSession

INFO: Detected dialect: OSS
[MASTER] 16:17:46.873 [Thread-3] ERROR ExternalProcessHandler - INFO: Detected dialect: OSS

Aug 14, 2020 8:17:48 AM org.openqa.selenium.remote.ProtocolHandshake createSession
[MASTER] 16:17:48.201 [Thread-3] ERROR ExternalProcessHandler - Aug 14, 2020 8:17:48 AM org.openqa.selenium.remote.ProtocolHandshake createSession

INFO: Detected dialect: OSS
[MASTER] 16:17:48.202 [Thread-3] ERROR ExternalProcessHandler - INFO: Detected dialect: OSS

Aug 14, 2020 8:17:50 AM po_utils.PageObjectLogging logInfo
[MASTER] 16:17:50.484 [Thread-3] ERROR ExternalProcessHandler - Aug 14, 2020 8:17:50 AM po_utils.PageObjectLogging logInfo

INFO: waitForElementBeingPresentOnPage timeout exception: unable to locate the element By.xpath: //button[text()="Create a new session"]
[MASTER] 16:17:50.485 [Thread-3] ERROR ExternalProcessHandler - INFO: waitForElementBeingPresentOnPage timeout exception: unable to locate the element By.xpath: //button[text()="Create a new session"]


[MASTER] 16:17:50.485 [Thread-3] ERROR ExternalProcessHandler - 


[MASTER] 16:17:50.485 [Thread-3] ERROR ExternalProcessHandler - 

Aug 14, 2020 8:17:52 AM org.openqa.selenium.remote.ProtocolHandshake createSession
[MASTER] 16:17:52.666 [Thread-3] ERROR ExternalProcessHandler - Aug 14, 2020 8:17:52 AM org.openqa.selenium.remote.ProtocolHandshake createSession

INFO: Detected dialect: OSS
[MASTER] 16:17:52.667 [Thread-3] ERROR ExternalProcessHandler - INFO: Detected dialect: OSS

Aug 14, 2020 8:17:53 AM org.openqa.selenium.remote.ProtocolHandshake createSession
[MASTER] 16:17:53.688 [Thread-3] ERROR ExternalProcessHandler - Aug 14, 2020 8:17:53 AM org.openqa.selenium.remote.ProtocolHandshake createSession

INFO: Detected dialect: OSS
[MASTER] 16:17:53.689 [Thread-3] ERROR ExternalProcessHandler - INFO: Detected dialect: OSS

Aug 14, 2020 8:17:56 AM org.openqa.selenium.remote.ProtocolHandshake createSession
[MASTER] 16:17:56.391 [Thread-3] ERROR ExternalProcessHandler - Aug 14, 2020 8:17:56 AM org.openqa.selenium.remote.ProtocolHandshake createSession

INFO: Detected dialect: OSS
[MASTER] 16:17:56.391 [Thread-3] ERROR ExternalProcessHandler - INFO: Detected dialect: OSS

Aug 14, 2020 8:17:58 AM org.openqa.selenium.remote.ProtocolHandshake createSession
[MASTER] 16:17:58.328 [Thread-3] ERROR ExternalProcessHandler - Aug 14, 2020 8:17:58 AM org.openqa.selenium.remote.ProtocolHandshake createSession

INFO: Detected dialect: OSS
[MASTER] 16:17:58.329 [Thread-3] ERROR ExternalProcessHandler - INFO: Detected dialect: OSS

Aug 14, 2020 8:18:00 AM org.openqa.selenium.remote.ProtocolHandshake createSession
[MASTER] 16:18:00.145 [Thread-3] ERROR ExternalProcessHandler - Aug 14, 2020 8:18:00 AM org.openqa.selenium.remote.ProtocolHandshake createSession

INFO: Detected dialect: OSS
[MASTER] 16:18:00.146 [Thread-3] ERROR ExternalProcessHandler - INFO: Detected dialect: OSS

Aug 14, 2020 8:18:01 AM org.openqa.selenium.remote.ProtocolHandshake createSession
[MASTER] 16:18:01.727 [Thread-3] ERROR ExternalProcessHandler - Aug 14, 2020 8:18:01 AM org.openqa.selenium.remote.ProtocolHandshake createSession

INFO: Detected dialect: OSS
[MASTER] 16:18:01.727 [Thread-3] ERROR ExternalProcessHandler - INFO: Detected dialect: OSS

Aug 14, 2020 8:18:02 AM org.openqa.selenium.remote.ProtocolHandshake createSession
[MASTER] 16:18:02.723 [Thread-3] ERROR ExternalProcessHandler - Aug 14, 2020 8:18:02 AM org.openqa.selenium.remote.ProtocolHandshake createSession

INFO: Detected dialect: OSS
[MASTER] 16:18:02.723 [Thread-3] ERROR ExternalProcessHandler - INFO: Detected dialect: OSS

Aug 14, 2020 8:18:04 AM org.openqa.selenium.remote.ProtocolHandshake createSession
[MASTER] 16:18:04.223 [Thread-3] ERROR ExternalProcessHandler - Aug 14, 2020 8:18:04 AM org.openqa.selenium.remote.ProtocolHandshake createSession

INFO: Detected dialect: OSS
[MASTER] 16:18:04.223 [Thread-3] ERROR ExternalProcessHandler - INFO: Detected dialect: OSS

Aug 14, 2020 8:18:06 AM org.openqa.selenium.remote.ProtocolHandshake createSession
[MASTER] 16:18:06.481 [Thread-3] ERROR ExternalProcessHandler - Aug 14, 2020 8:18:06 AM org.openqa.selenium.remote.ProtocolHandshake createSession

INFO: Detected dialect: OSS
[MASTER] 16:18:06.481 [Thread-3] ERROR ExternalProcessHandler - INFO: Detected dialect: OSS

Aug 14, 2020 8:18:14 AM org.openqa.selenium.remote.ProtocolHandshake createSession
[MASTER] 16:18:14.889 [Thread-3] ERROR ExternalProcessHandler - Aug 14, 2020 8:18:14 AM org.openqa.selenium.remote.ProtocolHandshake createSession

INFO: Detected dialect: OSS
[MASTER] 16:18:14.889 [Thread-3] ERROR ExternalProcessHandler - INFO: Detected dialect: OSS

Aug 14, 2020 8:18:29 AM org.openqa.selenium.remote.ProtocolHandshake createSession
[MASTER] 16:18:29.170 [Thread-3] ERROR ExternalProcessHandler - Aug 14, 2020 8:18:29 AM org.openqa.selenium.remote.ProtocolHandshake createSession

INFO: Detected dialect: OSS
[MASTER] 16:18:29.171 [Thread-3] ERROR ExternalProcessHandler - INFO: Detected dialect: OSS

[MASTER] 16:18:49.341 [logback-2] ERROR TestCaseExecutor - TG: Exception caught: 
java.lang.IllegalStateException: Test generation failed: page object bug.
	at org.evosuite.testcase.execution.TestCaseExecutor.runTest(TestCaseExecutor.java:322) ~[evosuite-client-1.0.4-SNAPSHOT.jar:na]
	at org.evosuite.testcase.TestFitnessFunction.runTest(TestFitnessFunction.java:91) [evosuite-client-1.0.4-SNAPSHOT.jar:na]
	at org.evosuite.testcase.TestFitnessFunction.getFitness(TestFitnessFunction.java:60) [evosuite-client-1.0.4-SNAPSHOT.jar:na]
	at org.evosuite.testcase.TestFitnessFunction.getFitness(TestFitnessFunction.java:34) [evosuite-client-1.0.4-SNAPSHOT.jar:na]
	at org.evosuite.ga.metaheuristics.art.AdaptiveRandomSearch.calculateFitness(AdaptiveRandomSearch.java:312) [evosuite-client-1.0.4-SNAPSHOT.jar:na]
	at org.evosuite.ga.metaheuristics.art.AdaptiveRandomSearch.evolve(AdaptiveRandomSearch.java:139) [evosuite-client-1.0.4-SNAPSHOT.jar:na]
	at org.evosuite.ga.metaheuristics.art.AdaptiveRandomSearch.generateSolution(AdaptiveRandomSearch.java:270) [evosuite-client-1.0.4-SNAPSHOT.jar:na]
	at org.evosuite.strategy.AdaptiveRandomTestStrategy.generateTests(AdaptiveRandomTestStrategy.java:118) [evosuite-client-1.0.4-SNAPSHOT.jar:na]
	at org.evosuite.TestSuiteGenerator.generateTests(TestSuiteGenerator.java:654) [evosuite-client-1.0.4-SNAPSHOT.jar:na]
	at org.evosuite.TestSuiteGenerator.generateTestSuite(TestSuiteGenerator.java:213) [evosuite-client-1.0.4-SNAPSHOT.jar:na]
	at org.evosuite.rmi.service.ClientNodeImpl$1.run(ClientNodeImpl.java:145) [evosuite-client-1.0.4-SNAPSHOT.jar:na]
	at java.util.concurrent.Executors$RunnableAdapter.call(Executors.java:511) [na:1.8.0_265]
	at java.util.concurrent.FutureTask.run(FutureTask.java:266) [na:1.8.0_265]
	at java.util.concurrent.ThreadPoolExecutor.runWorker(ThreadPoolExecutor.java:1149) [na:1.8.0_265]
	at java.util.concurrent.ThreadPoolExecutor$Worker.run(ThreadPoolExecutor.java:624) [na:1.8.0_265]
	at java.lang.Thread.run(Thread.java:748) [na:1.8.0_265]
Aug 14, 2020 8:18:49 AM org.openqa.selenium.remote.ProtocolHandshake createSession
[MASTER] 16:18:49.515 [Thread-3] ERROR ExternalProcessHandler - Aug 14, 2020 8:18:49 AM org.openqa.selenium.remote.ProtocolHandshake createSession

INFO: Detected dialect: OSS
[MASTER] 16:18:49.515 [Thread-3] ERROR ExternalProcessHandler - INFO: Detected dialect: OSS

Aug 14, 2020 8:18:50 AM org.openqa.selenium.remote.ProtocolHandshake createSession
[MASTER] 16:18:50.882 [Thread-3] ERROR ExternalProcessHandler - Aug 14, 2020 8:18:50 AM org.openqa.selenium.remote.ProtocolHandshake createSession

INFO: Detected dialect: OSS
[MASTER] 16:18:50.882 [Thread-3] ERROR ExternalProcessHandler - INFO: Detected dialect: OSS

Aug 14, 2020 8:18:54 AM org.openqa.selenium.remote.ProtocolHandshake createSession
[MASTER] 16:18:54.344 [Thread-3] ERROR ExternalProcessHandler - Aug 14, 2020 8:18:54 AM org.openqa.selenium.remote.ProtocolHandshake createSession

INFO: Detected dialect: OSS
[MASTER] 16:18:54.344 [Thread-3] ERROR ExternalProcessHandler - INFO: Detected dialect: OSS

Aug 14, 2020 8:19:03 AM org.openqa.selenium.remote.ProtocolHandshake createSession
[MASTER] 16:19:03.789 [Thread-3] ERROR ExternalProcessHandler - Aug 14, 2020 8:19:03 AM org.openqa.selenium.remote.ProtocolHandshake createSession

INFO: Detected dialect: OSS
[MASTER] 16:19:03.789 [Thread-3] ERROR ExternalProcessHandler - INFO: Detected dialect: OSS

Aug 14, 2020 8:19:19 AM org.openqa.selenium.remote.ProtocolHandshake createSession
[MASTER] 16:19:19.281 [Thread-3] ERROR ExternalProcessHandler - Aug 14, 2020 8:19:19 AM org.openqa.selenium.remote.ProtocolHandshake createSession

INFO: Detected dialect: OSS
[MASTER] 16:19:19.281 [Thread-3] ERROR ExternalProcessHandler - INFO: Detected dialect: OSS

[MASTER] 16:19:40.704 [logback-2] ERROR TestCaseExecutor - TG: Exception caught: 
java.lang.IllegalStateException: Test generation failed: page object bug.
	at org.evosuite.testcase.execution.TestCaseExecutor.runTest(TestCaseExecutor.java:322) ~[evosuite-client-1.0.4-SNAPSHOT.jar:na]
	at org.evosuite.testcase.TestFitnessFunction.runTest(TestFitnessFunction.java:91) [evosuite-client-1.0.4-SNAPSHOT.jar:na]
	at org.evosuite.testcase.TestFitnessFunction.getFitness(TestFitnessFunction.java:60) [evosuite-client-1.0.4-SNAPSHOT.jar:na]
	at org.evosuite.testcase.TestFitnessFunction.getFitness(TestFitnessFunction.java:34) [evosuite-client-1.0.4-SNAPSHOT.jar:na]
	at org.evosuite.ga.metaheuristics.art.AdaptiveRandomSearch.calculateFitness(AdaptiveRandomSearch.java:312) [evosuite-client-1.0.4-SNAPSHOT.jar:na]
	at org.evosuite.ga.metaheuristics.art.AdaptiveRandomSearch.evolve(AdaptiveRandomSearch.java:139) [evosuite-client-1.0.4-SNAPSHOT.jar:na]
	at org.evosuite.ga.metaheuristics.art.AdaptiveRandomSearch.generateSolution(AdaptiveRandomSearch.java:270) [evosuite-client-1.0.4-SNAPSHOT.jar:na]
	at org.evosuite.strategy.AdaptiveRandomTestStrategy.generateTests(AdaptiveRandomTestStrategy.java:118) [evosuite-client-1.0.4-SNAPSHOT.jar:na]
	at org.evosuite.TestSuiteGenerator.generateTests(TestSuiteGenerator.java:654) [evosuite-client-1.0.4-SNAPSHOT.jar:na]
	at org.evosuite.TestSuiteGenerator.generateTestSuite(TestSuiteGenerator.java:213) [evosuite-client-1.0.4-SNAPSHOT.jar:na]
	at org.evosuite.rmi.service.ClientNodeImpl$1.run(ClientNodeImpl.java:145) [evosuite-client-1.0.4-SNAPSHOT.jar:na]
	at java.util.concurrent.Executors$RunnableAdapter.call(Executors.java:511) [na:1.8.0_265]
	at java.util.concurrent.FutureTask.run(FutureTask.java:266) [na:1.8.0_265]
	at java.util.concurrent.ThreadPoolExecutor.runWorker(ThreadPoolExecutor.java:1149) [na:1.8.0_265]
	at java.util.concurrent.ThreadPoolExecutor$Worker.run(ThreadPoolExecutor.java:624) [na:1.8.0_265]
	at java.lang.Thread.run(Thread.java:748) [na:1.8.0_265]
Aug 14, 2020 8:19:40 AM org.openqa.selenium.remote.ProtocolHandshake createSession
[MASTER] 16:19:40.927 [Thread-3] ERROR ExternalProcessHandler - Aug 14, 2020 8:19:40 AM org.openqa.selenium.remote.ProtocolHandshake createSession

INFO: Detected dialect: OSS
[MASTER] 16:19:40.927 [Thread-3] ERROR ExternalProcessHandler - INFO: Detected dialect: OSS

Aug 14, 2020 8:19:44 AM org.openqa.selenium.remote.ProtocolHandshake createSession
[MASTER] 16:19:44.115 [Thread-3] ERROR ExternalProcessHandler - Aug 14, 2020 8:19:44 AM org.openqa.selenium.remote.ProtocolHandshake createSession

INFO: Detected dialect: OSS
[MASTER] 16:19:44.115 [Thread-3] ERROR ExternalProcessHandler - INFO: Detected dialect: OSS

Aug 14, 2020 8:19:45 AM org.openqa.selenium.remote.ProtocolHandshake createSession
[MASTER] 16:19:45.293 [Thread-3] ERROR ExternalProcessHandler - Aug 14, 2020 8:19:45 AM org.openqa.selenium.remote.ProtocolHandshake createSession

INFO: Detected dialect: OSS
[MASTER] 16:19:45.293 [Thread-3] ERROR ExternalProcessHandler - INFO: Detected dialect: OSS

Aug 14, 2020 8:19:47 AM org.openqa.selenium.remote.ProtocolHandshake createSession
[MASTER] 16:19:47.457 [Thread-3] ERROR ExternalProcessHandler - Aug 14, 2020 8:19:47 AM org.openqa.selenium.remote.ProtocolHandshake createSession

INFO: Detected dialect: OSS
[MASTER] 16:19:47.457 [Thread-3] ERROR ExternalProcessHandler - INFO: Detected dialect: OSS

Aug 14, 2020 8:19:48 AM org.openqa.selenium.remote.ProtocolHandshake createSession
[MASTER] 16:19:48.489 [Thread-3] ERROR ExternalProcessHandler - Aug 14, 2020 8:19:48 AM org.openqa.selenium.remote.ProtocolHandshake createSession

INFO: Detected dialect: OSS
[MASTER] 16:19:48.489 [Thread-3] ERROR ExternalProcessHandler - INFO: Detected dialect: OSS

Aug 14, 2020 8:19:50 AM org.openqa.selenium.remote.ProtocolHandshake createSession
[MASTER] 16:19:50.944 [Thread-3] ERROR ExternalProcessHandler - Aug 14, 2020 8:19:50 AM org.openqa.selenium.remote.ProtocolHandshake createSession

INFO: Detected dialect: OSS
[MASTER] 16:19:50.945 [Thread-3] ERROR ExternalProcessHandler - INFO: Detected dialect: OSS

Aug 14, 2020 8:19:52 AM org.openqa.selenium.remote.ProtocolHandshake createSession
[MASTER] 16:19:52.211 [Thread-3] ERROR ExternalProcessHandler - Aug 14, 2020 8:19:52 AM org.openqa.selenium.remote.ProtocolHandshake createSession

INFO: Detected dialect: OSS
[MASTER] 16:19:52.211 [Thread-3] ERROR ExternalProcessHandler - INFO: Detected dialect: OSS

Aug 14, 2020 8:19:53 AM org.openqa.selenium.remote.ProtocolHandshake createSession
[MASTER] 16:19:53.243 [Thread-3] ERROR ExternalProcessHandler - Aug 14, 2020 8:19:53 AM org.openqa.selenium.remote.ProtocolHandshake createSession

INFO: Detected dialect: OSS
[MASTER] 16:19:53.243 [Thread-3] ERROR ExternalProcessHandler - INFO: Detected dialect: OSS

Aug 14, 2020 8:19:57 AM org.openqa.selenium.remote.ProtocolHandshake createSession
[MASTER] 16:19:57.975 [Thread-3] ERROR ExternalProcessHandler - Aug 14, 2020 8:19:57 AM org.openqa.selenium.remote.ProtocolHandshake createSession

INFO: Detected dialect: OSS
[MASTER] 16:19:57.975 [Thread-3] ERROR ExternalProcessHandler - INFO: Detected dialect: OSS

Aug 14, 2020 8:20:08 AM org.openqa.selenium.remote.ProtocolHandshake createSession
[MASTER] 16:20:08.778 [Thread-3] ERROR ExternalProcessHandler - Aug 14, 2020 8:20:08 AM org.openqa.selenium.remote.ProtocolHandshake createSession

INFO: Detected dialect: OSS
[MASTER] 16:20:08.778 [Thread-3] ERROR ExternalProcessHandler - INFO: Detected dialect: OSS

Aug 14, 2020 8:20:25 AM org.openqa.selenium.remote.ProtocolHandshake createSession
[MASTER] 16:20:25.370 [Thread-3] ERROR ExternalProcessHandler - Aug 14, 2020 8:20:25 AM org.openqa.selenium.remote.ProtocolHandshake createSession

INFO: Detected dialect: OSS
[MASTER] 16:20:25.370 [Thread-3] ERROR ExternalProcessHandler - INFO: Detected dialect: OSS

[MASTER] 16:20:47.670 [logback-2] ERROR TestCaseExecutor - TG: Exception caught: 
java.lang.IllegalStateException: Test generation failed: page object bug.
	at org.evosuite.testcase.execution.TestCaseExecutor.runTest(TestCaseExecutor.java:322) ~[evosuite-client-1.0.4-SNAPSHOT.jar:na]
	at org.evosuite.testcase.TestFitnessFunction.runTest(TestFitnessFunction.java:91) [evosuite-client-1.0.4-SNAPSHOT.jar:na]
	at org.evosuite.testcase.TestFitnessFunction.getFitness(TestFitnessFunction.java:60) [evosuite-client-1.0.4-SNAPSHOT.jar:na]
	at org.evosuite.testcase.TestFitnessFunction.getFitness(TestFitnessFunction.java:34) [evosuite-client-1.0.4-SNAPSHOT.jar:na]
	at org.evosuite.ga.metaheuristics.art.AdaptiveRandomSearch.calculateFitness(AdaptiveRandomSearch.java:312) [evosuite-client-1.0.4-SNAPSHOT.jar:na]
	at org.evosuite.ga.metaheuristics.art.AdaptiveRandomSearch.evolve(AdaptiveRandomSearch.java:139) [evosuite-client-1.0.4-SNAPSHOT.jar:na]
	at org.evosuite.ga.metaheuristics.art.AdaptiveRandomSearch.generateSolution(AdaptiveRandomSearch.java:270) [evosuite-client-1.0.4-SNAPSHOT.jar:na]
	at org.evosuite.strategy.AdaptiveRandomTestStrategy.generateTests(AdaptiveRandomTestStrategy.java:118) [evosuite-client-1.0.4-SNAPSHOT.jar:na]
	at org.evosuite.TestSuiteGenerator.generateTests(TestSuiteGenerator.java:654) [evosuite-client-1.0.4-SNAPSHOT.jar:na]
	at org.evosuite.TestSuiteGenerator.generateTestSuite(TestSuiteGenerator.java:213) [evosuite-client-1.0.4-SNAPSHOT.jar:na]
	at org.evosuite.rmi.service.ClientNodeImpl$1.run(ClientNodeImpl.java:145) [evosuite-client-1.0.4-SNAPSHOT.jar:na]
	at java.util.concurrent.Executors$RunnableAdapter.call(Executors.java:511) [na:1.8.0_265]
	at java.util.concurrent.FutureTask.run(FutureTask.java:266) [na:1.8.0_265]
	at java.util.concurrent.ThreadPoolExecutor.runWorker(ThreadPoolExecutor.java:1149) [na:1.8.0_265]
	at java.util.concurrent.ThreadPoolExecutor$Worker.run(ThreadPoolExecutor.java:624) [na:1.8.0_265]
	at java.lang.Thread.run(Thread.java:748) [na:1.8.0_265]
Aug 14, 2020 8:20:47 AM org.openqa.selenium.remote.ProtocolHandshake createSession
[MASTER] 16:20:47.898 [Thread-3] ERROR ExternalProcessHandler - Aug 14, 2020 8:20:47 AM org.openqa.selenium.remote.ProtocolHandshake createSession

INFO: Detected dialect: OSS
[MASTER] 16:20:47.898 [Thread-3] ERROR ExternalProcessHandler - INFO: Detected dialect: OSS

Aug 14, 2020 8:20:48 AM org.openqa.selenium.remote.ProtocolHandshake createSession
[MASTER] 16:20:48.947 [Thread-3] ERROR ExternalProcessHandler - Aug 14, 2020 8:20:48 AM org.openqa.selenium.remote.ProtocolHandshake createSession

INFO: Detected dialect: OSS
[MASTER] 16:20:48.947 [Thread-3] ERROR ExternalProcessHandler - INFO: Detected dialect: OSS

Aug 14, 2020 8:20:49 AM org.openqa.selenium.remote.ProtocolHandshake createSession
[MASTER] 16:20:49.820 [Thread-3] ERROR ExternalProcessHandler - Aug 14, 2020 8:20:49 AM org.openqa.selenium.remote.ProtocolHandshake createSession

INFO: Detected dialect: OSS
[MASTER] 16:20:49.820 [Thread-3] ERROR ExternalProcessHandler - INFO: Detected dialect: OSS

Aug 14, 2020 8:20:50 AM org.openqa.selenium.remote.ProtocolHandshake createSession
[MASTER] 16:20:50.811 [Thread-3] ERROR ExternalProcessHandler - Aug 14, 2020 8:20:50 AM org.openqa.selenium.remote.ProtocolHandshake createSession

INFO: Detected dialect: OSS
[MASTER] 16:20:50.811 [Thread-3] ERROR ExternalProcessHandler - INFO: Detected dialect: OSS

Aug 14, 2020 8:20:51 AM org.openqa.selenium.remote.ProtocolHandshake createSession
[MASTER] 16:20:51.747 [Thread-3] ERROR ExternalProcessHandler - Aug 14, 2020 8:20:51 AM org.openqa.selenium.remote.ProtocolHandshake createSession

INFO: Detected dialect: OSS
[MASTER] 16:20:51.747 [Thread-3] ERROR ExternalProcessHandler - INFO: Detected dialect: OSS

Aug 14, 2020 8:20:52 AM org.openqa.selenium.remote.ProtocolHandshake createSession
[MASTER] 16:20:52.780 [Thread-3] ERROR ExternalProcessHandler - Aug 14, 2020 8:20:52 AM org.openqa.selenium.remote.ProtocolHandshake createSession

INFO: Detected dialect: OSS
[MASTER] 16:20:52.780 [Thread-3] ERROR ExternalProcessHandler - INFO: Detected dialect: OSS

Aug 14, 2020 8:20:54 AM po_utils.PageObjectLogging logInfo
[MASTER] 16:20:54.013 [Thread-3] ERROR ExternalProcessHandler - Aug 14, 2020 8:20:54 AM po_utils.PageObjectLogging logInfo

INFO: waitForElementBeingPresentOnPage timeout exception: unable to locate the element By.xpath: //button[text()="Create a new session"]
[MASTER] 16:20:54.014 [Thread-3] ERROR ExternalProcessHandler - INFO: waitForElementBeingPresentOnPage timeout exception: unable to locate the element By.xpath: //button[text()="Create a new session"]


[MASTER] 16:20:54.014 [Thread-3] ERROR ExternalProcessHandler - 


[MASTER] 16:20:54.014 [Thread-3] ERROR ExternalProcessHandler - 

Aug 14, 2020 8:20:54 AM org.openqa.selenium.remote.ProtocolHandshake createSession
[MASTER] 16:20:54.588 [Thread-3] ERROR ExternalProcessHandler - Aug 14, 2020 8:20:54 AM org.openqa.selenium.remote.ProtocolHandshake createSession

INFO: Detected dialect: OSS
[MASTER] 16:20:54.588 [Thread-3] ERROR ExternalProcessHandler - INFO: Detected dialect: OSS

Aug 14, 2020 8:20:55 AM org.openqa.selenium.remote.ProtocolHandshake createSession
[MASTER] 16:20:55.610 [Thread-3] ERROR ExternalProcessHandler - Aug 14, 2020 8:20:55 AM org.openqa.selenium.remote.ProtocolHandshake createSession

INFO: Detected dialect: OSS
[MASTER] 16:20:55.610 [Thread-3] ERROR ExternalProcessHandler - INFO: Detected dialect: OSS

Aug 14, 2020 8:20:56 AM org.openqa.selenium.remote.ProtocolHandshake createSession
[MASTER] 16:20:56.662 [Thread-3] ERROR ExternalProcessHandler - Aug 14, 2020 8:20:56 AM org.openqa.selenium.remote.ProtocolHandshake createSession

INFO: Detected dialect: OSS
[MASTER] 16:20:56.663 [Thread-3] ERROR ExternalProcessHandler - INFO: Detected dialect: OSS

Aug 14, 2020 8:20:57 AM org.openqa.selenium.remote.ProtocolHandshake createSession
[MASTER] 16:20:57.921 [Thread-3] ERROR ExternalProcessHandler - Aug 14, 2020 8:20:57 AM org.openqa.selenium.remote.ProtocolHandshake createSession

INFO: Detected dialect: OSS
[MASTER] 16:20:57.921 [Thread-3] ERROR ExternalProcessHandler - INFO: Detected dialect: OSS

Aug 14, 2020 8:20:58 AM org.openqa.selenium.remote.ProtocolHandshake createSession
[MASTER] 16:20:58.896 [Thread-3] ERROR ExternalProcessHandler - Aug 14, 2020 8:20:58 AM org.openqa.selenium.remote.ProtocolHandshake createSession

INFO: Detected dialect: OSS
[MASTER] 16:20:58.896 [Thread-3] ERROR ExternalProcessHandler - INFO: Detected dialect: OSS

Aug 14, 2020 8:21:00 AM org.openqa.selenium.remote.ProtocolHandshake createSession
[MASTER] 16:21:00.495 [Thread-3] ERROR ExternalProcessHandler - Aug 14, 2020 8:21:00 AM org.openqa.selenium.remote.ProtocolHandshake createSession

INFO: Detected dialect: OSS
[MASTER] 16:21:00.496 [Thread-3] ERROR ExternalProcessHandler - INFO: Detected dialect: OSS

Aug 14, 2020 8:21:01 AM org.openqa.selenium.remote.ProtocolHandshake createSession
[MASTER] 16:21:01.826 [Thread-3] ERROR ExternalProcessHandler - Aug 14, 2020 8:21:01 AM org.openqa.selenium.remote.ProtocolHandshake createSession

INFO: Detected dialect: OSS
[MASTER] 16:21:01.826 [Thread-3] ERROR ExternalProcessHandler - INFO: Detected dialect: OSS

Aug 14, 2020 8:21:03 AM org.openqa.selenium.remote.ProtocolHandshake createSession
[MASTER] 16:21:03.317 [Thread-3] ERROR ExternalProcessHandler - Aug 14, 2020 8:21:03 AM org.openqa.selenium.remote.ProtocolHandshake createSession

INFO: Detected dialect: OSS
[MASTER] 16:21:03.317 [Thread-3] ERROR ExternalProcessHandler - INFO: Detected dialect: OSS

Aug 14, 2020 8:21:04 AM org.openqa.selenium.remote.ProtocolHandshake createSession
[MASTER] 16:21:04.694 [Thread-3] ERROR ExternalProcessHandler - Aug 14, 2020 8:21:04 AM org.openqa.selenium.remote.ProtocolHandshake createSession

INFO: Detected dialect: OSS
[MASTER] 16:21:04.694 [Thread-3] ERROR ExternalProcessHandler - INFO: Detected dialect: OSS

Aug 14, 2020 8:21:06 AM org.openqa.selenium.remote.ProtocolHandshake createSession
[MASTER] 16:21:06.645 [Thread-3] ERROR ExternalProcessHandler - Aug 14, 2020 8:21:06 AM org.openqa.selenium.remote.ProtocolHandshake createSession

INFO: Detected dialect: OSS
[MASTER] 16:21:06.645 [Thread-3] ERROR ExternalProcessHandler - INFO: Detected dialect: OSS

Aug 14, 2020 8:21:07 AM org.openqa.selenium.remote.ProtocolHandshake createSession
[MASTER] 16:21:07.570 [Thread-3] ERROR ExternalProcessHandler - Aug 14, 2020 8:21:07 AM org.openqa.selenium.remote.ProtocolHandshake createSession

INFO: Detected dialect: OSS
[MASTER] 16:21:07.570 [Thread-3] ERROR ExternalProcessHandler - INFO: Detected dialect: OSS

Aug 14, 2020 8:21:14 AM org.openqa.selenium.remote.ProtocolHandshake createSession
[MASTER] 16:21:14.860 [Thread-3] ERROR ExternalProcessHandler - Aug 14, 2020 8:21:14 AM org.openqa.selenium.remote.ProtocolHandshake createSession

INFO: Detected dialect: OSS
[MASTER] 16:21:14.860 [Thread-3] ERROR ExternalProcessHandler - INFO: Detected dialect: OSS

Aug 14, 2020 8:21:28 AM org.openqa.selenium.remote.ProtocolHandshake createSession
[MASTER] 16:21:28.113 [Thread-3] ERROR ExternalProcessHandler - Aug 14, 2020 8:21:28 AM org.openqa.selenium.remote.ProtocolHandshake createSession

INFO: Detected dialect: OSS
[MASTER] 16:21:28.113 [Thread-3] ERROR ExternalProcessHandler - INFO: Detected dialect: OSS

Aug 14, 2020 8:21:47 AM org.openqa.selenium.remote.ProtocolHandshake createSession
[MASTER] 16:21:47.183 [Thread-3] ERROR ExternalProcessHandler - Aug 14, 2020 8:21:47 AM org.openqa.selenium.remote.ProtocolHandshake createSession

INFO: Detected dialect: OSS
[MASTER] 16:21:47.184 [Thread-3] ERROR ExternalProcessHandler - INFO: Detected dialect: OSS

[MASTER] 16:22:11.966 [logback-2] ERROR TestCaseExecutor - TG: Exception caught: 
java.lang.IllegalStateException: Test generation failed: page object bug.
	at org.evosuite.testcase.execution.TestCaseExecutor.runTest(TestCaseExecutor.java:322) ~[evosuite-client-1.0.4-SNAPSHOT.jar:na]
	at org.evosuite.testcase.TestFitnessFunction.runTest(TestFitnessFunction.java:91) [evosuite-client-1.0.4-SNAPSHOT.jar:na]
	at org.evosuite.testcase.TestFitnessFunction.getFitness(TestFitnessFunction.java:60) [evosuite-client-1.0.4-SNAPSHOT.jar:na]
	at org.evosuite.testcase.TestFitnessFunction.getFitness(TestFitnessFunction.java:34) [evosuite-client-1.0.4-SNAPSHOT.jar:na]
	at org.evosuite.ga.metaheuristics.art.AdaptiveRandomSearch.calculateFitness(AdaptiveRandomSearch.java:312) [evosuite-client-1.0.4-SNAPSHOT.jar:na]
	at org.evosuite.ga.metaheuristics.art.AdaptiveRandomSearch.evolve(AdaptiveRandomSearch.java:139) [evosuite-client-1.0.4-SNAPSHOT.jar:na]
	at org.evosuite.ga.metaheuristics.art.AdaptiveRandomSearch.generateSolution(AdaptiveRandomSearch.java:270) [evosuite-client-1.0.4-SNAPSHOT.jar:na]
	at org.evosuite.strategy.AdaptiveRandomTestStrategy.generateTests(AdaptiveRandomTestStrategy.java:118) [evosuite-client-1.0.4-SNAPSHOT.jar:na]
	at org.evosuite.TestSuiteGenerator.generateTests(TestSuiteGenerator.java:654) [evosuite-client-1.0.4-SNAPSHOT.jar:na]
	at org.evosuite.TestSuiteGenerator.generateTestSuite(TestSuiteGenerator.java:213) [evosuite-client-1.0.4-SNAPSHOT.jar:na]
	at org.evosuite.rmi.service.ClientNodeImpl$1.run(ClientNodeImpl.java:145) [evosuite-client-1.0.4-SNAPSHOT.jar:na]
	at java.util.concurrent.Executors$RunnableAdapter.call(Executors.java:511) [na:1.8.0_265]
	at java.util.concurrent.FutureTask.run(FutureTask.java:266) [na:1.8.0_265]
	at java.util.concurrent.ThreadPoolExecutor.runWorker(ThreadPoolExecutor.java:1149) [na:1.8.0_265]
	at java.util.concurrent.ThreadPoolExecutor$Worker.run(ThreadPoolExecutor.java:624) [na:1.8.0_265]
	at java.lang.Thread.run(Thread.java:748) [na:1.8.0_265]
Aug 14, 2020 8:22:12 AM org.openqa.selenium.remote.ProtocolHandshake createSession
[MASTER] 16:22:12.166 [Thread-3] ERROR ExternalProcessHandler - Aug 14, 2020 8:22:12 AM org.openqa.selenium.remote.ProtocolHandshake createSession

INFO: Detected dialect: OSS
[MASTER] 16:22:12.166 [Thread-3] ERROR ExternalProcessHandler - INFO: Detected dialect: OSS

Aug 14, 2020 8:22:14 AM po_utils.PageObjectLogging logInfo
[MASTER] 16:22:14.655 [Thread-3] ERROR ExternalProcessHandler - Aug 14, 2020 8:22:14 AM po_utils.PageObjectLogging logInfo

INFO: waitForElementBeingPresentOnPage timeout exception: unable to locate the element By.xpath: //button[text()="Create a new session"]
[MASTER] 16:22:14.656 [Thread-3] ERROR ExternalProcessHandler - INFO: waitForElementBeingPresentOnPage timeout exception: unable to locate the element By.xpath: //button[text()="Create a new session"]


[MASTER] 16:22:14.656 [Thread-3] ERROR ExternalProcessHandler - 


[MASTER] 16:22:14.656 [Thread-3] ERROR ExternalProcessHandler - 

Aug 14, 2020 8:22:15 AM org.openqa.selenium.remote.ProtocolHandshake createSession
[MASTER] 16:22:15.382 [Thread-3] ERROR ExternalProcessHandler - Aug 14, 2020 8:22:15 AM org.openqa.selenium.remote.ProtocolHandshake createSession

INFO: Detected dialect: OSS
[MASTER] 16:22:15.382 [Thread-3] ERROR ExternalProcessHandler - INFO: Detected dialect: OSS

Aug 14, 2020 8:22:22 AM po_utils.PageObjectLogging logInfo
[MASTER] 16:22:22.021 [Thread-3] ERROR ExternalProcessHandler - Aug 14, 2020 8:22:22 AM po_utils.PageObjectLogging logInfo

INFO: waitForElementBeingPresentOnPage timeout exception: unable to locate the element By.xpath: //button[text()="Create a new session"]
[MASTER] 16:22:22.022 [Thread-3] ERROR ExternalProcessHandler - INFO: waitForElementBeingPresentOnPage timeout exception: unable to locate the element By.xpath: //button[text()="Create a new session"]


[MASTER] 16:22:22.022 [Thread-3] ERROR ExternalProcessHandler - 


[MASTER] 16:22:22.022 [Thread-3] ERROR ExternalProcessHandler - 

Aug 14, 2020 8:22:24 AM org.openqa.selenium.remote.ProtocolHandshake createSession
[MASTER] 16:22:24.713 [Thread-3] ERROR ExternalProcessHandler - Aug 14, 2020 8:22:24 AM org.openqa.selenium.remote.ProtocolHandshake createSession

INFO: Detected dialect: OSS
[MASTER] 16:22:24.714 [Thread-3] ERROR ExternalProcessHandler - INFO: Detected dialect: OSS

Aug 14, 2020 8:22:35 AM po_utils.PageObjectLogging logInfo
[MASTER] 16:22:35.450 [Thread-3] ERROR ExternalProcessHandler - Aug 14, 2020 8:22:35 AM po_utils.PageObjectLogging logInfo

INFO: waitForElementBeingPresentOnPage timeout exception: unable to locate the element By.xpath: //button[text()="Create a new session"]
[MASTER] 16:22:35.451 [Thread-3] ERROR ExternalProcessHandler - INFO: waitForElementBeingPresentOnPage timeout exception: unable to locate the element By.xpath: //button[text()="Create a new session"]


[MASTER] 16:22:35.452 [Thread-3] ERROR ExternalProcessHandler - 


[MASTER] 16:22:35.452 [Thread-3] ERROR ExternalProcessHandler - 

Aug 14, 2020 8:22:40 AM org.openqa.selenium.remote.ProtocolHandshake createSession
[MASTER] 16:22:40.111 [Thread-3] ERROR ExternalProcessHandler - Aug 14, 2020 8:22:40 AM org.openqa.selenium.remote.ProtocolHandshake createSession

INFO: Detected dialect: OSS
[MASTER] 16:22:40.111 [Thread-3] ERROR ExternalProcessHandler - INFO: Detected dialect: OSS

Aug 14, 2020 8:22:54 AM po_utils.PageObjectLogging logInfo
[MASTER] 16:22:54.929 [Thread-3] ERROR ExternalProcessHandler - Aug 14, 2020 8:22:54 AM po_utils.PageObjectLogging logInfo

INFO: waitForElementBeingPresentOnPage timeout exception: unable to locate the element By.xpath: //button[text()="Create a new session"]
[MASTER] 16:22:54.930 [Thread-3] ERROR ExternalProcessHandler - INFO: waitForElementBeingPresentOnPage timeout exception: unable to locate the element By.xpath: //button[text()="Create a new session"]


[MASTER] 16:22:54.930 [Thread-3] ERROR ExternalProcessHandler - 


[MASTER] 16:22:54.930 [Thread-3] ERROR ExternalProcessHandler - 

[MASTER] 16:23:01.437 [logback-2] ERROR TestCaseExecutor - TG: Exception caught: 
java.lang.IllegalStateException: Test generation failed: page object bug.
	at org.evosuite.testcase.execution.TestCaseExecutor.runTest(TestCaseExecutor.java:322) ~[evosuite-client-1.0.4-SNAPSHOT.jar:na]
	at org.evosuite.testcase.TestFitnessFunction.runTest(TestFitnessFunction.java:91) [evosuite-client-1.0.4-SNAPSHOT.jar:na]
	at org.evosuite.testcase.TestFitnessFunction.getFitness(TestFitnessFunction.java:60) [evosuite-client-1.0.4-SNAPSHOT.jar:na]
	at org.evosuite.testcase.TestFitnessFunction.getFitness(TestFitnessFunction.java:34) [evosuite-client-1.0.4-SNAPSHOT.jar:na]
	at org.evosuite.ga.metaheuristics.art.AdaptiveRandomSearch.calculateFitness(AdaptiveRandomSearch.java:312) [evosuite-client-1.0.4-SNAPSHOT.jar:na]
	at org.evosuite.ga.metaheuristics.art.AdaptiveRandomSearch.evolve(AdaptiveRandomSearch.java:139) [evosuite-client-1.0.4-SNAPSHOT.jar:na]
	at org.evosuite.ga.metaheuristics.art.AdaptiveRandomSearch.generateSolution(AdaptiveRandomSearch.java:270) [evosuite-client-1.0.4-SNAPSHOT.jar:na]
	at org.evosuite.strategy.AdaptiveRandomTestStrategy.generateTests(AdaptiveRandomTestStrategy.java:118) [evosuite-client-1.0.4-SNAPSHOT.jar:na]
	at org.evosuite.TestSuiteGenerator.generateTests(TestSuiteGenerator.java:654) [evosuite-client-1.0.4-SNAPSHOT.jar:na]
	at org.evosuite.TestSuiteGenerator.generateTestSuite(TestSuiteGenerator.java:213) [evosuite-client-1.0.4-SNAPSHOT.jar:na]
	at org.evosuite.rmi.service.ClientNodeImpl$1.run(ClientNodeImpl.java:145) [evosuite-client-1.0.4-SNAPSHOT.jar:na]
	at java.util.concurrent.Executors$RunnableAdapter.call(Executors.java:511) [na:1.8.0_265]
	at java.util.concurrent.FutureTask.run(FutureTask.java:266) [na:1.8.0_265]
	at java.util.concurrent.ThreadPoolExecutor.runWorker(ThreadPoolExecutor.java:1149) [na:1.8.0_265]
	at java.util.concurrent.ThreadPoolExecutor$Worker.run(ThreadPoolExecutor.java:624) [na:1.8.0_265]
	at java.lang.Thread.run(Thread.java:748) [na:1.8.0_265]
Aug 14, 2020 8:23:01 AM org.openqa.selenium.remote.ProtocolHandshake createSession
[MASTER] 16:23:01.658 [Thread-3] ERROR ExternalProcessHandler - Aug 14, 2020 8:23:01 AM org.openqa.selenium.remote.ProtocolHandshake createSession

INFO: Detected dialect: OSS
[MASTER] 16:23:01.659 [Thread-3] ERROR ExternalProcessHandler - INFO: Detected dialect: OSS

Aug 14, 2020 8:23:03 AM org.openqa.selenium.remote.ProtocolHandshake createSession
[MASTER] 16:23:03.160 [Thread-3] ERROR ExternalProcessHandler - Aug 14, 2020 8:23:03 AM org.openqa.selenium.remote.ProtocolHandshake createSession

INFO: Detected dialect: OSS
[MASTER] 16:23:03.160 [Thread-3] ERROR ExternalProcessHandler - INFO: Detected dialect: OSS

Aug 14, 2020 8:23:10 AM org.openqa.selenium.remote.ProtocolHandshake createSession
[MASTER] 16:23:10.928 [Thread-3] ERROR ExternalProcessHandler - Aug 14, 2020 8:23:10 AM org.openqa.selenium.remote.ProtocolHandshake createSession

INFO: Detected dialect: OSS
[MASTER] 16:23:10.928 [Thread-3] ERROR ExternalProcessHandler - INFO: Detected dialect: OSS

Aug 14, 2020 8:23:25 AM org.openqa.selenium.remote.ProtocolHandshake createSession
[MASTER] 16:23:25.203 [Thread-3] ERROR ExternalProcessHandler - Aug 14, 2020 8:23:25 AM org.openqa.selenium.remote.ProtocolHandshake createSession

INFO: Detected dialect: OSS
[MASTER] 16:23:25.203 [Thread-3] ERROR ExternalProcessHandler - INFO: Detected dialect: OSS

Aug 14, 2020 8:23:26 AM org.openqa.selenium.remote.ProtocolHandshake createSession
[MASTER] 16:23:26.662 [Thread-3] ERROR ExternalProcessHandler - Aug 14, 2020 8:23:26 AM org.openqa.selenium.remote.ProtocolHandshake createSession

INFO: Detected dialect: OSS
[MASTER] 16:23:26.662 [Thread-3] ERROR ExternalProcessHandler - INFO: Detected dialect: OSS

Aug 14, 2020 8:23:31 AM org.openqa.selenium.remote.ProtocolHandshake createSession
[MASTER] 16:23:31.904 [Thread-3] ERROR ExternalProcessHandler - Aug 14, 2020 8:23:31 AM org.openqa.selenium.remote.ProtocolHandshake createSession

INFO: Detected dialect: OSS
[MASTER] 16:23:31.905 [Thread-3] ERROR ExternalProcessHandler - INFO: Detected dialect: OSS

Aug 14, 2020 8:23:43 AM org.openqa.selenium.remote.ProtocolHandshake createSession
[MASTER] 16:23:43.496 [Thread-3] ERROR ExternalProcessHandler - Aug 14, 2020 8:23:43 AM org.openqa.selenium.remote.ProtocolHandshake createSession

INFO: Detected dialect: OSS
[MASTER] 16:23:43.496 [Thread-3] ERROR ExternalProcessHandler - INFO: Detected dialect: OSS

Aug 14, 2020 8:24:01 AM org.openqa.selenium.remote.ProtocolHandshake createSession
[MASTER] 16:24:01.061 [Thread-3] ERROR ExternalProcessHandler - Aug 14, 2020 8:24:01 AM org.openqa.selenium.remote.ProtocolHandshake createSession

INFO: Detected dialect: OSS
[MASTER] 16:24:01.061 [Thread-3] ERROR ExternalProcessHandler - INFO: Detected dialect: OSS

[MASTER] 16:24:24.740 [logback-2] ERROR TestCaseExecutor - TG: Exception caught: 
java.lang.IllegalStateException: Test generation failed: page object bug.
	at org.evosuite.testcase.execution.TestCaseExecutor.runTest(TestCaseExecutor.java:322) ~[evosuite-client-1.0.4-SNAPSHOT.jar:na]
	at org.evosuite.testcase.TestFitnessFunction.runTest(TestFitnessFunction.java:91) [evosuite-client-1.0.4-SNAPSHOT.jar:na]
	at org.evosuite.testcase.TestFitnessFunction.getFitness(TestFitnessFunction.java:60) [evosuite-client-1.0.4-SNAPSHOT.jar:na]
	at org.evosuite.testcase.TestFitnessFunction.getFitness(TestFitnessFunction.java:34) [evosuite-client-1.0.4-SNAPSHOT.jar:na]
	at org.evosuite.ga.metaheuristics.art.AdaptiveRandomSearch.calculateFitness(AdaptiveRandomSearch.java:312) [evosuite-client-1.0.4-SNAPSHOT.jar:na]
	at org.evosuite.ga.metaheuristics.art.AdaptiveRandomSearch.evolve(AdaptiveRandomSearch.java:139) [evosuite-client-1.0.4-SNAPSHOT.jar:na]
	at org.evosuite.ga.metaheuristics.art.AdaptiveRandomSearch.generateSolution(AdaptiveRandomSearch.java:270) [evosuite-client-1.0.4-SNAPSHOT.jar:na]
	at org.evosuite.strategy.AdaptiveRandomTestStrategy.generateTests(AdaptiveRandomTestStrategy.java:118) [evosuite-client-1.0.4-SNAPSHOT.jar:na]
	at org.evosuite.TestSuiteGenerator.generateTests(TestSuiteGenerator.java:654) [evosuite-client-1.0.4-SNAPSHOT.jar:na]
	at org.evosuite.TestSuiteGenerator.generateTestSuite(TestSuiteGenerator.java:213) [evosuite-client-1.0.4-SNAPSHOT.jar:na]
	at org.evosuite.rmi.service.ClientNodeImpl$1.run(ClientNodeImpl.java:145) [evosuite-client-1.0.4-SNAPSHOT.jar:na]
	at java.util.concurrent.Executors$RunnableAdapter.call(Executors.java:511) [na:1.8.0_265]
	at java.util.concurrent.FutureTask.run(FutureTask.java:266) [na:1.8.0_265]
	at java.util.concurrent.ThreadPoolExecutor.runWorker(ThreadPoolExecutor.java:1149) [na:1.8.0_265]
	at java.util.concurrent.ThreadPoolExecutor$Worker.run(ThreadPoolExecutor.java:624) [na:1.8.0_265]
	at java.lang.Thread.run(Thread.java:748) [na:1.8.0_265]
Aug 14, 2020 8:24:24 AM org.openqa.selenium.remote.ProtocolHandshake createSession
[MASTER] 16:24:24.958 [Thread-3] ERROR ExternalProcessHandler - Aug 14, 2020 8:24:24 AM org.openqa.selenium.remote.ProtocolHandshake createSession

INFO: Detected dialect: OSS
[MASTER] 16:24:24.958 [Thread-3] ERROR ExternalProcessHandler - INFO: Detected dialect: OSS

Aug 14, 2020 8:24:27 AM org.openqa.selenium.remote.ProtocolHandshake createSession
[MASTER] 16:24:27.558 [Thread-3] ERROR ExternalProcessHandler - Aug 14, 2020 8:24:27 AM org.openqa.selenium.remote.ProtocolHandshake createSession

INFO: Detected dialect: OSS
[MASTER] 16:24:27.558 [Thread-3] ERROR ExternalProcessHandler - INFO: Detected dialect: OSS

Aug 14, 2020 8:24:36 AM org.openqa.selenium.remote.ProtocolHandshake createSession
[MASTER] 16:24:36.548 [Thread-3] ERROR ExternalProcessHandler - Aug 14, 2020 8:24:36 AM org.openqa.selenium.remote.ProtocolHandshake createSession

INFO: Detected dialect: OSS
[MASTER] 16:24:36.548 [Thread-3] ERROR ExternalProcessHandler - INFO: Detected dialect: OSS

Aug 14, 2020 8:24:51 AM org.openqa.selenium.remote.ProtocolHandshake createSession
[MASTER] 16:24:51.902 [Thread-3] ERROR ExternalProcessHandler - Aug 14, 2020 8:24:51 AM org.openqa.selenium.remote.ProtocolHandshake createSession

INFO: Detected dialect: OSS
[MASTER] 16:24:51.902 [Thread-3] ERROR ExternalProcessHandler - INFO: Detected dialect: OSS

[MASTER] 16:25:13.425 [logback-2] ERROR TestCaseExecutor - TG: Exception caught: 
java.lang.IllegalStateException: Test generation failed: page object bug.
	at org.evosuite.testcase.execution.TestCaseExecutor.runTest(TestCaseExecutor.java:322) ~[evosuite-client-1.0.4-SNAPSHOT.jar:na]
	at org.evosuite.testcase.TestFitnessFunction.runTest(TestFitnessFunction.java:91) [evosuite-client-1.0.4-SNAPSHOT.jar:na]
	at org.evosuite.testcase.TestFitnessFunction.getFitness(TestFitnessFunction.java:60) [evosuite-client-1.0.4-SNAPSHOT.jar:na]
	at org.evosuite.testcase.TestFitnessFunction.getFitness(TestFitnessFunction.java:34) [evosuite-client-1.0.4-SNAPSHOT.jar:na]
	at org.evosuite.ga.metaheuristics.art.AdaptiveRandomSearch.calculateFitness(AdaptiveRandomSearch.java:312) [evosuite-client-1.0.4-SNAPSHOT.jar:na]
	at org.evosuite.ga.metaheuristics.art.AdaptiveRandomSearch.evolve(AdaptiveRandomSearch.java:139) [evosuite-client-1.0.4-SNAPSHOT.jar:na]
	at org.evosuite.ga.metaheuristics.art.AdaptiveRandomSearch.generateSolution(AdaptiveRandomSearch.java:270) [evosuite-client-1.0.4-SNAPSHOT.jar:na]
	at org.evosuite.strategy.AdaptiveRandomTestStrategy.generateTests(AdaptiveRandomTestStrategy.java:118) [evosuite-client-1.0.4-SNAPSHOT.jar:na]
	at org.evosuite.TestSuiteGenerator.generateTests(TestSuiteGenerator.java:654) [evosuite-client-1.0.4-SNAPSHOT.jar:na]
	at org.evosuite.TestSuiteGenerator.generateTestSuite(TestSuiteGenerator.java:213) [evosuite-client-1.0.4-SNAPSHOT.jar:na]
	at org.evosuite.rmi.service.ClientNodeImpl$1.run(ClientNodeImpl.java:145) [evosuite-client-1.0.4-SNAPSHOT.jar:na]
	at java.util.concurrent.Executors$RunnableAdapter.call(Executors.java:511) [na:1.8.0_265]
	at java.util.concurrent.FutureTask.run(FutureTask.java:266) [na:1.8.0_265]
	at java.util.concurrent.ThreadPoolExecutor.runWorker(ThreadPoolExecutor.java:1149) [na:1.8.0_265]
	at java.util.concurrent.ThreadPoolExecutor$Worker.run(ThreadPoolExecutor.java:624) [na:1.8.0_265]
	at java.lang.Thread.run(Thread.java:748) [na:1.8.0_265]
Aug 14, 2020 8:25:13 AM org.openqa.selenium.remote.ProtocolHandshake createSession
[MASTER] 16:25:13.646 [Thread-3] ERROR ExternalProcessHandler - Aug 14, 2020 8:25:13 AM org.openqa.selenium.remote.ProtocolHandshake createSession

INFO: Detected dialect: OSS
[MASTER] 16:25:13.646 [Thread-3] ERROR ExternalProcessHandler - INFO: Detected dialect: OSS

Aug 14, 2020 8:25:17 AM org.openqa.selenium.remote.ProtocolHandshake createSession
[MASTER] 16:25:17.432 [Thread-3] ERROR ExternalProcessHandler - Aug 14, 2020 8:25:17 AM org.openqa.selenium.remote.ProtocolHandshake createSession

INFO: Detected dialect: OSS
[MASTER] 16:25:17.432 [Thread-3] ERROR ExternalProcessHandler - INFO: Detected dialect: OSS

Aug 14, 2020 8:25:27 AM org.openqa.selenium.remote.ProtocolHandshake createSession
[MASTER] 16:25:27.192 [Thread-3] ERROR ExternalProcessHandler - Aug 14, 2020 8:25:27 AM org.openqa.selenium.remote.ProtocolHandshake createSession

INFO: Detected dialect: OSS
[MASTER] 16:25:27.192 [Thread-3] ERROR ExternalProcessHandler - INFO: Detected dialect: OSS

Aug 14, 2020 8:25:42 AM org.openqa.selenium.remote.ProtocolHandshake createSession
[MASTER] 16:25:42.715 [Thread-3] ERROR ExternalProcessHandler - Aug 14, 2020 8:25:42 AM org.openqa.selenium.remote.ProtocolHandshake createSession

INFO: Detected dialect: OSS
[MASTER] 16:25:42.715 [Thread-3] ERROR ExternalProcessHandler - INFO: Detected dialect: OSS

[MASTER] 16:26:04.038 [logback-2] ERROR TestCaseExecutor - TG: Exception caught: 
java.lang.IllegalStateException: Test generation failed: page object bug.
	at org.evosuite.testcase.execution.TestCaseExecutor.runTest(TestCaseExecutor.java:322) ~[evosuite-client-1.0.4-SNAPSHOT.jar:na]
	at org.evosuite.testcase.TestFitnessFunction.runTest(TestFitnessFunction.java:91) [evosuite-client-1.0.4-SNAPSHOT.jar:na]
	at org.evosuite.testcase.TestFitnessFunction.getFitness(TestFitnessFunction.java:60) [evosuite-client-1.0.4-SNAPSHOT.jar:na]
	at org.evosuite.testcase.TestFitnessFunction.getFitness(TestFitnessFunction.java:34) [evosuite-client-1.0.4-SNAPSHOT.jar:na]
	at org.evosuite.ga.metaheuristics.art.AdaptiveRandomSearch.calculateFitness(AdaptiveRandomSearch.java:312) [evosuite-client-1.0.4-SNAPSHOT.jar:na]
	at org.evosuite.ga.metaheuristics.art.AdaptiveRandomSearch.evolve(AdaptiveRandomSearch.java:139) [evosuite-client-1.0.4-SNAPSHOT.jar:na]
	at org.evosuite.ga.metaheuristics.art.AdaptiveRandomSearch.generateSolution(AdaptiveRandomSearch.java:270) [evosuite-client-1.0.4-SNAPSHOT.jar:na]
	at org.evosuite.strategy.AdaptiveRandomTestStrategy.generateTests(AdaptiveRandomTestStrategy.java:118) [evosuite-client-1.0.4-SNAPSHOT.jar:na]
	at org.evosuite.TestSuiteGenerator.generateTests(TestSuiteGenerator.java:654) [evosuite-client-1.0.4-SNAPSHOT.jar:na]
	at org.evosuite.TestSuiteGenerator.generateTestSuite(TestSuiteGenerator.java:213) [evosuite-client-1.0.4-SNAPSHOT.jar:na]
	at org.evosuite.rmi.service.ClientNodeImpl$1.run(ClientNodeImpl.java:145) [evosuite-client-1.0.4-SNAPSHOT.jar:na]
	at java.util.concurrent.Executors$RunnableAdapter.call(Executors.java:511) [na:1.8.0_265]
	at java.util.concurrent.FutureTask.run(FutureTask.java:266) [na:1.8.0_265]
	at java.util.concurrent.ThreadPoolExecutor.runWorker(ThreadPoolExecutor.java:1149) [na:1.8.0_265]
	at java.util.concurrent.ThreadPoolExecutor$Worker.run(ThreadPoolExecutor.java:624) [na:1.8.0_265]
	at java.lang.Thread.run(Thread.java:748) [na:1.8.0_265]
Aug 14, 2020 8:26:04 AM org.openqa.selenium.remote.ProtocolHandshake createSession
[MASTER] 16:26:04.257 [Thread-3] ERROR ExternalProcessHandler - Aug 14, 2020 8:26:04 AM org.openqa.selenium.remote.ProtocolHandshake createSession

INFO: Detected dialect: OSS
[MASTER] 16:26:04.257 [Thread-3] ERROR ExternalProcessHandler - INFO: Detected dialect: OSS

Aug 14, 2020 8:26:05 AM po_utils.PageObjectLogging logInfo
[MASTER] 16:26:05.847 [Thread-3] ERROR ExternalProcessHandler - Aug 14, 2020 8:26:05 AM po_utils.PageObjectLogging logInfo

INFO: waitForElementBeingPresentOnPage timeout exception: unable to locate the element By.xpath: //button[text()="Create a new session"]
[MASTER] 16:26:05.848 [Thread-3] ERROR ExternalProcessHandler - INFO: waitForElementBeingPresentOnPage timeout exception: unable to locate the element By.xpath: //button[text()="Create a new session"]


[MASTER] 16:26:05.848 [Thread-3] ERROR ExternalProcessHandler - 


[MASTER] 16:26:05.848 [Thread-3] ERROR ExternalProcessHandler - 

Aug 14, 2020 8:26:06 AM org.openqa.selenium.remote.ProtocolHandshake createSession
[MASTER] 16:26:06.277 [Thread-3] ERROR ExternalProcessHandler - Aug 14, 2020 8:26:06 AM org.openqa.selenium.remote.ProtocolHandshake createSession

INFO: Detected dialect: OSS
[MASTER] 16:26:06.277 [Thread-3] ERROR ExternalProcessHandler - INFO: Detected dialect: OSS

Aug 14, 2020 8:26:09 AM org.openqa.selenium.remote.ProtocolHandshake createSession
[MASTER] 16:26:09.906 [Thread-3] ERROR ExternalProcessHandler - Aug 14, 2020 8:26:09 AM org.openqa.selenium.remote.ProtocolHandshake createSession

INFO: Detected dialect: OSS
[MASTER] 16:26:09.906 [Thread-3] ERROR ExternalProcessHandler - INFO: Detected dialect: OSS

Aug 14, 2020 8:26:12 AM org.openqa.selenium.remote.ProtocolHandshake createSession
[MASTER] 16:26:12.211 [Thread-3] ERROR ExternalProcessHandler - Aug 14, 2020 8:26:12 AM org.openqa.selenium.remote.ProtocolHandshake createSession

INFO: Detected dialect: OSS
[MASTER] 16:26:12.211 [Thread-3] ERROR ExternalProcessHandler - INFO: Detected dialect: OSS

Aug 14, 2020 8:26:13 AM org.openqa.selenium.remote.ProtocolHandshake createSession
[MASTER] 16:26:13.173 [Thread-3] ERROR ExternalProcessHandler - Aug 14, 2020 8:26:13 AM org.openqa.selenium.remote.ProtocolHandshake createSession

INFO: Detected dialect: OSS
[MASTER] 16:26:13.173 [Thread-3] ERROR ExternalProcessHandler - INFO: Detected dialect: OSS

Aug 14, 2020 8:26:15 AM org.openqa.selenium.remote.ProtocolHandshake createSession
[MASTER] 16:26:15.052 [Thread-3] ERROR ExternalProcessHandler - Aug 14, 2020 8:26:15 AM org.openqa.selenium.remote.ProtocolHandshake createSession

INFO: Detected dialect: OSS
[MASTER] 16:26:15.053 [Thread-3] ERROR ExternalProcessHandler - INFO: Detected dialect: OSS

Aug 14, 2020 8:26:22 AM org.openqa.selenium.remote.ProtocolHandshake createSession
[MASTER] 16:26:22.359 [Thread-3] ERROR ExternalProcessHandler - Aug 14, 2020 8:26:22 AM org.openqa.selenium.remote.ProtocolHandshake createSession

INFO: Detected dialect: OSS
[MASTER] 16:26:22.359 [Thread-3] ERROR ExternalProcessHandler - INFO: Detected dialect: OSS

Aug 14, 2020 8:26:34 AM org.openqa.selenium.remote.ProtocolHandshake createSession
[MASTER] 16:26:34.852 [Thread-3] ERROR ExternalProcessHandler - Aug 14, 2020 8:26:34 AM org.openqa.selenium.remote.ProtocolHandshake createSession

INFO: Detected dialect: OSS
[MASTER] 16:26:34.852 [Thread-3] ERROR ExternalProcessHandler - INFO: Detected dialect: OSS

[MASTER] 16:26:52.506 [logback-2] ERROR TestCaseExecutor - TG: Exception caught: 
java.lang.IllegalStateException: Test generation failed: page object bug.
	at org.evosuite.testcase.execution.TestCaseExecutor.runTest(TestCaseExecutor.java:322) ~[evosuite-client-1.0.4-SNAPSHOT.jar:na]
	at org.evosuite.testcase.TestFitnessFunction.runTest(TestFitnessFunction.java:91) [evosuite-client-1.0.4-SNAPSHOT.jar:na]
	at org.evosuite.testcase.TestFitnessFunction.getFitness(TestFitnessFunction.java:60) [evosuite-client-1.0.4-SNAPSHOT.jar:na]
	at org.evosuite.testcase.TestFitnessFunction.getFitness(TestFitnessFunction.java:34) [evosuite-client-1.0.4-SNAPSHOT.jar:na]
	at org.evosuite.ga.metaheuristics.art.AdaptiveRandomSearch.calculateFitness(AdaptiveRandomSearch.java:312) [evosuite-client-1.0.4-SNAPSHOT.jar:na]
	at org.evosuite.ga.metaheuristics.art.AdaptiveRandomSearch.evolve(AdaptiveRandomSearch.java:139) [evosuite-client-1.0.4-SNAPSHOT.jar:na]
	at org.evosuite.ga.metaheuristics.art.AdaptiveRandomSearch.generateSolution(AdaptiveRandomSearch.java:270) [evosuite-client-1.0.4-SNAPSHOT.jar:na]
	at org.evosuite.strategy.AdaptiveRandomTestStrategy.generateTests(AdaptiveRandomTestStrategy.java:118) [evosuite-client-1.0.4-SNAPSHOT.jar:na]
	at org.evosuite.TestSuiteGenerator.generateTests(TestSuiteGenerator.java:654) [evosuite-client-1.0.4-SNAPSHOT.jar:na]
	at org.evosuite.TestSuiteGenerator.generateTestSuite(TestSuiteGenerator.java:213) [evosuite-client-1.0.4-SNAPSHOT.jar:na]
	at org.evosuite.rmi.service.ClientNodeImpl$1.run(ClientNodeImpl.java:145) [evosuite-client-1.0.4-SNAPSHOT.jar:na]
	at java.util.concurrent.Executors$RunnableAdapter.call(Executors.java:511) [na:1.8.0_265]
	at java.util.concurrent.FutureTask.run(FutureTask.java:266) [na:1.8.0_265]
	at java.util.concurrent.ThreadPoolExecutor.runWorker(ThreadPoolExecutor.java:1149) [na:1.8.0_265]
	at java.util.concurrent.ThreadPoolExecutor$Worker.run(ThreadPoolExecutor.java:624) [na:1.8.0_265]
	at java.lang.Thread.run(Thread.java:748) [na:1.8.0_265]
Aug 14, 2020 8:26:52 AM org.openqa.selenium.remote.ProtocolHandshake createSession
[MASTER] 16:26:52.746 [Thread-3] ERROR ExternalProcessHandler - Aug 14, 2020 8:26:52 AM org.openqa.selenium.remote.ProtocolHandshake createSession

INFO: Detected dialect: OSS
[MASTER] 16:26:52.747 [Thread-3] ERROR ExternalProcessHandler - INFO: Detected dialect: OSS

Aug 14, 2020 8:26:55 AM org.openqa.selenium.remote.ProtocolHandshake createSession
[MASTER] 16:26:55.721 [Thread-3] ERROR ExternalProcessHandler - Aug 14, 2020 8:26:55 AM org.openqa.selenium.remote.ProtocolHandshake createSession

INFO: Detected dialect: OSS
[MASTER] 16:26:55.721 [Thread-3] ERROR ExternalProcessHandler - INFO: Detected dialect: OSS

Aug 14, 2020 8:27:05 AM org.openqa.selenium.remote.ProtocolHandshake createSession
[MASTER] 16:27:05.101 [Thread-3] ERROR ExternalProcessHandler - Aug 14, 2020 8:27:05 AM org.openqa.selenium.remote.ProtocolHandshake createSession

INFO: Detected dialect: OSS
[MASTER] 16:27:05.101 [Thread-3] ERROR ExternalProcessHandler - INFO: Detected dialect: OSS

Aug 14, 2020 8:27:10 AM org.openqa.selenium.remote.ProtocolHandshake createSession
[MASTER] 16:27:10.144 [Thread-3] ERROR ExternalProcessHandler - Aug 14, 2020 8:27:10 AM org.openqa.selenium.remote.ProtocolHandshake createSession

INFO: Detected dialect: OSS
[MASTER] 16:27:10.144 [Thread-3] ERROR ExternalProcessHandler - INFO: Detected dialect: OSS

Aug 14, 2020 8:27:21 AM org.openqa.selenium.remote.ProtocolHandshake createSession
[MASTER] 16:27:21.744 [Thread-3] ERROR ExternalProcessHandler - Aug 14, 2020 8:27:21 AM org.openqa.selenium.remote.ProtocolHandshake createSession

INFO: Detected dialect: OSS
[MASTER] 16:27:21.744 [Thread-3] ERROR ExternalProcessHandler - INFO: Detected dialect: OSS

Aug 14, 2020 8:27:39 AM org.openqa.selenium.remote.ProtocolHandshake createSession
[MASTER] 16:27:39.642 [Thread-3] ERROR ExternalProcessHandler - Aug 14, 2020 8:27:39 AM org.openqa.selenium.remote.ProtocolHandshake createSession

INFO: Detected dialect: OSS
[MASTER] 16:27:39.642 [Thread-3] ERROR ExternalProcessHandler - INFO: Detected dialect: OSS

[MASTER] 16:28:03.672 [logback-2] ERROR TestCaseExecutor - TG: Exception caught: 
java.lang.IllegalStateException: Test generation failed: page object bug.
	at org.evosuite.testcase.execution.TestCaseExecutor.runTest(TestCaseExecutor.java:322) ~[evosuite-client-1.0.4-SNAPSHOT.jar:na]
	at org.evosuite.testcase.TestFitnessFunction.runTest(TestFitnessFunction.java:91) [evosuite-client-1.0.4-SNAPSHOT.jar:na]
	at org.evosuite.testcase.TestFitnessFunction.getFitness(TestFitnessFunction.java:60) [evosuite-client-1.0.4-SNAPSHOT.jar:na]
	at org.evosuite.testcase.TestFitnessFunction.getFitness(TestFitnessFunction.java:34) [evosuite-client-1.0.4-SNAPSHOT.jar:na]
	at org.evosuite.ga.metaheuristics.art.AdaptiveRandomSearch.calculateFitness(AdaptiveRandomSearch.java:312) [evosuite-client-1.0.4-SNAPSHOT.jar:na]
	at org.evosuite.ga.metaheuristics.art.AdaptiveRandomSearch.evolve(AdaptiveRandomSearch.java:139) [evosuite-client-1.0.4-SNAPSHOT.jar:na]
	at org.evosuite.ga.metaheuristics.art.AdaptiveRandomSearch.generateSolution(AdaptiveRandomSearch.java:270) [evosuite-client-1.0.4-SNAPSHOT.jar:na]
	at org.evosuite.strategy.AdaptiveRandomTestStrategy.generateTests(AdaptiveRandomTestStrategy.java:118) [evosuite-client-1.0.4-SNAPSHOT.jar:na]
	at org.evosuite.TestSuiteGenerator.generateTests(TestSuiteGenerator.java:654) [evosuite-client-1.0.4-SNAPSHOT.jar:na]
	at org.evosuite.TestSuiteGenerator.generateTestSuite(TestSuiteGenerator.java:213) [evosuite-client-1.0.4-SNAPSHOT.jar:na]
	at org.evosuite.rmi.service.ClientNodeImpl$1.run(ClientNodeImpl.java:145) [evosuite-client-1.0.4-SNAPSHOT.jar:na]
	at java.util.concurrent.Executors$RunnableAdapter.call(Executors.java:511) [na:1.8.0_265]
	at java.util.concurrent.FutureTask.run(FutureTask.java:266) [na:1.8.0_265]
	at java.util.concurrent.ThreadPoolExecutor.runWorker(ThreadPoolExecutor.java:1149) [na:1.8.0_265]
	at java.util.concurrent.ThreadPoolExecutor$Worker.run(ThreadPoolExecutor.java:624) [na:1.8.0_265]
	at java.lang.Thread.run(Thread.java:748) [na:1.8.0_265]
Aug 14, 2020 8:28:03 AM org.openqa.selenium.remote.ProtocolHandshake createSession
[MASTER] 16:28:03.864 [Thread-3] ERROR ExternalProcessHandler - Aug 14, 2020 8:28:03 AM org.openqa.selenium.remote.ProtocolHandshake createSession

INFO: Detected dialect: OSS
[MASTER] 16:28:03.864 [Thread-3] ERROR ExternalProcessHandler - INFO: Detected dialect: OSS

Aug 14, 2020 8:28:05 AM org.openqa.selenium.remote.ProtocolHandshake createSession
[MASTER] 16:28:05.183 [Thread-3] ERROR ExternalProcessHandler - Aug 14, 2020 8:28:05 AM org.openqa.selenium.remote.ProtocolHandshake createSession

INFO: Detected dialect: OSS
[MASTER] 16:28:05.183 [Thread-3] ERROR ExternalProcessHandler - INFO: Detected dialect: OSS

Aug 14, 2020 8:28:06 AM org.openqa.selenium.remote.ProtocolHandshake createSession
[MASTER] 16:28:06.625 [Thread-3] ERROR ExternalProcessHandler - Aug 14, 2020 8:28:06 AM org.openqa.selenium.remote.ProtocolHandshake createSession

INFO: Detected dialect: OSS
[MASTER] 16:28:06.625 [Thread-3] ERROR ExternalProcessHandler - INFO: Detected dialect: OSS

Aug 14, 2020 8:28:09 AM org.openqa.selenium.remote.ProtocolHandshake createSession
[MASTER] 16:28:09.047 [Thread-3] ERROR ExternalProcessHandler - Aug 14, 2020 8:28:09 AM org.openqa.selenium.remote.ProtocolHandshake createSession

INFO: Detected dialect: OSS
[MASTER] 16:28:09.047 [Thread-3] ERROR ExternalProcessHandler - INFO: Detected dialect: OSS

Aug 14, 2020 8:28:17 AM org.openqa.selenium.remote.ProtocolHandshake createSession
[MASTER] 16:28:17.670 [Thread-3] ERROR ExternalProcessHandler - Aug 14, 2020 8:28:17 AM org.openqa.selenium.remote.ProtocolHandshake createSession

INFO: Detected dialect: OSS
[MASTER] 16:28:17.670 [Thread-3] ERROR ExternalProcessHandler - INFO: Detected dialect: OSS

Aug 14, 2020 8:28:19 AM org.openqa.selenium.remote.ProtocolHandshake createSession
[MASTER] 16:28:19.061 [Thread-3] ERROR ExternalProcessHandler - Aug 14, 2020 8:28:19 AM org.openqa.selenium.remote.ProtocolHandshake createSession

INFO: Detected dialect: OSS
[MASTER] 16:28:19.061 [Thread-3] ERROR ExternalProcessHandler - INFO: Detected dialect: OSS

Aug 14, 2020 8:28:20 AM org.openqa.selenium.remote.ProtocolHandshake createSession
[MASTER] 16:28:20.407 [Thread-3] ERROR ExternalProcessHandler - Aug 14, 2020 8:28:20 AM org.openqa.selenium.remote.ProtocolHandshake createSession

INFO: Detected dialect: OSS
[MASTER] 16:28:20.407 [Thread-3] ERROR ExternalProcessHandler - INFO: Detected dialect: OSS

Aug 14, 2020 8:28:21 AM org.openqa.selenium.remote.ProtocolHandshake createSession
[MASTER] 16:28:21.459 [Thread-3] ERROR ExternalProcessHandler - Aug 14, 2020 8:28:21 AM org.openqa.selenium.remote.ProtocolHandshake createSession

INFO: Detected dialect: OSS
[MASTER] 16:28:21.459 [Thread-3] ERROR ExternalProcessHandler - INFO: Detected dialect: OSS

Aug 14, 2020 8:28:25 AM org.openqa.selenium.remote.ProtocolHandshake createSession
[MASTER] 16:28:25.290 [Thread-3] ERROR ExternalProcessHandler - Aug 14, 2020 8:28:25 AM org.openqa.selenium.remote.ProtocolHandshake createSession

INFO: Detected dialect: OSS
[MASTER] 16:28:25.290 [Thread-3] ERROR ExternalProcessHandler - INFO: Detected dialect: OSS

Aug 14, 2020 8:28:35 AM org.openqa.selenium.remote.ProtocolHandshake createSession
[MASTER] 16:28:35.533 [Thread-3] ERROR ExternalProcessHandler - Aug 14, 2020 8:28:35 AM org.openqa.selenium.remote.ProtocolHandshake createSession

INFO: Detected dialect: OSS
[MASTER] 16:28:35.534 [Thread-3] ERROR ExternalProcessHandler - INFO: Detected dialect: OSS

Aug 14, 2020 8:28:52 AM org.openqa.selenium.remote.ProtocolHandshake createSession
[MASTER] 16:28:52.117 [Thread-3] ERROR ExternalProcessHandler - Aug 14, 2020 8:28:52 AM org.openqa.selenium.remote.ProtocolHandshake createSession

INFO: Detected dialect: OSS
[MASTER] 16:28:52.118 [Thread-3] ERROR ExternalProcessHandler - INFO: Detected dialect: OSS

[MASTER] 16:29:14.825 [logback-2] ERROR TestCaseExecutor - TG: Exception caught: 
java.lang.IllegalStateException: Test generation failed: page object bug.
	at org.evosuite.testcase.execution.TestCaseExecutor.runTest(TestCaseExecutor.java:322) ~[evosuite-client-1.0.4-SNAPSHOT.jar:na]
	at org.evosuite.testcase.TestFitnessFunction.runTest(TestFitnessFunction.java:91) [evosuite-client-1.0.4-SNAPSHOT.jar:na]
	at org.evosuite.testcase.TestFitnessFunction.getFitness(TestFitnessFunction.java:60) [evosuite-client-1.0.4-SNAPSHOT.jar:na]
	at org.evosuite.testcase.TestFitnessFunction.getFitness(TestFitnessFunction.java:34) [evosuite-client-1.0.4-SNAPSHOT.jar:na]
	at org.evosuite.ga.metaheuristics.art.AdaptiveRandomSearch.calculateFitness(AdaptiveRandomSearch.java:312) [evosuite-client-1.0.4-SNAPSHOT.jar:na]
	at org.evosuite.ga.metaheuristics.art.AdaptiveRandomSearch.evolve(AdaptiveRandomSearch.java:139) [evosuite-client-1.0.4-SNAPSHOT.jar:na]
	at org.evosuite.ga.metaheuristics.art.AdaptiveRandomSearch.generateSolution(AdaptiveRandomSearch.java:270) [evosuite-client-1.0.4-SNAPSHOT.jar:na]
	at org.evosuite.strategy.AdaptiveRandomTestStrategy.generateTests(AdaptiveRandomTestStrategy.java:118) [evosuite-client-1.0.4-SNAPSHOT.jar:na]
	at org.evosuite.TestSuiteGenerator.generateTests(TestSuiteGenerator.java:654) [evosuite-client-1.0.4-SNAPSHOT.jar:na]
	at org.evosuite.TestSuiteGenerator.generateTestSuite(TestSuiteGenerator.java:213) [evosuite-client-1.0.4-SNAPSHOT.jar:na]
	at org.evosuite.rmi.service.ClientNodeImpl$1.run(ClientNodeImpl.java:145) [evosuite-client-1.0.4-SNAPSHOT.jar:na]
	at java.util.concurrent.Executors$RunnableAdapter.call(Executors.java:511) [na:1.8.0_265]
	at java.util.concurrent.FutureTask.run(FutureTask.java:266) [na:1.8.0_265]
	at java.util.concurrent.ThreadPoolExecutor.runWorker(ThreadPoolExecutor.java:1149) [na:1.8.0_265]
	at java.util.concurrent.ThreadPoolExecutor$Worker.run(ThreadPoolExecutor.java:624) [na:1.8.0_265]
	at java.lang.Thread.run(Thread.java:748) [na:1.8.0_265]
Aug 14, 2020 8:29:15 AM org.openqa.selenium.remote.ProtocolHandshake createSession
[MASTER] 16:29:15.013 [Thread-3] ERROR ExternalProcessHandler - Aug 14, 2020 8:29:15 AM org.openqa.selenium.remote.ProtocolHandshake createSession

INFO: Detected dialect: OSS
[MASTER] 16:29:15.013 [Thread-3] ERROR ExternalProcessHandler - INFO: Detected dialect: OSS

Aug 14, 2020 8:29:15 AM org.openqa.selenium.remote.ProtocolHandshake createSession
[MASTER] 16:29:15.999 [Thread-3] ERROR ExternalProcessHandler - Aug 14, 2020 8:29:15 AM org.openqa.selenium.remote.ProtocolHandshake createSession

INFO: Detected dialect: OSS
[MASTER] 16:29:15.999 [Thread-3] ERROR ExternalProcessHandler - INFO: Detected dialect: OSS

Aug 14, 2020 8:29:19 AM org.openqa.selenium.remote.ProtocolHandshake createSession
[MASTER] 16:29:19.880 [Thread-3] ERROR ExternalProcessHandler - Aug 14, 2020 8:29:19 AM org.openqa.selenium.remote.ProtocolHandshake createSession

INFO: Detected dialect: OSS
[MASTER] 16:29:19.880 [Thread-3] ERROR ExternalProcessHandler - INFO: Detected dialect: OSS

Aug 14, 2020 8:29:30 AM org.openqa.selenium.remote.ProtocolHandshake createSession
[MASTER] 16:29:30.042 [Thread-3] ERROR ExternalProcessHandler - Aug 14, 2020 8:29:30 AM org.openqa.selenium.remote.ProtocolHandshake createSession

INFO: Detected dialect: OSS
[MASTER] 16:29:30.042 [Thread-3] ERROR ExternalProcessHandler - INFO: Detected dialect: OSS

Aug 14, 2020 8:29:46 AM org.openqa.selenium.remote.ProtocolHandshake createSession
[MASTER] 16:29:46.222 [Thread-3] ERROR ExternalProcessHandler - Aug 14, 2020 8:29:46 AM org.openqa.selenium.remote.ProtocolHandshake createSession

INFO: Detected dialect: OSS
[MASTER] 16:29:46.223 [Thread-3] ERROR ExternalProcessHandler - INFO: Detected dialect: OSS

[MASTER] 16:30:08.521 [logback-2] ERROR TestCaseExecutor - TG: Exception caught: 
java.lang.IllegalStateException: Test generation failed: page object bug.
	at org.evosuite.testcase.execution.TestCaseExecutor.runTest(TestCaseExecutor.java:322) ~[evosuite-client-1.0.4-SNAPSHOT.jar:na]
	at org.evosuite.testcase.TestFitnessFunction.runTest(TestFitnessFunction.java:91) [evosuite-client-1.0.4-SNAPSHOT.jar:na]
	at org.evosuite.testcase.TestFitnessFunction.getFitness(TestFitnessFunction.java:60) [evosuite-client-1.0.4-SNAPSHOT.jar:na]
	at org.evosuite.testcase.TestFitnessFunction.getFitness(TestFitnessFunction.java:34) [evosuite-client-1.0.4-SNAPSHOT.jar:na]
	at org.evosuite.ga.metaheuristics.art.AdaptiveRandomSearch.calculateFitness(AdaptiveRandomSearch.java:312) [evosuite-client-1.0.4-SNAPSHOT.jar:na]
	at org.evosuite.ga.metaheuristics.art.AdaptiveRandomSearch.evolve(AdaptiveRandomSearch.java:139) [evosuite-client-1.0.4-SNAPSHOT.jar:na]
	at org.evosuite.ga.metaheuristics.art.AdaptiveRandomSearch.generateSolution(AdaptiveRandomSearch.java:270) [evosuite-client-1.0.4-SNAPSHOT.jar:na]
	at org.evosuite.strategy.AdaptiveRandomTestStrategy.generateTests(AdaptiveRandomTestStrategy.java:118) [evosuite-client-1.0.4-SNAPSHOT.jar:na]
	at org.evosuite.TestSuiteGenerator.generateTests(TestSuiteGenerator.java:654) [evosuite-client-1.0.4-SNAPSHOT.jar:na]
	at org.evosuite.TestSuiteGenerator.generateTestSuite(TestSuiteGenerator.java:213) [evosuite-client-1.0.4-SNAPSHOT.jar:na]
	at org.evosuite.rmi.service.ClientNodeImpl$1.run(ClientNodeImpl.java:145) [evosuite-client-1.0.4-SNAPSHOT.jar:na]
	at java.util.concurrent.Executors$RunnableAdapter.call(Executors.java:511) [na:1.8.0_265]
	at java.util.concurrent.FutureTask.run(FutureTask.java:266) [na:1.8.0_265]
	at java.util.concurrent.ThreadPoolExecutor.runWorker(ThreadPoolExecutor.java:1149) [na:1.8.0_265]
	at java.util.concurrent.ThreadPoolExecutor$Worker.run(ThreadPoolExecutor.java:624) [na:1.8.0_265]
	at java.lang.Thread.run(Thread.java:748) [na:1.8.0_265]
Aug 14, 2020 8:30:08 AM org.openqa.selenium.remote.ProtocolHandshake createSession
[MASTER] 16:30:08.752 [Thread-3] ERROR ExternalProcessHandler - Aug 14, 2020 8:30:08 AM org.openqa.selenium.remote.ProtocolHandshake createSession

INFO: Detected dialect: OSS
[MASTER] 16:30:08.752 [Thread-3] ERROR ExternalProcessHandler - INFO: Detected dialect: OSS

Aug 14, 2020 8:30:09 AM org.openqa.selenium.remote.ProtocolHandshake createSession
[MASTER] 16:30:09.725 [Thread-3] ERROR ExternalProcessHandler - Aug 14, 2020 8:30:09 AM org.openqa.selenium.remote.ProtocolHandshake createSession

INFO: Detected dialect: OSS
[MASTER] 16:30:09.725 [Thread-3] ERROR ExternalProcessHandler - INFO: Detected dialect: OSS

Aug 14, 2020 8:30:10 AM org.openqa.selenium.remote.ProtocolHandshake createSession
[MASTER] 16:30:10.686 [Thread-3] ERROR ExternalProcessHandler - Aug 14, 2020 8:30:10 AM org.openqa.selenium.remote.ProtocolHandshake createSession

INFO: Detected dialect: OSS
[MASTER] 16:30:10.686 [Thread-3] ERROR ExternalProcessHandler - INFO: Detected dialect: OSS

Aug 14, 2020 8:30:13 AM org.openqa.selenium.remote.ProtocolHandshake createSession
[MASTER] 16:30:13.888 [Thread-3] ERROR ExternalProcessHandler - Aug 14, 2020 8:30:13 AM org.openqa.selenium.remote.ProtocolHandshake createSession

INFO: Detected dialect: OSS
[MASTER] 16:30:13.888 [Thread-3] ERROR ExternalProcessHandler - INFO: Detected dialect: OSS

Aug 14, 2020 8:30:14 AM org.openqa.selenium.remote.ProtocolHandshake createSession
[MASTER] 16:30:14.965 [Thread-3] ERROR ExternalProcessHandler - Aug 14, 2020 8:30:14 AM org.openqa.selenium.remote.ProtocolHandshake createSession

INFO: Detected dialect: OSS
[MASTER] 16:30:14.965 [Thread-3] ERROR ExternalProcessHandler - INFO: Detected dialect: OSS

Aug 14, 2020 8:30:18 AM po_utils.PageObjectLogging logInfo
[MASTER] 16:30:18.524 [Thread-3] ERROR ExternalProcessHandler - Aug 14, 2020 8:30:18 AM po_utils.PageObjectLogging logInfo

INFO: waitForElementBeingPresentOnPage timeout exception: unable to locate the element By.xpath: //button[text()="Create a new session"]
[MASTER] 16:30:18.525 [Thread-3] ERROR ExternalProcessHandler - INFO: waitForElementBeingPresentOnPage timeout exception: unable to locate the element By.xpath: //button[text()="Create a new session"]


[MASTER] 16:30:18.525 [Thread-3] ERROR ExternalProcessHandler - 


[MASTER] 16:30:18.525 [Thread-3] ERROR ExternalProcessHandler - 

Aug 14, 2020 8:30:20 AM org.openqa.selenium.remote.ProtocolHandshake createSession
[MASTER] 16:30:20.504 [Thread-3] ERROR ExternalProcessHandler - Aug 14, 2020 8:30:20 AM org.openqa.selenium.remote.ProtocolHandshake createSession

INFO: Detected dialect: OSS
[MASTER] 16:30:20.504 [Thread-3] ERROR ExternalProcessHandler - INFO: Detected dialect: OSS

Aug 14, 2020 8:30:28 AM po_utils.PageObjectLogging logInfo
[MASTER] 16:30:28.953 [Thread-3] ERROR ExternalProcessHandler - Aug 14, 2020 8:30:28 AM po_utils.PageObjectLogging logInfo

INFO: waitForElementBeingPresentOnPage timeout exception: unable to locate the element By.xpath: //button[text()="Create a new session"]
[MASTER] 16:30:28.954 [Thread-3] ERROR ExternalProcessHandler - INFO: waitForElementBeingPresentOnPage timeout exception: unable to locate the element By.xpath: //button[text()="Create a new session"]


[MASTER] 16:30:28.954 [Thread-3] ERROR ExternalProcessHandler - 


[MASTER] 16:30:28.954 [Thread-3] ERROR ExternalProcessHandler - 

Aug 14, 2020 8:30:32 AM org.openqa.selenium.remote.ProtocolHandshake createSession
[MASTER] 16:30:32.254 [Thread-3] ERROR ExternalProcessHandler - Aug 14, 2020 8:30:32 AM org.openqa.selenium.remote.ProtocolHandshake createSession

INFO: Detected dialect: OSS
[MASTER] 16:30:32.254 [Thread-3] ERROR ExternalProcessHandler - INFO: Detected dialect: OSS

Aug 14, 2020 8:30:45 AM po_utils.PageObjectLogging logInfo
[MASTER] 16:30:45.289 [Thread-3] ERROR ExternalProcessHandler - Aug 14, 2020 8:30:45 AM po_utils.PageObjectLogging logInfo

INFO: waitForElementBeingPresentOnPage timeout exception: unable to locate the element By.xpath: //button[text()="Create a new session"]
[MASTER] 16:30:45.290 [Thread-3] ERROR ExternalProcessHandler - INFO: waitForElementBeingPresentOnPage timeout exception: unable to locate the element By.xpath: //button[text()="Create a new session"]


[MASTER] 16:30:45.290 [Thread-3] ERROR ExternalProcessHandler - 


[MASTER] 16:30:45.290 [Thread-3] ERROR ExternalProcessHandler - 

Aug 14, 2020 8:30:49 AM org.openqa.selenium.remote.ProtocolHandshake createSession
[MASTER] 16:30:49.914 [Thread-3] ERROR ExternalProcessHandler - Aug 14, 2020 8:30:49 AM org.openqa.selenium.remote.ProtocolHandshake createSession

INFO: Detected dialect: OSS
[MASTER] 16:30:49.914 [Thread-3] ERROR ExternalProcessHandler - INFO: Detected dialect: OSS

Aug 14, 2020 8:31:07 AM po_utils.PageObjectLogging logInfo
[MASTER] 16:31:07.502 [Thread-3] ERROR ExternalProcessHandler - Aug 14, 2020 8:31:07 AM po_utils.PageObjectLogging logInfo

INFO: waitForElementBeingPresentOnPage timeout exception: unable to locate the element By.xpath: //button[text()="Create a new session"]
[MASTER] 16:31:07.503 [Thread-3] ERROR ExternalProcessHandler - INFO: waitForElementBeingPresentOnPage timeout exception: unable to locate the element By.xpath: //button[text()="Create a new session"]


[MASTER] 16:31:07.503 [Thread-3] ERROR ExternalProcessHandler - 


[MASTER] 16:31:07.503 [Thread-3] ERROR ExternalProcessHandler - 

[MASTER] 16:31:13.377 [logback-2] ERROR TestCaseExecutor - TG: Exception caught: 
java.lang.IllegalStateException: Test generation failed: page object bug.
	at org.evosuite.testcase.execution.TestCaseExecutor.runTest(TestCaseExecutor.java:322) ~[evosuite-client-1.0.4-SNAPSHOT.jar:na]
	at org.evosuite.testcase.TestFitnessFunction.runTest(TestFitnessFunction.java:91) [evosuite-client-1.0.4-SNAPSHOT.jar:na]
	at org.evosuite.testcase.TestFitnessFunction.getFitness(TestFitnessFunction.java:60) [evosuite-client-1.0.4-SNAPSHOT.jar:na]
	at org.evosuite.testcase.TestFitnessFunction.getFitness(TestFitnessFunction.java:34) [evosuite-client-1.0.4-SNAPSHOT.jar:na]
	at org.evosuite.ga.metaheuristics.art.AdaptiveRandomSearch.calculateFitness(AdaptiveRandomSearch.java:312) [evosuite-client-1.0.4-SNAPSHOT.jar:na]
	at org.evosuite.ga.metaheuristics.art.AdaptiveRandomSearch.evolve(AdaptiveRandomSearch.java:139) [evosuite-client-1.0.4-SNAPSHOT.jar:na]
	at org.evosuite.ga.metaheuristics.art.AdaptiveRandomSearch.generateSolution(AdaptiveRandomSearch.java:270) [evosuite-client-1.0.4-SNAPSHOT.jar:na]
	at org.evosuite.strategy.AdaptiveRandomTestStrategy.generateTests(AdaptiveRandomTestStrategy.java:118) [evosuite-client-1.0.4-SNAPSHOT.jar:na]
	at org.evosuite.TestSuiteGenerator.generateTests(TestSuiteGenerator.java:654) [evosuite-client-1.0.4-SNAPSHOT.jar:na]
	at org.evosuite.TestSuiteGenerator.generateTestSuite(TestSuiteGenerator.java:213) [evosuite-client-1.0.4-SNAPSHOT.jar:na]
	at org.evosuite.rmi.service.ClientNodeImpl$1.run(ClientNodeImpl.java:145) [evosuite-client-1.0.4-SNAPSHOT.jar:na]
	at java.util.concurrent.Executors$RunnableAdapter.call(Executors.java:511) [na:1.8.0_265]
	at java.util.concurrent.FutureTask.run(FutureTask.java:266) [na:1.8.0_265]
	at java.util.concurrent.ThreadPoolExecutor.runWorker(ThreadPoolExecutor.java:1149) [na:1.8.0_265]
	at java.util.concurrent.ThreadPoolExecutor$Worker.run(ThreadPoolExecutor.java:624) [na:1.8.0_265]
	at java.lang.Thread.run(Thread.java:748) [na:1.8.0_265]
Aug 14, 2020 8:31:13 AM org.openqa.selenium.remote.ProtocolHandshake createSession
[MASTER] 16:31:13.608 [Thread-3] ERROR ExternalProcessHandler - Aug 14, 2020 8:31:13 AM org.openqa.selenium.remote.ProtocolHandshake createSession

INFO: Detected dialect: OSS
[MASTER] 16:31:13.608 [Thread-3] ERROR ExternalProcessHandler - INFO: Detected dialect: OSS

Aug 14, 2020 8:31:14 AM org.openqa.selenium.remote.ProtocolHandshake createSession
[MASTER] 16:31:14.722 [Thread-3] ERROR ExternalProcessHandler - Aug 14, 2020 8:31:14 AM org.openqa.selenium.remote.ProtocolHandshake createSession

INFO: Detected dialect: OSS
[MASTER] 16:31:14.722 [Thread-3] ERROR ExternalProcessHandler - INFO: Detected dialect: OSS

Aug 14, 2020 8:31:15 AM org.openqa.selenium.remote.ProtocolHandshake createSession
[MASTER] 16:31:15.612 [Thread-3] ERROR ExternalProcessHandler - Aug 14, 2020 8:31:15 AM org.openqa.selenium.remote.ProtocolHandshake createSession

INFO: Detected dialect: OSS
[MASTER] 16:31:15.612 [Thread-3] ERROR ExternalProcessHandler - INFO: Detected dialect: OSS

Aug 14, 2020 8:31:17 AM po_utils.PageObjectLogging logInfo
[MASTER] 16:31:17.380 [Thread-3] ERROR ExternalProcessHandler - Aug 14, 2020 8:31:17 AM po_utils.PageObjectLogging logInfo

INFO: waitForElementBeingPresentOnPage timeout exception: unable to locate the element By.xpath: //button[text()="Create a new session"]
[MASTER] 16:31:17.381 [Thread-3] ERROR ExternalProcessHandler - INFO: waitForElementBeingPresentOnPage timeout exception: unable to locate the element By.xpath: //button[text()="Create a new session"]


[MASTER] 16:31:17.381 [Thread-3] ERROR ExternalProcessHandler - 


[MASTER] 16:31:17.381 [Thread-3] ERROR ExternalProcessHandler - 

Aug 14, 2020 8:31:18 AM org.openqa.selenium.remote.ProtocolHandshake createSession
[MASTER] 16:31:18.338 [Thread-3] ERROR ExternalProcessHandler - Aug 14, 2020 8:31:18 AM org.openqa.selenium.remote.ProtocolHandshake createSession

INFO: Detected dialect: OSS
[MASTER] 16:31:18.338 [Thread-3] ERROR ExternalProcessHandler - INFO: Detected dialect: OSS

Aug 14, 2020 8:31:19 AM org.openqa.selenium.remote.ProtocolHandshake createSession
[MASTER] 16:31:19.942 [Thread-3] ERROR ExternalProcessHandler - Aug 14, 2020 8:31:19 AM org.openqa.selenium.remote.ProtocolHandshake createSession

INFO: Detected dialect: OSS
[MASTER] 16:31:19.942 [Thread-3] ERROR ExternalProcessHandler - INFO: Detected dialect: OSS

Aug 14, 2020 8:31:21 AM org.openqa.selenium.remote.ProtocolHandshake createSession
[MASTER] 16:31:21.381 [Thread-3] ERROR ExternalProcessHandler - Aug 14, 2020 8:31:21 AM org.openqa.selenium.remote.ProtocolHandshake createSession

INFO: Detected dialect: OSS
[MASTER] 16:31:21.381 [Thread-3] ERROR ExternalProcessHandler - INFO: Detected dialect: OSS

Aug 14, 2020 8:31:23 AM org.openqa.selenium.remote.ProtocolHandshake createSession
[MASTER] 16:31:23.683 [Thread-3] ERROR ExternalProcessHandler - Aug 14, 2020 8:31:23 AM org.openqa.selenium.remote.ProtocolHandshake createSession

INFO: Detected dialect: OSS
[MASTER] 16:31:23.683 [Thread-3] ERROR ExternalProcessHandler - INFO: Detected dialect: OSS

Aug 14, 2020 8:31:32 AM org.openqa.selenium.remote.ProtocolHandshake createSession
[MASTER] 16:31:32.227 [Thread-3] ERROR ExternalProcessHandler - Aug 14, 2020 8:31:32 AM org.openqa.selenium.remote.ProtocolHandshake createSession

INFO: Detected dialect: OSS
[MASTER] 16:31:32.228 [Thread-3] ERROR ExternalProcessHandler - INFO: Detected dialect: OSS

Aug 14, 2020 8:31:46 AM org.openqa.selenium.remote.ProtocolHandshake createSession
[MASTER] 16:31:46.770 [Thread-3] ERROR ExternalProcessHandler - Aug 14, 2020 8:31:46 AM org.openqa.selenium.remote.ProtocolHandshake createSession

INFO: Detected dialect: OSS
[MASTER] 16:31:46.771 [Thread-3] ERROR ExternalProcessHandler - INFO: Detected dialect: OSS

[MASTER] 16:32:07.110 [logback-2] ERROR TestCaseExecutor - TG: Exception caught: 
java.lang.IllegalStateException: Test generation failed: page object bug.
	at org.evosuite.testcase.execution.TestCaseExecutor.runTest(TestCaseExecutor.java:322) ~[evosuite-client-1.0.4-SNAPSHOT.jar:na]
	at org.evosuite.testcase.TestFitnessFunction.runTest(TestFitnessFunction.java:91) [evosuite-client-1.0.4-SNAPSHOT.jar:na]
	at org.evosuite.testcase.TestFitnessFunction.getFitness(TestFitnessFunction.java:60) [evosuite-client-1.0.4-SNAPSHOT.jar:na]
	at org.evosuite.testcase.TestFitnessFunction.getFitness(TestFitnessFunction.java:34) [evosuite-client-1.0.4-SNAPSHOT.jar:na]
	at org.evosuite.ga.metaheuristics.art.AdaptiveRandomSearch.calculateFitness(AdaptiveRandomSearch.java:312) [evosuite-client-1.0.4-SNAPSHOT.jar:na]
	at org.evosuite.ga.metaheuristics.art.AdaptiveRandomSearch.evolve(AdaptiveRandomSearch.java:139) [evosuite-client-1.0.4-SNAPSHOT.jar:na]
	at org.evosuite.ga.metaheuristics.art.AdaptiveRandomSearch.generateSolution(AdaptiveRandomSearch.java:270) [evosuite-client-1.0.4-SNAPSHOT.jar:na]
	at org.evosuite.strategy.AdaptiveRandomTestStrategy.generateTests(AdaptiveRandomTestStrategy.java:118) [evosuite-client-1.0.4-SNAPSHOT.jar:na]
	at org.evosuite.TestSuiteGenerator.generateTests(TestSuiteGenerator.java:654) [evosuite-client-1.0.4-SNAPSHOT.jar:na]
	at org.evosuite.TestSuiteGenerator.generateTestSuite(TestSuiteGenerator.java:213) [evosuite-client-1.0.4-SNAPSHOT.jar:na]
	at org.evosuite.rmi.service.ClientNodeImpl$1.run(ClientNodeImpl.java:145) [evosuite-client-1.0.4-SNAPSHOT.jar:na]
	at java.util.concurrent.Executors$RunnableAdapter.call(Executors.java:511) [na:1.8.0_265]
	at java.util.concurrent.FutureTask.run(FutureTask.java:266) [na:1.8.0_265]
	at java.util.concurrent.ThreadPoolExecutor.runWorker(ThreadPoolExecutor.java:1149) [na:1.8.0_265]
	at java.util.concurrent.ThreadPoolExecutor$Worker.run(ThreadPoolExecutor.java:624) [na:1.8.0_265]
	at java.lang.Thread.run(Thread.java:748) [na:1.8.0_265]
Aug 14, 2020 8:32:07 AM org.openqa.selenium.remote.ProtocolHandshake createSession
[MASTER] 16:32:07.323 [Thread-3] ERROR ExternalProcessHandler - Aug 14, 2020 8:32:07 AM org.openqa.selenium.remote.ProtocolHandshake createSession

INFO: Detected dialect: OSS
[MASTER] 16:32:07.324 [Thread-3] ERROR ExternalProcessHandler - INFO: Detected dialect: OSS

Aug 14, 2020 8:32:08 AM org.openqa.selenium.remote.ProtocolHandshake createSession
[MASTER] 16:32:08.794 [Thread-3] ERROR ExternalProcessHandler - Aug 14, 2020 8:32:08 AM org.openqa.selenium.remote.ProtocolHandshake createSession

INFO: Detected dialect: OSS
[MASTER] 16:32:08.794 [Thread-3] ERROR ExternalProcessHandler - INFO: Detected dialect: OSS

Aug 14, 2020 8:32:09 AM org.openqa.selenium.remote.ProtocolHandshake createSession
[MASTER] 16:32:09.707 [Thread-3] ERROR ExternalProcessHandler - Aug 14, 2020 8:32:09 AM org.openqa.selenium.remote.ProtocolHandshake createSession

INFO: Detected dialect: OSS
[MASTER] 16:32:09.707 [Thread-3] ERROR ExternalProcessHandler - INFO: Detected dialect: OSS

Aug 14, 2020 8:32:10 AM org.openqa.selenium.remote.ProtocolHandshake createSession
[MASTER] 16:32:10.684 [Thread-3] ERROR ExternalProcessHandler - Aug 14, 2020 8:32:10 AM org.openqa.selenium.remote.ProtocolHandshake createSession

INFO: Detected dialect: OSS
[MASTER] 16:32:10.684 [Thread-3] ERROR ExternalProcessHandler - INFO: Detected dialect: OSS

Aug 14, 2020 8:32:13 AM org.openqa.selenium.remote.ProtocolHandshake createSession
[MASTER] 16:32:13.573 [Thread-3] ERROR ExternalProcessHandler - Aug 14, 2020 8:32:13 AM org.openqa.selenium.remote.ProtocolHandshake createSession

INFO: Detected dialect: OSS
[MASTER] 16:32:13.573 [Thread-3] ERROR ExternalProcessHandler - INFO: Detected dialect: OSS

Aug 14, 2020 8:32:22 AM org.openqa.selenium.remote.ProtocolHandshake createSession
[MASTER] 16:32:22.636 [Thread-3] ERROR ExternalProcessHandler - Aug 14, 2020 8:32:22 AM org.openqa.selenium.remote.ProtocolHandshake createSession

INFO: Detected dialect: OSS
[MASTER] 16:32:22.636 [Thread-3] ERROR ExternalProcessHandler - INFO: Detected dialect: OSS

Aug 14, 2020 8:32:37 AM org.openqa.selenium.remote.ProtocolHandshake createSession
[MASTER] 16:32:37.958 [Thread-3] ERROR ExternalProcessHandler - Aug 14, 2020 8:32:37 AM org.openqa.selenium.remote.ProtocolHandshake createSession

INFO: Detected dialect: OSS
[MASTER] 16:32:37.958 [Thread-3] ERROR ExternalProcessHandler - INFO: Detected dialect: OSS

[MASTER] 16:32:59.258 [logback-2] ERROR TestCaseExecutor - TG: Exception caught: 
java.lang.IllegalStateException: Test generation failed: page object bug.
	at org.evosuite.testcase.execution.TestCaseExecutor.runTest(TestCaseExecutor.java:322) ~[evosuite-client-1.0.4-SNAPSHOT.jar:na]
	at org.evosuite.testcase.TestFitnessFunction.runTest(TestFitnessFunction.java:91) [evosuite-client-1.0.4-SNAPSHOT.jar:na]
	at org.evosuite.testcase.TestFitnessFunction.getFitness(TestFitnessFunction.java:60) [evosuite-client-1.0.4-SNAPSHOT.jar:na]
	at org.evosuite.testcase.TestFitnessFunction.getFitness(TestFitnessFunction.java:34) [evosuite-client-1.0.4-SNAPSHOT.jar:na]
	at org.evosuite.ga.metaheuristics.art.AdaptiveRandomSearch.calculateFitness(AdaptiveRandomSearch.java:312) [evosuite-client-1.0.4-SNAPSHOT.jar:na]
	at org.evosuite.ga.metaheuristics.art.AdaptiveRandomSearch.evolve(AdaptiveRandomSearch.java:139) [evosuite-client-1.0.4-SNAPSHOT.jar:na]
	at org.evosuite.ga.metaheuristics.art.AdaptiveRandomSearch.generateSolution(AdaptiveRandomSearch.java:270) [evosuite-client-1.0.4-SNAPSHOT.jar:na]
	at org.evosuite.strategy.AdaptiveRandomTestStrategy.generateTests(AdaptiveRandomTestStrategy.java:118) [evosuite-client-1.0.4-SNAPSHOT.jar:na]
	at org.evosuite.TestSuiteGenerator.generateTests(TestSuiteGenerator.java:654) [evosuite-client-1.0.4-SNAPSHOT.jar:na]
	at org.evosuite.TestSuiteGenerator.generateTestSuite(TestSuiteGenerator.java:213) [evosuite-client-1.0.4-SNAPSHOT.jar:na]
	at org.evosuite.rmi.service.ClientNodeImpl$1.run(ClientNodeImpl.java:145) [evosuite-client-1.0.4-SNAPSHOT.jar:na]
	at java.util.concurrent.Executors$RunnableAdapter.call(Executors.java:511) [na:1.8.0_265]
	at java.util.concurrent.FutureTask.run(FutureTask.java:266) [na:1.8.0_265]
	at java.util.concurrent.ThreadPoolExecutor.runWorker(ThreadPoolExecutor.java:1149) [na:1.8.0_265]
	at java.util.concurrent.ThreadPoolExecutor$Worker.run(ThreadPoolExecutor.java:624) [na:1.8.0_265]
	at java.lang.Thread.run(Thread.java:748) [na:1.8.0_265]
Aug 14, 2020 8:32:59 AM org.openqa.selenium.remote.ProtocolHandshake createSession
[MASTER] 16:32:59.479 [Thread-3] ERROR ExternalProcessHandler - Aug 14, 2020 8:32:59 AM org.openqa.selenium.remote.ProtocolHandshake createSession

INFO: Detected dialect: OSS
[MASTER] 16:32:59.480 [Thread-3] ERROR ExternalProcessHandler - INFO: Detected dialect: OSS

Aug 14, 2020 8:33:02 AM org.openqa.selenium.remote.ProtocolHandshake createSession
[MASTER] 16:33:02.800 [Thread-3] ERROR ExternalProcessHandler - Aug 14, 2020 8:33:02 AM org.openqa.selenium.remote.ProtocolHandshake createSession

INFO: Detected dialect: OSS
[MASTER] 16:33:02.800 [Thread-3] ERROR ExternalProcessHandler - INFO: Detected dialect: OSS

Aug 14, 2020 8:33:04 AM org.openqa.selenium.remote.ProtocolHandshake createSession
[MASTER] 16:33:04.695 [Thread-3] ERROR ExternalProcessHandler - Aug 14, 2020 8:33:04 AM org.openqa.selenium.remote.ProtocolHandshake createSession

INFO: Detected dialect: OSS
[MASTER] 16:33:04.695 [Thread-3] ERROR ExternalProcessHandler - INFO: Detected dialect: OSS

Aug 14, 2020 8:33:12 AM org.openqa.selenium.remote.ProtocolHandshake createSession
[MASTER] 16:33:12.894 [Thread-3] ERROR ExternalProcessHandler - Aug 14, 2020 8:33:12 AM org.openqa.selenium.remote.ProtocolHandshake createSession

INFO: Detected dialect: OSS
[MASTER] 16:33:12.894 [Thread-3] ERROR ExternalProcessHandler - INFO: Detected dialect: OSS

Aug 14, 2020 8:33:14 AM po_utils.PageObjectLogging logInfo
[MASTER] 16:33:14.029 [Thread-3] ERROR ExternalProcessHandler - Aug 14, 2020 8:33:14 AM po_utils.PageObjectLogging logInfo

INFO: waitForElementBeingPresentOnPage timeout exception: unable to locate the element By.xpath: //button[text()="Create a new session"]
[MASTER] 16:33:14.029 [Thread-3] ERROR ExternalProcessHandler - INFO: waitForElementBeingPresentOnPage timeout exception: unable to locate the element By.xpath: //button[text()="Create a new session"]


[MASTER] 16:33:14.029 [Thread-3] ERROR ExternalProcessHandler - 


[MASTER] 16:33:14.029 [Thread-3] ERROR ExternalProcessHandler - 

Aug 14, 2020 8:33:15 AM po_utils.PageObjectLogging logInfo
[MASTER] 16:33:15.999 [Thread-3] ERROR ExternalProcessHandler - Aug 14, 2020 8:33:15 AM po_utils.PageObjectLogging logInfo

INFO: waitForElementBeingPresentOnPage timeout exception: unable to locate the element By.xpath: //button[text()="Create a new session"]
[MASTER] 16:33:16.000 [Thread-3] ERROR ExternalProcessHandler - INFO: waitForElementBeingPresentOnPage timeout exception: unable to locate the element By.xpath: //button[text()="Create a new session"]


[MASTER] 16:33:16.000 [Thread-3] ERROR ExternalProcessHandler - 


[MASTER] 16:33:16.000 [Thread-3] ERROR ExternalProcessHandler - 

Aug 14, 2020 8:33:16 AM org.openqa.selenium.remote.ProtocolHandshake createSession
[MASTER] 16:33:16.927 [Thread-3] ERROR ExternalProcessHandler - Aug 14, 2020 8:33:16 AM org.openqa.selenium.remote.ProtocolHandshake createSession

INFO: Detected dialect: OSS
[MASTER] 16:33:16.927 [Thread-3] ERROR ExternalProcessHandler - INFO: Detected dialect: OSS

Aug 14, 2020 8:33:21 AM po_utils.PageObjectLogging logInfo
[MASTER] 16:33:21.239 [Thread-3] ERROR ExternalProcessHandler - Aug 14, 2020 8:33:21 AM po_utils.PageObjectLogging logInfo

INFO: waitForElementBeingPresentOnPage timeout exception: unable to locate the element By.xpath: //button[text()="Create a new session"]
[MASTER] 16:33:21.240 [Thread-3] ERROR ExternalProcessHandler - INFO: waitForElementBeingPresentOnPage timeout exception: unable to locate the element By.xpath: //button[text()="Create a new session"]


[MASTER] 16:33:21.240 [Thread-3] ERROR ExternalProcessHandler - 


[MASTER] 16:33:21.240 [Thread-3] ERROR ExternalProcessHandler - 

Aug 14, 2020 8:33:25 AM po_utils.PageObjectLogging logInfo
[MASTER] 16:33:25.291 [Thread-3] ERROR ExternalProcessHandler - Aug 14, 2020 8:33:25 AM po_utils.PageObjectLogging logInfo

INFO: waitForElementBeingPresentOnPage timeout exception: unable to locate the element By.xpath: //button[text()="Create a new session"]
[MASTER] 16:33:25.292 [Thread-3] ERROR ExternalProcessHandler - INFO: waitForElementBeingPresentOnPage timeout exception: unable to locate the element By.xpath: //button[text()="Create a new session"]


[MASTER] 16:33:25.292 [Thread-3] ERROR ExternalProcessHandler - 


[MASTER] 16:33:25.292 [Thread-3] ERROR ExternalProcessHandler - 

Aug 14, 2020 8:33:27 AM org.openqa.selenium.remote.ProtocolHandshake createSession
[MASTER] 16:33:27.461 [Thread-3] ERROR ExternalProcessHandler - Aug 14, 2020 8:33:27 AM org.openqa.selenium.remote.ProtocolHandshake createSession

INFO: Detected dialect: OSS
[MASTER] 16:33:27.461 [Thread-3] ERROR ExternalProcessHandler - INFO: Detected dialect: OSS

Aug 14, 2020 8:33:34 AM po_utils.PageObjectLogging logInfo
[MASTER] 16:33:34.743 [Thread-3] ERROR ExternalProcessHandler - Aug 14, 2020 8:33:34 AM po_utils.PageObjectLogging logInfo

INFO: waitForElementBeingPresentOnPage timeout exception: unable to locate the element By.xpath: //button[text()="Create a new session"]
[MASTER] 16:33:34.744 [Thread-3] ERROR ExternalProcessHandler - INFO: waitForElementBeingPresentOnPage timeout exception: unable to locate the element By.xpath: //button[text()="Create a new session"]


[MASTER] 16:33:34.744 [Thread-3] ERROR ExternalProcessHandler - 


[MASTER] 16:33:34.744 [Thread-3] ERROR ExternalProcessHandler - 

Aug 14, 2020 8:33:40 AM po_utils.PageObjectLogging logInfo
[MASTER] 16:33:40.949 [Thread-3] ERROR ExternalProcessHandler - Aug 14, 2020 8:33:40 AM po_utils.PageObjectLogging logInfo

INFO: waitForElementBeingPresentOnPage timeout exception: unable to locate the element By.xpath: //button[text()="Create a new session"]
[MASTER] 16:33:40.950 [Thread-3] ERROR ExternalProcessHandler - INFO: waitForElementBeingPresentOnPage timeout exception: unable to locate the element By.xpath: //button[text()="Create a new session"]


[MASTER] 16:33:40.950 [Thread-3] ERROR ExternalProcessHandler - 


[MASTER] 16:33:40.950 [Thread-3] ERROR ExternalProcessHandler - 

Aug 14, 2020 8:33:44 AM org.openqa.selenium.remote.ProtocolHandshake createSession
[MASTER] 16:33:44.306 [Thread-3] ERROR ExternalProcessHandler - Aug 14, 2020 8:33:44 AM org.openqa.selenium.remote.ProtocolHandshake createSession

INFO: Detected dialect: OSS
[MASTER] 16:33:44.306 [Thread-3] ERROR ExternalProcessHandler - INFO: Detected dialect: OSS

Aug 14, 2020 8:33:54 AM po_utils.PageObjectLogging logInfo
[MASTER] 16:33:54.590 [Thread-3] ERROR ExternalProcessHandler - Aug 14, 2020 8:33:54 AM po_utils.PageObjectLogging logInfo

INFO: waitForElementBeingPresentOnPage timeout exception: unable to locate the element By.xpath: //button[text()="Create a new session"]
[MASTER] 16:33:54.590 [Thread-3] ERROR ExternalProcessHandler - INFO: waitForElementBeingPresentOnPage timeout exception: unable to locate the element By.xpath: //button[text()="Create a new session"]


[MASTER] 16:33:54.590 [Thread-3] ERROR ExternalProcessHandler - 


[MASTER] 16:33:54.590 [Thread-3] ERROR ExternalProcessHandler - 

Aug 14, 2020 8:34:02 AM po_utils.PageObjectLogging logInfo
[MASTER] 16:34:02.838 [Thread-3] ERROR ExternalProcessHandler - Aug 14, 2020 8:34:02 AM po_utils.PageObjectLogging logInfo

INFO: waitForElementBeingPresentOnPage timeout exception: unable to locate the element By.xpath: //button[text()="Create a new session"]
[MASTER] 16:34:02.839 [Thread-3] ERROR ExternalProcessHandler - INFO: waitForElementBeingPresentOnPage timeout exception: unable to locate the element By.xpath: //button[text()="Create a new session"]


[MASTER] 16:34:02.839 [Thread-3] ERROR ExternalProcessHandler - 


[MASTER] 16:34:02.839 [Thread-3] ERROR ExternalProcessHandler - 

[MASTER] 16:34:07.300 [logback-2] ERROR TestCaseExecutor - TG: Exception caught: 
java.lang.IllegalStateException: Test generation failed: page object bug.
	at org.evosuite.testcase.execution.TestCaseExecutor.runTest(TestCaseExecutor.java:322) ~[evosuite-client-1.0.4-SNAPSHOT.jar:na]
	at org.evosuite.testcase.TestFitnessFunction.runTest(TestFitnessFunction.java:91) [evosuite-client-1.0.4-SNAPSHOT.jar:na]
	at org.evosuite.testcase.TestFitnessFunction.getFitness(TestFitnessFunction.java:60) [evosuite-client-1.0.4-SNAPSHOT.jar:na]
	at org.evosuite.testcase.TestFitnessFunction.getFitness(TestFitnessFunction.java:34) [evosuite-client-1.0.4-SNAPSHOT.jar:na]
	at org.evosuite.ga.metaheuristics.art.AdaptiveRandomSearch.calculateFitness(AdaptiveRandomSearch.java:312) [evosuite-client-1.0.4-SNAPSHOT.jar:na]
	at org.evosuite.ga.metaheuristics.art.AdaptiveRandomSearch.evolve(AdaptiveRandomSearch.java:139) [evosuite-client-1.0.4-SNAPSHOT.jar:na]
	at org.evosuite.ga.metaheuristics.art.AdaptiveRandomSearch.generateSolution(AdaptiveRandomSearch.java:270) [evosuite-client-1.0.4-SNAPSHOT.jar:na]
	at org.evosuite.strategy.AdaptiveRandomTestStrategy.generateTests(AdaptiveRandomTestStrategy.java:118) [evosuite-client-1.0.4-SNAPSHOT.jar:na]
	at org.evosuite.TestSuiteGenerator.generateTests(TestSuiteGenerator.java:654) [evosuite-client-1.0.4-SNAPSHOT.jar:na]
	at org.evosuite.TestSuiteGenerator.generateTestSuite(TestSuiteGenerator.java:213) [evosuite-client-1.0.4-SNAPSHOT.jar:na]
	at org.evosuite.rmi.service.ClientNodeImpl$1.run(ClientNodeImpl.java:145) [evosuite-client-1.0.4-SNAPSHOT.jar:na]
	at java.util.concurrent.Executors$RunnableAdapter.call(Executors.java:511) [na:1.8.0_265]
	at java.util.concurrent.FutureTask.run(FutureTask.java:266) [na:1.8.0_265]
	at java.util.concurrent.ThreadPoolExecutor.runWorker(ThreadPoolExecutor.java:1149) [na:1.8.0_265]
	at java.util.concurrent.ThreadPoolExecutor$Worker.run(ThreadPoolExecutor.java:624) [na:1.8.0_265]
	at java.lang.Thread.run(Thread.java:748) [na:1.8.0_265]
Aug 14, 2020 8:34:07 AM org.openqa.selenium.remote.ProtocolHandshake createSession
[MASTER] 16:34:07.532 [Thread-3] ERROR ExternalProcessHandler - Aug 14, 2020 8:34:07 AM org.openqa.selenium.remote.ProtocolHandshake createSession

INFO: Detected dialect: OSS
[MASTER] 16:34:07.532 [Thread-3] ERROR ExternalProcessHandler - INFO: Detected dialect: OSS

Aug 14, 2020 8:34:08 AM org.openqa.selenium.remote.ProtocolHandshake createSession
[MASTER] 16:34:08.694 [Thread-3] ERROR ExternalProcessHandler - Aug 14, 2020 8:34:08 AM org.openqa.selenium.remote.ProtocolHandshake createSession

INFO: Detected dialect: OSS
[MASTER] 16:34:08.694 [Thread-3] ERROR ExternalProcessHandler - INFO: Detected dialect: OSS

Aug 14, 2020 8:34:10 AM org.openqa.selenium.remote.ProtocolHandshake createSession
[MASTER] 16:34:10.538 [Thread-3] ERROR ExternalProcessHandler - Aug 14, 2020 8:34:10 AM org.openqa.selenium.remote.ProtocolHandshake createSession

INFO: Detected dialect: OSS
[MASTER] 16:34:10.538 [Thread-3] ERROR ExternalProcessHandler - INFO: Detected dialect: OSS

Aug 14, 2020 8:34:12 AM org.openqa.selenium.remote.ProtocolHandshake createSession
[MASTER] 16:34:12.644 [Thread-3] ERROR ExternalProcessHandler - Aug 14, 2020 8:34:12 AM org.openqa.selenium.remote.ProtocolHandshake createSession

INFO: Detected dialect: OSS
[MASTER] 16:34:12.644 [Thread-3] ERROR ExternalProcessHandler - INFO: Detected dialect: OSS

Aug 14, 2020 8:34:13 AM org.openqa.selenium.remote.ProtocolHandshake createSession
[MASTER] 16:34:13.650 [Thread-3] ERROR ExternalProcessHandler - Aug 14, 2020 8:34:13 AM org.openqa.selenium.remote.ProtocolHandshake createSession

INFO: Detected dialect: OSS
[MASTER] 16:34:13.651 [Thread-3] ERROR ExternalProcessHandler - INFO: Detected dialect: OSS

Aug 14, 2020 8:34:15 AM org.openqa.selenium.remote.ProtocolHandshake createSession
[MASTER] 16:34:15.694 [Thread-3] ERROR ExternalProcessHandler - Aug 14, 2020 8:34:15 AM org.openqa.selenium.remote.ProtocolHandshake createSession

INFO: Detected dialect: OSS
[MASTER] 16:34:15.694 [Thread-3] ERROR ExternalProcessHandler - INFO: Detected dialect: OSS

Aug 14, 2020 8:34:23 AM org.openqa.selenium.remote.ProtocolHandshake createSession
[MASTER] 16:34:23.465 [Thread-3] ERROR ExternalProcessHandler - Aug 14, 2020 8:34:23 AM org.openqa.selenium.remote.ProtocolHandshake createSession

INFO: Detected dialect: OSS
[MASTER] 16:34:23.465 [Thread-3] ERROR ExternalProcessHandler - INFO: Detected dialect: OSS

Aug 14, 2020 8:34:36 AM org.openqa.selenium.remote.ProtocolHandshake createSession
[MASTER] 16:34:36.812 [Thread-3] ERROR ExternalProcessHandler - Aug 14, 2020 8:34:36 AM org.openqa.selenium.remote.ProtocolHandshake createSession

INFO: Detected dialect: OSS
[MASTER] 16:34:36.812 [Thread-3] ERROR ExternalProcessHandler - INFO: Detected dialect: OSS

[MASTER] 16:34:55.538 [logback-2] ERROR TestCaseExecutor - TG: Exception caught: 
java.lang.IllegalStateException: Test generation failed: page object bug.
	at org.evosuite.testcase.execution.TestCaseExecutor.runTest(TestCaseExecutor.java:322) ~[evosuite-client-1.0.4-SNAPSHOT.jar:na]
	at org.evosuite.testcase.TestFitnessFunction.runTest(TestFitnessFunction.java:91) [evosuite-client-1.0.4-SNAPSHOT.jar:na]
	at org.evosuite.testcase.TestFitnessFunction.getFitness(TestFitnessFunction.java:60) [evosuite-client-1.0.4-SNAPSHOT.jar:na]
	at org.evosuite.testcase.TestFitnessFunction.getFitness(TestFitnessFunction.java:34) [evosuite-client-1.0.4-SNAPSHOT.jar:na]
	at org.evosuite.ga.metaheuristics.art.AdaptiveRandomSearch.calculateFitness(AdaptiveRandomSearch.java:312) [evosuite-client-1.0.4-SNAPSHOT.jar:na]
	at org.evosuite.ga.metaheuristics.art.AdaptiveRandomSearch.evolve(AdaptiveRandomSearch.java:139) [evosuite-client-1.0.4-SNAPSHOT.jar:na]
	at org.evosuite.ga.metaheuristics.art.AdaptiveRandomSearch.generateSolution(AdaptiveRandomSearch.java:270) [evosuite-client-1.0.4-SNAPSHOT.jar:na]
	at org.evosuite.strategy.AdaptiveRandomTestStrategy.generateTests(AdaptiveRandomTestStrategy.java:118) [evosuite-client-1.0.4-SNAPSHOT.jar:na]
	at org.evosuite.TestSuiteGenerator.generateTests(TestSuiteGenerator.java:654) [evosuite-client-1.0.4-SNAPSHOT.jar:na]
	at org.evosuite.TestSuiteGenerator.generateTestSuite(TestSuiteGenerator.java:213) [evosuite-client-1.0.4-SNAPSHOT.jar:na]
	at org.evosuite.rmi.service.ClientNodeImpl$1.run(ClientNodeImpl.java:145) [evosuite-client-1.0.4-SNAPSHOT.jar:na]
	at java.util.concurrent.Executors$RunnableAdapter.call(Executors.java:511) [na:1.8.0_265]
	at java.util.concurrent.FutureTask.run(FutureTask.java:266) [na:1.8.0_265]
	at java.util.concurrent.ThreadPoolExecutor.runWorker(ThreadPoolExecutor.java:1149) [na:1.8.0_265]
	at java.util.concurrent.ThreadPoolExecutor$Worker.run(ThreadPoolExecutor.java:624) [na:1.8.0_265]
	at java.lang.Thread.run(Thread.java:748) [na:1.8.0_265]
Aug 14, 2020 8:34:55 AM org.openqa.selenium.remote.ProtocolHandshake createSession
[MASTER] 16:34:55.750 [Thread-3] ERROR ExternalProcessHandler - Aug 14, 2020 8:34:55 AM org.openqa.selenium.remote.ProtocolHandshake createSession

INFO: Detected dialect: OSS
[MASTER] 16:34:55.750 [Thread-3] ERROR ExternalProcessHandler - INFO: Detected dialect: OSS

Aug 14, 2020 8:35:02 AM org.openqa.selenium.remote.ProtocolHandshake createSession
[MASTER] 16:35:02.224 [Thread-3] ERROR ExternalProcessHandler - Aug 14, 2020 8:35:02 AM org.openqa.selenium.remote.ProtocolHandshake createSession

INFO: Detected dialect: OSS
[MASTER] 16:35:02.224 [Thread-3] ERROR ExternalProcessHandler - INFO: Detected dialect: OSS

Aug 14, 2020 8:35:14 AM org.openqa.selenium.remote.ProtocolHandshake createSession
[MASTER] 16:35:14.723 [Thread-3] ERROR ExternalProcessHandler - Aug 14, 2020 8:35:14 AM org.openqa.selenium.remote.ProtocolHandshake createSession

INFO: Detected dialect: OSS
[MASTER] 16:35:14.723 [Thread-3] ERROR ExternalProcessHandler - INFO: Detected dialect: OSS

Aug 14, 2020 8:35:33 AM org.openqa.selenium.remote.ProtocolHandshake createSession
[MASTER] 16:35:33.119 [Thread-3] ERROR ExternalProcessHandler - Aug 14, 2020 8:35:33 AM org.openqa.selenium.remote.ProtocolHandshake createSession

INFO: Detected dialect: OSS
[MASTER] 16:35:33.119 [Thread-3] ERROR ExternalProcessHandler - INFO: Detected dialect: OSS

[MASTER] 16:35:57.298 [logback-2] ERROR TestCaseExecutor - TG: Exception caught: 
java.lang.IllegalStateException: Test generation failed: page object bug.
	at org.evosuite.testcase.execution.TestCaseExecutor.runTest(TestCaseExecutor.java:322) ~[evosuite-client-1.0.4-SNAPSHOT.jar:na]
	at org.evosuite.testcase.TestFitnessFunction.runTest(TestFitnessFunction.java:91) [evosuite-client-1.0.4-SNAPSHOT.jar:na]
	at org.evosuite.testcase.TestFitnessFunction.getFitness(TestFitnessFunction.java:60) [evosuite-client-1.0.4-SNAPSHOT.jar:na]
	at org.evosuite.testcase.TestFitnessFunction.getFitness(TestFitnessFunction.java:34) [evosuite-client-1.0.4-SNAPSHOT.jar:na]
	at org.evosuite.ga.metaheuristics.art.AdaptiveRandomSearch.calculateFitness(AdaptiveRandomSearch.java:312) [evosuite-client-1.0.4-SNAPSHOT.jar:na]
	at org.evosuite.ga.metaheuristics.art.AdaptiveRandomSearch.evolve(AdaptiveRandomSearch.java:139) [evosuite-client-1.0.4-SNAPSHOT.jar:na]
	at org.evosuite.ga.metaheuristics.art.AdaptiveRandomSearch.generateSolution(AdaptiveRandomSearch.java:270) [evosuite-client-1.0.4-SNAPSHOT.jar:na]
	at org.evosuite.strategy.AdaptiveRandomTestStrategy.generateTests(AdaptiveRandomTestStrategy.java:118) [evosuite-client-1.0.4-SNAPSHOT.jar:na]
	at org.evosuite.TestSuiteGenerator.generateTests(TestSuiteGenerator.java:654) [evosuite-client-1.0.4-SNAPSHOT.jar:na]
	at org.evosuite.TestSuiteGenerator.generateTestSuite(TestSuiteGenerator.java:213) [evosuite-client-1.0.4-SNAPSHOT.jar:na]
	at org.evosuite.rmi.service.ClientNodeImpl$1.run(ClientNodeImpl.java:145) [evosuite-client-1.0.4-SNAPSHOT.jar:na]
	at java.util.concurrent.Executors$RunnableAdapter.call(Executors.java:511) [na:1.8.0_265]
	at java.util.concurrent.FutureTask.run(FutureTask.java:266) [na:1.8.0_265]
	at java.util.concurrent.ThreadPoolExecutor.runWorker(ThreadPoolExecutor.java:1149) [na:1.8.0_265]
	at java.util.concurrent.ThreadPoolExecutor$Worker.run(ThreadPoolExecutor.java:624) [na:1.8.0_265]
	at java.lang.Thread.run(Thread.java:748) [na:1.8.0_265]
Aug 14, 2020 8:35:57 AM org.openqa.selenium.remote.ProtocolHandshake createSession
[MASTER] 16:35:57.526 [Thread-3] ERROR ExternalProcessHandler - Aug 14, 2020 8:35:57 AM org.openqa.selenium.remote.ProtocolHandshake createSession

INFO: Detected dialect: OSS
[MASTER] 16:35:57.526 [Thread-3] ERROR ExternalProcessHandler - INFO: Detected dialect: OSS

Aug 14, 2020 8:35:58 AM org.openqa.selenium.remote.ProtocolHandshake createSession
[MASTER] 16:35:58.877 [Thread-3] ERROR ExternalProcessHandler - Aug 14, 2020 8:35:58 AM org.openqa.selenium.remote.ProtocolHandshake createSession

INFO: Detected dialect: OSS
[MASTER] 16:35:58.877 [Thread-3] ERROR ExternalProcessHandler - INFO: Detected dialect: OSS

Aug 14, 2020 8:36:00 AM org.openqa.selenium.remote.ProtocolHandshake createSession
[MASTER] 16:36:00.205 [Thread-3] ERROR ExternalProcessHandler - Aug 14, 2020 8:36:00 AM org.openqa.selenium.remote.ProtocolHandshake createSession

INFO: Detected dialect: OSS
[MASTER] 16:36:00.206 [Thread-3] ERROR ExternalProcessHandler - INFO: Detected dialect: OSS

Aug 14, 2020 8:36:01 AM org.openqa.selenium.remote.ProtocolHandshake createSession
[MASTER] 16:36:01.127 [Thread-3] ERROR ExternalProcessHandler - Aug 14, 2020 8:36:01 AM org.openqa.selenium.remote.ProtocolHandshake createSession

INFO: Detected dialect: OSS
[MASTER] 16:36:01.127 [Thread-3] ERROR ExternalProcessHandler - INFO: Detected dialect: OSS

Aug 14, 2020 8:36:02 AM org.openqa.selenium.remote.ProtocolHandshake createSession
[MASTER] 16:36:02.345 [Thread-3] ERROR ExternalProcessHandler - Aug 14, 2020 8:36:02 AM org.openqa.selenium.remote.ProtocolHandshake createSession

INFO: Detected dialect: OSS
[MASTER] 16:36:02.345 [Thread-3] ERROR ExternalProcessHandler - INFO: Detected dialect: OSS

Aug 14, 2020 8:36:03 AM org.openqa.selenium.remote.ProtocolHandshake createSession
[MASTER] 16:36:03.608 [Thread-3] ERROR ExternalProcessHandler - Aug 14, 2020 8:36:03 AM org.openqa.selenium.remote.ProtocolHandshake createSession

INFO: Detected dialect: OSS
[MASTER] 16:36:03.608 [Thread-3] ERROR ExternalProcessHandler - INFO: Detected dialect: OSS

Aug 14, 2020 8:36:04 AM org.openqa.selenium.remote.ProtocolHandshake createSession
[MASTER] 16:36:04.860 [Thread-3] ERROR ExternalProcessHandler - Aug 14, 2020 8:36:04 AM org.openqa.selenium.remote.ProtocolHandshake createSession

INFO: Detected dialect: OSS
[MASTER] 16:36:04.860 [Thread-3] ERROR ExternalProcessHandler - INFO: Detected dialect: OSS

Aug 14, 2020 8:36:06 AM org.openqa.selenium.remote.ProtocolHandshake createSession
[MASTER] 16:36:06.057 [Thread-3] ERROR ExternalProcessHandler - Aug 14, 2020 8:36:06 AM org.openqa.selenium.remote.ProtocolHandshake createSession

INFO: Detected dialect: OSS
[MASTER] 16:36:06.057 [Thread-3] ERROR ExternalProcessHandler - INFO: Detected dialect: OSS

Aug 14, 2020 8:36:07 AM org.openqa.selenium.remote.ProtocolHandshake createSession
[MASTER] 16:36:07.510 [Thread-3] ERROR ExternalProcessHandler - Aug 14, 2020 8:36:07 AM org.openqa.selenium.remote.ProtocolHandshake createSession

INFO: Detected dialect: OSS
[MASTER] 16:36:07.510 [Thread-3] ERROR ExternalProcessHandler - INFO: Detected dialect: OSS

Aug 14, 2020 8:36:08 AM org.openqa.selenium.remote.ProtocolHandshake createSession
[MASTER] 16:36:08.801 [Thread-3] ERROR ExternalProcessHandler - Aug 14, 2020 8:36:08 AM org.openqa.selenium.remote.ProtocolHandshake createSession

INFO: Detected dialect: OSS
[MASTER] 16:36:08.801 [Thread-3] ERROR ExternalProcessHandler - INFO: Detected dialect: OSS

Aug 14, 2020 8:36:11 AM po_utils.PageObjectLogging logInfo
[MASTER] 16:36:11.094 [Thread-3] ERROR ExternalProcessHandler - Aug 14, 2020 8:36:11 AM po_utils.PageObjectLogging logInfo

INFO: waitForElementBeingPresentOnPage timeout exception: unable to locate the element By.xpath: //button[text()="Create a new session"]
[MASTER] 16:36:11.095 [Thread-3] ERROR ExternalProcessHandler - INFO: waitForElementBeingPresentOnPage timeout exception: unable to locate the element By.xpath: //button[text()="Create a new session"]


[MASTER] 16:36:11.095 [Thread-3] ERROR ExternalProcessHandler - 


[MASTER] 16:36:11.095 [Thread-3] ERROR ExternalProcessHandler - 

Aug 14, 2020 8:36:11 AM org.openqa.selenium.remote.ProtocolHandshake createSession
[MASTER] 16:36:11.636 [Thread-3] ERROR ExternalProcessHandler - Aug 14, 2020 8:36:11 AM org.openqa.selenium.remote.ProtocolHandshake createSession

INFO: Detected dialect: OSS
[MASTER] 16:36:11.636 [Thread-3] ERROR ExternalProcessHandler - INFO: Detected dialect: OSS

Aug 14, 2020 8:36:12 AM org.openqa.selenium.remote.ProtocolHandshake createSession
[MASTER] 16:36:12.657 [Thread-3] ERROR ExternalProcessHandler - Aug 14, 2020 8:36:12 AM org.openqa.selenium.remote.ProtocolHandshake createSession

INFO: Detected dialect: OSS
[MASTER] 16:36:12.657 [Thread-3] ERROR ExternalProcessHandler - INFO: Detected dialect: OSS

Aug 14, 2020 8:36:13 AM org.openqa.selenium.remote.ProtocolHandshake createSession
[MASTER] 16:36:13.541 [Thread-3] ERROR ExternalProcessHandler - Aug 14, 2020 8:36:13 AM org.openqa.selenium.remote.ProtocolHandshake createSession

INFO: Detected dialect: OSS
[MASTER] 16:36:13.541 [Thread-3] ERROR ExternalProcessHandler - INFO: Detected dialect: OSS

Aug 14, 2020 8:36:15 AM org.openqa.selenium.remote.ProtocolHandshake createSession
[MASTER] 16:36:15.870 [Thread-3] ERROR ExternalProcessHandler - Aug 14, 2020 8:36:15 AM org.openqa.selenium.remote.ProtocolHandshake createSession

INFO: Detected dialect: OSS
[MASTER] 16:36:15.870 [Thread-3] ERROR ExternalProcessHandler - INFO: Detected dialect: OSS

Aug 14, 2020 8:36:17 AM org.openqa.selenium.remote.ProtocolHandshake createSession
[MASTER] 16:36:17.255 [Thread-3] ERROR ExternalProcessHandler - Aug 14, 2020 8:36:17 AM org.openqa.selenium.remote.ProtocolHandshake createSession

INFO: Detected dialect: OSS
[MASTER] 16:36:17.255 [Thread-3] ERROR ExternalProcessHandler - INFO: Detected dialect: OSS

Aug 14, 2020 8:36:18 AM org.openqa.selenium.remote.ProtocolHandshake createSession
[MASTER] 16:36:18.322 [Thread-3] ERROR ExternalProcessHandler - Aug 14, 2020 8:36:18 AM org.openqa.selenium.remote.ProtocolHandshake createSession

INFO: Detected dialect: OSS
[MASTER] 16:36:18.323 [Thread-3] ERROR ExternalProcessHandler - INFO: Detected dialect: OSS

Aug 14, 2020 8:36:19 AM org.openqa.selenium.remote.ProtocolHandshake createSession
[MASTER] 16:36:19.395 [Thread-3] ERROR ExternalProcessHandler - Aug 14, 2020 8:36:19 AM org.openqa.selenium.remote.ProtocolHandshake createSession

INFO: Detected dialect: OSS
[MASTER] 16:36:19.395 [Thread-3] ERROR ExternalProcessHandler - INFO: Detected dialect: OSS

Aug 14, 2020 8:36:20 AM org.openqa.selenium.remote.ProtocolHandshake createSession
[MASTER] 16:36:20.847 [Thread-3] ERROR ExternalProcessHandler - Aug 14, 2020 8:36:20 AM org.openqa.selenium.remote.ProtocolHandshake createSession

INFO: Detected dialect: OSS
[MASTER] 16:36:20.847 [Thread-3] ERROR ExternalProcessHandler - INFO: Detected dialect: OSS

Aug 14, 2020 8:36:22 AM org.openqa.selenium.remote.ProtocolHandshake createSession
[MASTER] 16:36:22.247 [Thread-3] ERROR ExternalProcessHandler - Aug 14, 2020 8:36:22 AM org.openqa.selenium.remote.ProtocolHandshake createSession

INFO: Detected dialect: OSS
[MASTER] 16:36:22.247 [Thread-3] ERROR ExternalProcessHandler - INFO: Detected dialect: OSS

Aug 14, 2020 8:36:24 AM po_utils.PageObjectLogging logInfo
[MASTER] 16:36:24.383 [Thread-3] ERROR ExternalProcessHandler - Aug 14, 2020 8:36:24 AM po_utils.PageObjectLogging logInfo

INFO: waitForElementBeingPresentOnPage timeout exception: unable to locate the element By.xpath: //button[text()="Create a new session"]
[MASTER] 16:36:24.384 [Thread-3] ERROR ExternalProcessHandler - INFO: waitForElementBeingPresentOnPage timeout exception: unable to locate the element By.xpath: //button[text()="Create a new session"]


[MASTER] 16:36:24.384 [Thread-3] ERROR ExternalProcessHandler - 


[MASTER] 16:36:24.384 [Thread-3] ERROR ExternalProcessHandler - 

Aug 14, 2020 8:36:24 AM org.openqa.selenium.remote.ProtocolHandshake createSession
[MASTER] 16:36:24.875 [Thread-3] ERROR ExternalProcessHandler - Aug 14, 2020 8:36:24 AM org.openqa.selenium.remote.ProtocolHandshake createSession

INFO: Detected dialect: OSS
[MASTER] 16:36:24.875 [Thread-3] ERROR ExternalProcessHandler - INFO: Detected dialect: OSS

Aug 14, 2020 8:36:25 AM org.openqa.selenium.remote.ProtocolHandshake createSession
[MASTER] 16:36:25.785 [Thread-3] ERROR ExternalProcessHandler - Aug 14, 2020 8:36:25 AM org.openqa.selenium.remote.ProtocolHandshake createSession

INFO: Detected dialect: OSS
[MASTER] 16:36:25.785 [Thread-3] ERROR ExternalProcessHandler - INFO: Detected dialect: OSS

Aug 14, 2020 8:36:29 AM org.openqa.selenium.remote.ProtocolHandshake createSession
[MASTER] 16:36:29.850 [Thread-3] ERROR ExternalProcessHandler - Aug 14, 2020 8:36:29 AM org.openqa.selenium.remote.ProtocolHandshake createSession

INFO: Detected dialect: OSS
[MASTER] 16:36:29.850 [Thread-3] ERROR ExternalProcessHandler - INFO: Detected dialect: OSS

Aug 14, 2020 8:36:31 AM org.openqa.selenium.remote.ProtocolHandshake createSession
[MASTER] 16:36:31.704 [Thread-3] ERROR ExternalProcessHandler - Aug 14, 2020 8:36:31 AM org.openqa.selenium.remote.ProtocolHandshake createSession

INFO: Detected dialect: OSS
[MASTER] 16:36:31.704 [Thread-3] ERROR ExternalProcessHandler - INFO: Detected dialect: OSS

Aug 14, 2020 8:36:39 AM org.openqa.selenium.remote.ProtocolHandshake createSession
[MASTER] 16:36:39.772 [Thread-3] ERROR ExternalProcessHandler - Aug 14, 2020 8:36:39 AM org.openqa.selenium.remote.ProtocolHandshake createSession

INFO: Detected dialect: OSS
[MASTER] 16:36:39.773 [Thread-3] ERROR ExternalProcessHandler - INFO: Detected dialect: OSS

Aug 14, 2020 8:36:53 AM org.openqa.selenium.remote.ProtocolHandshake createSession
[MASTER] 16:36:53.996 [Thread-3] ERROR ExternalProcessHandler - Aug 14, 2020 8:36:53 AM org.openqa.selenium.remote.ProtocolHandshake createSession

INFO: Detected dialect: OSS
[MASTER] 16:36:53.996 [Thread-3] ERROR ExternalProcessHandler - INFO: Detected dialect: OSS

[MASTER] 16:37:14.284 [logback-2] ERROR TestCaseExecutor - TG: Exception caught: 
java.lang.IllegalStateException: Test generation failed: page object bug.
	at org.evosuite.testcase.execution.TestCaseExecutor.runTest(TestCaseExecutor.java:322) ~[evosuite-client-1.0.4-SNAPSHOT.jar:na]
	at org.evosuite.testcase.TestFitnessFunction.runTest(TestFitnessFunction.java:91) [evosuite-client-1.0.4-SNAPSHOT.jar:na]
	at org.evosuite.testcase.TestFitnessFunction.getFitness(TestFitnessFunction.java:60) [evosuite-client-1.0.4-SNAPSHOT.jar:na]
	at org.evosuite.testcase.TestFitnessFunction.getFitness(TestFitnessFunction.java:34) [evosuite-client-1.0.4-SNAPSHOT.jar:na]
	at org.evosuite.ga.metaheuristics.art.AdaptiveRandomSearch.calculateFitness(AdaptiveRandomSearch.java:312) [evosuite-client-1.0.4-SNAPSHOT.jar:na]
	at org.evosuite.ga.metaheuristics.art.AdaptiveRandomSearch.evolve(AdaptiveRandomSearch.java:139) [evosuite-client-1.0.4-SNAPSHOT.jar:na]
	at org.evosuite.ga.metaheuristics.art.AdaptiveRandomSearch.generateSolution(AdaptiveRandomSearch.java:270) [evosuite-client-1.0.4-SNAPSHOT.jar:na]
	at org.evosuite.strategy.AdaptiveRandomTestStrategy.generateTests(AdaptiveRandomTestStrategy.java:118) [evosuite-client-1.0.4-SNAPSHOT.jar:na]
	at org.evosuite.TestSuiteGenerator.generateTests(TestSuiteGenerator.java:654) [evosuite-client-1.0.4-SNAPSHOT.jar:na]
	at org.evosuite.TestSuiteGenerator.generateTestSuite(TestSuiteGenerator.java:213) [evosuite-client-1.0.4-SNAPSHOT.jar:na]
	at org.evosuite.rmi.service.ClientNodeImpl$1.run(ClientNodeImpl.java:145) [evosuite-client-1.0.4-SNAPSHOT.jar:na]
	at java.util.concurrent.Executors$RunnableAdapter.call(Executors.java:511) [na:1.8.0_265]
	at java.util.concurrent.FutureTask.run(FutureTask.java:266) [na:1.8.0_265]
	at java.util.concurrent.ThreadPoolExecutor.runWorker(ThreadPoolExecutor.java:1149) [na:1.8.0_265]
	at java.util.concurrent.ThreadPoolExecutor$Worker.run(ThreadPoolExecutor.java:624) [na:1.8.0_265]
	at java.lang.Thread.run(Thread.java:748) [na:1.8.0_265]
Aug 14, 2020 8:37:14 AM org.openqa.selenium.remote.ProtocolHandshake createSession
[MASTER] 16:37:14.522 [Thread-3] ERROR ExternalProcessHandler - Aug 14, 2020 8:37:14 AM org.openqa.selenium.remote.ProtocolHandshake createSession

INFO: Detected dialect: OSS
[MASTER] 16:37:14.523 [Thread-3] ERROR ExternalProcessHandler - INFO: Detected dialect: OSS

Aug 14, 2020 8:37:15 AM org.openqa.selenium.remote.ProtocolHandshake createSession
[MASTER] 16:37:15.519 [Thread-3] ERROR ExternalProcessHandler - Aug 14, 2020 8:37:15 AM org.openqa.selenium.remote.ProtocolHandshake createSession

INFO: Detected dialect: OSS
[MASTER] 16:37:15.519 [Thread-3] ERROR ExternalProcessHandler - INFO: Detected dialect: OSS

Aug 14, 2020 8:37:17 AM po_utils.PageObjectLogging logInfo
[MASTER] 16:37:17.182 [Thread-3] ERROR ExternalProcessHandler - Aug 14, 2020 8:37:17 AM po_utils.PageObjectLogging logInfo

INFO: waitForElementBeingPresentOnPage timeout exception: unable to locate the element By.xpath: //button[text()="Create a new session"]
[MASTER] 16:37:17.182 [Thread-3] ERROR ExternalProcessHandler - INFO: waitForElementBeingPresentOnPage timeout exception: unable to locate the element By.xpath: //button[text()="Create a new session"]


[MASTER] 16:37:17.183 [Thread-3] ERROR ExternalProcessHandler - 


[MASTER] 16:37:17.183 [Thread-3] ERROR ExternalProcessHandler - 

Aug 14, 2020 8:37:23 AM org.openqa.selenium.remote.ProtocolHandshake createSession
[MASTER] 16:37:23.107 [Thread-3] ERROR ExternalProcessHandler - Aug 14, 2020 8:37:23 AM org.openqa.selenium.remote.ProtocolHandshake createSession

INFO: Detected dialect: OSS
[MASTER] 16:37:23.107 [Thread-3] ERROR ExternalProcessHandler - INFO: Detected dialect: OSS

Aug 14, 2020 8:37:25 AM po_utils.PageObjectLogging logInfo
[MASTER] 16:37:25.761 [Thread-3] ERROR ExternalProcessHandler - Aug 14, 2020 8:37:25 AM po_utils.PageObjectLogging logInfo

INFO: waitForElementBeingPresentOnPage timeout exception: unable to locate the element By.xpath: //button[text()="Create a new session"]
[MASTER] 16:37:25.762 [Thread-3] ERROR ExternalProcessHandler - INFO: waitForElementBeingPresentOnPage timeout exception: unable to locate the element By.xpath: //button[text()="Create a new session"]


[MASTER] 16:37:25.762 [Thread-3] ERROR ExternalProcessHandler - 


[MASTER] 16:37:25.762 [Thread-3] ERROR ExternalProcessHandler - 

Aug 14, 2020 8:37:36 AM org.openqa.selenium.remote.ProtocolHandshake createSession
[MASTER] 16:37:36.673 [Thread-3] ERROR ExternalProcessHandler - Aug 14, 2020 8:37:36 AM org.openqa.selenium.remote.ProtocolHandshake createSession

INFO: Detected dialect: OSS
[MASTER] 16:37:36.673 [Thread-3] ERROR ExternalProcessHandler - INFO: Detected dialect: OSS

Aug 14, 2020 8:37:40 AM po_utils.PageObjectLogging logInfo
[MASTER] 16:37:40.387 [Thread-3] ERROR ExternalProcessHandler - Aug 14, 2020 8:37:40 AM po_utils.PageObjectLogging logInfo

INFO: waitForElementBeingPresentOnPage timeout exception: unable to locate the element By.xpath: //button[text()="Create a new session"]
[MASTER] 16:37:40.388 [Thread-3] ERROR ExternalProcessHandler - INFO: waitForElementBeingPresentOnPage timeout exception: unable to locate the element By.xpath: //button[text()="Create a new session"]


[MASTER] 16:37:40.388 [Thread-3] ERROR ExternalProcessHandler - 


[MASTER] 16:37:40.388 [Thread-3] ERROR ExternalProcessHandler - 

Aug 14, 2020 8:37:56 AM org.openqa.selenium.remote.ProtocolHandshake createSession
[MASTER] 16:37:56.240 [Thread-3] ERROR ExternalProcessHandler - Aug 14, 2020 8:37:56 AM org.openqa.selenium.remote.ProtocolHandshake createSession

INFO: Detected dialect: OSS
[MASTER] 16:37:56.241 [Thread-3] ERROR ExternalProcessHandler - INFO: Detected dialect: OSS

Aug 14, 2020 8:38:01 AM po_utils.PageObjectLogging logInfo
[MASTER] 16:38:01.008 [Thread-3] ERROR ExternalProcessHandler - Aug 14, 2020 8:38:01 AM po_utils.PageObjectLogging logInfo

INFO: waitForElementBeingPresentOnPage timeout exception: unable to locate the element By.xpath: //button[text()="Create a new session"]
[MASTER] 16:38:01.009 [Thread-3] ERROR ExternalProcessHandler - INFO: waitForElementBeingPresentOnPage timeout exception: unable to locate the element By.xpath: //button[text()="Create a new session"]


[MASTER] 16:38:01.009 [Thread-3] ERROR ExternalProcessHandler - 


[MASTER] 16:38:01.009 [Thread-3] ERROR ExternalProcessHandler - 

[MASTER] 16:38:21.780 [logback-2] ERROR TestCaseExecutor - TG: Exception caught: 
java.lang.IllegalStateException: Test generation failed: page object bug.
	at org.evosuite.testcase.execution.TestCaseExecutor.runTest(TestCaseExecutor.java:322) ~[evosuite-client-1.0.4-SNAPSHOT.jar:na]
	at org.evosuite.testcase.TestFitnessFunction.runTest(TestFitnessFunction.java:91) [evosuite-client-1.0.4-SNAPSHOT.jar:na]
	at org.evosuite.testcase.TestFitnessFunction.getFitness(TestFitnessFunction.java:60) [evosuite-client-1.0.4-SNAPSHOT.jar:na]
	at org.evosuite.testcase.TestFitnessFunction.getFitness(TestFitnessFunction.java:34) [evosuite-client-1.0.4-SNAPSHOT.jar:na]
	at org.evosuite.ga.metaheuristics.art.AdaptiveRandomSearch.calculateFitness(AdaptiveRandomSearch.java:312) [evosuite-client-1.0.4-SNAPSHOT.jar:na]
	at org.evosuite.ga.metaheuristics.art.AdaptiveRandomSearch.evolve(AdaptiveRandomSearch.java:139) [evosuite-client-1.0.4-SNAPSHOT.jar:na]
	at org.evosuite.ga.metaheuristics.art.AdaptiveRandomSearch.generateSolution(AdaptiveRandomSearch.java:270) [evosuite-client-1.0.4-SNAPSHOT.jar:na]
	at org.evosuite.strategy.AdaptiveRandomTestStrategy.generateTests(AdaptiveRandomTestStrategy.java:118) [evosuite-client-1.0.4-SNAPSHOT.jar:na]
	at org.evosuite.TestSuiteGenerator.generateTests(TestSuiteGenerator.java:654) [evosuite-client-1.0.4-SNAPSHOT.jar:na]
	at org.evosuite.TestSuiteGenerator.generateTestSuite(TestSuiteGenerator.java:213) [evosuite-client-1.0.4-SNAPSHOT.jar:na]
	at org.evosuite.rmi.service.ClientNodeImpl$1.run(ClientNodeImpl.java:145) [evosuite-client-1.0.4-SNAPSHOT.jar:na]
	at java.util.concurrent.Executors$RunnableAdapter.call(Executors.java:511) [na:1.8.0_265]
	at java.util.concurrent.FutureTask.run(FutureTask.java:266) [na:1.8.0_265]
	at java.util.concurrent.ThreadPoolExecutor.runWorker(ThreadPoolExecutor.java:1149) [na:1.8.0_265]
	at java.util.concurrent.ThreadPoolExecutor$Worker.run(ThreadPoolExecutor.java:624) [na:1.8.0_265]
	at java.lang.Thread.run(Thread.java:748) [na:1.8.0_265]
Aug 14, 2020 8:38:22 AM org.openqa.selenium.remote.ProtocolHandshake createSession
[MASTER] 16:38:22.017 [Thread-3] ERROR ExternalProcessHandler - Aug 14, 2020 8:38:22 AM org.openqa.selenium.remote.ProtocolHandshake createSession

INFO: Detected dialect: OSS
[MASTER] 16:38:22.017 [Thread-3] ERROR ExternalProcessHandler - INFO: Detected dialect: OSS

Aug 14, 2020 8:38:23 AM org.openqa.selenium.remote.ProtocolHandshake createSession
[MASTER] 16:38:23.416 [Thread-3] ERROR ExternalProcessHandler - Aug 14, 2020 8:38:23 AM org.openqa.selenium.remote.ProtocolHandshake createSession

INFO: Detected dialect: OSS
[MASTER] 16:38:23.416 [Thread-3] ERROR ExternalProcessHandler - INFO: Detected dialect: OSS

Aug 14, 2020 8:38:25 AM org.openqa.selenium.remote.ProtocolHandshake createSession
[MASTER] 16:38:25.086 [Thread-3] ERROR ExternalProcessHandler - Aug 14, 2020 8:38:25 AM org.openqa.selenium.remote.ProtocolHandshake createSession

INFO: Detected dialect: OSS
[MASTER] 16:38:25.086 [Thread-3] ERROR ExternalProcessHandler - INFO: Detected dialect: OSS

Aug 14, 2020 8:38:26 AM org.openqa.selenium.remote.ProtocolHandshake createSession
[MASTER] 16:38:26.714 [Thread-3] ERROR ExternalProcessHandler - Aug 14, 2020 8:38:26 AM org.openqa.selenium.remote.ProtocolHandshake createSession

INFO: Detected dialect: OSS
[MASTER] 16:38:26.715 [Thread-3] ERROR ExternalProcessHandler - INFO: Detected dialect: OSS

Aug 14, 2020 8:38:27 AM org.openqa.selenium.remote.ProtocolHandshake createSession
[MASTER] 16:38:27.759 [Thread-3] ERROR ExternalProcessHandler - Aug 14, 2020 8:38:27 AM org.openqa.selenium.remote.ProtocolHandshake createSession

INFO: Detected dialect: OSS
[MASTER] 16:38:27.759 [Thread-3] ERROR ExternalProcessHandler - INFO: Detected dialect: OSS

Aug 14, 2020 8:38:32 AM org.openqa.selenium.remote.ProtocolHandshake createSession
[MASTER] 16:38:32.354 [Thread-3] ERROR ExternalProcessHandler - Aug 14, 2020 8:38:32 AM org.openqa.selenium.remote.ProtocolHandshake createSession

INFO: Detected dialect: OSS
[MASTER] 16:38:32.354 [Thread-3] ERROR ExternalProcessHandler - INFO: Detected dialect: OSS

Aug 14, 2020 8:38:43 AM org.openqa.selenium.remote.ProtocolHandshake createSession
[MASTER] 16:38:43.370 [Thread-3] ERROR ExternalProcessHandler - Aug 14, 2020 8:38:43 AM org.openqa.selenium.remote.ProtocolHandshake createSession

INFO: Detected dialect: OSS
[MASTER] 16:38:43.370 [Thread-3] ERROR ExternalProcessHandler - INFO: Detected dialect: OSS

Aug 14, 2020 8:39:00 AM org.openqa.selenium.remote.ProtocolHandshake createSession
[MASTER] 16:39:00.631 [Thread-3] ERROR ExternalProcessHandler - Aug 14, 2020 8:39:00 AM org.openqa.selenium.remote.ProtocolHandshake createSession

INFO: Detected dialect: OSS
[MASTER] 16:39:00.631 [Thread-3] ERROR ExternalProcessHandler - INFO: Detected dialect: OSS

[MASTER] 16:39:24.201 [logback-2] ERROR TestCaseExecutor - TG: Exception caught: 
java.lang.IllegalStateException: Test generation failed: page object bug.
	at org.evosuite.testcase.execution.TestCaseExecutor.runTest(TestCaseExecutor.java:322) ~[evosuite-client-1.0.4-SNAPSHOT.jar:na]
	at org.evosuite.testcase.TestFitnessFunction.runTest(TestFitnessFunction.java:91) [evosuite-client-1.0.4-SNAPSHOT.jar:na]
	at org.evosuite.testcase.TestFitnessFunction.getFitness(TestFitnessFunction.java:60) [evosuite-client-1.0.4-SNAPSHOT.jar:na]
	at org.evosuite.testcase.TestFitnessFunction.getFitness(TestFitnessFunction.java:34) [evosuite-client-1.0.4-SNAPSHOT.jar:na]
	at org.evosuite.ga.metaheuristics.art.AdaptiveRandomSearch.calculateFitness(AdaptiveRandomSearch.java:312) [evosuite-client-1.0.4-SNAPSHOT.jar:na]
	at org.evosuite.ga.metaheuristics.art.AdaptiveRandomSearch.evolve(AdaptiveRandomSearch.java:139) [evosuite-client-1.0.4-SNAPSHOT.jar:na]
	at org.evosuite.ga.metaheuristics.art.AdaptiveRandomSearch.generateSolution(AdaptiveRandomSearch.java:270) [evosuite-client-1.0.4-SNAPSHOT.jar:na]
	at org.evosuite.strategy.AdaptiveRandomTestStrategy.generateTests(AdaptiveRandomTestStrategy.java:118) [evosuite-client-1.0.4-SNAPSHOT.jar:na]
	at org.evosuite.TestSuiteGenerator.generateTests(TestSuiteGenerator.java:654) [evosuite-client-1.0.4-SNAPSHOT.jar:na]
	at org.evosuite.TestSuiteGenerator.generateTestSuite(TestSuiteGenerator.java:213) [evosuite-client-1.0.4-SNAPSHOT.jar:na]
	at org.evosuite.rmi.service.ClientNodeImpl$1.run(ClientNodeImpl.java:145) [evosuite-client-1.0.4-SNAPSHOT.jar:na]
	at java.util.concurrent.Executors$RunnableAdapter.call(Executors.java:511) [na:1.8.0_265]
	at java.util.concurrent.FutureTask.run(FutureTask.java:266) [na:1.8.0_265]
	at java.util.concurrent.ThreadPoolExecutor.runWorker(ThreadPoolExecutor.java:1149) [na:1.8.0_265]
	at java.util.concurrent.ThreadPoolExecutor$Worker.run(ThreadPoolExecutor.java:624) [na:1.8.0_265]
	at java.lang.Thread.run(Thread.java:748) [na:1.8.0_265]
Aug 14, 2020 8:39:24 AM org.openqa.selenium.remote.ProtocolHandshake createSession
[MASTER] 16:39:24.438 [Thread-3] ERROR ExternalProcessHandler - Aug 14, 2020 8:39:24 AM org.openqa.selenium.remote.ProtocolHandshake createSession

INFO: Detected dialect: OSS
[MASTER] 16:39:24.438 [Thread-3] ERROR ExternalProcessHandler - INFO: Detected dialect: OSS

Aug 14, 2020 8:39:25 AM po_utils.PageObjectLogging logInfo
[MASTER] 16:39:25.981 [Thread-3] ERROR ExternalProcessHandler - Aug 14, 2020 8:39:25 AM po_utils.PageObjectLogging logInfo

INFO: waitForElementBeingPresentOnPage timeout exception: unable to locate the element By.xpath: //button[text()="Create a new session"]
[MASTER] 16:39:25.982 [Thread-3] ERROR ExternalProcessHandler - INFO: waitForElementBeingPresentOnPage timeout exception: unable to locate the element By.xpath: //button[text()="Create a new session"]


[MASTER] 16:39:25.982 [Thread-3] ERROR ExternalProcessHandler - 


[MASTER] 16:39:25.982 [Thread-3] ERROR ExternalProcessHandler - 

Aug 14, 2020 8:39:26 AM org.openqa.selenium.remote.ProtocolHandshake createSession
[MASTER] 16:39:26.812 [Thread-3] ERROR ExternalProcessHandler - Aug 14, 2020 8:39:26 AM org.openqa.selenium.remote.ProtocolHandshake createSession

INFO: Detected dialect: OSS
[MASTER] 16:39:26.812 [Thread-3] ERROR ExternalProcessHandler - INFO: Detected dialect: OSS

Aug 14, 2020 8:39:27 AM org.openqa.selenium.remote.ProtocolHandshake createSession
[MASTER] 16:39:27.899 [Thread-3] ERROR ExternalProcessHandler - Aug 14, 2020 8:39:27 AM org.openqa.selenium.remote.ProtocolHandshake createSession

INFO: Detected dialect: OSS
[MASTER] 16:39:27.900 [Thread-3] ERROR ExternalProcessHandler - INFO: Detected dialect: OSS

Aug 14, 2020 8:39:29 AM org.openqa.selenium.remote.ProtocolHandshake createSession
[MASTER] 16:39:29.140 [Thread-3] ERROR ExternalProcessHandler - Aug 14, 2020 8:39:29 AM org.openqa.selenium.remote.ProtocolHandshake createSession

INFO: Detected dialect: OSS
[MASTER] 16:39:29.140 [Thread-3] ERROR ExternalProcessHandler - INFO: Detected dialect: OSS

Aug 14, 2020 8:39:30 AM org.openqa.selenium.remote.ProtocolHandshake createSession
[MASTER] 16:39:30.067 [Thread-3] ERROR ExternalProcessHandler - Aug 14, 2020 8:39:30 AM org.openqa.selenium.remote.ProtocolHandshake createSession

INFO: Detected dialect: OSS
[MASTER] 16:39:30.068 [Thread-3] ERROR ExternalProcessHandler - INFO: Detected dialect: OSS

Aug 14, 2020 8:39:31 AM org.openqa.selenium.remote.ProtocolHandshake createSession
[MASTER] 16:39:31.008 [Thread-3] ERROR ExternalProcessHandler - Aug 14, 2020 8:39:31 AM org.openqa.selenium.remote.ProtocolHandshake createSession

INFO: Detected dialect: OSS
[MASTER] 16:39:31.008 [Thread-3] ERROR ExternalProcessHandler - INFO: Detected dialect: OSS

Aug 14, 2020 8:39:32 AM org.openqa.selenium.remote.ProtocolHandshake createSession
[MASTER] 16:39:32.053 [Thread-3] ERROR ExternalProcessHandler - Aug 14, 2020 8:39:32 AM org.openqa.selenium.remote.ProtocolHandshake createSession

INFO: Detected dialect: OSS
[MASTER] 16:39:32.053 [Thread-3] ERROR ExternalProcessHandler - INFO: Detected dialect: OSS

Aug 14, 2020 8:39:33 AM org.openqa.selenium.remote.ProtocolHandshake createSession
[MASTER] 16:39:33.863 [Thread-3] ERROR ExternalProcessHandler - Aug 14, 2020 8:39:33 AM org.openqa.selenium.remote.ProtocolHandshake createSession

INFO: Detected dialect: OSS
[MASTER] 16:39:33.863 [Thread-3] ERROR ExternalProcessHandler - INFO: Detected dialect: OSS

Aug 14, 2020 8:39:35 AM org.openqa.selenium.remote.ProtocolHandshake createSession
[MASTER] 16:39:35.594 [Thread-3] ERROR ExternalProcessHandler - Aug 14, 2020 8:39:35 AM org.openqa.selenium.remote.ProtocolHandshake createSession

INFO: Detected dialect: OSS
[MASTER] 16:39:35.595 [Thread-3] ERROR ExternalProcessHandler - INFO: Detected dialect: OSS

Aug 14, 2020 8:39:36 AM org.openqa.selenium.remote.ProtocolHandshake createSession
[MASTER] 16:39:36.556 [Thread-3] ERROR ExternalProcessHandler - Aug 14, 2020 8:39:36 AM org.openqa.selenium.remote.ProtocolHandshake createSession

INFO: Detected dialect: OSS
[MASTER] 16:39:36.556 [Thread-3] ERROR ExternalProcessHandler - INFO: Detected dialect: OSS

Aug 14, 2020 8:39:38 AM org.openqa.selenium.remote.ProtocolHandshake createSession
[MASTER] 16:39:38.409 [Thread-3] ERROR ExternalProcessHandler - Aug 14, 2020 8:39:38 AM org.openqa.selenium.remote.ProtocolHandshake createSession

INFO: Detected dialect: OSS
[MASTER] 16:39:38.409 [Thread-3] ERROR ExternalProcessHandler - INFO: Detected dialect: OSS

Aug 14, 2020 8:39:40 AM org.openqa.selenium.remote.ProtocolHandshake createSession
[MASTER] 16:39:40.048 [Thread-3] ERROR ExternalProcessHandler - Aug 14, 2020 8:39:40 AM org.openqa.selenium.remote.ProtocolHandshake createSession

INFO: Detected dialect: OSS
[MASTER] 16:39:40.048 [Thread-3] ERROR ExternalProcessHandler - INFO: Detected dialect: OSS

Aug 14, 2020 8:39:43 AM org.openqa.selenium.remote.ProtocolHandshake createSession
[MASTER] 16:39:43.018 [Thread-3] ERROR ExternalProcessHandler - Aug 14, 2020 8:39:43 AM org.openqa.selenium.remote.ProtocolHandshake createSession

INFO: Detected dialect: OSS
[MASTER] 16:39:43.018 [Thread-3] ERROR ExternalProcessHandler - INFO: Detected dialect: OSS

Aug 14, 2020 8:39:44 AM org.openqa.selenium.remote.ProtocolHandshake createSession
[MASTER] 16:39:44.454 [Thread-3] ERROR ExternalProcessHandler - Aug 14, 2020 8:39:44 AM org.openqa.selenium.remote.ProtocolHandshake createSession

INFO: Detected dialect: OSS
[MASTER] 16:39:44.454 [Thread-3] ERROR ExternalProcessHandler - INFO: Detected dialect: OSS

Aug 14, 2020 8:39:49 AM org.openqa.selenium.remote.ProtocolHandshake createSession
[MASTER] 16:39:49.274 [Thread-3] ERROR ExternalProcessHandler - Aug 14, 2020 8:39:49 AM org.openqa.selenium.remote.ProtocolHandshake createSession

INFO: Detected dialect: OSS
[MASTER] 16:39:49.274 [Thread-3] ERROR ExternalProcessHandler - INFO: Detected dialect: OSS

Aug 14, 2020 8:40:00 AM org.openqa.selenium.remote.ProtocolHandshake createSession
[MASTER] 16:40:00.194 [Thread-3] ERROR ExternalProcessHandler - Aug 14, 2020 8:40:00 AM org.openqa.selenium.remote.ProtocolHandshake createSession

INFO: Detected dialect: OSS
[MASTER] 16:40:00.194 [Thread-3] ERROR ExternalProcessHandler - INFO: Detected dialect: OSS

Aug 14, 2020 8:40:17 AM org.openqa.selenium.remote.ProtocolHandshake createSession
[MASTER] 16:40:17.260 [Thread-3] ERROR ExternalProcessHandler - Aug 14, 2020 8:40:17 AM org.openqa.selenium.remote.ProtocolHandshake createSession

INFO: Detected dialect: OSS
[MASTER] 16:40:17.261 [Thread-3] ERROR ExternalProcessHandler - INFO: Detected dialect: OSS

[MASTER] 16:40:40.172 [logback-2] ERROR TestCaseExecutor - TG: Exception caught: 
java.lang.IllegalStateException: Test generation failed: page object bug.
	at org.evosuite.testcase.execution.TestCaseExecutor.runTest(TestCaseExecutor.java:322) ~[evosuite-client-1.0.4-SNAPSHOT.jar:na]
	at org.evosuite.testcase.TestFitnessFunction.runTest(TestFitnessFunction.java:91) [evosuite-client-1.0.4-SNAPSHOT.jar:na]
	at org.evosuite.testcase.TestFitnessFunction.getFitness(TestFitnessFunction.java:60) [evosuite-client-1.0.4-SNAPSHOT.jar:na]
	at org.evosuite.testcase.TestFitnessFunction.getFitness(TestFitnessFunction.java:34) [evosuite-client-1.0.4-SNAPSHOT.jar:na]
	at org.evosuite.ga.metaheuristics.art.AdaptiveRandomSearch.calculateFitness(AdaptiveRandomSearch.java:312) [evosuite-client-1.0.4-SNAPSHOT.jar:na]
	at org.evosuite.ga.metaheuristics.art.AdaptiveRandomSearch.evolve(AdaptiveRandomSearch.java:139) [evosuite-client-1.0.4-SNAPSHOT.jar:na]
	at org.evosuite.ga.metaheuristics.art.AdaptiveRandomSearch.generateSolution(AdaptiveRandomSearch.java:270) [evosuite-client-1.0.4-SNAPSHOT.jar:na]
	at org.evosuite.strategy.AdaptiveRandomTestStrategy.generateTests(AdaptiveRandomTestStrategy.java:118) [evosuite-client-1.0.4-SNAPSHOT.jar:na]
	at org.evosuite.TestSuiteGenerator.generateTests(TestSuiteGenerator.java:654) [evosuite-client-1.0.4-SNAPSHOT.jar:na]
	at org.evosuite.TestSuiteGenerator.generateTestSuite(TestSuiteGenerator.java:213) [evosuite-client-1.0.4-SNAPSHOT.jar:na]
	at org.evosuite.rmi.service.ClientNodeImpl$1.run(ClientNodeImpl.java:145) [evosuite-client-1.0.4-SNAPSHOT.jar:na]
	at java.util.concurrent.Executors$RunnableAdapter.call(Executors.java:511) [na:1.8.0_265]
	at java.util.concurrent.FutureTask.run(FutureTask.java:266) [na:1.8.0_265]
	at java.util.concurrent.ThreadPoolExecutor.runWorker(ThreadPoolExecutor.java:1149) [na:1.8.0_265]
	at java.util.concurrent.ThreadPoolExecutor$Worker.run(ThreadPoolExecutor.java:624) [na:1.8.0_265]
	at java.lang.Thread.run(Thread.java:748) [na:1.8.0_265]
Aug 14, 2020 8:40:40 AM org.openqa.selenium.remote.ProtocolHandshake createSession
[MASTER] 16:40:40.412 [Thread-3] ERROR ExternalProcessHandler - Aug 14, 2020 8:40:40 AM org.openqa.selenium.remote.ProtocolHandshake createSession

INFO: Detected dialect: OSS
[MASTER] 16:40:40.412 [Thread-3] ERROR ExternalProcessHandler - INFO: Detected dialect: OSS

Aug 14, 2020 8:40:45 AM org.openqa.selenium.remote.ProtocolHandshake createSession
[MASTER] 16:40:45.790 [Thread-3] ERROR ExternalProcessHandler - Aug 14, 2020 8:40:45 AM org.openqa.selenium.remote.ProtocolHandshake createSession

INFO: Detected dialect: OSS
[MASTER] 16:40:45.790 [Thread-3] ERROR ExternalProcessHandler - INFO: Detected dialect: OSS

Aug 14, 2020 8:40:57 AM org.openqa.selenium.remote.ProtocolHandshake createSession
[MASTER] 16:40:57.751 [Thread-3] ERROR ExternalProcessHandler - Aug 14, 2020 8:40:57 AM org.openqa.selenium.remote.ProtocolHandshake createSession

INFO: Detected dialect: OSS
[MASTER] 16:40:57.751 [Thread-3] ERROR ExternalProcessHandler - INFO: Detected dialect: OSS

Aug 14, 2020 8:41:15 AM org.openqa.selenium.remote.ProtocolHandshake createSession
[MASTER] 16:41:15.999 [Thread-3] ERROR ExternalProcessHandler - Aug 14, 2020 8:41:15 AM org.openqa.selenium.remote.ProtocolHandshake createSession

INFO: Detected dialect: OSS
[MASTER] 16:41:15.999 [Thread-3] ERROR ExternalProcessHandler - INFO: Detected dialect: OSS

[MASTER] 16:41:40.497 [logback-2] ERROR TestCaseExecutor - TG: Exception caught: 
java.lang.IllegalStateException: Test generation failed: page object bug.
	at org.evosuite.testcase.execution.TestCaseExecutor.runTest(TestCaseExecutor.java:322) ~[evosuite-client-1.0.4-SNAPSHOT.jar:na]
	at org.evosuite.testcase.TestFitnessFunction.runTest(TestFitnessFunction.java:91) [evosuite-client-1.0.4-SNAPSHOT.jar:na]
	at org.evosuite.testcase.TestFitnessFunction.getFitness(TestFitnessFunction.java:60) [evosuite-client-1.0.4-SNAPSHOT.jar:na]
	at org.evosuite.testcase.TestFitnessFunction.getFitness(TestFitnessFunction.java:34) [evosuite-client-1.0.4-SNAPSHOT.jar:na]
	at org.evosuite.ga.metaheuristics.art.AdaptiveRandomSearch.calculateFitness(AdaptiveRandomSearch.java:312) [evosuite-client-1.0.4-SNAPSHOT.jar:na]
	at org.evosuite.ga.metaheuristics.art.AdaptiveRandomSearch.evolve(AdaptiveRandomSearch.java:139) [evosuite-client-1.0.4-SNAPSHOT.jar:na]
	at org.evosuite.ga.metaheuristics.art.AdaptiveRandomSearch.generateSolution(AdaptiveRandomSearch.java:270) [evosuite-client-1.0.4-SNAPSHOT.jar:na]
	at org.evosuite.strategy.AdaptiveRandomTestStrategy.generateTests(AdaptiveRandomTestStrategy.java:118) [evosuite-client-1.0.4-SNAPSHOT.jar:na]
	at org.evosuite.TestSuiteGenerator.generateTests(TestSuiteGenerator.java:654) [evosuite-client-1.0.4-SNAPSHOT.jar:na]
	at org.evosuite.TestSuiteGenerator.generateTestSuite(TestSuiteGenerator.java:213) [evosuite-client-1.0.4-SNAPSHOT.jar:na]
	at org.evosuite.rmi.service.ClientNodeImpl$1.run(ClientNodeImpl.java:145) [evosuite-client-1.0.4-SNAPSHOT.jar:na]
	at java.util.concurrent.Executors$RunnableAdapter.call(Executors.java:511) [na:1.8.0_265]
	at java.util.concurrent.FutureTask.run(FutureTask.java:266) [na:1.8.0_265]
	at java.util.concurrent.ThreadPoolExecutor.runWorker(ThreadPoolExecutor.java:1149) [na:1.8.0_265]
	at java.util.concurrent.ThreadPoolExecutor$Worker.run(ThreadPoolExecutor.java:624) [na:1.8.0_265]
	at java.lang.Thread.run(Thread.java:748) [na:1.8.0_265]
Aug 14, 2020 8:41:40 AM org.openqa.selenium.remote.ProtocolHandshake createSession
[MASTER] 16:41:40.742 [Thread-3] ERROR ExternalProcessHandler - Aug 14, 2020 8:41:40 AM org.openqa.selenium.remote.ProtocolHandshake createSession

INFO: Detected dialect: OSS
[MASTER] 16:41:40.743 [Thread-3] ERROR ExternalProcessHandler - INFO: Detected dialect: OSS

Aug 14, 2020 8:41:42 AM org.openqa.selenium.remote.ProtocolHandshake createSession
[MASTER] 16:41:42.175 [Thread-3] ERROR ExternalProcessHandler - Aug 14, 2020 8:41:42 AM org.openqa.selenium.remote.ProtocolHandshake createSession

INFO: Detected dialect: OSS
[MASTER] 16:41:42.175 [Thread-3] ERROR ExternalProcessHandler - INFO: Detected dialect: OSS

Aug 14, 2020 8:41:43 AM org.openqa.selenium.remote.ProtocolHandshake createSession
[MASTER] 16:41:43.241 [Thread-3] ERROR ExternalProcessHandler - Aug 14, 2020 8:41:43 AM org.openqa.selenium.remote.ProtocolHandshake createSession

INFO: Detected dialect: OSS
[MASTER] 16:41:43.242 [Thread-3] ERROR ExternalProcessHandler - INFO: Detected dialect: OSS

Aug 14, 2020 8:41:45 AM org.openqa.selenium.remote.ProtocolHandshake createSession
[MASTER] 16:41:45.291 [Thread-3] ERROR ExternalProcessHandler - Aug 14, 2020 8:41:45 AM org.openqa.selenium.remote.ProtocolHandshake createSession

INFO: Detected dialect: OSS
[MASTER] 16:41:45.291 [Thread-3] ERROR ExternalProcessHandler - INFO: Detected dialect: OSS

Aug 14, 2020 8:41:47 AM org.openqa.selenium.remote.ProtocolHandshake createSession
[MASTER] 16:41:47.018 [Thread-3] ERROR ExternalProcessHandler - Aug 14, 2020 8:41:47 AM org.openqa.selenium.remote.ProtocolHandshake createSession

INFO: Detected dialect: OSS
[MASTER] 16:41:47.018 [Thread-3] ERROR ExternalProcessHandler - INFO: Detected dialect: OSS

Aug 14, 2020 8:41:48 AM org.openqa.selenium.remote.ProtocolHandshake createSession
[MASTER] 16:41:48.142 [Thread-3] ERROR ExternalProcessHandler - Aug 14, 2020 8:41:48 AM org.openqa.selenium.remote.ProtocolHandshake createSession

INFO: Detected dialect: OSS
[MASTER] 16:41:48.142 [Thread-3] ERROR ExternalProcessHandler - INFO: Detected dialect: OSS

Aug 14, 2020 8:41:49 AM org.openqa.selenium.remote.ProtocolHandshake createSession
[MASTER] 16:41:49.536 [Thread-3] ERROR ExternalProcessHandler - Aug 14, 2020 8:41:49 AM org.openqa.selenium.remote.ProtocolHandshake createSession

INFO: Detected dialect: OSS
[MASTER] 16:41:49.536 [Thread-3] ERROR ExternalProcessHandler - INFO: Detected dialect: OSS

Aug 14, 2020 8:41:50 AM org.openqa.selenium.remote.ProtocolHandshake createSession
[MASTER] 16:41:50.488 [Thread-3] ERROR ExternalProcessHandler - Aug 14, 2020 8:41:50 AM org.openqa.selenium.remote.ProtocolHandshake createSession

INFO: Detected dialect: OSS
[MASTER] 16:41:50.488 [Thread-3] ERROR ExternalProcessHandler - INFO: Detected dialect: OSS

Aug 14, 2020 8:41:53 AM po_utils.PageObjectLogging logInfo
[MASTER] 16:41:53.029 [Thread-3] ERROR ExternalProcessHandler - Aug 14, 2020 8:41:53 AM po_utils.PageObjectLogging logInfo

INFO: waitForElementBeingPresentOnPage timeout exception: unable to locate the element By.xpath: //button[text()="Create a new session"]
[MASTER] 16:41:53.030 [Thread-3] ERROR ExternalProcessHandler - INFO: waitForElementBeingPresentOnPage timeout exception: unable to locate the element By.xpath: //button[text()="Create a new session"]


[MASTER] 16:41:53.030 [Thread-3] ERROR ExternalProcessHandler - 


[MASTER] 16:41:53.030 [Thread-3] ERROR ExternalProcessHandler - 

Aug 14, 2020 8:41:53 AM org.openqa.selenium.remote.ProtocolHandshake createSession
[MASTER] 16:41:53.690 [Thread-3] ERROR ExternalProcessHandler - Aug 14, 2020 8:41:53 AM org.openqa.selenium.remote.ProtocolHandshake createSession

INFO: Detected dialect: OSS
[MASTER] 16:41:53.690 [Thread-3] ERROR ExternalProcessHandler - INFO: Detected dialect: OSS

Aug 14, 2020 8:41:59 AM po_utils.PageObjectLogging logInfo
[MASTER] 16:41:59.545 [Thread-3] ERROR ExternalProcessHandler - Aug 14, 2020 8:41:59 AM po_utils.PageObjectLogging logInfo

INFO: waitForElementBeingPresentOnPage timeout exception: unable to locate the element By.xpath: //button[text()="Create a new session"]
[MASTER] 16:41:59.547 [Thread-3] ERROR ExternalProcessHandler - INFO: waitForElementBeingPresentOnPage timeout exception: unable to locate the element By.xpath: //button[text()="Create a new session"]


[MASTER] 16:41:59.547 [Thread-3] ERROR ExternalProcessHandler - 


[MASTER] 16:41:59.547 [Thread-3] ERROR ExternalProcessHandler - 

Aug 14, 2020 8:42:02 AM org.openqa.selenium.remote.ProtocolHandshake createSession
[MASTER] 16:42:02.491 [Thread-3] ERROR ExternalProcessHandler - Aug 14, 2020 8:42:02 AM org.openqa.selenium.remote.ProtocolHandshake createSession

INFO: Detected dialect: OSS
[MASTER] 16:42:02.491 [Thread-3] ERROR ExternalProcessHandler - INFO: Detected dialect: OSS

Aug 14, 2020 8:42:11 AM po_utils.PageObjectLogging logInfo
[MASTER] 16:42:11.547 [Thread-3] ERROR ExternalProcessHandler - Aug 14, 2020 8:42:11 AM po_utils.PageObjectLogging logInfo

INFO: waitForElementBeingPresentOnPage timeout exception: unable to locate the element By.xpath: //button[text()="Create a new session"]
[MASTER] 16:42:11.548 [Thread-3] ERROR ExternalProcessHandler - INFO: waitForElementBeingPresentOnPage timeout exception: unable to locate the element By.xpath: //button[text()="Create a new session"]


[MASTER] 16:42:11.548 [Thread-3] ERROR ExternalProcessHandler - 


[MASTER] 16:42:11.548 [Thread-3] ERROR ExternalProcessHandler - 

Aug 14, 2020 8:42:16 AM org.openqa.selenium.remote.ProtocolHandshake createSession
[MASTER] 16:42:16.742 [Thread-3] ERROR ExternalProcessHandler - Aug 14, 2020 8:42:16 AM org.openqa.selenium.remote.ProtocolHandshake createSession

INFO: Detected dialect: OSS
[MASTER] 16:42:16.742 [Thread-3] ERROR ExternalProcessHandler - INFO: Detected dialect: OSS

Aug 14, 2020 8:42:28 AM po_utils.PageObjectLogging logInfo
[MASTER] 16:42:28.917 [Thread-3] ERROR ExternalProcessHandler - Aug 14, 2020 8:42:28 AM po_utils.PageObjectLogging logInfo

INFO: waitForElementBeingPresentOnPage timeout exception: unable to locate the element By.xpath: //button[text()="Create a new session"]
[MASTER] 16:42:28.918 [Thread-3] ERROR ExternalProcessHandler - INFO: waitForElementBeingPresentOnPage timeout exception: unable to locate the element By.xpath: //button[text()="Create a new session"]


[MASTER] 16:42:28.918 [Thread-3] ERROR ExternalProcessHandler - 


[MASTER] 16:42:28.918 [Thread-3] ERROR ExternalProcessHandler - 

[MASTER] 16:42:36.211 [logback-2] ERROR TestCaseExecutor - TG: Exception caught: 
java.lang.IllegalStateException: Test generation failed: page object bug.
	at org.evosuite.testcase.execution.TestCaseExecutor.runTest(TestCaseExecutor.java:322) ~[evosuite-client-1.0.4-SNAPSHOT.jar:na]
	at org.evosuite.testcase.TestFitnessFunction.runTest(TestFitnessFunction.java:91) [evosuite-client-1.0.4-SNAPSHOT.jar:na]
	at org.evosuite.testcase.TestFitnessFunction.getFitness(TestFitnessFunction.java:60) [evosuite-client-1.0.4-SNAPSHOT.jar:na]
	at org.evosuite.testcase.TestFitnessFunction.getFitness(TestFitnessFunction.java:34) [evosuite-client-1.0.4-SNAPSHOT.jar:na]
	at org.evosuite.ga.metaheuristics.art.AdaptiveRandomSearch.calculateFitness(AdaptiveRandomSearch.java:312) [evosuite-client-1.0.4-SNAPSHOT.jar:na]
	at org.evosuite.ga.metaheuristics.art.AdaptiveRandomSearch.evolve(AdaptiveRandomSearch.java:139) [evosuite-client-1.0.4-SNAPSHOT.jar:na]
	at org.evosuite.ga.metaheuristics.art.AdaptiveRandomSearch.generateSolution(AdaptiveRandomSearch.java:270) [evosuite-client-1.0.4-SNAPSHOT.jar:na]
	at org.evosuite.strategy.AdaptiveRandomTestStrategy.generateTests(AdaptiveRandomTestStrategy.java:118) [evosuite-client-1.0.4-SNAPSHOT.jar:na]
	at org.evosuite.TestSuiteGenerator.generateTests(TestSuiteGenerator.java:654) [evosuite-client-1.0.4-SNAPSHOT.jar:na]
	at org.evosuite.TestSuiteGenerator.generateTestSuite(TestSuiteGenerator.java:213) [evosuite-client-1.0.4-SNAPSHOT.jar:na]
	at org.evosuite.rmi.service.ClientNodeImpl$1.run(ClientNodeImpl.java:145) [evosuite-client-1.0.4-SNAPSHOT.jar:na]
	at java.util.concurrent.Executors$RunnableAdapter.call(Executors.java:511) [na:1.8.0_265]
	at java.util.concurrent.FutureTask.run(FutureTask.java:266) [na:1.8.0_265]
	at java.util.concurrent.ThreadPoolExecutor.runWorker(ThreadPoolExecutor.java:1149) [na:1.8.0_265]
	at java.util.concurrent.ThreadPoolExecutor$Worker.run(ThreadPoolExecutor.java:624) [na:1.8.0_265]
	at java.lang.Thread.run(Thread.java:748) [na:1.8.0_265]
Aug 14, 2020 8:42:36 AM org.openqa.selenium.remote.ProtocolHandshake createSession
[MASTER] 16:42:36.471 [Thread-3] ERROR ExternalProcessHandler - Aug 14, 2020 8:42:36 AM org.openqa.selenium.remote.ProtocolHandshake createSession

INFO: Detected dialect: OSS
[MASTER] 16:42:36.471 [Thread-3] ERROR ExternalProcessHandler - INFO: Detected dialect: OSS

Aug 14, 2020 8:42:37 AM org.openqa.selenium.remote.ProtocolHandshake createSession
[MASTER] 16:42:37.950 [Thread-3] ERROR ExternalProcessHandler - Aug 14, 2020 8:42:37 AM org.openqa.selenium.remote.ProtocolHandshake createSession

INFO: Detected dialect: OSS
[MASTER] 16:42:37.950 [Thread-3] ERROR ExternalProcessHandler - INFO: Detected dialect: OSS

Aug 14, 2020 8:42:38 AM org.openqa.selenium.remote.ProtocolHandshake createSession
[MASTER] 16:42:38.972 [Thread-3] ERROR ExternalProcessHandler - Aug 14, 2020 8:42:38 AM org.openqa.selenium.remote.ProtocolHandshake createSession

INFO: Detected dialect: OSS
[MASTER] 16:42:38.972 [Thread-3] ERROR ExternalProcessHandler - INFO: Detected dialect: OSS

Aug 14, 2020 8:42:40 AM org.openqa.selenium.remote.ProtocolHandshake createSession
[MASTER] 16:42:40.247 [Thread-3] ERROR ExternalProcessHandler - Aug 14, 2020 8:42:40 AM org.openqa.selenium.remote.ProtocolHandshake createSession

INFO: Detected dialect: OSS
[MASTER] 16:42:40.247 [Thread-3] ERROR ExternalProcessHandler - INFO: Detected dialect: OSS

Aug 14, 2020 8:42:41 AM org.openqa.selenium.remote.ProtocolHandshake createSession
[MASTER] 16:42:41.300 [Thread-3] ERROR ExternalProcessHandler - Aug 14, 2020 8:42:41 AM org.openqa.selenium.remote.ProtocolHandshake createSession

INFO: Detected dialect: OSS
[MASTER] 16:42:41.300 [Thread-3] ERROR ExternalProcessHandler - INFO: Detected dialect: OSS

Aug 14, 2020 8:42:43 AM org.openqa.selenium.remote.ProtocolHandshake createSession
[MASTER] 16:42:43.802 [Thread-3] ERROR ExternalProcessHandler - Aug 14, 2020 8:42:43 AM org.openqa.selenium.remote.ProtocolHandshake createSession

INFO: Detected dialect: OSS
[MASTER] 16:42:43.802 [Thread-3] ERROR ExternalProcessHandler - INFO: Detected dialect: OSS

Aug 14, 2020 8:42:46 AM org.openqa.selenium.remote.ProtocolHandshake createSession
[MASTER] 16:42:46.922 [Thread-3] ERROR ExternalProcessHandler - Aug 14, 2020 8:42:46 AM org.openqa.selenium.remote.ProtocolHandshake createSession

INFO: Detected dialect: OSS
[MASTER] 16:42:46.923 [Thread-3] ERROR ExternalProcessHandler - INFO: Detected dialect: OSS

Aug 14, 2020 8:42:48 AM org.openqa.selenium.remote.ProtocolHandshake createSession
[MASTER] 16:42:48.295 [Thread-3] ERROR ExternalProcessHandler - Aug 14, 2020 8:42:48 AM org.openqa.selenium.remote.ProtocolHandshake createSession

INFO: Detected dialect: OSS
[MASTER] 16:42:48.295 [Thread-3] ERROR ExternalProcessHandler - INFO: Detected dialect: OSS

Aug 14, 2020 8:42:50 AM org.openqa.selenium.remote.ProtocolHandshake createSession
[MASTER] 16:42:50.402 [Thread-3] ERROR ExternalProcessHandler - Aug 14, 2020 8:42:50 AM org.openqa.selenium.remote.ProtocolHandshake createSession

INFO: Detected dialect: OSS
[MASTER] 16:42:50.402 [Thread-3] ERROR ExternalProcessHandler - INFO: Detected dialect: OSS

Aug 14, 2020 8:42:54 AM org.openqa.selenium.remote.ProtocolHandshake createSession
[MASTER] 16:42:54.599 [Thread-3] ERROR ExternalProcessHandler - Aug 14, 2020 8:42:54 AM org.openqa.selenium.remote.ProtocolHandshake createSession

INFO: Detected dialect: OSS
[MASTER] 16:42:54.599 [Thread-3] ERROR ExternalProcessHandler - INFO: Detected dialect: OSS

Aug 14, 2020 8:42:58 AM org.openqa.selenium.remote.ProtocolHandshake createSession
[MASTER] 16:42:58.378 [Thread-3] ERROR ExternalProcessHandler - Aug 14, 2020 8:42:58 AM org.openqa.selenium.remote.ProtocolHandshake createSession

INFO: Detected dialect: OSS
[MASTER] 16:42:58.378 [Thread-3] ERROR ExternalProcessHandler - INFO: Detected dialect: OSS

Aug 14, 2020 8:43:08 AM org.openqa.selenium.remote.ProtocolHandshake createSession
[MASTER] 16:43:08.514 [Thread-3] ERROR ExternalProcessHandler - Aug 14, 2020 8:43:08 AM org.openqa.selenium.remote.ProtocolHandshake createSession

INFO: Detected dialect: OSS
[MASTER] 16:43:08.514 [Thread-3] ERROR ExternalProcessHandler - INFO: Detected dialect: OSS

Aug 14, 2020 8:43:24 AM org.openqa.selenium.remote.ProtocolHandshake createSession
[MASTER] 16:43:24.699 [Thread-3] ERROR ExternalProcessHandler - Aug 14, 2020 8:43:24 AM org.openqa.selenium.remote.ProtocolHandshake createSession

INFO: Detected dialect: OSS
[MASTER] 16:43:24.699 [Thread-3] ERROR ExternalProcessHandler - INFO: Detected dialect: OSS

[MASTER] 16:43:46.967 [logback-2] ERROR TestCaseExecutor - TG: Exception caught: 
java.lang.IllegalStateException: Test generation failed: page object bug.
	at org.evosuite.testcase.execution.TestCaseExecutor.runTest(TestCaseExecutor.java:322) ~[evosuite-client-1.0.4-SNAPSHOT.jar:na]
	at org.evosuite.testcase.TestFitnessFunction.runTest(TestFitnessFunction.java:91) [evosuite-client-1.0.4-SNAPSHOT.jar:na]
	at org.evosuite.testcase.TestFitnessFunction.getFitness(TestFitnessFunction.java:60) [evosuite-client-1.0.4-SNAPSHOT.jar:na]
	at org.evosuite.testcase.TestFitnessFunction.getFitness(TestFitnessFunction.java:34) [evosuite-client-1.0.4-SNAPSHOT.jar:na]
	at org.evosuite.ga.metaheuristics.art.AdaptiveRandomSearch.calculateFitness(AdaptiveRandomSearch.java:312) [evosuite-client-1.0.4-SNAPSHOT.jar:na]
	at org.evosuite.ga.metaheuristics.art.AdaptiveRandomSearch.evolve(AdaptiveRandomSearch.java:139) [evosuite-client-1.0.4-SNAPSHOT.jar:na]
	at org.evosuite.ga.metaheuristics.art.AdaptiveRandomSearch.generateSolution(AdaptiveRandomSearch.java:270) [evosuite-client-1.0.4-SNAPSHOT.jar:na]
	at org.evosuite.strategy.AdaptiveRandomTestStrategy.generateTests(AdaptiveRandomTestStrategy.java:118) [evosuite-client-1.0.4-SNAPSHOT.jar:na]
	at org.evosuite.TestSuiteGenerator.generateTests(TestSuiteGenerator.java:654) [evosuite-client-1.0.4-SNAPSHOT.jar:na]
	at org.evosuite.TestSuiteGenerator.generateTestSuite(TestSuiteGenerator.java:213) [evosuite-client-1.0.4-SNAPSHOT.jar:na]
	at org.evosuite.rmi.service.ClientNodeImpl$1.run(ClientNodeImpl.java:145) [evosuite-client-1.0.4-SNAPSHOT.jar:na]
	at java.util.concurrent.Executors$RunnableAdapter.call(Executors.java:511) [na:1.8.0_265]
	at java.util.concurrent.FutureTask.run(FutureTask.java:266) [na:1.8.0_265]
	at java.util.concurrent.ThreadPoolExecutor.runWorker(ThreadPoolExecutor.java:1149) [na:1.8.0_265]
	at java.util.concurrent.ThreadPoolExecutor$Worker.run(ThreadPoolExecutor.java:624) [na:1.8.0_265]
	at java.lang.Thread.run(Thread.java:748) [na:1.8.0_265]
Aug 14, 2020 8:43:47 AM org.openqa.selenium.remote.ProtocolHandshake createSession
[MASTER] 16:43:47.215 [Thread-3] ERROR ExternalProcessHandler - Aug 14, 2020 8:43:47 AM org.openqa.selenium.remote.ProtocolHandshake createSession

INFO: Detected dialect: OSS
[MASTER] 16:43:47.215 [Thread-3] ERROR ExternalProcessHandler - INFO: Detected dialect: OSS

Aug 14, 2020 8:43:48 AM org.openqa.selenium.remote.ProtocolHandshake createSession
[MASTER] 16:43:48.667 [Thread-3] ERROR ExternalProcessHandler - Aug 14, 2020 8:43:48 AM org.openqa.selenium.remote.ProtocolHandshake createSession

INFO: Detected dialect: OSS
[MASTER] 16:43:48.667 [Thread-3] ERROR ExternalProcessHandler - INFO: Detected dialect: OSS

Aug 14, 2020 8:43:51 AM org.openqa.selenium.remote.ProtocolHandshake createSession
[MASTER] 16:43:51.572 [Thread-3] ERROR ExternalProcessHandler - Aug 14, 2020 8:43:51 AM org.openqa.selenium.remote.ProtocolHandshake createSession

INFO: Detected dialect: OSS
[MASTER] 16:43:51.572 [Thread-3] ERROR ExternalProcessHandler - INFO: Detected dialect: OSS

Aug 14, 2020 8:44:00 AM org.openqa.selenium.remote.ProtocolHandshake createSession
[MASTER] 16:44:00.513 [Thread-3] ERROR ExternalProcessHandler - Aug 14, 2020 8:44:00 AM org.openqa.selenium.remote.ProtocolHandshake createSession

INFO: Detected dialect: OSS
[MASTER] 16:44:00.513 [Thread-3] ERROR ExternalProcessHandler - INFO: Detected dialect: OSS

Aug 14, 2020 8:44:15 AM org.openqa.selenium.remote.ProtocolHandshake createSession
[MASTER] 16:44:15.275 [Thread-3] ERROR ExternalProcessHandler - Aug 14, 2020 8:44:15 AM org.openqa.selenium.remote.ProtocolHandshake createSession

INFO: Detected dialect: OSS
[MASTER] 16:44:15.275 [Thread-3] ERROR ExternalProcessHandler - INFO: Detected dialect: OSS

[MASTER] 16:44:35.789 [logback-2] ERROR TestCaseExecutor - TG: Exception caught: 
java.lang.IllegalStateException: Test generation failed: page object bug.
	at org.evosuite.testcase.execution.TestCaseExecutor.runTest(TestCaseExecutor.java:322) ~[evosuite-client-1.0.4-SNAPSHOT.jar:na]
	at org.evosuite.testcase.TestFitnessFunction.runTest(TestFitnessFunction.java:91) [evosuite-client-1.0.4-SNAPSHOT.jar:na]
	at org.evosuite.testcase.TestFitnessFunction.getFitness(TestFitnessFunction.java:60) [evosuite-client-1.0.4-SNAPSHOT.jar:na]
	at org.evosuite.testcase.TestFitnessFunction.getFitness(TestFitnessFunction.java:34) [evosuite-client-1.0.4-SNAPSHOT.jar:na]
	at org.evosuite.ga.metaheuristics.art.AdaptiveRandomSearch.calculateFitness(AdaptiveRandomSearch.java:312) [evosuite-client-1.0.4-SNAPSHOT.jar:na]
	at org.evosuite.ga.metaheuristics.art.AdaptiveRandomSearch.evolve(AdaptiveRandomSearch.java:139) [evosuite-client-1.0.4-SNAPSHOT.jar:na]
	at org.evosuite.ga.metaheuristics.art.AdaptiveRandomSearch.generateSolution(AdaptiveRandomSearch.java:270) [evosuite-client-1.0.4-SNAPSHOT.jar:na]
	at org.evosuite.strategy.AdaptiveRandomTestStrategy.generateTests(AdaptiveRandomTestStrategy.java:118) [evosuite-client-1.0.4-SNAPSHOT.jar:na]
	at org.evosuite.TestSuiteGenerator.generateTests(TestSuiteGenerator.java:654) [evosuite-client-1.0.4-SNAPSHOT.jar:na]
	at org.evosuite.TestSuiteGenerator.generateTestSuite(TestSuiteGenerator.java:213) [evosuite-client-1.0.4-SNAPSHOT.jar:na]
	at org.evosuite.rmi.service.ClientNodeImpl$1.run(ClientNodeImpl.java:145) [evosuite-client-1.0.4-SNAPSHOT.jar:na]
	at java.util.concurrent.Executors$RunnableAdapter.call(Executors.java:511) [na:1.8.0_265]
	at java.util.concurrent.FutureTask.run(FutureTask.java:266) [na:1.8.0_265]
	at java.util.concurrent.ThreadPoolExecutor.runWorker(ThreadPoolExecutor.java:1149) [na:1.8.0_265]
	at java.util.concurrent.ThreadPoolExecutor$Worker.run(ThreadPoolExecutor.java:624) [na:1.8.0_265]
	at java.lang.Thread.run(Thread.java:748) [na:1.8.0_265]
Aug 14, 2020 8:44:36 AM org.openqa.selenium.remote.ProtocolHandshake createSession
[MASTER] 16:44:36.029 [Thread-3] ERROR ExternalProcessHandler - Aug 14, 2020 8:44:36 AM org.openqa.selenium.remote.ProtocolHandshake createSession

INFO: Detected dialect: OSS
[MASTER] 16:44:36.030 [Thread-3] ERROR ExternalProcessHandler - INFO: Detected dialect: OSS

Aug 14, 2020 8:44:38 AM po_utils.PageObjectLogging logInfo
[MASTER] 16:44:38.351 [Thread-3] ERROR ExternalProcessHandler - Aug 14, 2020 8:44:38 AM po_utils.PageObjectLogging logInfo

INFO: waitForElementBeingPresentOnPage timeout exception: unable to locate the element By.xpath: //button[text()="Create a new session"]
[MASTER] 16:44:38.352 [Thread-3] ERROR ExternalProcessHandler - INFO: waitForElementBeingPresentOnPage timeout exception: unable to locate the element By.xpath: //button[text()="Create a new session"]


[MASTER] 16:44:38.352 [Thread-3] ERROR ExternalProcessHandler - 


[MASTER] 16:44:38.352 [Thread-3] ERROR ExternalProcessHandler - 

Aug 14, 2020 8:44:40 AM org.openqa.selenium.remote.ProtocolHandshake createSession
[MASTER] 16:44:40.446 [Thread-3] ERROR ExternalProcessHandler - Aug 14, 2020 8:44:40 AM org.openqa.selenium.remote.ProtocolHandshake createSession

INFO: Detected dialect: OSS
[MASTER] 16:44:40.446 [Thread-3] ERROR ExternalProcessHandler - INFO: Detected dialect: OSS

Aug 14, 2020 8:44:42 AM org.openqa.selenium.remote.ProtocolHandshake createSession
[MASTER] 16:44:42.034 [Thread-3] ERROR ExternalProcessHandler - Aug 14, 2020 8:44:42 AM org.openqa.selenium.remote.ProtocolHandshake createSession

INFO: Detected dialect: OSS
[MASTER] 16:44:42.034 [Thread-3] ERROR ExternalProcessHandler - INFO: Detected dialect: OSS

Aug 14, 2020 8:44:43 AM org.openqa.selenium.remote.ProtocolHandshake createSession
[MASTER] 16:44:43.259 [Thread-3] ERROR ExternalProcessHandler - Aug 14, 2020 8:44:43 AM org.openqa.selenium.remote.ProtocolHandshake createSession

INFO: Detected dialect: OSS
[MASTER] 16:44:43.259 [Thread-3] ERROR ExternalProcessHandler - INFO: Detected dialect: OSS

Aug 14, 2020 8:44:48 AM org.openqa.selenium.remote.ProtocolHandshake createSession
[MASTER] 16:44:48.128 [Thread-3] ERROR ExternalProcessHandler - Aug 14, 2020 8:44:48 AM org.openqa.selenium.remote.ProtocolHandshake createSession

INFO: Detected dialect: OSS
[MASTER] 16:44:48.128 [Thread-3] ERROR ExternalProcessHandler - INFO: Detected dialect: OSS

Aug 14, 2020 8:44:59 AM org.openqa.selenium.remote.ProtocolHandshake createSession
[MASTER] 16:44:59.171 [Thread-3] ERROR ExternalProcessHandler - Aug 14, 2020 8:44:59 AM org.openqa.selenium.remote.ProtocolHandshake createSession

INFO: Detected dialect: OSS
[MASTER] 16:44:59.171 [Thread-3] ERROR ExternalProcessHandler - INFO: Detected dialect: OSS

Aug 14, 2020 8:45:16 AM org.openqa.selenium.remote.ProtocolHandshake createSession
[MASTER] 16:45:16.163 [Thread-3] ERROR ExternalProcessHandler - Aug 14, 2020 8:45:16 AM org.openqa.selenium.remote.ProtocolHandshake createSession

INFO: Detected dialect: OSS
[MASTER] 16:45:16.163 [Thread-3] ERROR ExternalProcessHandler - INFO: Detected dialect: OSS

[MASTER] 16:45:39.127 [logback-2] ERROR TestCaseExecutor - TG: Exception caught: 
java.lang.IllegalStateException: Test generation failed: page object bug.
	at org.evosuite.testcase.execution.TestCaseExecutor.runTest(TestCaseExecutor.java:322) ~[evosuite-client-1.0.4-SNAPSHOT.jar:na]
	at org.evosuite.testcase.TestFitnessFunction.runTest(TestFitnessFunction.java:91) [evosuite-client-1.0.4-SNAPSHOT.jar:na]
	at org.evosuite.testcase.TestFitnessFunction.isCovered(TestFitnessFunction.java:166) [evosuite-client-1.0.4-SNAPSHOT.jar:na]
	at org.evosuite.testsuite.TestSuiteMinimizer.minimizeTests(TestSuiteMinimizer.java:287) [evosuite-client-1.0.4-SNAPSHOT.jar:na]
	at org.evosuite.testsuite.TestSuiteMinimizer.minimize(TestSuiteMinimizer.java:111) [evosuite-client-1.0.4-SNAPSHOT.jar:na]
	at org.evosuite.TestSuiteGenerator.postProcessTests(TestSuiteGenerator.java:422) [evosuite-client-1.0.4-SNAPSHOT.jar:na]
	at org.evosuite.TestSuiteGenerator.generateTestSuite(TestSuiteGenerator.java:215) [evosuite-client-1.0.4-SNAPSHOT.jar:na]
	at org.evosuite.rmi.service.ClientNodeImpl$1.run(ClientNodeImpl.java:145) [evosuite-client-1.0.4-SNAPSHOT.jar:na]
	at java.util.concurrent.Executors$RunnableAdapter.call(Executors.java:511) [na:1.8.0_265]
	at java.util.concurrent.FutureTask.run(FutureTask.java:266) [na:1.8.0_265]
	at java.util.concurrent.ThreadPoolExecutor.runWorker(ThreadPoolExecutor.java:1149) [na:1.8.0_265]
	at java.util.concurrent.ThreadPoolExecutor$Worker.run(ThreadPoolExecutor.java:624) [na:1.8.0_265]
	at java.lang.Thread.run(Thread.java:748) [na:1.8.0_265]
Aug 14, 2020 8:45:39 AM org.openqa.selenium.remote.ProtocolHandshake createSession
[MASTER] 16:45:39.317 [Thread-3] ERROR ExternalProcessHandler - Aug 14, 2020 8:45:39 AM org.openqa.selenium.remote.ProtocolHandshake createSession

INFO: Detected dialect: OSS
[MASTER] 16:45:39.317 [Thread-3] ERROR ExternalProcessHandler - INFO: Detected dialect: OSS

Aug 14, 2020 8:45:40 AM po_utils.PageObjectLogging logInfo
[MASTER] 16:45:40.968 [Thread-3] ERROR ExternalProcessHandler - Aug 14, 2020 8:45:40 AM po_utils.PageObjectLogging logInfo

INFO: waitForElementBeingPresentOnPage timeout exception: unable to locate the element By.xpath: //button[text()="Create a new session"]
[MASTER] 16:45:40.968 [Thread-3] ERROR ExternalProcessHandler - INFO: waitForElementBeingPresentOnPage timeout exception: unable to locate the element By.xpath: //button[text()="Create a new session"]


[MASTER] 16:45:40.968 [Thread-3] ERROR ExternalProcessHandler - 


[MASTER] 16:45:40.968 [Thread-3] ERROR ExternalProcessHandler - 

Aug 14, 2020 8:45:41 AM org.openqa.selenium.remote.ProtocolHandshake createSession
[MASTER] 16:45:41.317 [Thread-3] ERROR ExternalProcessHandler - Aug 14, 2020 8:45:41 AM org.openqa.selenium.remote.ProtocolHandshake createSession

INFO: Detected dialect: OSS
[MASTER] 16:45:41.317 [Thread-3] ERROR ExternalProcessHandler - INFO: Detected dialect: OSS

Aug 14, 2020 8:45:46 AM org.openqa.selenium.remote.ProtocolHandshake createSession
[MASTER] 16:45:46.002 [Thread-3] ERROR ExternalProcessHandler - Aug 14, 2020 8:45:46 AM org.openqa.selenium.remote.ProtocolHandshake createSession

INFO: Detected dialect: OSS
[MASTER] 16:45:46.003 [Thread-3] ERROR ExternalProcessHandler - INFO: Detected dialect: OSS

Aug 14, 2020 8:45:56 AM org.openqa.selenium.remote.ProtocolHandshake createSession
[MASTER] 16:45:56.801 [Thread-3] ERROR ExternalProcessHandler - Aug 14, 2020 8:45:56 AM org.openqa.selenium.remote.ProtocolHandshake createSession

INFO: Detected dialect: OSS
[MASTER] 16:45:56.801 [Thread-3] ERROR ExternalProcessHandler - INFO: Detected dialect: OSS

Aug 14, 2020 8:46:13 AM org.openqa.selenium.remote.ProtocolHandshake createSession
[MASTER] 16:46:13.399 [Thread-3] ERROR ExternalProcessHandler - Aug 14, 2020 8:46:13 AM org.openqa.selenium.remote.ProtocolHandshake createSession

INFO: Detected dialect: OSS
[MASTER] 16:46:13.399 [Thread-3] ERROR ExternalProcessHandler - INFO: Detected dialect: OSS

[MASTER] 16:46:35.802 [logback-2] ERROR TestCaseExecutor - TG: Exception caught: 
java.lang.IllegalStateException: Test generation failed: page object bug.
	at org.evosuite.testcase.execution.TestCaseExecutor.runTest(TestCaseExecutor.java:322) ~[evosuite-client-1.0.4-SNAPSHOT.jar:na]
	at org.evosuite.testcase.TestFitnessFunction.runTest(TestFitnessFunction.java:91) [evosuite-client-1.0.4-SNAPSHOT.jar:na]
	at org.evosuite.testcase.TestFitnessFunction.isCovered(TestFitnessFunction.java:166) [evosuite-client-1.0.4-SNAPSHOT.jar:na]
	at org.evosuite.testsuite.TestSuiteMinimizer.minimizeTests(TestSuiteMinimizer.java:287) [evosuite-client-1.0.4-SNAPSHOT.jar:na]
	at org.evosuite.testsuite.TestSuiteMinimizer.minimize(TestSuiteMinimizer.java:111) [evosuite-client-1.0.4-SNAPSHOT.jar:na]
	at org.evosuite.TestSuiteGenerator.postProcessTests(TestSuiteGenerator.java:422) [evosuite-client-1.0.4-SNAPSHOT.jar:na]
	at org.evosuite.TestSuiteGenerator.generateTestSuite(TestSuiteGenerator.java:215) [evosuite-client-1.0.4-SNAPSHOT.jar:na]
	at org.evosuite.rmi.service.ClientNodeImpl$1.run(ClientNodeImpl.java:145) [evosuite-client-1.0.4-SNAPSHOT.jar:na]
	at java.util.concurrent.Executors$RunnableAdapter.call(Executors.java:511) [na:1.8.0_265]
	at java.util.concurrent.FutureTask.run(FutureTask.java:266) [na:1.8.0_265]
	at java.util.concurrent.ThreadPoolExecutor.runWorker(ThreadPoolExecutor.java:1149) [na:1.8.0_265]
	at java.util.concurrent.ThreadPoolExecutor$Worker.run(ThreadPoolExecutor.java:624) [na:1.8.0_265]
	at java.lang.Thread.run(Thread.java:748) [na:1.8.0_265]
Aug 14, 2020 8:46:35 AM org.openqa.selenium.remote.ProtocolHandshake createSession
[MASTER] 16:46:35.983 [Thread-3] ERROR ExternalProcessHandler - Aug 14, 2020 8:46:35 AM org.openqa.selenium.remote.ProtocolHandshake createSession

INFO: Detected dialect: OSS
[MASTER] 16:46:35.983 [Thread-3] ERROR ExternalProcessHandler - INFO: Detected dialect: OSS

Aug 14, 2020 8:46:38 AM org.openqa.selenium.remote.ProtocolHandshake createSession
[MASTER] 16:46:38.722 [Thread-3] ERROR ExternalProcessHandler - Aug 14, 2020 8:46:38 AM org.openqa.selenium.remote.ProtocolHandshake createSession

INFO: Detected dialect: OSS
[MASTER] 16:46:38.722 [Thread-3] ERROR ExternalProcessHandler - INFO: Detected dialect: OSS

Aug 14, 2020 8:46:44 AM org.openqa.selenium.remote.ProtocolHandshake createSession
[MASTER] 16:46:44.236 [Thread-3] ERROR ExternalProcessHandler - Aug 14, 2020 8:46:44 AM org.openqa.selenium.remote.ProtocolHandshake createSession

INFO: Detected dialect: OSS
[MASTER] 16:46:44.236 [Thread-3] ERROR ExternalProcessHandler - INFO: Detected dialect: OSS

Aug 14, 2020 8:46:55 AM org.openqa.selenium.remote.ProtocolHandshake createSession
[MASTER] 16:46:55.929 [Thread-3] ERROR ExternalProcessHandler - Aug 14, 2020 8:46:55 AM org.openqa.selenium.remote.ProtocolHandshake createSession

INFO: Detected dialect: OSS
[MASTER] 16:46:55.929 [Thread-3] ERROR ExternalProcessHandler - INFO: Detected dialect: OSS

Aug 14, 2020 8:47:13 AM org.openqa.selenium.remote.ProtocolHandshake createSession
[MASTER] 16:47:13.884 [Thread-3] ERROR ExternalProcessHandler - Aug 14, 2020 8:47:13 AM org.openqa.selenium.remote.ProtocolHandshake createSession

INFO: Detected dialect: OSS
[MASTER] 16:47:13.884 [Thread-3] ERROR ExternalProcessHandler - INFO: Detected dialect: OSS

[MASTER] 16:47:37.936 [logback-2] ERROR TestCaseExecutor - TG: Exception caught: 
java.lang.IllegalStateException: Test generation failed: page object bug.
	at org.evosuite.testcase.execution.TestCaseExecutor.runTest(TestCaseExecutor.java:322) ~[evosuite-client-1.0.4-SNAPSHOT.jar:na]
	at org.evosuite.testcase.TestFitnessFunction.runTest(TestFitnessFunction.java:91) [evosuite-client-1.0.4-SNAPSHOT.jar:na]
	at org.evosuite.testcase.TestFitnessFunction.isCovered(TestFitnessFunction.java:166) [evosuite-client-1.0.4-SNAPSHOT.jar:na]
	at org.evosuite.testsuite.TestSuiteMinimizer.minimizeTests(TestSuiteMinimizer.java:287) [evosuite-client-1.0.4-SNAPSHOT.jar:na]
	at org.evosuite.testsuite.TestSuiteMinimizer.minimize(TestSuiteMinimizer.java:111) [evosuite-client-1.0.4-SNAPSHOT.jar:na]
	at org.evosuite.TestSuiteGenerator.postProcessTests(TestSuiteGenerator.java:422) [evosuite-client-1.0.4-SNAPSHOT.jar:na]
	at org.evosuite.TestSuiteGenerator.generateTestSuite(TestSuiteGenerator.java:215) [evosuite-client-1.0.4-SNAPSHOT.jar:na]
	at org.evosuite.rmi.service.ClientNodeImpl$1.run(ClientNodeImpl.java:145) [evosuite-client-1.0.4-SNAPSHOT.jar:na]
	at java.util.concurrent.Executors$RunnableAdapter.call(Executors.java:511) [na:1.8.0_265]
	at java.util.concurrent.FutureTask.run(FutureTask.java:266) [na:1.8.0_265]
	at java.util.concurrent.ThreadPoolExecutor.runWorker(ThreadPoolExecutor.java:1149) [na:1.8.0_265]
	at java.util.concurrent.ThreadPoolExecutor$Worker.run(ThreadPoolExecutor.java:624) [na:1.8.0_265]
	at java.lang.Thread.run(Thread.java:748) [na:1.8.0_265]
Aug 14, 2020 8:47:38 AM org.openqa.selenium.remote.ProtocolHandshake createSession
[MASTER] 16:47:38.113 [Thread-3] ERROR ExternalProcessHandler - Aug 14, 2020 8:47:38 AM org.openqa.selenium.remote.ProtocolHandshake createSession

INFO: Detected dialect: OSS
[MASTER] 16:47:38.113 [Thread-3] ERROR ExternalProcessHandler - INFO: Detected dialect: OSS

Aug 14, 2020 8:47:40 AM org.openqa.selenium.remote.ProtocolHandshake createSession
[MASTER] 16:47:40.496 [Thread-3] ERROR ExternalProcessHandler - Aug 14, 2020 8:47:40 AM org.openqa.selenium.remote.ProtocolHandshake createSession

INFO: Detected dialect: OSS
[MASTER] 16:47:40.496 [Thread-3] ERROR ExternalProcessHandler - INFO: Detected dialect: OSS

Aug 14, 2020 8:47:42 AM po_utils.PageObjectLogging logInfo
[MASTER] 16:47:42.797 [Thread-3] ERROR ExternalProcessHandler - Aug 14, 2020 8:47:42 AM po_utils.PageObjectLogging logInfo

INFO: waitForElementBeingPresentOnPage timeout exception: unable to locate the element By.xpath: //button[text()="Create a new session"]
[MASTER] 16:47:42.798 [Thread-3] ERROR ExternalProcessHandler - INFO: waitForElementBeingPresentOnPage timeout exception: unable to locate the element By.xpath: //button[text()="Create a new session"]


[MASTER] 16:47:42.798 [Thread-3] ERROR ExternalProcessHandler - 


[MASTER] 16:47:42.798 [Thread-3] ERROR ExternalProcessHandler - 

Aug 14, 2020 8:47:44 AM org.openqa.selenium.remote.ProtocolHandshake createSession
[MASTER] 16:47:44.703 [Thread-3] ERROR ExternalProcessHandler - Aug 14, 2020 8:47:44 AM org.openqa.selenium.remote.ProtocolHandshake createSession

INFO: Detected dialect: OSS
[MASTER] 16:47:44.703 [Thread-3] ERROR ExternalProcessHandler - INFO: Detected dialect: OSS

Aug 14, 2020 8:47:49 AM org.openqa.selenium.remote.ProtocolHandshake createSession
[MASTER] 16:47:49.775 [Thread-3] ERROR ExternalProcessHandler - Aug 14, 2020 8:47:49 AM org.openqa.selenium.remote.ProtocolHandshake createSession

INFO: Detected dialect: OSS
[MASTER] 16:47:49.775 [Thread-3] ERROR ExternalProcessHandler - INFO: Detected dialect: OSS

Aug 14, 2020 8:47:53 AM org.openqa.selenium.remote.ProtocolHandshake createSession
[MASTER] 16:47:53.264 [Thread-3] ERROR ExternalProcessHandler - Aug 14, 2020 8:47:53 AM org.openqa.selenium.remote.ProtocolHandshake createSession

INFO: Detected dialect: OSS
[MASTER] 16:47:53.264 [Thread-3] ERROR ExternalProcessHandler - INFO: Detected dialect: OSS

Aug 14, 2020 8:47:55 AM org.openqa.selenium.remote.ProtocolHandshake createSession
[MASTER] 16:47:55.342 [Thread-3] ERROR ExternalProcessHandler - Aug 14, 2020 8:47:55 AM org.openqa.selenium.remote.ProtocolHandshake createSession

INFO: Detected dialect: OSS
[MASTER] 16:47:55.342 [Thread-3] ERROR ExternalProcessHandler - INFO: Detected dialect: OSS

Aug 14, 2020 8:47:57 AM org.openqa.selenium.remote.ProtocolHandshake createSession
[MASTER] 16:47:57.569 [Thread-3] ERROR ExternalProcessHandler - Aug 14, 2020 8:47:57 AM org.openqa.selenium.remote.ProtocolHandshake createSession

INFO: Detected dialect: OSS
[MASTER] 16:47:57.569 [Thread-3] ERROR ExternalProcessHandler - INFO: Detected dialect: OSS

Aug 14, 2020 8:48:00 AM org.openqa.selenium.remote.ProtocolHandshake createSession
[MASTER] 16:48:00.935 [Thread-3] ERROR ExternalProcessHandler - Aug 14, 2020 8:48:00 AM org.openqa.selenium.remote.ProtocolHandshake createSession

INFO: Detected dialect: OSS
[MASTER] 16:48:00.935 [Thread-3] ERROR ExternalProcessHandler - INFO: Detected dialect: OSS

Aug 14, 2020 8:48:06 AM org.openqa.selenium.remote.ProtocolHandshake createSession
[MASTER] 16:48:06.023 [Thread-3] ERROR ExternalProcessHandler - Aug 14, 2020 8:48:06 AM org.openqa.selenium.remote.ProtocolHandshake createSession

INFO: Detected dialect: OSS
[MASTER] 16:48:06.023 [Thread-3] ERROR ExternalProcessHandler - INFO: Detected dialect: OSS

Aug 14, 2020 8:48:08 AM po_utils.PageObjectLogging logInfo
[MASTER] 16:48:08.249 [Thread-3] ERROR ExternalProcessHandler - Aug 14, 2020 8:48:08 AM po_utils.PageObjectLogging logInfo

INFO: waitForElementBeingPresentOnPage timeout exception: unable to locate the element By.xpath: //button[text()="Create a new session"]
[MASTER] 16:48:08.250 [Thread-3] ERROR ExternalProcessHandler - INFO: waitForElementBeingPresentOnPage timeout exception: unable to locate the element By.xpath: //button[text()="Create a new session"]


[MASTER] 16:48:08.250 [Thread-3] ERROR ExternalProcessHandler - 


[MASTER] 16:48:08.250 [Thread-3] ERROR ExternalProcessHandler - 

