SLF4J: Class path contains multiple SLF4J bindings.
SLF4J: Found binding in [jar:file:/home/yw/.m2/repository/ch/qos/logback/logback-classic/1.1.3/logback-classic-1.1.3.jar!/org/slf4j/impl/StaticLoggerBinder.class]
SLF4J: Found binding in [jar:file:/home/yw/.m2/repository/org/evosuite/evosuite-master/1.0.4-SNAPSHOT/evosuite-master-1.0.4-SNAPSHOT.jar!/org/slf4j/impl/StaticLoggerBinder.class]
SLF4J: See http://www.slf4j.org/codes.html#multiple_bindings for an explanation.
SLF4J: Actual binding is of type [ch.qos.logback.classic.util.ContextSelectorStaticBinder]
SLF4J: Class path contains multiple SLF4J bindings.
[MASTER] 13:49:51.433 [Thread-3] ERROR ExternalProcessHandler - SLF4J: Class path contains multiple SLF4J bindings.

SLF4J: Found binding in [jar:file:/home/yw/.m2/repository/ch/qos/logback/logback-classic/1.1.3/logback-classic-1.1.3.jar!/org/slf4j/impl/StaticLoggerBinder.class]
[MASTER] 13:49:51.436 [Thread-3] ERROR ExternalProcessHandler - SLF4J: Found binding in [jar:file:/home/yw/.m2/repository/ch/qos/logback/logback-classic/1.1.3/logback-classic-1.1.3.jar!/org/slf4j/impl/StaticLoggerBinder.class]

SLF4J: Found binding in [jar:file:/home/yw/.m2/repository/org/evosuite/evosuite-master/1.0.4-SNAPSHOT/evosuite-master-1.0.4-SNAPSHOT.jar!/org/slf4j/impl/StaticLoggerBinder.class]
[MASTER] 13:49:51.437 [Thread-3] ERROR ExternalProcessHandler - SLF4J: Found binding in [jar:file:/home/yw/.m2/repository/org/evosuite/evosuite-master/1.0.4-SNAPSHOT/evosuite-master-1.0.4-SNAPSHOT.jar!/org/slf4j/impl/StaticLoggerBinder.class]

SLF4J: See http://www.slf4j.org/codes.html#multiple_bindings for an explanation.
[MASTER] 13:49:51.438 [Thread-3] ERROR ExternalProcessHandler - SLF4J: See http://www.slf4j.org/codes.html#multiple_bindings for an explanation.

SLF4J: Actual binding is of type [ch.qos.logback.classic.util.ContextSelectorStaticBinder]
[MASTER] 13:49:51.612 [Thread-3] ERROR ExternalProcessHandler - SLF4J: Actual binding is of type [ch.qos.logback.classic.util.ContextSelectorStaticBinder]

Aug 14, 2020 5:49:54 AM org.openqa.selenium.remote.ProtocolHandshake createSession
[MASTER] 13:49:54.453 [Thread-3] ERROR ExternalProcessHandler - Aug 14, 2020 5:49:54 AM org.openqa.selenium.remote.ProtocolHandshake createSession

INFO: Detected dialect: OSS
[MASTER] 13:49:54.454 [Thread-3] ERROR ExternalProcessHandler - INFO: Detected dialect: OSS

Aug 14, 2020 5:49:57 AM org.openqa.selenium.remote.ProtocolHandshake createSession
[MASTER] 13:49:57.498 [Thread-3] ERROR ExternalProcessHandler - Aug 14, 2020 5:49:57 AM org.openqa.selenium.remote.ProtocolHandshake createSession

INFO: Detected dialect: OSS
[MASTER] 13:49:57.499 [Thread-3] ERROR ExternalProcessHandler - INFO: Detected dialect: OSS

Exception in thread "Thread-3" java.lang.ClassCastException: org.evosuite.testcase.TestChromosome cannot be cast to org.evosuite.testsuite.TestSuiteChromosome
[MASTER] 13:49:57.525 [Thread-3] ERROR ExternalProcessHandler - Exception in thread "Thread-3" java.lang.ClassCastException: org.evosuite.testcase.TestChromosome cannot be cast to org.evosuite.testsuite.TestSuiteChromosome

	at org.evosuite.statistics.SearchStatistics.currentIndividual(SearchStatistics.java:181)
[MASTER] 13:49:57.526 [Thread-3] ERROR ExternalProcessHandler - 	at org.evosuite.statistics.SearchStatistics.currentIndividual(SearchStatistics.java:181)

	at org.evosuite.rmi.service.MasterNodeImpl.evosuite_collectStatistics(MasterNodeImpl.java:166)
[MASTER] 13:49:57.526 [Thread-3] ERROR ExternalProcessHandler - 	at org.evosuite.rmi.service.MasterNodeImpl.evosuite_collectStatistics(MasterNodeImpl.java:166)

	at sun.reflect.NativeMethodAccessorImpl.invoke0(Native Method)
[MASTER] 13:49:57.526 [Thread-3] ERROR ExternalProcessHandler - 	at sun.reflect.NativeMethodAccessorImpl.invoke0(Native Method)

	at sun.reflect.NativeMethodAccessorImpl.invoke(NativeMethodAccessorImpl.java:62)
[MASTER] 13:49:57.527 [Thread-3] ERROR ExternalProcessHandler - 	at sun.reflect.NativeMethodAccessorImpl.invoke(NativeMethodAccessorImpl.java:62)

	at sun.reflect.DelegatingMethodAccessorImpl.invoke(DelegatingMethodAccessorImpl.java:43)
[MASTER] 13:49:57.527 [Thread-3] ERROR ExternalProcessHandler - 	at sun.reflect.DelegatingMethodAccessorImpl.invoke(DelegatingMethodAccessorImpl.java:43)

	at java.lang.reflect.Method.invoke(Method.java:498)
[MASTER] 13:49:57.527 [Thread-3] ERROR ExternalProcessHandler - 	at java.lang.reflect.Method.invoke(Method.java:498)

	at sun.rmi.server.UnicastServerRef.dispatch(UnicastServerRef.java:357)
[MASTER] 13:49:57.528 [Thread-3] ERROR ExternalProcessHandler - 	at sun.rmi.server.UnicastServerRef.dispatch(UnicastServerRef.java:357)

	at sun.rmi.transport.Transport$1.run(Transport.java:200)
[MASTER] 13:49:57.528 [Thread-3] ERROR ExternalProcessHandler - 	at sun.rmi.transport.Transport$1.run(Transport.java:200)

	at sun.rmi.transport.Transport$1.run(Transport.java:197)
[MASTER] 13:49:57.528 [Thread-3] ERROR ExternalProcessHandler - 	at sun.rmi.transport.Transport$1.run(Transport.java:197)

	at java.security.AccessController.doPrivileged(Native Method)
[MASTER] 13:49:57.528 [Thread-3] ERROR ExternalProcessHandler - 	at java.security.AccessController.doPrivileged(Native Method)

	at sun.rmi.transport.Transport.serviceCall(Transport.java:196)
[MASTER] 13:49:57.529 [Thread-3] ERROR ExternalProcessHandler - 	at sun.rmi.transport.Transport.serviceCall(Transport.java:196)

	at sun.rmi.transport.tcp.TCPTransport.handleMessages(TCPTransport.java:573)
[MASTER] 13:49:57.529 [Thread-3] ERROR ExternalProcessHandler - 	at sun.rmi.transport.tcp.TCPTransport.handleMessages(TCPTransport.java:573)

	at sun.rmi.transport.tcp.TCPTransport$ConnectionHandler.run0(TCPTransport.java:834)
[MASTER] 13:49:57.529 [Thread-3] ERROR ExternalProcessHandler - 	at sun.rmi.transport.tcp.TCPTransport$ConnectionHandler.run0(TCPTransport.java:834)

	at sun.rmi.transport.tcp.TCPTransport$ConnectionHandler.lambda$run$0(TCPTransport.java:688)
[MASTER] 13:49:57.530 [Thread-3] ERROR ExternalProcessHandler - 	at sun.rmi.transport.tcp.TCPTransport$ConnectionHandler.lambda$run$0(TCPTransport.java:688)

	at java.security.AccessController.doPrivileged(Native Method)
[MASTER] 13:49:57.530 [Thread-3] ERROR ExternalProcessHandler - 	at java.security.AccessController.doPrivileged(Native Method)

	at sun.rmi.transport.tcp.TCPTransport$ConnectionHandler.run(TCPTransport.java:687)
[MASTER] 13:49:57.530 [Thread-3] ERROR ExternalProcessHandler - 	at sun.rmi.transport.tcp.TCPTransport$ConnectionHandler.run(TCPTransport.java:687)

	at java.util.concurrent.ThreadPoolExecutor.runWorker(ThreadPoolExecutor.java:1149)
[MASTER] 13:49:57.531 [Thread-3] ERROR ExternalProcessHandler - 	at java.util.concurrent.ThreadPoolExecutor.runWorker(ThreadPoolExecutor.java:1149)

	at java.util.concurrent.ThreadPoolExecutor$Worker.run(ThreadPoolExecutor.java:624)
[MASTER] 13:49:57.531 [Thread-3] ERROR ExternalProcessHandler - 	at java.util.concurrent.ThreadPoolExecutor$Worker.run(ThreadPoolExecutor.java:624)

	at java.lang.Thread.run(Thread.java:748)
[MASTER] 13:49:57.531 [Thread-3] ERROR ExternalProcessHandler - 	at java.lang.Thread.run(Thread.java:748)

	at sun.rmi.transport.StreamRemoteCall.exceptionReceivedFromServer(StreamRemoteCall.java:303)
[MASTER] 13:49:57.531 [Thread-3] ERROR ExternalProcessHandler - 	at sun.rmi.transport.StreamRemoteCall.exceptionReceivedFromServer(StreamRemoteCall.java:303)

	at sun.rmi.transport.StreamRemoteCall.executeCall(StreamRemoteCall.java:279)
[MASTER] 13:49:57.532 [Thread-3] ERROR ExternalProcessHandler - 	at sun.rmi.transport.StreamRemoteCall.executeCall(StreamRemoteCall.java:279)

	at sun.rmi.server.UnicastRef.invoke(UnicastRef.java:164)
[MASTER] 13:49:57.532 [Thread-3] ERROR ExternalProcessHandler - 	at sun.rmi.server.UnicastRef.invoke(UnicastRef.java:164)

	at java.rmi.server.RemoteObjectInvocationHandler.invokeRemoteMethod(RemoteObjectInvocationHandler.java:235)
[MASTER] 13:49:57.533 [Thread-3] ERROR ExternalProcessHandler - 	at java.rmi.server.RemoteObjectInvocationHandler.invokeRemoteMethod(RemoteObjectInvocationHandler.java:235)

	at java.rmi.server.RemoteObjectInvocationHandler.invoke(RemoteObjectInvocationHandler.java:180)
[MASTER] 13:49:57.533 [Thread-3] ERROR ExternalProcessHandler - 	at java.rmi.server.RemoteObjectInvocationHandler.invoke(RemoteObjectInvocationHandler.java:180)

	at com.sun.proxy.$Proxy7.evosuite_collectStatistics(Unknown Source)
[MASTER] 13:49:57.533 [Thread-3] ERROR ExternalProcessHandler - 	at com.sun.proxy.$Proxy7.evosuite_collectStatistics(Unknown Source)

	at org.evosuite.rmi.service.ClientNodeImpl.updateStatistics(ClientNodeImpl.java:237)
[MASTER] 13:49:57.534 [Thread-3] ERROR ExternalProcessHandler - 	at org.evosuite.rmi.service.ClientNodeImpl.updateStatistics(ClientNodeImpl.java:237)

	at org.evosuite.statistics.StatisticsSender.sendIndividualToMaster(StatisticsSender.java:75)
[MASTER] 13:49:57.534 [Thread-3] ERROR ExternalProcessHandler - 	at org.evosuite.statistics.StatisticsSender.sendIndividualToMaster(StatisticsSender.java:75)

	at org.evosuite.statistics.StatisticsListener$1.run(StatisticsListener.java:71)
[MASTER] 13:49:57.535 [Thread-3] ERROR ExternalProcessHandler - 	at org.evosuite.statistics.StatisticsListener$1.run(StatisticsListener.java:71)

Aug 14, 2020 5:49:58 AM org.openqa.selenium.remote.ProtocolHandshake createSession
[MASTER] 13:49:58.656 [Thread-3] ERROR ExternalProcessHandler - Aug 14, 2020 5:49:58 AM org.openqa.selenium.remote.ProtocolHandshake createSession

INFO: Detected dialect: OSS
[MASTER] 13:49:58.656 [Thread-3] ERROR ExternalProcessHandler - INFO: Detected dialect: OSS

Aug 14, 2020 5:49:59 AM org.openqa.selenium.remote.ProtocolHandshake createSession
[MASTER] 13:49:59.762 [Thread-3] ERROR ExternalProcessHandler - Aug 14, 2020 5:49:59 AM org.openqa.selenium.remote.ProtocolHandshake createSession

INFO: Detected dialect: OSS
[MASTER] 13:49:59.762 [Thread-3] ERROR ExternalProcessHandler - INFO: Detected dialect: OSS

Aug 14, 2020 5:50:01 AM org.openqa.selenium.remote.ProtocolHandshake createSession
[MASTER] 13:50:01.278 [Thread-3] ERROR ExternalProcessHandler - Aug 14, 2020 5:50:01 AM org.openqa.selenium.remote.ProtocolHandshake createSession

INFO: Detected dialect: OSS
[MASTER] 13:50:01.279 [Thread-3] ERROR ExternalProcessHandler - INFO: Detected dialect: OSS

Aug 14, 2020 5:50:02 AM org.openqa.selenium.remote.ProtocolHandshake createSession
[MASTER] 13:50:02.329 [Thread-3] ERROR ExternalProcessHandler - Aug 14, 2020 5:50:02 AM org.openqa.selenium.remote.ProtocolHandshake createSession

INFO: Detected dialect: OSS
[MASTER] 13:50:02.329 [Thread-3] ERROR ExternalProcessHandler - INFO: Detected dialect: OSS

Aug 14, 2020 5:50:05 AM org.openqa.selenium.remote.ProtocolHandshake createSession
[MASTER] 13:50:05.818 [Thread-3] ERROR ExternalProcessHandler - Aug 14, 2020 5:50:05 AM org.openqa.selenium.remote.ProtocolHandshake createSession

INFO: Detected dialect: OSS
[MASTER] 13:50:05.818 [Thread-3] ERROR ExternalProcessHandler - INFO: Detected dialect: OSS

Aug 14, 2020 5:50:15 AM org.openqa.selenium.remote.ProtocolHandshake createSession
[MASTER] 13:50:15.765 [Thread-3] ERROR ExternalProcessHandler - Aug 14, 2020 5:50:15 AM org.openqa.selenium.remote.ProtocolHandshake createSession

INFO: Detected dialect: OSS
[MASTER] 13:50:15.765 [Thread-3] ERROR ExternalProcessHandler - INFO: Detected dialect: OSS

Aug 14, 2020 5:50:31 AM org.openqa.selenium.remote.ProtocolHandshake createSession
[MASTER] 13:50:31.827 [Thread-3] ERROR ExternalProcessHandler - Aug 14, 2020 5:50:31 AM org.openqa.selenium.remote.ProtocolHandshake createSession

INFO: Detected dialect: OSS
[MASTER] 13:50:31.828 [Thread-3] ERROR ExternalProcessHandler - INFO: Detected dialect: OSS

[MASTER] 13:50:53.836 [logback-2] ERROR TestCaseExecutor - TG: Exception caught: 
java.lang.IllegalStateException: Test generation failed: page object bug.
	at org.evosuite.testcase.execution.TestCaseExecutor.runTest(TestCaseExecutor.java:322) ~[evosuite-client-1.0.4-SNAPSHOT.jar:na]
	at org.evosuite.testcase.TestFitnessFunction.runTest(TestFitnessFunction.java:91) [evosuite-client-1.0.4-SNAPSHOT.jar:na]
	at org.evosuite.testcase.TestFitnessFunction.getFitness(TestFitnessFunction.java:60) [evosuite-client-1.0.4-SNAPSHOT.jar:na]
	at org.evosuite.testcase.TestFitnessFunction.getFitness(TestFitnessFunction.java:34) [evosuite-client-1.0.4-SNAPSHOT.jar:na]
	at org.evosuite.ga.metaheuristics.art.AdaptiveRandomSearch.calculateFitness(AdaptiveRandomSearch.java:312) [evosuite-client-1.0.4-SNAPSHOT.jar:na]
	at org.evosuite.ga.metaheuristics.art.AdaptiveRandomSearch.evolve(AdaptiveRandomSearch.java:139) [evosuite-client-1.0.4-SNAPSHOT.jar:na]
	at org.evosuite.ga.metaheuristics.art.AdaptiveRandomSearch.generateSolution(AdaptiveRandomSearch.java:270) [evosuite-client-1.0.4-SNAPSHOT.jar:na]
	at org.evosuite.strategy.AdaptiveRandomTestStrategy.generateTests(AdaptiveRandomTestStrategy.java:118) [evosuite-client-1.0.4-SNAPSHOT.jar:na]
	at org.evosuite.TestSuiteGenerator.generateTests(TestSuiteGenerator.java:654) [evosuite-client-1.0.4-SNAPSHOT.jar:na]
	at org.evosuite.TestSuiteGenerator.generateTestSuite(TestSuiteGenerator.java:213) [evosuite-client-1.0.4-SNAPSHOT.jar:na]
	at org.evosuite.rmi.service.ClientNodeImpl$1.run(ClientNodeImpl.java:145) [evosuite-client-1.0.4-SNAPSHOT.jar:na]
	at java.util.concurrent.Executors$RunnableAdapter.call(Executors.java:511) [na:1.8.0_265]
	at java.util.concurrent.FutureTask.run(FutureTask.java:266) [na:1.8.0_265]
	at java.util.concurrent.ThreadPoolExecutor.runWorker(ThreadPoolExecutor.java:1149) [na:1.8.0_265]
	at java.util.concurrent.ThreadPoolExecutor$Worker.run(ThreadPoolExecutor.java:624) [na:1.8.0_265]
	at java.lang.Thread.run(Thread.java:748) [na:1.8.0_265]
Aug 14, 2020 5:50:54 AM org.openqa.selenium.remote.ProtocolHandshake createSession
[MASTER] 13:50:54.021 [Thread-3] ERROR ExternalProcessHandler - Aug 14, 2020 5:50:54 AM org.openqa.selenium.remote.ProtocolHandshake createSession

INFO: Detected dialect: OSS
[MASTER] 13:50:54.021 [Thread-3] ERROR ExternalProcessHandler - INFO: Detected dialect: OSS

Aug 14, 2020 5:51:01 AM org.openqa.selenium.remote.ProtocolHandshake createSession
[MASTER] 13:51:01.391 [Thread-3] ERROR ExternalProcessHandler - Aug 14, 2020 5:51:01 AM org.openqa.selenium.remote.ProtocolHandshake createSession

INFO: Detected dialect: OSS
[MASTER] 13:51:01.391 [Thread-3] ERROR ExternalProcessHandler - INFO: Detected dialect: OSS

Aug 14, 2020 5:51:15 AM org.openqa.selenium.remote.ProtocolHandshake createSession
[MASTER] 13:51:15.573 [Thread-3] ERROR ExternalProcessHandler - Aug 14, 2020 5:51:15 AM org.openqa.selenium.remote.ProtocolHandshake createSession

INFO: Detected dialect: OSS
[MASTER] 13:51:15.574 [Thread-3] ERROR ExternalProcessHandler - INFO: Detected dialect: OSS

Aug 14, 2020 5:51:35 AM org.openqa.selenium.remote.ProtocolHandshake createSession
[MASTER] 13:51:35.917 [Thread-3] ERROR ExternalProcessHandler - Aug 14, 2020 5:51:35 AM org.openqa.selenium.remote.ProtocolHandshake createSession

INFO: Detected dialect: OSS
[MASTER] 13:51:35.918 [Thread-3] ERROR ExternalProcessHandler - INFO: Detected dialect: OSS

[MASTER] 13:52:02.477 [logback-2] ERROR TestCaseExecutor - TG: Exception caught: 
java.lang.IllegalStateException: Test generation failed: page object bug.
	at org.evosuite.testcase.execution.TestCaseExecutor.runTest(TestCaseExecutor.java:322) ~[evosuite-client-1.0.4-SNAPSHOT.jar:na]
	at org.evosuite.testcase.TestFitnessFunction.runTest(TestFitnessFunction.java:91) [evosuite-client-1.0.4-SNAPSHOT.jar:na]
	at org.evosuite.testcase.TestFitnessFunction.getFitness(TestFitnessFunction.java:60) [evosuite-client-1.0.4-SNAPSHOT.jar:na]
	at org.evosuite.testcase.TestFitnessFunction.getFitness(TestFitnessFunction.java:34) [evosuite-client-1.0.4-SNAPSHOT.jar:na]
	at org.evosuite.ga.metaheuristics.art.AdaptiveRandomSearch.calculateFitness(AdaptiveRandomSearch.java:312) [evosuite-client-1.0.4-SNAPSHOT.jar:na]
	at org.evosuite.ga.metaheuristics.art.AdaptiveRandomSearch.evolve(AdaptiveRandomSearch.java:139) [evosuite-client-1.0.4-SNAPSHOT.jar:na]
	at org.evosuite.ga.metaheuristics.art.AdaptiveRandomSearch.generateSolution(AdaptiveRandomSearch.java:270) [evosuite-client-1.0.4-SNAPSHOT.jar:na]
	at org.evosuite.strategy.AdaptiveRandomTestStrategy.generateTests(AdaptiveRandomTestStrategy.java:118) [evosuite-client-1.0.4-SNAPSHOT.jar:na]
	at org.evosuite.TestSuiteGenerator.generateTests(TestSuiteGenerator.java:654) [evosuite-client-1.0.4-SNAPSHOT.jar:na]
	at org.evosuite.TestSuiteGenerator.generateTestSuite(TestSuiteGenerator.java:213) [evosuite-client-1.0.4-SNAPSHOT.jar:na]
	at org.evosuite.rmi.service.ClientNodeImpl$1.run(ClientNodeImpl.java:145) [evosuite-client-1.0.4-SNAPSHOT.jar:na]
	at java.util.concurrent.Executors$RunnableAdapter.call(Executors.java:511) [na:1.8.0_265]
	at java.util.concurrent.FutureTask.run(FutureTask.java:266) [na:1.8.0_265]
	at java.util.concurrent.ThreadPoolExecutor.runWorker(ThreadPoolExecutor.java:1149) [na:1.8.0_265]
	at java.util.concurrent.ThreadPoolExecutor$Worker.run(ThreadPoolExecutor.java:624) [na:1.8.0_265]
	at java.lang.Thread.run(Thread.java:748) [na:1.8.0_265]
Aug 14, 2020 5:52:02 AM org.openqa.selenium.remote.ProtocolHandshake createSession
[MASTER] 13:52:02.656 [Thread-3] ERROR ExternalProcessHandler - Aug 14, 2020 5:52:02 AM org.openqa.selenium.remote.ProtocolHandshake createSession

INFO: Detected dialect: OSS
[MASTER] 13:52:02.656 [Thread-3] ERROR ExternalProcessHandler - INFO: Detected dialect: OSS

Aug 14, 2020 5:52:03 AM org.openqa.selenium.remote.ProtocolHandshake createSession
[MASTER] 13:52:03.544 [Thread-3] ERROR ExternalProcessHandler - Aug 14, 2020 5:52:03 AM org.openqa.selenium.remote.ProtocolHandshake createSession

INFO: Detected dialect: OSS
[MASTER] 13:52:03.544 [Thread-3] ERROR ExternalProcessHandler - INFO: Detected dialect: OSS

Aug 14, 2020 5:52:04 AM org.openqa.selenium.remote.ProtocolHandshake createSession
[MASTER] 13:52:04.703 [Thread-3] ERROR ExternalProcessHandler - Aug 14, 2020 5:52:04 AM org.openqa.selenium.remote.ProtocolHandshake createSession

INFO: Detected dialect: OSS
[MASTER] 13:52:04.704 [Thread-3] ERROR ExternalProcessHandler - INFO: Detected dialect: OSS

Aug 14, 2020 5:52:06 AM org.openqa.selenium.remote.ProtocolHandshake createSession
[MASTER] 13:52:06.056 [Thread-3] ERROR ExternalProcessHandler - Aug 14, 2020 5:52:06 AM org.openqa.selenium.remote.ProtocolHandshake createSession

INFO: Detected dialect: OSS
[MASTER] 13:52:06.056 [Thread-3] ERROR ExternalProcessHandler - INFO: Detected dialect: OSS

Aug 14, 2020 5:52:07 AM org.openqa.selenium.remote.ProtocolHandshake createSession
[MASTER] 13:52:07.665 [Thread-3] ERROR ExternalProcessHandler - Aug 14, 2020 5:52:07 AM org.openqa.selenium.remote.ProtocolHandshake createSession

INFO: Detected dialect: OSS
[MASTER] 13:52:07.665 [Thread-3] ERROR ExternalProcessHandler - INFO: Detected dialect: OSS

Aug 14, 2020 5:52:08 AM org.openqa.selenium.remote.ProtocolHandshake createSession
[MASTER] 13:52:08.814 [Thread-3] ERROR ExternalProcessHandler - Aug 14, 2020 5:52:08 AM org.openqa.selenium.remote.ProtocolHandshake createSession

INFO: Detected dialect: OSS
[MASTER] 13:52:08.814 [Thread-3] ERROR ExternalProcessHandler - INFO: Detected dialect: OSS

Aug 14, 2020 5:52:09 AM org.openqa.selenium.remote.ProtocolHandshake createSession
[MASTER] 13:52:09.775 [Thread-3] ERROR ExternalProcessHandler - Aug 14, 2020 5:52:09 AM org.openqa.selenium.remote.ProtocolHandshake createSession

INFO: Detected dialect: OSS
[MASTER] 13:52:09.775 [Thread-3] ERROR ExternalProcessHandler - INFO: Detected dialect: OSS

Aug 14, 2020 5:52:10 AM org.openqa.selenium.remote.ProtocolHandshake createSession
[MASTER] 13:52:10.667 [Thread-3] ERROR ExternalProcessHandler - Aug 14, 2020 5:52:10 AM org.openqa.selenium.remote.ProtocolHandshake createSession

INFO: Detected dialect: OSS
[MASTER] 13:52:10.667 [Thread-3] ERROR ExternalProcessHandler - INFO: Detected dialect: OSS

Aug 14, 2020 5:52:13 AM po_utils.PageObjectLogging logInfo
[MASTER] 13:52:13.007 [Thread-3] ERROR ExternalProcessHandler - Aug 14, 2020 5:52:13 AM po_utils.PageObjectLogging logInfo

INFO: waitForElementBeingPresentOnPage timeout exception: unable to locate the element By.xpath: //button[text()="Create a new session"]
[MASTER] 13:52:13.008 [Thread-3] ERROR ExternalProcessHandler - INFO: waitForElementBeingPresentOnPage timeout exception: unable to locate the element By.xpath: //button[text()="Create a new session"]


[MASTER] 13:52:13.008 [Thread-3] ERROR ExternalProcessHandler - 


[MASTER] 13:52:13.008 [Thread-3] ERROR ExternalProcessHandler - 

Aug 14, 2020 5:52:14 AM org.openqa.selenium.remote.ProtocolHandshake createSession
[MASTER] 13:52:14.558 [Thread-3] ERROR ExternalProcessHandler - Aug 14, 2020 5:52:14 AM org.openqa.selenium.remote.ProtocolHandshake createSession

INFO: Detected dialect: OSS
[MASTER] 13:52:14.558 [Thread-3] ERROR ExternalProcessHandler - INFO: Detected dialect: OSS

Aug 14, 2020 5:52:21 AM po_utils.PageObjectLogging logInfo
[MASTER] 13:52:21.864 [Thread-3] ERROR ExternalProcessHandler - Aug 14, 2020 5:52:21 AM po_utils.PageObjectLogging logInfo

INFO: waitForElementBeingPresentOnPage timeout exception: unable to locate the element By.xpath: //button[text()="Create a new session"]
[MASTER] 13:52:21.865 [Thread-3] ERROR ExternalProcessHandler - INFO: waitForElementBeingPresentOnPage timeout exception: unable to locate the element By.xpath: //button[text()="Create a new session"]


[MASTER] 13:52:21.865 [Thread-3] ERROR ExternalProcessHandler - 


[MASTER] 13:52:21.865 [Thread-3] ERROR ExternalProcessHandler - 

Aug 14, 2020 5:52:24 AM org.openqa.selenium.remote.ProtocolHandshake createSession
[MASTER] 13:52:24.988 [Thread-3] ERROR ExternalProcessHandler - Aug 14, 2020 5:52:24 AM org.openqa.selenium.remote.ProtocolHandshake createSession

INFO: Detected dialect: OSS
[MASTER] 13:52:24.988 [Thread-3] ERROR ExternalProcessHandler - INFO: Detected dialect: OSS

Aug 14, 2020 5:52:37 AM po_utils.PageObjectLogging logInfo
[MASTER] 13:52:37.017 [Thread-3] ERROR ExternalProcessHandler - Aug 14, 2020 5:52:37 AM po_utils.PageObjectLogging logInfo

INFO: waitForElementBeingPresentOnPage timeout exception: unable to locate the element By.xpath: //button[text()="Create a new session"]
[MASTER] 13:52:37.018 [Thread-3] ERROR ExternalProcessHandler - INFO: waitForElementBeingPresentOnPage timeout exception: unable to locate the element By.xpath: //button[text()="Create a new session"]


[MASTER] 13:52:37.018 [Thread-3] ERROR ExternalProcessHandler - 


[MASTER] 13:52:37.018 [Thread-3] ERROR ExternalProcessHandler - 

Aug 14, 2020 5:52:41 AM org.openqa.selenium.remote.ProtocolHandshake createSession
[MASTER] 13:52:41.644 [Thread-3] ERROR ExternalProcessHandler - Aug 14, 2020 5:52:41 AM org.openqa.selenium.remote.ProtocolHandshake createSession

INFO: Detected dialect: OSS
[MASTER] 13:52:41.645 [Thread-3] ERROR ExternalProcessHandler - INFO: Detected dialect: OSS

Aug 14, 2020 5:52:58 AM po_utils.PageObjectLogging logInfo
[MASTER] 13:52:58.445 [Thread-3] ERROR ExternalProcessHandler - Aug 14, 2020 5:52:58 AM po_utils.PageObjectLogging logInfo

INFO: waitForElementBeingPresentOnPage timeout exception: unable to locate the element By.xpath: //button[text()="Create a new session"]
[MASTER] 13:52:58.446 [Thread-3] ERROR ExternalProcessHandler - INFO: waitForElementBeingPresentOnPage timeout exception: unable to locate the element By.xpath: //button[text()="Create a new session"]


[MASTER] 13:52:58.446 [Thread-3] ERROR ExternalProcessHandler - 


[MASTER] 13:52:58.446 [Thread-3] ERROR ExternalProcessHandler - 

[MASTER] 13:53:04.461 [logback-2] ERROR TestCaseExecutor - TG: Exception caught: 
java.lang.IllegalStateException: Test generation failed: page object bug.
	at org.evosuite.testcase.execution.TestCaseExecutor.runTest(TestCaseExecutor.java:322) ~[evosuite-client-1.0.4-SNAPSHOT.jar:na]
	at org.evosuite.testcase.TestFitnessFunction.runTest(TestFitnessFunction.java:91) [evosuite-client-1.0.4-SNAPSHOT.jar:na]
	at org.evosuite.testcase.TestFitnessFunction.getFitness(TestFitnessFunction.java:60) [evosuite-client-1.0.4-SNAPSHOT.jar:na]
	at org.evosuite.testcase.TestFitnessFunction.getFitness(TestFitnessFunction.java:34) [evosuite-client-1.0.4-SNAPSHOT.jar:na]
	at org.evosuite.ga.metaheuristics.art.AdaptiveRandomSearch.calculateFitness(AdaptiveRandomSearch.java:312) [evosuite-client-1.0.4-SNAPSHOT.jar:na]
	at org.evosuite.ga.metaheuristics.art.AdaptiveRandomSearch.evolve(AdaptiveRandomSearch.java:139) [evosuite-client-1.0.4-SNAPSHOT.jar:na]
	at org.evosuite.ga.metaheuristics.art.AdaptiveRandomSearch.generateSolution(AdaptiveRandomSearch.java:270) [evosuite-client-1.0.4-SNAPSHOT.jar:na]
	at org.evosuite.strategy.AdaptiveRandomTestStrategy.generateTests(AdaptiveRandomTestStrategy.java:118) [evosuite-client-1.0.4-SNAPSHOT.jar:na]
	at org.evosuite.TestSuiteGenerator.generateTests(TestSuiteGenerator.java:654) [evosuite-client-1.0.4-SNAPSHOT.jar:na]
	at org.evosuite.TestSuiteGenerator.generateTestSuite(TestSuiteGenerator.java:213) [evosuite-client-1.0.4-SNAPSHOT.jar:na]
	at org.evosuite.rmi.service.ClientNodeImpl$1.run(ClientNodeImpl.java:145) [evosuite-client-1.0.4-SNAPSHOT.jar:na]
	at java.util.concurrent.Executors$RunnableAdapter.call(Executors.java:511) [na:1.8.0_265]
	at java.util.concurrent.FutureTask.run(FutureTask.java:266) [na:1.8.0_265]
	at java.util.concurrent.ThreadPoolExecutor.runWorker(ThreadPoolExecutor.java:1149) [na:1.8.0_265]
	at java.util.concurrent.ThreadPoolExecutor$Worker.run(ThreadPoolExecutor.java:624) [na:1.8.0_265]
	at java.lang.Thread.run(Thread.java:748) [na:1.8.0_265]
Aug 14, 2020 5:53:04 AM org.openqa.selenium.remote.ProtocolHandshake createSession
[MASTER] 13:53:04.639 [Thread-3] ERROR ExternalProcessHandler - Aug 14, 2020 5:53:04 AM org.openqa.selenium.remote.ProtocolHandshake createSession

INFO: Detected dialect: OSS
[MASTER] 13:53:04.639 [Thread-3] ERROR ExternalProcessHandler - INFO: Detected dialect: OSS

Aug 14, 2020 5:53:05 AM po_utils.PageObjectLogging logInfo
[MASTER] 13:53:05.983 [Thread-3] ERROR ExternalProcessHandler - Aug 14, 2020 5:53:05 AM po_utils.PageObjectLogging logInfo

INFO: waitForElementBeingPresentOnPage timeout exception: unable to locate the element By.xpath: //button[text()="Create a new session"]
[MASTER] 13:53:05.984 [Thread-3] ERROR ExternalProcessHandler - INFO: waitForElementBeingPresentOnPage timeout exception: unable to locate the element By.xpath: //button[text()="Create a new session"]


[MASTER] 13:53:05.984 [Thread-3] ERROR ExternalProcessHandler - 


[MASTER] 13:53:05.984 [Thread-3] ERROR ExternalProcessHandler - 

Aug 14, 2020 5:53:07 AM org.openqa.selenium.remote.ProtocolHandshake createSession
[MASTER] 13:53:07.611 [Thread-3] ERROR ExternalProcessHandler - Aug 14, 2020 5:53:07 AM org.openqa.selenium.remote.ProtocolHandshake createSession

INFO: Detected dialect: OSS
[MASTER] 13:53:07.611 [Thread-3] ERROR ExternalProcessHandler - INFO: Detected dialect: OSS

Aug 14, 2020 5:53:10 AM po_utils.PageObjectLogging logInfo
[MASTER] 13:53:10.358 [Thread-3] ERROR ExternalProcessHandler - Aug 14, 2020 5:53:10 AM po_utils.PageObjectLogging logInfo

INFO: waitForElementBeingPresentOnPage timeout exception: unable to locate the element By.xpath: //button[text()="Create a new session"]
[MASTER] 13:53:10.359 [Thread-3] ERROR ExternalProcessHandler - INFO: waitForElementBeingPresentOnPage timeout exception: unable to locate the element By.xpath: //button[text()="Create a new session"]


[MASTER] 13:53:10.359 [Thread-3] ERROR ExternalProcessHandler - 


[MASTER] 13:53:10.359 [Thread-3] ERROR ExternalProcessHandler - 

Aug 14, 2020 5:53:10 AM org.openqa.selenium.remote.ProtocolHandshake createSession
[MASTER] 13:53:10.977 [Thread-3] ERROR ExternalProcessHandler - Aug 14, 2020 5:53:10 AM org.openqa.selenium.remote.ProtocolHandshake createSession

INFO: Detected dialect: OSS
[MASTER] 13:53:10.977 [Thread-3] ERROR ExternalProcessHandler - INFO: Detected dialect: OSS

Aug 14, 2020 5:53:18 AM po_utils.PageObjectLogging logInfo
[MASTER] 13:53:18.530 [Thread-3] ERROR ExternalProcessHandler - Aug 14, 2020 5:53:18 AM po_utils.PageObjectLogging logInfo

INFO: waitForElementBeingPresentOnPage timeout exception: unable to locate the element By.xpath: //button[text()="Create a new session"]
[MASTER] 13:53:18.531 [Thread-3] ERROR ExternalProcessHandler - INFO: waitForElementBeingPresentOnPage timeout exception: unable to locate the element By.xpath: //button[text()="Create a new session"]


[MASTER] 13:53:18.531 [Thread-3] ERROR ExternalProcessHandler - 


[MASTER] 13:53:18.531 [Thread-3] ERROR ExternalProcessHandler - 

Aug 14, 2020 5:53:20 AM org.openqa.selenium.remote.ProtocolHandshake createSession
[MASTER] 13:53:20.619 [Thread-3] ERROR ExternalProcessHandler - Aug 14, 2020 5:53:20 AM org.openqa.selenium.remote.ProtocolHandshake createSession

INFO: Detected dialect: OSS
[MASTER] 13:53:20.619 [Thread-3] ERROR ExternalProcessHandler - INFO: Detected dialect: OSS

Aug 14, 2020 5:53:33 AM po_utils.PageObjectLogging logInfo
[MASTER] 13:53:33.077 [Thread-3] ERROR ExternalProcessHandler - Aug 14, 2020 5:53:33 AM po_utils.PageObjectLogging logInfo

INFO: waitForElementBeingPresentOnPage timeout exception: unable to locate the element By.xpath: //button[text()="Create a new session"]
[MASTER] 13:53:33.078 [Thread-3] ERROR ExternalProcessHandler - INFO: waitForElementBeingPresentOnPage timeout exception: unable to locate the element By.xpath: //button[text()="Create a new session"]


[MASTER] 13:53:33.078 [Thread-3] ERROR ExternalProcessHandler - 


[MASTER] 13:53:33.078 [Thread-3] ERROR ExternalProcessHandler - 

Aug 14, 2020 5:53:36 AM org.openqa.selenium.remote.ProtocolHandshake createSession
[MASTER] 13:53:36.739 [Thread-3] ERROR ExternalProcessHandler - Aug 14, 2020 5:53:36 AM org.openqa.selenium.remote.ProtocolHandshake createSession

INFO: Detected dialect: OSS
[MASTER] 13:53:36.739 [Thread-3] ERROR ExternalProcessHandler - INFO: Detected dialect: OSS

Aug 14, 2020 5:53:53 AM po_utils.PageObjectLogging logInfo
[MASTER] 13:53:53.961 [Thread-3] ERROR ExternalProcessHandler - Aug 14, 2020 5:53:53 AM po_utils.PageObjectLogging logInfo

INFO: waitForElementBeingPresentOnPage timeout exception: unable to locate the element By.xpath: //button[text()="Create a new session"]
[MASTER] 13:53:53.963 [Thread-3] ERROR ExternalProcessHandler - INFO: waitForElementBeingPresentOnPage timeout exception: unable to locate the element By.xpath: //button[text()="Create a new session"]


[MASTER] 13:53:53.963 [Thread-3] ERROR ExternalProcessHandler - 


[MASTER] 13:53:53.963 [Thread-3] ERROR ExternalProcessHandler - 

[MASTER] 13:53:59.027 [logback-2] ERROR TestCaseExecutor - TG: Exception caught: 
java.lang.IllegalStateException: Test generation failed: page object bug.
	at org.evosuite.testcase.execution.TestCaseExecutor.runTest(TestCaseExecutor.java:322) ~[evosuite-client-1.0.4-SNAPSHOT.jar:na]
	at org.evosuite.testcase.TestFitnessFunction.runTest(TestFitnessFunction.java:91) [evosuite-client-1.0.4-SNAPSHOT.jar:na]
	at org.evosuite.testcase.TestFitnessFunction.getFitness(TestFitnessFunction.java:60) [evosuite-client-1.0.4-SNAPSHOT.jar:na]
	at org.evosuite.testcase.TestFitnessFunction.getFitness(TestFitnessFunction.java:34) [evosuite-client-1.0.4-SNAPSHOT.jar:na]
	at org.evosuite.ga.metaheuristics.art.AdaptiveRandomSearch.calculateFitness(AdaptiveRandomSearch.java:312) [evosuite-client-1.0.4-SNAPSHOT.jar:na]
	at org.evosuite.ga.metaheuristics.art.AdaptiveRandomSearch.evolve(AdaptiveRandomSearch.java:139) [evosuite-client-1.0.4-SNAPSHOT.jar:na]
	at org.evosuite.ga.metaheuristics.art.AdaptiveRandomSearch.generateSolution(AdaptiveRandomSearch.java:270) [evosuite-client-1.0.4-SNAPSHOT.jar:na]
	at org.evosuite.strategy.AdaptiveRandomTestStrategy.generateTests(AdaptiveRandomTestStrategy.java:118) [evosuite-client-1.0.4-SNAPSHOT.jar:na]
	at org.evosuite.TestSuiteGenerator.generateTests(TestSuiteGenerator.java:654) [evosuite-client-1.0.4-SNAPSHOT.jar:na]
	at org.evosuite.TestSuiteGenerator.generateTestSuite(TestSuiteGenerator.java:213) [evosuite-client-1.0.4-SNAPSHOT.jar:na]
	at org.evosuite.rmi.service.ClientNodeImpl$1.run(ClientNodeImpl.java:145) [evosuite-client-1.0.4-SNAPSHOT.jar:na]
	at java.util.concurrent.Executors$RunnableAdapter.call(Executors.java:511) [na:1.8.0_265]
	at java.util.concurrent.FutureTask.run(FutureTask.java:266) [na:1.8.0_265]
	at java.util.concurrent.ThreadPoolExecutor.runWorker(ThreadPoolExecutor.java:1149) [na:1.8.0_265]
	at java.util.concurrent.ThreadPoolExecutor$Worker.run(ThreadPoolExecutor.java:624) [na:1.8.0_265]
	at java.lang.Thread.run(Thread.java:748) [na:1.8.0_265]
Aug 14, 2020 5:53:59 AM org.openqa.selenium.remote.ProtocolHandshake createSession
[MASTER] 13:53:59.204 [Thread-3] ERROR ExternalProcessHandler - Aug 14, 2020 5:53:59 AM org.openqa.selenium.remote.ProtocolHandshake createSession

INFO: Detected dialect: OSS
[MASTER] 13:53:59.204 [Thread-3] ERROR ExternalProcessHandler - INFO: Detected dialect: OSS

Aug 14, 2020 5:54:03 AM org.openqa.selenium.remote.ProtocolHandshake createSession
[MASTER] 13:54:03.660 [Thread-3] ERROR ExternalProcessHandler - Aug 14, 2020 5:54:03 AM org.openqa.selenium.remote.ProtocolHandshake createSession

INFO: Detected dialect: OSS
[MASTER] 13:54:03.660 [Thread-3] ERROR ExternalProcessHandler - INFO: Detected dialect: OSS

Aug 14, 2020 5:54:14 AM org.openqa.selenium.remote.ProtocolHandshake createSession
[MASTER] 13:54:14.453 [Thread-3] ERROR ExternalProcessHandler - Aug 14, 2020 5:54:14 AM org.openqa.selenium.remote.ProtocolHandshake createSession

INFO: Detected dialect: OSS
[MASTER] 13:54:14.453 [Thread-3] ERROR ExternalProcessHandler - INFO: Detected dialect: OSS

Aug 14, 2020 5:54:31 AM org.openqa.selenium.remote.ProtocolHandshake createSession
[MASTER] 13:54:31.573 [Thread-3] ERROR ExternalProcessHandler - Aug 14, 2020 5:54:31 AM org.openqa.selenium.remote.ProtocolHandshake createSession

INFO: Detected dialect: OSS
[MASTER] 13:54:31.573 [Thread-3] ERROR ExternalProcessHandler - INFO: Detected dialect: OSS

[MASTER] 13:54:54.907 [logback-2] ERROR TestCaseExecutor - TG: Exception caught: 
java.lang.IllegalStateException: Test generation failed: page object bug.
	at org.evosuite.testcase.execution.TestCaseExecutor.runTest(TestCaseExecutor.java:322) ~[evosuite-client-1.0.4-SNAPSHOT.jar:na]
	at org.evosuite.testcase.TestFitnessFunction.runTest(TestFitnessFunction.java:91) [evosuite-client-1.0.4-SNAPSHOT.jar:na]
	at org.evosuite.testcase.TestFitnessFunction.getFitness(TestFitnessFunction.java:60) [evosuite-client-1.0.4-SNAPSHOT.jar:na]
	at org.evosuite.testcase.TestFitnessFunction.getFitness(TestFitnessFunction.java:34) [evosuite-client-1.0.4-SNAPSHOT.jar:na]
	at org.evosuite.ga.metaheuristics.art.AdaptiveRandomSearch.calculateFitness(AdaptiveRandomSearch.java:312) [evosuite-client-1.0.4-SNAPSHOT.jar:na]
	at org.evosuite.ga.metaheuristics.art.AdaptiveRandomSearch.evolve(AdaptiveRandomSearch.java:139) [evosuite-client-1.0.4-SNAPSHOT.jar:na]
	at org.evosuite.ga.metaheuristics.art.AdaptiveRandomSearch.generateSolution(AdaptiveRandomSearch.java:270) [evosuite-client-1.0.4-SNAPSHOT.jar:na]
	at org.evosuite.strategy.AdaptiveRandomTestStrategy.generateTests(AdaptiveRandomTestStrategy.java:118) [evosuite-client-1.0.4-SNAPSHOT.jar:na]
	at org.evosuite.TestSuiteGenerator.generateTests(TestSuiteGenerator.java:654) [evosuite-client-1.0.4-SNAPSHOT.jar:na]
	at org.evosuite.TestSuiteGenerator.generateTestSuite(TestSuiteGenerator.java:213) [evosuite-client-1.0.4-SNAPSHOT.jar:na]
	at org.evosuite.rmi.service.ClientNodeImpl$1.run(ClientNodeImpl.java:145) [evosuite-client-1.0.4-SNAPSHOT.jar:na]
	at java.util.concurrent.Executors$RunnableAdapter.call(Executors.java:511) [na:1.8.0_265]
	at java.util.concurrent.FutureTask.run(FutureTask.java:266) [na:1.8.0_265]
	at java.util.concurrent.ThreadPoolExecutor.runWorker(ThreadPoolExecutor.java:1149) [na:1.8.0_265]
	at java.util.concurrent.ThreadPoolExecutor$Worker.run(ThreadPoolExecutor.java:624) [na:1.8.0_265]
	at java.lang.Thread.run(Thread.java:748) [na:1.8.0_265]
Aug 14, 2020 5:54:55 AM org.openqa.selenium.remote.ProtocolHandshake createSession
[MASTER] 13:54:55.123 [Thread-3] ERROR ExternalProcessHandler - Aug 14, 2020 5:54:55 AM org.openqa.selenium.remote.ProtocolHandshake createSession

INFO: Detected dialect: OSS
[MASTER] 13:54:55.123 [Thread-3] ERROR ExternalProcessHandler - INFO: Detected dialect: OSS

Aug 14, 2020 5:54:56 AM org.openqa.selenium.remote.ProtocolHandshake createSession
[MASTER] 13:54:56.351 [Thread-3] ERROR ExternalProcessHandler - Aug 14, 2020 5:54:56 AM org.openqa.selenium.remote.ProtocolHandshake createSession

INFO: Detected dialect: OSS
[MASTER] 13:54:56.351 [Thread-3] ERROR ExternalProcessHandler - INFO: Detected dialect: OSS

Aug 14, 2020 5:55:01 AM org.openqa.selenium.remote.ProtocolHandshake createSession
[MASTER] 13:55:01.032 [Thread-3] ERROR ExternalProcessHandler - Aug 14, 2020 5:55:01 AM org.openqa.selenium.remote.ProtocolHandshake createSession

INFO: Detected dialect: OSS
[MASTER] 13:55:01.032 [Thread-3] ERROR ExternalProcessHandler - INFO: Detected dialect: OSS

Aug 14, 2020 5:55:11 AM org.openqa.selenium.remote.ProtocolHandshake createSession
[MASTER] 13:55:11.467 [Thread-3] ERROR ExternalProcessHandler - Aug 14, 2020 5:55:11 AM org.openqa.selenium.remote.ProtocolHandshake createSession

INFO: Detected dialect: OSS
[MASTER] 13:55:11.468 [Thread-3] ERROR ExternalProcessHandler - INFO: Detected dialect: OSS

Aug 14, 2020 5:55:27 AM org.openqa.selenium.remote.ProtocolHandshake createSession
[MASTER] 13:55:27.370 [Thread-3] ERROR ExternalProcessHandler - Aug 14, 2020 5:55:27 AM org.openqa.selenium.remote.ProtocolHandshake createSession

INFO: Detected dialect: OSS
[MASTER] 13:55:27.370 [Thread-3] ERROR ExternalProcessHandler - INFO: Detected dialect: OSS

[MASTER] 13:55:48.651 [logback-2] ERROR TestCaseExecutor - TG: Exception caught: 
java.lang.IllegalStateException: Test generation failed: page object bug.
	at org.evosuite.testcase.execution.TestCaseExecutor.runTest(TestCaseExecutor.java:322) ~[evosuite-client-1.0.4-SNAPSHOT.jar:na]
	at org.evosuite.testcase.TestFitnessFunction.runTest(TestFitnessFunction.java:91) [evosuite-client-1.0.4-SNAPSHOT.jar:na]
	at org.evosuite.testcase.TestFitnessFunction.getFitness(TestFitnessFunction.java:60) [evosuite-client-1.0.4-SNAPSHOT.jar:na]
	at org.evosuite.testcase.TestFitnessFunction.getFitness(TestFitnessFunction.java:34) [evosuite-client-1.0.4-SNAPSHOT.jar:na]
	at org.evosuite.ga.metaheuristics.art.AdaptiveRandomSearch.calculateFitness(AdaptiveRandomSearch.java:312) [evosuite-client-1.0.4-SNAPSHOT.jar:na]
	at org.evosuite.ga.metaheuristics.art.AdaptiveRandomSearch.evolve(AdaptiveRandomSearch.java:139) [evosuite-client-1.0.4-SNAPSHOT.jar:na]
	at org.evosuite.ga.metaheuristics.art.AdaptiveRandomSearch.generateSolution(AdaptiveRandomSearch.java:270) [evosuite-client-1.0.4-SNAPSHOT.jar:na]
	at org.evosuite.strategy.AdaptiveRandomTestStrategy.generateTests(AdaptiveRandomTestStrategy.java:118) [evosuite-client-1.0.4-SNAPSHOT.jar:na]
	at org.evosuite.TestSuiteGenerator.generateTests(TestSuiteGenerator.java:654) [evosuite-client-1.0.4-SNAPSHOT.jar:na]
	at org.evosuite.TestSuiteGenerator.generateTestSuite(TestSuiteGenerator.java:213) [evosuite-client-1.0.4-SNAPSHOT.jar:na]
	at org.evosuite.rmi.service.ClientNodeImpl$1.run(ClientNodeImpl.java:145) [evosuite-client-1.0.4-SNAPSHOT.jar:na]
	at java.util.concurrent.Executors$RunnableAdapter.call(Executors.java:511) [na:1.8.0_265]
	at java.util.concurrent.FutureTask.run(FutureTask.java:266) [na:1.8.0_265]
	at java.util.concurrent.ThreadPoolExecutor.runWorker(ThreadPoolExecutor.java:1149) [na:1.8.0_265]
	at java.util.concurrent.ThreadPoolExecutor$Worker.run(ThreadPoolExecutor.java:624) [na:1.8.0_265]
	at java.lang.Thread.run(Thread.java:748) [na:1.8.0_265]
Aug 14, 2020 5:55:48 AM org.openqa.selenium.remote.ProtocolHandshake createSession
[MASTER] 13:55:48.866 [Thread-3] ERROR ExternalProcessHandler - Aug 14, 2020 5:55:48 AM org.openqa.selenium.remote.ProtocolHandshake createSession

INFO: Detected dialect: OSS
[MASTER] 13:55:48.867 [Thread-3] ERROR ExternalProcessHandler - INFO: Detected dialect: OSS

Aug 14, 2020 5:55:50 AM org.openqa.selenium.remote.ProtocolHandshake createSession
[MASTER] 13:55:50.056 [Thread-3] ERROR ExternalProcessHandler - Aug 14, 2020 5:55:50 AM org.openqa.selenium.remote.ProtocolHandshake createSession

INFO: Detected dialect: OSS
[MASTER] 13:55:50.056 [Thread-3] ERROR ExternalProcessHandler - INFO: Detected dialect: OSS

Aug 14, 2020 5:55:51 AM org.openqa.selenium.remote.ProtocolHandshake createSession
[MASTER] 13:55:51.368 [Thread-3] ERROR ExternalProcessHandler - Aug 14, 2020 5:55:51 AM org.openqa.selenium.remote.ProtocolHandshake createSession

INFO: Detected dialect: OSS
[MASTER] 13:55:51.368 [Thread-3] ERROR ExternalProcessHandler - INFO: Detected dialect: OSS

Aug 14, 2020 5:55:54 AM org.openqa.selenium.remote.ProtocolHandshake createSession
[MASTER] 13:55:54.020 [Thread-3] ERROR ExternalProcessHandler - Aug 14, 2020 5:55:54 AM org.openqa.selenium.remote.ProtocolHandshake createSession

INFO: Detected dialect: OSS
[MASTER] 13:55:54.020 [Thread-3] ERROR ExternalProcessHandler - INFO: Detected dialect: OSS

Aug 14, 2020 5:56:00 AM org.openqa.selenium.remote.ProtocolHandshake createSession
[MASTER] 13:56:00.592 [Thread-3] ERROR ExternalProcessHandler - Aug 14, 2020 5:56:00 AM org.openqa.selenium.remote.ProtocolHandshake createSession

INFO: Detected dialect: OSS
[MASTER] 13:56:00.592 [Thread-3] ERROR ExternalProcessHandler - INFO: Detected dialect: OSS

Aug 14, 2020 5:56:13 AM org.openqa.selenium.remote.ProtocolHandshake createSession
[MASTER] 13:56:13.191 [Thread-3] ERROR ExternalProcessHandler - Aug 14, 2020 5:56:13 AM org.openqa.selenium.remote.ProtocolHandshake createSession

INFO: Detected dialect: OSS
[MASTER] 13:56:13.192 [Thread-3] ERROR ExternalProcessHandler - INFO: Detected dialect: OSS

Aug 14, 2020 5:56:31 AM org.openqa.selenium.remote.ProtocolHandshake createSession
[MASTER] 13:56:31.814 [Thread-3] ERROR ExternalProcessHandler - Aug 14, 2020 5:56:31 AM org.openqa.selenium.remote.ProtocolHandshake createSession

INFO: Detected dialect: OSS
[MASTER] 13:56:31.814 [Thread-3] ERROR ExternalProcessHandler - INFO: Detected dialect: OSS

[MASTER] 13:56:56.164 [logback-2] ERROR TestCaseExecutor - TG: Exception caught: 
java.lang.IllegalStateException: Test generation failed: page object bug.
	at org.evosuite.testcase.execution.TestCaseExecutor.runTest(TestCaseExecutor.java:322) ~[evosuite-client-1.0.4-SNAPSHOT.jar:na]
	at org.evosuite.testcase.TestFitnessFunction.runTest(TestFitnessFunction.java:91) [evosuite-client-1.0.4-SNAPSHOT.jar:na]
	at org.evosuite.testcase.TestFitnessFunction.getFitness(TestFitnessFunction.java:60) [evosuite-client-1.0.4-SNAPSHOT.jar:na]
	at org.evosuite.testcase.TestFitnessFunction.getFitness(TestFitnessFunction.java:34) [evosuite-client-1.0.4-SNAPSHOT.jar:na]
	at org.evosuite.ga.metaheuristics.art.AdaptiveRandomSearch.calculateFitness(AdaptiveRandomSearch.java:312) [evosuite-client-1.0.4-SNAPSHOT.jar:na]
	at org.evosuite.ga.metaheuristics.art.AdaptiveRandomSearch.evolve(AdaptiveRandomSearch.java:139) [evosuite-client-1.0.4-SNAPSHOT.jar:na]
	at org.evosuite.ga.metaheuristics.art.AdaptiveRandomSearch.generateSolution(AdaptiveRandomSearch.java:270) [evosuite-client-1.0.4-SNAPSHOT.jar:na]
	at org.evosuite.strategy.AdaptiveRandomTestStrategy.generateTests(AdaptiveRandomTestStrategy.java:118) [evosuite-client-1.0.4-SNAPSHOT.jar:na]
	at org.evosuite.TestSuiteGenerator.generateTests(TestSuiteGenerator.java:654) [evosuite-client-1.0.4-SNAPSHOT.jar:na]
	at org.evosuite.TestSuiteGenerator.generateTestSuite(TestSuiteGenerator.java:213) [evosuite-client-1.0.4-SNAPSHOT.jar:na]
	at org.evosuite.rmi.service.ClientNodeImpl$1.run(ClientNodeImpl.java:145) [evosuite-client-1.0.4-SNAPSHOT.jar:na]
	at java.util.concurrent.Executors$RunnableAdapter.call(Executors.java:511) [na:1.8.0_265]
	at java.util.concurrent.FutureTask.run(FutureTask.java:266) [na:1.8.0_265]
	at java.util.concurrent.ThreadPoolExecutor.runWorker(ThreadPoolExecutor.java:1149) [na:1.8.0_265]
	at java.util.concurrent.ThreadPoolExecutor$Worker.run(ThreadPoolExecutor.java:624) [na:1.8.0_265]
	at java.lang.Thread.run(Thread.java:748) [na:1.8.0_265]
Aug 14, 2020 5:56:56 AM org.openqa.selenium.remote.ProtocolHandshake createSession
[MASTER] 13:56:56.376 [Thread-3] ERROR ExternalProcessHandler - Aug 14, 2020 5:56:56 AM org.openqa.selenium.remote.ProtocolHandshake createSession

INFO: Detected dialect: OSS
[MASTER] 13:56:56.376 [Thread-3] ERROR ExternalProcessHandler - INFO: Detected dialect: OSS

Aug 14, 2020 5:56:57 AM org.openqa.selenium.remote.ProtocolHandshake createSession
[MASTER] 13:56:57.779 [Thread-3] ERROR ExternalProcessHandler - Aug 14, 2020 5:56:57 AM org.openqa.selenium.remote.ProtocolHandshake createSession

INFO: Detected dialect: OSS
[MASTER] 13:56:57.779 [Thread-3] ERROR ExternalProcessHandler - INFO: Detected dialect: OSS

Aug 14, 2020 5:56:58 AM org.openqa.selenium.remote.ProtocolHandshake createSession
[MASTER] 13:56:58.795 [Thread-3] ERROR ExternalProcessHandler - Aug 14, 2020 5:56:58 AM org.openqa.selenium.remote.ProtocolHandshake createSession

INFO: Detected dialect: OSS
[MASTER] 13:56:58.795 [Thread-3] ERROR ExternalProcessHandler - INFO: Detected dialect: OSS

Aug 14, 2020 5:56:59 AM org.openqa.selenium.remote.ProtocolHandshake createSession
[MASTER] 13:56:59.988 [Thread-3] ERROR ExternalProcessHandler - Aug 14, 2020 5:56:59 AM org.openqa.selenium.remote.ProtocolHandshake createSession

INFO: Detected dialect: OSS
[MASTER] 13:56:59.989 [Thread-3] ERROR ExternalProcessHandler - INFO: Detected dialect: OSS

Aug 14, 2020 5:57:01 AM org.openqa.selenium.remote.ProtocolHandshake createSession
[MASTER] 13:57:01.537 [Thread-3] ERROR ExternalProcessHandler - Aug 14, 2020 5:57:01 AM org.openqa.selenium.remote.ProtocolHandshake createSession

INFO: Detected dialect: OSS
[MASTER] 13:57:01.537 [Thread-3] ERROR ExternalProcessHandler - INFO: Detected dialect: OSS

Aug 14, 2020 5:57:02 AM org.openqa.selenium.remote.ProtocolHandshake createSession
[MASTER] 13:57:02.526 [Thread-3] ERROR ExternalProcessHandler - Aug 14, 2020 5:57:02 AM org.openqa.selenium.remote.ProtocolHandshake createSession

INFO: Detected dialect: OSS
[MASTER] 13:57:02.527 [Thread-3] ERROR ExternalProcessHandler - INFO: Detected dialect: OSS

Aug 14, 2020 5:57:03 AM org.openqa.selenium.remote.ProtocolHandshake createSession
[MASTER] 13:57:03.598 [Thread-3] ERROR ExternalProcessHandler - Aug 14, 2020 5:57:03 AM org.openqa.selenium.remote.ProtocolHandshake createSession

INFO: Detected dialect: OSS
[MASTER] 13:57:03.598 [Thread-3] ERROR ExternalProcessHandler - INFO: Detected dialect: OSS

Aug 14, 2020 5:57:04 AM org.openqa.selenium.remote.ProtocolHandshake createSession
[MASTER] 13:57:04.659 [Thread-3] ERROR ExternalProcessHandler - Aug 14, 2020 5:57:04 AM org.openqa.selenium.remote.ProtocolHandshake createSession

INFO: Detected dialect: OSS
[MASTER] 13:57:04.659 [Thread-3] ERROR ExternalProcessHandler - INFO: Detected dialect: OSS

Aug 14, 2020 5:57:05 AM org.openqa.selenium.remote.ProtocolHandshake createSession
[MASTER] 13:57:05.922 [Thread-3] ERROR ExternalProcessHandler - Aug 14, 2020 5:57:05 AM org.openqa.selenium.remote.ProtocolHandshake createSession

INFO: Detected dialect: OSS
[MASTER] 13:57:05.922 [Thread-3] ERROR ExternalProcessHandler - INFO: Detected dialect: OSS

Aug 14, 2020 5:57:08 AM org.openqa.selenium.remote.ProtocolHandshake createSession
[MASTER] 13:57:08.471 [Thread-3] ERROR ExternalProcessHandler - Aug 14, 2020 5:57:08 AM org.openqa.selenium.remote.ProtocolHandshake createSession

INFO: Detected dialect: OSS
[MASTER] 13:57:08.471 [Thread-3] ERROR ExternalProcessHandler - INFO: Detected dialect: OSS

Aug 14, 2020 5:57:11 AM org.openqa.selenium.remote.ProtocolHandshake createSession
[MASTER] 13:57:11.801 [Thread-3] ERROR ExternalProcessHandler - Aug 14, 2020 5:57:11 AM org.openqa.selenium.remote.ProtocolHandshake createSession

INFO: Detected dialect: OSS
[MASTER] 13:57:11.801 [Thread-3] ERROR ExternalProcessHandler - INFO: Detected dialect: OSS

Aug 14, 2020 5:57:21 AM org.openqa.selenium.remote.ProtocolHandshake createSession
[MASTER] 13:57:21.383 [Thread-3] ERROR ExternalProcessHandler - Aug 14, 2020 5:57:21 AM org.openqa.selenium.remote.ProtocolHandshake createSession

INFO: Detected dialect: OSS
[MASTER] 13:57:21.383 [Thread-3] ERROR ExternalProcessHandler - INFO: Detected dialect: OSS

Aug 14, 2020 5:57:37 AM org.openqa.selenium.remote.ProtocolHandshake createSession
[MASTER] 13:57:37.141 [Thread-3] ERROR ExternalProcessHandler - Aug 14, 2020 5:57:37 AM org.openqa.selenium.remote.ProtocolHandshake createSession

INFO: Detected dialect: OSS
[MASTER] 13:57:37.141 [Thread-3] ERROR ExternalProcessHandler - INFO: Detected dialect: OSS

[MASTER] 13:57:58.950 [logback-2] ERROR TestCaseExecutor - TG: Exception caught: 
java.lang.IllegalStateException: Test generation failed: page object bug.
	at org.evosuite.testcase.execution.TestCaseExecutor.runTest(TestCaseExecutor.java:322) ~[evosuite-client-1.0.4-SNAPSHOT.jar:na]
	at org.evosuite.testcase.TestFitnessFunction.runTest(TestFitnessFunction.java:91) [evosuite-client-1.0.4-SNAPSHOT.jar:na]
	at org.evosuite.testcase.TestFitnessFunction.getFitness(TestFitnessFunction.java:60) [evosuite-client-1.0.4-SNAPSHOT.jar:na]
	at org.evosuite.testcase.TestFitnessFunction.getFitness(TestFitnessFunction.java:34) [evosuite-client-1.0.4-SNAPSHOT.jar:na]
	at org.evosuite.ga.metaheuristics.art.AdaptiveRandomSearch.calculateFitness(AdaptiveRandomSearch.java:312) [evosuite-client-1.0.4-SNAPSHOT.jar:na]
	at org.evosuite.ga.metaheuristics.art.AdaptiveRandomSearch.evolve(AdaptiveRandomSearch.java:139) [evosuite-client-1.0.4-SNAPSHOT.jar:na]
	at org.evosuite.ga.metaheuristics.art.AdaptiveRandomSearch.generateSolution(AdaptiveRandomSearch.java:270) [evosuite-client-1.0.4-SNAPSHOT.jar:na]
	at org.evosuite.strategy.AdaptiveRandomTestStrategy.generateTests(AdaptiveRandomTestStrategy.java:118) [evosuite-client-1.0.4-SNAPSHOT.jar:na]
	at org.evosuite.TestSuiteGenerator.generateTests(TestSuiteGenerator.java:654) [evosuite-client-1.0.4-SNAPSHOT.jar:na]
	at org.evosuite.TestSuiteGenerator.generateTestSuite(TestSuiteGenerator.java:213) [evosuite-client-1.0.4-SNAPSHOT.jar:na]
	at org.evosuite.rmi.service.ClientNodeImpl$1.run(ClientNodeImpl.java:145) [evosuite-client-1.0.4-SNAPSHOT.jar:na]
	at java.util.concurrent.Executors$RunnableAdapter.call(Executors.java:511) [na:1.8.0_265]
	at java.util.concurrent.FutureTask.run(FutureTask.java:266) [na:1.8.0_265]
	at java.util.concurrent.ThreadPoolExecutor.runWorker(ThreadPoolExecutor.java:1149) [na:1.8.0_265]
	at java.util.concurrent.ThreadPoolExecutor$Worker.run(ThreadPoolExecutor.java:624) [na:1.8.0_265]
	at java.lang.Thread.run(Thread.java:748) [na:1.8.0_265]
Aug 14, 2020 5:57:59 AM org.openqa.selenium.remote.ProtocolHandshake createSession
[MASTER] 13:57:59.129 [Thread-3] ERROR ExternalProcessHandler - Aug 14, 2020 5:57:59 AM org.openqa.selenium.remote.ProtocolHandshake createSession

INFO: Detected dialect: OSS
[MASTER] 13:57:59.129 [Thread-3] ERROR ExternalProcessHandler - INFO: Detected dialect: OSS

Aug 14, 2020 5:58:01 AM org.openqa.selenium.remote.ProtocolHandshake createSession
[MASTER] 13:58:01.193 [Thread-3] ERROR ExternalProcessHandler - Aug 14, 2020 5:58:01 AM org.openqa.selenium.remote.ProtocolHandshake createSession

INFO: Detected dialect: OSS
[MASTER] 13:58:01.193 [Thread-3] ERROR ExternalProcessHandler - INFO: Detected dialect: OSS

Aug 14, 2020 5:58:02 AM org.openqa.selenium.remote.ProtocolHandshake createSession
[MASTER] 13:58:02.354 [Thread-3] ERROR ExternalProcessHandler - Aug 14, 2020 5:58:02 AM org.openqa.selenium.remote.ProtocolHandshake createSession

INFO: Detected dialect: OSS
[MASTER] 13:58:02.355 [Thread-3] ERROR ExternalProcessHandler - INFO: Detected dialect: OSS

Aug 14, 2020 5:58:05 AM org.openqa.selenium.remote.ProtocolHandshake createSession
[MASTER] 13:58:05.282 [Thread-3] ERROR ExternalProcessHandler - Aug 14, 2020 5:58:05 AM org.openqa.selenium.remote.ProtocolHandshake createSession

INFO: Detected dialect: OSS
[MASTER] 13:58:05.282 [Thread-3] ERROR ExternalProcessHandler - INFO: Detected dialect: OSS

Aug 14, 2020 5:58:14 AM org.openqa.selenium.remote.ProtocolHandshake createSession
[MASTER] 13:58:14.539 [Thread-3] ERROR ExternalProcessHandler - Aug 14, 2020 5:58:14 AM org.openqa.selenium.remote.ProtocolHandshake createSession

INFO: Detected dialect: OSS
[MASTER] 13:58:14.539 [Thread-3] ERROR ExternalProcessHandler - INFO: Detected dialect: OSS

Aug 14, 2020 5:58:29 AM org.openqa.selenium.remote.ProtocolHandshake createSession
[MASTER] 13:58:29.922 [Thread-3] ERROR ExternalProcessHandler - Aug 14, 2020 5:58:29 AM org.openqa.selenium.remote.ProtocolHandshake createSession

INFO: Detected dialect: OSS
[MASTER] 13:58:29.922 [Thread-3] ERROR ExternalProcessHandler - INFO: Detected dialect: OSS

[MASTER] 13:58:51.345 [logback-2] ERROR TestCaseExecutor - TG: Exception caught: 
java.lang.IllegalStateException: Test generation failed: page object bug.
	at org.evosuite.testcase.execution.TestCaseExecutor.runTest(TestCaseExecutor.java:322) ~[evosuite-client-1.0.4-SNAPSHOT.jar:na]
	at org.evosuite.testcase.TestFitnessFunction.runTest(TestFitnessFunction.java:91) [evosuite-client-1.0.4-SNAPSHOT.jar:na]
	at org.evosuite.testcase.TestFitnessFunction.getFitness(TestFitnessFunction.java:60) [evosuite-client-1.0.4-SNAPSHOT.jar:na]
	at org.evosuite.testcase.TestFitnessFunction.getFitness(TestFitnessFunction.java:34) [evosuite-client-1.0.4-SNAPSHOT.jar:na]
	at org.evosuite.ga.metaheuristics.art.AdaptiveRandomSearch.calculateFitness(AdaptiveRandomSearch.java:312) [evosuite-client-1.0.4-SNAPSHOT.jar:na]
	at org.evosuite.ga.metaheuristics.art.AdaptiveRandomSearch.evolve(AdaptiveRandomSearch.java:139) [evosuite-client-1.0.4-SNAPSHOT.jar:na]
	at org.evosuite.ga.metaheuristics.art.AdaptiveRandomSearch.generateSolution(AdaptiveRandomSearch.java:270) [evosuite-client-1.0.4-SNAPSHOT.jar:na]
	at org.evosuite.strategy.AdaptiveRandomTestStrategy.generateTests(AdaptiveRandomTestStrategy.java:118) [evosuite-client-1.0.4-SNAPSHOT.jar:na]
	at org.evosuite.TestSuiteGenerator.generateTests(TestSuiteGenerator.java:654) [evosuite-client-1.0.4-SNAPSHOT.jar:na]
	at org.evosuite.TestSuiteGenerator.generateTestSuite(TestSuiteGenerator.java:213) [evosuite-client-1.0.4-SNAPSHOT.jar:na]
	at org.evosuite.rmi.service.ClientNodeImpl$1.run(ClientNodeImpl.java:145) [evosuite-client-1.0.4-SNAPSHOT.jar:na]
	at java.util.concurrent.Executors$RunnableAdapter.call(Executors.java:511) [na:1.8.0_265]
	at java.util.concurrent.FutureTask.run(FutureTask.java:266) [na:1.8.0_265]
	at java.util.concurrent.ThreadPoolExecutor.runWorker(ThreadPoolExecutor.java:1149) [na:1.8.0_265]
	at java.util.concurrent.ThreadPoolExecutor$Worker.run(ThreadPoolExecutor.java:624) [na:1.8.0_265]
	at java.lang.Thread.run(Thread.java:748) [na:1.8.0_265]
Aug 14, 2020 5:58:51 AM org.openqa.selenium.remote.ProtocolHandshake createSession
[MASTER] 13:58:51.553 [Thread-3] ERROR ExternalProcessHandler - Aug 14, 2020 5:58:51 AM org.openqa.selenium.remote.ProtocolHandshake createSession

INFO: Detected dialect: OSS
[MASTER] 13:58:51.553 [Thread-3] ERROR ExternalProcessHandler - INFO: Detected dialect: OSS

Aug 14, 2020 5:58:53 AM org.openqa.selenium.remote.ProtocolHandshake createSession
[MASTER] 13:58:53.034 [Thread-3] ERROR ExternalProcessHandler - Aug 14, 2020 5:58:53 AM org.openqa.selenium.remote.ProtocolHandshake createSession

INFO: Detected dialect: OSS
[MASTER] 13:58:53.035 [Thread-3] ERROR ExternalProcessHandler - INFO: Detected dialect: OSS

Aug 14, 2020 5:58:54 AM org.openqa.selenium.remote.ProtocolHandshake createSession
[MASTER] 13:58:54.611 [Thread-3] ERROR ExternalProcessHandler - Aug 14, 2020 5:58:54 AM org.openqa.selenium.remote.ProtocolHandshake createSession

INFO: Detected dialect: OSS
[MASTER] 13:58:54.611 [Thread-3] ERROR ExternalProcessHandler - INFO: Detected dialect: OSS

Aug 14, 2020 5:58:56 AM org.openqa.selenium.remote.ProtocolHandshake createSession
[MASTER] 13:58:56.158 [Thread-3] ERROR ExternalProcessHandler - Aug 14, 2020 5:58:56 AM org.openqa.selenium.remote.ProtocolHandshake createSession

INFO: Detected dialect: OSS
[MASTER] 13:58:56.158 [Thread-3] ERROR ExternalProcessHandler - INFO: Detected dialect: OSS

Aug 14, 2020 5:58:57 AM org.openqa.selenium.remote.ProtocolHandshake createSession
[MASTER] 13:58:57.598 [Thread-3] ERROR ExternalProcessHandler - Aug 14, 2020 5:58:57 AM org.openqa.selenium.remote.ProtocolHandshake createSession

INFO: Detected dialect: OSS
[MASTER] 13:58:57.598 [Thread-3] ERROR ExternalProcessHandler - INFO: Detected dialect: OSS

Aug 14, 2020 5:59:01 AM org.openqa.selenium.remote.ProtocolHandshake createSession
[MASTER] 13:59:01.219 [Thread-3] ERROR ExternalProcessHandler - Aug 14, 2020 5:59:01 AM org.openqa.selenium.remote.ProtocolHandshake createSession

INFO: Detected dialect: OSS
[MASTER] 13:59:01.219 [Thread-3] ERROR ExternalProcessHandler - INFO: Detected dialect: OSS

Aug 14, 2020 5:59:11 AM org.openqa.selenium.remote.ProtocolHandshake createSession
[MASTER] 13:59:11.257 [Thread-3] ERROR ExternalProcessHandler - Aug 14, 2020 5:59:11 AM org.openqa.selenium.remote.ProtocolHandshake createSession

INFO: Detected dialect: OSS
[MASTER] 13:59:11.257 [Thread-3] ERROR ExternalProcessHandler - INFO: Detected dialect: OSS

Aug 14, 2020 5:59:27 AM org.openqa.selenium.remote.ProtocolHandshake createSession
[MASTER] 13:59:27.602 [Thread-3] ERROR ExternalProcessHandler - Aug 14, 2020 5:59:27 AM org.openqa.selenium.remote.ProtocolHandshake createSession

INFO: Detected dialect: OSS
[MASTER] 13:59:27.602 [Thread-3] ERROR ExternalProcessHandler - INFO: Detected dialect: OSS

[MASTER] 13:59:50.067 [logback-2] ERROR TestCaseExecutor - TG: Exception caught: 
java.lang.IllegalStateException: Test generation failed: page object bug.
	at org.evosuite.testcase.execution.TestCaseExecutor.runTest(TestCaseExecutor.java:322) ~[evosuite-client-1.0.4-SNAPSHOT.jar:na]
	at org.evosuite.testcase.TestFitnessFunction.runTest(TestFitnessFunction.java:91) [evosuite-client-1.0.4-SNAPSHOT.jar:na]
	at org.evosuite.testcase.TestFitnessFunction.getFitness(TestFitnessFunction.java:60) [evosuite-client-1.0.4-SNAPSHOT.jar:na]
	at org.evosuite.testcase.TestFitnessFunction.getFitness(TestFitnessFunction.java:34) [evosuite-client-1.0.4-SNAPSHOT.jar:na]
	at org.evosuite.ga.metaheuristics.art.AdaptiveRandomSearch.calculateFitness(AdaptiveRandomSearch.java:312) [evosuite-client-1.0.4-SNAPSHOT.jar:na]
	at org.evosuite.ga.metaheuristics.art.AdaptiveRandomSearch.evolve(AdaptiveRandomSearch.java:139) [evosuite-client-1.0.4-SNAPSHOT.jar:na]
	at org.evosuite.ga.metaheuristics.art.AdaptiveRandomSearch.generateSolution(AdaptiveRandomSearch.java:270) [evosuite-client-1.0.4-SNAPSHOT.jar:na]
	at org.evosuite.strategy.AdaptiveRandomTestStrategy.generateTests(AdaptiveRandomTestStrategy.java:118) [evosuite-client-1.0.4-SNAPSHOT.jar:na]
	at org.evosuite.TestSuiteGenerator.generateTests(TestSuiteGenerator.java:654) [evosuite-client-1.0.4-SNAPSHOT.jar:na]
	at org.evosuite.TestSuiteGenerator.generateTestSuite(TestSuiteGenerator.java:213) [evosuite-client-1.0.4-SNAPSHOT.jar:na]
	at org.evosuite.rmi.service.ClientNodeImpl$1.run(ClientNodeImpl.java:145) [evosuite-client-1.0.4-SNAPSHOT.jar:na]
	at java.util.concurrent.Executors$RunnableAdapter.call(Executors.java:511) [na:1.8.0_265]
	at java.util.concurrent.FutureTask.run(FutureTask.java:266) [na:1.8.0_265]
	at java.util.concurrent.ThreadPoolExecutor.runWorker(ThreadPoolExecutor.java:1149) [na:1.8.0_265]
	at java.util.concurrent.ThreadPoolExecutor$Worker.run(ThreadPoolExecutor.java:624) [na:1.8.0_265]
	at java.lang.Thread.run(Thread.java:748) [na:1.8.0_265]
Aug 14, 2020 5:59:50 AM org.openqa.selenium.remote.ProtocolHandshake createSession
[MASTER] 13:59:50.283 [Thread-3] ERROR ExternalProcessHandler - Aug 14, 2020 5:59:50 AM org.openqa.selenium.remote.ProtocolHandshake createSession

INFO: Detected dialect: OSS
[MASTER] 13:59:50.283 [Thread-3] ERROR ExternalProcessHandler - INFO: Detected dialect: OSS

Aug 14, 2020 5:59:53 AM org.openqa.selenium.remote.ProtocolHandshake createSession
[MASTER] 13:59:53.773 [Thread-3] ERROR ExternalProcessHandler - Aug 14, 2020 5:59:53 AM org.openqa.selenium.remote.ProtocolHandshake createSession

INFO: Detected dialect: OSS
[MASTER] 13:59:53.774 [Thread-3] ERROR ExternalProcessHandler - INFO: Detected dialect: OSS

Aug 14, 2020 5:59:57 AM org.openqa.selenium.remote.ProtocolHandshake createSession
[MASTER] 13:59:57.165 [Thread-3] ERROR ExternalProcessHandler - Aug 14, 2020 5:59:57 AM org.openqa.selenium.remote.ProtocolHandshake createSession

INFO: Detected dialect: OSS
[MASTER] 13:59:57.166 [Thread-3] ERROR ExternalProcessHandler - INFO: Detected dialect: OSS

Aug 14, 2020 6:00:06 AM org.openqa.selenium.remote.ProtocolHandshake createSession
[MASTER] 14:00:06.608 [Thread-3] ERROR ExternalProcessHandler - Aug 14, 2020 6:00:06 AM org.openqa.selenium.remote.ProtocolHandshake createSession

INFO: Detected dialect: OSS
[MASTER] 14:00:06.608 [Thread-3] ERROR ExternalProcessHandler - INFO: Detected dialect: OSS

Aug 14, 2020 6:00:21 AM org.openqa.selenium.remote.ProtocolHandshake createSession
[MASTER] 14:00:21.902 [Thread-3] ERROR ExternalProcessHandler - Aug 14, 2020 6:00:21 AM org.openqa.selenium.remote.ProtocolHandshake createSession

INFO: Detected dialect: OSS
[MASTER] 14:00:21.902 [Thread-3] ERROR ExternalProcessHandler - INFO: Detected dialect: OSS

[MASTER] 14:00:43.035 [logback-2] ERROR TestCaseExecutor - TG: Exception caught: 
java.lang.IllegalStateException: Test generation failed: page object bug.
	at org.evosuite.testcase.execution.TestCaseExecutor.runTest(TestCaseExecutor.java:322) ~[evosuite-client-1.0.4-SNAPSHOT.jar:na]
	at org.evosuite.testcase.TestFitnessFunction.runTest(TestFitnessFunction.java:91) [evosuite-client-1.0.4-SNAPSHOT.jar:na]
	at org.evosuite.testcase.TestFitnessFunction.getFitness(TestFitnessFunction.java:60) [evosuite-client-1.0.4-SNAPSHOT.jar:na]
	at org.evosuite.testcase.TestFitnessFunction.getFitness(TestFitnessFunction.java:34) [evosuite-client-1.0.4-SNAPSHOT.jar:na]
	at org.evosuite.ga.metaheuristics.art.AdaptiveRandomSearch.calculateFitness(AdaptiveRandomSearch.java:312) [evosuite-client-1.0.4-SNAPSHOT.jar:na]
	at org.evosuite.ga.metaheuristics.art.AdaptiveRandomSearch.evolve(AdaptiveRandomSearch.java:139) [evosuite-client-1.0.4-SNAPSHOT.jar:na]
	at org.evosuite.ga.metaheuristics.art.AdaptiveRandomSearch.generateSolution(AdaptiveRandomSearch.java:270) [evosuite-client-1.0.4-SNAPSHOT.jar:na]
	at org.evosuite.strategy.AdaptiveRandomTestStrategy.generateTests(AdaptiveRandomTestStrategy.java:118) [evosuite-client-1.0.4-SNAPSHOT.jar:na]
	at org.evosuite.TestSuiteGenerator.generateTests(TestSuiteGenerator.java:654) [evosuite-client-1.0.4-SNAPSHOT.jar:na]
	at org.evosuite.TestSuiteGenerator.generateTestSuite(TestSuiteGenerator.java:213) [evosuite-client-1.0.4-SNAPSHOT.jar:na]
	at org.evosuite.rmi.service.ClientNodeImpl$1.run(ClientNodeImpl.java:145) [evosuite-client-1.0.4-SNAPSHOT.jar:na]
	at java.util.concurrent.Executors$RunnableAdapter.call(Executors.java:511) [na:1.8.0_265]
	at java.util.concurrent.FutureTask.run(FutureTask.java:266) [na:1.8.0_265]
	at java.util.concurrent.ThreadPoolExecutor.runWorker(ThreadPoolExecutor.java:1149) [na:1.8.0_265]
	at java.util.concurrent.ThreadPoolExecutor$Worker.run(ThreadPoolExecutor.java:624) [na:1.8.0_265]
	at java.lang.Thread.run(Thread.java:748) [na:1.8.0_265]
Aug 14, 2020 6:00:43 AM org.openqa.selenium.remote.ProtocolHandshake createSession
[MASTER] 14:00:43.214 [Thread-3] ERROR ExternalProcessHandler - Aug 14, 2020 6:00:43 AM org.openqa.selenium.remote.ProtocolHandshake createSession

INFO: Detected dialect: OSS
[MASTER] 14:00:43.215 [Thread-3] ERROR ExternalProcessHandler - INFO: Detected dialect: OSS

Aug 14, 2020 6:00:44 AM org.openqa.selenium.remote.ProtocolHandshake createSession
[MASTER] 14:00:44.197 [Thread-3] ERROR ExternalProcessHandler - Aug 14, 2020 6:00:44 AM org.openqa.selenium.remote.ProtocolHandshake createSession

INFO: Detected dialect: OSS
[MASTER] 14:00:44.197 [Thread-3] ERROR ExternalProcessHandler - INFO: Detected dialect: OSS

Aug 14, 2020 6:00:45 AM org.openqa.selenium.remote.ProtocolHandshake createSession
[MASTER] 14:00:45.416 [Thread-3] ERROR ExternalProcessHandler - Aug 14, 2020 6:00:45 AM org.openqa.selenium.remote.ProtocolHandshake createSession

INFO: Detected dialect: OSS
[MASTER] 14:00:45.417 [Thread-3] ERROR ExternalProcessHandler - INFO: Detected dialect: OSS

Aug 14, 2020 6:00:49 AM org.openqa.selenium.remote.ProtocolHandshake createSession
[MASTER] 14:00:49.261 [Thread-3] ERROR ExternalProcessHandler - Aug 14, 2020 6:00:49 AM org.openqa.selenium.remote.ProtocolHandshake createSession

INFO: Detected dialect: OSS
[MASTER] 14:00:49.262 [Thread-3] ERROR ExternalProcessHandler - INFO: Detected dialect: OSS

Aug 14, 2020 6:00:55 AM po_utils.PageObjectLogging logInfo
[MASTER] 14:00:55.333 [Thread-3] ERROR ExternalProcessHandler - Aug 14, 2020 6:00:55 AM po_utils.PageObjectLogging logInfo

INFO: waitForElementBeingPresentOnPage timeout exception: unable to locate the element By.xpath: //button[text()="Create a new session"]
[MASTER] 14:00:55.334 [Thread-3] ERROR ExternalProcessHandler - INFO: waitForElementBeingPresentOnPage timeout exception: unable to locate the element By.xpath: //button[text()="Create a new session"]


[MASTER] 14:00:55.334 [Thread-3] ERROR ExternalProcessHandler - 


[MASTER] 14:00:55.334 [Thread-3] ERROR ExternalProcessHandler - 

Aug 14, 2020 6:00:55 AM org.openqa.selenium.remote.ProtocolHandshake createSession
[MASTER] 14:00:55.634 [Thread-3] ERROR ExternalProcessHandler - Aug 14, 2020 6:00:55 AM org.openqa.selenium.remote.ProtocolHandshake createSession

INFO: Detected dialect: OSS
[MASTER] 14:00:55.635 [Thread-3] ERROR ExternalProcessHandler - INFO: Detected dialect: OSS

Aug 14, 2020 6:01:07 AM po_utils.PageObjectLogging logInfo
[MASTER] 14:01:07.836 [Thread-3] ERROR ExternalProcessHandler - Aug 14, 2020 6:01:07 AM po_utils.PageObjectLogging logInfo

INFO: waitForElementBeingPresentOnPage timeout exception: unable to locate the element By.xpath: //button[text()="Create a new session"]
[MASTER] 14:01:07.837 [Thread-3] ERROR ExternalProcessHandler - INFO: waitForElementBeingPresentOnPage timeout exception: unable to locate the element By.xpath: //button[text()="Create a new session"]


[MASTER] 14:01:07.837 [Thread-3] ERROR ExternalProcessHandler - 


[MASTER] 14:01:07.837 [Thread-3] ERROR ExternalProcessHandler - 

Aug 14, 2020 6:01:08 AM org.openqa.selenium.remote.ProtocolHandshake createSession
[MASTER] 14:01:08.615 [Thread-3] ERROR ExternalProcessHandler - Aug 14, 2020 6:01:08 AM org.openqa.selenium.remote.ProtocolHandshake createSession

INFO: Detected dialect: OSS
[MASTER] 14:01:08.615 [Thread-3] ERROR ExternalProcessHandler - INFO: Detected dialect: OSS

Aug 14, 2020 6:01:26 AM po_utils.PageObjectLogging logInfo
[MASTER] 14:01:26.732 [Thread-3] ERROR ExternalProcessHandler - Aug 14, 2020 6:01:26 AM po_utils.PageObjectLogging logInfo

INFO: waitForElementBeingPresentOnPage timeout exception: unable to locate the element By.xpath: //button[text()="Create a new session"]
[MASTER] 14:01:26.733 [Thread-3] ERROR ExternalProcessHandler - INFO: waitForElementBeingPresentOnPage timeout exception: unable to locate the element By.xpath: //button[text()="Create a new session"]


[MASTER] 14:01:26.733 [Thread-3] ERROR ExternalProcessHandler - 


[MASTER] 14:01:26.733 [Thread-3] ERROR ExternalProcessHandler - 

Aug 14, 2020 6:01:27 AM org.openqa.selenium.remote.ProtocolHandshake createSession
[MASTER] 14:01:27.975 [Thread-3] ERROR ExternalProcessHandler - Aug 14, 2020 6:01:27 AM org.openqa.selenium.remote.ProtocolHandshake createSession

INFO: Detected dialect: OSS
[MASTER] 14:01:27.975 [Thread-3] ERROR ExternalProcessHandler - INFO: Detected dialect: OSS

Aug 14, 2020 6:01:52 AM po_utils.PageObjectLogging logInfo
[MASTER] 14:01:52.154 [Thread-3] ERROR ExternalProcessHandler - Aug 14, 2020 6:01:52 AM po_utils.PageObjectLogging logInfo

INFO: waitForElementBeingPresentOnPage timeout exception: unable to locate the element By.xpath: //button[text()="Create a new session"]
[MASTER] 14:01:52.154 [Thread-3] ERROR ExternalProcessHandler - INFO: waitForElementBeingPresentOnPage timeout exception: unable to locate the element By.xpath: //button[text()="Create a new session"]


[MASTER] 14:01:52.154 [Thread-3] ERROR ExternalProcessHandler - 


[MASTER] 14:01:52.154 [Thread-3] ERROR ExternalProcessHandler - 

[MASTER] 14:01:53.771 [logback-2] ERROR TestCaseExecutor - TG: Exception caught: 
java.lang.IllegalStateException: Test generation failed: page object bug.
	at org.evosuite.testcase.execution.TestCaseExecutor.runTest(TestCaseExecutor.java:322) ~[evosuite-client-1.0.4-SNAPSHOT.jar:na]
	at org.evosuite.testcase.TestFitnessFunction.runTest(TestFitnessFunction.java:91) [evosuite-client-1.0.4-SNAPSHOT.jar:na]
	at org.evosuite.testcase.TestFitnessFunction.getFitness(TestFitnessFunction.java:60) [evosuite-client-1.0.4-SNAPSHOT.jar:na]
	at org.evosuite.testcase.TestFitnessFunction.getFitness(TestFitnessFunction.java:34) [evosuite-client-1.0.4-SNAPSHOT.jar:na]
	at org.evosuite.ga.metaheuristics.art.AdaptiveRandomSearch.calculateFitness(AdaptiveRandomSearch.java:312) [evosuite-client-1.0.4-SNAPSHOT.jar:na]
	at org.evosuite.ga.metaheuristics.art.AdaptiveRandomSearch.evolve(AdaptiveRandomSearch.java:139) [evosuite-client-1.0.4-SNAPSHOT.jar:na]
	at org.evosuite.ga.metaheuristics.art.AdaptiveRandomSearch.generateSolution(AdaptiveRandomSearch.java:270) [evosuite-client-1.0.4-SNAPSHOT.jar:na]
	at org.evosuite.strategy.AdaptiveRandomTestStrategy.generateTests(AdaptiveRandomTestStrategy.java:118) [evosuite-client-1.0.4-SNAPSHOT.jar:na]
	at org.evosuite.TestSuiteGenerator.generateTests(TestSuiteGenerator.java:654) [evosuite-client-1.0.4-SNAPSHOT.jar:na]
	at org.evosuite.TestSuiteGenerator.generateTestSuite(TestSuiteGenerator.java:213) [evosuite-client-1.0.4-SNAPSHOT.jar:na]
	at org.evosuite.rmi.service.ClientNodeImpl$1.run(ClientNodeImpl.java:145) [evosuite-client-1.0.4-SNAPSHOT.jar:na]
	at java.util.concurrent.Executors$RunnableAdapter.call(Executors.java:511) [na:1.8.0_265]
	at java.util.concurrent.FutureTask.run(FutureTask.java:266) [na:1.8.0_265]
	at java.util.concurrent.ThreadPoolExecutor.runWorker(ThreadPoolExecutor.java:1149) [na:1.8.0_265]
	at java.util.concurrent.ThreadPoolExecutor$Worker.run(ThreadPoolExecutor.java:624) [na:1.8.0_265]
	at java.lang.Thread.run(Thread.java:748) [na:1.8.0_265]
Aug 14, 2020 6:01:53 AM org.openqa.selenium.remote.ProtocolHandshake createSession
[MASTER] 14:01:53.996 [Thread-3] ERROR ExternalProcessHandler - Aug 14, 2020 6:01:53 AM org.openqa.selenium.remote.ProtocolHandshake createSession

INFO: Detected dialect: OSS
[MASTER] 14:01:53.996 [Thread-3] ERROR ExternalProcessHandler - INFO: Detected dialect: OSS

Aug 14, 2020 6:01:55 AM org.openqa.selenium.remote.ProtocolHandshake createSession
[MASTER] 14:01:55.125 [Thread-3] ERROR ExternalProcessHandler - Aug 14, 2020 6:01:55 AM org.openqa.selenium.remote.ProtocolHandshake createSession

INFO: Detected dialect: OSS
[MASTER] 14:01:55.125 [Thread-3] ERROR ExternalProcessHandler - INFO: Detected dialect: OSS

Aug 14, 2020 6:01:56 AM org.openqa.selenium.remote.ProtocolHandshake createSession
[MASTER] 14:01:56.240 [Thread-3] ERROR ExternalProcessHandler - Aug 14, 2020 6:01:56 AM org.openqa.selenium.remote.ProtocolHandshake createSession

INFO: Detected dialect: OSS
[MASTER] 14:01:56.240 [Thread-3] ERROR ExternalProcessHandler - INFO: Detected dialect: OSS

Aug 14, 2020 6:01:57 AM org.openqa.selenium.remote.ProtocolHandshake createSession
[MASTER] 14:01:57.206 [Thread-3] ERROR ExternalProcessHandler - Aug 14, 2020 6:01:57 AM org.openqa.selenium.remote.ProtocolHandshake createSession

INFO: Detected dialect: OSS
[MASTER] 14:01:57.206 [Thread-3] ERROR ExternalProcessHandler - INFO: Detected dialect: OSS

Aug 14, 2020 6:01:59 AM org.openqa.selenium.remote.ProtocolHandshake createSession
[MASTER] 14:01:59.205 [Thread-3] ERROR ExternalProcessHandler - Aug 14, 2020 6:01:59 AM org.openqa.selenium.remote.ProtocolHandshake createSession

INFO: Detected dialect: OSS
[MASTER] 14:01:59.205 [Thread-3] ERROR ExternalProcessHandler - INFO: Detected dialect: OSS

Aug 14, 2020 6:02:02 AM org.openqa.selenium.remote.ProtocolHandshake createSession
[MASTER] 14:02:02.178 [Thread-3] ERROR ExternalProcessHandler - Aug 14, 2020 6:02:02 AM org.openqa.selenium.remote.ProtocolHandshake createSession

INFO: Detected dialect: OSS
[MASTER] 14:02:02.178 [Thread-3] ERROR ExternalProcessHandler - INFO: Detected dialect: OSS

Aug 14, 2020 6:02:10 AM org.openqa.selenium.remote.ProtocolHandshake createSession
[MASTER] 14:02:10.571 [Thread-3] ERROR ExternalProcessHandler - Aug 14, 2020 6:02:10 AM org.openqa.selenium.remote.ProtocolHandshake createSession

INFO: Detected dialect: OSS
[MASTER] 14:02:10.571 [Thread-3] ERROR ExternalProcessHandler - INFO: Detected dialect: OSS

Aug 14, 2020 6:02:24 AM org.openqa.selenium.remote.ProtocolHandshake createSession
[MASTER] 14:02:24.549 [Thread-3] ERROR ExternalProcessHandler - Aug 14, 2020 6:02:24 AM org.openqa.selenium.remote.ProtocolHandshake createSession

INFO: Detected dialect: OSS
[MASTER] 14:02:24.549 [Thread-3] ERROR ExternalProcessHandler - INFO: Detected dialect: OSS

Aug 14, 2020 6:02:26 AM org.openqa.selenium.remote.ProtocolHandshake createSession
[MASTER] 14:02:26.258 [Thread-3] ERROR ExternalProcessHandler - Aug 14, 2020 6:02:26 AM org.openqa.selenium.remote.ProtocolHandshake createSession

INFO: Detected dialect: OSS
[MASTER] 14:02:26.258 [Thread-3] ERROR ExternalProcessHandler - INFO: Detected dialect: OSS

Aug 14, 2020 6:02:29 AM org.openqa.selenium.remote.ProtocolHandshake createSession
[MASTER] 14:02:29.994 [Thread-3] ERROR ExternalProcessHandler - Aug 14, 2020 6:02:29 AM org.openqa.selenium.remote.ProtocolHandshake createSession

INFO: Detected dialect: OSS
[MASTER] 14:02:29.994 [Thread-3] ERROR ExternalProcessHandler - INFO: Detected dialect: OSS

Aug 14, 2020 6:02:40 AM org.openqa.selenium.remote.ProtocolHandshake createSession
[MASTER] 14:02:40.094 [Thread-3] ERROR ExternalProcessHandler - Aug 14, 2020 6:02:40 AM org.openqa.selenium.remote.ProtocolHandshake createSession

INFO: Detected dialect: OSS
[MASTER] 14:02:40.095 [Thread-3] ERROR ExternalProcessHandler - INFO: Detected dialect: OSS

Aug 14, 2020 6:02:56 AM org.openqa.selenium.remote.ProtocolHandshake createSession
[MASTER] 14:02:56.575 [Thread-3] ERROR ExternalProcessHandler - Aug 14, 2020 6:02:56 AM org.openqa.selenium.remote.ProtocolHandshake createSession

INFO: Detected dialect: OSS
[MASTER] 14:02:56.575 [Thread-3] ERROR ExternalProcessHandler - INFO: Detected dialect: OSS

[MASTER] 14:03:19.187 [logback-2] ERROR TestCaseExecutor - TG: Exception caught: 
java.lang.IllegalStateException: Test generation failed: page object bug.
	at org.evosuite.testcase.execution.TestCaseExecutor.runTest(TestCaseExecutor.java:322) ~[evosuite-client-1.0.4-SNAPSHOT.jar:na]
	at org.evosuite.testcase.TestFitnessFunction.runTest(TestFitnessFunction.java:91) [evosuite-client-1.0.4-SNAPSHOT.jar:na]
	at org.evosuite.testcase.TestFitnessFunction.getFitness(TestFitnessFunction.java:60) [evosuite-client-1.0.4-SNAPSHOT.jar:na]
	at org.evosuite.testcase.TestFitnessFunction.getFitness(TestFitnessFunction.java:34) [evosuite-client-1.0.4-SNAPSHOT.jar:na]
	at org.evosuite.ga.metaheuristics.art.AdaptiveRandomSearch.calculateFitness(AdaptiveRandomSearch.java:312) [evosuite-client-1.0.4-SNAPSHOT.jar:na]
	at org.evosuite.ga.metaheuristics.art.AdaptiveRandomSearch.evolve(AdaptiveRandomSearch.java:139) [evosuite-client-1.0.4-SNAPSHOT.jar:na]
	at org.evosuite.ga.metaheuristics.art.AdaptiveRandomSearch.generateSolution(AdaptiveRandomSearch.java:270) [evosuite-client-1.0.4-SNAPSHOT.jar:na]
	at org.evosuite.strategy.AdaptiveRandomTestStrategy.generateTests(AdaptiveRandomTestStrategy.java:118) [evosuite-client-1.0.4-SNAPSHOT.jar:na]
	at org.evosuite.TestSuiteGenerator.generateTests(TestSuiteGenerator.java:654) [evosuite-client-1.0.4-SNAPSHOT.jar:na]
	at org.evosuite.TestSuiteGenerator.generateTestSuite(TestSuiteGenerator.java:213) [evosuite-client-1.0.4-SNAPSHOT.jar:na]
	at org.evosuite.rmi.service.ClientNodeImpl$1.run(ClientNodeImpl.java:145) [evosuite-client-1.0.4-SNAPSHOT.jar:na]
	at java.util.concurrent.Executors$RunnableAdapter.call(Executors.java:511) [na:1.8.0_265]
	at java.util.concurrent.FutureTask.run(FutureTask.java:266) [na:1.8.0_265]
	at java.util.concurrent.ThreadPoolExecutor.runWorker(ThreadPoolExecutor.java:1149) [na:1.8.0_265]
	at java.util.concurrent.ThreadPoolExecutor$Worker.run(ThreadPoolExecutor.java:624) [na:1.8.0_265]
	at java.lang.Thread.run(Thread.java:748) [na:1.8.0_265]
Aug 14, 2020 6:03:19 AM org.openqa.selenium.remote.ProtocolHandshake createSession
[MASTER] 14:03:19.425 [Thread-3] ERROR ExternalProcessHandler - Aug 14, 2020 6:03:19 AM org.openqa.selenium.remote.ProtocolHandshake createSession

INFO: Detected dialect: OSS
[MASTER] 14:03:19.425 [Thread-3] ERROR ExternalProcessHandler - INFO: Detected dialect: OSS

Aug 14, 2020 6:03:20 AM org.openqa.selenium.remote.ProtocolHandshake createSession
[MASTER] 14:03:20.436 [Thread-3] ERROR ExternalProcessHandler - Aug 14, 2020 6:03:20 AM org.openqa.selenium.remote.ProtocolHandshake createSession

INFO: Detected dialect: OSS
[MASTER] 14:03:20.436 [Thread-3] ERROR ExternalProcessHandler - INFO: Detected dialect: OSS

Aug 14, 2020 6:03:21 AM org.openqa.selenium.remote.ProtocolHandshake createSession
[MASTER] 14:03:21.353 [Thread-3] ERROR ExternalProcessHandler - Aug 14, 2020 6:03:21 AM org.openqa.selenium.remote.ProtocolHandshake createSession

INFO: Detected dialect: OSS
[MASTER] 14:03:21.353 [Thread-3] ERROR ExternalProcessHandler - INFO: Detected dialect: OSS

Aug 14, 2020 6:03:23 AM org.openqa.selenium.remote.ProtocolHandshake createSession
[MASTER] 14:03:23.810 [Thread-3] ERROR ExternalProcessHandler - Aug 14, 2020 6:03:23 AM org.openqa.selenium.remote.ProtocolHandshake createSession

INFO: Detected dialect: OSS
[MASTER] 14:03:23.810 [Thread-3] ERROR ExternalProcessHandler - INFO: Detected dialect: OSS

Aug 14, 2020 6:03:25 AM po_utils.PageObjectLogging logInfo
[MASTER] 14:03:25.155 [Thread-3] ERROR ExternalProcessHandler - Aug 14, 2020 6:03:25 AM po_utils.PageObjectLogging logInfo

INFO: waitForElementBeingPresentOnPage timeout exception: unable to locate the element By.xpath: //button[text()="Create a new session"]
[MASTER] 14:03:25.156 [Thread-3] ERROR ExternalProcessHandler - INFO: waitForElementBeingPresentOnPage timeout exception: unable to locate the element By.xpath: //button[text()="Create a new session"]


[MASTER] 14:03:25.156 [Thread-3] ERROR ExternalProcessHandler - 


[MASTER] 14:03:25.156 [Thread-3] ERROR ExternalProcessHandler - 

Aug 14, 2020 6:03:27 AM org.openqa.selenium.remote.ProtocolHandshake createSession
[MASTER] 14:03:27.920 [Thread-3] ERROR ExternalProcessHandler - Aug 14, 2020 6:03:27 AM org.openqa.selenium.remote.ProtocolHandshake createSession

INFO: Detected dialect: OSS
[MASTER] 14:03:27.920 [Thread-3] ERROR ExternalProcessHandler - INFO: Detected dialect: OSS

Aug 14, 2020 6:03:28 AM org.openqa.selenium.remote.ProtocolHandshake createSession
[MASTER] 14:03:28.868 [Thread-3] ERROR ExternalProcessHandler - Aug 14, 2020 6:03:28 AM org.openqa.selenium.remote.ProtocolHandshake createSession

INFO: Detected dialect: OSS
[MASTER] 14:03:28.868 [Thread-3] ERROR ExternalProcessHandler - INFO: Detected dialect: OSS

Aug 14, 2020 6:03:31 AM po_utils.PageObjectLogging logInfo
[MASTER] 14:03:31.472 [Thread-3] ERROR ExternalProcessHandler - Aug 14, 2020 6:03:31 AM po_utils.PageObjectLogging logInfo

INFO: waitForElementBeingPresentOnPage timeout exception: unable to locate the element By.xpath: //button[text()="Create a new session"]
[MASTER] 14:03:31.473 [Thread-3] ERROR ExternalProcessHandler - INFO: waitForElementBeingPresentOnPage timeout exception: unable to locate the element By.xpath: //button[text()="Create a new session"]


[MASTER] 14:03:31.473 [Thread-3] ERROR ExternalProcessHandler - 


[MASTER] 14:03:31.473 [Thread-3] ERROR ExternalProcessHandler - 

Aug 14, 2020 6:03:31 AM po_utils.PageObjectLogging logInfo
[MASTER] 14:03:31.910 [Thread-3] ERROR ExternalProcessHandler - Aug 14, 2020 6:03:31 AM po_utils.PageObjectLogging logInfo

INFO: waitForElementBeingPresentOnPage timeout exception: unable to locate the element By.xpath: //button[text()="Create a new session"]
[MASTER] 14:03:31.911 [Thread-3] ERROR ExternalProcessHandler - INFO: waitForElementBeingPresentOnPage timeout exception: unable to locate the element By.xpath: //button[text()="Create a new session"]


[MASTER] 14:03:31.911 [Thread-3] ERROR ExternalProcessHandler - 


[MASTER] 14:03:31.911 [Thread-3] ERROR ExternalProcessHandler - 

Aug 14, 2020 6:03:32 AM org.openqa.selenium.remote.ProtocolHandshake createSession
[MASTER] 14:03:32.417 [Thread-3] ERROR ExternalProcessHandler - Aug 14, 2020 6:03:32 AM org.openqa.selenium.remote.ProtocolHandshake createSession

INFO: Detected dialect: OSS
[MASTER] 14:03:32.417 [Thread-3] ERROR ExternalProcessHandler - INFO: Detected dialect: OSS

Aug 14, 2020 6:03:37 AM org.openqa.selenium.remote.ProtocolHandshake createSession
[MASTER] 14:03:37.477 [Thread-3] ERROR ExternalProcessHandler - Aug 14, 2020 6:03:37 AM org.openqa.selenium.remote.ProtocolHandshake createSession

INFO: Detected dialect: OSS
[MASTER] 14:03:37.477 [Thread-3] ERROR ExternalProcessHandler - INFO: Detected dialect: OSS

Aug 14, 2020 6:03:49 AM org.openqa.selenium.remote.ProtocolHandshake createSession
[MASTER] 14:03:49.012 [Thread-3] ERROR ExternalProcessHandler - Aug 14, 2020 6:03:49 AM org.openqa.selenium.remote.ProtocolHandshake createSession

INFO: Detected dialect: OSS
[MASTER] 14:03:49.012 [Thread-3] ERROR ExternalProcessHandler - INFO: Detected dialect: OSS

Aug 14, 2020 6:04:06 AM org.openqa.selenium.remote.ProtocolHandshake createSession
[MASTER] 14:04:06.711 [Thread-3] ERROR ExternalProcessHandler - Aug 14, 2020 6:04:06 AM org.openqa.selenium.remote.ProtocolHandshake createSession

INFO: Detected dialect: OSS
[MASTER] 14:04:06.711 [Thread-3] ERROR ExternalProcessHandler - INFO: Detected dialect: OSS

[MASTER] 14:04:30.684 [logback-2] ERROR TestCaseExecutor - TG: Exception caught: 
java.lang.IllegalStateException: Test generation failed: page object bug.
	at org.evosuite.testcase.execution.TestCaseExecutor.runTest(TestCaseExecutor.java:322) ~[evosuite-client-1.0.4-SNAPSHOT.jar:na]
	at org.evosuite.testcase.TestFitnessFunction.runTest(TestFitnessFunction.java:91) [evosuite-client-1.0.4-SNAPSHOT.jar:na]
	at org.evosuite.testcase.TestFitnessFunction.getFitness(TestFitnessFunction.java:60) [evosuite-client-1.0.4-SNAPSHOT.jar:na]
	at org.evosuite.testcase.TestFitnessFunction.getFitness(TestFitnessFunction.java:34) [evosuite-client-1.0.4-SNAPSHOT.jar:na]
	at org.evosuite.ga.metaheuristics.art.AdaptiveRandomSearch.calculateFitness(AdaptiveRandomSearch.java:312) [evosuite-client-1.0.4-SNAPSHOT.jar:na]
	at org.evosuite.ga.metaheuristics.art.AdaptiveRandomSearch.evolve(AdaptiveRandomSearch.java:139) [evosuite-client-1.0.4-SNAPSHOT.jar:na]
	at org.evosuite.ga.metaheuristics.art.AdaptiveRandomSearch.generateSolution(AdaptiveRandomSearch.java:270) [evosuite-client-1.0.4-SNAPSHOT.jar:na]
	at org.evosuite.strategy.AdaptiveRandomTestStrategy.generateTests(AdaptiveRandomTestStrategy.java:118) [evosuite-client-1.0.4-SNAPSHOT.jar:na]
	at org.evosuite.TestSuiteGenerator.generateTests(TestSuiteGenerator.java:654) [evosuite-client-1.0.4-SNAPSHOT.jar:na]
	at org.evosuite.TestSuiteGenerator.generateTestSuite(TestSuiteGenerator.java:213) [evosuite-client-1.0.4-SNAPSHOT.jar:na]
	at org.evosuite.rmi.service.ClientNodeImpl$1.run(ClientNodeImpl.java:145) [evosuite-client-1.0.4-SNAPSHOT.jar:na]
	at java.util.concurrent.Executors$RunnableAdapter.call(Executors.java:511) [na:1.8.0_265]
	at java.util.concurrent.FutureTask.run(FutureTask.java:266) [na:1.8.0_265]
	at java.util.concurrent.ThreadPoolExecutor.runWorker(ThreadPoolExecutor.java:1149) [na:1.8.0_265]
	at java.util.concurrent.ThreadPoolExecutor$Worker.run(ThreadPoolExecutor.java:624) [na:1.8.0_265]
	at java.lang.Thread.run(Thread.java:748) [na:1.8.0_265]
Aug 14, 2020 6:04:30 AM org.openqa.selenium.remote.ProtocolHandshake createSession
[MASTER] 14:04:30.912 [Thread-3] ERROR ExternalProcessHandler - Aug 14, 2020 6:04:30 AM org.openqa.selenium.remote.ProtocolHandshake createSession

INFO: Detected dialect: OSS
[MASTER] 14:04:30.912 [Thread-3] ERROR ExternalProcessHandler - INFO: Detected dialect: OSS

Aug 14, 2020 6:04:32 AM org.openqa.selenium.remote.ProtocolHandshake createSession
[MASTER] 14:04:32.296 [Thread-3] ERROR ExternalProcessHandler - Aug 14, 2020 6:04:32 AM org.openqa.selenium.remote.ProtocolHandshake createSession

INFO: Detected dialect: OSS
[MASTER] 14:04:32.296 [Thread-3] ERROR ExternalProcessHandler - INFO: Detected dialect: OSS

Aug 14, 2020 6:04:34 AM org.openqa.selenium.remote.ProtocolHandshake createSession
[MASTER] 14:04:34.577 [Thread-3] ERROR ExternalProcessHandler - Aug 14, 2020 6:04:34 AM org.openqa.selenium.remote.ProtocolHandshake createSession

INFO: Detected dialect: OSS
[MASTER] 14:04:34.577 [Thread-3] ERROR ExternalProcessHandler - INFO: Detected dialect: OSS

Aug 14, 2020 6:04:36 AM org.openqa.selenium.remote.ProtocolHandshake createSession
[MASTER] 14:04:36.630 [Thread-3] ERROR ExternalProcessHandler - Aug 14, 2020 6:04:36 AM org.openqa.selenium.remote.ProtocolHandshake createSession

INFO: Detected dialect: OSS
[MASTER] 14:04:36.630 [Thread-3] ERROR ExternalProcessHandler - INFO: Detected dialect: OSS

Aug 14, 2020 6:04:39 AM org.openqa.selenium.remote.ProtocolHandshake createSession
[MASTER] 14:04:39.924 [Thread-3] ERROR ExternalProcessHandler - Aug 14, 2020 6:04:39 AM org.openqa.selenium.remote.ProtocolHandshake createSession

INFO: Detected dialect: OSS
[MASTER] 14:04:39.924 [Thread-3] ERROR ExternalProcessHandler - INFO: Detected dialect: OSS

Aug 14, 2020 6:04:42 AM org.openqa.selenium.remote.ProtocolHandshake createSession
[MASTER] 14:04:42.042 [Thread-3] ERROR ExternalProcessHandler - Aug 14, 2020 6:04:42 AM org.openqa.selenium.remote.ProtocolHandshake createSession

INFO: Detected dialect: OSS
[MASTER] 14:04:42.042 [Thread-3] ERROR ExternalProcessHandler - INFO: Detected dialect: OSS

Aug 14, 2020 6:04:50 AM org.openqa.selenium.remote.ProtocolHandshake createSession
[MASTER] 14:04:50.163 [Thread-3] ERROR ExternalProcessHandler - Aug 14, 2020 6:04:50 AM org.openqa.selenium.remote.ProtocolHandshake createSession

INFO: Detected dialect: OSS
[MASTER] 14:04:50.163 [Thread-3] ERROR ExternalProcessHandler - INFO: Detected dialect: OSS

Aug 14, 2020 6:05:04 AM org.openqa.selenium.remote.ProtocolHandshake createSession
[MASTER] 14:05:04.334 [Thread-3] ERROR ExternalProcessHandler - Aug 14, 2020 6:05:04 AM org.openqa.selenium.remote.ProtocolHandshake createSession

INFO: Detected dialect: OSS
[MASTER] 14:05:04.334 [Thread-3] ERROR ExternalProcessHandler - INFO: Detected dialect: OSS

[MASTER] 14:05:24.454 [logback-2] ERROR TestCaseExecutor - TG: Exception caught: 
java.lang.IllegalStateException: Test generation failed: page object bug.
	at org.evosuite.testcase.execution.TestCaseExecutor.runTest(TestCaseExecutor.java:322) ~[evosuite-client-1.0.4-SNAPSHOT.jar:na]
	at org.evosuite.testcase.TestFitnessFunction.runTest(TestFitnessFunction.java:91) [evosuite-client-1.0.4-SNAPSHOT.jar:na]
	at org.evosuite.testcase.TestFitnessFunction.getFitness(TestFitnessFunction.java:60) [evosuite-client-1.0.4-SNAPSHOT.jar:na]
	at org.evosuite.testcase.TestFitnessFunction.getFitness(TestFitnessFunction.java:34) [evosuite-client-1.0.4-SNAPSHOT.jar:na]
	at org.evosuite.ga.metaheuristics.art.AdaptiveRandomSearch.calculateFitness(AdaptiveRandomSearch.java:312) [evosuite-client-1.0.4-SNAPSHOT.jar:na]
	at org.evosuite.ga.metaheuristics.art.AdaptiveRandomSearch.evolve(AdaptiveRandomSearch.java:139) [evosuite-client-1.0.4-SNAPSHOT.jar:na]
	at org.evosuite.ga.metaheuristics.art.AdaptiveRandomSearch.generateSolution(AdaptiveRandomSearch.java:270) [evosuite-client-1.0.4-SNAPSHOT.jar:na]
	at org.evosuite.strategy.AdaptiveRandomTestStrategy.generateTests(AdaptiveRandomTestStrategy.java:118) [evosuite-client-1.0.4-SNAPSHOT.jar:na]
	at org.evosuite.TestSuiteGenerator.generateTests(TestSuiteGenerator.java:654) [evosuite-client-1.0.4-SNAPSHOT.jar:na]
	at org.evosuite.TestSuiteGenerator.generateTestSuite(TestSuiteGenerator.java:213) [evosuite-client-1.0.4-SNAPSHOT.jar:na]
	at org.evosuite.rmi.service.ClientNodeImpl$1.run(ClientNodeImpl.java:145) [evosuite-client-1.0.4-SNAPSHOT.jar:na]
	at java.util.concurrent.Executors$RunnableAdapter.call(Executors.java:511) [na:1.8.0_265]
	at java.util.concurrent.FutureTask.run(FutureTask.java:266) [na:1.8.0_265]
	at java.util.concurrent.ThreadPoolExecutor.runWorker(ThreadPoolExecutor.java:1149) [na:1.8.0_265]
	at java.util.concurrent.ThreadPoolExecutor$Worker.run(ThreadPoolExecutor.java:624) [na:1.8.0_265]
	at java.lang.Thread.run(Thread.java:748) [na:1.8.0_265]
Aug 14, 2020 6:05:24 AM org.openqa.selenium.remote.ProtocolHandshake createSession
[MASTER] 14:05:24.689 [Thread-3] ERROR ExternalProcessHandler - Aug 14, 2020 6:05:24 AM org.openqa.selenium.remote.ProtocolHandshake createSession

INFO: Detected dialect: OSS
[MASTER] 14:05:24.689 [Thread-3] ERROR ExternalProcessHandler - INFO: Detected dialect: OSS

Aug 14, 2020 6:05:27 AM org.openqa.selenium.remote.ProtocolHandshake createSession
[MASTER] 14:05:27.523 [Thread-3] ERROR ExternalProcessHandler - Aug 14, 2020 6:05:27 AM org.openqa.selenium.remote.ProtocolHandshake createSession

INFO: Detected dialect: OSS
[MASTER] 14:05:27.523 [Thread-3] ERROR ExternalProcessHandler - INFO: Detected dialect: OSS

Aug 14, 2020 6:05:28 AM org.openqa.selenium.remote.ProtocolHandshake createSession
[MASTER] 14:05:28.714 [Thread-3] ERROR ExternalProcessHandler - Aug 14, 2020 6:05:28 AM org.openqa.selenium.remote.ProtocolHandshake createSession

INFO: Detected dialect: OSS
[MASTER] 14:05:28.714 [Thread-3] ERROR ExternalProcessHandler - INFO: Detected dialect: OSS

Aug 14, 2020 6:05:34 AM org.openqa.selenium.remote.ProtocolHandshake createSession
[MASTER] 14:05:34.667 [Thread-3] ERROR ExternalProcessHandler - Aug 14, 2020 6:05:34 AM org.openqa.selenium.remote.ProtocolHandshake createSession

INFO: Detected dialect: OSS
[MASTER] 14:05:34.667 [Thread-3] ERROR ExternalProcessHandler - INFO: Detected dialect: OSS

Aug 14, 2020 6:05:47 AM org.openqa.selenium.remote.ProtocolHandshake createSession
[MASTER] 14:05:47.100 [Thread-3] ERROR ExternalProcessHandler - Aug 14, 2020 6:05:47 AM org.openqa.selenium.remote.ProtocolHandshake createSession

INFO: Detected dialect: OSS
[MASTER] 14:05:47.100 [Thread-3] ERROR ExternalProcessHandler - INFO: Detected dialect: OSS

Aug 14, 2020 6:06:06 AM org.openqa.selenium.remote.ProtocolHandshake createSession
[MASTER] 14:06:06.037 [Thread-3] ERROR ExternalProcessHandler - Aug 14, 2020 6:06:06 AM org.openqa.selenium.remote.ProtocolHandshake createSession

INFO: Detected dialect: OSS
[MASTER] 14:06:06.037 [Thread-3] ERROR ExternalProcessHandler - INFO: Detected dialect: OSS

[MASTER] 14:06:31.025 [logback-2] ERROR TestCaseExecutor - TG: Exception caught: 
java.lang.IllegalStateException: Test generation failed: page object bug.
	at org.evosuite.testcase.execution.TestCaseExecutor.runTest(TestCaseExecutor.java:322) ~[evosuite-client-1.0.4-SNAPSHOT.jar:na]
	at org.evosuite.testcase.TestFitnessFunction.runTest(TestFitnessFunction.java:91) [evosuite-client-1.0.4-SNAPSHOT.jar:na]
	at org.evosuite.testcase.TestFitnessFunction.getFitness(TestFitnessFunction.java:60) [evosuite-client-1.0.4-SNAPSHOT.jar:na]
	at org.evosuite.testcase.TestFitnessFunction.getFitness(TestFitnessFunction.java:34) [evosuite-client-1.0.4-SNAPSHOT.jar:na]
	at org.evosuite.ga.metaheuristics.art.AdaptiveRandomSearch.calculateFitness(AdaptiveRandomSearch.java:312) [evosuite-client-1.0.4-SNAPSHOT.jar:na]
	at org.evosuite.ga.metaheuristics.art.AdaptiveRandomSearch.evolve(AdaptiveRandomSearch.java:139) [evosuite-client-1.0.4-SNAPSHOT.jar:na]
	at org.evosuite.ga.metaheuristics.art.AdaptiveRandomSearch.generateSolution(AdaptiveRandomSearch.java:270) [evosuite-client-1.0.4-SNAPSHOT.jar:na]
	at org.evosuite.strategy.AdaptiveRandomTestStrategy.generateTests(AdaptiveRandomTestStrategy.java:118) [evosuite-client-1.0.4-SNAPSHOT.jar:na]
	at org.evosuite.TestSuiteGenerator.generateTests(TestSuiteGenerator.java:654) [evosuite-client-1.0.4-SNAPSHOT.jar:na]
	at org.evosuite.TestSuiteGenerator.generateTestSuite(TestSuiteGenerator.java:213) [evosuite-client-1.0.4-SNAPSHOT.jar:na]
	at org.evosuite.rmi.service.ClientNodeImpl$1.run(ClientNodeImpl.java:145) [evosuite-client-1.0.4-SNAPSHOT.jar:na]
	at java.util.concurrent.Executors$RunnableAdapter.call(Executors.java:511) [na:1.8.0_265]
	at java.util.concurrent.FutureTask.run(FutureTask.java:266) [na:1.8.0_265]
	at java.util.concurrent.ThreadPoolExecutor.runWorker(ThreadPoolExecutor.java:1149) [na:1.8.0_265]
	at java.util.concurrent.ThreadPoolExecutor$Worker.run(ThreadPoolExecutor.java:624) [na:1.8.0_265]
	at java.lang.Thread.run(Thread.java:748) [na:1.8.0_265]
Aug 14, 2020 6:06:31 AM org.openqa.selenium.remote.ProtocolHandshake createSession
[MASTER] 14:06:31.252 [Thread-3] ERROR ExternalProcessHandler - Aug 14, 2020 6:06:31 AM org.openqa.selenium.remote.ProtocolHandshake createSession

INFO: Detected dialect: OSS
[MASTER] 14:06:31.253 [Thread-3] ERROR ExternalProcessHandler - INFO: Detected dialect: OSS

Aug 14, 2020 6:06:33 AM org.openqa.selenium.remote.ProtocolHandshake createSession
[MASTER] 14:06:33.839 [Thread-3] ERROR ExternalProcessHandler - Aug 14, 2020 6:06:33 AM org.openqa.selenium.remote.ProtocolHandshake createSession

INFO: Detected dialect: OSS
[MASTER] 14:06:33.839 [Thread-3] ERROR ExternalProcessHandler - INFO: Detected dialect: OSS

Aug 14, 2020 6:06:42 AM org.openqa.selenium.remote.ProtocolHandshake createSession
[MASTER] 14:06:42.706 [Thread-3] ERROR ExternalProcessHandler - Aug 14, 2020 6:06:42 AM org.openqa.selenium.remote.ProtocolHandshake createSession

INFO: Detected dialect: OSS
[MASTER] 14:06:42.706 [Thread-3] ERROR ExternalProcessHandler - INFO: Detected dialect: OSS

Aug 14, 2020 6:06:57 AM org.openqa.selenium.remote.ProtocolHandshake createSession
[MASTER] 14:06:57.505 [Thread-3] ERROR ExternalProcessHandler - Aug 14, 2020 6:06:57 AM org.openqa.selenium.remote.ProtocolHandshake createSession

INFO: Detected dialect: OSS
[MASTER] 14:06:57.505 [Thread-3] ERROR ExternalProcessHandler - INFO: Detected dialect: OSS

[MASTER] 14:07:18.174 [logback-2] ERROR TestCaseExecutor - TG: Exception caught: 
java.lang.IllegalStateException: Test generation failed: page object bug.
	at org.evosuite.testcase.execution.TestCaseExecutor.runTest(TestCaseExecutor.java:322) ~[evosuite-client-1.0.4-SNAPSHOT.jar:na]
	at org.evosuite.testcase.TestFitnessFunction.runTest(TestFitnessFunction.java:91) [evosuite-client-1.0.4-SNAPSHOT.jar:na]
	at org.evosuite.testcase.TestFitnessFunction.getFitness(TestFitnessFunction.java:60) [evosuite-client-1.0.4-SNAPSHOT.jar:na]
	at org.evosuite.testcase.TestFitnessFunction.getFitness(TestFitnessFunction.java:34) [evosuite-client-1.0.4-SNAPSHOT.jar:na]
	at org.evosuite.ga.metaheuristics.art.AdaptiveRandomSearch.calculateFitness(AdaptiveRandomSearch.java:312) [evosuite-client-1.0.4-SNAPSHOT.jar:na]
	at org.evosuite.ga.metaheuristics.art.AdaptiveRandomSearch.evolve(AdaptiveRandomSearch.java:139) [evosuite-client-1.0.4-SNAPSHOT.jar:na]
	at org.evosuite.ga.metaheuristics.art.AdaptiveRandomSearch.generateSolution(AdaptiveRandomSearch.java:270) [evosuite-client-1.0.4-SNAPSHOT.jar:na]
	at org.evosuite.strategy.AdaptiveRandomTestStrategy.generateTests(AdaptiveRandomTestStrategy.java:118) [evosuite-client-1.0.4-SNAPSHOT.jar:na]
	at org.evosuite.TestSuiteGenerator.generateTests(TestSuiteGenerator.java:654) [evosuite-client-1.0.4-SNAPSHOT.jar:na]
	at org.evosuite.TestSuiteGenerator.generateTestSuite(TestSuiteGenerator.java:213) [evosuite-client-1.0.4-SNAPSHOT.jar:na]
	at org.evosuite.rmi.service.ClientNodeImpl$1.run(ClientNodeImpl.java:145) [evosuite-client-1.0.4-SNAPSHOT.jar:na]
	at java.util.concurrent.Executors$RunnableAdapter.call(Executors.java:511) [na:1.8.0_265]
	at java.util.concurrent.FutureTask.run(FutureTask.java:266) [na:1.8.0_265]
	at java.util.concurrent.ThreadPoolExecutor.runWorker(ThreadPoolExecutor.java:1149) [na:1.8.0_265]
	at java.util.concurrent.ThreadPoolExecutor$Worker.run(ThreadPoolExecutor.java:624) [na:1.8.0_265]
	at java.lang.Thread.run(Thread.java:748) [na:1.8.0_265]
Aug 14, 2020 6:07:18 AM org.openqa.selenium.remote.ProtocolHandshake createSession
[MASTER] 14:07:18.396 [Thread-3] ERROR ExternalProcessHandler - Aug 14, 2020 6:07:18 AM org.openqa.selenium.remote.ProtocolHandshake createSession

INFO: Detected dialect: OSS
[MASTER] 14:07:18.396 [Thread-3] ERROR ExternalProcessHandler - INFO: Detected dialect: OSS

Aug 14, 2020 6:07:20 AM org.openqa.selenium.remote.ProtocolHandshake createSession
[MASTER] 14:07:20.007 [Thread-3] ERROR ExternalProcessHandler - Aug 14, 2020 6:07:20 AM org.openqa.selenium.remote.ProtocolHandshake createSession

INFO: Detected dialect: OSS
[MASTER] 14:07:20.007 [Thread-3] ERROR ExternalProcessHandler - INFO: Detected dialect: OSS

Aug 14, 2020 6:07:21 AM org.openqa.selenium.remote.ProtocolHandshake createSession
[MASTER] 14:07:21.256 [Thread-3] ERROR ExternalProcessHandler - Aug 14, 2020 6:07:21 AM org.openqa.selenium.remote.ProtocolHandshake createSession

INFO: Detected dialect: OSS
[MASTER] 14:07:21.256 [Thread-3] ERROR ExternalProcessHandler - INFO: Detected dialect: OSS

Aug 14, 2020 6:07:22 AM po_utils.PageObjectLogging logInfo
[MASTER] 14:07:22.809 [Thread-3] ERROR ExternalProcessHandler - Aug 14, 2020 6:07:22 AM po_utils.PageObjectLogging logInfo

INFO: waitForElementBeingPresentOnPage timeout exception: unable to locate the element By.xpath: //button[text()="Create a new session"]
[MASTER] 14:07:22.810 [Thread-3] ERROR ExternalProcessHandler - INFO: waitForElementBeingPresentOnPage timeout exception: unable to locate the element By.xpath: //button[text()="Create a new session"]


[MASTER] 14:07:22.810 [Thread-3] ERROR ExternalProcessHandler - 


[MASTER] 14:07:22.810 [Thread-3] ERROR ExternalProcessHandler - 

Aug 14, 2020 6:07:23 AM org.openqa.selenium.remote.ProtocolHandshake createSession
[MASTER] 14:07:23.221 [Thread-3] ERROR ExternalProcessHandler - Aug 14, 2020 6:07:23 AM org.openqa.selenium.remote.ProtocolHandshake createSession

INFO: Detected dialect: OSS
[MASTER] 14:07:23.221 [Thread-3] ERROR ExternalProcessHandler - INFO: Detected dialect: OSS

Aug 14, 2020 6:07:24 AM org.openqa.selenium.remote.ProtocolHandshake createSession
[MASTER] 14:07:24.674 [Thread-3] ERROR ExternalProcessHandler - Aug 14, 2020 6:07:24 AM org.openqa.selenium.remote.ProtocolHandshake createSession

INFO: Detected dialect: OSS
[MASTER] 14:07:24.675 [Thread-3] ERROR ExternalProcessHandler - INFO: Detected dialect: OSS

Aug 14, 2020 6:07:27 AM org.openqa.selenium.remote.ProtocolHandshake createSession
[MASTER] 14:07:27.188 [Thread-3] ERROR ExternalProcessHandler - Aug 14, 2020 6:07:27 AM org.openqa.selenium.remote.ProtocolHandshake createSession

INFO: Detected dialect: OSS
[MASTER] 14:07:27.188 [Thread-3] ERROR ExternalProcessHandler - INFO: Detected dialect: OSS

Aug 14, 2020 6:07:28 AM org.openqa.selenium.remote.ProtocolHandshake createSession
[MASTER] 14:07:28.503 [Thread-3] ERROR ExternalProcessHandler - Aug 14, 2020 6:07:28 AM org.openqa.selenium.remote.ProtocolHandshake createSession

INFO: Detected dialect: OSS
[MASTER] 14:07:28.503 [Thread-3] ERROR ExternalProcessHandler - INFO: Detected dialect: OSS

Aug 14, 2020 6:07:31 AM org.openqa.selenium.remote.ProtocolHandshake createSession
[MASTER] 14:07:31.075 [Thread-3] ERROR ExternalProcessHandler - Aug 14, 2020 6:07:31 AM org.openqa.selenium.remote.ProtocolHandshake createSession

INFO: Detected dialect: OSS
[MASTER] 14:07:31.075 [Thread-3] ERROR ExternalProcessHandler - INFO: Detected dialect: OSS

Aug 14, 2020 6:07:32 AM org.openqa.selenium.remote.ProtocolHandshake createSession
[MASTER] 14:07:32.135 [Thread-3] ERROR ExternalProcessHandler - Aug 14, 2020 6:07:32 AM org.openqa.selenium.remote.ProtocolHandshake createSession

INFO: Detected dialect: OSS
[MASTER] 14:07:32.136 [Thread-3] ERROR ExternalProcessHandler - INFO: Detected dialect: OSS

Aug 14, 2020 6:07:35 AM po_utils.PageObjectLogging logInfo
[MASTER] 14:07:35.159 [Thread-3] ERROR ExternalProcessHandler - Aug 14, 2020 6:07:35 AM po_utils.PageObjectLogging logInfo

INFO: waitForElementBeingPresentOnPage timeout exception: unable to locate the element By.xpath: //button[text()="Create a new session"]
[MASTER] 14:07:35.160 [Thread-3] ERROR ExternalProcessHandler - INFO: waitForElementBeingPresentOnPage timeout exception: unable to locate the element By.xpath: //button[text()="Create a new session"]


[MASTER] 14:07:35.160 [Thread-3] ERROR ExternalProcessHandler - 


[MASTER] 14:07:35.160 [Thread-3] ERROR ExternalProcessHandler - 

Aug 14, 2020 6:07:36 AM org.openqa.selenium.remote.ProtocolHandshake createSession
[MASTER] 14:07:36.133 [Thread-3] ERROR ExternalProcessHandler - Aug 14, 2020 6:07:36 AM org.openqa.selenium.remote.ProtocolHandshake createSession

INFO: Detected dialect: OSS
[MASTER] 14:07:36.134 [Thread-3] ERROR ExternalProcessHandler - INFO: Detected dialect: OSS

Aug 14, 2020 6:07:43 AM po_utils.PageObjectLogging logInfo
[MASTER] 14:07:43.551 [Thread-3] ERROR ExternalProcessHandler - Aug 14, 2020 6:07:43 AM po_utils.PageObjectLogging logInfo

INFO: waitForElementBeingPresentOnPage timeout exception: unable to locate the element By.xpath: //button[text()="Create a new session"]
[MASTER] 14:07:43.552 [Thread-3] ERROR ExternalProcessHandler - INFO: waitForElementBeingPresentOnPage timeout exception: unable to locate the element By.xpath: //button[text()="Create a new session"]


[MASTER] 14:07:43.552 [Thread-3] ERROR ExternalProcessHandler - 


[MASTER] 14:07:43.552 [Thread-3] ERROR ExternalProcessHandler - 

Aug 14, 2020 6:07:45 AM org.openqa.selenium.remote.ProtocolHandshake createSession
[MASTER] 14:07:45.944 [Thread-3] ERROR ExternalProcessHandler - Aug 14, 2020 6:07:45 AM org.openqa.selenium.remote.ProtocolHandshake createSession

INFO: Detected dialect: OSS
[MASTER] 14:07:45.944 [Thread-3] ERROR ExternalProcessHandler - INFO: Detected dialect: OSS

Aug 14, 2020 6:07:57 AM po_utils.PageObjectLogging logInfo
[MASTER] 14:07:57.773 [Thread-3] ERROR ExternalProcessHandler - Aug 14, 2020 6:07:57 AM po_utils.PageObjectLogging logInfo

INFO: waitForElementBeingPresentOnPage timeout exception: unable to locate the element By.xpath: //button[text()="Create a new session"]
[MASTER] 14:07:57.774 [Thread-3] ERROR ExternalProcessHandler - INFO: waitForElementBeingPresentOnPage timeout exception: unable to locate the element By.xpath: //button[text()="Create a new session"]


[MASTER] 14:07:57.774 [Thread-3] ERROR ExternalProcessHandler - 


[MASTER] 14:07:57.775 [Thread-3] ERROR ExternalProcessHandler - 

Aug 14, 2020 6:08:01 AM org.openqa.selenium.remote.ProtocolHandshake createSession
[MASTER] 14:08:01.490 [Thread-3] ERROR ExternalProcessHandler - Aug 14, 2020 6:08:01 AM org.openqa.selenium.remote.ProtocolHandshake createSession

INFO: Detected dialect: OSS
[MASTER] 14:08:01.490 [Thread-3] ERROR ExternalProcessHandler - INFO: Detected dialect: OSS

Aug 14, 2020 6:08:17 AM po_utils.PageObjectLogging logInfo
[MASTER] 14:08:17.612 [Thread-3] ERROR ExternalProcessHandler - Aug 14, 2020 6:08:17 AM po_utils.PageObjectLogging logInfo

INFO: waitForElementBeingPresentOnPage timeout exception: unable to locate the element By.xpath: //button[text()="Create a new session"]
[MASTER] 14:08:17.613 [Thread-3] ERROR ExternalProcessHandler - INFO: waitForElementBeingPresentOnPage timeout exception: unable to locate the element By.xpath: //button[text()="Create a new session"]


[MASTER] 14:08:17.613 [Thread-3] ERROR ExternalProcessHandler - 


[MASTER] 14:08:17.613 [Thread-3] ERROR ExternalProcessHandler - 

[MASTER] 14:08:22.608 [logback-2] ERROR TestCaseExecutor - TG: Exception caught: 
java.lang.IllegalStateException: Test generation failed: page object bug.
	at org.evosuite.testcase.execution.TestCaseExecutor.runTest(TestCaseExecutor.java:322) ~[evosuite-client-1.0.4-SNAPSHOT.jar:na]
	at org.evosuite.testcase.TestFitnessFunction.runTest(TestFitnessFunction.java:91) [evosuite-client-1.0.4-SNAPSHOT.jar:na]
	at org.evosuite.testcase.TestFitnessFunction.getFitness(TestFitnessFunction.java:60) [evosuite-client-1.0.4-SNAPSHOT.jar:na]
	at org.evosuite.testcase.TestFitnessFunction.getFitness(TestFitnessFunction.java:34) [evosuite-client-1.0.4-SNAPSHOT.jar:na]
	at org.evosuite.ga.metaheuristics.art.AdaptiveRandomSearch.calculateFitness(AdaptiveRandomSearch.java:312) [evosuite-client-1.0.4-SNAPSHOT.jar:na]
	at org.evosuite.ga.metaheuristics.art.AdaptiveRandomSearch.evolve(AdaptiveRandomSearch.java:139) [evosuite-client-1.0.4-SNAPSHOT.jar:na]
	at org.evosuite.ga.metaheuristics.art.AdaptiveRandomSearch.generateSolution(AdaptiveRandomSearch.java:270) [evosuite-client-1.0.4-SNAPSHOT.jar:na]
	at org.evosuite.strategy.AdaptiveRandomTestStrategy.generateTests(AdaptiveRandomTestStrategy.java:118) [evosuite-client-1.0.4-SNAPSHOT.jar:na]
	at org.evosuite.TestSuiteGenerator.generateTests(TestSuiteGenerator.java:654) [evosuite-client-1.0.4-SNAPSHOT.jar:na]
	at org.evosuite.TestSuiteGenerator.generateTestSuite(TestSuiteGenerator.java:213) [evosuite-client-1.0.4-SNAPSHOT.jar:na]
	at org.evosuite.rmi.service.ClientNodeImpl$1.run(ClientNodeImpl.java:145) [evosuite-client-1.0.4-SNAPSHOT.jar:na]
	at java.util.concurrent.Executors$RunnableAdapter.call(Executors.java:511) [na:1.8.0_265]
	at java.util.concurrent.FutureTask.run(FutureTask.java:266) [na:1.8.0_265]
	at java.util.concurrent.ThreadPoolExecutor.runWorker(ThreadPoolExecutor.java:1149) [na:1.8.0_265]
	at java.util.concurrent.ThreadPoolExecutor$Worker.run(ThreadPoolExecutor.java:624) [na:1.8.0_265]
	at java.lang.Thread.run(Thread.java:748) [na:1.8.0_265]
Aug 14, 2020 6:08:22 AM org.openqa.selenium.remote.ProtocolHandshake createSession
[MASTER] 14:08:22.796 [Thread-3] ERROR ExternalProcessHandler - Aug 14, 2020 6:08:22 AM org.openqa.selenium.remote.ProtocolHandshake createSession

INFO: Detected dialect: OSS
[MASTER] 14:08:22.796 [Thread-3] ERROR ExternalProcessHandler - INFO: Detected dialect: OSS

Aug 14, 2020 6:08:24 AM org.openqa.selenium.remote.ProtocolHandshake createSession
[MASTER] 14:08:24.422 [Thread-3] ERROR ExternalProcessHandler - Aug 14, 2020 6:08:24 AM org.openqa.selenium.remote.ProtocolHandshake createSession

INFO: Detected dialect: OSS
[MASTER] 14:08:24.422 [Thread-3] ERROR ExternalProcessHandler - INFO: Detected dialect: OSS

Aug 14, 2020 6:08:25 AM org.openqa.selenium.remote.ProtocolHandshake createSession
[MASTER] 14:08:25.475 [Thread-3] ERROR ExternalProcessHandler - Aug 14, 2020 6:08:25 AM org.openqa.selenium.remote.ProtocolHandshake createSession

INFO: Detected dialect: OSS
[MASTER] 14:08:25.475 [Thread-3] ERROR ExternalProcessHandler - INFO: Detected dialect: OSS

Aug 14, 2020 6:08:26 AM org.openqa.selenium.remote.ProtocolHandshake createSession
[MASTER] 14:08:26.615 [Thread-3] ERROR ExternalProcessHandler - Aug 14, 2020 6:08:26 AM org.openqa.selenium.remote.ProtocolHandshake createSession

INFO: Detected dialect: OSS
[MASTER] 14:08:26.615 [Thread-3] ERROR ExternalProcessHandler - INFO: Detected dialect: OSS

Aug 14, 2020 6:08:29 AM po_utils.PageObjectLogging logInfo
[MASTER] 14:08:29.605 [Thread-3] ERROR ExternalProcessHandler - Aug 14, 2020 6:08:29 AM po_utils.PageObjectLogging logInfo

INFO: waitForElementBeingPresentOnPage timeout exception: unable to locate the element By.xpath: //button[text()="Create a new session"]
[MASTER] 14:08:29.606 [Thread-3] ERROR ExternalProcessHandler - INFO: waitForElementBeingPresentOnPage timeout exception: unable to locate the element By.xpath: //button[text()="Create a new session"]


[MASTER] 14:08:29.606 [Thread-3] ERROR ExternalProcessHandler - 


[MASTER] 14:08:29.606 [Thread-3] ERROR ExternalProcessHandler - 

Aug 14, 2020 6:08:30 AM org.openqa.selenium.remote.ProtocolHandshake createSession
[MASTER] 14:08:30.430 [Thread-3] ERROR ExternalProcessHandler - Aug 14, 2020 6:08:30 AM org.openqa.selenium.remote.ProtocolHandshake createSession

INFO: Detected dialect: OSS
[MASTER] 14:08:30.430 [Thread-3] ERROR ExternalProcessHandler - INFO: Detected dialect: OSS

Aug 14, 2020 6:08:38 AM po_utils.PageObjectLogging logInfo
[MASTER] 14:08:38.331 [Thread-3] ERROR ExternalProcessHandler - Aug 14, 2020 6:08:38 AM po_utils.PageObjectLogging logInfo

INFO: waitForElementBeingPresentOnPage timeout exception: unable to locate the element By.xpath: //button[text()="Create a new session"]
[MASTER] 14:08:38.332 [Thread-3] ERROR ExternalProcessHandler - INFO: waitForElementBeingPresentOnPage timeout exception: unable to locate the element By.xpath: //button[text()="Create a new session"]


[MASTER] 14:08:38.332 [Thread-3] ERROR ExternalProcessHandler - 


[MASTER] 14:08:38.332 [Thread-3] ERROR ExternalProcessHandler - 

Aug 14, 2020 6:08:40 AM org.openqa.selenium.remote.ProtocolHandshake createSession
[MASTER] 14:08:40.511 [Thread-3] ERROR ExternalProcessHandler - Aug 14, 2020 6:08:40 AM org.openqa.selenium.remote.ProtocolHandshake createSession

INFO: Detected dialect: OSS
[MASTER] 14:08:40.511 [Thread-3] ERROR ExternalProcessHandler - INFO: Detected dialect: OSS

Aug 14, 2020 6:08:53 AM po_utils.PageObjectLogging logInfo
[MASTER] 14:08:53.298 [Thread-3] ERROR ExternalProcessHandler - Aug 14, 2020 6:08:53 AM po_utils.PageObjectLogging logInfo

INFO: waitForElementBeingPresentOnPage timeout exception: unable to locate the element By.xpath: //button[text()="Create a new session"]
[MASTER] 14:08:53.299 [Thread-3] ERROR ExternalProcessHandler - INFO: waitForElementBeingPresentOnPage timeout exception: unable to locate the element By.xpath: //button[text()="Create a new session"]


[MASTER] 14:08:53.299 [Thread-3] ERROR ExternalProcessHandler - 


[MASTER] 14:08:53.299 [Thread-3] ERROR ExternalProcessHandler - 

Aug 14, 2020 6:08:56 AM org.openqa.selenium.remote.ProtocolHandshake createSession
[MASTER] 14:08:56.832 [Thread-3] ERROR ExternalProcessHandler - Aug 14, 2020 6:08:56 AM org.openqa.selenium.remote.ProtocolHandshake createSession

INFO: Detected dialect: OSS
[MASTER] 14:08:56.832 [Thread-3] ERROR ExternalProcessHandler - INFO: Detected dialect: OSS

Aug 14, 2020 6:09:14 AM po_utils.PageObjectLogging logInfo
[MASTER] 14:09:14.352 [Thread-3] ERROR ExternalProcessHandler - Aug 14, 2020 6:09:14 AM po_utils.PageObjectLogging logInfo

INFO: waitForElementBeingPresentOnPage timeout exception: unable to locate the element By.xpath: //button[text()="Create a new session"]
[MASTER] 14:09:14.353 [Thread-3] ERROR ExternalProcessHandler - INFO: waitForElementBeingPresentOnPage timeout exception: unable to locate the element By.xpath: //button[text()="Create a new session"]


[MASTER] 14:09:14.353 [Thread-3] ERROR ExternalProcessHandler - 


[MASTER] 14:09:14.353 [Thread-3] ERROR ExternalProcessHandler - 

[MASTER] 14:09:19.134 [logback-2] ERROR TestCaseExecutor - TG: Exception caught: 
java.lang.IllegalStateException: Test generation failed: page object bug.
	at org.evosuite.testcase.execution.TestCaseExecutor.runTest(TestCaseExecutor.java:322) ~[evosuite-client-1.0.4-SNAPSHOT.jar:na]
	at org.evosuite.testcase.TestFitnessFunction.runTest(TestFitnessFunction.java:91) [evosuite-client-1.0.4-SNAPSHOT.jar:na]
	at org.evosuite.testcase.TestFitnessFunction.getFitness(TestFitnessFunction.java:60) [evosuite-client-1.0.4-SNAPSHOT.jar:na]
	at org.evosuite.testcase.TestFitnessFunction.getFitness(TestFitnessFunction.java:34) [evosuite-client-1.0.4-SNAPSHOT.jar:na]
	at org.evosuite.ga.metaheuristics.art.AdaptiveRandomSearch.calculateFitness(AdaptiveRandomSearch.java:312) [evosuite-client-1.0.4-SNAPSHOT.jar:na]
	at org.evosuite.ga.metaheuristics.art.AdaptiveRandomSearch.evolve(AdaptiveRandomSearch.java:139) [evosuite-client-1.0.4-SNAPSHOT.jar:na]
	at org.evosuite.ga.metaheuristics.art.AdaptiveRandomSearch.generateSolution(AdaptiveRandomSearch.java:270) [evosuite-client-1.0.4-SNAPSHOT.jar:na]
	at org.evosuite.strategy.AdaptiveRandomTestStrategy.generateTests(AdaptiveRandomTestStrategy.java:118) [evosuite-client-1.0.4-SNAPSHOT.jar:na]
	at org.evosuite.TestSuiteGenerator.generateTests(TestSuiteGenerator.java:654) [evosuite-client-1.0.4-SNAPSHOT.jar:na]
	at org.evosuite.TestSuiteGenerator.generateTestSuite(TestSuiteGenerator.java:213) [evosuite-client-1.0.4-SNAPSHOT.jar:na]
	at org.evosuite.rmi.service.ClientNodeImpl$1.run(ClientNodeImpl.java:145) [evosuite-client-1.0.4-SNAPSHOT.jar:na]
	at java.util.concurrent.Executors$RunnableAdapter.call(Executors.java:511) [na:1.8.0_265]
	at java.util.concurrent.FutureTask.run(FutureTask.java:266) [na:1.8.0_265]
	at java.util.concurrent.ThreadPoolExecutor.runWorker(ThreadPoolExecutor.java:1149) [na:1.8.0_265]
	at java.util.concurrent.ThreadPoolExecutor$Worker.run(ThreadPoolExecutor.java:624) [na:1.8.0_265]
	at java.lang.Thread.run(Thread.java:748) [na:1.8.0_265]
Aug 14, 2020 6:09:19 AM org.openqa.selenium.remote.ProtocolHandshake createSession
[MASTER] 14:09:19.378 [Thread-3] ERROR ExternalProcessHandler - Aug 14, 2020 6:09:19 AM org.openqa.selenium.remote.ProtocolHandshake createSession

INFO: Detected dialect: OSS
[MASTER] 14:09:19.378 [Thread-3] ERROR ExternalProcessHandler - INFO: Detected dialect: OSS

Aug 14, 2020 6:09:22 AM org.openqa.selenium.remote.ProtocolHandshake createSession
[MASTER] 14:09:22.484 [Thread-3] ERROR ExternalProcessHandler - Aug 14, 2020 6:09:22 AM org.openqa.selenium.remote.ProtocolHandshake createSession

INFO: Detected dialect: OSS
[MASTER] 14:09:22.485 [Thread-3] ERROR ExternalProcessHandler - INFO: Detected dialect: OSS

Aug 14, 2020 6:09:24 AM po_utils.PageObjectLogging logInfo
[MASTER] 14:09:24.232 [Thread-3] ERROR ExternalProcessHandler - Aug 14, 2020 6:09:24 AM po_utils.PageObjectLogging logInfo

INFO: waitForElementBeingPresentOnPage timeout exception: unable to locate the element By.xpath: //button[text()="Create a new session"]
[MASTER] 14:09:24.233 [Thread-3] ERROR ExternalProcessHandler - INFO: waitForElementBeingPresentOnPage timeout exception: unable to locate the element By.xpath: //button[text()="Create a new session"]


[MASTER] 14:09:24.233 [Thread-3] ERROR ExternalProcessHandler - 


[MASTER] 14:09:24.233 [Thread-3] ERROR ExternalProcessHandler - 

Aug 14, 2020 6:09:26 AM org.openqa.selenium.remote.ProtocolHandshake createSession
[MASTER] 14:09:26.031 [Thread-3] ERROR ExternalProcessHandler - Aug 14, 2020 6:09:26 AM org.openqa.selenium.remote.ProtocolHandshake createSession

INFO: Detected dialect: OSS
[MASTER] 14:09:26.031 [Thread-3] ERROR ExternalProcessHandler - INFO: Detected dialect: OSS

Aug 14, 2020 6:09:27 AM org.openqa.selenium.remote.ProtocolHandshake createSession
[MASTER] 14:09:27.145 [Thread-3] ERROR ExternalProcessHandler - Aug 14, 2020 6:09:27 AM org.openqa.selenium.remote.ProtocolHandshake createSession

INFO: Detected dialect: OSS
[MASTER] 14:09:27.146 [Thread-3] ERROR ExternalProcessHandler - INFO: Detected dialect: OSS

Aug 14, 2020 6:09:29 AM org.openqa.selenium.remote.ProtocolHandshake createSession
[MASTER] 14:09:29.303 [Thread-3] ERROR ExternalProcessHandler - Aug 14, 2020 6:09:29 AM org.openqa.selenium.remote.ProtocolHandshake createSession

INFO: Detected dialect: OSS
[MASTER] 14:09:29.303 [Thread-3] ERROR ExternalProcessHandler - INFO: Detected dialect: OSS

Aug 14, 2020 6:09:30 AM org.openqa.selenium.remote.ProtocolHandshake createSession
[MASTER] 14:09:30.682 [Thread-3] ERROR ExternalProcessHandler - Aug 14, 2020 6:09:30 AM org.openqa.selenium.remote.ProtocolHandshake createSession

INFO: Detected dialect: OSS
[MASTER] 14:09:30.682 [Thread-3] ERROR ExternalProcessHandler - INFO: Detected dialect: OSS

Aug 14, 2020 6:09:32 AM org.openqa.selenium.remote.ProtocolHandshake createSession
[MASTER] 14:09:32.806 [Thread-3] ERROR ExternalProcessHandler - Aug 14, 2020 6:09:32 AM org.openqa.selenium.remote.ProtocolHandshake createSession

INFO: Detected dialect: OSS
[MASTER] 14:09:32.806 [Thread-3] ERROR ExternalProcessHandler - INFO: Detected dialect: OSS

Aug 14, 2020 6:09:33 AM org.openqa.selenium.remote.ProtocolHandshake createSession
[MASTER] 14:09:33.969 [Thread-3] ERROR ExternalProcessHandler - Aug 14, 2020 6:09:33 AM org.openqa.selenium.remote.ProtocolHandshake createSession

INFO: Detected dialect: OSS
[MASTER] 14:09:33.969 [Thread-3] ERROR ExternalProcessHandler - INFO: Detected dialect: OSS

Aug 14, 2020 6:09:34 AM org.openqa.selenium.remote.ProtocolHandshake createSession
[MASTER] 14:09:34.957 [Thread-3] ERROR ExternalProcessHandler - Aug 14, 2020 6:09:34 AM org.openqa.selenium.remote.ProtocolHandshake createSession

INFO: Detected dialect: OSS
[MASTER] 14:09:34.957 [Thread-3] ERROR ExternalProcessHandler - INFO: Detected dialect: OSS

Aug 14, 2020 6:09:36 AM org.openqa.selenium.remote.ProtocolHandshake createSession
[MASTER] 14:09:36.035 [Thread-3] ERROR ExternalProcessHandler - Aug 14, 2020 6:09:36 AM org.openqa.selenium.remote.ProtocolHandshake createSession

INFO: Detected dialect: OSS
[MASTER] 14:09:36.035 [Thread-3] ERROR ExternalProcessHandler - INFO: Detected dialect: OSS

Aug 14, 2020 6:09:37 AM org.openqa.selenium.remote.ProtocolHandshake createSession
[MASTER] 14:09:37.029 [Thread-3] ERROR ExternalProcessHandler - Aug 14, 2020 6:09:37 AM org.openqa.selenium.remote.ProtocolHandshake createSession

INFO: Detected dialect: OSS
[MASTER] 14:09:37.029 [Thread-3] ERROR ExternalProcessHandler - INFO: Detected dialect: OSS

Aug 14, 2020 6:09:38 AM org.openqa.selenium.remote.ProtocolHandshake createSession
[MASTER] 14:09:38.267 [Thread-3] ERROR ExternalProcessHandler - Aug 14, 2020 6:09:38 AM org.openqa.selenium.remote.ProtocolHandshake createSession

INFO: Detected dialect: OSS
[MASTER] 14:09:38.268 [Thread-3] ERROR ExternalProcessHandler - INFO: Detected dialect: OSS

Aug 14, 2020 6:09:39 AM org.openqa.selenium.remote.ProtocolHandshake createSession
[MASTER] 14:09:39.744 [Thread-3] ERROR ExternalProcessHandler - Aug 14, 2020 6:09:39 AM org.openqa.selenium.remote.ProtocolHandshake createSession

INFO: Detected dialect: OSS
[MASTER] 14:09:39.744 [Thread-3] ERROR ExternalProcessHandler - INFO: Detected dialect: OSS

Aug 14, 2020 6:09:40 AM org.openqa.selenium.remote.ProtocolHandshake createSession
[MASTER] 14:09:40.813 [Thread-3] ERROR ExternalProcessHandler - Aug 14, 2020 6:09:40 AM org.openqa.selenium.remote.ProtocolHandshake createSession

INFO: Detected dialect: OSS
[MASTER] 14:09:40.813 [Thread-3] ERROR ExternalProcessHandler - INFO: Detected dialect: OSS

Aug 14, 2020 6:09:42 AM org.openqa.selenium.remote.ProtocolHandshake createSession
[MASTER] 14:09:42.080 [Thread-3] ERROR ExternalProcessHandler - Aug 14, 2020 6:09:42 AM org.openqa.selenium.remote.ProtocolHandshake createSession

INFO: Detected dialect: OSS
[MASTER] 14:09:42.080 [Thread-3] ERROR ExternalProcessHandler - INFO: Detected dialect: OSS

Aug 14, 2020 6:09:43 AM org.openqa.selenium.remote.ProtocolHandshake createSession
[MASTER] 14:09:43.074 [Thread-3] ERROR ExternalProcessHandler - Aug 14, 2020 6:09:43 AM org.openqa.selenium.remote.ProtocolHandshake createSession

INFO: Detected dialect: OSS
[MASTER] 14:09:43.074 [Thread-3] ERROR ExternalProcessHandler - INFO: Detected dialect: OSS

Aug 14, 2020 6:09:44 AM org.openqa.selenium.remote.ProtocolHandshake createSession
[MASTER] 14:09:44.118 [Thread-3] ERROR ExternalProcessHandler - Aug 14, 2020 6:09:44 AM org.openqa.selenium.remote.ProtocolHandshake createSession

INFO: Detected dialect: OSS
[MASTER] 14:09:44.118 [Thread-3] ERROR ExternalProcessHandler - INFO: Detected dialect: OSS

Aug 14, 2020 6:09:45 AM org.openqa.selenium.remote.ProtocolHandshake createSession
[MASTER] 14:09:45.063 [Thread-3] ERROR ExternalProcessHandler - Aug 14, 2020 6:09:45 AM org.openqa.selenium.remote.ProtocolHandshake createSession

INFO: Detected dialect: OSS
[MASTER] 14:09:45.063 [Thread-3] ERROR ExternalProcessHandler - INFO: Detected dialect: OSS

Aug 14, 2020 6:09:46 AM org.openqa.selenium.remote.ProtocolHandshake createSession
[MASTER] 14:09:46.664 [Thread-3] ERROR ExternalProcessHandler - Aug 14, 2020 6:09:46 AM org.openqa.selenium.remote.ProtocolHandshake createSession

INFO: Detected dialect: OSS
[MASTER] 14:09:46.665 [Thread-3] ERROR ExternalProcessHandler - INFO: Detected dialect: OSS

Aug 14, 2020 6:09:48 AM org.openqa.selenium.remote.ProtocolHandshake createSession
[MASTER] 14:09:48.121 [Thread-3] ERROR ExternalProcessHandler - Aug 14, 2020 6:09:48 AM org.openqa.selenium.remote.ProtocolHandshake createSession

INFO: Detected dialect: OSS
[MASTER] 14:09:48.121 [Thread-3] ERROR ExternalProcessHandler - INFO: Detected dialect: OSS

Aug 14, 2020 6:09:49 AM org.openqa.selenium.remote.ProtocolHandshake createSession
[MASTER] 14:09:49.578 [Thread-3] ERROR ExternalProcessHandler - Aug 14, 2020 6:09:49 AM org.openqa.selenium.remote.ProtocolHandshake createSession

INFO: Detected dialect: OSS
[MASTER] 14:09:49.578 [Thread-3] ERROR ExternalProcessHandler - INFO: Detected dialect: OSS

Aug 14, 2020 6:09:50 AM org.openqa.selenium.remote.ProtocolHandshake createSession
[MASTER] 14:09:50.572 [Thread-3] ERROR ExternalProcessHandler - Aug 14, 2020 6:09:50 AM org.openqa.selenium.remote.ProtocolHandshake createSession

INFO: Detected dialect: OSS
[MASTER] 14:09:50.572 [Thread-3] ERROR ExternalProcessHandler - INFO: Detected dialect: OSS

Aug 14, 2020 6:09:51 AM org.openqa.selenium.remote.ProtocolHandshake createSession
[MASTER] 14:09:51.544 [Thread-3] ERROR ExternalProcessHandler - Aug 14, 2020 6:09:51 AM org.openqa.selenium.remote.ProtocolHandshake createSession

INFO: Detected dialect: OSS
[MASTER] 14:09:51.544 [Thread-3] ERROR ExternalProcessHandler - INFO: Detected dialect: OSS

Aug 14, 2020 6:09:52 AM org.openqa.selenium.remote.ProtocolHandshake createSession
[MASTER] 14:09:52.480 [Thread-3] ERROR ExternalProcessHandler - Aug 14, 2020 6:09:52 AM org.openqa.selenium.remote.ProtocolHandshake createSession

INFO: Detected dialect: OSS
[MASTER] 14:09:52.480 [Thread-3] ERROR ExternalProcessHandler - INFO: Detected dialect: OSS

Aug 14, 2020 6:09:54 AM org.openqa.selenium.remote.ProtocolHandshake createSession
[MASTER] 14:09:54.079 [Thread-3] ERROR ExternalProcessHandler - Aug 14, 2020 6:09:54 AM org.openqa.selenium.remote.ProtocolHandshake createSession

INFO: Detected dialect: OSS
[MASTER] 14:09:54.079 [Thread-3] ERROR ExternalProcessHandler - INFO: Detected dialect: OSS

Aug 14, 2020 6:10:01 AM org.openqa.selenium.remote.ProtocolHandshake createSession
[MASTER] 14:10:01.122 [Thread-3] ERROR ExternalProcessHandler - Aug 14, 2020 6:10:01 AM org.openqa.selenium.remote.ProtocolHandshake createSession

INFO: Detected dialect: OSS
[MASTER] 14:10:01.122 [Thread-3] ERROR ExternalProcessHandler - INFO: Detected dialect: OSS

Aug 14, 2020 6:10:13 AM org.openqa.selenium.remote.ProtocolHandshake createSession
[MASTER] 14:10:13.623 [Thread-3] ERROR ExternalProcessHandler - Aug 14, 2020 6:10:13 AM org.openqa.selenium.remote.ProtocolHandshake createSession

INFO: Detected dialect: OSS
[MASTER] 14:10:13.623 [Thread-3] ERROR ExternalProcessHandler - INFO: Detected dialect: OSS

[MASTER] 14:10:31.413 [logback-2] ERROR TestCaseExecutor - TG: Exception caught: 
java.lang.IllegalStateException: Test generation failed: page object bug.
	at org.evosuite.testcase.execution.TestCaseExecutor.runTest(TestCaseExecutor.java:322) ~[evosuite-client-1.0.4-SNAPSHOT.jar:na]
	at org.evosuite.testcase.TestFitnessFunction.runTest(TestFitnessFunction.java:91) [evosuite-client-1.0.4-SNAPSHOT.jar:na]
	at org.evosuite.testcase.TestFitnessFunction.getFitness(TestFitnessFunction.java:60) [evosuite-client-1.0.4-SNAPSHOT.jar:na]
	at org.evosuite.testcase.TestFitnessFunction.getFitness(TestFitnessFunction.java:34) [evosuite-client-1.0.4-SNAPSHOT.jar:na]
	at org.evosuite.ga.metaheuristics.art.AdaptiveRandomSearch.calculateFitness(AdaptiveRandomSearch.java:312) [evosuite-client-1.0.4-SNAPSHOT.jar:na]
	at org.evosuite.ga.metaheuristics.art.AdaptiveRandomSearch.evolve(AdaptiveRandomSearch.java:139) [evosuite-client-1.0.4-SNAPSHOT.jar:na]
	at org.evosuite.ga.metaheuristics.art.AdaptiveRandomSearch.generateSolution(AdaptiveRandomSearch.java:270) [evosuite-client-1.0.4-SNAPSHOT.jar:na]
	at org.evosuite.strategy.AdaptiveRandomTestStrategy.generateTests(AdaptiveRandomTestStrategy.java:118) [evosuite-client-1.0.4-SNAPSHOT.jar:na]
	at org.evosuite.TestSuiteGenerator.generateTests(TestSuiteGenerator.java:654) [evosuite-client-1.0.4-SNAPSHOT.jar:na]
	at org.evosuite.TestSuiteGenerator.generateTestSuite(TestSuiteGenerator.java:213) [evosuite-client-1.0.4-SNAPSHOT.jar:na]
	at org.evosuite.rmi.service.ClientNodeImpl$1.run(ClientNodeImpl.java:145) [evosuite-client-1.0.4-SNAPSHOT.jar:na]
	at java.util.concurrent.Executors$RunnableAdapter.call(Executors.java:511) [na:1.8.0_265]
	at java.util.concurrent.FutureTask.run(FutureTask.java:266) [na:1.8.0_265]
	at java.util.concurrent.ThreadPoolExecutor.runWorker(ThreadPoolExecutor.java:1149) [na:1.8.0_265]
	at java.util.concurrent.ThreadPoolExecutor$Worker.run(ThreadPoolExecutor.java:624) [na:1.8.0_265]
	at java.lang.Thread.run(Thread.java:748) [na:1.8.0_265]
Aug 14, 2020 6:10:31 AM org.openqa.selenium.remote.ProtocolHandshake createSession
[MASTER] 14:10:31.659 [Thread-3] ERROR ExternalProcessHandler - Aug 14, 2020 6:10:31 AM org.openqa.selenium.remote.ProtocolHandshake createSession

INFO: Detected dialect: OSS
[MASTER] 14:10:31.659 [Thread-3] ERROR ExternalProcessHandler - INFO: Detected dialect: OSS

Aug 14, 2020 6:10:34 AM po_utils.PageObjectLogging logInfo
[MASTER] 14:10:34.644 [Thread-3] ERROR ExternalProcessHandler - Aug 14, 2020 6:10:34 AM po_utils.PageObjectLogging logInfo

INFO: waitForElementBeingPresentOnPage timeout exception: unable to locate the element By.xpath: //button[text()="Create a new session"]
[MASTER] 14:10:34.645 [Thread-3] ERROR ExternalProcessHandler - INFO: waitForElementBeingPresentOnPage timeout exception: unable to locate the element By.xpath: //button[text()="Create a new session"]


[MASTER] 14:10:34.645 [Thread-3] ERROR ExternalProcessHandler - 


[MASTER] 14:10:34.645 [Thread-3] ERROR ExternalProcessHandler - 

Aug 14, 2020 6:10:35 AM org.openqa.selenium.remote.ProtocolHandshake createSession
[MASTER] 14:10:35.364 [Thread-3] ERROR ExternalProcessHandler - Aug 14, 2020 6:10:35 AM org.openqa.selenium.remote.ProtocolHandshake createSession

INFO: Detected dialect: OSS
[MASTER] 14:10:35.364 [Thread-3] ERROR ExternalProcessHandler - INFO: Detected dialect: OSS

Aug 14, 2020 6:10:37 AM org.openqa.selenium.remote.ProtocolHandshake createSession
[MASTER] 14:10:37.288 [Thread-3] ERROR ExternalProcessHandler - Aug 14, 2020 6:10:37 AM org.openqa.selenium.remote.ProtocolHandshake createSession

INFO: Detected dialect: OSS
[MASTER] 14:10:37.289 [Thread-3] ERROR ExternalProcessHandler - INFO: Detected dialect: OSS

Aug 14, 2020 6:10:38 AM org.openqa.selenium.remote.ProtocolHandshake createSession
[MASTER] 14:10:38.610 [Thread-3] ERROR ExternalProcessHandler - Aug 14, 2020 6:10:38 AM org.openqa.selenium.remote.ProtocolHandshake createSession

INFO: Detected dialect: OSS
[MASTER] 14:10:38.610 [Thread-3] ERROR ExternalProcessHandler - INFO: Detected dialect: OSS

Aug 14, 2020 6:10:39 AM org.openqa.selenium.remote.ProtocolHandshake createSession
[MASTER] 14:10:39.941 [Thread-3] ERROR ExternalProcessHandler - Aug 14, 2020 6:10:39 AM org.openqa.selenium.remote.ProtocolHandshake createSession

INFO: Detected dialect: OSS
[MASTER] 14:10:39.941 [Thread-3] ERROR ExternalProcessHandler - INFO: Detected dialect: OSS

Aug 14, 2020 6:10:44 AM org.openqa.selenium.remote.ProtocolHandshake createSession
[MASTER] 14:10:44.263 [Thread-3] ERROR ExternalProcessHandler - Aug 14, 2020 6:10:44 AM org.openqa.selenium.remote.ProtocolHandshake createSession

INFO: Detected dialect: OSS
[MASTER] 14:10:44.263 [Thread-3] ERROR ExternalProcessHandler - INFO: Detected dialect: OSS

Aug 14, 2020 6:10:46 AM po_utils.PageObjectLogging logInfo
[MASTER] 14:10:46.006 [Thread-3] ERROR ExternalProcessHandler - Aug 14, 2020 6:10:46 AM po_utils.PageObjectLogging logInfo

INFO: waitForElementBeingPresentOnPage timeout exception: unable to locate the element By.xpath: //button[text()="Create a new session"]
[MASTER] 14:10:46.007 [Thread-3] ERROR ExternalProcessHandler - INFO: waitForElementBeingPresentOnPage timeout exception: unable to locate the element By.xpath: //button[text()="Create a new session"]


[MASTER] 14:10:46.007 [Thread-3] ERROR ExternalProcessHandler - 


[MASTER] 14:10:46.007 [Thread-3] ERROR ExternalProcessHandler - 

Aug 14, 2020 6:10:47 AM org.openqa.selenium.remote.ProtocolHandshake createSession
[MASTER] 14:10:47.433 [Thread-3] ERROR ExternalProcessHandler - Aug 14, 2020 6:10:47 AM org.openqa.selenium.remote.ProtocolHandshake createSession

INFO: Detected dialect: OSS
[MASTER] 14:10:47.433 [Thread-3] ERROR ExternalProcessHandler - INFO: Detected dialect: OSS

Aug 14, 2020 6:10:48 AM org.openqa.selenium.remote.ProtocolHandshake createSession
[MASTER] 14:10:48.495 [Thread-3] ERROR ExternalProcessHandler - Aug 14, 2020 6:10:48 AM org.openqa.selenium.remote.ProtocolHandshake createSession

INFO: Detected dialect: OSS
[MASTER] 14:10:48.495 [Thread-3] ERROR ExternalProcessHandler - INFO: Detected dialect: OSS

Aug 14, 2020 6:10:50 AM po_utils.PageObjectLogging logInfo
[MASTER] 14:10:50.651 [Thread-3] ERROR ExternalProcessHandler - Aug 14, 2020 6:10:50 AM po_utils.PageObjectLogging logInfo

INFO: waitForElementBeingPresentOnPage timeout exception: unable to locate the element By.xpath: //button[text()="Create a new session"]
[MASTER] 14:10:50.652 [Thread-3] ERROR ExternalProcessHandler - INFO: waitForElementBeingPresentOnPage timeout exception: unable to locate the element By.xpath: //button[text()="Create a new session"]


[MASTER] 14:10:50.652 [Thread-3] ERROR ExternalProcessHandler - 


[MASTER] 14:10:50.652 [Thread-3] ERROR ExternalProcessHandler - 

Aug 14, 2020 6:10:51 AM org.openqa.selenium.remote.ProtocolHandshake createSession
[MASTER] 14:10:51.542 [Thread-3] ERROR ExternalProcessHandler - Aug 14, 2020 6:10:51 AM org.openqa.selenium.remote.ProtocolHandshake createSession

INFO: Detected dialect: OSS
[MASTER] 14:10:51.542 [Thread-3] ERROR ExternalProcessHandler - INFO: Detected dialect: OSS

Aug 14, 2020 6:10:52 AM org.openqa.selenium.remote.ProtocolHandshake createSession
[MASTER] 14:10:52.680 [Thread-3] ERROR ExternalProcessHandler - Aug 14, 2020 6:10:52 AM org.openqa.selenium.remote.ProtocolHandshake createSession

INFO: Detected dialect: OSS
[MASTER] 14:10:52.681 [Thread-3] ERROR ExternalProcessHandler - INFO: Detected dialect: OSS

Aug 14, 2020 6:10:55 AM org.openqa.selenium.remote.ProtocolHandshake createSession
[MASTER] 14:10:55.353 [Thread-3] ERROR ExternalProcessHandler - Aug 14, 2020 6:10:55 AM org.openqa.selenium.remote.ProtocolHandshake createSession

INFO: Detected dialect: OSS
[MASTER] 14:10:55.353 [Thread-3] ERROR ExternalProcessHandler - INFO: Detected dialect: OSS

Aug 14, 2020 6:10:56 AM org.openqa.selenium.remote.ProtocolHandshake createSession
[MASTER] 14:10:56.602 [Thread-3] ERROR ExternalProcessHandler - Aug 14, 2020 6:10:56 AM org.openqa.selenium.remote.ProtocolHandshake createSession

INFO: Detected dialect: OSS
[MASTER] 14:10:56.602 [Thread-3] ERROR ExternalProcessHandler - INFO: Detected dialect: OSS

Aug 14, 2020 6:10:57 AM org.openqa.selenium.remote.ProtocolHandshake createSession
[MASTER] 14:10:57.924 [Thread-3] ERROR ExternalProcessHandler - Aug 14, 2020 6:10:57 AM org.openqa.selenium.remote.ProtocolHandshake createSession

INFO: Detected dialect: OSS
[MASTER] 14:10:57.924 [Thread-3] ERROR ExternalProcessHandler - INFO: Detected dialect: OSS

Aug 14, 2020 6:10:59 AM org.openqa.selenium.remote.ProtocolHandshake createSession
[MASTER] 14:10:59.516 [Thread-3] ERROR ExternalProcessHandler - Aug 14, 2020 6:10:59 AM org.openqa.selenium.remote.ProtocolHandshake createSession

INFO: Detected dialect: OSS
[MASTER] 14:10:59.516 [Thread-3] ERROR ExternalProcessHandler - INFO: Detected dialect: OSS

Aug 14, 2020 6:11:01 AM org.openqa.selenium.remote.ProtocolHandshake createSession
[MASTER] 14:11:01.288 [Thread-3] ERROR ExternalProcessHandler - Aug 14, 2020 6:11:01 AM org.openqa.selenium.remote.ProtocolHandshake createSession

INFO: Detected dialect: OSS
[MASTER] 14:11:01.288 [Thread-3] ERROR ExternalProcessHandler - INFO: Detected dialect: OSS

Aug 14, 2020 6:11:03 AM org.openqa.selenium.remote.ProtocolHandshake createSession
[MASTER] 14:11:03.521 [Thread-3] ERROR ExternalProcessHandler - Aug 14, 2020 6:11:03 AM org.openqa.selenium.remote.ProtocolHandshake createSession

INFO: Detected dialect: OSS
[MASTER] 14:11:03.521 [Thread-3] ERROR ExternalProcessHandler - INFO: Detected dialect: OSS

Aug 14, 2020 6:11:04 AM org.openqa.selenium.remote.ProtocolHandshake createSession
[MASTER] 14:11:04.763 [Thread-3] ERROR ExternalProcessHandler - Aug 14, 2020 6:11:04 AM org.openqa.selenium.remote.ProtocolHandshake createSession

INFO: Detected dialect: OSS
[MASTER] 14:11:04.764 [Thread-3] ERROR ExternalProcessHandler - INFO: Detected dialect: OSS

Aug 14, 2020 6:11:06 AM org.openqa.selenium.remote.ProtocolHandshake createSession
[MASTER] 14:11:06.948 [Thread-3] ERROR ExternalProcessHandler - Aug 14, 2020 6:11:06 AM org.openqa.selenium.remote.ProtocolHandshake createSession

INFO: Detected dialect: OSS
[MASTER] 14:11:06.948 [Thread-3] ERROR ExternalProcessHandler - INFO: Detected dialect: OSS

Aug 14, 2020 6:11:14 AM org.openqa.selenium.remote.ProtocolHandshake createSession
[MASTER] 14:11:14.669 [Thread-3] ERROR ExternalProcessHandler - Aug 14, 2020 6:11:14 AM org.openqa.selenium.remote.ProtocolHandshake createSession

INFO: Detected dialect: OSS
[MASTER] 14:11:14.669 [Thread-3] ERROR ExternalProcessHandler - INFO: Detected dialect: OSS

Aug 14, 2020 6:11:28 AM org.openqa.selenium.remote.ProtocolHandshake createSession
[MASTER] 14:11:28.103 [Thread-3] ERROR ExternalProcessHandler - Aug 14, 2020 6:11:28 AM org.openqa.selenium.remote.ProtocolHandshake createSession

INFO: Detected dialect: OSS
[MASTER] 14:11:28.103 [Thread-3] ERROR ExternalProcessHandler - INFO: Detected dialect: OSS

[MASTER] 14:11:46.944 [logback-2] ERROR TestCaseExecutor - TG: Exception caught: 
java.lang.IllegalStateException: Test generation failed: page object bug.
	at org.evosuite.testcase.execution.TestCaseExecutor.runTest(TestCaseExecutor.java:322) ~[evosuite-client-1.0.4-SNAPSHOT.jar:na]
	at org.evosuite.testcase.TestFitnessFunction.runTest(TestFitnessFunction.java:91) [evosuite-client-1.0.4-SNAPSHOT.jar:na]
	at org.evosuite.testcase.TestFitnessFunction.getFitness(TestFitnessFunction.java:60) [evosuite-client-1.0.4-SNAPSHOT.jar:na]
	at org.evosuite.testcase.TestFitnessFunction.getFitness(TestFitnessFunction.java:34) [evosuite-client-1.0.4-SNAPSHOT.jar:na]
	at org.evosuite.ga.metaheuristics.art.AdaptiveRandomSearch.calculateFitness(AdaptiveRandomSearch.java:312) [evosuite-client-1.0.4-SNAPSHOT.jar:na]
	at org.evosuite.ga.metaheuristics.art.AdaptiveRandomSearch.evolve(AdaptiveRandomSearch.java:139) [evosuite-client-1.0.4-SNAPSHOT.jar:na]
	at org.evosuite.ga.metaheuristics.art.AdaptiveRandomSearch.generateSolution(AdaptiveRandomSearch.java:270) [evosuite-client-1.0.4-SNAPSHOT.jar:na]
	at org.evosuite.strategy.AdaptiveRandomTestStrategy.generateTests(AdaptiveRandomTestStrategy.java:118) [evosuite-client-1.0.4-SNAPSHOT.jar:na]
	at org.evosuite.TestSuiteGenerator.generateTests(TestSuiteGenerator.java:654) [evosuite-client-1.0.4-SNAPSHOT.jar:na]
	at org.evosuite.TestSuiteGenerator.generateTestSuite(TestSuiteGenerator.java:213) [evosuite-client-1.0.4-SNAPSHOT.jar:na]
	at org.evosuite.rmi.service.ClientNodeImpl$1.run(ClientNodeImpl.java:145) [evosuite-client-1.0.4-SNAPSHOT.jar:na]
	at java.util.concurrent.Executors$RunnableAdapter.call(Executors.java:511) [na:1.8.0_265]
	at java.util.concurrent.FutureTask.run(FutureTask.java:266) [na:1.8.0_265]
	at java.util.concurrent.ThreadPoolExecutor.runWorker(ThreadPoolExecutor.java:1149) [na:1.8.0_265]
	at java.util.concurrent.ThreadPoolExecutor$Worker.run(ThreadPoolExecutor.java:624) [na:1.8.0_265]
	at java.lang.Thread.run(Thread.java:748) [na:1.8.0_265]
Aug 14, 2020 6:11:47 AM org.openqa.selenium.remote.ProtocolHandshake createSession
[MASTER] 14:11:47.183 [Thread-3] ERROR ExternalProcessHandler - Aug 14, 2020 6:11:47 AM org.openqa.selenium.remote.ProtocolHandshake createSession

INFO: Detected dialect: OSS
[MASTER] 14:11:47.183 [Thread-3] ERROR ExternalProcessHandler - INFO: Detected dialect: OSS

Aug 14, 2020 6:11:48 AM org.openqa.selenium.remote.ProtocolHandshake createSession
[MASTER] 14:11:48.497 [Thread-3] ERROR ExternalProcessHandler - Aug 14, 2020 6:11:48 AM org.openqa.selenium.remote.ProtocolHandshake createSession

INFO: Detected dialect: OSS
[MASTER] 14:11:48.497 [Thread-3] ERROR ExternalProcessHandler - INFO: Detected dialect: OSS

Aug 14, 2020 6:11:49 AM org.openqa.selenium.remote.ProtocolHandshake createSession
[MASTER] 14:11:49.518 [Thread-3] ERROR ExternalProcessHandler - Aug 14, 2020 6:11:49 AM org.openqa.selenium.remote.ProtocolHandshake createSession

INFO: Detected dialect: OSS
[MASTER] 14:11:49.518 [Thread-3] ERROR ExternalProcessHandler - INFO: Detected dialect: OSS

Aug 14, 2020 6:11:50 AM org.openqa.selenium.remote.ProtocolHandshake createSession
[MASTER] 14:11:50.871 [Thread-3] ERROR ExternalProcessHandler - Aug 14, 2020 6:11:50 AM org.openqa.selenium.remote.ProtocolHandshake createSession

INFO: Detected dialect: OSS
[MASTER] 14:11:50.871 [Thread-3] ERROR ExternalProcessHandler - INFO: Detected dialect: OSS

Aug 14, 2020 6:11:52 AM org.openqa.selenium.remote.ProtocolHandshake createSession
[MASTER] 14:11:52.305 [Thread-3] ERROR ExternalProcessHandler - Aug 14, 2020 6:11:52 AM org.openqa.selenium.remote.ProtocolHandshake createSession

INFO: Detected dialect: OSS
[MASTER] 14:11:52.305 [Thread-3] ERROR ExternalProcessHandler - INFO: Detected dialect: OSS

Aug 14, 2020 6:11:53 AM org.openqa.selenium.remote.ProtocolHandshake createSession
[MASTER] 14:11:53.536 [Thread-3] ERROR ExternalProcessHandler - Aug 14, 2020 6:11:53 AM org.openqa.selenium.remote.ProtocolHandshake createSession

INFO: Detected dialect: OSS
[MASTER] 14:11:53.536 [Thread-3] ERROR ExternalProcessHandler - INFO: Detected dialect: OSS

Aug 14, 2020 6:11:54 AM org.openqa.selenium.remote.ProtocolHandshake createSession
[MASTER] 14:11:54.582 [Thread-3] ERROR ExternalProcessHandler - Aug 14, 2020 6:11:54 AM org.openqa.selenium.remote.ProtocolHandshake createSession

INFO: Detected dialect: OSS
[MASTER] 14:11:54.582 [Thread-3] ERROR ExternalProcessHandler - INFO: Detected dialect: OSS

Aug 14, 2020 6:11:57 AM org.openqa.selenium.remote.ProtocolHandshake createSession
[MASTER] 14:11:57.720 [Thread-3] ERROR ExternalProcessHandler - Aug 14, 2020 6:11:57 AM org.openqa.selenium.remote.ProtocolHandshake createSession

INFO: Detected dialect: OSS
[MASTER] 14:11:57.721 [Thread-3] ERROR ExternalProcessHandler - INFO: Detected dialect: OSS

Aug 14, 2020 6:12:07 AM org.openqa.selenium.remote.ProtocolHandshake createSession
[MASTER] 14:12:07.314 [Thread-3] ERROR ExternalProcessHandler - Aug 14, 2020 6:12:07 AM org.openqa.selenium.remote.ProtocolHandshake createSession

INFO: Detected dialect: OSS
[MASTER] 14:12:07.314 [Thread-3] ERROR ExternalProcessHandler - INFO: Detected dialect: OSS

Aug 14, 2020 6:12:23 AM org.openqa.selenium.remote.ProtocolHandshake createSession
[MASTER] 14:12:23.263 [Thread-3] ERROR ExternalProcessHandler - Aug 14, 2020 6:12:23 AM org.openqa.selenium.remote.ProtocolHandshake createSession

INFO: Detected dialect: OSS
[MASTER] 14:12:23.263 [Thread-3] ERROR ExternalProcessHandler - INFO: Detected dialect: OSS

[MASTER] 14:12:45.388 [logback-2] ERROR TestCaseExecutor - TG: Exception caught: 
java.lang.IllegalStateException: Test generation failed: page object bug.
	at org.evosuite.testcase.execution.TestCaseExecutor.runTest(TestCaseExecutor.java:322) ~[evosuite-client-1.0.4-SNAPSHOT.jar:na]
	at org.evosuite.testcase.TestFitnessFunction.runTest(TestFitnessFunction.java:91) [evosuite-client-1.0.4-SNAPSHOT.jar:na]
	at org.evosuite.testcase.TestFitnessFunction.getFitness(TestFitnessFunction.java:60) [evosuite-client-1.0.4-SNAPSHOT.jar:na]
	at org.evosuite.testcase.TestFitnessFunction.getFitness(TestFitnessFunction.java:34) [evosuite-client-1.0.4-SNAPSHOT.jar:na]
	at org.evosuite.ga.metaheuristics.art.AdaptiveRandomSearch.calculateFitness(AdaptiveRandomSearch.java:312) [evosuite-client-1.0.4-SNAPSHOT.jar:na]
	at org.evosuite.ga.metaheuristics.art.AdaptiveRandomSearch.evolve(AdaptiveRandomSearch.java:139) [evosuite-client-1.0.4-SNAPSHOT.jar:na]
	at org.evosuite.ga.metaheuristics.art.AdaptiveRandomSearch.generateSolution(AdaptiveRandomSearch.java:270) [evosuite-client-1.0.4-SNAPSHOT.jar:na]
	at org.evosuite.strategy.AdaptiveRandomTestStrategy.generateTests(AdaptiveRandomTestStrategy.java:118) [evosuite-client-1.0.4-SNAPSHOT.jar:na]
	at org.evosuite.TestSuiteGenerator.generateTests(TestSuiteGenerator.java:654) [evosuite-client-1.0.4-SNAPSHOT.jar:na]
	at org.evosuite.TestSuiteGenerator.generateTestSuite(TestSuiteGenerator.java:213) [evosuite-client-1.0.4-SNAPSHOT.jar:na]
	at org.evosuite.rmi.service.ClientNodeImpl$1.run(ClientNodeImpl.java:145) [evosuite-client-1.0.4-SNAPSHOT.jar:na]
	at java.util.concurrent.Executors$RunnableAdapter.call(Executors.java:511) [na:1.8.0_265]
	at java.util.concurrent.FutureTask.run(FutureTask.java:266) [na:1.8.0_265]
	at java.util.concurrent.ThreadPoolExecutor.runWorker(ThreadPoolExecutor.java:1149) [na:1.8.0_265]
	at java.util.concurrent.ThreadPoolExecutor$Worker.run(ThreadPoolExecutor.java:624) [na:1.8.0_265]
	at java.lang.Thread.run(Thread.java:748) [na:1.8.0_265]
Aug 14, 2020 6:12:45 AM org.openqa.selenium.remote.ProtocolHandshake createSession
[MASTER] 14:12:45.632 [Thread-3] ERROR ExternalProcessHandler - Aug 14, 2020 6:12:45 AM org.openqa.selenium.remote.ProtocolHandshake createSession

INFO: Detected dialect: OSS
[MASTER] 14:12:45.632 [Thread-3] ERROR ExternalProcessHandler - INFO: Detected dialect: OSS

Aug 14, 2020 6:12:46 AM po_utils.PageObjectLogging logInfo
[MASTER] 14:12:46.890 [Thread-3] ERROR ExternalProcessHandler - Aug 14, 2020 6:12:46 AM po_utils.PageObjectLogging logInfo

INFO: waitForElementBeingPresentOnPage timeout exception: unable to locate the element By.xpath: //button[text()="Create a new session"]
[MASTER] 14:12:46.891 [Thread-3] ERROR ExternalProcessHandler - INFO: waitForElementBeingPresentOnPage timeout exception: unable to locate the element By.xpath: //button[text()="Create a new session"]


[MASTER] 14:12:46.891 [Thread-3] ERROR ExternalProcessHandler - 


[MASTER] 14:12:46.891 [Thread-3] ERROR ExternalProcessHandler - 

Aug 14, 2020 6:12:49 AM org.openqa.selenium.remote.ProtocolHandshake createSession
[MASTER] 14:12:49.493 [Thread-3] ERROR ExternalProcessHandler - Aug 14, 2020 6:12:49 AM org.openqa.selenium.remote.ProtocolHandshake createSession

INFO: Detected dialect: OSS
[MASTER] 14:12:49.493 [Thread-3] ERROR ExternalProcessHandler - INFO: Detected dialect: OSS

Aug 14, 2020 6:12:51 AM org.openqa.selenium.remote.ProtocolHandshake createSession
[MASTER] 14:12:51.046 [Thread-3] ERROR ExternalProcessHandler - Aug 14, 2020 6:12:51 AM org.openqa.selenium.remote.ProtocolHandshake createSession

INFO: Detected dialect: OSS
[MASTER] 14:12:51.046 [Thread-3] ERROR ExternalProcessHandler - INFO: Detected dialect: OSS

Aug 14, 2020 6:12:54 AM org.openqa.selenium.remote.ProtocolHandshake createSession
[MASTER] 14:12:54.330 [Thread-3] ERROR ExternalProcessHandler - Aug 14, 2020 6:12:54 AM org.openqa.selenium.remote.ProtocolHandshake createSession

INFO: Detected dialect: OSS
[MASTER] 14:12:54.330 [Thread-3] ERROR ExternalProcessHandler - INFO: Detected dialect: OSS

Aug 14, 2020 6:13:03 AM org.openqa.selenium.remote.ProtocolHandshake createSession
[MASTER] 14:13:03.807 [Thread-3] ERROR ExternalProcessHandler - Aug 14, 2020 6:13:03 AM org.openqa.selenium.remote.ProtocolHandshake createSession

INFO: Detected dialect: OSS
[MASTER] 14:13:03.807 [Thread-3] ERROR ExternalProcessHandler - INFO: Detected dialect: OSS

Aug 14, 2020 6:13:19 AM org.openqa.selenium.remote.ProtocolHandshake createSession
[MASTER] 14:13:19.167 [Thread-3] ERROR ExternalProcessHandler - Aug 14, 2020 6:13:19 AM org.openqa.selenium.remote.ProtocolHandshake createSession

INFO: Detected dialect: OSS
[MASTER] 14:13:19.167 [Thread-3] ERROR ExternalProcessHandler - INFO: Detected dialect: OSS

[MASTER] 14:13:40.482 [logback-2] ERROR TestCaseExecutor - TG: Exception caught: 
java.lang.IllegalStateException: Test generation failed: page object bug.
	at org.evosuite.testcase.execution.TestCaseExecutor.runTest(TestCaseExecutor.java:322) ~[evosuite-client-1.0.4-SNAPSHOT.jar:na]
	at org.evosuite.testcase.TestFitnessFunction.runTest(TestFitnessFunction.java:91) [evosuite-client-1.0.4-SNAPSHOT.jar:na]
	at org.evosuite.testcase.TestFitnessFunction.getFitness(TestFitnessFunction.java:60) [evosuite-client-1.0.4-SNAPSHOT.jar:na]
	at org.evosuite.testcase.TestFitnessFunction.getFitness(TestFitnessFunction.java:34) [evosuite-client-1.0.4-SNAPSHOT.jar:na]
	at org.evosuite.ga.metaheuristics.art.AdaptiveRandomSearch.calculateFitness(AdaptiveRandomSearch.java:312) [evosuite-client-1.0.4-SNAPSHOT.jar:na]
	at org.evosuite.ga.metaheuristics.art.AdaptiveRandomSearch.evolve(AdaptiveRandomSearch.java:139) [evosuite-client-1.0.4-SNAPSHOT.jar:na]
	at org.evosuite.ga.metaheuristics.art.AdaptiveRandomSearch.generateSolution(AdaptiveRandomSearch.java:270) [evosuite-client-1.0.4-SNAPSHOT.jar:na]
	at org.evosuite.strategy.AdaptiveRandomTestStrategy.generateTests(AdaptiveRandomTestStrategy.java:118) [evosuite-client-1.0.4-SNAPSHOT.jar:na]
	at org.evosuite.TestSuiteGenerator.generateTests(TestSuiteGenerator.java:654) [evosuite-client-1.0.4-SNAPSHOT.jar:na]
	at org.evosuite.TestSuiteGenerator.generateTestSuite(TestSuiteGenerator.java:213) [evosuite-client-1.0.4-SNAPSHOT.jar:na]
	at org.evosuite.rmi.service.ClientNodeImpl$1.run(ClientNodeImpl.java:145) [evosuite-client-1.0.4-SNAPSHOT.jar:na]
	at java.util.concurrent.Executors$RunnableAdapter.call(Executors.java:511) [na:1.8.0_265]
	at java.util.concurrent.FutureTask.run(FutureTask.java:266) [na:1.8.0_265]
	at java.util.concurrent.ThreadPoolExecutor.runWorker(ThreadPoolExecutor.java:1149) [na:1.8.0_265]
	at java.util.concurrent.ThreadPoolExecutor$Worker.run(ThreadPoolExecutor.java:624) [na:1.8.0_265]
	at java.lang.Thread.run(Thread.java:748) [na:1.8.0_265]
Aug 14, 2020 6:13:40 AM org.openqa.selenium.remote.ProtocolHandshake createSession
[MASTER] 14:13:40.717 [Thread-3] ERROR ExternalProcessHandler - Aug 14, 2020 6:13:40 AM org.openqa.selenium.remote.ProtocolHandshake createSession

INFO: Detected dialect: OSS
[MASTER] 14:13:40.717 [Thread-3] ERROR ExternalProcessHandler - INFO: Detected dialect: OSS

Aug 14, 2020 6:13:41 AM org.openqa.selenium.remote.ProtocolHandshake createSession
[MASTER] 14:13:41.851 [Thread-3] ERROR ExternalProcessHandler - Aug 14, 2020 6:13:41 AM org.openqa.selenium.remote.ProtocolHandshake createSession

INFO: Detected dialect: OSS
[MASTER] 14:13:41.851 [Thread-3] ERROR ExternalProcessHandler - INFO: Detected dialect: OSS

Aug 14, 2020 6:13:43 AM org.openqa.selenium.remote.ProtocolHandshake createSession
[MASTER] 14:13:43.097 [Thread-3] ERROR ExternalProcessHandler - Aug 14, 2020 6:13:43 AM org.openqa.selenium.remote.ProtocolHandshake createSession

INFO: Detected dialect: OSS
[MASTER] 14:13:43.097 [Thread-3] ERROR ExternalProcessHandler - INFO: Detected dialect: OSS

Aug 14, 2020 6:13:44 AM org.openqa.selenium.remote.ProtocolHandshake createSession
[MASTER] 14:13:44.406 [Thread-3] ERROR ExternalProcessHandler - Aug 14, 2020 6:13:44 AM org.openqa.selenium.remote.ProtocolHandshake createSession

INFO: Detected dialect: OSS
[MASTER] 14:13:44.407 [Thread-3] ERROR ExternalProcessHandler - INFO: Detected dialect: OSS

Aug 14, 2020 6:13:46 AM org.openqa.selenium.remote.ProtocolHandshake createSession
[MASTER] 14:13:46.124 [Thread-3] ERROR ExternalProcessHandler - Aug 14, 2020 6:13:46 AM org.openqa.selenium.remote.ProtocolHandshake createSession

INFO: Detected dialect: OSS
[MASTER] 14:13:46.124 [Thread-3] ERROR ExternalProcessHandler - INFO: Detected dialect: OSS

Aug 14, 2020 6:13:49 AM org.openqa.selenium.remote.ProtocolHandshake createSession
[MASTER] 14:13:49.014 [Thread-3] ERROR ExternalProcessHandler - Aug 14, 2020 6:13:49 AM org.openqa.selenium.remote.ProtocolHandshake createSession

INFO: Detected dialect: OSS
[MASTER] 14:13:49.014 [Thread-3] ERROR ExternalProcessHandler - INFO: Detected dialect: OSS

Aug 14, 2020 6:13:57 AM org.openqa.selenium.remote.ProtocolHandshake createSession
[MASTER] 14:13:57.939 [Thread-3] ERROR ExternalProcessHandler - Aug 14, 2020 6:13:57 AM org.openqa.selenium.remote.ProtocolHandshake createSession

INFO: Detected dialect: OSS
[MASTER] 14:13:57.939 [Thread-3] ERROR ExternalProcessHandler - INFO: Detected dialect: OSS

Aug 14, 2020 6:14:12 AM org.openqa.selenium.remote.ProtocolHandshake createSession
[MASTER] 14:14:12.587 [Thread-3] ERROR ExternalProcessHandler - Aug 14, 2020 6:14:12 AM org.openqa.selenium.remote.ProtocolHandshake createSession

INFO: Detected dialect: OSS
[MASTER] 14:14:12.588 [Thread-3] ERROR ExternalProcessHandler - INFO: Detected dialect: OSS

[MASTER] 14:14:33.067 [logback-2] ERROR TestCaseExecutor - TG: Exception caught: 
java.lang.IllegalStateException: Test generation failed: page object bug.
	at org.evosuite.testcase.execution.TestCaseExecutor.runTest(TestCaseExecutor.java:322) ~[evosuite-client-1.0.4-SNAPSHOT.jar:na]
	at org.evosuite.testcase.TestFitnessFunction.runTest(TestFitnessFunction.java:91) [evosuite-client-1.0.4-SNAPSHOT.jar:na]
	at org.evosuite.testcase.TestFitnessFunction.getFitness(TestFitnessFunction.java:60) [evosuite-client-1.0.4-SNAPSHOT.jar:na]
	at org.evosuite.testcase.TestFitnessFunction.getFitness(TestFitnessFunction.java:34) [evosuite-client-1.0.4-SNAPSHOT.jar:na]
	at org.evosuite.ga.metaheuristics.art.AdaptiveRandomSearch.calculateFitness(AdaptiveRandomSearch.java:312) [evosuite-client-1.0.4-SNAPSHOT.jar:na]
	at org.evosuite.ga.metaheuristics.art.AdaptiveRandomSearch.evolve(AdaptiveRandomSearch.java:139) [evosuite-client-1.0.4-SNAPSHOT.jar:na]
	at org.evosuite.ga.metaheuristics.art.AdaptiveRandomSearch.generateSolution(AdaptiveRandomSearch.java:270) [evosuite-client-1.0.4-SNAPSHOT.jar:na]
	at org.evosuite.strategy.AdaptiveRandomTestStrategy.generateTests(AdaptiveRandomTestStrategy.java:118) [evosuite-client-1.0.4-SNAPSHOT.jar:na]
	at org.evosuite.TestSuiteGenerator.generateTests(TestSuiteGenerator.java:654) [evosuite-client-1.0.4-SNAPSHOT.jar:na]
	at org.evosuite.TestSuiteGenerator.generateTestSuite(TestSuiteGenerator.java:213) [evosuite-client-1.0.4-SNAPSHOT.jar:na]
	at org.evosuite.rmi.service.ClientNodeImpl$1.run(ClientNodeImpl.java:145) [evosuite-client-1.0.4-SNAPSHOT.jar:na]
	at java.util.concurrent.Executors$RunnableAdapter.call(Executors.java:511) [na:1.8.0_265]
	at java.util.concurrent.FutureTask.run(FutureTask.java:266) [na:1.8.0_265]
	at java.util.concurrent.ThreadPoolExecutor.runWorker(ThreadPoolExecutor.java:1149) [na:1.8.0_265]
	at java.util.concurrent.ThreadPoolExecutor$Worker.run(ThreadPoolExecutor.java:624) [na:1.8.0_265]
	at java.lang.Thread.run(Thread.java:748) [na:1.8.0_265]
Aug 14, 2020 6:14:33 AM org.openqa.selenium.remote.ProtocolHandshake createSession
[MASTER] 14:14:33.314 [Thread-3] ERROR ExternalProcessHandler - Aug 14, 2020 6:14:33 AM org.openqa.selenium.remote.ProtocolHandshake createSession

INFO: Detected dialect: OSS
[MASTER] 14:14:33.314 [Thread-3] ERROR ExternalProcessHandler - INFO: Detected dialect: OSS

Aug 14, 2020 6:14:34 AM org.openqa.selenium.remote.ProtocolHandshake createSession
[MASTER] 14:14:34.476 [Thread-3] ERROR ExternalProcessHandler - Aug 14, 2020 6:14:34 AM org.openqa.selenium.remote.ProtocolHandshake createSession

INFO: Detected dialect: OSS
[MASTER] 14:14:34.476 [Thread-3] ERROR ExternalProcessHandler - INFO: Detected dialect: OSS

Aug 14, 2020 6:14:35 AM org.openqa.selenium.remote.ProtocolHandshake createSession
[MASTER] 14:14:35.508 [Thread-3] ERROR ExternalProcessHandler - Aug 14, 2020 6:14:35 AM org.openqa.selenium.remote.ProtocolHandshake createSession

INFO: Detected dialect: OSS
[MASTER] 14:14:35.508 [Thread-3] ERROR ExternalProcessHandler - INFO: Detected dialect: OSS

Aug 14, 2020 6:14:38 AM org.openqa.selenium.remote.ProtocolHandshake createSession
[MASTER] 14:14:38.934 [Thread-3] ERROR ExternalProcessHandler - Aug 14, 2020 6:14:38 AM org.openqa.selenium.remote.ProtocolHandshake createSession

INFO: Detected dialect: OSS
[MASTER] 14:14:38.935 [Thread-3] ERROR ExternalProcessHandler - INFO: Detected dialect: OSS

Aug 14, 2020 6:14:48 AM org.openqa.selenium.remote.ProtocolHandshake createSession
[MASTER] 14:14:48.358 [Thread-3] ERROR ExternalProcessHandler - Aug 14, 2020 6:14:48 AM org.openqa.selenium.remote.ProtocolHandshake createSession

INFO: Detected dialect: OSS
[MASTER] 14:14:48.358 [Thread-3] ERROR ExternalProcessHandler - INFO: Detected dialect: OSS

Aug 14, 2020 6:15:03 AM org.openqa.selenium.remote.ProtocolHandshake createSession
[MASTER] 14:15:03.655 [Thread-3] ERROR ExternalProcessHandler - Aug 14, 2020 6:15:03 AM org.openqa.selenium.remote.ProtocolHandshake createSession

INFO: Detected dialect: OSS
[MASTER] 14:15:03.656 [Thread-3] ERROR ExternalProcessHandler - INFO: Detected dialect: OSS

[MASTER] 14:15:24.697 [logback-2] ERROR TestCaseExecutor - TG: Exception caught: 
java.lang.IllegalStateException: Test generation failed: page object bug.
	at org.evosuite.testcase.execution.TestCaseExecutor.runTest(TestCaseExecutor.java:322) ~[evosuite-client-1.0.4-SNAPSHOT.jar:na]
	at org.evosuite.testcase.TestFitnessFunction.runTest(TestFitnessFunction.java:91) [evosuite-client-1.0.4-SNAPSHOT.jar:na]
	at org.evosuite.testcase.TestFitnessFunction.getFitness(TestFitnessFunction.java:60) [evosuite-client-1.0.4-SNAPSHOT.jar:na]
	at org.evosuite.testcase.TestFitnessFunction.getFitness(TestFitnessFunction.java:34) [evosuite-client-1.0.4-SNAPSHOT.jar:na]
	at org.evosuite.ga.metaheuristics.art.AdaptiveRandomSearch.calculateFitness(AdaptiveRandomSearch.java:312) [evosuite-client-1.0.4-SNAPSHOT.jar:na]
	at org.evosuite.ga.metaheuristics.art.AdaptiveRandomSearch.evolve(AdaptiveRandomSearch.java:139) [evosuite-client-1.0.4-SNAPSHOT.jar:na]
	at org.evosuite.ga.metaheuristics.art.AdaptiveRandomSearch.generateSolution(AdaptiveRandomSearch.java:270) [evosuite-client-1.0.4-SNAPSHOT.jar:na]
	at org.evosuite.strategy.AdaptiveRandomTestStrategy.generateTests(AdaptiveRandomTestStrategy.java:118) [evosuite-client-1.0.4-SNAPSHOT.jar:na]
	at org.evosuite.TestSuiteGenerator.generateTests(TestSuiteGenerator.java:654) [evosuite-client-1.0.4-SNAPSHOT.jar:na]
	at org.evosuite.TestSuiteGenerator.generateTestSuite(TestSuiteGenerator.java:213) [evosuite-client-1.0.4-SNAPSHOT.jar:na]
	at org.evosuite.rmi.service.ClientNodeImpl$1.run(ClientNodeImpl.java:145) [evosuite-client-1.0.4-SNAPSHOT.jar:na]
	at java.util.concurrent.Executors$RunnableAdapter.call(Executors.java:511) [na:1.8.0_265]
	at java.util.concurrent.FutureTask.run(FutureTask.java:266) [na:1.8.0_265]
	at java.util.concurrent.ThreadPoolExecutor.runWorker(ThreadPoolExecutor.java:1149) [na:1.8.0_265]
	at java.util.concurrent.ThreadPoolExecutor$Worker.run(ThreadPoolExecutor.java:624) [na:1.8.0_265]
	at java.lang.Thread.run(Thread.java:748) [na:1.8.0_265]
Aug 14, 2020 6:15:24 AM org.openqa.selenium.remote.ProtocolHandshake createSession
[MASTER] 14:15:24.950 [Thread-3] ERROR ExternalProcessHandler - Aug 14, 2020 6:15:24 AM org.openqa.selenium.remote.ProtocolHandshake createSession

INFO: Detected dialect: OSS
[MASTER] 14:15:24.950 [Thread-3] ERROR ExternalProcessHandler - INFO: Detected dialect: OSS

Aug 14, 2020 6:15:27 AM org.openqa.selenium.remote.ProtocolHandshake createSession
[MASTER] 14:15:27.397 [Thread-3] ERROR ExternalProcessHandler - Aug 14, 2020 6:15:27 AM org.openqa.selenium.remote.ProtocolHandshake createSession

INFO: Detected dialect: OSS
[MASTER] 14:15:27.397 [Thread-3] ERROR ExternalProcessHandler - INFO: Detected dialect: OSS

Aug 14, 2020 6:15:33 AM org.openqa.selenium.remote.ProtocolHandshake createSession
[MASTER] 14:15:33.178 [Thread-3] ERROR ExternalProcessHandler - Aug 14, 2020 6:15:33 AM org.openqa.selenium.remote.ProtocolHandshake createSession

INFO: Detected dialect: OSS
[MASTER] 14:15:33.178 [Thread-3] ERROR ExternalProcessHandler - INFO: Detected dialect: OSS

Aug 14, 2020 6:15:45 AM org.openqa.selenium.remote.ProtocolHandshake createSession
[MASTER] 14:15:45.121 [Thread-3] ERROR ExternalProcessHandler - Aug 14, 2020 6:15:45 AM org.openqa.selenium.remote.ProtocolHandshake createSession

INFO: Detected dialect: OSS
[MASTER] 14:15:45.121 [Thread-3] ERROR ExternalProcessHandler - INFO: Detected dialect: OSS

Aug 14, 2020 6:16:03 AM org.openqa.selenium.remote.ProtocolHandshake createSession
[MASTER] 14:16:03.221 [Thread-3] ERROR ExternalProcessHandler - Aug 14, 2020 6:16:03 AM org.openqa.selenium.remote.ProtocolHandshake createSession

INFO: Detected dialect: OSS
[MASTER] 14:16:03.221 [Thread-3] ERROR ExternalProcessHandler - INFO: Detected dialect: OSS

[MASTER] 14:16:27.508 [logback-2] ERROR TestCaseExecutor - TG: Exception caught: 
java.lang.IllegalStateException: Test generation failed: page object bug.
	at org.evosuite.testcase.execution.TestCaseExecutor.runTest(TestCaseExecutor.java:322) ~[evosuite-client-1.0.4-SNAPSHOT.jar:na]
	at org.evosuite.testcase.TestFitnessFunction.runTest(TestFitnessFunction.java:91) [evosuite-client-1.0.4-SNAPSHOT.jar:na]
	at org.evosuite.testcase.TestFitnessFunction.getFitness(TestFitnessFunction.java:60) [evosuite-client-1.0.4-SNAPSHOT.jar:na]
	at org.evosuite.testcase.TestFitnessFunction.getFitness(TestFitnessFunction.java:34) [evosuite-client-1.0.4-SNAPSHOT.jar:na]
	at org.evosuite.ga.metaheuristics.art.AdaptiveRandomSearch.calculateFitness(AdaptiveRandomSearch.java:312) [evosuite-client-1.0.4-SNAPSHOT.jar:na]
	at org.evosuite.ga.metaheuristics.art.AdaptiveRandomSearch.evolve(AdaptiveRandomSearch.java:139) [evosuite-client-1.0.4-SNAPSHOT.jar:na]
	at org.evosuite.ga.metaheuristics.art.AdaptiveRandomSearch.generateSolution(AdaptiveRandomSearch.java:270) [evosuite-client-1.0.4-SNAPSHOT.jar:na]
	at org.evosuite.strategy.AdaptiveRandomTestStrategy.generateTests(AdaptiveRandomTestStrategy.java:118) [evosuite-client-1.0.4-SNAPSHOT.jar:na]
	at org.evosuite.TestSuiteGenerator.generateTests(TestSuiteGenerator.java:654) [evosuite-client-1.0.4-SNAPSHOT.jar:na]
	at org.evosuite.TestSuiteGenerator.generateTestSuite(TestSuiteGenerator.java:213) [evosuite-client-1.0.4-SNAPSHOT.jar:na]
	at org.evosuite.rmi.service.ClientNodeImpl$1.run(ClientNodeImpl.java:145) [evosuite-client-1.0.4-SNAPSHOT.jar:na]
	at java.util.concurrent.Executors$RunnableAdapter.call(Executors.java:511) [na:1.8.0_265]
	at java.util.concurrent.FutureTask.run(FutureTask.java:266) [na:1.8.0_265]
	at java.util.concurrent.ThreadPoolExecutor.runWorker(ThreadPoolExecutor.java:1149) [na:1.8.0_265]
	at java.util.concurrent.ThreadPoolExecutor$Worker.run(ThreadPoolExecutor.java:624) [na:1.8.0_265]
	at java.lang.Thread.run(Thread.java:748) [na:1.8.0_265]
Aug 14, 2020 6:16:27 AM org.openqa.selenium.remote.ProtocolHandshake createSession
[MASTER] 14:16:27.764 [Thread-3] ERROR ExternalProcessHandler - Aug 14, 2020 6:16:27 AM org.openqa.selenium.remote.ProtocolHandshake createSession

INFO: Detected dialect: OSS
[MASTER] 14:16:27.764 [Thread-3] ERROR ExternalProcessHandler - INFO: Detected dialect: OSS

Aug 14, 2020 6:16:29 AM org.openqa.selenium.remote.ProtocolHandshake createSession
[MASTER] 14:16:29.320 [Thread-3] ERROR ExternalProcessHandler - Aug 14, 2020 6:16:29 AM org.openqa.selenium.remote.ProtocolHandshake createSession

INFO: Detected dialect: OSS
[MASTER] 14:16:29.320 [Thread-3] ERROR ExternalProcessHandler - INFO: Detected dialect: OSS

Aug 14, 2020 6:16:30 AM org.openqa.selenium.remote.ProtocolHandshake createSession
[MASTER] 14:16:30.590 [Thread-3] ERROR ExternalProcessHandler - Aug 14, 2020 6:16:30 AM org.openqa.selenium.remote.ProtocolHandshake createSession

INFO: Detected dialect: OSS
[MASTER] 14:16:30.590 [Thread-3] ERROR ExternalProcessHandler - INFO: Detected dialect: OSS

Aug 14, 2020 6:16:32 AM org.openqa.selenium.remote.ProtocolHandshake createSession
[MASTER] 14:16:32.514 [Thread-3] ERROR ExternalProcessHandler - Aug 14, 2020 6:16:32 AM org.openqa.selenium.remote.ProtocolHandshake createSession

INFO: Detected dialect: OSS
[MASTER] 14:16:32.514 [Thread-3] ERROR ExternalProcessHandler - INFO: Detected dialect: OSS

Aug 14, 2020 6:16:35 AM org.openqa.selenium.remote.ProtocolHandshake createSession
[MASTER] 14:16:35.552 [Thread-3] ERROR ExternalProcessHandler - Aug 14, 2020 6:16:35 AM org.openqa.selenium.remote.ProtocolHandshake createSession

INFO: Detected dialect: OSS
[MASTER] 14:16:35.552 [Thread-3] ERROR ExternalProcessHandler - INFO: Detected dialect: OSS

Aug 14, 2020 6:16:44 AM org.openqa.selenium.remote.ProtocolHandshake createSession
[MASTER] 14:16:44.638 [Thread-3] ERROR ExternalProcessHandler - Aug 14, 2020 6:16:44 AM org.openqa.selenium.remote.ProtocolHandshake createSession

INFO: Detected dialect: OSS
[MASTER] 14:16:44.638 [Thread-3] ERROR ExternalProcessHandler - INFO: Detected dialect: OSS

Aug 14, 2020 6:16:59 AM org.openqa.selenium.remote.ProtocolHandshake createSession
[MASTER] 14:16:59.729 [Thread-3] ERROR ExternalProcessHandler - Aug 14, 2020 6:16:59 AM org.openqa.selenium.remote.ProtocolHandshake createSession

INFO: Detected dialect: OSS
[MASTER] 14:16:59.729 [Thread-3] ERROR ExternalProcessHandler - INFO: Detected dialect: OSS

[MASTER] 14:17:20.677 [logback-2] ERROR TestCaseExecutor - TG: Exception caught: 
java.lang.IllegalStateException: Test generation failed: page object bug.
	at org.evosuite.testcase.execution.TestCaseExecutor.runTest(TestCaseExecutor.java:322) ~[evosuite-client-1.0.4-SNAPSHOT.jar:na]
	at org.evosuite.testcase.TestFitnessFunction.runTest(TestFitnessFunction.java:91) [evosuite-client-1.0.4-SNAPSHOT.jar:na]
	at org.evosuite.testcase.TestFitnessFunction.getFitness(TestFitnessFunction.java:60) [evosuite-client-1.0.4-SNAPSHOT.jar:na]
	at org.evosuite.testcase.TestFitnessFunction.getFitness(TestFitnessFunction.java:34) [evosuite-client-1.0.4-SNAPSHOT.jar:na]
	at org.evosuite.ga.metaheuristics.art.AdaptiveRandomSearch.calculateFitness(AdaptiveRandomSearch.java:312) [evosuite-client-1.0.4-SNAPSHOT.jar:na]
	at org.evosuite.ga.metaheuristics.art.AdaptiveRandomSearch.evolve(AdaptiveRandomSearch.java:139) [evosuite-client-1.0.4-SNAPSHOT.jar:na]
	at org.evosuite.ga.metaheuristics.art.AdaptiveRandomSearch.generateSolution(AdaptiveRandomSearch.java:270) [evosuite-client-1.0.4-SNAPSHOT.jar:na]
	at org.evosuite.strategy.AdaptiveRandomTestStrategy.generateTests(AdaptiveRandomTestStrategy.java:118) [evosuite-client-1.0.4-SNAPSHOT.jar:na]
	at org.evosuite.TestSuiteGenerator.generateTests(TestSuiteGenerator.java:654) [evosuite-client-1.0.4-SNAPSHOT.jar:na]
	at org.evosuite.TestSuiteGenerator.generateTestSuite(TestSuiteGenerator.java:213) [evosuite-client-1.0.4-SNAPSHOT.jar:na]
	at org.evosuite.rmi.service.ClientNodeImpl$1.run(ClientNodeImpl.java:145) [evosuite-client-1.0.4-SNAPSHOT.jar:na]
	at java.util.concurrent.Executors$RunnableAdapter.call(Executors.java:511) [na:1.8.0_265]
	at java.util.concurrent.FutureTask.run(FutureTask.java:266) [na:1.8.0_265]
	at java.util.concurrent.ThreadPoolExecutor.runWorker(ThreadPoolExecutor.java:1149) [na:1.8.0_265]
	at java.util.concurrent.ThreadPoolExecutor$Worker.run(ThreadPoolExecutor.java:624) [na:1.8.0_265]
	at java.lang.Thread.run(Thread.java:748) [na:1.8.0_265]
Aug 14, 2020 6:17:20 AM org.openqa.selenium.remote.ProtocolHandshake createSession
[MASTER] 14:17:20.931 [Thread-3] ERROR ExternalProcessHandler - Aug 14, 2020 6:17:20 AM org.openqa.selenium.remote.ProtocolHandshake createSession

INFO: Detected dialect: OSS
[MASTER] 14:17:20.931 [Thread-3] ERROR ExternalProcessHandler - INFO: Detected dialect: OSS

Aug 14, 2020 6:17:22 AM org.openqa.selenium.remote.ProtocolHandshake createSession
[MASTER] 14:17:22.497 [Thread-3] ERROR ExternalProcessHandler - Aug 14, 2020 6:17:22 AM org.openqa.selenium.remote.ProtocolHandshake createSession

INFO: Detected dialect: OSS
[MASTER] 14:17:22.497 [Thread-3] ERROR ExternalProcessHandler - INFO: Detected dialect: OSS

Aug 14, 2020 6:17:24 AM org.openqa.selenium.remote.ProtocolHandshake createSession
[MASTER] 14:17:24.162 [Thread-3] ERROR ExternalProcessHandler - Aug 14, 2020 6:17:24 AM org.openqa.selenium.remote.ProtocolHandshake createSession

INFO: Detected dialect: OSS
[MASTER] 14:17:24.163 [Thread-3] ERROR ExternalProcessHandler - INFO: Detected dialect: OSS

Aug 14, 2020 6:17:27 AM org.openqa.selenium.remote.ProtocolHandshake createSession
[MASTER] 14:17:27.693 [Thread-3] ERROR ExternalProcessHandler - Aug 14, 2020 6:17:27 AM org.openqa.selenium.remote.ProtocolHandshake createSession

INFO: Detected dialect: OSS
[MASTER] 14:17:27.693 [Thread-3] ERROR ExternalProcessHandler - INFO: Detected dialect: OSS

Aug 14, 2020 6:17:32 AM org.openqa.selenium.remote.ProtocolHandshake createSession
[MASTER] 14:17:32.647 [Thread-3] ERROR ExternalProcessHandler - Aug 14, 2020 6:17:32 AM org.openqa.selenium.remote.ProtocolHandshake createSession

INFO: Detected dialect: OSS
[MASTER] 14:17:32.647 [Thread-3] ERROR ExternalProcessHandler - INFO: Detected dialect: OSS

Aug 14, 2020 6:17:34 AM org.openqa.selenium.remote.ProtocolHandshake createSession
[MASTER] 14:17:34.082 [Thread-3] ERROR ExternalProcessHandler - Aug 14, 2020 6:17:34 AM org.openqa.selenium.remote.ProtocolHandshake createSession

INFO: Detected dialect: OSS
[MASTER] 14:17:34.082 [Thread-3] ERROR ExternalProcessHandler - INFO: Detected dialect: OSS

Aug 14, 2020 6:17:35 AM org.openqa.selenium.remote.ProtocolHandshake createSession
[MASTER] 14:17:35.503 [Thread-3] ERROR ExternalProcessHandler - Aug 14, 2020 6:17:35 AM org.openqa.selenium.remote.ProtocolHandshake createSession

INFO: Detected dialect: OSS
[MASTER] 14:17:35.503 [Thread-3] ERROR ExternalProcessHandler - INFO: Detected dialect: OSS

Aug 14, 2020 6:17:37 AM org.openqa.selenium.remote.ProtocolHandshake createSession
[MASTER] 14:17:37.128 [Thread-3] ERROR ExternalProcessHandler - Aug 14, 2020 6:17:37 AM org.openqa.selenium.remote.ProtocolHandshake createSession

INFO: Detected dialect: OSS
[MASTER] 14:17:37.128 [Thread-3] ERROR ExternalProcessHandler - INFO: Detected dialect: OSS

Aug 14, 2020 6:17:38 AM org.openqa.selenium.remote.ProtocolHandshake createSession
[MASTER] 14:17:38.596 [Thread-3] ERROR ExternalProcessHandler - Aug 14, 2020 6:17:38 AM org.openqa.selenium.remote.ProtocolHandshake createSession

INFO: Detected dialect: OSS
[MASTER] 14:17:38.596 [Thread-3] ERROR ExternalProcessHandler - INFO: Detected dialect: OSS

Aug 14, 2020 6:17:39 AM org.openqa.selenium.remote.ProtocolHandshake createSession
[MASTER] 14:17:39.874 [Thread-3] ERROR ExternalProcessHandler - Aug 14, 2020 6:17:39 AM org.openqa.selenium.remote.ProtocolHandshake createSession

INFO: Detected dialect: OSS
[MASTER] 14:17:39.874 [Thread-3] ERROR ExternalProcessHandler - INFO: Detected dialect: OSS

Aug 14, 2020 6:17:41 AM org.openqa.selenium.remote.ProtocolHandshake createSession
[MASTER] 14:17:41.232 [Thread-3] ERROR ExternalProcessHandler - Aug 14, 2020 6:17:41 AM org.openqa.selenium.remote.ProtocolHandshake createSession

INFO: Detected dialect: OSS
[MASTER] 14:17:41.232 [Thread-3] ERROR ExternalProcessHandler - INFO: Detected dialect: OSS

Aug 14, 2020 6:17:43 AM org.openqa.selenium.remote.ProtocolHandshake createSession
[MASTER] 14:17:43.284 [Thread-3] ERROR ExternalProcessHandler - Aug 14, 2020 6:17:43 AM org.openqa.selenium.remote.ProtocolHandshake createSession

INFO: Detected dialect: OSS
[MASTER] 14:17:43.284 [Thread-3] ERROR ExternalProcessHandler - INFO: Detected dialect: OSS

Aug 14, 2020 6:17:47 AM org.openqa.selenium.remote.ProtocolHandshake createSession
[MASTER] 14:17:47.064 [Thread-3] ERROR ExternalProcessHandler - Aug 14, 2020 6:17:47 AM org.openqa.selenium.remote.ProtocolHandshake createSession

INFO: Detected dialect: OSS
[MASTER] 14:17:47.065 [Thread-3] ERROR ExternalProcessHandler - INFO: Detected dialect: OSS

Aug 14, 2020 6:17:57 AM org.openqa.selenium.remote.ProtocolHandshake createSession
[MASTER] 14:17:57.120 [Thread-3] ERROR ExternalProcessHandler - Aug 14, 2020 6:17:57 AM org.openqa.selenium.remote.ProtocolHandshake createSession

INFO: Detected dialect: OSS
[MASTER] 14:17:57.120 [Thread-3] ERROR ExternalProcessHandler - INFO: Detected dialect: OSS

Aug 14, 2020 6:18:13 AM org.openqa.selenium.remote.ProtocolHandshake createSession
[MASTER] 14:18:13.421 [Thread-3] ERROR ExternalProcessHandler - Aug 14, 2020 6:18:13 AM org.openqa.selenium.remote.ProtocolHandshake createSession

INFO: Detected dialect: OSS
[MASTER] 14:18:13.421 [Thread-3] ERROR ExternalProcessHandler - INFO: Detected dialect: OSS

[MASTER] 14:18:35.756 [logback-2] ERROR TestCaseExecutor - TG: Exception caught: 
java.lang.IllegalStateException: Test generation failed: page object bug.
	at org.evosuite.testcase.execution.TestCaseExecutor.runTest(TestCaseExecutor.java:322) ~[evosuite-client-1.0.4-SNAPSHOT.jar:na]
	at org.evosuite.testcase.TestFitnessFunction.runTest(TestFitnessFunction.java:91) [evosuite-client-1.0.4-SNAPSHOT.jar:na]
	at org.evosuite.testcase.TestFitnessFunction.getFitness(TestFitnessFunction.java:60) [evosuite-client-1.0.4-SNAPSHOT.jar:na]
	at org.evosuite.testcase.TestFitnessFunction.getFitness(TestFitnessFunction.java:34) [evosuite-client-1.0.4-SNAPSHOT.jar:na]
	at org.evosuite.ga.metaheuristics.art.AdaptiveRandomSearch.calculateFitness(AdaptiveRandomSearch.java:312) [evosuite-client-1.0.4-SNAPSHOT.jar:na]
	at org.evosuite.ga.metaheuristics.art.AdaptiveRandomSearch.evolve(AdaptiveRandomSearch.java:139) [evosuite-client-1.0.4-SNAPSHOT.jar:na]
	at org.evosuite.ga.metaheuristics.art.AdaptiveRandomSearch.generateSolution(AdaptiveRandomSearch.java:270) [evosuite-client-1.0.4-SNAPSHOT.jar:na]
	at org.evosuite.strategy.AdaptiveRandomTestStrategy.generateTests(AdaptiveRandomTestStrategy.java:118) [evosuite-client-1.0.4-SNAPSHOT.jar:na]
	at org.evosuite.TestSuiteGenerator.generateTests(TestSuiteGenerator.java:654) [evosuite-client-1.0.4-SNAPSHOT.jar:na]
	at org.evosuite.TestSuiteGenerator.generateTestSuite(TestSuiteGenerator.java:213) [evosuite-client-1.0.4-SNAPSHOT.jar:na]
	at org.evosuite.rmi.service.ClientNodeImpl$1.run(ClientNodeImpl.java:145) [evosuite-client-1.0.4-SNAPSHOT.jar:na]
	at java.util.concurrent.Executors$RunnableAdapter.call(Executors.java:511) [na:1.8.0_265]
	at java.util.concurrent.FutureTask.run(FutureTask.java:266) [na:1.8.0_265]
	at java.util.concurrent.ThreadPoolExecutor.runWorker(ThreadPoolExecutor.java:1149) [na:1.8.0_265]
	at java.util.concurrent.ThreadPoolExecutor$Worker.run(ThreadPoolExecutor.java:624) [na:1.8.0_265]
	at java.lang.Thread.run(Thread.java:748) [na:1.8.0_265]
Aug 14, 2020 6:18:35 AM org.openqa.selenium.remote.ProtocolHandshake createSession
[MASTER] 14:18:35.997 [Thread-3] ERROR ExternalProcessHandler - Aug 14, 2020 6:18:35 AM org.openqa.selenium.remote.ProtocolHandshake createSession

INFO: Detected dialect: OSS
[MASTER] 14:18:35.997 [Thread-3] ERROR ExternalProcessHandler - INFO: Detected dialect: OSS

Aug 14, 2020 6:18:37 AM org.openqa.selenium.remote.ProtocolHandshake createSession
[MASTER] 14:18:37.574 [Thread-3] ERROR ExternalProcessHandler - Aug 14, 2020 6:18:37 AM org.openqa.selenium.remote.ProtocolHandshake createSession

INFO: Detected dialect: OSS
[MASTER] 14:18:37.575 [Thread-3] ERROR ExternalProcessHandler - INFO: Detected dialect: OSS

Aug 14, 2020 6:18:40 AM org.openqa.selenium.remote.ProtocolHandshake createSession
[MASTER] 14:18:40.427 [Thread-3] ERROR ExternalProcessHandler - Aug 14, 2020 6:18:40 AM org.openqa.selenium.remote.ProtocolHandshake createSession

INFO: Detected dialect: OSS
[MASTER] 14:18:40.427 [Thread-3] ERROR ExternalProcessHandler - INFO: Detected dialect: OSS

Aug 14, 2020 6:18:49 AM org.openqa.selenium.remote.ProtocolHandshake createSession
[MASTER] 14:18:49.642 [Thread-3] ERROR ExternalProcessHandler - Aug 14, 2020 6:18:49 AM org.openqa.selenium.remote.ProtocolHandshake createSession

INFO: Detected dialect: OSS
[MASTER] 14:18:49.642 [Thread-3] ERROR ExternalProcessHandler - INFO: Detected dialect: OSS

Aug 14, 2020 6:18:51 AM org.openqa.selenium.remote.ProtocolHandshake createSession
[MASTER] 14:18:51.032 [Thread-3] ERROR ExternalProcessHandler - Aug 14, 2020 6:18:51 AM org.openqa.selenium.remote.ProtocolHandshake createSession

INFO: Detected dialect: OSS
[MASTER] 14:18:51.033 [Thread-3] ERROR ExternalProcessHandler - INFO: Detected dialect: OSS

Aug 14, 2020 6:18:53 AM org.openqa.selenium.remote.ProtocolHandshake createSession
[MASTER] 14:18:53.956 [Thread-3] ERROR ExternalProcessHandler - Aug 14, 2020 6:18:53 AM org.openqa.selenium.remote.ProtocolHandshake createSession

INFO: Detected dialect: OSS
[MASTER] 14:18:53.956 [Thread-3] ERROR ExternalProcessHandler - INFO: Detected dialect: OSS

Aug 14, 2020 6:18:56 AM org.openqa.selenium.remote.ProtocolHandshake createSession
[MASTER] 14:18:56.352 [Thread-3] ERROR ExternalProcessHandler - Aug 14, 2020 6:18:56 AM org.openqa.selenium.remote.ProtocolHandshake createSession

INFO: Detected dialect: OSS
[MASTER] 14:18:56.352 [Thread-3] ERROR ExternalProcessHandler - INFO: Detected dialect: OSS

Aug 14, 2020 6:18:57 AM org.openqa.selenium.remote.ProtocolHandshake createSession
[MASTER] 14:18:57.766 [Thread-3] ERROR ExternalProcessHandler - Aug 14, 2020 6:18:57 AM org.openqa.selenium.remote.ProtocolHandshake createSession

INFO: Detected dialect: OSS
[MASTER] 14:18:57.766 [Thread-3] ERROR ExternalProcessHandler - INFO: Detected dialect: OSS

Aug 14, 2020 6:19:00 AM org.openqa.selenium.remote.ProtocolHandshake createSession
[MASTER] 14:19:00.492 [Thread-3] ERROR ExternalProcessHandler - Aug 14, 2020 6:19:00 AM org.openqa.selenium.remote.ProtocolHandshake createSession

INFO: Detected dialect: OSS
[MASTER] 14:19:00.492 [Thread-3] ERROR ExternalProcessHandler - INFO: Detected dialect: OSS

Aug 14, 2020 6:19:03 AM org.openqa.selenium.remote.ProtocolHandshake createSession
[MASTER] 14:19:03.044 [Thread-3] ERROR ExternalProcessHandler - Aug 14, 2020 6:19:03 AM org.openqa.selenium.remote.ProtocolHandshake createSession

INFO: Detected dialect: OSS
[MASTER] 14:19:03.044 [Thread-3] ERROR ExternalProcessHandler - INFO: Detected dialect: OSS

Aug 14, 2020 6:19:05 AM org.openqa.selenium.remote.ProtocolHandshake createSession
[MASTER] 14:19:05.177 [Thread-3] ERROR ExternalProcessHandler - Aug 14, 2020 6:19:05 AM org.openqa.selenium.remote.ProtocolHandshake createSession

INFO: Detected dialect: OSS
[MASTER] 14:19:05.177 [Thread-3] ERROR ExternalProcessHandler - INFO: Detected dialect: OSS

Aug 14, 2020 6:19:09 AM org.openqa.selenium.remote.ProtocolHandshake createSession
[MASTER] 14:19:09.245 [Thread-3] ERROR ExternalProcessHandler - Aug 14, 2020 6:19:09 AM org.openqa.selenium.remote.ProtocolHandshake createSession

INFO: Detected dialect: OSS
[MASTER] 14:19:09.245 [Thread-3] ERROR ExternalProcessHandler - INFO: Detected dialect: OSS

Aug 14, 2020 6:19:19 AM org.openqa.selenium.remote.ProtocolHandshake createSession
[MASTER] 14:19:19.586 [Thread-3] ERROR ExternalProcessHandler - Aug 14, 2020 6:19:19 AM org.openqa.selenium.remote.ProtocolHandshake createSession

INFO: Detected dialect: OSS
[MASTER] 14:19:19.586 [Thread-3] ERROR ExternalProcessHandler - INFO: Detected dialect: OSS

Aug 14, 2020 6:19:36 AM org.openqa.selenium.remote.ProtocolHandshake createSession
[MASTER] 14:19:36.083 [Thread-3] ERROR ExternalProcessHandler - Aug 14, 2020 6:19:36 AM org.openqa.selenium.remote.ProtocolHandshake createSession

INFO: Detected dialect: OSS
[MASTER] 14:19:36.083 [Thread-3] ERROR ExternalProcessHandler - INFO: Detected dialect: OSS

[MASTER] 14:19:58.531 [logback-2] ERROR TestCaseExecutor - TG: Exception caught: 
java.lang.IllegalStateException: Test generation failed: page object bug.
	at org.evosuite.testcase.execution.TestCaseExecutor.runTest(TestCaseExecutor.java:322) ~[evosuite-client-1.0.4-SNAPSHOT.jar:na]
	at org.evosuite.testcase.TestFitnessFunction.runTest(TestFitnessFunction.java:91) [evosuite-client-1.0.4-SNAPSHOT.jar:na]
	at org.evosuite.testcase.TestFitnessFunction.getFitness(TestFitnessFunction.java:60) [evosuite-client-1.0.4-SNAPSHOT.jar:na]
	at org.evosuite.testcase.TestFitnessFunction.getFitness(TestFitnessFunction.java:34) [evosuite-client-1.0.4-SNAPSHOT.jar:na]
	at org.evosuite.ga.metaheuristics.art.AdaptiveRandomSearch.calculateFitness(AdaptiveRandomSearch.java:312) [evosuite-client-1.0.4-SNAPSHOT.jar:na]
	at org.evosuite.ga.metaheuristics.art.AdaptiveRandomSearch.evolve(AdaptiveRandomSearch.java:139) [evosuite-client-1.0.4-SNAPSHOT.jar:na]
	at org.evosuite.ga.metaheuristics.art.AdaptiveRandomSearch.generateSolution(AdaptiveRandomSearch.java:270) [evosuite-client-1.0.4-SNAPSHOT.jar:na]
	at org.evosuite.strategy.AdaptiveRandomTestStrategy.generateTests(AdaptiveRandomTestStrategy.java:118) [evosuite-client-1.0.4-SNAPSHOT.jar:na]
	at org.evosuite.TestSuiteGenerator.generateTests(TestSuiteGenerator.java:654) [evosuite-client-1.0.4-SNAPSHOT.jar:na]
	at org.evosuite.TestSuiteGenerator.generateTestSuite(TestSuiteGenerator.java:213) [evosuite-client-1.0.4-SNAPSHOT.jar:na]
	at org.evosuite.rmi.service.ClientNodeImpl$1.run(ClientNodeImpl.java:145) [evosuite-client-1.0.4-SNAPSHOT.jar:na]
	at java.util.concurrent.Executors$RunnableAdapter.call(Executors.java:511) [na:1.8.0_265]
	at java.util.concurrent.FutureTask.run(FutureTask.java:266) [na:1.8.0_265]
	at java.util.concurrent.ThreadPoolExecutor.runWorker(ThreadPoolExecutor.java:1149) [na:1.8.0_265]
	at java.util.concurrent.ThreadPoolExecutor$Worker.run(ThreadPoolExecutor.java:624) [na:1.8.0_265]
	at java.lang.Thread.run(Thread.java:748) [na:1.8.0_265]
Aug 14, 2020 6:19:58 AM org.openqa.selenium.remote.ProtocolHandshake createSession
[MASTER] 14:19:58.772 [Thread-3] ERROR ExternalProcessHandler - Aug 14, 2020 6:19:58 AM org.openqa.selenium.remote.ProtocolHandshake createSession

INFO: Detected dialect: OSS
[MASTER] 14:19:58.773 [Thread-3] ERROR ExternalProcessHandler - INFO: Detected dialect: OSS

Aug 14, 2020 6:20:06 AM org.openqa.selenium.remote.ProtocolHandshake createSession
[MASTER] 14:20:06.188 [Thread-3] ERROR ExternalProcessHandler - Aug 14, 2020 6:20:06 AM org.openqa.selenium.remote.ProtocolHandshake createSession

INFO: Detected dialect: OSS
[MASTER] 14:20:06.188 [Thread-3] ERROR ExternalProcessHandler - INFO: Detected dialect: OSS

Aug 14, 2020 6:20:20 AM org.openqa.selenium.remote.ProtocolHandshake createSession
[MASTER] 14:20:20.030 [Thread-3] ERROR ExternalProcessHandler - Aug 14, 2020 6:20:20 AM org.openqa.selenium.remote.ProtocolHandshake createSession

INFO: Detected dialect: OSS
[MASTER] 14:20:20.030 [Thread-3] ERROR ExternalProcessHandler - INFO: Detected dialect: OSS

Aug 14, 2020 6:20:40 AM org.openqa.selenium.remote.ProtocolHandshake createSession
[MASTER] 14:20:40.273 [Thread-3] ERROR ExternalProcessHandler - Aug 14, 2020 6:20:40 AM org.openqa.selenium.remote.ProtocolHandshake createSession

INFO: Detected dialect: OSS
[MASTER] 14:20:40.273 [Thread-3] ERROR ExternalProcessHandler - INFO: Detected dialect: OSS

[MASTER] 14:21:06.608 [logback-2] ERROR TestCaseExecutor - TG: Exception caught: 
java.lang.IllegalStateException: Test generation failed: page object bug.
	at org.evosuite.testcase.execution.TestCaseExecutor.runTest(TestCaseExecutor.java:322) ~[evosuite-client-1.0.4-SNAPSHOT.jar:na]
	at org.evosuite.testcase.TestFitnessFunction.runTest(TestFitnessFunction.java:91) [evosuite-client-1.0.4-SNAPSHOT.jar:na]
	at org.evosuite.testcase.TestFitnessFunction.isCovered(TestFitnessFunction.java:166) [evosuite-client-1.0.4-SNAPSHOT.jar:na]
	at org.evosuite.testsuite.TestSuiteMinimizer.minimizeTests(TestSuiteMinimizer.java:287) [evosuite-client-1.0.4-SNAPSHOT.jar:na]
	at org.evosuite.testsuite.TestSuiteMinimizer.minimize(TestSuiteMinimizer.java:111) [evosuite-client-1.0.4-SNAPSHOT.jar:na]
	at org.evosuite.TestSuiteGenerator.postProcessTests(TestSuiteGenerator.java:422) [evosuite-client-1.0.4-SNAPSHOT.jar:na]
	at org.evosuite.TestSuiteGenerator.generateTestSuite(TestSuiteGenerator.java:215) [evosuite-client-1.0.4-SNAPSHOT.jar:na]
	at org.evosuite.rmi.service.ClientNodeImpl$1.run(ClientNodeImpl.java:145) [evosuite-client-1.0.4-SNAPSHOT.jar:na]
	at java.util.concurrent.Executors$RunnableAdapter.call(Executors.java:511) [na:1.8.0_265]
	at java.util.concurrent.FutureTask.run(FutureTask.java:266) [na:1.8.0_265]
	at java.util.concurrent.ThreadPoolExecutor.runWorker(ThreadPoolExecutor.java:1149) [na:1.8.0_265]
	at java.util.concurrent.ThreadPoolExecutor$Worker.run(ThreadPoolExecutor.java:624) [na:1.8.0_265]
	at java.lang.Thread.run(Thread.java:748) [na:1.8.0_265]
Aug 14, 2020 6:21:06 AM org.openqa.selenium.remote.ProtocolHandshake createSession
[MASTER] 14:21:06.759 [Thread-3] ERROR ExternalProcessHandler - Aug 14, 2020 6:21:06 AM org.openqa.selenium.remote.ProtocolHandshake createSession

INFO: Detected dialect: OSS
[MASTER] 14:21:06.760 [Thread-3] ERROR ExternalProcessHandler - INFO: Detected dialect: OSS

Aug 14, 2020 6:21:11 AM org.openqa.selenium.remote.ProtocolHandshake createSession
[MASTER] 14:21:11.317 [Thread-3] ERROR ExternalProcessHandler - Aug 14, 2020 6:21:11 AM org.openqa.selenium.remote.ProtocolHandshake createSession

INFO: Detected dialect: OSS
[MASTER] 14:21:11.317 [Thread-3] ERROR ExternalProcessHandler - INFO: Detected dialect: OSS

Aug 14, 2020 6:21:21 AM org.openqa.selenium.remote.ProtocolHandshake createSession
[MASTER] 14:21:21.524 [Thread-3] ERROR ExternalProcessHandler - Aug 14, 2020 6:21:21 AM org.openqa.selenium.remote.ProtocolHandshake createSession

INFO: Detected dialect: OSS
[MASTER] 14:21:21.524 [Thread-3] ERROR ExternalProcessHandler - INFO: Detected dialect: OSS

Aug 14, 2020 6:21:37 AM org.openqa.selenium.remote.ProtocolHandshake createSession
[MASTER] 14:21:37.260 [Thread-3] ERROR ExternalProcessHandler - Aug 14, 2020 6:21:37 AM org.openqa.selenium.remote.ProtocolHandshake createSession

INFO: Detected dialect: OSS
[MASTER] 14:21:37.260 [Thread-3] ERROR ExternalProcessHandler - INFO: Detected dialect: OSS

[MASTER] 14:21:58.357 [logback-2] ERROR TestCaseExecutor - TG: Exception caught: 
java.lang.IllegalStateException: Test generation failed: page object bug.
	at org.evosuite.testcase.execution.TestCaseExecutor.runTest(TestCaseExecutor.java:322) ~[evosuite-client-1.0.4-SNAPSHOT.jar:na]
	at org.evosuite.testcase.TestFitnessFunction.runTest(TestFitnessFunction.java:91) [evosuite-client-1.0.4-SNAPSHOT.jar:na]
	at org.evosuite.testcase.TestFitnessFunction.isCovered(TestFitnessFunction.java:166) [evosuite-client-1.0.4-SNAPSHOT.jar:na]
	at org.evosuite.testsuite.TestSuiteMinimizer.minimizeTests(TestSuiteMinimizer.java:287) [evosuite-client-1.0.4-SNAPSHOT.jar:na]
	at org.evosuite.testsuite.TestSuiteMinimizer.minimize(TestSuiteMinimizer.java:111) [evosuite-client-1.0.4-SNAPSHOT.jar:na]
	at org.evosuite.TestSuiteGenerator.postProcessTests(TestSuiteGenerator.java:422) [evosuite-client-1.0.4-SNAPSHOT.jar:na]
	at org.evosuite.TestSuiteGenerator.generateTestSuite(TestSuiteGenerator.java:215) [evosuite-client-1.0.4-SNAPSHOT.jar:na]
	at org.evosuite.rmi.service.ClientNodeImpl$1.run(ClientNodeImpl.java:145) [evosuite-client-1.0.4-SNAPSHOT.jar:na]
	at java.util.concurrent.Executors$RunnableAdapter.call(Executors.java:511) [na:1.8.0_265]
	at java.util.concurrent.FutureTask.run(FutureTask.java:266) [na:1.8.0_265]
	at java.util.concurrent.ThreadPoolExecutor.runWorker(ThreadPoolExecutor.java:1149) [na:1.8.0_265]
	at java.util.concurrent.ThreadPoolExecutor$Worker.run(ThreadPoolExecutor.java:624) [na:1.8.0_265]
	at java.lang.Thread.run(Thread.java:748) [na:1.8.0_265]
Aug 14, 2020 6:21:58 AM org.openqa.selenium.remote.ProtocolHandshake createSession
[MASTER] 14:21:58.541 [Thread-3] ERROR ExternalProcessHandler - Aug 14, 2020 6:21:58 AM org.openqa.selenium.remote.ProtocolHandshake createSession

INFO: Detected dialect: OSS
[MASTER] 14:21:58.541 [Thread-3] ERROR ExternalProcessHandler - INFO: Detected dialect: OSS

Aug 14, 2020 6:22:02 AM org.openqa.selenium.remote.ProtocolHandshake createSession
[MASTER] 14:22:02.029 [Thread-3] ERROR ExternalProcessHandler - Aug 14, 2020 6:22:02 AM org.openqa.selenium.remote.ProtocolHandshake createSession

INFO: Detected dialect: OSS
[MASTER] 14:22:02.029 [Thread-3] ERROR ExternalProcessHandler - INFO: Detected dialect: OSS

Aug 14, 2020 6:22:11 AM org.openqa.selenium.remote.ProtocolHandshake createSession
[MASTER] 14:22:11.742 [Thread-3] ERROR ExternalProcessHandler - Aug 14, 2020 6:22:11 AM org.openqa.selenium.remote.ProtocolHandshake createSession

INFO: Detected dialect: OSS
[MASTER] 14:22:11.742 [Thread-3] ERROR ExternalProcessHandler - INFO: Detected dialect: OSS

Aug 14, 2020 6:22:27 AM org.openqa.selenium.remote.ProtocolHandshake createSession
[MASTER] 14:22:27.581 [Thread-3] ERROR ExternalProcessHandler - Aug 14, 2020 6:22:27 AM org.openqa.selenium.remote.ProtocolHandshake createSession

INFO: Detected dialect: OSS
[MASTER] 14:22:27.582 [Thread-3] ERROR ExternalProcessHandler - INFO: Detected dialect: OSS

[MASTER] 14:22:49.459 [logback-2] ERROR TestCaseExecutor - TG: Exception caught: 
java.lang.IllegalStateException: Test generation failed: page object bug.
	at org.evosuite.testcase.execution.TestCaseExecutor.runTest(TestCaseExecutor.java:322) ~[evosuite-client-1.0.4-SNAPSHOT.jar:na]
	at org.evosuite.testcase.TestFitnessFunction.runTest(TestFitnessFunction.java:91) [evosuite-client-1.0.4-SNAPSHOT.jar:na]
	at org.evosuite.testcase.TestFitnessFunction.isCovered(TestFitnessFunction.java:166) [evosuite-client-1.0.4-SNAPSHOT.jar:na]
	at org.evosuite.testsuite.TestSuiteMinimizer.minimizeTests(TestSuiteMinimizer.java:287) [evosuite-client-1.0.4-SNAPSHOT.jar:na]
	at org.evosuite.testsuite.TestSuiteMinimizer.minimize(TestSuiteMinimizer.java:111) [evosuite-client-1.0.4-SNAPSHOT.jar:na]
	at org.evosuite.TestSuiteGenerator.postProcessTests(TestSuiteGenerator.java:422) [evosuite-client-1.0.4-SNAPSHOT.jar:na]
	at org.evosuite.TestSuiteGenerator.generateTestSuite(TestSuiteGenerator.java:215) [evosuite-client-1.0.4-SNAPSHOT.jar:na]
	at org.evosuite.rmi.service.ClientNodeImpl$1.run(ClientNodeImpl.java:145) [evosuite-client-1.0.4-SNAPSHOT.jar:na]
	at java.util.concurrent.Executors$RunnableAdapter.call(Executors.java:511) [na:1.8.0_265]
	at java.util.concurrent.FutureTask.run(FutureTask.java:266) [na:1.8.0_265]
	at java.util.concurrent.ThreadPoolExecutor.runWorker(ThreadPoolExecutor.java:1149) [na:1.8.0_265]
	at java.util.concurrent.ThreadPoolExecutor$Worker.run(ThreadPoolExecutor.java:624) [na:1.8.0_265]
	at java.lang.Thread.run(Thread.java:748) [na:1.8.0_265]
Aug 14, 2020 6:22:49 AM org.openqa.selenium.remote.ProtocolHandshake createSession
[MASTER] 14:22:49.647 [Thread-3] ERROR ExternalProcessHandler - Aug 14, 2020 6:22:49 AM org.openqa.selenium.remote.ProtocolHandshake createSession

INFO: Detected dialect: OSS
[MASTER] 14:22:49.647 [Thread-3] ERROR ExternalProcessHandler - INFO: Detected dialect: OSS

Aug 14, 2020 6:22:52 AM org.openqa.selenium.remote.ProtocolHandshake createSession
[MASTER] 14:22:52.334 [Thread-3] ERROR ExternalProcessHandler - Aug 14, 2020 6:22:52 AM org.openqa.selenium.remote.ProtocolHandshake createSession

INFO: Detected dialect: OSS
[MASTER] 14:22:52.334 [Thread-3] ERROR ExternalProcessHandler - INFO: Detected dialect: OSS

Aug 14, 2020 6:22:55 AM org.openqa.selenium.remote.ProtocolHandshake createSession
[MASTER] 14:22:55.629 [Thread-3] ERROR ExternalProcessHandler - Aug 14, 2020 6:22:55 AM org.openqa.selenium.remote.ProtocolHandshake createSession

INFO: Detected dialect: OSS
[MASTER] 14:22:55.629 [Thread-3] ERROR ExternalProcessHandler - INFO: Detected dialect: OSS

Aug 14, 2020 6:23:05 AM org.openqa.selenium.remote.ProtocolHandshake createSession
[MASTER] 14:23:05.229 [Thread-3] ERROR ExternalProcessHandler - Aug 14, 2020 6:23:05 AM org.openqa.selenium.remote.ProtocolHandshake createSession

INFO: Detected dialect: OSS
[MASTER] 14:23:05.229 [Thread-3] ERROR ExternalProcessHandler - INFO: Detected dialect: OSS

Aug 14, 2020 6:23:20 AM org.openqa.selenium.remote.ProtocolHandshake createSession
[MASTER] 14:23:20.894 [Thread-3] ERROR ExternalProcessHandler - Aug 14, 2020 6:23:20 AM org.openqa.selenium.remote.ProtocolHandshake createSession

INFO: Detected dialect: OSS
[MASTER] 14:23:20.894 [Thread-3] ERROR ExternalProcessHandler - INFO: Detected dialect: OSS

[MASTER] 14:23:42.673 [logback-2] ERROR TestCaseExecutor - TG: Exception caught: 
java.lang.IllegalStateException: Test generation failed: page object bug.
	at org.evosuite.testcase.execution.TestCaseExecutor.runTest(TestCaseExecutor.java:322) ~[evosuite-client-1.0.4-SNAPSHOT.jar:na]
	at org.evosuite.testcase.TestFitnessFunction.runTest(TestFitnessFunction.java:91) [evosuite-client-1.0.4-SNAPSHOT.jar:na]
	at org.evosuite.testcase.TestFitnessFunction.isCovered(TestFitnessFunction.java:166) [evosuite-client-1.0.4-SNAPSHOT.jar:na]
	at org.evosuite.testsuite.TestSuiteMinimizer.minimizeTests(TestSuiteMinimizer.java:287) [evosuite-client-1.0.4-SNAPSHOT.jar:na]
	at org.evosuite.testsuite.TestSuiteMinimizer.minimize(TestSuiteMinimizer.java:111) [evosuite-client-1.0.4-SNAPSHOT.jar:na]
	at org.evosuite.TestSuiteGenerator.postProcessTests(TestSuiteGenerator.java:422) [evosuite-client-1.0.4-SNAPSHOT.jar:na]
	at org.evosuite.TestSuiteGenerator.generateTestSuite(TestSuiteGenerator.java:215) [evosuite-client-1.0.4-SNAPSHOT.jar:na]
	at org.evosuite.rmi.service.ClientNodeImpl$1.run(ClientNodeImpl.java:145) [evosuite-client-1.0.4-SNAPSHOT.jar:na]
	at java.util.concurrent.Executors$RunnableAdapter.call(Executors.java:511) [na:1.8.0_265]
	at java.util.concurrent.FutureTask.run(FutureTask.java:266) [na:1.8.0_265]
	at java.util.concurrent.ThreadPoolExecutor.runWorker(ThreadPoolExecutor.java:1149) [na:1.8.0_265]
	at java.util.concurrent.ThreadPoolExecutor$Worker.run(ThreadPoolExecutor.java:624) [na:1.8.0_265]
	at java.lang.Thread.run(Thread.java:748) [na:1.8.0_265]
Aug 14, 2020 6:23:42 AM org.openqa.selenium.remote.ProtocolHandshake createSession
[MASTER] 14:23:42.858 [Thread-3] ERROR ExternalProcessHandler - Aug 14, 2020 6:23:42 AM org.openqa.selenium.remote.ProtocolHandshake createSession

INFO: Detected dialect: OSS
[MASTER] 14:23:42.858 [Thread-3] ERROR ExternalProcessHandler - INFO: Detected dialect: OSS

Aug 14, 2020 6:23:44 AM org.openqa.selenium.remote.ProtocolHandshake createSession
[MASTER] 14:23:44.030 [Thread-3] ERROR ExternalProcessHandler - Aug 14, 2020 6:23:44 AM org.openqa.selenium.remote.ProtocolHandshake createSession

INFO: Detected dialect: OSS
[MASTER] 14:23:44.030 [Thread-3] ERROR ExternalProcessHandler - INFO: Detected dialect: OSS

Aug 14, 2020 6:23:45 AM org.openqa.selenium.remote.ProtocolHandshake createSession
[MASTER] 14:23:45.406 [Thread-3] ERROR ExternalProcessHandler - Aug 14, 2020 6:23:45 AM org.openqa.selenium.remote.ProtocolHandshake createSession

INFO: Detected dialect: OSS
[MASTER] 14:23:45.406 [Thread-3] ERROR ExternalProcessHandler - INFO: Detected dialect: OSS

Aug 14, 2020 6:23:47 AM po_utils.PageObjectLogging logInfo
[MASTER] 14:23:47.654 [Thread-3] ERROR ExternalProcessHandler - Aug 14, 2020 6:23:47 AM po_utils.PageObjectLogging logInfo

INFO: waitForElementBeingPresentOnPage timeout exception: unable to locate the element By.xpath: //button[text()="Create a new session"]
[MASTER] 14:23:47.655 [Thread-3] ERROR ExternalProcessHandler - INFO: waitForElementBeingPresentOnPage timeout exception: unable to locate the element By.xpath: //button[text()="Create a new session"]


[MASTER] 14:23:47.655 [Thread-3] ERROR ExternalProcessHandler - 


[MASTER] 14:23:47.655 [Thread-3] ERROR ExternalProcessHandler - 

Aug 14, 2020 6:23:49 AM org.openqa.selenium.remote.ProtocolHandshake createSession
[MASTER] 14:23:49.238 [Thread-3] ERROR ExternalProcessHandler - Aug 14, 2020 6:23:49 AM org.openqa.selenium.remote.ProtocolHandshake createSession

INFO: Detected dialect: OSS
[MASTER] 14:23:49.238 [Thread-3] ERROR ExternalProcessHandler - INFO: Detected dialect: OSS

Aug 14, 2020 6:23:56 AM po_utils.PageObjectLogging logInfo
[MASTER] 14:23:56.423 [Thread-3] ERROR ExternalProcessHandler - Aug 14, 2020 6:23:56 AM po_utils.PageObjectLogging logInfo

INFO: waitForElementBeingPresentOnPage timeout exception: unable to locate the element By.xpath: //button[text()="Create a new session"]
[MASTER] 14:23:56.424 [Thread-3] ERROR ExternalProcessHandler - INFO: waitForElementBeingPresentOnPage timeout exception: unable to locate the element By.xpath: //button[text()="Create a new session"]


[MASTER] 14:23:56.424 [Thread-3] ERROR ExternalProcessHandler - 


[MASTER] 14:23:56.424 [Thread-3] ERROR ExternalProcessHandler - 

Aug 14, 2020 6:23:59 AM org.openqa.selenium.remote.ProtocolHandshake createSession
[MASTER] 14:23:59.532 [Thread-3] ERROR ExternalProcessHandler - Aug 14, 2020 6:23:59 AM org.openqa.selenium.remote.ProtocolHandshake createSession

INFO: Detected dialect: OSS
[MASTER] 14:23:59.532 [Thread-3] ERROR ExternalProcessHandler - INFO: Detected dialect: OSS

Aug 14, 2020 6:24:11 AM po_utils.PageObjectLogging logInfo
[MASTER] 14:24:11.599 [Thread-3] ERROR ExternalProcessHandler - Aug 14, 2020 6:24:11 AM po_utils.PageObjectLogging logInfo

INFO: waitForElementBeingPresentOnPage timeout exception: unable to locate the element By.xpath: //button[text()="Create a new session"]
[MASTER] 14:24:11.600 [Thread-3] ERROR ExternalProcessHandler - INFO: waitForElementBeingPresentOnPage timeout exception: unable to locate the element By.xpath: //button[text()="Create a new session"]


[MASTER] 14:24:11.600 [Thread-3] ERROR ExternalProcessHandler - 


[MASTER] 14:24:11.600 [Thread-3] ERROR ExternalProcessHandler - 

Aug 14, 2020 6:24:16 AM org.openqa.selenium.remote.ProtocolHandshake createSession
[MASTER] 14:24:16.135 [Thread-3] ERROR ExternalProcessHandler - Aug 14, 2020 6:24:16 AM org.openqa.selenium.remote.ProtocolHandshake createSession

INFO: Detected dialect: OSS
[MASTER] 14:24:16.136 [Thread-3] ERROR ExternalProcessHandler - INFO: Detected dialect: OSS

Aug 14, 2020 6:24:32 AM po_utils.PageObjectLogging logInfo
[MASTER] 14:24:32.902 [Thread-3] ERROR ExternalProcessHandler - Aug 14, 2020 6:24:32 AM po_utils.PageObjectLogging logInfo

INFO: waitForElementBeingPresentOnPage timeout exception: unable to locate the element By.xpath: //button[text()="Create a new session"]
[MASTER] 14:24:32.903 [Thread-3] ERROR ExternalProcessHandler - INFO: waitForElementBeingPresentOnPage timeout exception: unable to locate the element By.xpath: //button[text()="Create a new session"]


[MASTER] 14:24:32.903 [Thread-3] ERROR ExternalProcessHandler - 


[MASTER] 14:24:32.903 [Thread-3] ERROR ExternalProcessHandler - 

[MASTER] 14:24:38.881 [logback-2] ERROR TestCaseExecutor - TG: Exception caught: 
java.lang.IllegalStateException: Test generation failed: page object bug.
	at org.evosuite.testcase.execution.TestCaseExecutor.runTest(TestCaseExecutor.java:322) ~[evosuite-client-1.0.4-SNAPSHOT.jar:na]
	at org.evosuite.testcase.TestFitnessFunction.runTest(TestFitnessFunction.java:91) [evosuite-client-1.0.4-SNAPSHOT.jar:na]
	at org.evosuite.testcase.TestFitnessFunction.isCovered(TestFitnessFunction.java:166) [evosuite-client-1.0.4-SNAPSHOT.jar:na]
	at org.evosuite.testsuite.TestSuiteMinimizer.minimizeTests(TestSuiteMinimizer.java:287) [evosuite-client-1.0.4-SNAPSHOT.jar:na]
	at org.evosuite.testsuite.TestSuiteMinimizer.minimize(TestSuiteMinimizer.java:111) [evosuite-client-1.0.4-SNAPSHOT.jar:na]
	at org.evosuite.TestSuiteGenerator.postProcessTests(TestSuiteGenerator.java:422) [evosuite-client-1.0.4-SNAPSHOT.jar:na]
	at org.evosuite.TestSuiteGenerator.generateTestSuite(TestSuiteGenerator.java:215) [evosuite-client-1.0.4-SNAPSHOT.jar:na]
	at org.evosuite.rmi.service.ClientNodeImpl$1.run(ClientNodeImpl.java:145) [evosuite-client-1.0.4-SNAPSHOT.jar:na]
	at java.util.concurrent.Executors$RunnableAdapter.call(Executors.java:511) [na:1.8.0_265]
	at java.util.concurrent.FutureTask.run(FutureTask.java:266) [na:1.8.0_265]
	at java.util.concurrent.ThreadPoolExecutor.runWorker(ThreadPoolExecutor.java:1149) [na:1.8.0_265]
	at java.util.concurrent.ThreadPoolExecutor$Worker.run(ThreadPoolExecutor.java:624) [na:1.8.0_265]
	at java.lang.Thread.run(Thread.java:748) [na:1.8.0_265]
Aug 14, 2020 6:24:39 AM org.openqa.selenium.remote.ProtocolHandshake createSession
[MASTER] 14:24:39.034 [Thread-3] ERROR ExternalProcessHandler - Aug 14, 2020 6:24:39 AM org.openqa.selenium.remote.ProtocolHandshake createSession

INFO: Detected dialect: OSS
[MASTER] 14:24:39.034 [Thread-3] ERROR ExternalProcessHandler - INFO: Detected dialect: OSS

Aug 14, 2020 6:24:43 AM org.openqa.selenium.remote.ProtocolHandshake createSession
[MASTER] 14:24:43.195 [Thread-3] ERROR ExternalProcessHandler - Aug 14, 2020 6:24:43 AM org.openqa.selenium.remote.ProtocolHandshake createSession

INFO: Detected dialect: OSS
[MASTER] 14:24:43.195 [Thread-3] ERROR ExternalProcessHandler - INFO: Detected dialect: OSS

Aug 14, 2020 6:24:53 AM org.openqa.selenium.remote.ProtocolHandshake createSession
[MASTER] 14:24:53.837 [Thread-3] ERROR ExternalProcessHandler - Aug 14, 2020 6:24:53 AM org.openqa.selenium.remote.ProtocolHandshake createSession

INFO: Detected dialect: OSS
[MASTER] 14:24:53.837 [Thread-3] ERROR ExternalProcessHandler - INFO: Detected dialect: OSS

Aug 14, 2020 6:25:10 AM org.openqa.selenium.remote.ProtocolHandshake createSession
[MASTER] 14:25:10.774 [Thread-3] ERROR ExternalProcessHandler - Aug 14, 2020 6:25:10 AM org.openqa.selenium.remote.ProtocolHandshake createSession

INFO: Detected dialect: OSS
[MASTER] 14:25:10.774 [Thread-3] ERROR ExternalProcessHandler - INFO: Detected dialect: OSS

[MASTER] 14:25:34.104 [logback-2] ERROR TestCaseExecutor - TG: Exception caught: 
java.lang.IllegalStateException: Test generation failed: page object bug.
	at org.evosuite.testcase.execution.TestCaseExecutor.runTest(TestCaseExecutor.java:322) ~[evosuite-client-1.0.4-SNAPSHOT.jar:na]
	at org.evosuite.testcase.TestFitnessFunction.runTest(TestFitnessFunction.java:91) [evosuite-client-1.0.4-SNAPSHOT.jar:na]
	at org.evosuite.testcase.TestFitnessFunction.isCovered(TestFitnessFunction.java:166) [evosuite-client-1.0.4-SNAPSHOT.jar:na]
	at org.evosuite.testsuite.TestSuiteMinimizer.minimizeTests(TestSuiteMinimizer.java:287) [evosuite-client-1.0.4-SNAPSHOT.jar:na]
	at org.evosuite.testsuite.TestSuiteMinimizer.minimize(TestSuiteMinimizer.java:111) [evosuite-client-1.0.4-SNAPSHOT.jar:na]
	at org.evosuite.TestSuiteGenerator.postProcessTests(TestSuiteGenerator.java:422) [evosuite-client-1.0.4-SNAPSHOT.jar:na]
	at org.evosuite.TestSuiteGenerator.generateTestSuite(TestSuiteGenerator.java:215) [evosuite-client-1.0.4-SNAPSHOT.jar:na]
	at org.evosuite.rmi.service.ClientNodeImpl$1.run(ClientNodeImpl.java:145) [evosuite-client-1.0.4-SNAPSHOT.jar:na]
	at java.util.concurrent.Executors$RunnableAdapter.call(Executors.java:511) [na:1.8.0_265]
	at java.util.concurrent.FutureTask.run(FutureTask.java:266) [na:1.8.0_265]
	at java.util.concurrent.ThreadPoolExecutor.runWorker(ThreadPoolExecutor.java:1149) [na:1.8.0_265]
	at java.util.concurrent.ThreadPoolExecutor$Worker.run(ThreadPoolExecutor.java:624) [na:1.8.0_265]
	at java.lang.Thread.run(Thread.java:748) [na:1.8.0_265]
Aug 14, 2020 6:25:34 AM org.openqa.selenium.remote.ProtocolHandshake createSession
[MASTER] 14:25:34.298 [Thread-3] ERROR ExternalProcessHandler - Aug 14, 2020 6:25:34 AM org.openqa.selenium.remote.ProtocolHandshake createSession

INFO: Detected dialect: OSS
[MASTER] 14:25:34.298 [Thread-3] ERROR ExternalProcessHandler - INFO: Detected dialect: OSS

Aug 14, 2020 6:25:38 AM org.openqa.selenium.remote.ProtocolHandshake createSession
[MASTER] 14:25:38.081 [Thread-3] ERROR ExternalProcessHandler - Aug 14, 2020 6:25:38 AM org.openqa.selenium.remote.ProtocolHandshake createSession

INFO: Detected dialect: OSS
[MASTER] 14:25:38.081 [Thread-3] ERROR ExternalProcessHandler - INFO: Detected dialect: OSS

Aug 14, 2020 6:25:41 AM org.openqa.selenium.remote.ProtocolHandshake createSession
[MASTER] 14:25:41.050 [Thread-3] ERROR ExternalProcessHandler - Aug 14, 2020 6:25:41 AM org.openqa.selenium.remote.ProtocolHandshake createSession

INFO: Detected dialect: OSS
[MASTER] 14:25:41.050 [Thread-3] ERROR ExternalProcessHandler - INFO: Detected dialect: OSS

Aug 14, 2020 6:25:43 AM org.openqa.selenium.remote.ProtocolHandshake createSession
[MASTER] 14:25:43.710 [Thread-3] ERROR ExternalProcessHandler - Aug 14, 2020 6:25:43 AM org.openqa.selenium.remote.ProtocolHandshake createSession

INFO: Detected dialect: OSS
[MASTER] 14:25:43.710 [Thread-3] ERROR ExternalProcessHandler - INFO: Detected dialect: OSS

Aug 14, 2020 6:25:45 AM po_utils.PageObjectLogging logInfo
[MASTER] 14:25:45.676 [Thread-3] ERROR ExternalProcessHandler - Aug 14, 2020 6:25:45 AM po_utils.PageObjectLogging logInfo

INFO: waitForElementBeingPresentOnPage timeout exception: unable to locate the element By.xpath: //button[text()="Create a new session"]
[MASTER] 14:25:45.677 [Thread-3] ERROR ExternalProcessHandler - INFO: waitForElementBeingPresentOnPage timeout exception: unable to locate the element By.xpath: //button[text()="Create a new session"]


[MASTER] 14:25:45.677 [Thread-3] ERROR ExternalProcessHandler - 


[MASTER] 14:25:45.677 [Thread-3] ERROR ExternalProcessHandler - 

Aug 14, 2020 6:25:47 AM org.openqa.selenium.remote.ProtocolHandshake createSession
[MASTER] 14:25:47.057 [Thread-3] ERROR ExternalProcessHandler - Aug 14, 2020 6:25:47 AM org.openqa.selenium.remote.ProtocolHandshake createSession

INFO: Detected dialect: OSS
[MASTER] 14:25:47.057 [Thread-3] ERROR ExternalProcessHandler - INFO: Detected dialect: OSS

Aug 14, 2020 6:25:49 AM po_utils.PageObjectLogging logInfo
[MASTER] 14:25:49.133 [Thread-3] ERROR ExternalProcessHandler - Aug 14, 2020 6:25:49 AM po_utils.PageObjectLogging logInfo

INFO: waitForElementBeingPresentOnPage timeout exception: unable to locate the element By.xpath: //button[text()="Create a new session"]
[MASTER] 14:25:49.134 [Thread-3] ERROR ExternalProcessHandler - INFO: waitForElementBeingPresentOnPage timeout exception: unable to locate the element By.xpath: //button[text()="Create a new session"]


[MASTER] 14:25:49.134 [Thread-3] ERROR ExternalProcessHandler - 


[MASTER] 14:25:49.134 [Thread-3] ERROR ExternalProcessHandler - 

Aug 14, 2020 6:25:50 AM org.openqa.selenium.remote.ProtocolHandshake createSession
[MASTER] 14:25:50.499 [Thread-3] ERROR ExternalProcessHandler - Aug 14, 2020 6:25:50 AM org.openqa.selenium.remote.ProtocolHandshake createSession

INFO: Detected dialect: OSS
[MASTER] 14:25:50.500 [Thread-3] ERROR ExternalProcessHandler - INFO: Detected dialect: OSS

Aug 14, 2020 6:25:53 AM org.openqa.selenium.remote.ProtocolHandshake createSession
[MASTER] 14:25:53.077 [Thread-3] ERROR ExternalProcessHandler - Aug 14, 2020 6:25:53 AM org.openqa.selenium.remote.ProtocolHandshake createSession

INFO: Detected dialect: OSS
[MASTER] 14:25:53.077 [Thread-3] ERROR ExternalProcessHandler - INFO: Detected dialect: OSS

Aug 14, 2020 6:25:55 AM org.openqa.selenium.remote.ProtocolHandshake createSession
[MASTER] 14:25:55.973 [Thread-3] ERROR ExternalProcessHandler - Aug 14, 2020 6:25:55 AM org.openqa.selenium.remote.ProtocolHandshake createSession

INFO: Detected dialect: OSS
[MASTER] 14:25:55.974 [Thread-3] ERROR ExternalProcessHandler - INFO: Detected dialect: OSS

