SLF4J: Class path contains multiple SLF4J bindings.
SLF4J: Found binding in [jar:file:/home/yw/.m2/repository/ch/qos/logback/logback-classic/1.1.3/logback-classic-1.1.3.jar!/org/slf4j/impl/StaticLoggerBinder.class]
SLF4J: Found binding in [jar:file:/home/yw/.m2/repository/org/evosuite/evosuite-master/1.0.4-SNAPSHOT/evosuite-master-1.0.4-SNAPSHOT.jar!/org/slf4j/impl/StaticLoggerBinder.class]
SLF4J: See http://www.slf4j.org/codes.html#multiple_bindings for an explanation.
SLF4J: Actual binding is of type [ch.qos.logback.classic.util.ContextSelectorStaticBinder]
SLF4J: Class path contains multiple SLF4J bindings.
[MASTER] 12:37:55.816 [Thread-3] ERROR ExternalProcessHandler - SLF4J: Class path contains multiple SLF4J bindings.

SLF4J: Found binding in [jar:file:/home/yw/.m2/repository/ch/qos/logback/logback-classic/1.1.3/logback-classic-1.1.3.jar!/org/slf4j/impl/StaticLoggerBinder.class]
[MASTER] 12:37:55.819 [Thread-3] ERROR ExternalProcessHandler - SLF4J: Found binding in [jar:file:/home/yw/.m2/repository/ch/qos/logback/logback-classic/1.1.3/logback-classic-1.1.3.jar!/org/slf4j/impl/StaticLoggerBinder.class]

SLF4J: Found binding in [jar:file:/home/yw/.m2/repository/org/evosuite/evosuite-master/1.0.4-SNAPSHOT/evosuite-master-1.0.4-SNAPSHOT.jar!/org/slf4j/impl/StaticLoggerBinder.class]
[MASTER] 12:37:55.823 [Thread-3] ERROR ExternalProcessHandler - SLF4J: Found binding in [jar:file:/home/yw/.m2/repository/org/evosuite/evosuite-master/1.0.4-SNAPSHOT/evosuite-master-1.0.4-SNAPSHOT.jar!/org/slf4j/impl/StaticLoggerBinder.class]

SLF4J: See http://www.slf4j.org/codes.html#multiple_bindings for an explanation.
[MASTER] 12:37:55.824 [Thread-3] ERROR ExternalProcessHandler - SLF4J: See http://www.slf4j.org/codes.html#multiple_bindings for an explanation.

SLF4J: Actual binding is of type [ch.qos.logback.classic.util.ContextSelectorStaticBinder]
[MASTER] 12:37:55.993 [Thread-3] ERROR ExternalProcessHandler - SLF4J: Actual binding is of type [ch.qos.logback.classic.util.ContextSelectorStaticBinder]

Aug 14, 2020 4:37:58 AM org.openqa.selenium.remote.ProtocolHandshake createSession
[MASTER] 12:37:58.988 [Thread-3] ERROR ExternalProcessHandler - Aug 14, 2020 4:37:58 AM org.openqa.selenium.remote.ProtocolHandshake createSession

INFO: Detected dialect: OSS
[MASTER] 12:37:58.988 [Thread-3] ERROR ExternalProcessHandler - INFO: Detected dialect: OSS

Exception in thread "Thread-3" java.lang.ClassCastException: org.evosuite.testcase.TestChromosome cannot be cast to org.evosuite.testsuite.TestSuiteChromosome
[MASTER] 12:38:00.103 [Thread-3] ERROR ExternalProcessHandler - Exception in thread "Thread-3" java.lang.ClassCastException: org.evosuite.testcase.TestChromosome cannot be cast to org.evosuite.testsuite.TestSuiteChromosome

	at org.evosuite.statistics.SearchStatistics.currentIndividual(SearchStatistics.java:181)
[MASTER] 12:38:00.103 [Thread-3] ERROR ExternalProcessHandler - 	at org.evosuite.statistics.SearchStatistics.currentIndividual(SearchStatistics.java:181)

	at org.evosuite.rmi.service.MasterNodeImpl.evosuite_collectStatistics(MasterNodeImpl.java:166)
[MASTER] 12:38:00.104 [Thread-3] ERROR ExternalProcessHandler - 	at org.evosuite.rmi.service.MasterNodeImpl.evosuite_collectStatistics(MasterNodeImpl.java:166)

	at sun.reflect.NativeMethodAccessorImpl.invoke0(Native Method)
[MASTER] 12:38:00.104 [Thread-3] ERROR ExternalProcessHandler - 	at sun.reflect.NativeMethodAccessorImpl.invoke0(Native Method)

	at sun.reflect.NativeMethodAccessorImpl.invoke(NativeMethodAccessorImpl.java:62)
[MASTER] 12:38:00.104 [Thread-3] ERROR ExternalProcessHandler - 	at sun.reflect.NativeMethodAccessorImpl.invoke(NativeMethodAccessorImpl.java:62)

	at sun.reflect.DelegatingMethodAccessorImpl.invoke(DelegatingMethodAccessorImpl.java:43)
[MASTER] 12:38:00.105 [Thread-3] ERROR ExternalProcessHandler - 	at sun.reflect.DelegatingMethodAccessorImpl.invoke(DelegatingMethodAccessorImpl.java:43)

	at java.lang.reflect.Method.invoke(Method.java:498)
[MASTER] 12:38:00.105 [Thread-3] ERROR ExternalProcessHandler - 	at java.lang.reflect.Method.invoke(Method.java:498)

	at sun.rmi.server.UnicastServerRef.dispatch(UnicastServerRef.java:357)
[MASTER] 12:38:00.105 [Thread-3] ERROR ExternalProcessHandler - 	at sun.rmi.server.UnicastServerRef.dispatch(UnicastServerRef.java:357)

	at sun.rmi.transport.Transport$1.run(Transport.java:200)
[MASTER] 12:38:00.105 [Thread-3] ERROR ExternalProcessHandler - 	at sun.rmi.transport.Transport$1.run(Transport.java:200)

	at sun.rmi.transport.Transport$1.run(Transport.java:197)
[MASTER] 12:38:00.105 [Thread-3] ERROR ExternalProcessHandler - 	at sun.rmi.transport.Transport$1.run(Transport.java:197)

	at java.security.AccessController.doPrivileged(Native Method)
[MASTER] 12:38:00.106 [Thread-3] ERROR ExternalProcessHandler - 	at java.security.AccessController.doPrivileged(Native Method)

	at sun.rmi.transport.Transport.serviceCall(Transport.java:196)
[MASTER] 12:38:00.106 [Thread-3] ERROR ExternalProcessHandler - 	at sun.rmi.transport.Transport.serviceCall(Transport.java:196)

	at sun.rmi.transport.tcp.TCPTransport.handleMessages(TCPTransport.java:573)
[MASTER] 12:38:00.106 [Thread-3] ERROR ExternalProcessHandler - 	at sun.rmi.transport.tcp.TCPTransport.handleMessages(TCPTransport.java:573)

	at sun.rmi.transport.tcp.TCPTransport$ConnectionHandler.run0(TCPTransport.java:834)
[MASTER] 12:38:00.106 [Thread-3] ERROR ExternalProcessHandler - 	at sun.rmi.transport.tcp.TCPTransport$ConnectionHandler.run0(TCPTransport.java:834)

	at sun.rmi.transport.tcp.TCPTransport$ConnectionHandler.lambda$run$0(TCPTransport.java:688)
[MASTER] 12:38:00.107 [Thread-3] ERROR ExternalProcessHandler - 	at sun.rmi.transport.tcp.TCPTransport$ConnectionHandler.lambda$run$0(TCPTransport.java:688)

	at java.security.AccessController.doPrivileged(Native Method)
[MASTER] 12:38:00.107 [Thread-3] ERROR ExternalProcessHandler - 	at java.security.AccessController.doPrivileged(Native Method)

	at sun.rmi.transport.tcp.TCPTransport$ConnectionHandler.run(TCPTransport.java:687)
[MASTER] 12:38:00.107 [Thread-3] ERROR ExternalProcessHandler - 	at sun.rmi.transport.tcp.TCPTransport$ConnectionHandler.run(TCPTransport.java:687)

	at java.util.concurrent.ThreadPoolExecutor.runWorker(ThreadPoolExecutor.java:1149)
[MASTER] 12:38:00.108 [Thread-3] ERROR ExternalProcessHandler - 	at java.util.concurrent.ThreadPoolExecutor.runWorker(ThreadPoolExecutor.java:1149)

	at java.util.concurrent.ThreadPoolExecutor$Worker.run(ThreadPoolExecutor.java:624)
[MASTER] 12:38:00.108 [Thread-3] ERROR ExternalProcessHandler - 	at java.util.concurrent.ThreadPoolExecutor$Worker.run(ThreadPoolExecutor.java:624)

	at java.lang.Thread.run(Thread.java:748)
[MASTER] 12:38:00.108 [Thread-3] ERROR ExternalProcessHandler - 	at java.lang.Thread.run(Thread.java:748)

	at sun.rmi.transport.StreamRemoteCall.exceptionReceivedFromServer(StreamRemoteCall.java:303)
[MASTER] 12:38:00.108 [Thread-3] ERROR ExternalProcessHandler - 	at sun.rmi.transport.StreamRemoteCall.exceptionReceivedFromServer(StreamRemoteCall.java:303)

	at sun.rmi.transport.StreamRemoteCall.executeCall(StreamRemoteCall.java:279)
[MASTER] 12:38:00.109 [Thread-3] ERROR ExternalProcessHandler - 	at sun.rmi.transport.StreamRemoteCall.executeCall(StreamRemoteCall.java:279)

	at sun.rmi.server.UnicastRef.invoke(UnicastRef.java:164)
[MASTER] 12:38:00.109 [Thread-3] ERROR ExternalProcessHandler - 	at sun.rmi.server.UnicastRef.invoke(UnicastRef.java:164)

	at java.rmi.server.RemoteObjectInvocationHandler.invokeRemoteMethod(RemoteObjectInvocationHandler.java:235)
[MASTER] 12:38:00.109 [Thread-3] ERROR ExternalProcessHandler - 	at java.rmi.server.RemoteObjectInvocationHandler.invokeRemoteMethod(RemoteObjectInvocationHandler.java:235)

	at java.rmi.server.RemoteObjectInvocationHandler.invoke(RemoteObjectInvocationHandler.java:180)
[MASTER] 12:38:00.110 [Thread-3] ERROR ExternalProcessHandler - 	at java.rmi.server.RemoteObjectInvocationHandler.invoke(RemoteObjectInvocationHandler.java:180)

	at com.sun.proxy.$Proxy7.evosuite_collectStatistics(Unknown Source)
[MASTER] 12:38:00.110 [Thread-3] ERROR ExternalProcessHandler - 	at com.sun.proxy.$Proxy7.evosuite_collectStatistics(Unknown Source)

	at org.evosuite.rmi.service.ClientNodeImpl.updateStatistics(ClientNodeImpl.java:237)
[MASTER] 12:38:00.110 [Thread-3] ERROR ExternalProcessHandler - 	at org.evosuite.rmi.service.ClientNodeImpl.updateStatistics(ClientNodeImpl.java:237)

	at org.evosuite.statistics.StatisticsSender.sendIndividualToMaster(StatisticsSender.java:75)
[MASTER] 12:38:00.110 [Thread-3] ERROR ExternalProcessHandler - 	at org.evosuite.statistics.StatisticsSender.sendIndividualToMaster(StatisticsSender.java:75)

	at org.evosuite.statistics.StatisticsListener$1.run(StatisticsListener.java:71)
[MASTER] 12:38:00.111 [Thread-3] ERROR ExternalProcessHandler - 	at org.evosuite.statistics.StatisticsListener$1.run(StatisticsListener.java:71)

Aug 14, 2020 4:38:00 AM org.openqa.selenium.remote.ProtocolHandshake createSession
[MASTER] 12:38:00.135 [Thread-3] ERROR ExternalProcessHandler - Aug 14, 2020 4:38:00 AM org.openqa.selenium.remote.ProtocolHandshake createSession

INFO: Detected dialect: OSS
[MASTER] 12:38:00.135 [Thread-3] ERROR ExternalProcessHandler - INFO: Detected dialect: OSS

Aug 14, 2020 4:38:02 AM org.openqa.selenium.remote.ProtocolHandshake createSession
[MASTER] 12:38:02.409 [Thread-3] ERROR ExternalProcessHandler - Aug 14, 2020 4:38:02 AM org.openqa.selenium.remote.ProtocolHandshake createSession

INFO: Detected dialect: OSS
[MASTER] 12:38:02.409 [Thread-3] ERROR ExternalProcessHandler - INFO: Detected dialect: OSS

Aug 14, 2020 4:38:04 AM org.openqa.selenium.remote.ProtocolHandshake createSession
[MASTER] 12:38:04.620 [Thread-3] ERROR ExternalProcessHandler - Aug 14, 2020 4:38:04 AM org.openqa.selenium.remote.ProtocolHandshake createSession

INFO: Detected dialect: OSS
[MASTER] 12:38:04.620 [Thread-3] ERROR ExternalProcessHandler - INFO: Detected dialect: OSS

Aug 14, 2020 4:38:06 AM org.openqa.selenium.remote.ProtocolHandshake createSession
[MASTER] 12:38:06.346 [Thread-3] ERROR ExternalProcessHandler - Aug 14, 2020 4:38:06 AM org.openqa.selenium.remote.ProtocolHandshake createSession

INFO: Detected dialect: OSS
[MASTER] 12:38:06.346 [Thread-3] ERROR ExternalProcessHandler - INFO: Detected dialect: OSS

Aug 14, 2020 4:38:07 AM org.openqa.selenium.remote.ProtocolHandshake createSession
[MASTER] 12:38:07.530 [Thread-3] ERROR ExternalProcessHandler - Aug 14, 2020 4:38:07 AM org.openqa.selenium.remote.ProtocolHandshake createSession

INFO: Detected dialect: OSS
[MASTER] 12:38:07.530 [Thread-3] ERROR ExternalProcessHandler - INFO: Detected dialect: OSS

Aug 14, 2020 4:38:15 AM org.openqa.selenium.remote.ProtocolHandshake createSession
[MASTER] 12:38:15.570 [Thread-3] ERROR ExternalProcessHandler - Aug 14, 2020 4:38:15 AM org.openqa.selenium.remote.ProtocolHandshake createSession

INFO: Detected dialect: OSS
[MASTER] 12:38:15.571 [Thread-3] ERROR ExternalProcessHandler - INFO: Detected dialect: OSS

Aug 14, 2020 4:38:30 AM org.openqa.selenium.remote.ProtocolHandshake createSession
[MASTER] 12:38:30.190 [Thread-3] ERROR ExternalProcessHandler - Aug 14, 2020 4:38:30 AM org.openqa.selenium.remote.ProtocolHandshake createSession

INFO: Detected dialect: OSS
[MASTER] 12:38:30.191 [Thread-3] ERROR ExternalProcessHandler - INFO: Detected dialect: OSS

Aug 14, 2020 4:38:50 AM org.openqa.selenium.remote.ProtocolHandshake createSession
[MASTER] 12:38:50.858 [Thread-3] ERROR ExternalProcessHandler - Aug 14, 2020 4:38:50 AM org.openqa.selenium.remote.ProtocolHandshake createSession

INFO: Detected dialect: OSS
[MASTER] 12:38:50.858 [Thread-3] ERROR ExternalProcessHandler - INFO: Detected dialect: OSS

[MASTER] 12:39:17.771 [logback-2] ERROR TestCaseExecutor - TG: Exception caught: 
java.lang.IllegalStateException: Test generation failed: page object bug.
	at org.evosuite.testcase.execution.TestCaseExecutor.runTest(TestCaseExecutor.java:322) ~[evosuite-client-1.0.4-SNAPSHOT.jar:na]
	at org.evosuite.testcase.TestFitnessFunction.runTest(TestFitnessFunction.java:91) [evosuite-client-1.0.4-SNAPSHOT.jar:na]
	at org.evosuite.testcase.TestFitnessFunction.getFitness(TestFitnessFunction.java:60) [evosuite-client-1.0.4-SNAPSHOT.jar:na]
	at org.evosuite.testcase.TestFitnessFunction.getFitness(TestFitnessFunction.java:34) [evosuite-client-1.0.4-SNAPSHOT.jar:na]
	at org.evosuite.ga.metaheuristics.art.AdaptiveRandomSearch.calculateFitness(AdaptiveRandomSearch.java:312) [evosuite-client-1.0.4-SNAPSHOT.jar:na]
	at org.evosuite.ga.metaheuristics.art.AdaptiveRandomSearch.evolve(AdaptiveRandomSearch.java:139) [evosuite-client-1.0.4-SNAPSHOT.jar:na]
	at org.evosuite.ga.metaheuristics.art.AdaptiveRandomSearch.generateSolution(AdaptiveRandomSearch.java:270) [evosuite-client-1.0.4-SNAPSHOT.jar:na]
	at org.evosuite.strategy.AdaptiveRandomTestStrategy.generateTests(AdaptiveRandomTestStrategy.java:118) [evosuite-client-1.0.4-SNAPSHOT.jar:na]
	at org.evosuite.TestSuiteGenerator.generateTests(TestSuiteGenerator.java:654) [evosuite-client-1.0.4-SNAPSHOT.jar:na]
	at org.evosuite.TestSuiteGenerator.generateTestSuite(TestSuiteGenerator.java:213) [evosuite-client-1.0.4-SNAPSHOT.jar:na]
	at org.evosuite.rmi.service.ClientNodeImpl$1.run(ClientNodeImpl.java:145) [evosuite-client-1.0.4-SNAPSHOT.jar:na]
	at java.util.concurrent.Executors$RunnableAdapter.call(Executors.java:511) [na:1.8.0_265]
	at java.util.concurrent.FutureTask.run(FutureTask.java:266) [na:1.8.0_265]
	at java.util.concurrent.ThreadPoolExecutor.runWorker(ThreadPoolExecutor.java:1149) [na:1.8.0_265]
	at java.util.concurrent.ThreadPoolExecutor$Worker.run(ThreadPoolExecutor.java:624) [na:1.8.0_265]
	at java.lang.Thread.run(Thread.java:748) [na:1.8.0_265]
Aug 14, 2020 4:39:17 AM org.openqa.selenium.remote.ProtocolHandshake createSession
[MASTER] 12:39:17.959 [Thread-3] ERROR ExternalProcessHandler - Aug 14, 2020 4:39:17 AM org.openqa.selenium.remote.ProtocolHandshake createSession

INFO: Detected dialect: OSS
[MASTER] 12:39:17.959 [Thread-3] ERROR ExternalProcessHandler - INFO: Detected dialect: OSS

Aug 14, 2020 4:39:20 AM org.openqa.selenium.remote.ProtocolHandshake createSession
[MASTER] 12:39:20.584 [Thread-3] ERROR ExternalProcessHandler - Aug 14, 2020 4:39:20 AM org.openqa.selenium.remote.ProtocolHandshake createSession

INFO: Detected dialect: OSS
[MASTER] 12:39:20.584 [Thread-3] ERROR ExternalProcessHandler - INFO: Detected dialect: OSS

Aug 14, 2020 4:39:29 AM org.openqa.selenium.remote.ProtocolHandshake createSession
[MASTER] 12:39:29.033 [Thread-3] ERROR ExternalProcessHandler - Aug 14, 2020 4:39:29 AM org.openqa.selenium.remote.ProtocolHandshake createSession

INFO: Detected dialect: OSS
[MASTER] 12:39:29.033 [Thread-3] ERROR ExternalProcessHandler - INFO: Detected dialect: OSS

Aug 14, 2020 4:39:43 AM org.openqa.selenium.remote.ProtocolHandshake createSession
[MASTER] 12:39:43.144 [Thread-3] ERROR ExternalProcessHandler - Aug 14, 2020 4:39:43 AM org.openqa.selenium.remote.ProtocolHandshake createSession

INFO: Detected dialect: OSS
[MASTER] 12:39:43.144 [Thread-3] ERROR ExternalProcessHandler - INFO: Detected dialect: OSS

[MASTER] 12:40:02.869 [logback-2] ERROR TestCaseExecutor - TG: Exception caught: 
java.lang.IllegalStateException: Test generation failed: page object bug.
	at org.evosuite.testcase.execution.TestCaseExecutor.runTest(TestCaseExecutor.java:322) ~[evosuite-client-1.0.4-SNAPSHOT.jar:na]
	at org.evosuite.testcase.TestFitnessFunction.runTest(TestFitnessFunction.java:91) [evosuite-client-1.0.4-SNAPSHOT.jar:na]
	at org.evosuite.testcase.TestFitnessFunction.getFitness(TestFitnessFunction.java:60) [evosuite-client-1.0.4-SNAPSHOT.jar:na]
	at org.evosuite.testcase.TestFitnessFunction.getFitness(TestFitnessFunction.java:34) [evosuite-client-1.0.4-SNAPSHOT.jar:na]
	at org.evosuite.ga.metaheuristics.art.AdaptiveRandomSearch.calculateFitness(AdaptiveRandomSearch.java:312) [evosuite-client-1.0.4-SNAPSHOT.jar:na]
	at org.evosuite.ga.metaheuristics.art.AdaptiveRandomSearch.evolve(AdaptiveRandomSearch.java:139) [evosuite-client-1.0.4-SNAPSHOT.jar:na]
	at org.evosuite.ga.metaheuristics.art.AdaptiveRandomSearch.generateSolution(AdaptiveRandomSearch.java:270) [evosuite-client-1.0.4-SNAPSHOT.jar:na]
	at org.evosuite.strategy.AdaptiveRandomTestStrategy.generateTests(AdaptiveRandomTestStrategy.java:118) [evosuite-client-1.0.4-SNAPSHOT.jar:na]
	at org.evosuite.TestSuiteGenerator.generateTests(TestSuiteGenerator.java:654) [evosuite-client-1.0.4-SNAPSHOT.jar:na]
	at org.evosuite.TestSuiteGenerator.generateTestSuite(TestSuiteGenerator.java:213) [evosuite-client-1.0.4-SNAPSHOT.jar:na]
	at org.evosuite.rmi.service.ClientNodeImpl$1.run(ClientNodeImpl.java:145) [evosuite-client-1.0.4-SNAPSHOT.jar:na]
	at java.util.concurrent.Executors$RunnableAdapter.call(Executors.java:511) [na:1.8.0_265]
	at java.util.concurrent.FutureTask.run(FutureTask.java:266) [na:1.8.0_265]
	at java.util.concurrent.ThreadPoolExecutor.runWorker(ThreadPoolExecutor.java:1149) [na:1.8.0_265]
	at java.util.concurrent.ThreadPoolExecutor$Worker.run(ThreadPoolExecutor.java:624) [na:1.8.0_265]
	at java.lang.Thread.run(Thread.java:748) [na:1.8.0_265]
Aug 14, 2020 4:40:03 AM org.openqa.selenium.remote.ProtocolHandshake createSession
[MASTER] 12:40:03.039 [Thread-3] ERROR ExternalProcessHandler - Aug 14, 2020 4:40:03 AM org.openqa.selenium.remote.ProtocolHandshake createSession

INFO: Detected dialect: OSS
[MASTER] 12:40:03.039 [Thread-3] ERROR ExternalProcessHandler - INFO: Detected dialect: OSS

Aug 14, 2020 4:40:07 AM org.openqa.selenium.remote.ProtocolHandshake createSession
[MASTER] 12:40:07.180 [Thread-3] ERROR ExternalProcessHandler - Aug 14, 2020 4:40:07 AM org.openqa.selenium.remote.ProtocolHandshake createSession

INFO: Detected dialect: OSS
[MASTER] 12:40:07.181 [Thread-3] ERROR ExternalProcessHandler - INFO: Detected dialect: OSS

Aug 14, 2020 4:40:17 AM org.openqa.selenium.remote.ProtocolHandshake createSession
[MASTER] 12:40:17.488 [Thread-3] ERROR ExternalProcessHandler - Aug 14, 2020 4:40:17 AM org.openqa.selenium.remote.ProtocolHandshake createSession

INFO: Detected dialect: OSS
[MASTER] 12:40:17.488 [Thread-3] ERROR ExternalProcessHandler - INFO: Detected dialect: OSS

Aug 14, 2020 4:40:33 AM org.openqa.selenium.remote.ProtocolHandshake createSession
[MASTER] 12:40:33.749 [Thread-3] ERROR ExternalProcessHandler - Aug 14, 2020 4:40:33 AM org.openqa.selenium.remote.ProtocolHandshake createSession

INFO: Detected dialect: OSS
[MASTER] 12:40:33.749 [Thread-3] ERROR ExternalProcessHandler - INFO: Detected dialect: OSS

[MASTER] 12:40:55.854 [logback-2] ERROR TestCaseExecutor - TG: Exception caught: 
java.lang.IllegalStateException: Test generation failed: page object bug.
	at org.evosuite.testcase.execution.TestCaseExecutor.runTest(TestCaseExecutor.java:322) ~[evosuite-client-1.0.4-SNAPSHOT.jar:na]
	at org.evosuite.testcase.TestFitnessFunction.runTest(TestFitnessFunction.java:91) [evosuite-client-1.0.4-SNAPSHOT.jar:na]
	at org.evosuite.testcase.TestFitnessFunction.getFitness(TestFitnessFunction.java:60) [evosuite-client-1.0.4-SNAPSHOT.jar:na]
	at org.evosuite.testcase.TestFitnessFunction.getFitness(TestFitnessFunction.java:34) [evosuite-client-1.0.4-SNAPSHOT.jar:na]
	at org.evosuite.ga.metaheuristics.art.AdaptiveRandomSearch.calculateFitness(AdaptiveRandomSearch.java:312) [evosuite-client-1.0.4-SNAPSHOT.jar:na]
	at org.evosuite.ga.metaheuristics.art.AdaptiveRandomSearch.evolve(AdaptiveRandomSearch.java:139) [evosuite-client-1.0.4-SNAPSHOT.jar:na]
	at org.evosuite.ga.metaheuristics.art.AdaptiveRandomSearch.generateSolution(AdaptiveRandomSearch.java:270) [evosuite-client-1.0.4-SNAPSHOT.jar:na]
	at org.evosuite.strategy.AdaptiveRandomTestStrategy.generateTests(AdaptiveRandomTestStrategy.java:118) [evosuite-client-1.0.4-SNAPSHOT.jar:na]
	at org.evosuite.TestSuiteGenerator.generateTests(TestSuiteGenerator.java:654) [evosuite-client-1.0.4-SNAPSHOT.jar:na]
	at org.evosuite.TestSuiteGenerator.generateTestSuite(TestSuiteGenerator.java:213) [evosuite-client-1.0.4-SNAPSHOT.jar:na]
	at org.evosuite.rmi.service.ClientNodeImpl$1.run(ClientNodeImpl.java:145) [evosuite-client-1.0.4-SNAPSHOT.jar:na]
	at java.util.concurrent.Executors$RunnableAdapter.call(Executors.java:511) [na:1.8.0_265]
	at java.util.concurrent.FutureTask.run(FutureTask.java:266) [na:1.8.0_265]
	at java.util.concurrent.ThreadPoolExecutor.runWorker(ThreadPoolExecutor.java:1149) [na:1.8.0_265]
	at java.util.concurrent.ThreadPoolExecutor$Worker.run(ThreadPoolExecutor.java:624) [na:1.8.0_265]
	at java.lang.Thread.run(Thread.java:748) [na:1.8.0_265]
Aug 14, 2020 4:40:56 AM org.openqa.selenium.remote.ProtocolHandshake createSession
[MASTER] 12:40:56.042 [Thread-3] ERROR ExternalProcessHandler - Aug 14, 2020 4:40:56 AM org.openqa.selenium.remote.ProtocolHandshake createSession

INFO: Detected dialect: OSS
[MASTER] 12:40:56.042 [Thread-3] ERROR ExternalProcessHandler - INFO: Detected dialect: OSS

Aug 14, 2020 4:41:01 AM org.openqa.selenium.remote.ProtocolHandshake createSession
[MASTER] 12:41:01.192 [Thread-3] ERROR ExternalProcessHandler - Aug 14, 2020 4:41:01 AM org.openqa.selenium.remote.ProtocolHandshake createSession

INFO: Detected dialect: OSS
[MASTER] 12:41:01.192 [Thread-3] ERROR ExternalProcessHandler - INFO: Detected dialect: OSS

Aug 14, 2020 4:41:12 AM org.openqa.selenium.remote.ProtocolHandshake createSession
[MASTER] 12:41:12.297 [Thread-3] ERROR ExternalProcessHandler - Aug 14, 2020 4:41:12 AM org.openqa.selenium.remote.ProtocolHandshake createSession

INFO: Detected dialect: OSS
[MASTER] 12:41:12.297 [Thread-3] ERROR ExternalProcessHandler - INFO: Detected dialect: OSS

Aug 14, 2020 4:41:29 AM org.openqa.selenium.remote.ProtocolHandshake createSession
[MASTER] 12:41:29.263 [Thread-3] ERROR ExternalProcessHandler - Aug 14, 2020 4:41:29 AM org.openqa.selenium.remote.ProtocolHandshake createSession

INFO: Detected dialect: OSS
[MASTER] 12:41:29.263 [Thread-3] ERROR ExternalProcessHandler - INFO: Detected dialect: OSS

[MASTER] 12:41:52.017 [logback-2] ERROR TestCaseExecutor - TG: Exception caught: 
java.lang.IllegalStateException: Test generation failed: page object bug.
	at org.evosuite.testcase.execution.TestCaseExecutor.runTest(TestCaseExecutor.java:322) ~[evosuite-client-1.0.4-SNAPSHOT.jar:na]
	at org.evosuite.testcase.TestFitnessFunction.runTest(TestFitnessFunction.java:91) [evosuite-client-1.0.4-SNAPSHOT.jar:na]
	at org.evosuite.testcase.TestFitnessFunction.getFitness(TestFitnessFunction.java:60) [evosuite-client-1.0.4-SNAPSHOT.jar:na]
	at org.evosuite.testcase.TestFitnessFunction.getFitness(TestFitnessFunction.java:34) [evosuite-client-1.0.4-SNAPSHOT.jar:na]
	at org.evosuite.ga.metaheuristics.art.AdaptiveRandomSearch.calculateFitness(AdaptiveRandomSearch.java:312) [evosuite-client-1.0.4-SNAPSHOT.jar:na]
	at org.evosuite.ga.metaheuristics.art.AdaptiveRandomSearch.evolve(AdaptiveRandomSearch.java:139) [evosuite-client-1.0.4-SNAPSHOT.jar:na]
	at org.evosuite.ga.metaheuristics.art.AdaptiveRandomSearch.generateSolution(AdaptiveRandomSearch.java:270) [evosuite-client-1.0.4-SNAPSHOT.jar:na]
	at org.evosuite.strategy.AdaptiveRandomTestStrategy.generateTests(AdaptiveRandomTestStrategy.java:118) [evosuite-client-1.0.4-SNAPSHOT.jar:na]
	at org.evosuite.TestSuiteGenerator.generateTests(TestSuiteGenerator.java:654) [evosuite-client-1.0.4-SNAPSHOT.jar:na]
	at org.evosuite.TestSuiteGenerator.generateTestSuite(TestSuiteGenerator.java:213) [evosuite-client-1.0.4-SNAPSHOT.jar:na]
	at org.evosuite.rmi.service.ClientNodeImpl$1.run(ClientNodeImpl.java:145) [evosuite-client-1.0.4-SNAPSHOT.jar:na]
	at java.util.concurrent.Executors$RunnableAdapter.call(Executors.java:511) [na:1.8.0_265]
	at java.util.concurrent.FutureTask.run(FutureTask.java:266) [na:1.8.0_265]
	at java.util.concurrent.ThreadPoolExecutor.runWorker(ThreadPoolExecutor.java:1149) [na:1.8.0_265]
	at java.util.concurrent.ThreadPoolExecutor$Worker.run(ThreadPoolExecutor.java:624) [na:1.8.0_265]
	at java.lang.Thread.run(Thread.java:748) [na:1.8.0_265]
Aug 14, 2020 4:41:52 AM org.openqa.selenium.remote.ProtocolHandshake createSession
[MASTER] 12:41:52.238 [Thread-3] ERROR ExternalProcessHandler - Aug 14, 2020 4:41:52 AM org.openqa.selenium.remote.ProtocolHandshake createSession

INFO: Detected dialect: OSS
[MASTER] 12:41:52.238 [Thread-3] ERROR ExternalProcessHandler - INFO: Detected dialect: OSS

Aug 14, 2020 4:41:53 AM org.openqa.selenium.remote.ProtocolHandshake createSession
[MASTER] 12:41:53.418 [Thread-3] ERROR ExternalProcessHandler - Aug 14, 2020 4:41:53 AM org.openqa.selenium.remote.ProtocolHandshake createSession

INFO: Detected dialect: OSS
[MASTER] 12:41:53.418 [Thread-3] ERROR ExternalProcessHandler - INFO: Detected dialect: OSS

Aug 14, 2020 4:41:58 AM org.openqa.selenium.remote.ProtocolHandshake createSession
[MASTER] 12:41:58.429 [Thread-3] ERROR ExternalProcessHandler - Aug 14, 2020 4:41:58 AM org.openqa.selenium.remote.ProtocolHandshake createSession

INFO: Detected dialect: OSS
[MASTER] 12:41:58.429 [Thread-3] ERROR ExternalProcessHandler - INFO: Detected dialect: OSS

Aug 14, 2020 4:42:09 AM org.openqa.selenium.remote.ProtocolHandshake createSession
[MASTER] 12:42:09.623 [Thread-3] ERROR ExternalProcessHandler - Aug 14, 2020 4:42:09 AM org.openqa.selenium.remote.ProtocolHandshake createSession

INFO: Detected dialect: OSS
[MASTER] 12:42:09.623 [Thread-3] ERROR ExternalProcessHandler - INFO: Detected dialect: OSS

Aug 14, 2020 4:42:27 AM org.openqa.selenium.remote.ProtocolHandshake createSession
[MASTER] 12:42:27.070 [Thread-3] ERROR ExternalProcessHandler - Aug 14, 2020 4:42:27 AM org.openqa.selenium.remote.ProtocolHandshake createSession

INFO: Detected dialect: OSS
[MASTER] 12:42:27.070 [Thread-3] ERROR ExternalProcessHandler - INFO: Detected dialect: OSS

[MASTER] 12:42:50.411 [logback-2] ERROR TestCaseExecutor - TG: Exception caught: 
java.lang.IllegalStateException: Test generation failed: page object bug.
	at org.evosuite.testcase.execution.TestCaseExecutor.runTest(TestCaseExecutor.java:322) ~[evosuite-client-1.0.4-SNAPSHOT.jar:na]
	at org.evosuite.testcase.TestFitnessFunction.runTest(TestFitnessFunction.java:91) [evosuite-client-1.0.4-SNAPSHOT.jar:na]
	at org.evosuite.testcase.TestFitnessFunction.getFitness(TestFitnessFunction.java:60) [evosuite-client-1.0.4-SNAPSHOT.jar:na]
	at org.evosuite.testcase.TestFitnessFunction.getFitness(TestFitnessFunction.java:34) [evosuite-client-1.0.4-SNAPSHOT.jar:na]
	at org.evosuite.ga.metaheuristics.art.AdaptiveRandomSearch.calculateFitness(AdaptiveRandomSearch.java:312) [evosuite-client-1.0.4-SNAPSHOT.jar:na]
	at org.evosuite.ga.metaheuristics.art.AdaptiveRandomSearch.evolve(AdaptiveRandomSearch.java:139) [evosuite-client-1.0.4-SNAPSHOT.jar:na]
	at org.evosuite.ga.metaheuristics.art.AdaptiveRandomSearch.generateSolution(AdaptiveRandomSearch.java:270) [evosuite-client-1.0.4-SNAPSHOT.jar:na]
	at org.evosuite.strategy.AdaptiveRandomTestStrategy.generateTests(AdaptiveRandomTestStrategy.java:118) [evosuite-client-1.0.4-SNAPSHOT.jar:na]
	at org.evosuite.TestSuiteGenerator.generateTests(TestSuiteGenerator.java:654) [evosuite-client-1.0.4-SNAPSHOT.jar:na]
	at org.evosuite.TestSuiteGenerator.generateTestSuite(TestSuiteGenerator.java:213) [evosuite-client-1.0.4-SNAPSHOT.jar:na]
	at org.evosuite.rmi.service.ClientNodeImpl$1.run(ClientNodeImpl.java:145) [evosuite-client-1.0.4-SNAPSHOT.jar:na]
	at java.util.concurrent.Executors$RunnableAdapter.call(Executors.java:511) [na:1.8.0_265]
	at java.util.concurrent.FutureTask.run(FutureTask.java:266) [na:1.8.0_265]
	at java.util.concurrent.ThreadPoolExecutor.runWorker(ThreadPoolExecutor.java:1149) [na:1.8.0_265]
	at java.util.concurrent.ThreadPoolExecutor$Worker.run(ThreadPoolExecutor.java:624) [na:1.8.0_265]
	at java.lang.Thread.run(Thread.java:748) [na:1.8.0_265]
Aug 14, 2020 4:42:50 AM org.openqa.selenium.remote.ProtocolHandshake createSession
[MASTER] 12:42:50.603 [Thread-3] ERROR ExternalProcessHandler - Aug 14, 2020 4:42:50 AM org.openqa.selenium.remote.ProtocolHandshake createSession

INFO: Detected dialect: OSS
[MASTER] 12:42:50.603 [Thread-3] ERROR ExternalProcessHandler - INFO: Detected dialect: OSS

Aug 14, 2020 4:42:51 AM org.openqa.selenium.remote.ProtocolHandshake createSession
[MASTER] 12:42:51.818 [Thread-3] ERROR ExternalProcessHandler - Aug 14, 2020 4:42:51 AM org.openqa.selenium.remote.ProtocolHandshake createSession

INFO: Detected dialect: OSS
[MASTER] 12:42:51.818 [Thread-3] ERROR ExternalProcessHandler - INFO: Detected dialect: OSS

Aug 14, 2020 4:42:53 AM org.openqa.selenium.remote.ProtocolHandshake createSession
[MASTER] 12:42:53.071 [Thread-3] ERROR ExternalProcessHandler - Aug 14, 2020 4:42:53 AM org.openqa.selenium.remote.ProtocolHandshake createSession

INFO: Detected dialect: OSS
[MASTER] 12:42:53.071 [Thread-3] ERROR ExternalProcessHandler - INFO: Detected dialect: OSS

Aug 14, 2020 4:42:56 AM org.openqa.selenium.remote.ProtocolHandshake createSession
[MASTER] 12:42:56.767 [Thread-3] ERROR ExternalProcessHandler - Aug 14, 2020 4:42:56 AM org.openqa.selenium.remote.ProtocolHandshake createSession

INFO: Detected dialect: OSS
[MASTER] 12:42:56.768 [Thread-3] ERROR ExternalProcessHandler - INFO: Detected dialect: OSS

Aug 14, 2020 4:43:06 AM org.openqa.selenium.remote.ProtocolHandshake createSession
[MASTER] 12:43:06.729 [Thread-3] ERROR ExternalProcessHandler - Aug 14, 2020 4:43:06 AM org.openqa.selenium.remote.ProtocolHandshake createSession

INFO: Detected dialect: OSS
[MASTER] 12:43:06.729 [Thread-3] ERROR ExternalProcessHandler - INFO: Detected dialect: OSS

Aug 14, 2020 4:43:22 AM org.openqa.selenium.remote.ProtocolHandshake createSession
[MASTER] 12:43:22.795 [Thread-3] ERROR ExternalProcessHandler - Aug 14, 2020 4:43:22 AM org.openqa.selenium.remote.ProtocolHandshake createSession

INFO: Detected dialect: OSS
[MASTER] 12:43:22.795 [Thread-3] ERROR ExternalProcessHandler - INFO: Detected dialect: OSS

[MASTER] 12:43:44.864 [logback-2] ERROR TestCaseExecutor - TG: Exception caught: 
java.lang.IllegalStateException: Test generation failed: page object bug.
	at org.evosuite.testcase.execution.TestCaseExecutor.runTest(TestCaseExecutor.java:322) ~[evosuite-client-1.0.4-SNAPSHOT.jar:na]
	at org.evosuite.testcase.TestFitnessFunction.runTest(TestFitnessFunction.java:91) [evosuite-client-1.0.4-SNAPSHOT.jar:na]
	at org.evosuite.testcase.TestFitnessFunction.getFitness(TestFitnessFunction.java:60) [evosuite-client-1.0.4-SNAPSHOT.jar:na]
	at org.evosuite.testcase.TestFitnessFunction.getFitness(TestFitnessFunction.java:34) [evosuite-client-1.0.4-SNAPSHOT.jar:na]
	at org.evosuite.ga.metaheuristics.art.AdaptiveRandomSearch.calculateFitness(AdaptiveRandomSearch.java:312) [evosuite-client-1.0.4-SNAPSHOT.jar:na]
	at org.evosuite.ga.metaheuristics.art.AdaptiveRandomSearch.evolve(AdaptiveRandomSearch.java:139) [evosuite-client-1.0.4-SNAPSHOT.jar:na]
	at org.evosuite.ga.metaheuristics.art.AdaptiveRandomSearch.generateSolution(AdaptiveRandomSearch.java:270) [evosuite-client-1.0.4-SNAPSHOT.jar:na]
	at org.evosuite.strategy.AdaptiveRandomTestStrategy.generateTests(AdaptiveRandomTestStrategy.java:118) [evosuite-client-1.0.4-SNAPSHOT.jar:na]
	at org.evosuite.TestSuiteGenerator.generateTests(TestSuiteGenerator.java:654) [evosuite-client-1.0.4-SNAPSHOT.jar:na]
	at org.evosuite.TestSuiteGenerator.generateTestSuite(TestSuiteGenerator.java:213) [evosuite-client-1.0.4-SNAPSHOT.jar:na]
	at org.evosuite.rmi.service.ClientNodeImpl$1.run(ClientNodeImpl.java:145) [evosuite-client-1.0.4-SNAPSHOT.jar:na]
	at java.util.concurrent.Executors$RunnableAdapter.call(Executors.java:511) [na:1.8.0_265]
	at java.util.concurrent.FutureTask.run(FutureTask.java:266) [na:1.8.0_265]
	at java.util.concurrent.ThreadPoolExecutor.runWorker(ThreadPoolExecutor.java:1149) [na:1.8.0_265]
	at java.util.concurrent.ThreadPoolExecutor$Worker.run(ThreadPoolExecutor.java:624) [na:1.8.0_265]
	at java.lang.Thread.run(Thread.java:748) [na:1.8.0_265]
Aug 14, 2020 4:43:45 AM org.openqa.selenium.remote.ProtocolHandshake createSession
[MASTER] 12:43:45.035 [Thread-3] ERROR ExternalProcessHandler - Aug 14, 2020 4:43:45 AM org.openqa.selenium.remote.ProtocolHandshake createSession

INFO: Detected dialect: OSS
[MASTER] 12:43:45.035 [Thread-3] ERROR ExternalProcessHandler - INFO: Detected dialect: OSS

Aug 14, 2020 4:43:46 AM org.openqa.selenium.remote.ProtocolHandshake createSession
[MASTER] 12:43:46.224 [Thread-3] ERROR ExternalProcessHandler - Aug 14, 2020 4:43:46 AM org.openqa.selenium.remote.ProtocolHandshake createSession

INFO: Detected dialect: OSS
[MASTER] 12:43:46.224 [Thread-3] ERROR ExternalProcessHandler - INFO: Detected dialect: OSS

Aug 14, 2020 4:43:49 AM org.openqa.selenium.remote.ProtocolHandshake createSession
[MASTER] 12:43:49.895 [Thread-3] ERROR ExternalProcessHandler - Aug 14, 2020 4:43:49 AM org.openqa.selenium.remote.ProtocolHandshake createSession

INFO: Detected dialect: OSS
[MASTER] 12:43:49.895 [Thread-3] ERROR ExternalProcessHandler - INFO: Detected dialect: OSS

Aug 14, 2020 4:43:59 AM org.openqa.selenium.remote.ProtocolHandshake createSession
[MASTER] 12:43:59.647 [Thread-3] ERROR ExternalProcessHandler - Aug 14, 2020 4:43:59 AM org.openqa.selenium.remote.ProtocolHandshake createSession

INFO: Detected dialect: OSS
[MASTER] 12:43:59.647 [Thread-3] ERROR ExternalProcessHandler - INFO: Detected dialect: OSS

Aug 14, 2020 4:44:15 AM org.openqa.selenium.remote.ProtocolHandshake createSession
[MASTER] 12:44:15.177 [Thread-3] ERROR ExternalProcessHandler - Aug 14, 2020 4:44:15 AM org.openqa.selenium.remote.ProtocolHandshake createSession

INFO: Detected dialect: OSS
[MASTER] 12:44:15.177 [Thread-3] ERROR ExternalProcessHandler - INFO: Detected dialect: OSS

[MASTER] 12:44:36.563 [logback-2] ERROR TestCaseExecutor - TG: Exception caught: 
java.lang.IllegalStateException: Test generation failed: page object bug.
	at org.evosuite.testcase.execution.TestCaseExecutor.runTest(TestCaseExecutor.java:322) ~[evosuite-client-1.0.4-SNAPSHOT.jar:na]
	at org.evosuite.testcase.TestFitnessFunction.runTest(TestFitnessFunction.java:91) [evosuite-client-1.0.4-SNAPSHOT.jar:na]
	at org.evosuite.testcase.TestFitnessFunction.getFitness(TestFitnessFunction.java:60) [evosuite-client-1.0.4-SNAPSHOT.jar:na]
	at org.evosuite.testcase.TestFitnessFunction.getFitness(TestFitnessFunction.java:34) [evosuite-client-1.0.4-SNAPSHOT.jar:na]
	at org.evosuite.ga.metaheuristics.art.AdaptiveRandomSearch.calculateFitness(AdaptiveRandomSearch.java:312) [evosuite-client-1.0.4-SNAPSHOT.jar:na]
	at org.evosuite.ga.metaheuristics.art.AdaptiveRandomSearch.evolve(AdaptiveRandomSearch.java:139) [evosuite-client-1.0.4-SNAPSHOT.jar:na]
	at org.evosuite.ga.metaheuristics.art.AdaptiveRandomSearch.generateSolution(AdaptiveRandomSearch.java:270) [evosuite-client-1.0.4-SNAPSHOT.jar:na]
	at org.evosuite.strategy.AdaptiveRandomTestStrategy.generateTests(AdaptiveRandomTestStrategy.java:118) [evosuite-client-1.0.4-SNAPSHOT.jar:na]
	at org.evosuite.TestSuiteGenerator.generateTests(TestSuiteGenerator.java:654) [evosuite-client-1.0.4-SNAPSHOT.jar:na]
	at org.evosuite.TestSuiteGenerator.generateTestSuite(TestSuiteGenerator.java:213) [evosuite-client-1.0.4-SNAPSHOT.jar:na]
	at org.evosuite.rmi.service.ClientNodeImpl$1.run(ClientNodeImpl.java:145) [evosuite-client-1.0.4-SNAPSHOT.jar:na]
	at java.util.concurrent.Executors$RunnableAdapter.call(Executors.java:511) [na:1.8.0_265]
	at java.util.concurrent.FutureTask.run(FutureTask.java:266) [na:1.8.0_265]
	at java.util.concurrent.ThreadPoolExecutor.runWorker(ThreadPoolExecutor.java:1149) [na:1.8.0_265]
	at java.util.concurrent.ThreadPoolExecutor$Worker.run(ThreadPoolExecutor.java:624) [na:1.8.0_265]
	at java.lang.Thread.run(Thread.java:748) [na:1.8.0_265]
Aug 14, 2020 4:44:36 AM org.openqa.selenium.remote.ProtocolHandshake createSession
[MASTER] 12:44:36.754 [Thread-3] ERROR ExternalProcessHandler - Aug 14, 2020 4:44:36 AM org.openqa.selenium.remote.ProtocolHandshake createSession

INFO: Detected dialect: OSS
[MASTER] 12:44:36.754 [Thread-3] ERROR ExternalProcessHandler - INFO: Detected dialect: OSS

Aug 14, 2020 4:44:38 AM org.openqa.selenium.remote.ProtocolHandshake createSession
[MASTER] 12:44:38.990 [Thread-3] ERROR ExternalProcessHandler - Aug 14, 2020 4:44:38 AM org.openqa.selenium.remote.ProtocolHandshake createSession

INFO: Detected dialect: OSS
[MASTER] 12:44:38.990 [Thread-3] ERROR ExternalProcessHandler - INFO: Detected dialect: OSS

Aug 14, 2020 4:44:40 AM org.openqa.selenium.remote.ProtocolHandshake createSession
[MASTER] 12:44:40.158 [Thread-3] ERROR ExternalProcessHandler - Aug 14, 2020 4:44:40 AM org.openqa.selenium.remote.ProtocolHandshake createSession

INFO: Detected dialect: OSS
[MASTER] 12:44:40.159 [Thread-3] ERROR ExternalProcessHandler - INFO: Detected dialect: OSS

Aug 14, 2020 4:44:41 AM org.openqa.selenium.remote.ProtocolHandshake createSession
[MASTER] 12:44:41.133 [Thread-3] ERROR ExternalProcessHandler - Aug 14, 2020 4:44:41 AM org.openqa.selenium.remote.ProtocolHandshake createSession

INFO: Detected dialect: OSS
[MASTER] 12:44:41.133 [Thread-3] ERROR ExternalProcessHandler - INFO: Detected dialect: OSS

Aug 14, 2020 4:44:43 AM org.openqa.selenium.remote.ProtocolHandshake createSession
[MASTER] 12:44:43.902 [Thread-3] ERROR ExternalProcessHandler - Aug 14, 2020 4:44:43 AM org.openqa.selenium.remote.ProtocolHandshake createSession

INFO: Detected dialect: OSS
[MASTER] 12:44:43.902 [Thread-3] ERROR ExternalProcessHandler - INFO: Detected dialect: OSS

Aug 14, 2020 4:44:52 AM org.openqa.selenium.remote.ProtocolHandshake createSession
[MASTER] 12:44:52.700 [Thread-3] ERROR ExternalProcessHandler - Aug 14, 2020 4:44:52 AM org.openqa.selenium.remote.ProtocolHandshake createSession

INFO: Detected dialect: OSS
[MASTER] 12:44:52.700 [Thread-3] ERROR ExternalProcessHandler - INFO: Detected dialect: OSS

Aug 14, 2020 4:45:07 AM org.openqa.selenium.remote.ProtocolHandshake createSession
[MASTER] 12:45:07.473 [Thread-3] ERROR ExternalProcessHandler - Aug 14, 2020 4:45:07 AM org.openqa.selenium.remote.ProtocolHandshake createSession

INFO: Detected dialect: OSS
[MASTER] 12:45:07.474 [Thread-3] ERROR ExternalProcessHandler - INFO: Detected dialect: OSS

[MASTER] 12:45:28.300 [logback-2] ERROR TestCaseExecutor - TG: Exception caught: 
java.lang.IllegalStateException: Test generation failed: page object bug.
	at org.evosuite.testcase.execution.TestCaseExecutor.runTest(TestCaseExecutor.java:322) ~[evosuite-client-1.0.4-SNAPSHOT.jar:na]
	at org.evosuite.testcase.TestFitnessFunction.runTest(TestFitnessFunction.java:91) [evosuite-client-1.0.4-SNAPSHOT.jar:na]
	at org.evosuite.testcase.TestFitnessFunction.getFitness(TestFitnessFunction.java:60) [evosuite-client-1.0.4-SNAPSHOT.jar:na]
	at org.evosuite.testcase.TestFitnessFunction.getFitness(TestFitnessFunction.java:34) [evosuite-client-1.0.4-SNAPSHOT.jar:na]
	at org.evosuite.ga.metaheuristics.art.AdaptiveRandomSearch.calculateFitness(AdaptiveRandomSearch.java:312) [evosuite-client-1.0.4-SNAPSHOT.jar:na]
	at org.evosuite.ga.metaheuristics.art.AdaptiveRandomSearch.evolve(AdaptiveRandomSearch.java:139) [evosuite-client-1.0.4-SNAPSHOT.jar:na]
	at org.evosuite.ga.metaheuristics.art.AdaptiveRandomSearch.generateSolution(AdaptiveRandomSearch.java:270) [evosuite-client-1.0.4-SNAPSHOT.jar:na]
	at org.evosuite.strategy.AdaptiveRandomTestStrategy.generateTests(AdaptiveRandomTestStrategy.java:118) [evosuite-client-1.0.4-SNAPSHOT.jar:na]
	at org.evosuite.TestSuiteGenerator.generateTests(TestSuiteGenerator.java:654) [evosuite-client-1.0.4-SNAPSHOT.jar:na]
	at org.evosuite.TestSuiteGenerator.generateTestSuite(TestSuiteGenerator.java:213) [evosuite-client-1.0.4-SNAPSHOT.jar:na]
	at org.evosuite.rmi.service.ClientNodeImpl$1.run(ClientNodeImpl.java:145) [evosuite-client-1.0.4-SNAPSHOT.jar:na]
	at java.util.concurrent.Executors$RunnableAdapter.call(Executors.java:511) [na:1.8.0_265]
	at java.util.concurrent.FutureTask.run(FutureTask.java:266) [na:1.8.0_265]
	at java.util.concurrent.ThreadPoolExecutor.runWorker(ThreadPoolExecutor.java:1149) [na:1.8.0_265]
	at java.util.concurrent.ThreadPoolExecutor$Worker.run(ThreadPoolExecutor.java:624) [na:1.8.0_265]
	at java.lang.Thread.run(Thread.java:748) [na:1.8.0_265]
Aug 14, 2020 4:45:28 AM org.openqa.selenium.remote.ProtocolHandshake createSession
[MASTER] 12:45:28.482 [Thread-3] ERROR ExternalProcessHandler - Aug 14, 2020 4:45:28 AM org.openqa.selenium.remote.ProtocolHandshake createSession

INFO: Detected dialect: OSS
[MASTER] 12:45:28.482 [Thread-3] ERROR ExternalProcessHandler - INFO: Detected dialect: OSS

Aug 14, 2020 4:45:30 AM org.openqa.selenium.remote.ProtocolHandshake createSession
[MASTER] 12:45:30.353 [Thread-3] ERROR ExternalProcessHandler - Aug 14, 2020 4:45:30 AM org.openqa.selenium.remote.ProtocolHandshake createSession

INFO: Detected dialect: OSS
[MASTER] 12:45:30.353 [Thread-3] ERROR ExternalProcessHandler - INFO: Detected dialect: OSS

Aug 14, 2020 4:45:35 AM org.openqa.selenium.remote.ProtocolHandshake createSession
[MASTER] 12:45:35.297 [Thread-3] ERROR ExternalProcessHandler - Aug 14, 2020 4:45:35 AM org.openqa.selenium.remote.ProtocolHandshake createSession

INFO: Detected dialect: OSS
[MASTER] 12:45:35.297 [Thread-3] ERROR ExternalProcessHandler - INFO: Detected dialect: OSS

Aug 14, 2020 4:45:46 AM org.openqa.selenium.remote.ProtocolHandshake createSession
[MASTER] 12:45:46.011 [Thread-3] ERROR ExternalProcessHandler - Aug 14, 2020 4:45:46 AM org.openqa.selenium.remote.ProtocolHandshake createSession

INFO: Detected dialect: OSS
[MASTER] 12:45:46.011 [Thread-3] ERROR ExternalProcessHandler - INFO: Detected dialect: OSS

Aug 14, 2020 4:46:02 AM org.openqa.selenium.remote.ProtocolHandshake createSession
[MASTER] 12:46:02.479 [Thread-3] ERROR ExternalProcessHandler - Aug 14, 2020 4:46:02 AM org.openqa.selenium.remote.ProtocolHandshake createSession

INFO: Detected dialect: OSS
[MASTER] 12:46:02.479 [Thread-3] ERROR ExternalProcessHandler - INFO: Detected dialect: OSS

[MASTER] 12:46:24.550 [logback-2] ERROR TestCaseExecutor - TG: Exception caught: 
java.lang.IllegalStateException: Test generation failed: page object bug.
	at org.evosuite.testcase.execution.TestCaseExecutor.runTest(TestCaseExecutor.java:322) ~[evosuite-client-1.0.4-SNAPSHOT.jar:na]
	at org.evosuite.testcase.TestFitnessFunction.runTest(TestFitnessFunction.java:91) [evosuite-client-1.0.4-SNAPSHOT.jar:na]
	at org.evosuite.testcase.TestFitnessFunction.getFitness(TestFitnessFunction.java:60) [evosuite-client-1.0.4-SNAPSHOT.jar:na]
	at org.evosuite.testcase.TestFitnessFunction.getFitness(TestFitnessFunction.java:34) [evosuite-client-1.0.4-SNAPSHOT.jar:na]
	at org.evosuite.ga.metaheuristics.art.AdaptiveRandomSearch.calculateFitness(AdaptiveRandomSearch.java:312) [evosuite-client-1.0.4-SNAPSHOT.jar:na]
	at org.evosuite.ga.metaheuristics.art.AdaptiveRandomSearch.evolve(AdaptiveRandomSearch.java:139) [evosuite-client-1.0.4-SNAPSHOT.jar:na]
	at org.evosuite.ga.metaheuristics.art.AdaptiveRandomSearch.generateSolution(AdaptiveRandomSearch.java:270) [evosuite-client-1.0.4-SNAPSHOT.jar:na]
	at org.evosuite.strategy.AdaptiveRandomTestStrategy.generateTests(AdaptiveRandomTestStrategy.java:118) [evosuite-client-1.0.4-SNAPSHOT.jar:na]
	at org.evosuite.TestSuiteGenerator.generateTests(TestSuiteGenerator.java:654) [evosuite-client-1.0.4-SNAPSHOT.jar:na]
	at org.evosuite.TestSuiteGenerator.generateTestSuite(TestSuiteGenerator.java:213) [evosuite-client-1.0.4-SNAPSHOT.jar:na]
	at org.evosuite.rmi.service.ClientNodeImpl$1.run(ClientNodeImpl.java:145) [evosuite-client-1.0.4-SNAPSHOT.jar:na]
	at java.util.concurrent.Executors$RunnableAdapter.call(Executors.java:511) [na:1.8.0_265]
	at java.util.concurrent.FutureTask.run(FutureTask.java:266) [na:1.8.0_265]
	at java.util.concurrent.ThreadPoolExecutor.runWorker(ThreadPoolExecutor.java:1149) [na:1.8.0_265]
	at java.util.concurrent.ThreadPoolExecutor$Worker.run(ThreadPoolExecutor.java:624) [na:1.8.0_265]
	at java.lang.Thread.run(Thread.java:748) [na:1.8.0_265]
Aug 14, 2020 4:46:24 AM org.openqa.selenium.remote.ProtocolHandshake createSession
[MASTER] 12:46:24.782 [Thread-3] ERROR ExternalProcessHandler - Aug 14, 2020 4:46:24 AM org.openqa.selenium.remote.ProtocolHandshake createSession

INFO: Detected dialect: OSS
[MASTER] 12:46:24.782 [Thread-3] ERROR ExternalProcessHandler - INFO: Detected dialect: OSS

Aug 14, 2020 4:46:27 AM org.openqa.selenium.remote.ProtocolHandshake createSession
[MASTER] 12:46:27.321 [Thread-3] ERROR ExternalProcessHandler - Aug 14, 2020 4:46:27 AM org.openqa.selenium.remote.ProtocolHandshake createSession

INFO: Detected dialect: OSS
[MASTER] 12:46:27.321 [Thread-3] ERROR ExternalProcessHandler - INFO: Detected dialect: OSS

Aug 14, 2020 4:46:28 AM org.openqa.selenium.remote.ProtocolHandshake createSession
[MASTER] 12:46:28.293 [Thread-3] ERROR ExternalProcessHandler - Aug 14, 2020 4:46:28 AM org.openqa.selenium.remote.ProtocolHandshake createSession

INFO: Detected dialect: OSS
[MASTER] 12:46:28.293 [Thread-3] ERROR ExternalProcessHandler - INFO: Detected dialect: OSS

Aug 14, 2020 4:46:30 AM org.openqa.selenium.remote.ProtocolHandshake createSession
[MASTER] 12:46:30.047 [Thread-3] ERROR ExternalProcessHandler - Aug 14, 2020 4:46:30 AM org.openqa.selenium.remote.ProtocolHandshake createSession

INFO: Detected dialect: OSS
[MASTER] 12:46:30.047 [Thread-3] ERROR ExternalProcessHandler - INFO: Detected dialect: OSS

Aug 14, 2020 4:46:32 AM org.openqa.selenium.remote.ProtocolHandshake createSession
[MASTER] 12:46:32.875 [Thread-3] ERROR ExternalProcessHandler - Aug 14, 2020 4:46:32 AM org.openqa.selenium.remote.ProtocolHandshake createSession

INFO: Detected dialect: OSS
[MASTER] 12:46:32.875 [Thread-3] ERROR ExternalProcessHandler - INFO: Detected dialect: OSS

Aug 14, 2020 4:46:41 AM org.openqa.selenium.remote.ProtocolHandshake createSession
[MASTER] 12:46:41.803 [Thread-3] ERROR ExternalProcessHandler - Aug 14, 2020 4:46:41 AM org.openqa.selenium.remote.ProtocolHandshake createSession

INFO: Detected dialect: OSS
[MASTER] 12:46:41.803 [Thread-3] ERROR ExternalProcessHandler - INFO: Detected dialect: OSS

Aug 14, 2020 4:46:56 AM org.openqa.selenium.remote.ProtocolHandshake createSession
[MASTER] 12:46:56.930 [Thread-3] ERROR ExternalProcessHandler - Aug 14, 2020 4:46:56 AM org.openqa.selenium.remote.ProtocolHandshake createSession

INFO: Detected dialect: OSS
[MASTER] 12:46:56.930 [Thread-3] ERROR ExternalProcessHandler - INFO: Detected dialect: OSS

[MASTER] 12:47:18.089 [logback-2] ERROR TestCaseExecutor - TG: Exception caught: 
java.lang.IllegalStateException: Test generation failed: page object bug.
	at org.evosuite.testcase.execution.TestCaseExecutor.runTest(TestCaseExecutor.java:322) ~[evosuite-client-1.0.4-SNAPSHOT.jar:na]
	at org.evosuite.testcase.TestFitnessFunction.runTest(TestFitnessFunction.java:91) [evosuite-client-1.0.4-SNAPSHOT.jar:na]
	at org.evosuite.testcase.TestFitnessFunction.getFitness(TestFitnessFunction.java:60) [evosuite-client-1.0.4-SNAPSHOT.jar:na]
	at org.evosuite.testcase.TestFitnessFunction.getFitness(TestFitnessFunction.java:34) [evosuite-client-1.0.4-SNAPSHOT.jar:na]
	at org.evosuite.ga.metaheuristics.art.AdaptiveRandomSearch.calculateFitness(AdaptiveRandomSearch.java:312) [evosuite-client-1.0.4-SNAPSHOT.jar:na]
	at org.evosuite.ga.metaheuristics.art.AdaptiveRandomSearch.evolve(AdaptiveRandomSearch.java:139) [evosuite-client-1.0.4-SNAPSHOT.jar:na]
	at org.evosuite.ga.metaheuristics.art.AdaptiveRandomSearch.generateSolution(AdaptiveRandomSearch.java:270) [evosuite-client-1.0.4-SNAPSHOT.jar:na]
	at org.evosuite.strategy.AdaptiveRandomTestStrategy.generateTests(AdaptiveRandomTestStrategy.java:118) [evosuite-client-1.0.4-SNAPSHOT.jar:na]
	at org.evosuite.TestSuiteGenerator.generateTests(TestSuiteGenerator.java:654) [evosuite-client-1.0.4-SNAPSHOT.jar:na]
	at org.evosuite.TestSuiteGenerator.generateTestSuite(TestSuiteGenerator.java:213) [evosuite-client-1.0.4-SNAPSHOT.jar:na]
	at org.evosuite.rmi.service.ClientNodeImpl$1.run(ClientNodeImpl.java:145) [evosuite-client-1.0.4-SNAPSHOT.jar:na]
	at java.util.concurrent.Executors$RunnableAdapter.call(Executors.java:511) [na:1.8.0_265]
	at java.util.concurrent.FutureTask.run(FutureTask.java:266) [na:1.8.0_265]
	at java.util.concurrent.ThreadPoolExecutor.runWorker(ThreadPoolExecutor.java:1149) [na:1.8.0_265]
	at java.util.concurrent.ThreadPoolExecutor$Worker.run(ThreadPoolExecutor.java:624) [na:1.8.0_265]
	at java.lang.Thread.run(Thread.java:748) [na:1.8.0_265]
Aug 14, 2020 4:47:18 AM org.openqa.selenium.remote.ProtocolHandshake createSession
[MASTER] 12:47:18.315 [Thread-3] ERROR ExternalProcessHandler - Aug 14, 2020 4:47:18 AM org.openqa.selenium.remote.ProtocolHandshake createSession

INFO: Detected dialect: OSS
[MASTER] 12:47:18.316 [Thread-3] ERROR ExternalProcessHandler - INFO: Detected dialect: OSS

Aug 14, 2020 4:47:19 AM org.openqa.selenium.remote.ProtocolHandshake createSession
[MASTER] 12:47:19.461 [Thread-3] ERROR ExternalProcessHandler - Aug 14, 2020 4:47:19 AM org.openqa.selenium.remote.ProtocolHandshake createSession

INFO: Detected dialect: OSS
[MASTER] 12:47:19.462 [Thread-3] ERROR ExternalProcessHandler - INFO: Detected dialect: OSS

Aug 14, 2020 4:47:20 AM org.openqa.selenium.remote.ProtocolHandshake createSession
[MASTER] 12:47:20.579 [Thread-3] ERROR ExternalProcessHandler - Aug 14, 2020 4:47:20 AM org.openqa.selenium.remote.ProtocolHandshake createSession

INFO: Detected dialect: OSS
[MASTER] 12:47:20.580 [Thread-3] ERROR ExternalProcessHandler - INFO: Detected dialect: OSS

Aug 14, 2020 4:47:21 AM org.openqa.selenium.remote.ProtocolHandshake createSession
[MASTER] 12:47:21.775 [Thread-3] ERROR ExternalProcessHandler - Aug 14, 2020 4:47:21 AM org.openqa.selenium.remote.ProtocolHandshake createSession

INFO: Detected dialect: OSS
[MASTER] 12:47:21.775 [Thread-3] ERROR ExternalProcessHandler - INFO: Detected dialect: OSS

Aug 14, 2020 4:47:29 AM org.openqa.selenium.remote.ProtocolHandshake createSession
[MASTER] 12:47:29.100 [Thread-3] ERROR ExternalProcessHandler - Aug 14, 2020 4:47:29 AM org.openqa.selenium.remote.ProtocolHandshake createSession

INFO: Detected dialect: OSS
[MASTER] 12:47:29.100 [Thread-3] ERROR ExternalProcessHandler - INFO: Detected dialect: OSS

Aug 14, 2020 4:47:30 AM org.openqa.selenium.remote.ProtocolHandshake createSession
[MASTER] 12:47:30.273 [Thread-3] ERROR ExternalProcessHandler - Aug 14, 2020 4:47:30 AM org.openqa.selenium.remote.ProtocolHandshake createSession

INFO: Detected dialect: OSS
[MASTER] 12:47:30.273 [Thread-3] ERROR ExternalProcessHandler - INFO: Detected dialect: OSS

Aug 14, 2020 4:47:31 AM org.openqa.selenium.remote.ProtocolHandshake createSession
[MASTER] 12:47:31.161 [Thread-3] ERROR ExternalProcessHandler - Aug 14, 2020 4:47:31 AM org.openqa.selenium.remote.ProtocolHandshake createSession

INFO: Detected dialect: OSS
[MASTER] 12:47:31.161 [Thread-3] ERROR ExternalProcessHandler - INFO: Detected dialect: OSS

Aug 14, 2020 4:47:32 AM po_utils.PageObjectLogging logInfo
[MASTER] 12:47:32.996 [Thread-3] ERROR ExternalProcessHandler - Aug 14, 2020 4:47:32 AM po_utils.PageObjectLogging logInfo

INFO: waitForElementBeingPresentOnPage timeout exception: unable to locate the element By.xpath: //button[text()="Create a new session"]
[MASTER] 12:47:32.997 [Thread-3] ERROR ExternalProcessHandler - INFO: waitForElementBeingPresentOnPage timeout exception: unable to locate the element By.xpath: //button[text()="Create a new session"]


[MASTER] 12:47:32.997 [Thread-3] ERROR ExternalProcessHandler - 


[MASTER] 12:47:32.997 [Thread-3] ERROR ExternalProcessHandler - 

Aug 14, 2020 4:47:33 AM org.openqa.selenium.remote.ProtocolHandshake createSession
[MASTER] 12:47:33.364 [Thread-3] ERROR ExternalProcessHandler - Aug 14, 2020 4:47:33 AM org.openqa.selenium.remote.ProtocolHandshake createSession

INFO: Detected dialect: OSS
[MASTER] 12:47:33.365 [Thread-3] ERROR ExternalProcessHandler - INFO: Detected dialect: OSS

Aug 14, 2020 4:47:34 AM org.openqa.selenium.remote.ProtocolHandshake createSession
[MASTER] 12:47:34.590 [Thread-3] ERROR ExternalProcessHandler - Aug 14, 2020 4:47:34 AM org.openqa.selenium.remote.ProtocolHandshake createSession

INFO: Detected dialect: OSS
[MASTER] 12:47:34.590 [Thread-3] ERROR ExternalProcessHandler - INFO: Detected dialect: OSS

Aug 14, 2020 4:47:40 AM org.openqa.selenium.remote.ProtocolHandshake createSession
[MASTER] 12:47:40.756 [Thread-3] ERROR ExternalProcessHandler - Aug 14, 2020 4:47:40 AM org.openqa.selenium.remote.ProtocolHandshake createSession

INFO: Detected dialect: OSS
[MASTER] 12:47:40.756 [Thread-3] ERROR ExternalProcessHandler - INFO: Detected dialect: OSS

Aug 14, 2020 4:47:53 AM org.openqa.selenium.remote.ProtocolHandshake createSession
[MASTER] 12:47:53.340 [Thread-3] ERROR ExternalProcessHandler - Aug 14, 2020 4:47:53 AM org.openqa.selenium.remote.ProtocolHandshake createSession

INFO: Detected dialect: OSS
[MASTER] 12:47:53.340 [Thread-3] ERROR ExternalProcessHandler - INFO: Detected dialect: OSS

Aug 14, 2020 4:48:12 AM org.openqa.selenium.remote.ProtocolHandshake createSession
[MASTER] 12:48:12.215 [Thread-3] ERROR ExternalProcessHandler - Aug 14, 2020 4:48:12 AM org.openqa.selenium.remote.ProtocolHandshake createSession

INFO: Detected dialect: OSS
[MASTER] 12:48:12.215 [Thread-3] ERROR ExternalProcessHandler - INFO: Detected dialect: OSS

[MASTER] 12:48:37.317 [logback-2] ERROR TestCaseExecutor - TG: Exception caught: 
java.lang.IllegalStateException: Test generation failed: page object bug.
	at org.evosuite.testcase.execution.TestCaseExecutor.runTest(TestCaseExecutor.java:322) ~[evosuite-client-1.0.4-SNAPSHOT.jar:na]
	at org.evosuite.testcase.TestFitnessFunction.runTest(TestFitnessFunction.java:91) [evosuite-client-1.0.4-SNAPSHOT.jar:na]
	at org.evosuite.testcase.TestFitnessFunction.getFitness(TestFitnessFunction.java:60) [evosuite-client-1.0.4-SNAPSHOT.jar:na]
	at org.evosuite.testcase.TestFitnessFunction.getFitness(TestFitnessFunction.java:34) [evosuite-client-1.0.4-SNAPSHOT.jar:na]
	at org.evosuite.ga.metaheuristics.art.AdaptiveRandomSearch.calculateFitness(AdaptiveRandomSearch.java:312) [evosuite-client-1.0.4-SNAPSHOT.jar:na]
	at org.evosuite.ga.metaheuristics.art.AdaptiveRandomSearch.evolve(AdaptiveRandomSearch.java:139) [evosuite-client-1.0.4-SNAPSHOT.jar:na]
	at org.evosuite.ga.metaheuristics.art.AdaptiveRandomSearch.generateSolution(AdaptiveRandomSearch.java:270) [evosuite-client-1.0.4-SNAPSHOT.jar:na]
	at org.evosuite.strategy.AdaptiveRandomTestStrategy.generateTests(AdaptiveRandomTestStrategy.java:118) [evosuite-client-1.0.4-SNAPSHOT.jar:na]
	at org.evosuite.TestSuiteGenerator.generateTests(TestSuiteGenerator.java:654) [evosuite-client-1.0.4-SNAPSHOT.jar:na]
	at org.evosuite.TestSuiteGenerator.generateTestSuite(TestSuiteGenerator.java:213) [evosuite-client-1.0.4-SNAPSHOT.jar:na]
	at org.evosuite.rmi.service.ClientNodeImpl$1.run(ClientNodeImpl.java:145) [evosuite-client-1.0.4-SNAPSHOT.jar:na]
	at java.util.concurrent.Executors$RunnableAdapter.call(Executors.java:511) [na:1.8.0_265]
	at java.util.concurrent.FutureTask.run(FutureTask.java:266) [na:1.8.0_265]
	at java.util.concurrent.ThreadPoolExecutor.runWorker(ThreadPoolExecutor.java:1149) [na:1.8.0_265]
	at java.util.concurrent.ThreadPoolExecutor$Worker.run(ThreadPoolExecutor.java:624) [na:1.8.0_265]
	at java.lang.Thread.run(Thread.java:748) [na:1.8.0_265]
Aug 14, 2020 4:48:37 AM org.openqa.selenium.remote.ProtocolHandshake createSession
[MASTER] 12:48:37.493 [Thread-3] ERROR ExternalProcessHandler - Aug 14, 2020 4:48:37 AM org.openqa.selenium.remote.ProtocolHandshake createSession

INFO: Detected dialect: OSS
[MASTER] 12:48:37.493 [Thread-3] ERROR ExternalProcessHandler - INFO: Detected dialect: OSS

Aug 14, 2020 4:48:38 AM org.openqa.selenium.remote.ProtocolHandshake createSession
[MASTER] 12:48:38.655 [Thread-3] ERROR ExternalProcessHandler - Aug 14, 2020 4:48:38 AM org.openqa.selenium.remote.ProtocolHandshake createSession

INFO: Detected dialect: OSS
[MASTER] 12:48:38.656 [Thread-3] ERROR ExternalProcessHandler - INFO: Detected dialect: OSS

Aug 14, 2020 4:48:39 AM org.openqa.selenium.remote.ProtocolHandshake createSession
[MASTER] 12:48:39.711 [Thread-3] ERROR ExternalProcessHandler - Aug 14, 2020 4:48:39 AM org.openqa.selenium.remote.ProtocolHandshake createSession

INFO: Detected dialect: OSS
[MASTER] 12:48:39.712 [Thread-3] ERROR ExternalProcessHandler - INFO: Detected dialect: OSS

Aug 14, 2020 4:48:40 AM org.openqa.selenium.remote.ProtocolHandshake createSession
[MASTER] 12:48:40.674 [Thread-3] ERROR ExternalProcessHandler - Aug 14, 2020 4:48:40 AM org.openqa.selenium.remote.ProtocolHandshake createSession

INFO: Detected dialect: OSS
[MASTER] 12:48:40.674 [Thread-3] ERROR ExternalProcessHandler - INFO: Detected dialect: OSS

Aug 14, 2020 4:48:48 AM org.openqa.selenium.remote.ProtocolHandshake createSession
[MASTER] 12:48:48.516 [Thread-3] ERROR ExternalProcessHandler - Aug 14, 2020 4:48:48 AM org.openqa.selenium.remote.ProtocolHandshake createSession

INFO: Detected dialect: OSS
[MASTER] 12:48:48.517 [Thread-3] ERROR ExternalProcessHandler - INFO: Detected dialect: OSS

Aug 14, 2020 4:49:02 AM org.openqa.selenium.remote.ProtocolHandshake createSession
[MASTER] 12:49:02.765 [Thread-3] ERROR ExternalProcessHandler - Aug 14, 2020 4:49:02 AM org.openqa.selenium.remote.ProtocolHandshake createSession

INFO: Detected dialect: OSS
[MASTER] 12:49:02.765 [Thread-3] ERROR ExternalProcessHandler - INFO: Detected dialect: OSS

Aug 14, 2020 4:49:23 AM org.openqa.selenium.remote.ProtocolHandshake createSession
[MASTER] 12:49:23.391 [Thread-3] ERROR ExternalProcessHandler - Aug 14, 2020 4:49:23 AM org.openqa.selenium.remote.ProtocolHandshake createSession

INFO: Detected dialect: OSS
[MASTER] 12:49:23.391 [Thread-3] ERROR ExternalProcessHandler - INFO: Detected dialect: OSS

[MASTER] 12:49:50.159 [logback-2] ERROR TestCaseExecutor - TG: Exception caught: 
java.lang.IllegalStateException: Test generation failed: page object bug.
	at org.evosuite.testcase.execution.TestCaseExecutor.runTest(TestCaseExecutor.java:322) ~[evosuite-client-1.0.4-SNAPSHOT.jar:na]
	at org.evosuite.testcase.TestFitnessFunction.runTest(TestFitnessFunction.java:91) [evosuite-client-1.0.4-SNAPSHOT.jar:na]
	at org.evosuite.testcase.TestFitnessFunction.getFitness(TestFitnessFunction.java:60) [evosuite-client-1.0.4-SNAPSHOT.jar:na]
	at org.evosuite.testcase.TestFitnessFunction.getFitness(TestFitnessFunction.java:34) [evosuite-client-1.0.4-SNAPSHOT.jar:na]
	at org.evosuite.ga.metaheuristics.art.AdaptiveRandomSearch.calculateFitness(AdaptiveRandomSearch.java:312) [evosuite-client-1.0.4-SNAPSHOT.jar:na]
	at org.evosuite.ga.metaheuristics.art.AdaptiveRandomSearch.evolve(AdaptiveRandomSearch.java:139) [evosuite-client-1.0.4-SNAPSHOT.jar:na]
	at org.evosuite.ga.metaheuristics.art.AdaptiveRandomSearch.generateSolution(AdaptiveRandomSearch.java:270) [evosuite-client-1.0.4-SNAPSHOT.jar:na]
	at org.evosuite.strategy.AdaptiveRandomTestStrategy.generateTests(AdaptiveRandomTestStrategy.java:118) [evosuite-client-1.0.4-SNAPSHOT.jar:na]
	at org.evosuite.TestSuiteGenerator.generateTests(TestSuiteGenerator.java:654) [evosuite-client-1.0.4-SNAPSHOT.jar:na]
	at org.evosuite.TestSuiteGenerator.generateTestSuite(TestSuiteGenerator.java:213) [evosuite-client-1.0.4-SNAPSHOT.jar:na]
	at org.evosuite.rmi.service.ClientNodeImpl$1.run(ClientNodeImpl.java:145) [evosuite-client-1.0.4-SNAPSHOT.jar:na]
	at java.util.concurrent.Executors$RunnableAdapter.call(Executors.java:511) [na:1.8.0_265]
	at java.util.concurrent.FutureTask.run(FutureTask.java:266) [na:1.8.0_265]
	at java.util.concurrent.ThreadPoolExecutor.runWorker(ThreadPoolExecutor.java:1149) [na:1.8.0_265]
	at java.util.concurrent.ThreadPoolExecutor$Worker.run(ThreadPoolExecutor.java:624) [na:1.8.0_265]
	at java.lang.Thread.run(Thread.java:748) [na:1.8.0_265]
Aug 14, 2020 4:49:50 AM org.openqa.selenium.remote.ProtocolHandshake createSession
[MASTER] 12:49:50.383 [Thread-3] ERROR ExternalProcessHandler - Aug 14, 2020 4:49:50 AM org.openqa.selenium.remote.ProtocolHandshake createSession

INFO: Detected dialect: OSS
[MASTER] 12:49:50.383 [Thread-3] ERROR ExternalProcessHandler - INFO: Detected dialect: OSS

Aug 14, 2020 4:49:51 AM org.openqa.selenium.remote.ProtocolHandshake createSession
[MASTER] 12:49:51.528 [Thread-3] ERROR ExternalProcessHandler - Aug 14, 2020 4:49:51 AM org.openqa.selenium.remote.ProtocolHandshake createSession

INFO: Detected dialect: OSS
[MASTER] 12:49:51.528 [Thread-3] ERROR ExternalProcessHandler - INFO: Detected dialect: OSS

Aug 14, 2020 4:49:53 AM po_utils.PageObjectLogging logInfo
[MASTER] 12:49:53.770 [Thread-3] ERROR ExternalProcessHandler - Aug 14, 2020 4:49:53 AM po_utils.PageObjectLogging logInfo

INFO: waitForElementBeingPresentOnPage timeout exception: unable to locate the element By.xpath: //button[text()="Create a new session"]
[MASTER] 12:49:53.771 [Thread-3] ERROR ExternalProcessHandler - INFO: waitForElementBeingPresentOnPage timeout exception: unable to locate the element By.xpath: //button[text()="Create a new session"]


[MASTER] 12:49:53.771 [Thread-3] ERROR ExternalProcessHandler - 


[MASTER] 12:49:53.771 [Thread-3] ERROR ExternalProcessHandler - 

Aug 14, 2020 4:49:55 AM org.openqa.selenium.remote.ProtocolHandshake createSession
[MASTER] 12:49:55.139 [Thread-3] ERROR ExternalProcessHandler - Aug 14, 2020 4:49:55 AM org.openqa.selenium.remote.ProtocolHandshake createSession

INFO: Detected dialect: OSS
[MASTER] 12:49:55.139 [Thread-3] ERROR ExternalProcessHandler - INFO: Detected dialect: OSS

Aug 14, 2020 4:49:58 AM org.openqa.selenium.remote.ProtocolHandshake createSession
[MASTER] 12:49:58.952 [Thread-3] ERROR ExternalProcessHandler - Aug 14, 2020 4:49:58 AM org.openqa.selenium.remote.ProtocolHandshake createSession

INFO: Detected dialect: OSS
[MASTER] 12:49:58.952 [Thread-3] ERROR ExternalProcessHandler - INFO: Detected dialect: OSS

Aug 14, 2020 4:50:01 AM org.openqa.selenium.remote.ProtocolHandshake createSession
[MASTER] 12:50:01.585 [Thread-3] ERROR ExternalProcessHandler - Aug 14, 2020 4:50:01 AM org.openqa.selenium.remote.ProtocolHandshake createSession

INFO: Detected dialect: OSS
[MASTER] 12:50:01.585 [Thread-3] ERROR ExternalProcessHandler - INFO: Detected dialect: OSS

Aug 14, 2020 4:50:02 AM org.openqa.selenium.remote.ProtocolHandshake createSession
[MASTER] 12:50:02.618 [Thread-3] ERROR ExternalProcessHandler - Aug 14, 2020 4:50:02 AM org.openqa.selenium.remote.ProtocolHandshake createSession

INFO: Detected dialect: OSS
[MASTER] 12:50:02.618 [Thread-3] ERROR ExternalProcessHandler - INFO: Detected dialect: OSS

Aug 14, 2020 4:50:03 AM org.openqa.selenium.remote.ProtocolHandshake createSession
[MASTER] 12:50:03.554 [Thread-3] ERROR ExternalProcessHandler - Aug 14, 2020 4:50:03 AM org.openqa.selenium.remote.ProtocolHandshake createSession

INFO: Detected dialect: OSS
[MASTER] 12:50:03.555 [Thread-3] ERROR ExternalProcessHandler - INFO: Detected dialect: OSS

Aug 14, 2020 4:50:05 AM org.openqa.selenium.remote.ProtocolHandshake createSession
[MASTER] 12:50:05.114 [Thread-3] ERROR ExternalProcessHandler - Aug 14, 2020 4:50:05 AM org.openqa.selenium.remote.ProtocolHandshake createSession

INFO: Detected dialect: OSS
[MASTER] 12:50:05.114 [Thread-3] ERROR ExternalProcessHandler - INFO: Detected dialect: OSS

Aug 14, 2020 4:50:06 AM org.openqa.selenium.remote.ProtocolHandshake createSession
[MASTER] 12:50:06.183 [Thread-3] ERROR ExternalProcessHandler - Aug 14, 2020 4:50:06 AM org.openqa.selenium.remote.ProtocolHandshake createSession

INFO: Detected dialect: OSS
[MASTER] 12:50:06.183 [Thread-3] ERROR ExternalProcessHandler - INFO: Detected dialect: OSS

Aug 14, 2020 4:50:08 AM org.openqa.selenium.remote.ProtocolHandshake createSession
[MASTER] 12:50:08.263 [Thread-3] ERROR ExternalProcessHandler - Aug 14, 2020 4:50:08 AM org.openqa.selenium.remote.ProtocolHandshake createSession

INFO: Detected dialect: OSS
[MASTER] 12:50:08.263 [Thread-3] ERROR ExternalProcessHandler - INFO: Detected dialect: OSS

Aug 14, 2020 4:50:09 AM org.openqa.selenium.remote.ProtocolHandshake createSession
[MASTER] 12:50:09.247 [Thread-3] ERROR ExternalProcessHandler - Aug 14, 2020 4:50:09 AM org.openqa.selenium.remote.ProtocolHandshake createSession

INFO: Detected dialect: OSS
[MASTER] 12:50:09.247 [Thread-3] ERROR ExternalProcessHandler - INFO: Detected dialect: OSS

Aug 14, 2020 4:50:11 AM org.openqa.selenium.remote.ProtocolHandshake createSession
[MASTER] 12:50:11.382 [Thread-3] ERROR ExternalProcessHandler - Aug 14, 2020 4:50:11 AM org.openqa.selenium.remote.ProtocolHandshake createSession

INFO: Detected dialect: OSS
[MASTER] 12:50:11.382 [Thread-3] ERROR ExternalProcessHandler - INFO: Detected dialect: OSS

Aug 14, 2020 4:50:15 AM org.openqa.selenium.remote.ProtocolHandshake createSession
[MASTER] 12:50:15.326 [Thread-3] ERROR ExternalProcessHandler - Aug 14, 2020 4:50:15 AM org.openqa.selenium.remote.ProtocolHandshake createSession

INFO: Detected dialect: OSS
[MASTER] 12:50:15.327 [Thread-3] ERROR ExternalProcessHandler - INFO: Detected dialect: OSS

Aug 14, 2020 4:50:16 AM org.openqa.selenium.remote.ProtocolHandshake createSession
[MASTER] 12:50:16.274 [Thread-3] ERROR ExternalProcessHandler - Aug 14, 2020 4:50:16 AM org.openqa.selenium.remote.ProtocolHandshake createSession

INFO: Detected dialect: OSS
[MASTER] 12:50:16.274 [Thread-3] ERROR ExternalProcessHandler - INFO: Detected dialect: OSS

Aug 14, 2020 4:50:17 AM org.openqa.selenium.remote.ProtocolHandshake createSession
[MASTER] 12:50:17.947 [Thread-3] ERROR ExternalProcessHandler - Aug 14, 2020 4:50:17 AM org.openqa.selenium.remote.ProtocolHandshake createSession

INFO: Detected dialect: OSS
[MASTER] 12:50:17.948 [Thread-3] ERROR ExternalProcessHandler - INFO: Detected dialect: OSS

Aug 14, 2020 4:50:21 AM po_utils.PageObjectLogging logInfo
[MASTER] 12:50:21.633 [Thread-3] ERROR ExternalProcessHandler - Aug 14, 2020 4:50:21 AM po_utils.PageObjectLogging logInfo

INFO: waitForElementBeingPresentOnPage timeout exception: unable to locate the element By.xpath: //button[text()="Create a new session"]
[MASTER] 12:50:21.634 [Thread-3] ERROR ExternalProcessHandler - INFO: waitForElementBeingPresentOnPage timeout exception: unable to locate the element By.xpath: //button[text()="Create a new session"]


[MASTER] 12:50:21.634 [Thread-3] ERROR ExternalProcessHandler - 


[MASTER] 12:50:21.634 [Thread-3] ERROR ExternalProcessHandler - 

Aug 14, 2020 4:50:25 AM org.openqa.selenium.remote.ProtocolHandshake createSession
[MASTER] 12:50:25.469 [Thread-3] ERROR ExternalProcessHandler - Aug 14, 2020 4:50:25 AM org.openqa.selenium.remote.ProtocolHandshake createSession

INFO: Detected dialect: OSS
[MASTER] 12:50:25.469 [Thread-3] ERROR ExternalProcessHandler - INFO: Detected dialect: OSS

Aug 14, 2020 4:50:31 AM po_utils.PageObjectLogging logInfo
[MASTER] 12:50:31.833 [Thread-3] ERROR ExternalProcessHandler - Aug 14, 2020 4:50:31 AM po_utils.PageObjectLogging logInfo

INFO: waitForElementBeingPresentOnPage timeout exception: unable to locate the element By.xpath: //button[text()="Create a new session"]
[MASTER] 12:50:31.833 [Thread-3] ERROR ExternalProcessHandler - INFO: waitForElementBeingPresentOnPage timeout exception: unable to locate the element By.xpath: //button[text()="Create a new session"]


[MASTER] 12:50:31.833 [Thread-3] ERROR ExternalProcessHandler - 


[MASTER] 12:50:31.833 [Thread-3] ERROR ExternalProcessHandler - 

Aug 14, 2020 4:50:39 AM org.openqa.selenium.remote.ProtocolHandshake createSession
[MASTER] 12:50:39.239 [Thread-3] ERROR ExternalProcessHandler - Aug 14, 2020 4:50:39 AM org.openqa.selenium.remote.ProtocolHandshake createSession

INFO: Detected dialect: OSS
[MASTER] 12:50:39.240 [Thread-3] ERROR ExternalProcessHandler - INFO: Detected dialect: OSS

Aug 14, 2020 4:50:48 AM po_utils.PageObjectLogging logInfo
[MASTER] 12:50:48.182 [Thread-3] ERROR ExternalProcessHandler - Aug 14, 2020 4:50:48 AM po_utils.PageObjectLogging logInfo

INFO: waitForElementBeingPresentOnPage timeout exception: unable to locate the element By.xpath: //button[text()="Create a new session"]
[MASTER] 12:50:48.184 [Thread-3] ERROR ExternalProcessHandler - INFO: waitForElementBeingPresentOnPage timeout exception: unable to locate the element By.xpath: //button[text()="Create a new session"]


[MASTER] 12:50:48.184 [Thread-3] ERROR ExternalProcessHandler - 


[MASTER] 12:50:48.184 [Thread-3] ERROR ExternalProcessHandler - 

Aug 14, 2020 4:50:59 AM org.openqa.selenium.remote.ProtocolHandshake createSession
[MASTER] 12:50:59.295 [Thread-3] ERROR ExternalProcessHandler - Aug 14, 2020 4:50:59 AM org.openqa.selenium.remote.ProtocolHandshake createSession

INFO: Detected dialect: OSS
[MASTER] 12:50:59.295 [Thread-3] ERROR ExternalProcessHandler - INFO: Detected dialect: OSS

Aug 14, 2020 4:51:10 AM po_utils.PageObjectLogging logInfo
[MASTER] 12:51:10.822 [Thread-3] ERROR ExternalProcessHandler - Aug 14, 2020 4:51:10 AM po_utils.PageObjectLogging logInfo

INFO: waitForElementBeingPresentOnPage timeout exception: unable to locate the element By.xpath: //button[text()="Create a new session"]
[MASTER] 12:51:10.823 [Thread-3] ERROR ExternalProcessHandler - INFO: waitForElementBeingPresentOnPage timeout exception: unable to locate the element By.xpath: //button[text()="Create a new session"]


[MASTER] 12:51:10.823 [Thread-3] ERROR ExternalProcessHandler - 


[MASTER] 12:51:10.823 [Thread-3] ERROR ExternalProcessHandler - 

[MASTER] 12:51:25.508 [logback-2] ERROR TestCaseExecutor - TG: Exception caught: 
java.lang.IllegalStateException: Test generation failed: page object bug.
	at org.evosuite.testcase.execution.TestCaseExecutor.runTest(TestCaseExecutor.java:322) ~[evosuite-client-1.0.4-SNAPSHOT.jar:na]
	at org.evosuite.testcase.TestFitnessFunction.runTest(TestFitnessFunction.java:91) [evosuite-client-1.0.4-SNAPSHOT.jar:na]
	at org.evosuite.testcase.TestFitnessFunction.getFitness(TestFitnessFunction.java:60) [evosuite-client-1.0.4-SNAPSHOT.jar:na]
	at org.evosuite.testcase.TestFitnessFunction.getFitness(TestFitnessFunction.java:34) [evosuite-client-1.0.4-SNAPSHOT.jar:na]
	at org.evosuite.ga.metaheuristics.art.AdaptiveRandomSearch.calculateFitness(AdaptiveRandomSearch.java:312) [evosuite-client-1.0.4-SNAPSHOT.jar:na]
	at org.evosuite.ga.metaheuristics.art.AdaptiveRandomSearch.evolve(AdaptiveRandomSearch.java:139) [evosuite-client-1.0.4-SNAPSHOT.jar:na]
	at org.evosuite.ga.metaheuristics.art.AdaptiveRandomSearch.generateSolution(AdaptiveRandomSearch.java:270) [evosuite-client-1.0.4-SNAPSHOT.jar:na]
	at org.evosuite.strategy.AdaptiveRandomTestStrategy.generateTests(AdaptiveRandomTestStrategy.java:118) [evosuite-client-1.0.4-SNAPSHOT.jar:na]
	at org.evosuite.TestSuiteGenerator.generateTests(TestSuiteGenerator.java:654) [evosuite-client-1.0.4-SNAPSHOT.jar:na]
	at org.evosuite.TestSuiteGenerator.generateTestSuite(TestSuiteGenerator.java:213) [evosuite-client-1.0.4-SNAPSHOT.jar:na]
	at org.evosuite.rmi.service.ClientNodeImpl$1.run(ClientNodeImpl.java:145) [evosuite-client-1.0.4-SNAPSHOT.jar:na]
	at java.util.concurrent.Executors$RunnableAdapter.call(Executors.java:511) [na:1.8.0_265]
	at java.util.concurrent.FutureTask.run(FutureTask.java:266) [na:1.8.0_265]
	at java.util.concurrent.ThreadPoolExecutor.runWorker(ThreadPoolExecutor.java:1149) [na:1.8.0_265]
	at java.util.concurrent.ThreadPoolExecutor$Worker.run(ThreadPoolExecutor.java:624) [na:1.8.0_265]
	at java.lang.Thread.run(Thread.java:748) [na:1.8.0_265]
Aug 14, 2020 4:51:25 AM org.openqa.selenium.remote.ProtocolHandshake createSession
[MASTER] 12:51:25.749 [Thread-3] ERROR ExternalProcessHandler - Aug 14, 2020 4:51:25 AM org.openqa.selenium.remote.ProtocolHandshake createSession

INFO: Detected dialect: OSS
[MASTER] 12:51:25.749 [Thread-3] ERROR ExternalProcessHandler - INFO: Detected dialect: OSS

Aug 14, 2020 4:51:27 AM org.openqa.selenium.remote.ProtocolHandshake createSession
[MASTER] 12:51:27.183 [Thread-3] ERROR ExternalProcessHandler - Aug 14, 2020 4:51:27 AM org.openqa.selenium.remote.ProtocolHandshake createSession

INFO: Detected dialect: OSS
[MASTER] 12:51:27.183 [Thread-3] ERROR ExternalProcessHandler - INFO: Detected dialect: OSS

Aug 14, 2020 4:51:28 AM org.openqa.selenium.remote.ProtocolHandshake createSession
[MASTER] 12:51:28.230 [Thread-3] ERROR ExternalProcessHandler - Aug 14, 2020 4:51:28 AM org.openqa.selenium.remote.ProtocolHandshake createSession

INFO: Detected dialect: OSS
[MASTER] 12:51:28.230 [Thread-3] ERROR ExternalProcessHandler - INFO: Detected dialect: OSS

Aug 14, 2020 4:51:29 AM org.openqa.selenium.remote.ProtocolHandshake createSession
[MASTER] 12:51:29.832 [Thread-3] ERROR ExternalProcessHandler - Aug 14, 2020 4:51:29 AM org.openqa.selenium.remote.ProtocolHandshake createSession

INFO: Detected dialect: OSS
[MASTER] 12:51:29.833 [Thread-3] ERROR ExternalProcessHandler - INFO: Detected dialect: OSS

Aug 14, 2020 4:51:31 AM po_utils.PageObjectLogging logInfo
[MASTER] 12:51:31.552 [Thread-3] ERROR ExternalProcessHandler - Aug 14, 2020 4:51:31 AM po_utils.PageObjectLogging logInfo

INFO: waitForElementBeingPresentOnPage timeout exception: unable to locate the element By.xpath: //button[text()="Create a new session"]
[MASTER] 12:51:31.553 [Thread-3] ERROR ExternalProcessHandler - INFO: waitForElementBeingPresentOnPage timeout exception: unable to locate the element By.xpath: //button[text()="Create a new session"]


[MASTER] 12:51:31.553 [Thread-3] ERROR ExternalProcessHandler - 


[MASTER] 12:51:31.553 [Thread-3] ERROR ExternalProcessHandler - 

Aug 14, 2020 4:51:33 AM org.openqa.selenium.remote.ProtocolHandshake createSession
[MASTER] 12:51:33.382 [Thread-3] ERROR ExternalProcessHandler - Aug 14, 2020 4:51:33 AM org.openqa.selenium.remote.ProtocolHandshake createSession

INFO: Detected dialect: OSS
[MASTER] 12:51:33.382 [Thread-3] ERROR ExternalProcessHandler - INFO: Detected dialect: OSS

Aug 14, 2020 4:51:36 AM po_utils.PageObjectLogging logInfo
[MASTER] 12:51:36.829 [Thread-3] ERROR ExternalProcessHandler - Aug 14, 2020 4:51:36 AM po_utils.PageObjectLogging logInfo

INFO: waitForElementBeingPresentOnPage timeout exception: unable to locate the element By.xpath: //button[text()="Create a new session"]
[MASTER] 12:51:36.830 [Thread-3] ERROR ExternalProcessHandler - INFO: waitForElementBeingPresentOnPage timeout exception: unable to locate the element By.xpath: //button[text()="Create a new session"]


[MASTER] 12:51:36.830 [Thread-3] ERROR ExternalProcessHandler - 


[MASTER] 12:51:36.830 [Thread-3] ERROR ExternalProcessHandler - 

Aug 14, 2020 4:51:43 AM org.openqa.selenium.remote.ProtocolHandshake createSession
[MASTER] 12:51:43.265 [Thread-3] ERROR ExternalProcessHandler - Aug 14, 2020 4:51:43 AM org.openqa.selenium.remote.ProtocolHandshake createSession

INFO: Detected dialect: OSS
[MASTER] 12:51:43.265 [Thread-3] ERROR ExternalProcessHandler - INFO: Detected dialect: OSS

Aug 14, 2020 4:51:48 AM po_utils.PageObjectLogging logInfo
[MASTER] 12:51:48.231 [Thread-3] ERROR ExternalProcessHandler - Aug 14, 2020 4:51:48 AM po_utils.PageObjectLogging logInfo

INFO: waitForElementBeingPresentOnPage timeout exception: unable to locate the element By.xpath: //button[text()="Create a new session"]
[MASTER] 12:51:48.233 [Thread-3] ERROR ExternalProcessHandler - INFO: waitForElementBeingPresentOnPage timeout exception: unable to locate the element By.xpath: //button[text()="Create a new session"]


[MASTER] 12:51:48.233 [Thread-3] ERROR ExternalProcessHandler - 


[MASTER] 12:51:48.233 [Thread-3] ERROR ExternalProcessHandler - 

Aug 14, 2020 4:51:59 AM org.openqa.selenium.remote.ProtocolHandshake createSession
[MASTER] 12:51:59.147 [Thread-3] ERROR ExternalProcessHandler - Aug 14, 2020 4:51:59 AM org.openqa.selenium.remote.ProtocolHandshake createSession

INFO: Detected dialect: OSS
[MASTER] 12:51:59.148 [Thread-3] ERROR ExternalProcessHandler - INFO: Detected dialect: OSS

Aug 14, 2020 4:52:05 AM po_utils.PageObjectLogging logInfo
[MASTER] 12:52:05.794 [Thread-3] ERROR ExternalProcessHandler - Aug 14, 2020 4:52:05 AM po_utils.PageObjectLogging logInfo

INFO: waitForElementBeingPresentOnPage timeout exception: unable to locate the element By.xpath: //button[text()="Create a new session"]
[MASTER] 12:52:05.795 [Thread-3] ERROR ExternalProcessHandler - INFO: waitForElementBeingPresentOnPage timeout exception: unable to locate the element By.xpath: //button[text()="Create a new session"]


[MASTER] 12:52:05.795 [Thread-3] ERROR ExternalProcessHandler - 


[MASTER] 12:52:05.795 [Thread-3] ERROR ExternalProcessHandler - 

[MASTER] 12:52:21.054 [logback-2] ERROR TestCaseExecutor - TG: Exception caught: 
java.lang.IllegalStateException: Test generation failed: page object bug.
	at org.evosuite.testcase.execution.TestCaseExecutor.runTest(TestCaseExecutor.java:322) ~[evosuite-client-1.0.4-SNAPSHOT.jar:na]
	at org.evosuite.testcase.TestFitnessFunction.runTest(TestFitnessFunction.java:91) [evosuite-client-1.0.4-SNAPSHOT.jar:na]
	at org.evosuite.testcase.TestFitnessFunction.getFitness(TestFitnessFunction.java:60) [evosuite-client-1.0.4-SNAPSHOT.jar:na]
	at org.evosuite.testcase.TestFitnessFunction.getFitness(TestFitnessFunction.java:34) [evosuite-client-1.0.4-SNAPSHOT.jar:na]
	at org.evosuite.ga.metaheuristics.art.AdaptiveRandomSearch.calculateFitness(AdaptiveRandomSearch.java:312) [evosuite-client-1.0.4-SNAPSHOT.jar:na]
	at org.evosuite.ga.metaheuristics.art.AdaptiveRandomSearch.evolve(AdaptiveRandomSearch.java:139) [evosuite-client-1.0.4-SNAPSHOT.jar:na]
	at org.evosuite.ga.metaheuristics.art.AdaptiveRandomSearch.generateSolution(AdaptiveRandomSearch.java:270) [evosuite-client-1.0.4-SNAPSHOT.jar:na]
	at org.evosuite.strategy.AdaptiveRandomTestStrategy.generateTests(AdaptiveRandomTestStrategy.java:118) [evosuite-client-1.0.4-SNAPSHOT.jar:na]
	at org.evosuite.TestSuiteGenerator.generateTests(TestSuiteGenerator.java:654) [evosuite-client-1.0.4-SNAPSHOT.jar:na]
	at org.evosuite.TestSuiteGenerator.generateTestSuite(TestSuiteGenerator.java:213) [evosuite-client-1.0.4-SNAPSHOT.jar:na]
	at org.evosuite.rmi.service.ClientNodeImpl$1.run(ClientNodeImpl.java:145) [evosuite-client-1.0.4-SNAPSHOT.jar:na]
	at java.util.concurrent.Executors$RunnableAdapter.call(Executors.java:511) [na:1.8.0_265]
	at java.util.concurrent.FutureTask.run(FutureTask.java:266) [na:1.8.0_265]
	at java.util.concurrent.ThreadPoolExecutor.runWorker(ThreadPoolExecutor.java:1149) [na:1.8.0_265]
	at java.util.concurrent.ThreadPoolExecutor$Worker.run(ThreadPoolExecutor.java:624) [na:1.8.0_265]
	at java.lang.Thread.run(Thread.java:748) [na:1.8.0_265]
Aug 14, 2020 4:52:21 AM org.openqa.selenium.remote.ProtocolHandshake createSession
[MASTER] 12:52:21.231 [Thread-3] ERROR ExternalProcessHandler - Aug 14, 2020 4:52:21 AM org.openqa.selenium.remote.ProtocolHandshake createSession

INFO: Detected dialect: OSS
[MASTER] 12:52:21.231 [Thread-3] ERROR ExternalProcessHandler - INFO: Detected dialect: OSS

Aug 14, 2020 4:52:23 AM org.openqa.selenium.remote.ProtocolHandshake createSession
[MASTER] 12:52:23.696 [Thread-3] ERROR ExternalProcessHandler - Aug 14, 2020 4:52:23 AM org.openqa.selenium.remote.ProtocolHandshake createSession

INFO: Detected dialect: OSS
[MASTER] 12:52:23.696 [Thread-3] ERROR ExternalProcessHandler - INFO: Detected dialect: OSS

Aug 14, 2020 4:52:32 AM org.openqa.selenium.remote.ProtocolHandshake createSession
[MASTER] 12:52:32.526 [Thread-3] ERROR ExternalProcessHandler - Aug 14, 2020 4:52:32 AM org.openqa.selenium.remote.ProtocolHandshake createSession

INFO: Detected dialect: OSS
[MASTER] 12:52:32.526 [Thread-3] ERROR ExternalProcessHandler - INFO: Detected dialect: OSS

Aug 14, 2020 4:52:47 AM org.openqa.selenium.remote.ProtocolHandshake createSession
[MASTER] 12:52:47.434 [Thread-3] ERROR ExternalProcessHandler - Aug 14, 2020 4:52:47 AM org.openqa.selenium.remote.ProtocolHandshake createSession

INFO: Detected dialect: OSS
[MASTER] 12:52:47.434 [Thread-3] ERROR ExternalProcessHandler - INFO: Detected dialect: OSS

[MASTER] 12:53:08.490 [logback-2] ERROR TestCaseExecutor - TG: Exception caught: 
java.lang.IllegalStateException: Test generation failed: page object bug.
	at org.evosuite.testcase.execution.TestCaseExecutor.runTest(TestCaseExecutor.java:322) ~[evosuite-client-1.0.4-SNAPSHOT.jar:na]
	at org.evosuite.testcase.TestFitnessFunction.runTest(TestFitnessFunction.java:91) [evosuite-client-1.0.4-SNAPSHOT.jar:na]
	at org.evosuite.testcase.TestFitnessFunction.getFitness(TestFitnessFunction.java:60) [evosuite-client-1.0.4-SNAPSHOT.jar:na]
	at org.evosuite.testcase.TestFitnessFunction.getFitness(TestFitnessFunction.java:34) [evosuite-client-1.0.4-SNAPSHOT.jar:na]
	at org.evosuite.ga.metaheuristics.art.AdaptiveRandomSearch.calculateFitness(AdaptiveRandomSearch.java:312) [evosuite-client-1.0.4-SNAPSHOT.jar:na]
	at org.evosuite.ga.metaheuristics.art.AdaptiveRandomSearch.evolve(AdaptiveRandomSearch.java:139) [evosuite-client-1.0.4-SNAPSHOT.jar:na]
	at org.evosuite.ga.metaheuristics.art.AdaptiveRandomSearch.generateSolution(AdaptiveRandomSearch.java:270) [evosuite-client-1.0.4-SNAPSHOT.jar:na]
	at org.evosuite.strategy.AdaptiveRandomTestStrategy.generateTests(AdaptiveRandomTestStrategy.java:118) [evosuite-client-1.0.4-SNAPSHOT.jar:na]
	at org.evosuite.TestSuiteGenerator.generateTests(TestSuiteGenerator.java:654) [evosuite-client-1.0.4-SNAPSHOT.jar:na]
	at org.evosuite.TestSuiteGenerator.generateTestSuite(TestSuiteGenerator.java:213) [evosuite-client-1.0.4-SNAPSHOT.jar:na]
	at org.evosuite.rmi.service.ClientNodeImpl$1.run(ClientNodeImpl.java:145) [evosuite-client-1.0.4-SNAPSHOT.jar:na]
	at java.util.concurrent.Executors$RunnableAdapter.call(Executors.java:511) [na:1.8.0_265]
	at java.util.concurrent.FutureTask.run(FutureTask.java:266) [na:1.8.0_265]
	at java.util.concurrent.ThreadPoolExecutor.runWorker(ThreadPoolExecutor.java:1149) [na:1.8.0_265]
	at java.util.concurrent.ThreadPoolExecutor$Worker.run(ThreadPoolExecutor.java:624) [na:1.8.0_265]
	at java.lang.Thread.run(Thread.java:748) [na:1.8.0_265]
Aug 14, 2020 4:53:08 AM org.openqa.selenium.remote.ProtocolHandshake createSession
[MASTER] 12:53:08.723 [Thread-3] ERROR ExternalProcessHandler - Aug 14, 2020 4:53:08 AM org.openqa.selenium.remote.ProtocolHandshake createSession

INFO: Detected dialect: OSS
[MASTER] 12:53:08.723 [Thread-3] ERROR ExternalProcessHandler - INFO: Detected dialect: OSS

Aug 14, 2020 4:53:11 AM org.openqa.selenium.remote.ProtocolHandshake createSession
[MASTER] 12:53:11.713 [Thread-3] ERROR ExternalProcessHandler - Aug 14, 2020 4:53:11 AM org.openqa.selenium.remote.ProtocolHandshake createSession

INFO: Detected dialect: OSS
[MASTER] 12:53:11.713 [Thread-3] ERROR ExternalProcessHandler - INFO: Detected dialect: OSS

Aug 14, 2020 4:53:20 AM org.openqa.selenium.remote.ProtocolHandshake createSession
[MASTER] 12:53:20.153 [Thread-3] ERROR ExternalProcessHandler - Aug 14, 2020 4:53:20 AM org.openqa.selenium.remote.ProtocolHandshake createSession

INFO: Detected dialect: OSS
[MASTER] 12:53:20.153 [Thread-3] ERROR ExternalProcessHandler - INFO: Detected dialect: OSS

Aug 14, 2020 4:53:33 AM org.openqa.selenium.remote.ProtocolHandshake createSession
[MASTER] 12:53:33.918 [Thread-3] ERROR ExternalProcessHandler - Aug 14, 2020 4:53:33 AM org.openqa.selenium.remote.ProtocolHandshake createSession

INFO: Detected dialect: OSS
[MASTER] 12:53:33.918 [Thread-3] ERROR ExternalProcessHandler - INFO: Detected dialect: OSS

[MASTER] 12:53:52.668 [logback-2] ERROR TestCaseExecutor - TG: Exception caught: 
java.lang.IllegalStateException: Test generation failed: page object bug.
	at org.evosuite.testcase.execution.TestCaseExecutor.runTest(TestCaseExecutor.java:322) ~[evosuite-client-1.0.4-SNAPSHOT.jar:na]
	at org.evosuite.testcase.TestFitnessFunction.runTest(TestFitnessFunction.java:91) [evosuite-client-1.0.4-SNAPSHOT.jar:na]
	at org.evosuite.testcase.TestFitnessFunction.getFitness(TestFitnessFunction.java:60) [evosuite-client-1.0.4-SNAPSHOT.jar:na]
	at org.evosuite.testcase.TestFitnessFunction.getFitness(TestFitnessFunction.java:34) [evosuite-client-1.0.4-SNAPSHOT.jar:na]
	at org.evosuite.ga.metaheuristics.art.AdaptiveRandomSearch.calculateFitness(AdaptiveRandomSearch.java:312) [evosuite-client-1.0.4-SNAPSHOT.jar:na]
	at org.evosuite.ga.metaheuristics.art.AdaptiveRandomSearch.evolve(AdaptiveRandomSearch.java:139) [evosuite-client-1.0.4-SNAPSHOT.jar:na]
	at org.evosuite.ga.metaheuristics.art.AdaptiveRandomSearch.generateSolution(AdaptiveRandomSearch.java:270) [evosuite-client-1.0.4-SNAPSHOT.jar:na]
	at org.evosuite.strategy.AdaptiveRandomTestStrategy.generateTests(AdaptiveRandomTestStrategy.java:118) [evosuite-client-1.0.4-SNAPSHOT.jar:na]
	at org.evosuite.TestSuiteGenerator.generateTests(TestSuiteGenerator.java:654) [evosuite-client-1.0.4-SNAPSHOT.jar:na]
	at org.evosuite.TestSuiteGenerator.generateTestSuite(TestSuiteGenerator.java:213) [evosuite-client-1.0.4-SNAPSHOT.jar:na]
	at org.evosuite.rmi.service.ClientNodeImpl$1.run(ClientNodeImpl.java:145) [evosuite-client-1.0.4-SNAPSHOT.jar:na]
	at java.util.concurrent.Executors$RunnableAdapter.call(Executors.java:511) [na:1.8.0_265]
	at java.util.concurrent.FutureTask.run(FutureTask.java:266) [na:1.8.0_265]
	at java.util.concurrent.ThreadPoolExecutor.runWorker(ThreadPoolExecutor.java:1149) [na:1.8.0_265]
	at java.util.concurrent.ThreadPoolExecutor$Worker.run(ThreadPoolExecutor.java:624) [na:1.8.0_265]
	at java.lang.Thread.run(Thread.java:748) [na:1.8.0_265]
Aug 14, 2020 4:53:52 AM org.openqa.selenium.remote.ProtocolHandshake createSession
[MASTER] 12:53:52.888 [Thread-3] ERROR ExternalProcessHandler - Aug 14, 2020 4:53:52 AM org.openqa.selenium.remote.ProtocolHandshake createSession

INFO: Detected dialect: OSS
[MASTER] 12:53:52.889 [Thread-3] ERROR ExternalProcessHandler - INFO: Detected dialect: OSS

Aug 14, 2020 4:53:54 AM org.openqa.selenium.remote.ProtocolHandshake createSession
[MASTER] 12:53:54.155 [Thread-3] ERROR ExternalProcessHandler - Aug 14, 2020 4:53:54 AM org.openqa.selenium.remote.ProtocolHandshake createSession

INFO: Detected dialect: OSS
[MASTER] 12:53:54.155 [Thread-3] ERROR ExternalProcessHandler - INFO: Detected dialect: OSS

Aug 14, 2020 4:53:55 AM org.openqa.selenium.remote.ProtocolHandshake createSession
[MASTER] 12:53:55.189 [Thread-3] ERROR ExternalProcessHandler - Aug 14, 2020 4:53:55 AM org.openqa.selenium.remote.ProtocolHandshake createSession

INFO: Detected dialect: OSS
[MASTER] 12:53:55.189 [Thread-3] ERROR ExternalProcessHandler - INFO: Detected dialect: OSS

Aug 14, 2020 4:53:57 AM org.openqa.selenium.remote.ProtocolHandshake createSession
[MASTER] 12:53:57.505 [Thread-3] ERROR ExternalProcessHandler - Aug 14, 2020 4:53:57 AM org.openqa.selenium.remote.ProtocolHandshake createSession

INFO: Detected dialect: OSS
[MASTER] 12:53:57.505 [Thread-3] ERROR ExternalProcessHandler - INFO: Detected dialect: OSS

Aug 14, 2020 4:54:01 AM org.openqa.selenium.remote.ProtocolHandshake createSession
[MASTER] 12:54:01.320 [Thread-3] ERROR ExternalProcessHandler - Aug 14, 2020 4:54:01 AM org.openqa.selenium.remote.ProtocolHandshake createSession

INFO: Detected dialect: OSS
[MASTER] 12:54:01.320 [Thread-3] ERROR ExternalProcessHandler - INFO: Detected dialect: OSS

Aug 14, 2020 4:54:10 AM org.openqa.selenium.remote.ProtocolHandshake createSession
[MASTER] 12:54:10.741 [Thread-3] ERROR ExternalProcessHandler - Aug 14, 2020 4:54:10 AM org.openqa.selenium.remote.ProtocolHandshake createSession

INFO: Detected dialect: OSS
[MASTER] 12:54:10.741 [Thread-3] ERROR ExternalProcessHandler - INFO: Detected dialect: OSS

Aug 14, 2020 4:54:25 AM org.openqa.selenium.remote.ProtocolHandshake createSession
[MASTER] 12:54:25.691 [Thread-3] ERROR ExternalProcessHandler - Aug 14, 2020 4:54:25 AM org.openqa.selenium.remote.ProtocolHandshake createSession

INFO: Detected dialect: OSS
[MASTER] 12:54:25.691 [Thread-3] ERROR ExternalProcessHandler - INFO: Detected dialect: OSS

[MASTER] 12:54:46.062 [logback-2] ERROR TestCaseExecutor - TG: Exception caught: 
java.lang.IllegalStateException: Test generation failed: page object bug.
	at org.evosuite.testcase.execution.TestCaseExecutor.runTest(TestCaseExecutor.java:322) ~[evosuite-client-1.0.4-SNAPSHOT.jar:na]
	at org.evosuite.testcase.TestFitnessFunction.runTest(TestFitnessFunction.java:91) [evosuite-client-1.0.4-SNAPSHOT.jar:na]
	at org.evosuite.testcase.TestFitnessFunction.getFitness(TestFitnessFunction.java:60) [evosuite-client-1.0.4-SNAPSHOT.jar:na]
	at org.evosuite.testcase.TestFitnessFunction.getFitness(TestFitnessFunction.java:34) [evosuite-client-1.0.4-SNAPSHOT.jar:na]
	at org.evosuite.ga.metaheuristics.art.AdaptiveRandomSearch.calculateFitness(AdaptiveRandomSearch.java:312) [evosuite-client-1.0.4-SNAPSHOT.jar:na]
	at org.evosuite.ga.metaheuristics.art.AdaptiveRandomSearch.evolve(AdaptiveRandomSearch.java:139) [evosuite-client-1.0.4-SNAPSHOT.jar:na]
	at org.evosuite.ga.metaheuristics.art.AdaptiveRandomSearch.generateSolution(AdaptiveRandomSearch.java:270) [evosuite-client-1.0.4-SNAPSHOT.jar:na]
	at org.evosuite.strategy.AdaptiveRandomTestStrategy.generateTests(AdaptiveRandomTestStrategy.java:118) [evosuite-client-1.0.4-SNAPSHOT.jar:na]
	at org.evosuite.TestSuiteGenerator.generateTests(TestSuiteGenerator.java:654) [evosuite-client-1.0.4-SNAPSHOT.jar:na]
	at org.evosuite.TestSuiteGenerator.generateTestSuite(TestSuiteGenerator.java:213) [evosuite-client-1.0.4-SNAPSHOT.jar:na]
	at org.evosuite.rmi.service.ClientNodeImpl$1.run(ClientNodeImpl.java:145) [evosuite-client-1.0.4-SNAPSHOT.jar:na]
	at java.util.concurrent.Executors$RunnableAdapter.call(Executors.java:511) [na:1.8.0_265]
	at java.util.concurrent.FutureTask.run(FutureTask.java:266) [na:1.8.0_265]
	at java.util.concurrent.ThreadPoolExecutor.runWorker(ThreadPoolExecutor.java:1149) [na:1.8.0_265]
	at java.util.concurrent.ThreadPoolExecutor$Worker.run(ThreadPoolExecutor.java:624) [na:1.8.0_265]
	at java.lang.Thread.run(Thread.java:748) [na:1.8.0_265]
Aug 14, 2020 4:54:46 AM org.openqa.selenium.remote.ProtocolHandshake createSession
[MASTER] 12:54:46.273 [Thread-3] ERROR ExternalProcessHandler - Aug 14, 2020 4:54:46 AM org.openqa.selenium.remote.ProtocolHandshake createSession

INFO: Detected dialect: OSS
[MASTER] 12:54:46.273 [Thread-3] ERROR ExternalProcessHandler - INFO: Detected dialect: OSS

Aug 14, 2020 4:54:51 AM org.openqa.selenium.remote.ProtocolHandshake createSession
[MASTER] 12:54:51.246 [Thread-3] ERROR ExternalProcessHandler - Aug 14, 2020 4:54:51 AM org.openqa.selenium.remote.ProtocolHandshake createSession

INFO: Detected dialect: OSS
[MASTER] 12:54:51.246 [Thread-3] ERROR ExternalProcessHandler - INFO: Detected dialect: OSS

Aug 14, 2020 4:55:02 AM org.openqa.selenium.remote.ProtocolHandshake createSession
[MASTER] 12:55:02.005 [Thread-3] ERROR ExternalProcessHandler - Aug 14, 2020 4:55:02 AM org.openqa.selenium.remote.ProtocolHandshake createSession

INFO: Detected dialect: OSS
[MASTER] 12:55:02.005 [Thread-3] ERROR ExternalProcessHandler - INFO: Detected dialect: OSS

Aug 14, 2020 4:55:18 AM org.openqa.selenium.remote.ProtocolHandshake createSession
[MASTER] 12:55:18.389 [Thread-3] ERROR ExternalProcessHandler - Aug 14, 2020 4:55:18 AM org.openqa.selenium.remote.ProtocolHandshake createSession

INFO: Detected dialect: OSS
[MASTER] 12:55:18.389 [Thread-3] ERROR ExternalProcessHandler - INFO: Detected dialect: OSS

[MASTER] 12:55:40.529 [logback-2] ERROR TestCaseExecutor - TG: Exception caught: 
java.lang.IllegalStateException: Test generation failed: page object bug.
	at org.evosuite.testcase.execution.TestCaseExecutor.runTest(TestCaseExecutor.java:322) ~[evosuite-client-1.0.4-SNAPSHOT.jar:na]
	at org.evosuite.testcase.TestFitnessFunction.runTest(TestFitnessFunction.java:91) [evosuite-client-1.0.4-SNAPSHOT.jar:na]
	at org.evosuite.testcase.TestFitnessFunction.getFitness(TestFitnessFunction.java:60) [evosuite-client-1.0.4-SNAPSHOT.jar:na]
	at org.evosuite.testcase.TestFitnessFunction.getFitness(TestFitnessFunction.java:34) [evosuite-client-1.0.4-SNAPSHOT.jar:na]
	at org.evosuite.ga.metaheuristics.art.AdaptiveRandomSearch.calculateFitness(AdaptiveRandomSearch.java:312) [evosuite-client-1.0.4-SNAPSHOT.jar:na]
	at org.evosuite.ga.metaheuristics.art.AdaptiveRandomSearch.evolve(AdaptiveRandomSearch.java:139) [evosuite-client-1.0.4-SNAPSHOT.jar:na]
	at org.evosuite.ga.metaheuristics.art.AdaptiveRandomSearch.generateSolution(AdaptiveRandomSearch.java:270) [evosuite-client-1.0.4-SNAPSHOT.jar:na]
	at org.evosuite.strategy.AdaptiveRandomTestStrategy.generateTests(AdaptiveRandomTestStrategy.java:118) [evosuite-client-1.0.4-SNAPSHOT.jar:na]
	at org.evosuite.TestSuiteGenerator.generateTests(TestSuiteGenerator.java:654) [evosuite-client-1.0.4-SNAPSHOT.jar:na]
	at org.evosuite.TestSuiteGenerator.generateTestSuite(TestSuiteGenerator.java:213) [evosuite-client-1.0.4-SNAPSHOT.jar:na]
	at org.evosuite.rmi.service.ClientNodeImpl$1.run(ClientNodeImpl.java:145) [evosuite-client-1.0.4-SNAPSHOT.jar:na]
	at java.util.concurrent.Executors$RunnableAdapter.call(Executors.java:511) [na:1.8.0_265]
	at java.util.concurrent.FutureTask.run(FutureTask.java:266) [na:1.8.0_265]
	at java.util.concurrent.ThreadPoolExecutor.runWorker(ThreadPoolExecutor.java:1149) [na:1.8.0_265]
	at java.util.concurrent.ThreadPoolExecutor$Worker.run(ThreadPoolExecutor.java:624) [na:1.8.0_265]
	at java.lang.Thread.run(Thread.java:748) [na:1.8.0_265]
Aug 14, 2020 4:55:40 AM org.openqa.selenium.remote.ProtocolHandshake createSession
[MASTER] 12:55:40.750 [Thread-3] ERROR ExternalProcessHandler - Aug 14, 2020 4:55:40 AM org.openqa.selenium.remote.ProtocolHandshake createSession

INFO: Detected dialect: OSS
[MASTER] 12:55:40.750 [Thread-3] ERROR ExternalProcessHandler - INFO: Detected dialect: OSS

Aug 14, 2020 4:55:41 AM org.openqa.selenium.remote.ProtocolHandshake createSession
[MASTER] 12:55:41.906 [Thread-3] ERROR ExternalProcessHandler - Aug 14, 2020 4:55:41 AM org.openqa.selenium.remote.ProtocolHandshake createSession

INFO: Detected dialect: OSS
[MASTER] 12:55:41.906 [Thread-3] ERROR ExternalProcessHandler - INFO: Detected dialect: OSS

Aug 14, 2020 4:55:43 AM org.openqa.selenium.remote.ProtocolHandshake createSession
[MASTER] 12:55:43.485 [Thread-3] ERROR ExternalProcessHandler - Aug 14, 2020 4:55:43 AM org.openqa.selenium.remote.ProtocolHandshake createSession

INFO: Detected dialect: OSS
[MASTER] 12:55:43.485 [Thread-3] ERROR ExternalProcessHandler - INFO: Detected dialect: OSS

Aug 14, 2020 4:55:48 AM org.openqa.selenium.remote.ProtocolHandshake createSession
[MASTER] 12:55:48.896 [Thread-3] ERROR ExternalProcessHandler - Aug 14, 2020 4:55:48 AM org.openqa.selenium.remote.ProtocolHandshake createSession

INFO: Detected dialect: OSS
[MASTER] 12:55:48.896 [Thread-3] ERROR ExternalProcessHandler - INFO: Detected dialect: OSS

Aug 14, 2020 4:55:59 AM org.openqa.selenium.remote.ProtocolHandshake createSession
[MASTER] 12:55:59.507 [Thread-3] ERROR ExternalProcessHandler - Aug 14, 2020 4:55:59 AM org.openqa.selenium.remote.ProtocolHandshake createSession

INFO: Detected dialect: OSS
[MASTER] 12:55:59.507 [Thread-3] ERROR ExternalProcessHandler - INFO: Detected dialect: OSS

Aug 14, 2020 4:56:15 AM org.openqa.selenium.remote.ProtocolHandshake createSession
[MASTER] 12:56:15.494 [Thread-3] ERROR ExternalProcessHandler - Aug 14, 2020 4:56:15 AM org.openqa.selenium.remote.ProtocolHandshake createSession

INFO: Detected dialect: OSS
[MASTER] 12:56:15.494 [Thread-3] ERROR ExternalProcessHandler - INFO: Detected dialect: OSS

[MASTER] 12:56:36.654 [logback-2] ERROR TestCaseExecutor - TG: Exception caught: 
java.lang.IllegalStateException: Test generation failed: page object bug.
	at org.evosuite.testcase.execution.TestCaseExecutor.runTest(TestCaseExecutor.java:322) ~[evosuite-client-1.0.4-SNAPSHOT.jar:na]
	at org.evosuite.testcase.TestFitnessFunction.runTest(TestFitnessFunction.java:91) [evosuite-client-1.0.4-SNAPSHOT.jar:na]
	at org.evosuite.testcase.TestFitnessFunction.getFitness(TestFitnessFunction.java:60) [evosuite-client-1.0.4-SNAPSHOT.jar:na]
	at org.evosuite.testcase.TestFitnessFunction.getFitness(TestFitnessFunction.java:34) [evosuite-client-1.0.4-SNAPSHOT.jar:na]
	at org.evosuite.ga.metaheuristics.art.AdaptiveRandomSearch.calculateFitness(AdaptiveRandomSearch.java:312) [evosuite-client-1.0.4-SNAPSHOT.jar:na]
	at org.evosuite.ga.metaheuristics.art.AdaptiveRandomSearch.evolve(AdaptiveRandomSearch.java:139) [evosuite-client-1.0.4-SNAPSHOT.jar:na]
	at org.evosuite.ga.metaheuristics.art.AdaptiveRandomSearch.generateSolution(AdaptiveRandomSearch.java:270) [evosuite-client-1.0.4-SNAPSHOT.jar:na]
	at org.evosuite.strategy.AdaptiveRandomTestStrategy.generateTests(AdaptiveRandomTestStrategy.java:118) [evosuite-client-1.0.4-SNAPSHOT.jar:na]
	at org.evosuite.TestSuiteGenerator.generateTests(TestSuiteGenerator.java:654) [evosuite-client-1.0.4-SNAPSHOT.jar:na]
	at org.evosuite.TestSuiteGenerator.generateTestSuite(TestSuiteGenerator.java:213) [evosuite-client-1.0.4-SNAPSHOT.jar:na]
	at org.evosuite.rmi.service.ClientNodeImpl$1.run(ClientNodeImpl.java:145) [evosuite-client-1.0.4-SNAPSHOT.jar:na]
	at java.util.concurrent.Executors$RunnableAdapter.call(Executors.java:511) [na:1.8.0_265]
	at java.util.concurrent.FutureTask.run(FutureTask.java:266) [na:1.8.0_265]
	at java.util.concurrent.ThreadPoolExecutor.runWorker(ThreadPoolExecutor.java:1149) [na:1.8.0_265]
	at java.util.concurrent.ThreadPoolExecutor$Worker.run(ThreadPoolExecutor.java:624) [na:1.8.0_265]
	at java.lang.Thread.run(Thread.java:748) [na:1.8.0_265]
Aug 14, 2020 4:56:36 AM org.openqa.selenium.remote.ProtocolHandshake createSession
[MASTER] 12:56:36.888 [Thread-3] ERROR ExternalProcessHandler - Aug 14, 2020 4:56:36 AM org.openqa.selenium.remote.ProtocolHandshake createSession

INFO: Detected dialect: OSS
[MASTER] 12:56:36.888 [Thread-3] ERROR ExternalProcessHandler - INFO: Detected dialect: OSS

Aug 14, 2020 4:56:38 AM po_utils.PageObjectLogging logInfo
[MASTER] 12:56:38.295 [Thread-3] ERROR ExternalProcessHandler - Aug 14, 2020 4:56:38 AM po_utils.PageObjectLogging logInfo

INFO: waitForElementBeingPresentOnPage timeout exception: unable to locate the element By.xpath: //button[text()="Create a new session"]
[MASTER] 12:56:38.296 [Thread-3] ERROR ExternalProcessHandler - INFO: waitForElementBeingPresentOnPage timeout exception: unable to locate the element By.xpath: //button[text()="Create a new session"]


[MASTER] 12:56:38.296 [Thread-3] ERROR ExternalProcessHandler - 


[MASTER] 12:56:38.296 [Thread-3] ERROR ExternalProcessHandler - 

Aug 14, 2020 4:56:41 AM org.openqa.selenium.remote.ProtocolHandshake createSession
[MASTER] 12:56:41.529 [Thread-3] ERROR ExternalProcessHandler - Aug 14, 2020 4:56:41 AM org.openqa.selenium.remote.ProtocolHandshake createSession

INFO: Detected dialect: OSS
[MASTER] 12:56:41.529 [Thread-3] ERROR ExternalProcessHandler - INFO: Detected dialect: OSS

Aug 14, 2020 4:56:43 AM po_utils.PageObjectLogging logInfo
[MASTER] 12:56:43.803 [Thread-3] ERROR ExternalProcessHandler - Aug 14, 2020 4:56:43 AM po_utils.PageObjectLogging logInfo

INFO: waitForElementBeingPresentOnPage timeout exception: unable to locate the element By.xpath: //button[text()="Create a new session"]
[MASTER] 12:56:43.804 [Thread-3] ERROR ExternalProcessHandler - INFO: waitForElementBeingPresentOnPage timeout exception: unable to locate the element By.xpath: //button[text()="Create a new session"]


[MASTER] 12:56:43.804 [Thread-3] ERROR ExternalProcessHandler - 


[MASTER] 12:56:43.804 [Thread-3] ERROR ExternalProcessHandler - 

Aug 14, 2020 4:56:51 AM org.openqa.selenium.remote.ProtocolHandshake createSession
[MASTER] 12:56:51.947 [Thread-3] ERROR ExternalProcessHandler - Aug 14, 2020 4:56:51 AM org.openqa.selenium.remote.ProtocolHandshake createSession

INFO: Detected dialect: OSS
[MASTER] 12:56:51.947 [Thread-3] ERROR ExternalProcessHandler - INFO: Detected dialect: OSS

Aug 14, 2020 4:56:55 AM po_utils.PageObjectLogging logInfo
[MASTER] 12:56:55.188 [Thread-3] ERROR ExternalProcessHandler - Aug 14, 2020 4:56:55 AM po_utils.PageObjectLogging logInfo

INFO: waitForElementBeingPresentOnPage timeout exception: unable to locate the element By.xpath: //button[text()="Create a new session"]
[MASTER] 12:56:55.189 [Thread-3] ERROR ExternalProcessHandler - INFO: waitForElementBeingPresentOnPage timeout exception: unable to locate the element By.xpath: //button[text()="Create a new session"]


[MASTER] 12:56:55.189 [Thread-3] ERROR ExternalProcessHandler - 


[MASTER] 12:56:55.189 [Thread-3] ERROR ExternalProcessHandler - 

Aug 14, 2020 4:57:08 AM org.openqa.selenium.remote.ProtocolHandshake createSession
[MASTER] 12:57:08.153 [Thread-3] ERROR ExternalProcessHandler - Aug 14, 2020 4:57:08 AM org.openqa.selenium.remote.ProtocolHandshake createSession

INFO: Detected dialect: OSS
[MASTER] 12:57:08.153 [Thread-3] ERROR ExternalProcessHandler - INFO: Detected dialect: OSS

Aug 14, 2020 4:57:12 AM po_utils.PageObjectLogging logInfo
[MASTER] 12:57:12.263 [Thread-3] ERROR ExternalProcessHandler - Aug 14, 2020 4:57:12 AM po_utils.PageObjectLogging logInfo

INFO: waitForElementBeingPresentOnPage timeout exception: unable to locate the element By.xpath: //button[text()="Create a new session"]
[MASTER] 12:57:12.264 [Thread-3] ERROR ExternalProcessHandler - INFO: waitForElementBeingPresentOnPage timeout exception: unable to locate the element By.xpath: //button[text()="Create a new session"]


[MASTER] 12:57:12.264 [Thread-3] ERROR ExternalProcessHandler - 


[MASTER] 12:57:12.264 [Thread-3] ERROR ExternalProcessHandler - 

[MASTER] 12:57:29.869 [logback-2] ERROR TestCaseExecutor - TG: Exception caught: 
java.lang.IllegalStateException: Test generation failed: page object bug.
	at org.evosuite.testcase.execution.TestCaseExecutor.runTest(TestCaseExecutor.java:322) ~[evosuite-client-1.0.4-SNAPSHOT.jar:na]
	at org.evosuite.testcase.TestFitnessFunction.runTest(TestFitnessFunction.java:91) [evosuite-client-1.0.4-SNAPSHOT.jar:na]
	at org.evosuite.testcase.TestFitnessFunction.getFitness(TestFitnessFunction.java:60) [evosuite-client-1.0.4-SNAPSHOT.jar:na]
	at org.evosuite.testcase.TestFitnessFunction.getFitness(TestFitnessFunction.java:34) [evosuite-client-1.0.4-SNAPSHOT.jar:na]
	at org.evosuite.ga.metaheuristics.art.AdaptiveRandomSearch.calculateFitness(AdaptiveRandomSearch.java:312) [evosuite-client-1.0.4-SNAPSHOT.jar:na]
	at org.evosuite.ga.metaheuristics.art.AdaptiveRandomSearch.evolve(AdaptiveRandomSearch.java:139) [evosuite-client-1.0.4-SNAPSHOT.jar:na]
	at org.evosuite.ga.metaheuristics.art.AdaptiveRandomSearch.generateSolution(AdaptiveRandomSearch.java:270) [evosuite-client-1.0.4-SNAPSHOT.jar:na]
	at org.evosuite.strategy.AdaptiveRandomTestStrategy.generateTests(AdaptiveRandomTestStrategy.java:118) [evosuite-client-1.0.4-SNAPSHOT.jar:na]
	at org.evosuite.TestSuiteGenerator.generateTests(TestSuiteGenerator.java:654) [evosuite-client-1.0.4-SNAPSHOT.jar:na]
	at org.evosuite.TestSuiteGenerator.generateTestSuite(TestSuiteGenerator.java:213) [evosuite-client-1.0.4-SNAPSHOT.jar:na]
	at org.evosuite.rmi.service.ClientNodeImpl$1.run(ClientNodeImpl.java:145) [evosuite-client-1.0.4-SNAPSHOT.jar:na]
	at java.util.concurrent.Executors$RunnableAdapter.call(Executors.java:511) [na:1.8.0_265]
	at java.util.concurrent.FutureTask.run(FutureTask.java:266) [na:1.8.0_265]
	at java.util.concurrent.ThreadPoolExecutor.runWorker(ThreadPoolExecutor.java:1149) [na:1.8.0_265]
	at java.util.concurrent.ThreadPoolExecutor$Worker.run(ThreadPoolExecutor.java:624) [na:1.8.0_265]
	at java.lang.Thread.run(Thread.java:748) [na:1.8.0_265]
Aug 14, 2020 4:57:30 AM org.openqa.selenium.remote.ProtocolHandshake createSession
[MASTER] 12:57:30.099 [Thread-3] ERROR ExternalProcessHandler - Aug 14, 2020 4:57:30 AM org.openqa.selenium.remote.ProtocolHandshake createSession

INFO: Detected dialect: OSS
[MASTER] 12:57:30.100 [Thread-3] ERROR ExternalProcessHandler - INFO: Detected dialect: OSS

Aug 14, 2020 4:57:35 AM org.openqa.selenium.remote.ProtocolHandshake createSession
[MASTER] 12:57:35.193 [Thread-3] ERROR ExternalProcessHandler - Aug 14, 2020 4:57:35 AM org.openqa.selenium.remote.ProtocolHandshake createSession

INFO: Detected dialect: OSS
[MASTER] 12:57:35.193 [Thread-3] ERROR ExternalProcessHandler - INFO: Detected dialect: OSS

Aug 14, 2020 4:57:46 AM org.openqa.selenium.remote.ProtocolHandshake createSession
[MASTER] 12:57:46.552 [Thread-3] ERROR ExternalProcessHandler - Aug 14, 2020 4:57:46 AM org.openqa.selenium.remote.ProtocolHandshake createSession

INFO: Detected dialect: OSS
[MASTER] 12:57:46.552 [Thread-3] ERROR ExternalProcessHandler - INFO: Detected dialect: OSS

Aug 14, 2020 4:58:04 AM org.openqa.selenium.remote.ProtocolHandshake createSession
[MASTER] 12:58:04.069 [Thread-3] ERROR ExternalProcessHandler - Aug 14, 2020 4:58:04 AM org.openqa.selenium.remote.ProtocolHandshake createSession

INFO: Detected dialect: OSS
[MASTER] 12:58:04.069 [Thread-3] ERROR ExternalProcessHandler - INFO: Detected dialect: OSS

[MASTER] 12:58:27.574 [logback-2] ERROR TestCaseExecutor - TG: Exception caught: 
java.lang.IllegalStateException: Test generation failed: page object bug.
	at org.evosuite.testcase.execution.TestCaseExecutor.runTest(TestCaseExecutor.java:322) ~[evosuite-client-1.0.4-SNAPSHOT.jar:na]
	at org.evosuite.testcase.TestFitnessFunction.runTest(TestFitnessFunction.java:91) [evosuite-client-1.0.4-SNAPSHOT.jar:na]
	at org.evosuite.testcase.TestFitnessFunction.getFitness(TestFitnessFunction.java:60) [evosuite-client-1.0.4-SNAPSHOT.jar:na]
	at org.evosuite.testcase.TestFitnessFunction.getFitness(TestFitnessFunction.java:34) [evosuite-client-1.0.4-SNAPSHOT.jar:na]
	at org.evosuite.ga.metaheuristics.art.AdaptiveRandomSearch.calculateFitness(AdaptiveRandomSearch.java:312) [evosuite-client-1.0.4-SNAPSHOT.jar:na]
	at org.evosuite.ga.metaheuristics.art.AdaptiveRandomSearch.evolve(AdaptiveRandomSearch.java:139) [evosuite-client-1.0.4-SNAPSHOT.jar:na]
	at org.evosuite.ga.metaheuristics.art.AdaptiveRandomSearch.generateSolution(AdaptiveRandomSearch.java:270) [evosuite-client-1.0.4-SNAPSHOT.jar:na]
	at org.evosuite.strategy.AdaptiveRandomTestStrategy.generateTests(AdaptiveRandomTestStrategy.java:118) [evosuite-client-1.0.4-SNAPSHOT.jar:na]
	at org.evosuite.TestSuiteGenerator.generateTests(TestSuiteGenerator.java:654) [evosuite-client-1.0.4-SNAPSHOT.jar:na]
	at org.evosuite.TestSuiteGenerator.generateTestSuite(TestSuiteGenerator.java:213) [evosuite-client-1.0.4-SNAPSHOT.jar:na]
	at org.evosuite.rmi.service.ClientNodeImpl$1.run(ClientNodeImpl.java:145) [evosuite-client-1.0.4-SNAPSHOT.jar:na]
	at java.util.concurrent.Executors$RunnableAdapter.call(Executors.java:511) [na:1.8.0_265]
	at java.util.concurrent.FutureTask.run(FutureTask.java:266) [na:1.8.0_265]
	at java.util.concurrent.ThreadPoolExecutor.runWorker(ThreadPoolExecutor.java:1149) [na:1.8.0_265]
	at java.util.concurrent.ThreadPoolExecutor$Worker.run(ThreadPoolExecutor.java:624) [na:1.8.0_265]
	at java.lang.Thread.run(Thread.java:748) [na:1.8.0_265]
Aug 14, 2020 4:58:27 AM org.openqa.selenium.remote.ProtocolHandshake createSession
[MASTER] 12:58:27.774 [Thread-3] ERROR ExternalProcessHandler - Aug 14, 2020 4:58:27 AM org.openqa.selenium.remote.ProtocolHandshake createSession

INFO: Detected dialect: OSS
[MASTER] 12:58:27.775 [Thread-3] ERROR ExternalProcessHandler - INFO: Detected dialect: OSS

Aug 14, 2020 4:58:29 AM org.openqa.selenium.remote.ProtocolHandshake createSession
[MASTER] 12:58:29.482 [Thread-3] ERROR ExternalProcessHandler - Aug 14, 2020 4:58:29 AM org.openqa.selenium.remote.ProtocolHandshake createSession

INFO: Detected dialect: OSS
[MASTER] 12:58:29.483 [Thread-3] ERROR ExternalProcessHandler - INFO: Detected dialect: OSS

Aug 14, 2020 4:58:34 AM org.openqa.selenium.remote.ProtocolHandshake createSession
[MASTER] 12:58:34.033 [Thread-3] ERROR ExternalProcessHandler - Aug 14, 2020 4:58:34 AM org.openqa.selenium.remote.ProtocolHandshake createSession

INFO: Detected dialect: OSS
[MASTER] 12:58:34.033 [Thread-3] ERROR ExternalProcessHandler - INFO: Detected dialect: OSS

Aug 14, 2020 4:58:44 AM org.openqa.selenium.remote.ProtocolHandshake createSession
[MASTER] 12:58:44.611 [Thread-3] ERROR ExternalProcessHandler - Aug 14, 2020 4:58:44 AM org.openqa.selenium.remote.ProtocolHandshake createSession

INFO: Detected dialect: OSS
[MASTER] 12:58:44.611 [Thread-3] ERROR ExternalProcessHandler - INFO: Detected dialect: OSS

Aug 14, 2020 4:59:01 AM org.openqa.selenium.remote.ProtocolHandshake createSession
[MASTER] 12:59:01.127 [Thread-3] ERROR ExternalProcessHandler - Aug 14, 2020 4:59:01 AM org.openqa.selenium.remote.ProtocolHandshake createSession

INFO: Detected dialect: OSS
[MASTER] 12:59:01.127 [Thread-3] ERROR ExternalProcessHandler - INFO: Detected dialect: OSS

[MASTER] 12:59:23.361 [logback-2] ERROR TestCaseExecutor - TG: Exception caught: 
java.lang.IllegalStateException: Test generation failed: page object bug.
	at org.evosuite.testcase.execution.TestCaseExecutor.runTest(TestCaseExecutor.java:322) ~[evosuite-client-1.0.4-SNAPSHOT.jar:na]
	at org.evosuite.testcase.TestFitnessFunction.runTest(TestFitnessFunction.java:91) [evosuite-client-1.0.4-SNAPSHOT.jar:na]
	at org.evosuite.testcase.TestFitnessFunction.getFitness(TestFitnessFunction.java:60) [evosuite-client-1.0.4-SNAPSHOT.jar:na]
	at org.evosuite.testcase.TestFitnessFunction.getFitness(TestFitnessFunction.java:34) [evosuite-client-1.0.4-SNAPSHOT.jar:na]
	at org.evosuite.ga.metaheuristics.art.AdaptiveRandomSearch.calculateFitness(AdaptiveRandomSearch.java:312) [evosuite-client-1.0.4-SNAPSHOT.jar:na]
	at org.evosuite.ga.metaheuristics.art.AdaptiveRandomSearch.evolve(AdaptiveRandomSearch.java:139) [evosuite-client-1.0.4-SNAPSHOT.jar:na]
	at org.evosuite.ga.metaheuristics.art.AdaptiveRandomSearch.generateSolution(AdaptiveRandomSearch.java:270) [evosuite-client-1.0.4-SNAPSHOT.jar:na]
	at org.evosuite.strategy.AdaptiveRandomTestStrategy.generateTests(AdaptiveRandomTestStrategy.java:118) [evosuite-client-1.0.4-SNAPSHOT.jar:na]
	at org.evosuite.TestSuiteGenerator.generateTests(TestSuiteGenerator.java:654) [evosuite-client-1.0.4-SNAPSHOT.jar:na]
	at org.evosuite.TestSuiteGenerator.generateTestSuite(TestSuiteGenerator.java:213) [evosuite-client-1.0.4-SNAPSHOT.jar:na]
	at org.evosuite.rmi.service.ClientNodeImpl$1.run(ClientNodeImpl.java:145) [evosuite-client-1.0.4-SNAPSHOT.jar:na]
	at java.util.concurrent.Executors$RunnableAdapter.call(Executors.java:511) [na:1.8.0_265]
	at java.util.concurrent.FutureTask.run(FutureTask.java:266) [na:1.8.0_265]
	at java.util.concurrent.ThreadPoolExecutor.runWorker(ThreadPoolExecutor.java:1149) [na:1.8.0_265]
	at java.util.concurrent.ThreadPoolExecutor$Worker.run(ThreadPoolExecutor.java:624) [na:1.8.0_265]
	at java.lang.Thread.run(Thread.java:748) [na:1.8.0_265]
Aug 14, 2020 4:59:23 AM org.openqa.selenium.remote.ProtocolHandshake createSession
[MASTER] 12:59:23.558 [Thread-3] ERROR ExternalProcessHandler - Aug 14, 2020 4:59:23 AM org.openqa.selenium.remote.ProtocolHandshake createSession

INFO: Detected dialect: OSS
[MASTER] 12:59:23.559 [Thread-3] ERROR ExternalProcessHandler - INFO: Detected dialect: OSS

Aug 14, 2020 4:59:26 AM org.openqa.selenium.remote.ProtocolHandshake createSession
[MASTER] 12:59:26.300 [Thread-3] ERROR ExternalProcessHandler - Aug 14, 2020 4:59:26 AM org.openqa.selenium.remote.ProtocolHandshake createSession

INFO: Detected dialect: OSS
[MASTER] 12:59:26.300 [Thread-3] ERROR ExternalProcessHandler - INFO: Detected dialect: OSS

Aug 14, 2020 4:59:35 AM org.openqa.selenium.remote.ProtocolHandshake createSession
[MASTER] 12:59:35.343 [Thread-3] ERROR ExternalProcessHandler - Aug 14, 2020 4:59:35 AM org.openqa.selenium.remote.ProtocolHandshake createSession

INFO: Detected dialect: OSS
[MASTER] 12:59:35.343 [Thread-3] ERROR ExternalProcessHandler - INFO: Detected dialect: OSS

Aug 14, 2020 4:59:50 AM org.openqa.selenium.remote.ProtocolHandshake createSession
[MASTER] 12:59:50.539 [Thread-3] ERROR ExternalProcessHandler - Aug 14, 2020 4:59:50 AM org.openqa.selenium.remote.ProtocolHandshake createSession

INFO: Detected dialect: OSS
[MASTER] 12:59:50.539 [Thread-3] ERROR ExternalProcessHandler - INFO: Detected dialect: OSS

[MASTER] 13:00:11.879 [logback-2] ERROR TestCaseExecutor - TG: Exception caught: 
java.lang.IllegalStateException: Test generation failed: page object bug.
	at org.evosuite.testcase.execution.TestCaseExecutor.runTest(TestCaseExecutor.java:322) ~[evosuite-client-1.0.4-SNAPSHOT.jar:na]
	at org.evosuite.testcase.TestFitnessFunction.runTest(TestFitnessFunction.java:91) [evosuite-client-1.0.4-SNAPSHOT.jar:na]
	at org.evosuite.testcase.TestFitnessFunction.getFitness(TestFitnessFunction.java:60) [evosuite-client-1.0.4-SNAPSHOT.jar:na]
	at org.evosuite.testcase.TestFitnessFunction.getFitness(TestFitnessFunction.java:34) [evosuite-client-1.0.4-SNAPSHOT.jar:na]
	at org.evosuite.ga.metaheuristics.art.AdaptiveRandomSearch.calculateFitness(AdaptiveRandomSearch.java:312) [evosuite-client-1.0.4-SNAPSHOT.jar:na]
	at org.evosuite.ga.metaheuristics.art.AdaptiveRandomSearch.evolve(AdaptiveRandomSearch.java:139) [evosuite-client-1.0.4-SNAPSHOT.jar:na]
	at org.evosuite.ga.metaheuristics.art.AdaptiveRandomSearch.generateSolution(AdaptiveRandomSearch.java:270) [evosuite-client-1.0.4-SNAPSHOT.jar:na]
	at org.evosuite.strategy.AdaptiveRandomTestStrategy.generateTests(AdaptiveRandomTestStrategy.java:118) [evosuite-client-1.0.4-SNAPSHOT.jar:na]
	at org.evosuite.TestSuiteGenerator.generateTests(TestSuiteGenerator.java:654) [evosuite-client-1.0.4-SNAPSHOT.jar:na]
	at org.evosuite.TestSuiteGenerator.generateTestSuite(TestSuiteGenerator.java:213) [evosuite-client-1.0.4-SNAPSHOT.jar:na]
	at org.evosuite.rmi.service.ClientNodeImpl$1.run(ClientNodeImpl.java:145) [evosuite-client-1.0.4-SNAPSHOT.jar:na]
	at java.util.concurrent.Executors$RunnableAdapter.call(Executors.java:511) [na:1.8.0_265]
	at java.util.concurrent.FutureTask.run(FutureTask.java:266) [na:1.8.0_265]
	at java.util.concurrent.ThreadPoolExecutor.runWorker(ThreadPoolExecutor.java:1149) [na:1.8.0_265]
	at java.util.concurrent.ThreadPoolExecutor$Worker.run(ThreadPoolExecutor.java:624) [na:1.8.0_265]
	at java.lang.Thread.run(Thread.java:748) [na:1.8.0_265]
Aug 14, 2020 5:00:12 AM org.openqa.selenium.remote.ProtocolHandshake createSession
[MASTER] 13:00:12.112 [Thread-3] ERROR ExternalProcessHandler - Aug 14, 2020 5:00:12 AM org.openqa.selenium.remote.ProtocolHandshake createSession

INFO: Detected dialect: OSS
[MASTER] 13:00:12.112 [Thread-3] ERROR ExternalProcessHandler - INFO: Detected dialect: OSS

Aug 14, 2020 5:00:13 AM org.openqa.selenium.remote.ProtocolHandshake createSession
[MASTER] 13:00:13.280 [Thread-3] ERROR ExternalProcessHandler - Aug 14, 2020 5:00:13 AM org.openqa.selenium.remote.ProtocolHandshake createSession

INFO: Detected dialect: OSS
[MASTER] 13:00:13.281 [Thread-3] ERROR ExternalProcessHandler - INFO: Detected dialect: OSS

Aug 14, 2020 5:00:18 AM po_utils.PageObjectLogging logInfo
[MASTER] 13:00:18.861 [Thread-3] ERROR ExternalProcessHandler - Aug 14, 2020 5:00:18 AM po_utils.PageObjectLogging logInfo

INFO: waitForElementBeingPresentOnPage timeout exception: unable to locate the element By.xpath: //button[text()="Create a new session"]
[MASTER] 13:00:18.862 [Thread-3] ERROR ExternalProcessHandler - INFO: waitForElementBeingPresentOnPage timeout exception: unable to locate the element By.xpath: //button[text()="Create a new session"]


[MASTER] 13:00:18.862 [Thread-3] ERROR ExternalProcessHandler - 


[MASTER] 13:00:18.862 [Thread-3] ERROR ExternalProcessHandler - 

Aug 14, 2020 5:00:20 AM org.openqa.selenium.remote.ProtocolHandshake createSession
[MASTER] 13:00:20.694 [Thread-3] ERROR ExternalProcessHandler - Aug 14, 2020 5:00:20 AM org.openqa.selenium.remote.ProtocolHandshake createSession

INFO: Detected dialect: OSS
[MASTER] 13:00:20.694 [Thread-3] ERROR ExternalProcessHandler - INFO: Detected dialect: OSS

Aug 14, 2020 5:00:30 AM po_utils.PageObjectLogging logInfo
[MASTER] 13:00:30.647 [Thread-3] ERROR ExternalProcessHandler - Aug 14, 2020 5:00:30 AM po_utils.PageObjectLogging logInfo

INFO: waitForElementBeingPresentOnPage timeout exception: unable to locate the element By.xpath: //button[text()="Create a new session"]
[MASTER] 13:00:30.648 [Thread-3] ERROR ExternalProcessHandler - INFO: waitForElementBeingPresentOnPage timeout exception: unable to locate the element By.xpath: //button[text()="Create a new session"]


[MASTER] 13:00:30.648 [Thread-3] ERROR ExternalProcessHandler - 


[MASTER] 13:00:30.648 [Thread-3] ERROR ExternalProcessHandler - 

Aug 14, 2020 5:00:34 AM org.openqa.selenium.remote.ProtocolHandshake createSession
[MASTER] 13:00:34.121 [Thread-3] ERROR ExternalProcessHandler - Aug 14, 2020 5:00:34 AM org.openqa.selenium.remote.ProtocolHandshake createSession

INFO: Detected dialect: OSS
[MASTER] 13:00:34.121 [Thread-3] ERROR ExternalProcessHandler - INFO: Detected dialect: OSS

Aug 14, 2020 5:00:48 AM po_utils.PageObjectLogging logInfo
[MASTER] 13:00:48.372 [Thread-3] ERROR ExternalProcessHandler - Aug 14, 2020 5:00:48 AM po_utils.PageObjectLogging logInfo

INFO: waitForElementBeingPresentOnPage timeout exception: unable to locate the element By.xpath: //button[text()="Create a new session"]
[MASTER] 13:00:48.373 [Thread-3] ERROR ExternalProcessHandler - INFO: waitForElementBeingPresentOnPage timeout exception: unable to locate the element By.xpath: //button[text()="Create a new session"]


[MASTER] 13:00:48.373 [Thread-3] ERROR ExternalProcessHandler - 


[MASTER] 13:00:48.373 [Thread-3] ERROR ExternalProcessHandler - 

Aug 14, 2020 5:00:53 AM org.openqa.selenium.remote.ProtocolHandshake createSession
[MASTER] 13:00:53.483 [Thread-3] ERROR ExternalProcessHandler - Aug 14, 2020 5:00:53 AM org.openqa.selenium.remote.ProtocolHandshake createSession

INFO: Detected dialect: OSS
[MASTER] 13:00:53.483 [Thread-3] ERROR ExternalProcessHandler - INFO: Detected dialect: OSS

Aug 14, 2020 5:01:12 AM po_utils.PageObjectLogging logInfo
[MASTER] 13:01:12.176 [Thread-3] ERROR ExternalProcessHandler - Aug 14, 2020 5:01:12 AM po_utils.PageObjectLogging logInfo

INFO: waitForElementBeingPresentOnPage timeout exception: unable to locate the element By.xpath: //button[text()="Create a new session"]
[MASTER] 13:01:12.176 [Thread-3] ERROR ExternalProcessHandler - INFO: waitForElementBeingPresentOnPage timeout exception: unable to locate the element By.xpath: //button[text()="Create a new session"]


[MASTER] 13:01:12.176 [Thread-3] ERROR ExternalProcessHandler - 


[MASTER] 13:01:12.176 [Thread-3] ERROR ExternalProcessHandler - 

[MASTER] 13:01:18.923 [logback-2] ERROR TestCaseExecutor - TG: Exception caught: 
java.lang.IllegalStateException: Test generation failed: page object bug.
	at org.evosuite.testcase.execution.TestCaseExecutor.runTest(TestCaseExecutor.java:322) ~[evosuite-client-1.0.4-SNAPSHOT.jar:na]
	at org.evosuite.testcase.TestFitnessFunction.runTest(TestFitnessFunction.java:91) [evosuite-client-1.0.4-SNAPSHOT.jar:na]
	at org.evosuite.testcase.TestFitnessFunction.getFitness(TestFitnessFunction.java:60) [evosuite-client-1.0.4-SNAPSHOT.jar:na]
	at org.evosuite.testcase.TestFitnessFunction.getFitness(TestFitnessFunction.java:34) [evosuite-client-1.0.4-SNAPSHOT.jar:na]
	at org.evosuite.ga.metaheuristics.art.AdaptiveRandomSearch.calculateFitness(AdaptiveRandomSearch.java:312) [evosuite-client-1.0.4-SNAPSHOT.jar:na]
	at org.evosuite.ga.metaheuristics.art.AdaptiveRandomSearch.evolve(AdaptiveRandomSearch.java:139) [evosuite-client-1.0.4-SNAPSHOT.jar:na]
	at org.evosuite.ga.metaheuristics.art.AdaptiveRandomSearch.generateSolution(AdaptiveRandomSearch.java:270) [evosuite-client-1.0.4-SNAPSHOT.jar:na]
	at org.evosuite.strategy.AdaptiveRandomTestStrategy.generateTests(AdaptiveRandomTestStrategy.java:118) [evosuite-client-1.0.4-SNAPSHOT.jar:na]
	at org.evosuite.TestSuiteGenerator.generateTests(TestSuiteGenerator.java:654) [evosuite-client-1.0.4-SNAPSHOT.jar:na]
	at org.evosuite.TestSuiteGenerator.generateTestSuite(TestSuiteGenerator.java:213) [evosuite-client-1.0.4-SNAPSHOT.jar:na]
	at org.evosuite.rmi.service.ClientNodeImpl$1.run(ClientNodeImpl.java:145) [evosuite-client-1.0.4-SNAPSHOT.jar:na]
	at java.util.concurrent.Executors$RunnableAdapter.call(Executors.java:511) [na:1.8.0_265]
	at java.util.concurrent.FutureTask.run(FutureTask.java:266) [na:1.8.0_265]
	at java.util.concurrent.ThreadPoolExecutor.runWorker(ThreadPoolExecutor.java:1149) [na:1.8.0_265]
	at java.util.concurrent.ThreadPoolExecutor$Worker.run(ThreadPoolExecutor.java:624) [na:1.8.0_265]
	at java.lang.Thread.run(Thread.java:748) [na:1.8.0_265]
Aug 14, 2020 5:01:19 AM org.openqa.selenium.remote.ProtocolHandshake createSession
[MASTER] 13:01:19.154 [Thread-3] ERROR ExternalProcessHandler - Aug 14, 2020 5:01:19 AM org.openqa.selenium.remote.ProtocolHandshake createSession

INFO: Detected dialect: OSS
[MASTER] 13:01:19.154 [Thread-3] ERROR ExternalProcessHandler - INFO: Detected dialect: OSS

Aug 14, 2020 5:01:22 AM org.openqa.selenium.remote.ProtocolHandshake createSession
[MASTER] 13:01:22.404 [Thread-3] ERROR ExternalProcessHandler - Aug 14, 2020 5:01:22 AM org.openqa.selenium.remote.ProtocolHandshake createSession

INFO: Detected dialect: OSS
[MASTER] 13:01:22.404 [Thread-3] ERROR ExternalProcessHandler - INFO: Detected dialect: OSS

Aug 14, 2020 5:01:26 AM org.openqa.selenium.remote.ProtocolHandshake createSession
[MASTER] 13:01:26.011 [Thread-3] ERROR ExternalProcessHandler - Aug 14, 2020 5:01:26 AM org.openqa.selenium.remote.ProtocolHandshake createSession

INFO: Detected dialect: OSS
[MASTER] 13:01:26.011 [Thread-3] ERROR ExternalProcessHandler - INFO: Detected dialect: OSS

Aug 14, 2020 5:01:26 AM org.openqa.selenium.remote.ProtocolHandshake createSession
[MASTER] 13:01:26.974 [Thread-3] ERROR ExternalProcessHandler - Aug 14, 2020 5:01:26 AM org.openqa.selenium.remote.ProtocolHandshake createSession

INFO: Detected dialect: OSS
[MASTER] 13:01:26.974 [Thread-3] ERROR ExternalProcessHandler - INFO: Detected dialect: OSS

Aug 14, 2020 5:01:28 AM org.openqa.selenium.remote.ProtocolHandshake createSession
[MASTER] 13:01:28.315 [Thread-3] ERROR ExternalProcessHandler - Aug 14, 2020 5:01:28 AM org.openqa.selenium.remote.ProtocolHandshake createSession

INFO: Detected dialect: OSS
[MASTER] 13:01:28.315 [Thread-3] ERROR ExternalProcessHandler - INFO: Detected dialect: OSS

Aug 14, 2020 5:01:31 AM org.openqa.selenium.remote.ProtocolHandshake createSession
[MASTER] 13:01:31.039 [Thread-3] ERROR ExternalProcessHandler - Aug 14, 2020 5:01:31 AM org.openqa.selenium.remote.ProtocolHandshake createSession

INFO: Detected dialect: OSS
[MASTER] 13:01:31.039 [Thread-3] ERROR ExternalProcessHandler - INFO: Detected dialect: OSS

Aug 14, 2020 5:01:35 AM org.openqa.selenium.remote.ProtocolHandshake createSession
[MASTER] 13:01:35.880 [Thread-3] ERROR ExternalProcessHandler - Aug 14, 2020 5:01:35 AM org.openqa.selenium.remote.ProtocolHandshake createSession

INFO: Detected dialect: OSS
[MASTER] 13:01:35.880 [Thread-3] ERROR ExternalProcessHandler - INFO: Detected dialect: OSS

Aug 14, 2020 5:01:47 AM org.openqa.selenium.remote.ProtocolHandshake createSession
[MASTER] 13:01:47.083 [Thread-3] ERROR ExternalProcessHandler - Aug 14, 2020 5:01:47 AM org.openqa.selenium.remote.ProtocolHandshake createSession

INFO: Detected dialect: OSS
[MASTER] 13:01:47.083 [Thread-3] ERROR ExternalProcessHandler - INFO: Detected dialect: OSS

Aug 14, 2020 5:02:04 AM org.openqa.selenium.remote.ProtocolHandshake createSession
[MASTER] 13:02:04.414 [Thread-3] ERROR ExternalProcessHandler - Aug 14, 2020 5:02:04 AM org.openqa.selenium.remote.ProtocolHandshake createSession

INFO: Detected dialect: OSS
[MASTER] 13:02:04.414 [Thread-3] ERROR ExternalProcessHandler - INFO: Detected dialect: OSS

[MASTER] 13:02:27.925 [logback-2] ERROR TestCaseExecutor - TG: Exception caught: 
java.lang.IllegalStateException: Test generation failed: page object bug.
	at org.evosuite.testcase.execution.TestCaseExecutor.runTest(TestCaseExecutor.java:322) ~[evosuite-client-1.0.4-SNAPSHOT.jar:na]
	at org.evosuite.testcase.TestFitnessFunction.runTest(TestFitnessFunction.java:91) [evosuite-client-1.0.4-SNAPSHOT.jar:na]
	at org.evosuite.testcase.TestFitnessFunction.getFitness(TestFitnessFunction.java:60) [evosuite-client-1.0.4-SNAPSHOT.jar:na]
	at org.evosuite.testcase.TestFitnessFunction.getFitness(TestFitnessFunction.java:34) [evosuite-client-1.0.4-SNAPSHOT.jar:na]
	at org.evosuite.ga.metaheuristics.art.AdaptiveRandomSearch.calculateFitness(AdaptiveRandomSearch.java:312) [evosuite-client-1.0.4-SNAPSHOT.jar:na]
	at org.evosuite.ga.metaheuristics.art.AdaptiveRandomSearch.evolve(AdaptiveRandomSearch.java:139) [evosuite-client-1.0.4-SNAPSHOT.jar:na]
	at org.evosuite.ga.metaheuristics.art.AdaptiveRandomSearch.generateSolution(AdaptiveRandomSearch.java:270) [evosuite-client-1.0.4-SNAPSHOT.jar:na]
	at org.evosuite.strategy.AdaptiveRandomTestStrategy.generateTests(AdaptiveRandomTestStrategy.java:118) [evosuite-client-1.0.4-SNAPSHOT.jar:na]
	at org.evosuite.TestSuiteGenerator.generateTests(TestSuiteGenerator.java:654) [evosuite-client-1.0.4-SNAPSHOT.jar:na]
	at org.evosuite.TestSuiteGenerator.generateTestSuite(TestSuiteGenerator.java:213) [evosuite-client-1.0.4-SNAPSHOT.jar:na]
	at org.evosuite.rmi.service.ClientNodeImpl$1.run(ClientNodeImpl.java:145) [evosuite-client-1.0.4-SNAPSHOT.jar:na]
	at java.util.concurrent.Executors$RunnableAdapter.call(Executors.java:511) [na:1.8.0_265]
	at java.util.concurrent.FutureTask.run(FutureTask.java:266) [na:1.8.0_265]
	at java.util.concurrent.ThreadPoolExecutor.runWorker(ThreadPoolExecutor.java:1149) [na:1.8.0_265]
	at java.util.concurrent.ThreadPoolExecutor$Worker.run(ThreadPoolExecutor.java:624) [na:1.8.0_265]
	at java.lang.Thread.run(Thread.java:748) [na:1.8.0_265]
Aug 14, 2020 5:02:28 AM org.openqa.selenium.remote.ProtocolHandshake createSession
[MASTER] 13:02:28.153 [Thread-3] ERROR ExternalProcessHandler - Aug 14, 2020 5:02:28 AM org.openqa.selenium.remote.ProtocolHandshake createSession

INFO: Detected dialect: OSS
[MASTER] 13:02:28.154 [Thread-3] ERROR ExternalProcessHandler - INFO: Detected dialect: OSS

Aug 14, 2020 5:02:33 AM org.openqa.selenium.remote.ProtocolHandshake createSession
[MASTER] 13:02:33.030 [Thread-3] ERROR ExternalProcessHandler - Aug 14, 2020 5:02:33 AM org.openqa.selenium.remote.ProtocolHandshake createSession

INFO: Detected dialect: OSS
[MASTER] 13:02:33.030 [Thread-3] ERROR ExternalProcessHandler - INFO: Detected dialect: OSS

Aug 14, 2020 5:02:43 AM org.openqa.selenium.remote.ProtocolHandshake createSession
[MASTER] 13:02:43.896 [Thread-3] ERROR ExternalProcessHandler - Aug 14, 2020 5:02:43 AM org.openqa.selenium.remote.ProtocolHandshake createSession

INFO: Detected dialect: OSS
[MASTER] 13:02:43.896 [Thread-3] ERROR ExternalProcessHandler - INFO: Detected dialect: OSS

Aug 14, 2020 5:03:00 AM org.openqa.selenium.remote.ProtocolHandshake createSession
[MASTER] 13:03:00.598 [Thread-3] ERROR ExternalProcessHandler - Aug 14, 2020 5:03:00 AM org.openqa.selenium.remote.ProtocolHandshake createSession

INFO: Detected dialect: OSS
[MASTER] 13:03:00.599 [Thread-3] ERROR ExternalProcessHandler - INFO: Detected dialect: OSS

[MASTER] 13:03:23.093 [logback-2] ERROR TestCaseExecutor - TG: Exception caught: 
java.lang.IllegalStateException: Test generation failed: page object bug.
	at org.evosuite.testcase.execution.TestCaseExecutor.runTest(TestCaseExecutor.java:322) ~[evosuite-client-1.0.4-SNAPSHOT.jar:na]
	at org.evosuite.testcase.TestFitnessFunction.runTest(TestFitnessFunction.java:91) [evosuite-client-1.0.4-SNAPSHOT.jar:na]
	at org.evosuite.testcase.TestFitnessFunction.getFitness(TestFitnessFunction.java:60) [evosuite-client-1.0.4-SNAPSHOT.jar:na]
	at org.evosuite.testcase.TestFitnessFunction.getFitness(TestFitnessFunction.java:34) [evosuite-client-1.0.4-SNAPSHOT.jar:na]
	at org.evosuite.ga.metaheuristics.art.AdaptiveRandomSearch.calculateFitness(AdaptiveRandomSearch.java:312) [evosuite-client-1.0.4-SNAPSHOT.jar:na]
	at org.evosuite.ga.metaheuristics.art.AdaptiveRandomSearch.evolve(AdaptiveRandomSearch.java:139) [evosuite-client-1.0.4-SNAPSHOT.jar:na]
	at org.evosuite.ga.metaheuristics.art.AdaptiveRandomSearch.generateSolution(AdaptiveRandomSearch.java:270) [evosuite-client-1.0.4-SNAPSHOT.jar:na]
	at org.evosuite.strategy.AdaptiveRandomTestStrategy.generateTests(AdaptiveRandomTestStrategy.java:118) [evosuite-client-1.0.4-SNAPSHOT.jar:na]
	at org.evosuite.TestSuiteGenerator.generateTests(TestSuiteGenerator.java:654) [evosuite-client-1.0.4-SNAPSHOT.jar:na]
	at org.evosuite.TestSuiteGenerator.generateTestSuite(TestSuiteGenerator.java:213) [evosuite-client-1.0.4-SNAPSHOT.jar:na]
	at org.evosuite.rmi.service.ClientNodeImpl$1.run(ClientNodeImpl.java:145) [evosuite-client-1.0.4-SNAPSHOT.jar:na]
	at java.util.concurrent.Executors$RunnableAdapter.call(Executors.java:511) [na:1.8.0_265]
	at java.util.concurrent.FutureTask.run(FutureTask.java:266) [na:1.8.0_265]
	at java.util.concurrent.ThreadPoolExecutor.runWorker(ThreadPoolExecutor.java:1149) [na:1.8.0_265]
	at java.util.concurrent.ThreadPoolExecutor$Worker.run(ThreadPoolExecutor.java:624) [na:1.8.0_265]
	at java.lang.Thread.run(Thread.java:748) [na:1.8.0_265]
Aug 14, 2020 5:03:23 AM org.openqa.selenium.remote.ProtocolHandshake createSession
[MASTER] 13:03:23.295 [Thread-3] ERROR ExternalProcessHandler - Aug 14, 2020 5:03:23 AM org.openqa.selenium.remote.ProtocolHandshake createSession

INFO: Detected dialect: OSS
[MASTER] 13:03:23.295 [Thread-3] ERROR ExternalProcessHandler - INFO: Detected dialect: OSS

Aug 14, 2020 5:03:26 AM po_utils.PageObjectLogging logInfo
[MASTER] 13:03:26.578 [Thread-3] ERROR ExternalProcessHandler - Aug 14, 2020 5:03:26 AM po_utils.PageObjectLogging logInfo

INFO: waitForElementBeingPresentOnPage timeout exception: unable to locate the element By.xpath: //button[text()="Create a new session"]
[MASTER] 13:03:26.578 [Thread-3] ERROR ExternalProcessHandler - INFO: waitForElementBeingPresentOnPage timeout exception: unable to locate the element By.xpath: //button[text()="Create a new session"]


[MASTER] 13:03:26.578 [Thread-3] ERROR ExternalProcessHandler - 


[MASTER] 13:03:26.578 [Thread-3] ERROR ExternalProcessHandler - 

Aug 14, 2020 5:03:29 AM org.openqa.selenium.remote.ProtocolHandshake createSession
[MASTER] 13:03:29.879 [Thread-3] ERROR ExternalProcessHandler - Aug 14, 2020 5:03:29 AM org.openqa.selenium.remote.ProtocolHandshake createSession

INFO: Detected dialect: OSS
[MASTER] 13:03:29.879 [Thread-3] ERROR ExternalProcessHandler - INFO: Detected dialect: OSS

Aug 14, 2020 5:03:37 AM po_utils.PageObjectLogging logInfo
[MASTER] 13:03:37.111 [Thread-3] ERROR ExternalProcessHandler - Aug 14, 2020 5:03:37 AM po_utils.PageObjectLogging logInfo

INFO: waitForElementBeingPresentOnPage timeout exception: unable to locate the element By.xpath: //button[text()="Create a new session"]
[MASTER] 13:03:37.112 [Thread-3] ERROR ExternalProcessHandler - INFO: waitForElementBeingPresentOnPage timeout exception: unable to locate the element By.xpath: //button[text()="Create a new session"]


[MASTER] 13:03:37.112 [Thread-3] ERROR ExternalProcessHandler - 


[MASTER] 13:03:37.112 [Thread-3] ERROR ExternalProcessHandler - 

Aug 14, 2020 5:03:42 AM org.openqa.selenium.remote.ProtocolHandshake createSession
[MASTER] 13:03:42.686 [Thread-3] ERROR ExternalProcessHandler - Aug 14, 2020 5:03:42 AM org.openqa.selenium.remote.ProtocolHandshake createSession

INFO: Detected dialect: OSS
[MASTER] 13:03:42.686 [Thread-3] ERROR ExternalProcessHandler - INFO: Detected dialect: OSS

Aug 14, 2020 5:03:53 AM po_utils.PageObjectLogging logInfo
[MASTER] 13:03:53.617 [Thread-3] ERROR ExternalProcessHandler - Aug 14, 2020 5:03:53 AM po_utils.PageObjectLogging logInfo

INFO: waitForElementBeingPresentOnPage timeout exception: unable to locate the element By.xpath: //button[text()="Create a new session"]
[MASTER] 13:03:53.618 [Thread-3] ERROR ExternalProcessHandler - INFO: waitForElementBeingPresentOnPage timeout exception: unable to locate the element By.xpath: //button[text()="Create a new session"]


[MASTER] 13:03:53.618 [Thread-3] ERROR ExternalProcessHandler - 


[MASTER] 13:03:53.618 [Thread-3] ERROR ExternalProcessHandler - 

Aug 14, 2020 5:04:01 AM org.openqa.selenium.remote.ProtocolHandshake createSession
[MASTER] 13:04:01.472 [Thread-3] ERROR ExternalProcessHandler - Aug 14, 2020 5:04:01 AM org.openqa.selenium.remote.ProtocolHandshake createSession

INFO: Detected dialect: OSS
[MASTER] 13:04:01.472 [Thread-3] ERROR ExternalProcessHandler - INFO: Detected dialect: OSS

Aug 14, 2020 5:04:16 AM po_utils.PageObjectLogging logInfo
[MASTER] 13:04:16.034 [Thread-3] ERROR ExternalProcessHandler - Aug 14, 2020 5:04:16 AM po_utils.PageObjectLogging logInfo

INFO: waitForElementBeingPresentOnPage timeout exception: unable to locate the element By.xpath: //button[text()="Create a new session"]
[MASTER] 13:04:16.035 [Thread-3] ERROR ExternalProcessHandler - INFO: waitForElementBeingPresentOnPage timeout exception: unable to locate the element By.xpath: //button[text()="Create a new session"]


[MASTER] 13:04:16.035 [Thread-3] ERROR ExternalProcessHandler - 


[MASTER] 13:04:16.035 [Thread-3] ERROR ExternalProcessHandler - 

[MASTER] 13:04:26.056 [logback-2] ERROR TestCaseExecutor - TG: Exception caught: 
java.lang.IllegalStateException: Test generation failed: page object bug.
	at org.evosuite.testcase.execution.TestCaseExecutor.runTest(TestCaseExecutor.java:322) ~[evosuite-client-1.0.4-SNAPSHOT.jar:na]
	at org.evosuite.testcase.TestFitnessFunction.runTest(TestFitnessFunction.java:91) [evosuite-client-1.0.4-SNAPSHOT.jar:na]
	at org.evosuite.testcase.TestFitnessFunction.getFitness(TestFitnessFunction.java:60) [evosuite-client-1.0.4-SNAPSHOT.jar:na]
	at org.evosuite.testcase.TestFitnessFunction.getFitness(TestFitnessFunction.java:34) [evosuite-client-1.0.4-SNAPSHOT.jar:na]
	at org.evosuite.ga.metaheuristics.art.AdaptiveRandomSearch.calculateFitness(AdaptiveRandomSearch.java:312) [evosuite-client-1.0.4-SNAPSHOT.jar:na]
	at org.evosuite.ga.metaheuristics.art.AdaptiveRandomSearch.evolve(AdaptiveRandomSearch.java:139) [evosuite-client-1.0.4-SNAPSHOT.jar:na]
	at org.evosuite.ga.metaheuristics.art.AdaptiveRandomSearch.generateSolution(AdaptiveRandomSearch.java:270) [evosuite-client-1.0.4-SNAPSHOT.jar:na]
	at org.evosuite.strategy.AdaptiveRandomTestStrategy.generateTests(AdaptiveRandomTestStrategy.java:118) [evosuite-client-1.0.4-SNAPSHOT.jar:na]
	at org.evosuite.TestSuiteGenerator.generateTests(TestSuiteGenerator.java:654) [evosuite-client-1.0.4-SNAPSHOT.jar:na]
	at org.evosuite.TestSuiteGenerator.generateTestSuite(TestSuiteGenerator.java:213) [evosuite-client-1.0.4-SNAPSHOT.jar:na]
	at org.evosuite.rmi.service.ClientNodeImpl$1.run(ClientNodeImpl.java:145) [evosuite-client-1.0.4-SNAPSHOT.jar:na]
	at java.util.concurrent.Executors$RunnableAdapter.call(Executors.java:511) [na:1.8.0_265]
	at java.util.concurrent.FutureTask.run(FutureTask.java:266) [na:1.8.0_265]
	at java.util.concurrent.ThreadPoolExecutor.runWorker(ThreadPoolExecutor.java:1149) [na:1.8.0_265]
	at java.util.concurrent.ThreadPoolExecutor$Worker.run(ThreadPoolExecutor.java:624) [na:1.8.0_265]
	at java.lang.Thread.run(Thread.java:748) [na:1.8.0_265]
Aug 14, 2020 5:04:26 AM org.openqa.selenium.remote.ProtocolHandshake createSession
[MASTER] 13:04:26.293 [Thread-3] ERROR ExternalProcessHandler - Aug 14, 2020 5:04:26 AM org.openqa.selenium.remote.ProtocolHandshake createSession

INFO: Detected dialect: OSS
[MASTER] 13:04:26.293 [Thread-3] ERROR ExternalProcessHandler - INFO: Detected dialect: OSS

Aug 14, 2020 5:04:28 AM org.openqa.selenium.remote.ProtocolHandshake createSession
[MASTER] 13:04:28.080 [Thread-3] ERROR ExternalProcessHandler - Aug 14, 2020 5:04:28 AM org.openqa.selenium.remote.ProtocolHandshake createSession

INFO: Detected dialect: OSS
[MASTER] 13:04:28.080 [Thread-3] ERROR ExternalProcessHandler - INFO: Detected dialect: OSS

Aug 14, 2020 5:04:29 AM org.openqa.selenium.remote.ProtocolHandshake createSession
[MASTER] 13:04:29.879 [Thread-3] ERROR ExternalProcessHandler - Aug 14, 2020 5:04:29 AM org.openqa.selenium.remote.ProtocolHandshake createSession

INFO: Detected dialect: OSS
[MASTER] 13:04:29.879 [Thread-3] ERROR ExternalProcessHandler - INFO: Detected dialect: OSS

Aug 14, 2020 5:04:35 AM org.openqa.selenium.remote.ProtocolHandshake createSession
[MASTER] 13:04:35.292 [Thread-3] ERROR ExternalProcessHandler - Aug 14, 2020 5:04:35 AM org.openqa.selenium.remote.ProtocolHandshake createSession

INFO: Detected dialect: OSS
[MASTER] 13:04:35.293 [Thread-3] ERROR ExternalProcessHandler - INFO: Detected dialect: OSS

Aug 14, 2020 5:04:47 AM org.openqa.selenium.remote.ProtocolHandshake createSession
[MASTER] 13:04:47.204 [Thread-3] ERROR ExternalProcessHandler - Aug 14, 2020 5:04:47 AM org.openqa.selenium.remote.ProtocolHandshake createSession

INFO: Detected dialect: OSS
[MASTER] 13:04:47.204 [Thread-3] ERROR ExternalProcessHandler - INFO: Detected dialect: OSS

Aug 14, 2020 5:05:05 AM org.openqa.selenium.remote.ProtocolHandshake createSession
[MASTER] 13:05:05.341 [Thread-3] ERROR ExternalProcessHandler - Aug 14, 2020 5:05:05 AM org.openqa.selenium.remote.ProtocolHandshake createSession

INFO: Detected dialect: OSS
[MASTER] 13:05:05.342 [Thread-3] ERROR ExternalProcessHandler - INFO: Detected dialect: OSS

[MASTER] 13:05:29.813 [logback-2] ERROR TestCaseExecutor - TG: Exception caught: 
java.lang.IllegalStateException: Test generation failed: page object bug.
	at org.evosuite.testcase.execution.TestCaseExecutor.runTest(TestCaseExecutor.java:322) ~[evosuite-client-1.0.4-SNAPSHOT.jar:na]
	at org.evosuite.testcase.TestFitnessFunction.runTest(TestFitnessFunction.java:91) [evosuite-client-1.0.4-SNAPSHOT.jar:na]
	at org.evosuite.testcase.TestFitnessFunction.getFitness(TestFitnessFunction.java:60) [evosuite-client-1.0.4-SNAPSHOT.jar:na]
	at org.evosuite.testcase.TestFitnessFunction.getFitness(TestFitnessFunction.java:34) [evosuite-client-1.0.4-SNAPSHOT.jar:na]
	at org.evosuite.ga.metaheuristics.art.AdaptiveRandomSearch.calculateFitness(AdaptiveRandomSearch.java:312) [evosuite-client-1.0.4-SNAPSHOT.jar:na]
	at org.evosuite.ga.metaheuristics.art.AdaptiveRandomSearch.evolve(AdaptiveRandomSearch.java:139) [evosuite-client-1.0.4-SNAPSHOT.jar:na]
	at org.evosuite.ga.metaheuristics.art.AdaptiveRandomSearch.generateSolution(AdaptiveRandomSearch.java:270) [evosuite-client-1.0.4-SNAPSHOT.jar:na]
	at org.evosuite.strategy.AdaptiveRandomTestStrategy.generateTests(AdaptiveRandomTestStrategy.java:118) [evosuite-client-1.0.4-SNAPSHOT.jar:na]
	at org.evosuite.TestSuiteGenerator.generateTests(TestSuiteGenerator.java:654) [evosuite-client-1.0.4-SNAPSHOT.jar:na]
	at org.evosuite.TestSuiteGenerator.generateTestSuite(TestSuiteGenerator.java:213) [evosuite-client-1.0.4-SNAPSHOT.jar:na]
	at org.evosuite.rmi.service.ClientNodeImpl$1.run(ClientNodeImpl.java:145) [evosuite-client-1.0.4-SNAPSHOT.jar:na]
	at java.util.concurrent.Executors$RunnableAdapter.call(Executors.java:511) [na:1.8.0_265]
	at java.util.concurrent.FutureTask.run(FutureTask.java:266) [na:1.8.0_265]
	at java.util.concurrent.ThreadPoolExecutor.runWorker(ThreadPoolExecutor.java:1149) [na:1.8.0_265]
	at java.util.concurrent.ThreadPoolExecutor$Worker.run(ThreadPoolExecutor.java:624) [na:1.8.0_265]
	at java.lang.Thread.run(Thread.java:748) [na:1.8.0_265]
Aug 14, 2020 5:05:30 AM org.openqa.selenium.remote.ProtocolHandshake createSession
[MASTER] 13:05:30.048 [Thread-3] ERROR ExternalProcessHandler - Aug 14, 2020 5:05:30 AM org.openqa.selenium.remote.ProtocolHandshake createSession

INFO: Detected dialect: OSS
[MASTER] 13:05:30.048 [Thread-3] ERROR ExternalProcessHandler - INFO: Detected dialect: OSS

Aug 14, 2020 5:05:31 AM org.openqa.selenium.remote.ProtocolHandshake createSession
[MASTER] 13:05:31.289 [Thread-3] ERROR ExternalProcessHandler - Aug 14, 2020 5:05:31 AM org.openqa.selenium.remote.ProtocolHandshake createSession

INFO: Detected dialect: OSS
[MASTER] 13:05:31.289 [Thread-3] ERROR ExternalProcessHandler - INFO: Detected dialect: OSS

Aug 14, 2020 5:05:35 AM org.openqa.selenium.remote.ProtocolHandshake createSession
[MASTER] 13:05:35.641 [Thread-3] ERROR ExternalProcessHandler - Aug 14, 2020 5:05:35 AM org.openqa.selenium.remote.ProtocolHandshake createSession

INFO: Detected dialect: OSS
[MASTER] 13:05:35.641 [Thread-3] ERROR ExternalProcessHandler - INFO: Detected dialect: OSS

Aug 14, 2020 5:05:46 AM org.openqa.selenium.remote.ProtocolHandshake createSession
[MASTER] 13:05:46.601 [Thread-3] ERROR ExternalProcessHandler - Aug 14, 2020 5:05:46 AM org.openqa.selenium.remote.ProtocolHandshake createSession

INFO: Detected dialect: OSS
[MASTER] 13:05:46.601 [Thread-3] ERROR ExternalProcessHandler - INFO: Detected dialect: OSS

Aug 14, 2020 5:06:03 AM org.openqa.selenium.remote.ProtocolHandshake createSession
[MASTER] 13:06:03.808 [Thread-3] ERROR ExternalProcessHandler - Aug 14, 2020 5:06:03 AM org.openqa.selenium.remote.ProtocolHandshake createSession

INFO: Detected dialect: OSS
[MASTER] 13:06:03.808 [Thread-3] ERROR ExternalProcessHandler - INFO: Detected dialect: OSS

[MASTER] 13:06:27.301 [logback-2] ERROR TestCaseExecutor - TG: Exception caught: 
java.lang.IllegalStateException: Test generation failed: page object bug.
	at org.evosuite.testcase.execution.TestCaseExecutor.runTest(TestCaseExecutor.java:322) ~[evosuite-client-1.0.4-SNAPSHOT.jar:na]
	at org.evosuite.testcase.TestFitnessFunction.runTest(TestFitnessFunction.java:91) [evosuite-client-1.0.4-SNAPSHOT.jar:na]
	at org.evosuite.testcase.TestFitnessFunction.getFitness(TestFitnessFunction.java:60) [evosuite-client-1.0.4-SNAPSHOT.jar:na]
	at org.evosuite.testcase.TestFitnessFunction.getFitness(TestFitnessFunction.java:34) [evosuite-client-1.0.4-SNAPSHOT.jar:na]
	at org.evosuite.ga.metaheuristics.art.AdaptiveRandomSearch.calculateFitness(AdaptiveRandomSearch.java:312) [evosuite-client-1.0.4-SNAPSHOT.jar:na]
	at org.evosuite.ga.metaheuristics.art.AdaptiveRandomSearch.evolve(AdaptiveRandomSearch.java:139) [evosuite-client-1.0.4-SNAPSHOT.jar:na]
	at org.evosuite.ga.metaheuristics.art.AdaptiveRandomSearch.generateSolution(AdaptiveRandomSearch.java:270) [evosuite-client-1.0.4-SNAPSHOT.jar:na]
	at org.evosuite.strategy.AdaptiveRandomTestStrategy.generateTests(AdaptiveRandomTestStrategy.java:118) [evosuite-client-1.0.4-SNAPSHOT.jar:na]
	at org.evosuite.TestSuiteGenerator.generateTests(TestSuiteGenerator.java:654) [evosuite-client-1.0.4-SNAPSHOT.jar:na]
	at org.evosuite.TestSuiteGenerator.generateTestSuite(TestSuiteGenerator.java:213) [evosuite-client-1.0.4-SNAPSHOT.jar:na]
	at org.evosuite.rmi.service.ClientNodeImpl$1.run(ClientNodeImpl.java:145) [evosuite-client-1.0.4-SNAPSHOT.jar:na]
	at java.util.concurrent.Executors$RunnableAdapter.call(Executors.java:511) [na:1.8.0_265]
	at java.util.concurrent.FutureTask.run(FutureTask.java:266) [na:1.8.0_265]
	at java.util.concurrent.ThreadPoolExecutor.runWorker(ThreadPoolExecutor.java:1149) [na:1.8.0_265]
	at java.util.concurrent.ThreadPoolExecutor$Worker.run(ThreadPoolExecutor.java:624) [na:1.8.0_265]
	at java.lang.Thread.run(Thread.java:748) [na:1.8.0_265]
Aug 14, 2020 5:06:27 AM org.openqa.selenium.remote.ProtocolHandshake createSession
[MASTER] 13:06:27.530 [Thread-3] ERROR ExternalProcessHandler - Aug 14, 2020 5:06:27 AM org.openqa.selenium.remote.ProtocolHandshake createSession

INFO: Detected dialect: OSS
[MASTER] 13:06:27.530 [Thread-3] ERROR ExternalProcessHandler - INFO: Detected dialect: OSS

Aug 14, 2020 5:06:29 AM org.openqa.selenium.remote.ProtocolHandshake createSession
[MASTER] 13:06:29.311 [Thread-3] ERROR ExternalProcessHandler - Aug 14, 2020 5:06:29 AM org.openqa.selenium.remote.ProtocolHandshake createSession

INFO: Detected dialect: OSS
[MASTER] 13:06:29.311 [Thread-3] ERROR ExternalProcessHandler - INFO: Detected dialect: OSS

Aug 14, 2020 5:06:30 AM org.openqa.selenium.remote.ProtocolHandshake createSession
[MASTER] 13:06:30.714 [Thread-3] ERROR ExternalProcessHandler - Aug 14, 2020 5:06:30 AM org.openqa.selenium.remote.ProtocolHandshake createSession

INFO: Detected dialect: OSS
[MASTER] 13:06:30.714 [Thread-3] ERROR ExternalProcessHandler - INFO: Detected dialect: OSS

Aug 14, 2020 5:06:32 AM org.openqa.selenium.remote.ProtocolHandshake createSession
[MASTER] 13:06:32.695 [Thread-3] ERROR ExternalProcessHandler - Aug 14, 2020 5:06:32 AM org.openqa.selenium.remote.ProtocolHandshake createSession

INFO: Detected dialect: OSS
[MASTER] 13:06:32.695 [Thread-3] ERROR ExternalProcessHandler - INFO: Detected dialect: OSS

Aug 14, 2020 5:06:33 AM org.openqa.selenium.remote.ProtocolHandshake createSession
[MASTER] 13:06:33.707 [Thread-3] ERROR ExternalProcessHandler - Aug 14, 2020 5:06:33 AM org.openqa.selenium.remote.ProtocolHandshake createSession

INFO: Detected dialect: OSS
[MASTER] 13:06:33.707 [Thread-3] ERROR ExternalProcessHandler - INFO: Detected dialect: OSS

Aug 14, 2020 5:06:34 AM org.openqa.selenium.remote.ProtocolHandshake createSession
[MASTER] 13:06:34.822 [Thread-3] ERROR ExternalProcessHandler - Aug 14, 2020 5:06:34 AM org.openqa.selenium.remote.ProtocolHandshake createSession

INFO: Detected dialect: OSS
[MASTER] 13:06:34.822 [Thread-3] ERROR ExternalProcessHandler - INFO: Detected dialect: OSS

Aug 14, 2020 5:06:35 AM org.openqa.selenium.remote.ProtocolHandshake createSession
[MASTER] 13:06:35.867 [Thread-3] ERROR ExternalProcessHandler - Aug 14, 2020 5:06:35 AM org.openqa.selenium.remote.ProtocolHandshake createSession

INFO: Detected dialect: OSS
[MASTER] 13:06:35.867 [Thread-3] ERROR ExternalProcessHandler - INFO: Detected dialect: OSS

Aug 14, 2020 5:06:36 AM org.openqa.selenium.remote.ProtocolHandshake createSession
[MASTER] 13:06:36.804 [Thread-3] ERROR ExternalProcessHandler - Aug 14, 2020 5:06:36 AM org.openqa.selenium.remote.ProtocolHandshake createSession

INFO: Detected dialect: OSS
[MASTER] 13:06:36.804 [Thread-3] ERROR ExternalProcessHandler - INFO: Detected dialect: OSS

Aug 14, 2020 5:06:39 AM org.openqa.selenium.remote.ProtocolHandshake createSession
[MASTER] 13:06:39.196 [Thread-3] ERROR ExternalProcessHandler - Aug 14, 2020 5:06:39 AM org.openqa.selenium.remote.ProtocolHandshake createSession

INFO: Detected dialect: OSS
[MASTER] 13:06:39.197 [Thread-3] ERROR ExternalProcessHandler - INFO: Detected dialect: OSS

Aug 14, 2020 5:06:40 AM org.openqa.selenium.remote.ProtocolHandshake createSession
[MASTER] 13:06:40.127 [Thread-3] ERROR ExternalProcessHandler - Aug 14, 2020 5:06:40 AM org.openqa.selenium.remote.ProtocolHandshake createSession

INFO: Detected dialect: OSS
[MASTER] 13:06:40.127 [Thread-3] ERROR ExternalProcessHandler - INFO: Detected dialect: OSS

Aug 14, 2020 5:06:41 AM org.openqa.selenium.remote.ProtocolHandshake createSession
[MASTER] 13:06:41.140 [Thread-3] ERROR ExternalProcessHandler - Aug 14, 2020 5:06:41 AM org.openqa.selenium.remote.ProtocolHandshake createSession

INFO: Detected dialect: OSS
[MASTER] 13:06:41.140 [Thread-3] ERROR ExternalProcessHandler - INFO: Detected dialect: OSS

Aug 14, 2020 5:06:44 AM org.openqa.selenium.remote.ProtocolHandshake createSession
[MASTER] 13:06:44.425 [Thread-3] ERROR ExternalProcessHandler - Aug 14, 2020 5:06:44 AM org.openqa.selenium.remote.ProtocolHandshake createSession

INFO: Detected dialect: OSS
[MASTER] 13:06:44.425 [Thread-3] ERROR ExternalProcessHandler - INFO: Detected dialect: OSS

Aug 14, 2020 5:06:46 AM org.openqa.selenium.remote.ProtocolHandshake createSession
[MASTER] 13:06:46.388 [Thread-3] ERROR ExternalProcessHandler - Aug 14, 2020 5:06:46 AM org.openqa.selenium.remote.ProtocolHandshake createSession

INFO: Detected dialect: OSS
[MASTER] 13:06:46.388 [Thread-3] ERROR ExternalProcessHandler - INFO: Detected dialect: OSS

Aug 14, 2020 5:06:47 AM po_utils.PageObjectLogging logInfo
[MASTER] 13:06:47.849 [Thread-3] ERROR ExternalProcessHandler - Aug 14, 2020 5:06:47 AM po_utils.PageObjectLogging logInfo

INFO: waitForElementBeingPresentOnPage timeout exception: unable to locate the element By.xpath: //button[text()="Create a new session"]
[MASTER] 13:06:47.849 [Thread-3] ERROR ExternalProcessHandler - INFO: waitForElementBeingPresentOnPage timeout exception: unable to locate the element By.xpath: //button[text()="Create a new session"]


[MASTER] 13:06:47.849 [Thread-3] ERROR ExternalProcessHandler - 


[MASTER] 13:06:47.849 [Thread-3] ERROR ExternalProcessHandler - 

Aug 14, 2020 5:06:49 AM org.openqa.selenium.remote.ProtocolHandshake createSession
[MASTER] 13:06:49.170 [Thread-3] ERROR ExternalProcessHandler - Aug 14, 2020 5:06:49 AM org.openqa.selenium.remote.ProtocolHandshake createSession

INFO: Detected dialect: OSS
[MASTER] 13:06:49.170 [Thread-3] ERROR ExternalProcessHandler - INFO: Detected dialect: OSS

Aug 14, 2020 5:06:51 AM org.openqa.selenium.remote.ProtocolHandshake createSession
[MASTER] 13:06:51.428 [Thread-3] ERROR ExternalProcessHandler - Aug 14, 2020 5:06:51 AM org.openqa.selenium.remote.ProtocolHandshake createSession

INFO: Detected dialect: OSS
[MASTER] 13:06:51.429 [Thread-3] ERROR ExternalProcessHandler - INFO: Detected dialect: OSS

Aug 14, 2020 5:06:54 AM org.openqa.selenium.remote.ProtocolHandshake createSession
[MASTER] 13:06:54.238 [Thread-3] ERROR ExternalProcessHandler - Aug 14, 2020 5:06:54 AM org.openqa.selenium.remote.ProtocolHandshake createSession

INFO: Detected dialect: OSS
[MASTER] 13:06:54.238 [Thread-3] ERROR ExternalProcessHandler - INFO: Detected dialect: OSS

Aug 14, 2020 5:07:03 AM org.openqa.selenium.remote.ProtocolHandshake createSession
[MASTER] 13:07:03.178 [Thread-3] ERROR ExternalProcessHandler - Aug 14, 2020 5:07:03 AM org.openqa.selenium.remote.ProtocolHandshake createSession

INFO: Detected dialect: OSS
[MASTER] 13:07:03.178 [Thread-3] ERROR ExternalProcessHandler - INFO: Detected dialect: OSS

Aug 14, 2020 5:07:17 AM org.openqa.selenium.remote.ProtocolHandshake createSession
[MASTER] 13:07:17.931 [Thread-3] ERROR ExternalProcessHandler - Aug 14, 2020 5:07:17 AM org.openqa.selenium.remote.ProtocolHandshake createSession

INFO: Detected dialect: OSS
[MASTER] 13:07:17.931 [Thread-3] ERROR ExternalProcessHandler - INFO: Detected dialect: OSS

[MASTER] 13:07:38.424 [logback-2] ERROR TestCaseExecutor - TG: Exception caught: 
java.lang.IllegalStateException: Test generation failed: page object bug.
	at org.evosuite.testcase.execution.TestCaseExecutor.runTest(TestCaseExecutor.java:322) ~[evosuite-client-1.0.4-SNAPSHOT.jar:na]
	at org.evosuite.testcase.TestFitnessFunction.runTest(TestFitnessFunction.java:91) [evosuite-client-1.0.4-SNAPSHOT.jar:na]
	at org.evosuite.testcase.TestFitnessFunction.getFitness(TestFitnessFunction.java:60) [evosuite-client-1.0.4-SNAPSHOT.jar:na]
	at org.evosuite.testcase.TestFitnessFunction.getFitness(TestFitnessFunction.java:34) [evosuite-client-1.0.4-SNAPSHOT.jar:na]
	at org.evosuite.ga.metaheuristics.art.AdaptiveRandomSearch.calculateFitness(AdaptiveRandomSearch.java:312) [evosuite-client-1.0.4-SNAPSHOT.jar:na]
	at org.evosuite.ga.metaheuristics.art.AdaptiveRandomSearch.evolve(AdaptiveRandomSearch.java:139) [evosuite-client-1.0.4-SNAPSHOT.jar:na]
	at org.evosuite.ga.metaheuristics.art.AdaptiveRandomSearch.generateSolution(AdaptiveRandomSearch.java:270) [evosuite-client-1.0.4-SNAPSHOT.jar:na]
	at org.evosuite.strategy.AdaptiveRandomTestStrategy.generateTests(AdaptiveRandomTestStrategy.java:118) [evosuite-client-1.0.4-SNAPSHOT.jar:na]
	at org.evosuite.TestSuiteGenerator.generateTests(TestSuiteGenerator.java:654) [evosuite-client-1.0.4-SNAPSHOT.jar:na]
	at org.evosuite.TestSuiteGenerator.generateTestSuite(TestSuiteGenerator.java:213) [evosuite-client-1.0.4-SNAPSHOT.jar:na]
	at org.evosuite.rmi.service.ClientNodeImpl$1.run(ClientNodeImpl.java:145) [evosuite-client-1.0.4-SNAPSHOT.jar:na]
	at java.util.concurrent.Executors$RunnableAdapter.call(Executors.java:511) [na:1.8.0_265]
	at java.util.concurrent.FutureTask.run(FutureTask.java:266) [na:1.8.0_265]
	at java.util.concurrent.ThreadPoolExecutor.runWorker(ThreadPoolExecutor.java:1149) [na:1.8.0_265]
	at java.util.concurrent.ThreadPoolExecutor$Worker.run(ThreadPoolExecutor.java:624) [na:1.8.0_265]
	at java.lang.Thread.run(Thread.java:748) [na:1.8.0_265]
Aug 14, 2020 5:07:38 AM org.openqa.selenium.remote.ProtocolHandshake createSession
[MASTER] 13:07:38.629 [Thread-3] ERROR ExternalProcessHandler - Aug 14, 2020 5:07:38 AM org.openqa.selenium.remote.ProtocolHandshake createSession

INFO: Detected dialect: OSS
[MASTER] 13:07:38.630 [Thread-3] ERROR ExternalProcessHandler - INFO: Detected dialect: OSS

Aug 14, 2020 5:07:39 AM org.openqa.selenium.remote.ProtocolHandshake createSession
[MASTER] 13:07:39.538 [Thread-3] ERROR ExternalProcessHandler - Aug 14, 2020 5:07:39 AM org.openqa.selenium.remote.ProtocolHandshake createSession

INFO: Detected dialect: OSS
[MASTER] 13:07:39.538 [Thread-3] ERROR ExternalProcessHandler - INFO: Detected dialect: OSS

Aug 14, 2020 5:07:42 AM org.openqa.selenium.remote.ProtocolHandshake createSession
[MASTER] 13:07:42.905 [Thread-3] ERROR ExternalProcessHandler - Aug 14, 2020 5:07:42 AM org.openqa.selenium.remote.ProtocolHandshake createSession

INFO: Detected dialect: OSS
[MASTER] 13:07:42.905 [Thread-3] ERROR ExternalProcessHandler - INFO: Detected dialect: OSS

Aug 14, 2020 5:07:52 AM org.openqa.selenium.remote.ProtocolHandshake createSession
[MASTER] 13:07:52.385 [Thread-3] ERROR ExternalProcessHandler - Aug 14, 2020 5:07:52 AM org.openqa.selenium.remote.ProtocolHandshake createSession

INFO: Detected dialect: OSS
[MASTER] 13:07:52.386 [Thread-3] ERROR ExternalProcessHandler - INFO: Detected dialect: OSS

Aug 14, 2020 5:08:07 AM org.openqa.selenium.remote.ProtocolHandshake createSession
[MASTER] 13:08:07.890 [Thread-3] ERROR ExternalProcessHandler - Aug 14, 2020 5:08:07 AM org.openqa.selenium.remote.ProtocolHandshake createSession

INFO: Detected dialect: OSS
[MASTER] 13:08:07.890 [Thread-3] ERROR ExternalProcessHandler - INFO: Detected dialect: OSS

[MASTER] 13:08:29.341 [logback-2] ERROR TestCaseExecutor - TG: Exception caught: 
java.lang.IllegalStateException: Test generation failed: page object bug.
	at org.evosuite.testcase.execution.TestCaseExecutor.runTest(TestCaseExecutor.java:322) ~[evosuite-client-1.0.4-SNAPSHOT.jar:na]
	at org.evosuite.testcase.TestFitnessFunction.runTest(TestFitnessFunction.java:91) [evosuite-client-1.0.4-SNAPSHOT.jar:na]
	at org.evosuite.testcase.TestFitnessFunction.getFitness(TestFitnessFunction.java:60) [evosuite-client-1.0.4-SNAPSHOT.jar:na]
	at org.evosuite.testcase.TestFitnessFunction.getFitness(TestFitnessFunction.java:34) [evosuite-client-1.0.4-SNAPSHOT.jar:na]
	at org.evosuite.ga.metaheuristics.art.AdaptiveRandomSearch.calculateFitness(AdaptiveRandomSearch.java:312) [evosuite-client-1.0.4-SNAPSHOT.jar:na]
	at org.evosuite.ga.metaheuristics.art.AdaptiveRandomSearch.evolve(AdaptiveRandomSearch.java:139) [evosuite-client-1.0.4-SNAPSHOT.jar:na]
	at org.evosuite.ga.metaheuristics.art.AdaptiveRandomSearch.generateSolution(AdaptiveRandomSearch.java:270) [evosuite-client-1.0.4-SNAPSHOT.jar:na]
	at org.evosuite.strategy.AdaptiveRandomTestStrategy.generateTests(AdaptiveRandomTestStrategy.java:118) [evosuite-client-1.0.4-SNAPSHOT.jar:na]
	at org.evosuite.TestSuiteGenerator.generateTests(TestSuiteGenerator.java:654) [evosuite-client-1.0.4-SNAPSHOT.jar:na]
	at org.evosuite.TestSuiteGenerator.generateTestSuite(TestSuiteGenerator.java:213) [evosuite-client-1.0.4-SNAPSHOT.jar:na]
	at org.evosuite.rmi.service.ClientNodeImpl$1.run(ClientNodeImpl.java:145) [evosuite-client-1.0.4-SNAPSHOT.jar:na]
	at java.util.concurrent.Executors$RunnableAdapter.call(Executors.java:511) [na:1.8.0_265]
	at java.util.concurrent.FutureTask.run(FutureTask.java:266) [na:1.8.0_265]
	at java.util.concurrent.ThreadPoolExecutor.runWorker(ThreadPoolExecutor.java:1149) [na:1.8.0_265]
	at java.util.concurrent.ThreadPoolExecutor$Worker.run(ThreadPoolExecutor.java:624) [na:1.8.0_265]
	at java.lang.Thread.run(Thread.java:748) [na:1.8.0_265]
Aug 14, 2020 5:08:29 AM org.openqa.selenium.remote.ProtocolHandshake createSession
[MASTER] 13:08:29.585 [Thread-3] ERROR ExternalProcessHandler - Aug 14, 2020 5:08:29 AM org.openqa.selenium.remote.ProtocolHandshake createSession

INFO: Detected dialect: OSS
[MASTER] 13:08:29.585 [Thread-3] ERROR ExternalProcessHandler - INFO: Detected dialect: OSS

Aug 14, 2020 5:08:31 AM org.openqa.selenium.remote.ProtocolHandshake createSession
[MASTER] 13:08:31.251 [Thread-3] ERROR ExternalProcessHandler - Aug 14, 2020 5:08:31 AM org.openqa.selenium.remote.ProtocolHandshake createSession

INFO: Detected dialect: OSS
[MASTER] 13:08:31.251 [Thread-3] ERROR ExternalProcessHandler - INFO: Detected dialect: OSS

Aug 14, 2020 5:08:32 AM org.openqa.selenium.remote.ProtocolHandshake createSession
[MASTER] 13:08:32.042 [Thread-3] ERROR ExternalProcessHandler - Aug 14, 2020 5:08:32 AM org.openqa.selenium.remote.ProtocolHandshake createSession

INFO: Detected dialect: OSS
[MASTER] 13:08:32.042 [Thread-3] ERROR ExternalProcessHandler - INFO: Detected dialect: OSS

Aug 14, 2020 5:08:37 AM org.openqa.selenium.remote.ProtocolHandshake createSession
[MASTER] 13:08:37.103 [Thread-3] ERROR ExternalProcessHandler - Aug 14, 2020 5:08:37 AM org.openqa.selenium.remote.ProtocolHandshake createSession

INFO: Detected dialect: OSS
[MASTER] 13:08:37.103 [Thread-3] ERROR ExternalProcessHandler - INFO: Detected dialect: OSS

Aug 14, 2020 5:08:48 AM org.openqa.selenium.remote.ProtocolHandshake createSession
[MASTER] 13:08:48.180 [Thread-3] ERROR ExternalProcessHandler - Aug 14, 2020 5:08:48 AM org.openqa.selenium.remote.ProtocolHandshake createSession

INFO: Detected dialect: OSS
[MASTER] 13:08:48.180 [Thread-3] ERROR ExternalProcessHandler - INFO: Detected dialect: OSS

Aug 14, 2020 5:09:05 AM org.openqa.selenium.remote.ProtocolHandshake createSession
[MASTER] 13:09:05.077 [Thread-3] ERROR ExternalProcessHandler - Aug 14, 2020 5:09:05 AM org.openqa.selenium.remote.ProtocolHandshake createSession

INFO: Detected dialect: OSS
[MASTER] 13:09:05.077 [Thread-3] ERROR ExternalProcessHandler - INFO: Detected dialect: OSS

[MASTER] 13:09:27.824 [logback-2] ERROR TestCaseExecutor - TG: Exception caught: 
java.lang.IllegalStateException: Test generation failed: page object bug.
	at org.evosuite.testcase.execution.TestCaseExecutor.runTest(TestCaseExecutor.java:322) ~[evosuite-client-1.0.4-SNAPSHOT.jar:na]
	at org.evosuite.testcase.TestFitnessFunction.runTest(TestFitnessFunction.java:91) [evosuite-client-1.0.4-SNAPSHOT.jar:na]
	at org.evosuite.testcase.TestFitnessFunction.isCovered(TestFitnessFunction.java:166) [evosuite-client-1.0.4-SNAPSHOT.jar:na]
	at org.evosuite.testsuite.TestSuiteMinimizer.minimizeTests(TestSuiteMinimizer.java:287) [evosuite-client-1.0.4-SNAPSHOT.jar:na]
	at org.evosuite.testsuite.TestSuiteMinimizer.minimize(TestSuiteMinimizer.java:111) [evosuite-client-1.0.4-SNAPSHOT.jar:na]
	at org.evosuite.TestSuiteGenerator.postProcessTests(TestSuiteGenerator.java:422) [evosuite-client-1.0.4-SNAPSHOT.jar:na]
	at org.evosuite.TestSuiteGenerator.generateTestSuite(TestSuiteGenerator.java:215) [evosuite-client-1.0.4-SNAPSHOT.jar:na]
	at org.evosuite.rmi.service.ClientNodeImpl$1.run(ClientNodeImpl.java:145) [evosuite-client-1.0.4-SNAPSHOT.jar:na]
	at java.util.concurrent.Executors$RunnableAdapter.call(Executors.java:511) [na:1.8.0_265]
	at java.util.concurrent.FutureTask.run(FutureTask.java:266) [na:1.8.0_265]
	at java.util.concurrent.ThreadPoolExecutor.runWorker(ThreadPoolExecutor.java:1149) [na:1.8.0_265]
	at java.util.concurrent.ThreadPoolExecutor$Worker.run(ThreadPoolExecutor.java:624) [na:1.8.0_265]
	at java.lang.Thread.run(Thread.java:748) [na:1.8.0_265]
Aug 14, 2020 5:09:28 AM org.openqa.selenium.remote.ProtocolHandshake createSession
[MASTER] 13:09:28.011 [Thread-3] ERROR ExternalProcessHandler - Aug 14, 2020 5:09:28 AM org.openqa.selenium.remote.ProtocolHandshake createSession

INFO: Detected dialect: OSS
[MASTER] 13:09:28.011 [Thread-3] ERROR ExternalProcessHandler - INFO: Detected dialect: OSS

Aug 14, 2020 5:09:32 AM org.openqa.selenium.remote.ProtocolHandshake createSession
[MASTER] 13:09:32.039 [Thread-3] ERROR ExternalProcessHandler - Aug 14, 2020 5:09:32 AM org.openqa.selenium.remote.ProtocolHandshake createSession

INFO: Detected dialect: OSS
[MASTER] 13:09:32.039 [Thread-3] ERROR ExternalProcessHandler - INFO: Detected dialect: OSS

Aug 14, 2020 5:09:42 AM org.openqa.selenium.remote.ProtocolHandshake createSession
[MASTER] 13:09:42.144 [Thread-3] ERROR ExternalProcessHandler - Aug 14, 2020 5:09:42 AM org.openqa.selenium.remote.ProtocolHandshake createSession

INFO: Detected dialect: OSS
[MASTER] 13:09:42.144 [Thread-3] ERROR ExternalProcessHandler - INFO: Detected dialect: OSS

Aug 14, 2020 5:09:58 AM org.openqa.selenium.remote.ProtocolHandshake createSession
[MASTER] 13:09:58.246 [Thread-3] ERROR ExternalProcessHandler - Aug 14, 2020 5:09:58 AM org.openqa.selenium.remote.ProtocolHandshake createSession

INFO: Detected dialect: OSS
[MASTER] 13:09:58.246 [Thread-3] ERROR ExternalProcessHandler - INFO: Detected dialect: OSS

[MASTER] 13:10:20.422 [logback-2] ERROR TestCaseExecutor - TG: Exception caught: 
java.lang.IllegalStateException: Test generation failed: page object bug.
	at org.evosuite.testcase.execution.TestCaseExecutor.runTest(TestCaseExecutor.java:322) ~[evosuite-client-1.0.4-SNAPSHOT.jar:na]
	at org.evosuite.testcase.TestFitnessFunction.runTest(TestFitnessFunction.java:91) [evosuite-client-1.0.4-SNAPSHOT.jar:na]
	at org.evosuite.testcase.TestFitnessFunction.isCovered(TestFitnessFunction.java:166) [evosuite-client-1.0.4-SNAPSHOT.jar:na]
	at org.evosuite.testsuite.TestSuiteMinimizer.minimizeTests(TestSuiteMinimizer.java:287) [evosuite-client-1.0.4-SNAPSHOT.jar:na]
	at org.evosuite.testsuite.TestSuiteMinimizer.minimize(TestSuiteMinimizer.java:111) [evosuite-client-1.0.4-SNAPSHOT.jar:na]
	at org.evosuite.TestSuiteGenerator.postProcessTests(TestSuiteGenerator.java:422) [evosuite-client-1.0.4-SNAPSHOT.jar:na]
	at org.evosuite.TestSuiteGenerator.generateTestSuite(TestSuiteGenerator.java:215) [evosuite-client-1.0.4-SNAPSHOT.jar:na]
	at org.evosuite.rmi.service.ClientNodeImpl$1.run(ClientNodeImpl.java:145) [evosuite-client-1.0.4-SNAPSHOT.jar:na]
	at java.util.concurrent.Executors$RunnableAdapter.call(Executors.java:511) [na:1.8.0_265]
	at java.util.concurrent.FutureTask.run(FutureTask.java:266) [na:1.8.0_265]
	at java.util.concurrent.ThreadPoolExecutor.runWorker(ThreadPoolExecutor.java:1149) [na:1.8.0_265]
	at java.util.concurrent.ThreadPoolExecutor$Worker.run(ThreadPoolExecutor.java:624) [na:1.8.0_265]
	at java.lang.Thread.run(Thread.java:748) [na:1.8.0_265]
Aug 14, 2020 5:10:20 AM org.openqa.selenium.remote.ProtocolHandshake createSession
[MASTER] 13:10:20.603 [Thread-3] ERROR ExternalProcessHandler - Aug 14, 2020 5:10:20 AM org.openqa.selenium.remote.ProtocolHandshake createSession

INFO: Detected dialect: OSS
[MASTER] 13:10:20.603 [Thread-3] ERROR ExternalProcessHandler - INFO: Detected dialect: OSS

Aug 14, 2020 5:10:22 AM org.openqa.selenium.remote.ProtocolHandshake createSession
[MASTER] 13:10:22.658 [Thread-3] ERROR ExternalProcessHandler - Aug 14, 2020 5:10:22 AM org.openqa.selenium.remote.ProtocolHandshake createSession

INFO: Detected dialect: OSS
[MASTER] 13:10:22.659 [Thread-3] ERROR ExternalProcessHandler - INFO: Detected dialect: OSS

Aug 14, 2020 5:10:25 AM org.openqa.selenium.remote.ProtocolHandshake createSession
[MASTER] 13:10:25.269 [Thread-3] ERROR ExternalProcessHandler - Aug 14, 2020 5:10:25 AM org.openqa.selenium.remote.ProtocolHandshake createSession

INFO: Detected dialect: OSS
[MASTER] 13:10:25.270 [Thread-3] ERROR ExternalProcessHandler - INFO: Detected dialect: OSS

Aug 14, 2020 5:10:33 AM org.openqa.selenium.remote.ProtocolHandshake createSession
[MASTER] 13:10:33.675 [Thread-3] ERROR ExternalProcessHandler - Aug 14, 2020 5:10:33 AM org.openqa.selenium.remote.ProtocolHandshake createSession

INFO: Detected dialect: OSS
[MASTER] 13:10:33.675 [Thread-3] ERROR ExternalProcessHandler - INFO: Detected dialect: OSS

Aug 14, 2020 5:10:47 AM org.openqa.selenium.remote.ProtocolHandshake createSession
[MASTER] 13:10:47.721 [Thread-3] ERROR ExternalProcessHandler - Aug 14, 2020 5:10:47 AM org.openqa.selenium.remote.ProtocolHandshake createSession

INFO: Detected dialect: OSS
[MASTER] 13:10:47.721 [Thread-3] ERROR ExternalProcessHandler - INFO: Detected dialect: OSS

[MASTER] 13:11:07.369 [logback-2] ERROR TestCaseExecutor - TG: Exception caught: 
java.lang.IllegalStateException: Test generation failed: page object bug.
	at org.evosuite.testcase.execution.TestCaseExecutor.runTest(TestCaseExecutor.java:322) ~[evosuite-client-1.0.4-SNAPSHOT.jar:na]
	at org.evosuite.testcase.TestFitnessFunction.runTest(TestFitnessFunction.java:91) [evosuite-client-1.0.4-SNAPSHOT.jar:na]
	at org.evosuite.testcase.TestFitnessFunction.isCovered(TestFitnessFunction.java:166) [evosuite-client-1.0.4-SNAPSHOT.jar:na]
	at org.evosuite.testsuite.TestSuiteMinimizer.minimizeTests(TestSuiteMinimizer.java:287) [evosuite-client-1.0.4-SNAPSHOT.jar:na]
	at org.evosuite.testsuite.TestSuiteMinimizer.minimize(TestSuiteMinimizer.java:111) [evosuite-client-1.0.4-SNAPSHOT.jar:na]
	at org.evosuite.TestSuiteGenerator.postProcessTests(TestSuiteGenerator.java:422) [evosuite-client-1.0.4-SNAPSHOT.jar:na]
	at org.evosuite.TestSuiteGenerator.generateTestSuite(TestSuiteGenerator.java:215) [evosuite-client-1.0.4-SNAPSHOT.jar:na]
	at org.evosuite.rmi.service.ClientNodeImpl$1.run(ClientNodeImpl.java:145) [evosuite-client-1.0.4-SNAPSHOT.jar:na]
	at java.util.concurrent.Executors$RunnableAdapter.call(Executors.java:511) [na:1.8.0_265]
	at java.util.concurrent.FutureTask.run(FutureTask.java:266) [na:1.8.0_265]
	at java.util.concurrent.ThreadPoolExecutor.runWorker(ThreadPoolExecutor.java:1149) [na:1.8.0_265]
	at java.util.concurrent.ThreadPoolExecutor$Worker.run(ThreadPoolExecutor.java:624) [na:1.8.0_265]
	at java.lang.Thread.run(Thread.java:748) [na:1.8.0_265]
Aug 14, 2020 5:11:07 AM org.openqa.selenium.remote.ProtocolHandshake createSession
[MASTER] 13:11:07.552 [Thread-3] ERROR ExternalProcessHandler - Aug 14, 2020 5:11:07 AM org.openqa.selenium.remote.ProtocolHandshake createSession

INFO: Detected dialect: OSS
[MASTER] 13:11:07.552 [Thread-3] ERROR ExternalProcessHandler - INFO: Detected dialect: OSS

Aug 14, 2020 5:11:15 AM org.openqa.selenium.remote.ProtocolHandshake createSession
[MASTER] 13:11:15.270 [Thread-3] ERROR ExternalProcessHandler - Aug 14, 2020 5:11:15 AM org.openqa.selenium.remote.ProtocolHandshake createSession

INFO: Detected dialect: OSS
[MASTER] 13:11:15.270 [Thread-3] ERROR ExternalProcessHandler - INFO: Detected dialect: OSS

Aug 14, 2020 5:11:29 AM org.openqa.selenium.remote.ProtocolHandshake createSession
[MASTER] 13:11:29.384 [Thread-3] ERROR ExternalProcessHandler - Aug 14, 2020 5:11:29 AM org.openqa.selenium.remote.ProtocolHandshake createSession

INFO: Detected dialect: OSS
[MASTER] 13:11:29.385 [Thread-3] ERROR ExternalProcessHandler - INFO: Detected dialect: OSS

Aug 14, 2020 5:11:49 AM org.openqa.selenium.remote.ProtocolHandshake createSession
[MASTER] 13:11:49.891 [Thread-3] ERROR ExternalProcessHandler - Aug 14, 2020 5:11:49 AM org.openqa.selenium.remote.ProtocolHandshake createSession

INFO: Detected dialect: OSS
[MASTER] 13:11:49.891 [Thread-3] ERROR ExternalProcessHandler - INFO: Detected dialect: OSS

[MASTER] 13:12:16.660 [logback-2] ERROR TestCaseExecutor - TG: Exception caught: 
java.lang.IllegalStateException: Test generation failed: page object bug.
	at org.evosuite.testcase.execution.TestCaseExecutor.runTest(TestCaseExecutor.java:322) ~[evosuite-client-1.0.4-SNAPSHOT.jar:na]
	at org.evosuite.testcase.TestFitnessFunction.runTest(TestFitnessFunction.java:91) [evosuite-client-1.0.4-SNAPSHOT.jar:na]
	at org.evosuite.testcase.TestFitnessFunction.isCovered(TestFitnessFunction.java:166) [evosuite-client-1.0.4-SNAPSHOT.jar:na]
	at org.evosuite.testsuite.TestSuiteMinimizer.minimizeTests(TestSuiteMinimizer.java:287) [evosuite-client-1.0.4-SNAPSHOT.jar:na]
	at org.evosuite.testsuite.TestSuiteMinimizer.minimize(TestSuiteMinimizer.java:111) [evosuite-client-1.0.4-SNAPSHOT.jar:na]
	at org.evosuite.TestSuiteGenerator.postProcessTests(TestSuiteGenerator.java:422) [evosuite-client-1.0.4-SNAPSHOT.jar:na]
	at org.evosuite.TestSuiteGenerator.generateTestSuite(TestSuiteGenerator.java:215) [evosuite-client-1.0.4-SNAPSHOT.jar:na]
	at org.evosuite.rmi.service.ClientNodeImpl$1.run(ClientNodeImpl.java:145) [evosuite-client-1.0.4-SNAPSHOT.jar:na]
	at java.util.concurrent.Executors$RunnableAdapter.call(Executors.java:511) [na:1.8.0_265]
	at java.util.concurrent.FutureTask.run(FutureTask.java:266) [na:1.8.0_265]
	at java.util.concurrent.ThreadPoolExecutor.runWorker(ThreadPoolExecutor.java:1149) [na:1.8.0_265]
	at java.util.concurrent.ThreadPoolExecutor$Worker.run(ThreadPoolExecutor.java:624) [na:1.8.0_265]
	at java.lang.Thread.run(Thread.java:748) [na:1.8.0_265]
Aug 14, 2020 5:12:16 AM org.openqa.selenium.remote.ProtocolHandshake createSession
[MASTER] 13:12:16.843 [Thread-3] ERROR ExternalProcessHandler - Aug 14, 2020 5:12:16 AM org.openqa.selenium.remote.ProtocolHandshake createSession

INFO: Detected dialect: OSS
[MASTER] 13:12:16.844 [Thread-3] ERROR ExternalProcessHandler - INFO: Detected dialect: OSS

Aug 14, 2020 5:12:20 AM org.openqa.selenium.remote.ProtocolHandshake createSession
[MASTER] 13:12:20.188 [Thread-3] ERROR ExternalProcessHandler - Aug 14, 2020 5:12:20 AM org.openqa.selenium.remote.ProtocolHandshake createSession

INFO: Detected dialect: OSS
[MASTER] 13:12:20.188 [Thread-3] ERROR ExternalProcessHandler - INFO: Detected dialect: OSS

Aug 14, 2020 5:12:29 AM org.openqa.selenium.remote.ProtocolHandshake createSession
[MASTER] 13:12:29.765 [Thread-3] ERROR ExternalProcessHandler - Aug 14, 2020 5:12:29 AM org.openqa.selenium.remote.ProtocolHandshake createSession

INFO: Detected dialect: OSS
[MASTER] 13:12:29.765 [Thread-3] ERROR ExternalProcessHandler - INFO: Detected dialect: OSS

Aug 14, 2020 5:12:45 AM org.openqa.selenium.remote.ProtocolHandshake createSession
[MASTER] 13:12:45.294 [Thread-3] ERROR ExternalProcessHandler - Aug 14, 2020 5:12:45 AM org.openqa.selenium.remote.ProtocolHandshake createSession

INFO: Detected dialect: OSS
[MASTER] 13:12:45.294 [Thread-3] ERROR ExternalProcessHandler - INFO: Detected dialect: OSS

[MASTER] 13:13:06.763 [logback-2] ERROR TestCaseExecutor - TG: Exception caught: 
java.lang.IllegalStateException: Test generation failed: page object bug.
	at org.evosuite.testcase.execution.TestCaseExecutor.runTest(TestCaseExecutor.java:322) ~[evosuite-client-1.0.4-SNAPSHOT.jar:na]
	at org.evosuite.testcase.TestFitnessFunction.runTest(TestFitnessFunction.java:91) [evosuite-client-1.0.4-SNAPSHOT.jar:na]
	at org.evosuite.testcase.TestFitnessFunction.isCovered(TestFitnessFunction.java:166) [evosuite-client-1.0.4-SNAPSHOT.jar:na]
	at org.evosuite.testsuite.TestSuiteMinimizer.minimizeTests(TestSuiteMinimizer.java:287) [evosuite-client-1.0.4-SNAPSHOT.jar:na]
	at org.evosuite.testsuite.TestSuiteMinimizer.minimize(TestSuiteMinimizer.java:111) [evosuite-client-1.0.4-SNAPSHOT.jar:na]
	at org.evosuite.TestSuiteGenerator.postProcessTests(TestSuiteGenerator.java:422) [evosuite-client-1.0.4-SNAPSHOT.jar:na]
	at org.evosuite.TestSuiteGenerator.generateTestSuite(TestSuiteGenerator.java:215) [evosuite-client-1.0.4-SNAPSHOT.jar:na]
	at org.evosuite.rmi.service.ClientNodeImpl$1.run(ClientNodeImpl.java:145) [evosuite-client-1.0.4-SNAPSHOT.jar:na]
	at java.util.concurrent.Executors$RunnableAdapter.call(Executors.java:511) [na:1.8.0_265]
	at java.util.concurrent.FutureTask.run(FutureTask.java:266) [na:1.8.0_265]
	at java.util.concurrent.ThreadPoolExecutor.runWorker(ThreadPoolExecutor.java:1149) [na:1.8.0_265]
	at java.util.concurrent.ThreadPoolExecutor$Worker.run(ThreadPoolExecutor.java:624) [na:1.8.0_265]
	at java.lang.Thread.run(Thread.java:748) [na:1.8.0_265]
Aug 14, 2020 5:13:06 AM org.openqa.selenium.remote.ProtocolHandshake createSession
[MASTER] 13:13:06.949 [Thread-3] ERROR ExternalProcessHandler - Aug 14, 2020 5:13:06 AM org.openqa.selenium.remote.ProtocolHandshake createSession

INFO: Detected dialect: OSS
[MASTER] 13:13:06.950 [Thread-3] ERROR ExternalProcessHandler - INFO: Detected dialect: OSS

Aug 14, 2020 5:13:10 AM org.openqa.selenium.remote.ProtocolHandshake createSession
[MASTER] 13:13:10.491 [Thread-3] ERROR ExternalProcessHandler - Aug 14, 2020 5:13:10 AM org.openqa.selenium.remote.ProtocolHandshake createSession

INFO: Detected dialect: OSS
[MASTER] 13:13:10.491 [Thread-3] ERROR ExternalProcessHandler - INFO: Detected dialect: OSS

Aug 14, 2020 5:13:20 AM org.openqa.selenium.remote.ProtocolHandshake createSession
[MASTER] 13:13:20.278 [Thread-3] ERROR ExternalProcessHandler - Aug 14, 2020 5:13:20 AM org.openqa.selenium.remote.ProtocolHandshake createSession

INFO: Detected dialect: OSS
[MASTER] 13:13:20.278 [Thread-3] ERROR ExternalProcessHandler - INFO: Detected dialect: OSS

Aug 14, 2020 5:13:36 AM org.openqa.selenium.remote.ProtocolHandshake createSession
[MASTER] 13:13:36.353 [Thread-3] ERROR ExternalProcessHandler - Aug 14, 2020 5:13:36 AM org.openqa.selenium.remote.ProtocolHandshake createSession

INFO: Detected dialect: OSS
[MASTER] 13:13:36.353 [Thread-3] ERROR ExternalProcessHandler - INFO: Detected dialect: OSS

[MASTER] 13:13:58.421 [logback-2] ERROR TestCaseExecutor - TG: Exception caught: 
java.lang.IllegalStateException: Test generation failed: page object bug.
	at org.evosuite.testcase.execution.TestCaseExecutor.runTest(TestCaseExecutor.java:322) ~[evosuite-client-1.0.4-SNAPSHOT.jar:na]
	at org.evosuite.testcase.TestFitnessFunction.runTest(TestFitnessFunction.java:91) [evosuite-client-1.0.4-SNAPSHOT.jar:na]
	at org.evosuite.testcase.TestFitnessFunction.isCovered(TestFitnessFunction.java:166) [evosuite-client-1.0.4-SNAPSHOT.jar:na]
	at org.evosuite.testsuite.TestSuiteMinimizer.minimizeTests(TestSuiteMinimizer.java:287) [evosuite-client-1.0.4-SNAPSHOT.jar:na]
	at org.evosuite.testsuite.TestSuiteMinimizer.minimize(TestSuiteMinimizer.java:111) [evosuite-client-1.0.4-SNAPSHOT.jar:na]
	at org.evosuite.TestSuiteGenerator.postProcessTests(TestSuiteGenerator.java:422) [evosuite-client-1.0.4-SNAPSHOT.jar:na]
	at org.evosuite.TestSuiteGenerator.generateTestSuite(TestSuiteGenerator.java:215) [evosuite-client-1.0.4-SNAPSHOT.jar:na]
	at org.evosuite.rmi.service.ClientNodeImpl$1.run(ClientNodeImpl.java:145) [evosuite-client-1.0.4-SNAPSHOT.jar:na]
	at java.util.concurrent.Executors$RunnableAdapter.call(Executors.java:511) [na:1.8.0_265]
	at java.util.concurrent.FutureTask.run(FutureTask.java:266) [na:1.8.0_265]
	at java.util.concurrent.ThreadPoolExecutor.runWorker(ThreadPoolExecutor.java:1149) [na:1.8.0_265]
	at java.util.concurrent.ThreadPoolExecutor$Worker.run(ThreadPoolExecutor.java:624) [na:1.8.0_265]
	at java.lang.Thread.run(Thread.java:748) [na:1.8.0_265]
Aug 14, 2020 5:13:58 AM org.openqa.selenium.remote.ProtocolHandshake createSession
[MASTER] 13:13:58.606 [Thread-3] ERROR ExternalProcessHandler - Aug 14, 2020 5:13:58 AM org.openqa.selenium.remote.ProtocolHandshake createSession

INFO: Detected dialect: OSS
[MASTER] 13:13:58.606 [Thread-3] ERROR ExternalProcessHandler - INFO: Detected dialect: OSS

Aug 14, 2020 5:14:00 AM po_utils.PageObjectLogging logInfo
[MASTER] 13:14:00.446 [Thread-3] ERROR ExternalProcessHandler - Aug 14, 2020 5:14:00 AM po_utils.PageObjectLogging logInfo

INFO: waitForElementBeingPresentOnPage timeout exception: unable to locate the element By.xpath: //button[text()="Create a new session"]
[MASTER] 13:14:00.447 [Thread-3] ERROR ExternalProcessHandler - INFO: waitForElementBeingPresentOnPage timeout exception: unable to locate the element By.xpath: //button[text()="Create a new session"]


[MASTER] 13:14:00.447 [Thread-3] ERROR ExternalProcessHandler - 


[MASTER] 13:14:00.447 [Thread-3] ERROR ExternalProcessHandler - 

Aug 14, 2020 5:14:00 AM org.openqa.selenium.remote.ProtocolHandshake createSession
[MASTER] 13:14:00.766 [Thread-3] ERROR ExternalProcessHandler - Aug 14, 2020 5:14:00 AM org.openqa.selenium.remote.ProtocolHandshake createSession

INFO: Detected dialect: OSS
[MASTER] 13:14:00.766 [Thread-3] ERROR ExternalProcessHandler - INFO: Detected dialect: OSS

Aug 14, 2020 5:14:04 AM org.openqa.selenium.remote.ProtocolHandshake createSession
[MASTER] 13:14:04.887 [Thread-3] ERROR ExternalProcessHandler - Aug 14, 2020 5:14:04 AM org.openqa.selenium.remote.ProtocolHandshake createSession

INFO: Detected dialect: OSS
[MASTER] 13:14:04.887 [Thread-3] ERROR ExternalProcessHandler - INFO: Detected dialect: OSS

Aug 14, 2020 5:14:11 AM org.openqa.selenium.remote.ProtocolHandshake createSession
[MASTER] 13:14:11.180 [Thread-3] ERROR ExternalProcessHandler - Aug 14, 2020 5:14:11 AM org.openqa.selenium.remote.ProtocolHandshake createSession

INFO: Detected dialect: OSS
[MASTER] 13:14:11.180 [Thread-3] ERROR ExternalProcessHandler - INFO: Detected dialect: OSS

Aug 14, 2020 5:14:14 AM org.openqa.selenium.remote.ProtocolHandshake createSession
[MASTER] 13:14:14.502 [Thread-3] ERROR ExternalProcessHandler - Aug 14, 2020 5:14:14 AM org.openqa.selenium.remote.ProtocolHandshake createSession

INFO: Detected dialect: OSS
[MASTER] 13:14:14.502 [Thread-3] ERROR ExternalProcessHandler - INFO: Detected dialect: OSS

Aug 14, 2020 5:14:17 AM org.openqa.selenium.remote.ProtocolHandshake createSession
[MASTER] 13:14:17.124 [Thread-3] ERROR ExternalProcessHandler - Aug 14, 2020 5:14:17 AM org.openqa.selenium.remote.ProtocolHandshake createSession

INFO: Detected dialect: OSS
[MASTER] 13:14:17.124 [Thread-3] ERROR ExternalProcessHandler - INFO: Detected dialect: OSS

Aug 14, 2020 5:14:19 AM po_utils.PageObjectLogging logInfo
[MASTER] 13:14:19.040 [Thread-3] ERROR ExternalProcessHandler - Aug 14, 2020 5:14:19 AM po_utils.PageObjectLogging logInfo

INFO: waitForElementBeingPresentOnPage timeout exception: unable to locate the element By.xpath: //button[text()="Create a new session"]
[MASTER] 13:14:19.041 [Thread-3] ERROR ExternalProcessHandler - INFO: waitForElementBeingPresentOnPage timeout exception: unable to locate the element By.xpath: //button[text()="Create a new session"]


[MASTER] 13:14:19.041 [Thread-3] ERROR ExternalProcessHandler - 


[MASTER] 13:14:19.041 [Thread-3] ERROR ExternalProcessHandler - 

Aug 14, 2020 5:14:19 AM org.openqa.selenium.remote.ProtocolHandshake createSession
[MASTER] 13:14:19.296 [Thread-3] ERROR ExternalProcessHandler - Aug 14, 2020 5:14:19 AM org.openqa.selenium.remote.ProtocolHandshake createSession

INFO: Detected dialect: OSS
[MASTER] 13:14:19.296 [Thread-3] ERROR ExternalProcessHandler - INFO: Detected dialect: OSS

Aug 14, 2020 5:14:22 AM org.openqa.selenium.remote.ProtocolHandshake createSession
[MASTER] 13:14:22.648 [Thread-3] ERROR ExternalProcessHandler - Aug 14, 2020 5:14:22 AM org.openqa.selenium.remote.ProtocolHandshake createSession

INFO: Detected dialect: OSS
[MASTER] 13:14:22.648 [Thread-3] ERROR ExternalProcessHandler - INFO: Detected dialect: OSS

Aug 14, 2020 5:14:26 AM org.openqa.selenium.remote.ProtocolHandshake createSession
[MASTER] 13:14:26.118 [Thread-3] ERROR ExternalProcessHandler - Aug 14, 2020 5:14:26 AM org.openqa.selenium.remote.ProtocolHandshake createSession

INFO: Detected dialect: OSS
[MASTER] 13:14:26.118 [Thread-3] ERROR ExternalProcessHandler - INFO: Detected dialect: OSS

Aug 14, 2020 5:14:28 AM po_utils.PageObjectLogging logInfo
[MASTER] 13:14:28.033 [Thread-3] ERROR ExternalProcessHandler - Aug 14, 2020 5:14:28 AM po_utils.PageObjectLogging logInfo

INFO: waitForElementBeingPresentOnPage timeout exception: unable to locate the element By.xpath: //button[text()="Create a new session"]
[MASTER] 13:14:28.034 [Thread-3] ERROR ExternalProcessHandler - INFO: waitForElementBeingPresentOnPage timeout exception: unable to locate the element By.xpath: //button[text()="Create a new session"]


[MASTER] 13:14:28.034 [Thread-3] ERROR ExternalProcessHandler - 


[MASTER] 13:14:28.034 [Thread-3] ERROR ExternalProcessHandler - 

Aug 14, 2020 5:14:28 AM org.openqa.selenium.remote.ProtocolHandshake createSession
[MASTER] 13:14:28.291 [Thread-3] ERROR ExternalProcessHandler - Aug 14, 2020 5:14:28 AM org.openqa.selenium.remote.ProtocolHandshake createSession

INFO: Detected dialect: OSS
[MASTER] 13:14:28.291 [Thread-3] ERROR ExternalProcessHandler - INFO: Detected dialect: OSS

Aug 14, 2020 5:14:30 AM org.openqa.selenium.remote.ProtocolHandshake createSession
[MASTER] 13:14:30.908 [Thread-3] ERROR ExternalProcessHandler - Aug 14, 2020 5:14:30 AM org.openqa.selenium.remote.ProtocolHandshake createSession

INFO: Detected dialect: OSS
[MASTER] 13:14:30.908 [Thread-3] ERROR ExternalProcessHandler - INFO: Detected dialect: OSS

Aug 14, 2020 5:14:34 AM org.openqa.selenium.remote.ProtocolHandshake createSession
[MASTER] 13:14:34.145 [Thread-3] ERROR ExternalProcessHandler - Aug 14, 2020 5:14:34 AM org.openqa.selenium.remote.ProtocolHandshake createSession

INFO: Detected dialect: OSS
[MASTER] 13:14:34.145 [Thread-3] ERROR ExternalProcessHandler - INFO: Detected dialect: OSS

Aug 14, 2020 5:14:40 AM org.openqa.selenium.remote.ProtocolHandshake createSession
[MASTER] 13:14:40.378 [Thread-3] ERROR ExternalProcessHandler - Aug 14, 2020 5:14:40 AM org.openqa.selenium.remote.ProtocolHandshake createSession

INFO: Detected dialect: OSS
[MASTER] 13:14:40.378 [Thread-3] ERROR ExternalProcessHandler - INFO: Detected dialect: OSS

