SLF4J: Class path contains multiple SLF4J bindings.
SLF4J: Found binding in [jar:file:/home/yw/.m2/repository/ch/qos/logback/logback-classic/1.1.3/logback-classic-1.1.3.jar!/org/slf4j/impl/StaticLoggerBinder.class]
SLF4J: Found binding in [jar:file:/home/yw/.m2/repository/org/evosuite/evosuite-master/1.0.4-SNAPSHOT/evosuite-master-1.0.4-SNAPSHOT.jar!/org/slf4j/impl/StaticLoggerBinder.class]
SLF4J: See http://www.slf4j.org/codes.html#multiple_bindings for an explanation.
SLF4J: Actual binding is of type [ch.qos.logback.classic.util.ContextSelectorStaticBinder]
SLF4J: Class path contains multiple SLF4J bindings.
[MASTER] 17:27:43.328 [Thread-3] ERROR ExternalProcessHandler - SLF4J: Class path contains multiple SLF4J bindings.

SLF4J: Found binding in [jar:file:/home/yw/.m2/repository/ch/qos/logback/logback-classic/1.1.3/logback-classic-1.1.3.jar!/org/slf4j/impl/StaticLoggerBinder.class]
[MASTER] 17:27:43.332 [Thread-3] ERROR ExternalProcessHandler - SLF4J: Found binding in [jar:file:/home/yw/.m2/repository/ch/qos/logback/logback-classic/1.1.3/logback-classic-1.1.3.jar!/org/slf4j/impl/StaticLoggerBinder.class]

SLF4J: Found binding in [jar:file:/home/yw/.m2/repository/org/evosuite/evosuite-master/1.0.4-SNAPSHOT/evosuite-master-1.0.4-SNAPSHOT.jar!/org/slf4j/impl/StaticLoggerBinder.class]
[MASTER] 17:27:43.336 [Thread-3] ERROR ExternalProcessHandler - SLF4J: Found binding in [jar:file:/home/yw/.m2/repository/org/evosuite/evosuite-master/1.0.4-SNAPSHOT/evosuite-master-1.0.4-SNAPSHOT.jar!/org/slf4j/impl/StaticLoggerBinder.class]

SLF4J: See http://www.slf4j.org/codes.html#multiple_bindings for an explanation.
[MASTER] 17:27:43.338 [Thread-3] ERROR ExternalProcessHandler - SLF4J: See http://www.slf4j.org/codes.html#multiple_bindings for an explanation.

SLF4J: Actual binding is of type [ch.qos.logback.classic.util.ContextSelectorStaticBinder]
[MASTER] 17:27:43.507 [Thread-3] ERROR ExternalProcessHandler - SLF4J: Actual binding is of type [ch.qos.logback.classic.util.ContextSelectorStaticBinder]

Aug 20, 2020 9:27:46 AM org.openqa.selenium.remote.ProtocolHandshake createSession
[MASTER] 17:27:46.906 [Thread-3] ERROR ExternalProcessHandler - Aug 20, 2020 9:27:46 AM org.openqa.selenium.remote.ProtocolHandshake createSession

INFO: Detected dialect: OSS
[MASTER] 17:27:46.907 [Thread-3] ERROR ExternalProcessHandler - INFO: Detected dialect: OSS

Aug 20, 2020 9:27:54 AM org.openqa.selenium.remote.ProtocolHandshake createSession
[MASTER] 17:27:54.172 [Thread-3] ERROR ExternalProcessHandler - Aug 20, 2020 9:27:54 AM org.openqa.selenium.remote.ProtocolHandshake createSession

INFO: Detected dialect: OSS
[MASTER] 17:27:54.173 [Thread-3] ERROR ExternalProcessHandler - INFO: Detected dialect: OSS

Aug 20, 2020 9:28:06 AM org.openqa.selenium.remote.ProtocolHandshake createSession
[MASTER] 17:28:06.563 [Thread-3] ERROR ExternalProcessHandler - Aug 20, 2020 9:28:06 AM org.openqa.selenium.remote.ProtocolHandshake createSession

INFO: Detected dialect: OSS
[MASTER] 17:28:06.564 [Thread-3] ERROR ExternalProcessHandler - INFO: Detected dialect: OSS

Aug 20, 2020 9:28:24 AM org.openqa.selenium.remote.ProtocolHandshake createSession
[MASTER] 17:28:24.358 [Thread-3] ERROR ExternalProcessHandler - Aug 20, 2020 9:28:24 AM org.openqa.selenium.remote.ProtocolHandshake createSession

INFO: Detected dialect: OSS
[MASTER] 17:28:24.358 [Thread-3] ERROR ExternalProcessHandler - INFO: Detected dialect: OSS

[MASTER] 17:28:47.184 [logback-2] ERROR TestCaseExecutor - TG: Exception caught: 
java.lang.IllegalStateException: Test generation failed: page object bug.
	at org.evosuite.testcase.execution.TestCaseExecutor.runTest(TestCaseExecutor.java:322) ~[evosuite-client-1.0.4-SNAPSHOT.jar:na]
	at org.evosuite.testcase.TestFitnessFunction.runTest(TestFitnessFunction.java:91) [evosuite-client-1.0.4-SNAPSHOT.jar:na]
	at org.evosuite.testcase.TestFitnessFunction.getFitness(TestFitnessFunction.java:60) [evosuite-client-1.0.4-SNAPSHOT.jar:na]
	at org.evosuite.testcase.TestFitnessFunction.getFitness(TestFitnessFunction.java:34) [evosuite-client-1.0.4-SNAPSHOT.jar:na]
	at org.evosuite.ga.metaheuristics.mosa.MOSA.calculateFitness(MOSA.java:155) [evosuite-client-1.0.4-SNAPSHOT.jar:na]
	at org.evosuite.ga.metaheuristics.mosa.AbstractMOSA.calculateFitness(AbstractMOSA.java:327) [evosuite-client-1.0.4-SNAPSHOT.jar:na]
	at org.evosuite.ga.metaheuristics.mosa.AbstractMOSA.initializePopulation(AbstractMOSA.java:437) [evosuite-client-1.0.4-SNAPSHOT.jar:na]
	at org.evosuite.ga.metaheuristics.mosa.MOSA.generateSolution(MOSA.java:194) [evosuite-client-1.0.4-SNAPSHOT.jar:na]
	at org.evosuite.strategy.MOSuiteStrategy.generateTests(MOSuiteStrategy.java:127) [evosuite-client-1.0.4-SNAPSHOT.jar:na]
	at org.evosuite.TestSuiteGenerator.generateTests(TestSuiteGenerator.java:654) [evosuite-client-1.0.4-SNAPSHOT.jar:na]
	at org.evosuite.TestSuiteGenerator.generateTestSuite(TestSuiteGenerator.java:213) [evosuite-client-1.0.4-SNAPSHOT.jar:na]
	at org.evosuite.rmi.service.ClientNodeImpl$1.run(ClientNodeImpl.java:145) [evosuite-client-1.0.4-SNAPSHOT.jar:na]
	at java.util.concurrent.Executors$RunnableAdapter.call(Executors.java:511) [na:1.8.0_265]
	at java.util.concurrent.FutureTask.run(FutureTask.java:266) [na:1.8.0_265]
	at java.util.concurrent.ThreadPoolExecutor.runWorker(ThreadPoolExecutor.java:1149) [na:1.8.0_265]
	at java.util.concurrent.ThreadPoolExecutor$Worker.run(ThreadPoolExecutor.java:624) [na:1.8.0_265]
	at java.lang.Thread.run(Thread.java:748) [na:1.8.0_265]
Aug 20, 2020 9:28:47 AM org.openqa.selenium.remote.ProtocolHandshake createSession
[MASTER] 17:28:47.391 [Thread-3] ERROR ExternalProcessHandler - Aug 20, 2020 9:28:47 AM org.openqa.selenium.remote.ProtocolHandshake createSession

INFO: Detected dialect: OSS
[MASTER] 17:28:47.391 [Thread-3] ERROR ExternalProcessHandler - INFO: Detected dialect: OSS

Exception in thread "Thread-3" java.lang.ClassCastException: org.evosuite.testcase.TestChromosome cannot be cast to org.evosuite.testsuite.TestSuiteChromosome
[MASTER] 17:28:47.568 [Thread-3] ERROR ExternalProcessHandler - Exception in thread "Thread-3" java.lang.ClassCastException: org.evosuite.testcase.TestChromosome cannot be cast to org.evosuite.testsuite.TestSuiteChromosome

	at org.evosuite.statistics.SearchStatistics.currentIndividual(SearchStatistics.java:181)
[MASTER] 17:28:47.568 [Thread-3] ERROR ExternalProcessHandler - 	at org.evosuite.statistics.SearchStatistics.currentIndividual(SearchStatistics.java:181)

	at org.evosuite.rmi.service.MasterNodeImpl.evosuite_collectStatistics(MasterNodeImpl.java:166)
[MASTER] 17:28:47.568 [Thread-3] ERROR ExternalProcessHandler - 	at org.evosuite.rmi.service.MasterNodeImpl.evosuite_collectStatistics(MasterNodeImpl.java:166)

	at sun.reflect.NativeMethodAccessorImpl.invoke0(Native Method)
[MASTER] 17:28:47.568 [Thread-3] ERROR ExternalProcessHandler - 	at sun.reflect.NativeMethodAccessorImpl.invoke0(Native Method)

	at sun.reflect.NativeMethodAccessorImpl.invoke(NativeMethodAccessorImpl.java:62)
[MASTER] 17:28:47.569 [Thread-3] ERROR ExternalProcessHandler - 	at sun.reflect.NativeMethodAccessorImpl.invoke(NativeMethodAccessorImpl.java:62)

	at sun.reflect.DelegatingMethodAccessorImpl.invoke(DelegatingMethodAccessorImpl.java:43)
[MASTER] 17:28:47.569 [Thread-3] ERROR ExternalProcessHandler - 	at sun.reflect.DelegatingMethodAccessorImpl.invoke(DelegatingMethodAccessorImpl.java:43)

	at java.lang.reflect.Method.invoke(Method.java:498)
[MASTER] 17:28:47.569 [Thread-3] ERROR ExternalProcessHandler - 	at java.lang.reflect.Method.invoke(Method.java:498)

	at sun.rmi.server.UnicastServerRef.dispatch(UnicastServerRef.java:357)
[MASTER] 17:28:47.569 [Thread-3] ERROR ExternalProcessHandler - 	at sun.rmi.server.UnicastServerRef.dispatch(UnicastServerRef.java:357)

	at sun.rmi.transport.Transport$1.run(Transport.java:200)
[MASTER] 17:28:47.569 [Thread-3] ERROR ExternalProcessHandler - 	at sun.rmi.transport.Transport$1.run(Transport.java:200)

	at sun.rmi.transport.Transport$1.run(Transport.java:197)
[MASTER] 17:28:47.570 [Thread-3] ERROR ExternalProcessHandler - 	at sun.rmi.transport.Transport$1.run(Transport.java:197)

	at java.security.AccessController.doPrivileged(Native Method)
[MASTER] 17:28:47.570 [Thread-3] ERROR ExternalProcessHandler - 	at java.security.AccessController.doPrivileged(Native Method)

	at sun.rmi.transport.Transport.serviceCall(Transport.java:196)
[MASTER] 17:28:47.570 [Thread-3] ERROR ExternalProcessHandler - 	at sun.rmi.transport.Transport.serviceCall(Transport.java:196)

	at sun.rmi.transport.tcp.TCPTransport.handleMessages(TCPTransport.java:573)
[MASTER] 17:28:47.570 [Thread-3] ERROR ExternalProcessHandler - 	at sun.rmi.transport.tcp.TCPTransport.handleMessages(TCPTransport.java:573)

	at sun.rmi.transport.tcp.TCPTransport$ConnectionHandler.run0(TCPTransport.java:834)
[MASTER] 17:28:47.570 [Thread-3] ERROR ExternalProcessHandler - 	at sun.rmi.transport.tcp.TCPTransport$ConnectionHandler.run0(TCPTransport.java:834)

	at sun.rmi.transport.tcp.TCPTransport$ConnectionHandler.lambda$run$0(TCPTransport.java:688)
[MASTER] 17:28:47.571 [Thread-3] ERROR ExternalProcessHandler - 	at sun.rmi.transport.tcp.TCPTransport$ConnectionHandler.lambda$run$0(TCPTransport.java:688)

	at java.security.AccessController.doPrivileged(Native Method)
[MASTER] 17:28:47.571 [Thread-3] ERROR ExternalProcessHandler - 	at java.security.AccessController.doPrivileged(Native Method)

	at sun.rmi.transport.tcp.TCPTransport$ConnectionHandler.run(TCPTransport.java:687)
[MASTER] 17:28:47.571 [Thread-3] ERROR ExternalProcessHandler - 	at sun.rmi.transport.tcp.TCPTransport$ConnectionHandler.run(TCPTransport.java:687)

	at java.util.concurrent.ThreadPoolExecutor.runWorker(ThreadPoolExecutor.java:1149)
[MASTER] 17:28:47.571 [Thread-3] ERROR ExternalProcessHandler - 	at java.util.concurrent.ThreadPoolExecutor.runWorker(ThreadPoolExecutor.java:1149)

	at java.util.concurrent.ThreadPoolExecutor$Worker.run(ThreadPoolExecutor.java:624)
[MASTER] 17:28:47.572 [Thread-3] ERROR ExternalProcessHandler - 	at java.util.concurrent.ThreadPoolExecutor$Worker.run(ThreadPoolExecutor.java:624)

	at java.lang.Thread.run(Thread.java:748)
[MASTER] 17:28:47.572 [Thread-3] ERROR ExternalProcessHandler - 	at java.lang.Thread.run(Thread.java:748)

	at sun.rmi.transport.StreamRemoteCall.exceptionReceivedFromServer(StreamRemoteCall.java:303)
[MASTER] 17:28:47.572 [Thread-3] ERROR ExternalProcessHandler - 	at sun.rmi.transport.StreamRemoteCall.exceptionReceivedFromServer(StreamRemoteCall.java:303)

	at sun.rmi.transport.StreamRemoteCall.executeCall(StreamRemoteCall.java:279)
[MASTER] 17:28:47.572 [Thread-3] ERROR ExternalProcessHandler - 	at sun.rmi.transport.StreamRemoteCall.executeCall(StreamRemoteCall.java:279)

	at sun.rmi.server.UnicastRef.invoke(UnicastRef.java:164)
[MASTER] 17:28:47.573 [Thread-3] ERROR ExternalProcessHandler - 	at sun.rmi.server.UnicastRef.invoke(UnicastRef.java:164)

	at java.rmi.server.RemoteObjectInvocationHandler.invokeRemoteMethod(RemoteObjectInvocationHandler.java:235)
[MASTER] 17:28:47.573 [Thread-3] ERROR ExternalProcessHandler - 	at java.rmi.server.RemoteObjectInvocationHandler.invokeRemoteMethod(RemoteObjectInvocationHandler.java:235)

	at java.rmi.server.RemoteObjectInvocationHandler.invoke(RemoteObjectInvocationHandler.java:180)
[MASTER] 17:28:47.573 [Thread-3] ERROR ExternalProcessHandler - 	at java.rmi.server.RemoteObjectInvocationHandler.invoke(RemoteObjectInvocationHandler.java:180)

	at com.sun.proxy.$Proxy7.evosuite_collectStatistics(Unknown Source)
[MASTER] 17:28:47.573 [Thread-3] ERROR ExternalProcessHandler - 	at com.sun.proxy.$Proxy7.evosuite_collectStatistics(Unknown Source)

	at org.evosuite.rmi.service.ClientNodeImpl.updateStatistics(ClientNodeImpl.java:237)
[MASTER] 17:28:47.574 [Thread-3] ERROR ExternalProcessHandler - 	at org.evosuite.rmi.service.ClientNodeImpl.updateStatistics(ClientNodeImpl.java:237)

	at org.evosuite.statistics.StatisticsSender.sendIndividualToMaster(StatisticsSender.java:75)
[MASTER] 17:28:47.574 [Thread-3] ERROR ExternalProcessHandler - 	at org.evosuite.statistics.StatisticsSender.sendIndividualToMaster(StatisticsSender.java:75)

	at org.evosuite.statistics.StatisticsListener$1.run(StatisticsListener.java:71)
[MASTER] 17:28:47.574 [Thread-3] ERROR ExternalProcessHandler - 	at org.evosuite.statistics.StatisticsListener$1.run(StatisticsListener.java:71)

Aug 20, 2020 9:28:48 AM org.openqa.selenium.remote.ProtocolHandshake createSession
[MASTER] 17:28:48.286 [Thread-3] ERROR ExternalProcessHandler - Aug 20, 2020 9:28:48 AM org.openqa.selenium.remote.ProtocolHandshake createSession

INFO: Detected dialect: OSS
[MASTER] 17:28:48.286 [Thread-3] ERROR ExternalProcessHandler - INFO: Detected dialect: OSS

Aug 20, 2020 9:28:49 AM org.openqa.selenium.remote.ProtocolHandshake createSession
[MASTER] 17:28:49.264 [Thread-3] ERROR ExternalProcessHandler - Aug 20, 2020 9:28:49 AM org.openqa.selenium.remote.ProtocolHandshake createSession

INFO: Detected dialect: OSS
[MASTER] 17:28:49.265 [Thread-3] ERROR ExternalProcessHandler - INFO: Detected dialect: OSS

Aug 20, 2020 9:28:50 AM org.openqa.selenium.remote.ProtocolHandshake createSession
[MASTER] 17:28:50.651 [Thread-3] ERROR ExternalProcessHandler - Aug 20, 2020 9:28:50 AM org.openqa.selenium.remote.ProtocolHandshake createSession

INFO: Detected dialect: OSS
[MASTER] 17:28:50.651 [Thread-3] ERROR ExternalProcessHandler - INFO: Detected dialect: OSS

Aug 20, 2020 9:28:51 AM org.openqa.selenium.remote.ProtocolHandshake createSession
[MASTER] 17:28:51.783 [Thread-3] ERROR ExternalProcessHandler - Aug 20, 2020 9:28:51 AM org.openqa.selenium.remote.ProtocolHandshake createSession

INFO: Detected dialect: OSS
[MASTER] 17:28:51.783 [Thread-3] ERROR ExternalProcessHandler - INFO: Detected dialect: OSS

Aug 20, 2020 9:28:52 AM org.openqa.selenium.remote.ProtocolHandshake createSession
[MASTER] 17:28:52.958 [Thread-3] ERROR ExternalProcessHandler - Aug 20, 2020 9:28:52 AM org.openqa.selenium.remote.ProtocolHandshake createSession

INFO: Detected dialect: OSS
[MASTER] 17:28:52.958 [Thread-3] ERROR ExternalProcessHandler - INFO: Detected dialect: OSS

Aug 20, 2020 9:28:53 AM org.openqa.selenium.remote.ProtocolHandshake createSession
[MASTER] 17:28:53.872 [Thread-3] ERROR ExternalProcessHandler - Aug 20, 2020 9:28:53 AM org.openqa.selenium.remote.ProtocolHandshake createSession

INFO: Detected dialect: OSS
[MASTER] 17:28:53.872 [Thread-3] ERROR ExternalProcessHandler - INFO: Detected dialect: OSS

Aug 20, 2020 9:28:55 AM org.openqa.selenium.remote.ProtocolHandshake createSession
[MASTER] 17:28:55.282 [Thread-3] ERROR ExternalProcessHandler - Aug 20, 2020 9:28:55 AM org.openqa.selenium.remote.ProtocolHandshake createSession

INFO: Detected dialect: OSS
[MASTER] 17:28:55.282 [Thread-3] ERROR ExternalProcessHandler - INFO: Detected dialect: OSS

Aug 20, 2020 9:28:56 AM org.openqa.selenium.remote.ProtocolHandshake createSession
[MASTER] 17:28:56.168 [Thread-3] ERROR ExternalProcessHandler - Aug 20, 2020 9:28:56 AM org.openqa.selenium.remote.ProtocolHandshake createSession

INFO: Detected dialect: OSS
[MASTER] 17:28:56.168 [Thread-3] ERROR ExternalProcessHandler - INFO: Detected dialect: OSS

Aug 20, 2020 9:28:57 AM org.openqa.selenium.remote.ProtocolHandshake createSession
[MASTER] 17:28:57.461 [Thread-3] ERROR ExternalProcessHandler - Aug 20, 2020 9:28:57 AM org.openqa.selenium.remote.ProtocolHandshake createSession

INFO: Detected dialect: OSS
[MASTER] 17:28:57.461 [Thread-3] ERROR ExternalProcessHandler - INFO: Detected dialect: OSS

Aug 20, 2020 9:28:58 AM org.openqa.selenium.remote.ProtocolHandshake createSession
[MASTER] 17:28:58.739 [Thread-3] ERROR ExternalProcessHandler - Aug 20, 2020 9:28:58 AM org.openqa.selenium.remote.ProtocolHandshake createSession

INFO: Detected dialect: OSS
[MASTER] 17:28:58.739 [Thread-3] ERROR ExternalProcessHandler - INFO: Detected dialect: OSS

Aug 20, 2020 9:28:59 AM org.openqa.selenium.remote.ProtocolHandshake createSession
[MASTER] 17:28:59.691 [Thread-3] ERROR ExternalProcessHandler - Aug 20, 2020 9:28:59 AM org.openqa.selenium.remote.ProtocolHandshake createSession

INFO: Detected dialect: OSS
[MASTER] 17:28:59.691 [Thread-3] ERROR ExternalProcessHandler - INFO: Detected dialect: OSS

Aug 20, 2020 9:29:00 AM org.openqa.selenium.remote.ProtocolHandshake createSession
[MASTER] 17:29:00.711 [Thread-3] ERROR ExternalProcessHandler - Aug 20, 2020 9:29:00 AM org.openqa.selenium.remote.ProtocolHandshake createSession

INFO: Detected dialect: OSS
[MASTER] 17:29:00.711 [Thread-3] ERROR ExternalProcessHandler - INFO: Detected dialect: OSS

Aug 20, 2020 9:29:01 AM org.openqa.selenium.remote.ProtocolHandshake createSession
[MASTER] 17:29:01.932 [Thread-3] ERROR ExternalProcessHandler - Aug 20, 2020 9:29:01 AM org.openqa.selenium.remote.ProtocolHandshake createSession

INFO: Detected dialect: OSS
[MASTER] 17:29:01.932 [Thread-3] ERROR ExternalProcessHandler - INFO: Detected dialect: OSS

Aug 20, 2020 9:29:04 AM org.openqa.selenium.remote.ProtocolHandshake createSession
[MASTER] 17:29:04.356 [Thread-3] ERROR ExternalProcessHandler - Aug 20, 2020 9:29:04 AM org.openqa.selenium.remote.ProtocolHandshake createSession

INFO: Detected dialect: OSS
[MASTER] 17:29:04.357 [Thread-3] ERROR ExternalProcessHandler - INFO: Detected dialect: OSS

Aug 20, 2020 9:29:09 AM org.openqa.selenium.remote.ProtocolHandshake createSession
[MASTER] 17:29:09.223 [Thread-3] ERROR ExternalProcessHandler - Aug 20, 2020 9:29:09 AM org.openqa.selenium.remote.ProtocolHandshake createSession

INFO: Detected dialect: OSS
[MASTER] 17:29:09.223 [Thread-3] ERROR ExternalProcessHandler - INFO: Detected dialect: OSS

Aug 20, 2020 9:29:16 AM org.openqa.selenium.remote.ProtocolHandshake createSession
[MASTER] 17:29:16.313 [Thread-3] ERROR ExternalProcessHandler - Aug 20, 2020 9:29:16 AM org.openqa.selenium.remote.ProtocolHandshake createSession

INFO: Detected dialect: OSS
[MASTER] 17:29:16.313 [Thread-3] ERROR ExternalProcessHandler - INFO: Detected dialect: OSS

[MASTER] 17:29:25.516 [logback-2] ERROR TestCaseExecutor - TG: Exception caught: 
java.lang.IllegalStateException: Test generation failed: page object bug.
	at org.evosuite.testcase.execution.TestCaseExecutor.runTest(TestCaseExecutor.java:322) ~[evosuite-client-1.0.4-SNAPSHOT.jar:na]
	at org.evosuite.testcase.TestFitnessFunction.runTest(TestFitnessFunction.java:91) [evosuite-client-1.0.4-SNAPSHOT.jar:na]
	at org.evosuite.testcase.TestFitnessFunction.getFitness(TestFitnessFunction.java:60) [evosuite-client-1.0.4-SNAPSHOT.jar:na]
	at org.evosuite.testcase.TestFitnessFunction.getFitness(TestFitnessFunction.java:34) [evosuite-client-1.0.4-SNAPSHOT.jar:na]
	at org.evosuite.ga.metaheuristics.mosa.MOSA.calculateFitness(MOSA.java:155) [evosuite-client-1.0.4-SNAPSHOT.jar:na]
	at org.evosuite.ga.metaheuristics.mosa.AbstractMOSA.calculateFitness(AbstractMOSA.java:327) [evosuite-client-1.0.4-SNAPSHOT.jar:na]
	at org.evosuite.ga.metaheuristics.mosa.AbstractMOSA.initializePopulation(AbstractMOSA.java:437) [evosuite-client-1.0.4-SNAPSHOT.jar:na]
	at org.evosuite.ga.metaheuristics.mosa.MOSA.generateSolution(MOSA.java:194) [evosuite-client-1.0.4-SNAPSHOT.jar:na]
	at org.evosuite.strategy.MOSuiteStrategy.generateTests(MOSuiteStrategy.java:127) [evosuite-client-1.0.4-SNAPSHOT.jar:na]
	at org.evosuite.TestSuiteGenerator.generateTests(TestSuiteGenerator.java:654) [evosuite-client-1.0.4-SNAPSHOT.jar:na]
	at org.evosuite.TestSuiteGenerator.generateTestSuite(TestSuiteGenerator.java:213) [evosuite-client-1.0.4-SNAPSHOT.jar:na]
	at org.evosuite.rmi.service.ClientNodeImpl$1.run(ClientNodeImpl.java:145) [evosuite-client-1.0.4-SNAPSHOT.jar:na]
	at java.util.concurrent.Executors$RunnableAdapter.call(Executors.java:511) [na:1.8.0_265]
	at java.util.concurrent.FutureTask.run(FutureTask.java:266) [na:1.8.0_265]
	at java.util.concurrent.ThreadPoolExecutor.runWorker(ThreadPoolExecutor.java:1149) [na:1.8.0_265]
	at java.util.concurrent.ThreadPoolExecutor$Worker.run(ThreadPoolExecutor.java:624) [na:1.8.0_265]
	at java.lang.Thread.run(Thread.java:748) [na:1.8.0_265]
Aug 20, 2020 9:29:25 AM org.openqa.selenium.remote.ProtocolHandshake createSession
[MASTER] 17:29:25.710 [Thread-3] ERROR ExternalProcessHandler - Aug 20, 2020 9:29:25 AM org.openqa.selenium.remote.ProtocolHandshake createSession

INFO: Detected dialect: OSS
[MASTER] 17:29:25.710 [Thread-3] ERROR ExternalProcessHandler - INFO: Detected dialect: OSS

Aug 20, 2020 9:29:27 AM org.openqa.selenium.remote.ProtocolHandshake createSession
[MASTER] 17:29:27.173 [Thread-3] ERROR ExternalProcessHandler - Aug 20, 2020 9:29:27 AM org.openqa.selenium.remote.ProtocolHandshake createSession

INFO: Detected dialect: OSS
[MASTER] 17:29:27.173 [Thread-3] ERROR ExternalProcessHandler - INFO: Detected dialect: OSS

Aug 20, 2020 9:29:28 AM org.openqa.selenium.remote.ProtocolHandshake createSession
[MASTER] 17:29:28.486 [Thread-3] ERROR ExternalProcessHandler - Aug 20, 2020 9:29:28 AM org.openqa.selenium.remote.ProtocolHandshake createSession

INFO: Detected dialect: OSS
[MASTER] 17:29:28.486 [Thread-3] ERROR ExternalProcessHandler - INFO: Detected dialect: OSS

Aug 20, 2020 9:29:29 AM org.openqa.selenium.remote.ProtocolHandshake createSession
[MASTER] 17:29:29.334 [Thread-3] ERROR ExternalProcessHandler - Aug 20, 2020 9:29:29 AM org.openqa.selenium.remote.ProtocolHandshake createSession

INFO: Detected dialect: OSS
[MASTER] 17:29:29.334 [Thread-3] ERROR ExternalProcessHandler - INFO: Detected dialect: OSS

Aug 20, 2020 9:29:30 AM org.openqa.selenium.remote.ProtocolHandshake createSession
[MASTER] 17:29:30.922 [Thread-3] ERROR ExternalProcessHandler - Aug 20, 2020 9:29:30 AM org.openqa.selenium.remote.ProtocolHandshake createSession

INFO: Detected dialect: OSS
[MASTER] 17:29:30.923 [Thread-3] ERROR ExternalProcessHandler - INFO: Detected dialect: OSS

Aug 20, 2020 9:29:31 AM org.openqa.selenium.remote.ProtocolHandshake createSession
[MASTER] 17:29:31.895 [Thread-3] ERROR ExternalProcessHandler - Aug 20, 2020 9:29:31 AM org.openqa.selenium.remote.ProtocolHandshake createSession

INFO: Detected dialect: OSS
[MASTER] 17:29:31.896 [Thread-3] ERROR ExternalProcessHandler - INFO: Detected dialect: OSS

Aug 20, 2020 9:29:32 AM org.openqa.selenium.remote.ProtocolHandshake createSession
[MASTER] 17:29:32.959 [Thread-3] ERROR ExternalProcessHandler - Aug 20, 2020 9:29:32 AM org.openqa.selenium.remote.ProtocolHandshake createSession

INFO: Detected dialect: OSS
[MASTER] 17:29:32.959 [Thread-3] ERROR ExternalProcessHandler - INFO: Detected dialect: OSS

Aug 20, 2020 9:29:34 AM org.openqa.selenium.remote.ProtocolHandshake createSession
[MASTER] 17:29:34.884 [Thread-3] ERROR ExternalProcessHandler - Aug 20, 2020 9:29:34 AM org.openqa.selenium.remote.ProtocolHandshake createSession

INFO: Detected dialect: OSS
[MASTER] 17:29:34.885 [Thread-3] ERROR ExternalProcessHandler - INFO: Detected dialect: OSS

Aug 20, 2020 9:29:36 AM org.openqa.selenium.remote.ProtocolHandshake createSession
[MASTER] 17:29:36.064 [Thread-3] ERROR ExternalProcessHandler - Aug 20, 2020 9:29:36 AM org.openqa.selenium.remote.ProtocolHandshake createSession

INFO: Detected dialect: OSS
[MASTER] 17:29:36.064 [Thread-3] ERROR ExternalProcessHandler - INFO: Detected dialect: OSS

Aug 20, 2020 9:29:36 AM org.openqa.selenium.remote.ProtocolHandshake createSession
[MASTER] 17:29:36.897 [Thread-3] ERROR ExternalProcessHandler - Aug 20, 2020 9:29:36 AM org.openqa.selenium.remote.ProtocolHandshake createSession

INFO: Detected dialect: OSS
[MASTER] 17:29:36.898 [Thread-3] ERROR ExternalProcessHandler - INFO: Detected dialect: OSS

Aug 20, 2020 9:29:37 AM org.openqa.selenium.remote.ProtocolHandshake createSession
[MASTER] 17:29:37.801 [Thread-3] ERROR ExternalProcessHandler - Aug 20, 2020 9:29:37 AM org.openqa.selenium.remote.ProtocolHandshake createSession

INFO: Detected dialect: OSS
[MASTER] 17:29:37.801 [Thread-3] ERROR ExternalProcessHandler - INFO: Detected dialect: OSS

Aug 20, 2020 9:29:40 AM org.openqa.selenium.remote.ProtocolHandshake createSession
[MASTER] 17:29:40.342 [Thread-3] ERROR ExternalProcessHandler - Aug 20, 2020 9:29:40 AM org.openqa.selenium.remote.ProtocolHandshake createSession

INFO: Detected dialect: OSS
[MASTER] 17:29:40.342 [Thread-3] ERROR ExternalProcessHandler - INFO: Detected dialect: OSS

Aug 20, 2020 9:29:41 AM org.openqa.selenium.remote.ProtocolHandshake createSession
[MASTER] 17:29:41.507 [Thread-3] ERROR ExternalProcessHandler - Aug 20, 2020 9:29:41 AM org.openqa.selenium.remote.ProtocolHandshake createSession

INFO: Detected dialect: OSS
[MASTER] 17:29:41.507 [Thread-3] ERROR ExternalProcessHandler - INFO: Detected dialect: OSS

Aug 20, 2020 9:29:42 AM org.openqa.selenium.remote.ProtocolHandshake createSession
[MASTER] 17:29:42.744 [Thread-3] ERROR ExternalProcessHandler - Aug 20, 2020 9:29:42 AM org.openqa.selenium.remote.ProtocolHandshake createSession

INFO: Detected dialect: OSS
[MASTER] 17:29:42.745 [Thread-3] ERROR ExternalProcessHandler - INFO: Detected dialect: OSS

Aug 20, 2020 9:29:43 AM org.openqa.selenium.remote.ProtocolHandshake createSession
[MASTER] 17:29:43.736 [Thread-3] ERROR ExternalProcessHandler - Aug 20, 2020 9:29:43 AM org.openqa.selenium.remote.ProtocolHandshake createSession

INFO: Detected dialect: OSS
[MASTER] 17:29:43.736 [Thread-3] ERROR ExternalProcessHandler - INFO: Detected dialect: OSS

Aug 20, 2020 9:29:45 AM org.openqa.selenium.remote.ProtocolHandshake createSession
[MASTER] 17:29:45.213 [Thread-3] ERROR ExternalProcessHandler - Aug 20, 2020 9:29:45 AM org.openqa.selenium.remote.ProtocolHandshake createSession

INFO: Detected dialect: OSS
[MASTER] 17:29:45.213 [Thread-3] ERROR ExternalProcessHandler - INFO: Detected dialect: OSS

Aug 20, 2020 9:29:47 AM org.openqa.selenium.remote.ProtocolHandshake createSession
[MASTER] 17:29:47.767 [Thread-3] ERROR ExternalProcessHandler - Aug 20, 2020 9:29:47 AM org.openqa.selenium.remote.ProtocolHandshake createSession

INFO: Detected dialect: OSS
[MASTER] 17:29:47.767 [Thread-3] ERROR ExternalProcessHandler - INFO: Detected dialect: OSS

Aug 20, 2020 9:29:49 AM org.openqa.selenium.remote.ProtocolHandshake createSession
[MASTER] 17:29:49.061 [Thread-3] ERROR ExternalProcessHandler - Aug 20, 2020 9:29:49 AM org.openqa.selenium.remote.ProtocolHandshake createSession

INFO: Detected dialect: OSS
[MASTER] 17:29:49.061 [Thread-3] ERROR ExternalProcessHandler - INFO: Detected dialect: OSS

Aug 20, 2020 9:29:51 AM org.openqa.selenium.remote.ProtocolHandshake createSession
[MASTER] 17:29:51.401 [Thread-3] ERROR ExternalProcessHandler - Aug 20, 2020 9:29:51 AM org.openqa.selenium.remote.ProtocolHandshake createSession

INFO: Detected dialect: OSS
[MASTER] 17:29:51.401 [Thread-3] ERROR ExternalProcessHandler - INFO: Detected dialect: OSS

Aug 20, 2020 9:29:52 AM org.openqa.selenium.remote.ProtocolHandshake createSession
[MASTER] 17:29:52.353 [Thread-3] ERROR ExternalProcessHandler - Aug 20, 2020 9:29:52 AM org.openqa.selenium.remote.ProtocolHandshake createSession

INFO: Detected dialect: OSS
[MASTER] 17:29:52.353 [Thread-3] ERROR ExternalProcessHandler - INFO: Detected dialect: OSS

Aug 20, 2020 9:29:53 AM org.openqa.selenium.remote.ProtocolHandshake createSession
[MASTER] 17:29:53.441 [Thread-3] ERROR ExternalProcessHandler - Aug 20, 2020 9:29:53 AM org.openqa.selenium.remote.ProtocolHandshake createSession

INFO: Detected dialect: OSS
[MASTER] 17:29:53.441 [Thread-3] ERROR ExternalProcessHandler - INFO: Detected dialect: OSS

Aug 20, 2020 9:29:57 AM org.openqa.selenium.remote.ProtocolHandshake createSession
[MASTER] 17:29:57.339 [Thread-3] ERROR ExternalProcessHandler - Aug 20, 2020 9:29:57 AM org.openqa.selenium.remote.ProtocolHandshake createSession

INFO: Detected dialect: OSS
[MASTER] 17:29:57.339 [Thread-3] ERROR ExternalProcessHandler - INFO: Detected dialect: OSS

Aug 20, 2020 9:29:59 AM org.openqa.selenium.remote.ProtocolHandshake createSession
[MASTER] 17:29:59.802 [Thread-3] ERROR ExternalProcessHandler - Aug 20, 2020 9:29:59 AM org.openqa.selenium.remote.ProtocolHandshake createSession

INFO: Detected dialect: OSS
[MASTER] 17:29:59.802 [Thread-3] ERROR ExternalProcessHandler - INFO: Detected dialect: OSS

Aug 20, 2020 9:30:04 AM org.openqa.selenium.remote.ProtocolHandshake createSession
[MASTER] 17:30:04.458 [Thread-3] ERROR ExternalProcessHandler - Aug 20, 2020 9:30:04 AM org.openqa.selenium.remote.ProtocolHandshake createSession

INFO: Detected dialect: OSS
[MASTER] 17:30:04.458 [Thread-3] ERROR ExternalProcessHandler - INFO: Detected dialect: OSS

Aug 20, 2020 9:30:11 AM org.openqa.selenium.remote.ProtocolHandshake createSession
[MASTER] 17:30:11.208 [Thread-3] ERROR ExternalProcessHandler - Aug 20, 2020 9:30:11 AM org.openqa.selenium.remote.ProtocolHandshake createSession

INFO: Detected dialect: OSS
[MASTER] 17:30:11.209 [Thread-3] ERROR ExternalProcessHandler - INFO: Detected dialect: OSS

[MASTER] 17:30:19.902 [logback-2] ERROR TestCaseExecutor - TG: Exception caught: 
java.lang.IllegalStateException: Test generation failed: page object bug.
	at org.evosuite.testcase.execution.TestCaseExecutor.runTest(TestCaseExecutor.java:322) ~[evosuite-client-1.0.4-SNAPSHOT.jar:na]
	at org.evosuite.testcase.TestFitnessFunction.runTest(TestFitnessFunction.java:91) [evosuite-client-1.0.4-SNAPSHOT.jar:na]
	at org.evosuite.testcase.TestFitnessFunction.getFitness(TestFitnessFunction.java:60) [evosuite-client-1.0.4-SNAPSHOT.jar:na]
	at org.evosuite.testcase.TestFitnessFunction.getFitness(TestFitnessFunction.java:34) [evosuite-client-1.0.4-SNAPSHOT.jar:na]
	at org.evosuite.ga.metaheuristics.mosa.MOSA.calculateFitness(MOSA.java:155) [evosuite-client-1.0.4-SNAPSHOT.jar:na]
	at org.evosuite.ga.metaheuristics.mosa.AbstractMOSA.calculateFitness(AbstractMOSA.java:327) [evosuite-client-1.0.4-SNAPSHOT.jar:na]
	at org.evosuite.ga.metaheuristics.mosa.AbstractMOSA.initializePopulation(AbstractMOSA.java:437) [evosuite-client-1.0.4-SNAPSHOT.jar:na]
	at org.evosuite.ga.metaheuristics.mosa.MOSA.generateSolution(MOSA.java:194) [evosuite-client-1.0.4-SNAPSHOT.jar:na]
	at org.evosuite.strategy.MOSuiteStrategy.generateTests(MOSuiteStrategy.java:127) [evosuite-client-1.0.4-SNAPSHOT.jar:na]
	at org.evosuite.TestSuiteGenerator.generateTests(TestSuiteGenerator.java:654) [evosuite-client-1.0.4-SNAPSHOT.jar:na]
	at org.evosuite.TestSuiteGenerator.generateTestSuite(TestSuiteGenerator.java:213) [evosuite-client-1.0.4-SNAPSHOT.jar:na]
	at org.evosuite.rmi.service.ClientNodeImpl$1.run(ClientNodeImpl.java:145) [evosuite-client-1.0.4-SNAPSHOT.jar:na]
	at java.util.concurrent.Executors$RunnableAdapter.call(Executors.java:511) [na:1.8.0_265]
	at java.util.concurrent.FutureTask.run(FutureTask.java:266) [na:1.8.0_265]
	at java.util.concurrent.ThreadPoolExecutor.runWorker(ThreadPoolExecutor.java:1149) [na:1.8.0_265]
	at java.util.concurrent.ThreadPoolExecutor$Worker.run(ThreadPoolExecutor.java:624) [na:1.8.0_265]
	at java.lang.Thread.run(Thread.java:748) [na:1.8.0_265]
Aug 20, 2020 9:30:20 AM org.openqa.selenium.remote.ProtocolHandshake createSession
[MASTER] 17:30:20.089 [Thread-3] ERROR ExternalProcessHandler - Aug 20, 2020 9:30:20 AM org.openqa.selenium.remote.ProtocolHandshake createSession

INFO: Detected dialect: OSS
[MASTER] 17:30:20.089 [Thread-3] ERROR ExternalProcessHandler - INFO: Detected dialect: OSS

Aug 20, 2020 9:30:20 AM org.openqa.selenium.remote.ProtocolHandshake createSession
[MASTER] 17:30:20.988 [Thread-3] ERROR ExternalProcessHandler - Aug 20, 2020 9:30:20 AM org.openqa.selenium.remote.ProtocolHandshake createSession

INFO: Detected dialect: OSS
[MASTER] 17:30:20.988 [Thread-3] ERROR ExternalProcessHandler - INFO: Detected dialect: OSS

Aug 20, 2020 9:30:21 AM org.openqa.selenium.remote.ProtocolHandshake createSession
[MASTER] 17:30:21.911 [Thread-3] ERROR ExternalProcessHandler - Aug 20, 2020 9:30:21 AM org.openqa.selenium.remote.ProtocolHandshake createSession

INFO: Detected dialect: OSS
[MASTER] 17:30:21.911 [Thread-3] ERROR ExternalProcessHandler - INFO: Detected dialect: OSS

Aug 20, 2020 9:30:22 AM org.openqa.selenium.remote.ProtocolHandshake createSession
[MASTER] 17:30:22.838 [Thread-3] ERROR ExternalProcessHandler - Aug 20, 2020 9:30:22 AM org.openqa.selenium.remote.ProtocolHandshake createSession

INFO: Detected dialect: OSS
[MASTER] 17:30:22.838 [Thread-3] ERROR ExternalProcessHandler - INFO: Detected dialect: OSS

Aug 20, 2020 9:30:23 AM po_utils.PageObjectLogging logInfo
[MASTER] 17:30:23.974 [Thread-3] ERROR ExternalProcessHandler - Aug 20, 2020 9:30:23 AM po_utils.PageObjectLogging logInfo

INFO: waitForElementBeingPresentOnPage timeout exception: unable to locate the element By.xpath: //button[text()="Create a new session"]
[MASTER] 17:30:23.974 [Thread-3] ERROR ExternalProcessHandler - INFO: waitForElementBeingPresentOnPage timeout exception: unable to locate the element By.xpath: //button[text()="Create a new session"]


[MASTER] 17:30:23.974 [Thread-3] ERROR ExternalProcessHandler - 


[MASTER] 17:30:23.974 [Thread-3] ERROR ExternalProcessHandler - 

Aug 20, 2020 9:30:24 AM org.openqa.selenium.remote.ProtocolHandshake createSession
[MASTER] 17:30:24.515 [Thread-3] ERROR ExternalProcessHandler - Aug 20, 2020 9:30:24 AM org.openqa.selenium.remote.ProtocolHandshake createSession

INFO: Detected dialect: OSS
[MASTER] 17:30:24.515 [Thread-3] ERROR ExternalProcessHandler - INFO: Detected dialect: OSS

Aug 20, 2020 9:30:26 AM org.openqa.selenium.remote.ProtocolHandshake createSession
[MASTER] 17:30:26.747 [Thread-3] ERROR ExternalProcessHandler - Aug 20, 2020 9:30:26 AM org.openqa.selenium.remote.ProtocolHandshake createSession

INFO: Detected dialect: OSS
[MASTER] 17:30:26.747 [Thread-3] ERROR ExternalProcessHandler - INFO: Detected dialect: OSS

Aug 20, 2020 9:30:28 AM org.openqa.selenium.remote.ProtocolHandshake createSession
[MASTER] 17:30:28.513 [Thread-3] ERROR ExternalProcessHandler - Aug 20, 2020 9:30:28 AM org.openqa.selenium.remote.ProtocolHandshake createSession

INFO: Detected dialect: OSS
[MASTER] 17:30:28.514 [Thread-3] ERROR ExternalProcessHandler - INFO: Detected dialect: OSS

Aug 20, 2020 9:30:29 AM org.openqa.selenium.remote.ProtocolHandshake createSession
[MASTER] 17:30:29.438 [Thread-3] ERROR ExternalProcessHandler - Aug 20, 2020 9:30:29 AM org.openqa.selenium.remote.ProtocolHandshake createSession

INFO: Detected dialect: OSS
[MASTER] 17:30:29.438 [Thread-3] ERROR ExternalProcessHandler - INFO: Detected dialect: OSS

Aug 20, 2020 9:30:30 AM org.openqa.selenium.remote.ProtocolHandshake createSession
[MASTER] 17:30:30.687 [Thread-3] ERROR ExternalProcessHandler - Aug 20, 2020 9:30:30 AM org.openqa.selenium.remote.ProtocolHandshake createSession

INFO: Detected dialect: OSS
[MASTER] 17:30:30.688 [Thread-3] ERROR ExternalProcessHandler - INFO: Detected dialect: OSS

Aug 20, 2020 9:30:32 AM org.openqa.selenium.remote.ProtocolHandshake createSession
[MASTER] 17:30:32.617 [Thread-3] ERROR ExternalProcessHandler - Aug 20, 2020 9:30:32 AM org.openqa.selenium.remote.ProtocolHandshake createSession

INFO: Detected dialect: OSS
[MASTER] 17:30:32.617 [Thread-3] ERROR ExternalProcessHandler - INFO: Detected dialect: OSS

Aug 20, 2020 9:30:34 AM org.openqa.selenium.remote.ProtocolHandshake createSession
[MASTER] 17:30:34.195 [Thread-3] ERROR ExternalProcessHandler - Aug 20, 2020 9:30:34 AM org.openqa.selenium.remote.ProtocolHandshake createSession

INFO: Detected dialect: OSS
[MASTER] 17:30:34.195 [Thread-3] ERROR ExternalProcessHandler - INFO: Detected dialect: OSS

Aug 20, 2020 9:30:35 AM org.openqa.selenium.remote.ProtocolHandshake createSession
[MASTER] 17:30:35.743 [Thread-3] ERROR ExternalProcessHandler - Aug 20, 2020 9:30:35 AM org.openqa.selenium.remote.ProtocolHandshake createSession

INFO: Detected dialect: OSS
[MASTER] 17:30:35.743 [Thread-3] ERROR ExternalProcessHandler - INFO: Detected dialect: OSS

Aug 20, 2020 9:30:36 AM org.openqa.selenium.remote.ProtocolHandshake createSession
[MASTER] 17:30:36.690 [Thread-3] ERROR ExternalProcessHandler - Aug 20, 2020 9:30:36 AM org.openqa.selenium.remote.ProtocolHandshake createSession

INFO: Detected dialect: OSS
[MASTER] 17:30:36.690 [Thread-3] ERROR ExternalProcessHandler - INFO: Detected dialect: OSS

Aug 20, 2020 9:30:37 AM org.openqa.selenium.remote.ProtocolHandshake createSession
[MASTER] 17:30:37.665 [Thread-3] ERROR ExternalProcessHandler - Aug 20, 2020 9:30:37 AM org.openqa.selenium.remote.ProtocolHandshake createSession

INFO: Detected dialect: OSS
[MASTER] 17:30:37.665 [Thread-3] ERROR ExternalProcessHandler - INFO: Detected dialect: OSS

Aug 20, 2020 9:30:39 AM org.openqa.selenium.remote.ProtocolHandshake createSession
[MASTER] 17:30:39.687 [Thread-3] ERROR ExternalProcessHandler - Aug 20, 2020 9:30:39 AM org.openqa.selenium.remote.ProtocolHandshake createSession

INFO: Detected dialect: OSS
[MASTER] 17:30:39.687 [Thread-3] ERROR ExternalProcessHandler - INFO: Detected dialect: OSS

Aug 20, 2020 9:30:42 AM org.openqa.selenium.remote.ProtocolHandshake createSession
[MASTER] 17:30:42.166 [Thread-3] ERROR ExternalProcessHandler - Aug 20, 2020 9:30:42 AM org.openqa.selenium.remote.ProtocolHandshake createSession

INFO: Detected dialect: OSS
[MASTER] 17:30:42.166 [Thread-3] ERROR ExternalProcessHandler - INFO: Detected dialect: OSS

Aug 20, 2020 9:30:46 AM org.openqa.selenium.remote.ProtocolHandshake createSession
[MASTER] 17:30:46.953 [Thread-3] ERROR ExternalProcessHandler - Aug 20, 2020 9:30:46 AM org.openqa.selenium.remote.ProtocolHandshake createSession

INFO: Detected dialect: OSS
[MASTER] 17:30:46.953 [Thread-3] ERROR ExternalProcessHandler - INFO: Detected dialect: OSS

Aug 20, 2020 9:30:54 AM org.openqa.selenium.remote.ProtocolHandshake createSession
[MASTER] 17:30:54.008 [Thread-3] ERROR ExternalProcessHandler - Aug 20, 2020 9:30:54 AM org.openqa.selenium.remote.ProtocolHandshake createSession

INFO: Detected dialect: OSS
[MASTER] 17:30:54.008 [Thread-3] ERROR ExternalProcessHandler - INFO: Detected dialect: OSS

[MASTER] 17:31:03.190 [logback-2] ERROR TestCaseExecutor - TG: Exception caught: 
java.lang.IllegalStateException: Test generation failed: page object bug.
	at org.evosuite.testcase.execution.TestCaseExecutor.runTest(TestCaseExecutor.java:322) ~[evosuite-client-1.0.4-SNAPSHOT.jar:na]
	at org.evosuite.testcase.TestFitnessFunction.runTest(TestFitnessFunction.java:91) [evosuite-client-1.0.4-SNAPSHOT.jar:na]
	at org.evosuite.testcase.TestFitnessFunction.getFitness(TestFitnessFunction.java:60) [evosuite-client-1.0.4-SNAPSHOT.jar:na]
	at org.evosuite.testcase.TestFitnessFunction.getFitness(TestFitnessFunction.java:34) [evosuite-client-1.0.4-SNAPSHOT.jar:na]
	at org.evosuite.ga.metaheuristics.mosa.MOSA.calculateFitness(MOSA.java:155) [evosuite-client-1.0.4-SNAPSHOT.jar:na]
	at org.evosuite.ga.metaheuristics.mosa.AbstractMOSA.breedNextGeneration(AbstractMOSA.java:144) [evosuite-client-1.0.4-SNAPSHOT.jar:na]
	at org.evosuite.ga.metaheuristics.mosa.MOSA.evolve(MOSA.java:89) [evosuite-client-1.0.4-SNAPSHOT.jar:na]
	at org.evosuite.ga.metaheuristics.mosa.MOSA.generateSolution(MOSA.java:205) [evosuite-client-1.0.4-SNAPSHOT.jar:na]
	at org.evosuite.strategy.MOSuiteStrategy.generateTests(MOSuiteStrategy.java:127) [evosuite-client-1.0.4-SNAPSHOT.jar:na]
	at org.evosuite.TestSuiteGenerator.generateTests(TestSuiteGenerator.java:654) [evosuite-client-1.0.4-SNAPSHOT.jar:na]
	at org.evosuite.TestSuiteGenerator.generateTestSuite(TestSuiteGenerator.java:213) [evosuite-client-1.0.4-SNAPSHOT.jar:na]
	at org.evosuite.rmi.service.ClientNodeImpl$1.run(ClientNodeImpl.java:145) [evosuite-client-1.0.4-SNAPSHOT.jar:na]
	at java.util.concurrent.Executors$RunnableAdapter.call(Executors.java:511) [na:1.8.0_265]
	at java.util.concurrent.FutureTask.run(FutureTask.java:266) [na:1.8.0_265]
	at java.util.concurrent.ThreadPoolExecutor.runWorker(ThreadPoolExecutor.java:1149) [na:1.8.0_265]
	at java.util.concurrent.ThreadPoolExecutor$Worker.run(ThreadPoolExecutor.java:624) [na:1.8.0_265]
	at java.lang.Thread.run(Thread.java:748) [na:1.8.0_265]
Aug 20, 2020 9:31:03 AM org.openqa.selenium.remote.ProtocolHandshake createSession
[MASTER] 17:31:03.377 [Thread-3] ERROR ExternalProcessHandler - Aug 20, 2020 9:31:03 AM org.openqa.selenium.remote.ProtocolHandshake createSession

INFO: Detected dialect: OSS
[MASTER] 17:31:03.377 [Thread-3] ERROR ExternalProcessHandler - INFO: Detected dialect: OSS

Aug 20, 2020 9:31:05 AM org.openqa.selenium.remote.ProtocolHandshake createSession
[MASTER] 17:31:05.885 [Thread-3] ERROR ExternalProcessHandler - Aug 20, 2020 9:31:05 AM org.openqa.selenium.remote.ProtocolHandshake createSession

INFO: Detected dialect: OSS
[MASTER] 17:31:05.885 [Thread-3] ERROR ExternalProcessHandler - INFO: Detected dialect: OSS

Aug 20, 2020 9:31:10 AM org.openqa.selenium.remote.ProtocolHandshake createSession
[MASTER] 17:31:10.739 [Thread-3] ERROR ExternalProcessHandler - Aug 20, 2020 9:31:10 AM org.openqa.selenium.remote.ProtocolHandshake createSession

INFO: Detected dialect: OSS
[MASTER] 17:31:10.739 [Thread-3] ERROR ExternalProcessHandler - INFO: Detected dialect: OSS

Aug 20, 2020 9:31:17 AM org.openqa.selenium.remote.ProtocolHandshake createSession
[MASTER] 17:31:17.707 [Thread-3] ERROR ExternalProcessHandler - Aug 20, 2020 9:31:17 AM org.openqa.selenium.remote.ProtocolHandshake createSession

INFO: Detected dialect: OSS
[MASTER] 17:31:17.707 [Thread-3] ERROR ExternalProcessHandler - INFO: Detected dialect: OSS

[MASTER] 17:31:26.864 [logback-2] ERROR TestCaseExecutor - TG: Exception caught: 
java.lang.IllegalStateException: Test generation failed: page object bug.
	at org.evosuite.testcase.execution.TestCaseExecutor.runTest(TestCaseExecutor.java:322) ~[evosuite-client-1.0.4-SNAPSHOT.jar:na]
	at org.evosuite.testcase.TestFitnessFunction.runTest(TestFitnessFunction.java:91) [evosuite-client-1.0.4-SNAPSHOT.jar:na]
	at org.evosuite.testcase.TestFitnessFunction.getFitness(TestFitnessFunction.java:60) [evosuite-client-1.0.4-SNAPSHOT.jar:na]
	at org.evosuite.testcase.TestFitnessFunction.getFitness(TestFitnessFunction.java:34) [evosuite-client-1.0.4-SNAPSHOT.jar:na]
	at org.evosuite.ga.metaheuristics.mosa.MOSA.calculateFitness(MOSA.java:155) [evosuite-client-1.0.4-SNAPSHOT.jar:na]
	at org.evosuite.ga.metaheuristics.mosa.AbstractMOSA.breedNextGeneration(AbstractMOSA.java:153) [evosuite-client-1.0.4-SNAPSHOT.jar:na]
	at org.evosuite.ga.metaheuristics.mosa.MOSA.evolve(MOSA.java:89) [evosuite-client-1.0.4-SNAPSHOT.jar:na]
	at org.evosuite.ga.metaheuristics.mosa.MOSA.generateSolution(MOSA.java:205) [evosuite-client-1.0.4-SNAPSHOT.jar:na]
	at org.evosuite.strategy.MOSuiteStrategy.generateTests(MOSuiteStrategy.java:127) [evosuite-client-1.0.4-SNAPSHOT.jar:na]
	at org.evosuite.TestSuiteGenerator.generateTests(TestSuiteGenerator.java:654) [evosuite-client-1.0.4-SNAPSHOT.jar:na]
	at org.evosuite.TestSuiteGenerator.generateTestSuite(TestSuiteGenerator.java:213) [evosuite-client-1.0.4-SNAPSHOT.jar:na]
	at org.evosuite.rmi.service.ClientNodeImpl$1.run(ClientNodeImpl.java:145) [evosuite-client-1.0.4-SNAPSHOT.jar:na]
	at java.util.concurrent.Executors$RunnableAdapter.call(Executors.java:511) [na:1.8.0_265]
	at java.util.concurrent.FutureTask.run(FutureTask.java:266) [na:1.8.0_265]
	at java.util.concurrent.ThreadPoolExecutor.runWorker(ThreadPoolExecutor.java:1149) [na:1.8.0_265]
	at java.util.concurrent.ThreadPoolExecutor$Worker.run(ThreadPoolExecutor.java:624) [na:1.8.0_265]
	at java.lang.Thread.run(Thread.java:748) [na:1.8.0_265]
Aug 20, 2020 9:31:27 AM org.openqa.selenium.remote.ProtocolHandshake createSession
[MASTER] 17:31:27.059 [Thread-3] ERROR ExternalProcessHandler - Aug 20, 2020 9:31:27 AM org.openqa.selenium.remote.ProtocolHandshake createSession

INFO: Detected dialect: OSS
[MASTER] 17:31:27.059 [Thread-3] ERROR ExternalProcessHandler - INFO: Detected dialect: OSS

Aug 20, 2020 9:31:27 AM org.openqa.selenium.remote.ProtocolHandshake createSession
[MASTER] 17:31:27.904 [Thread-3] ERROR ExternalProcessHandler - Aug 20, 2020 9:31:27 AM org.openqa.selenium.remote.ProtocolHandshake createSession

INFO: Detected dialect: OSS
[MASTER] 17:31:27.904 [Thread-3] ERROR ExternalProcessHandler - INFO: Detected dialect: OSS

Aug 20, 2020 9:31:31 AM org.openqa.selenium.remote.ProtocolHandshake createSession
[MASTER] 17:31:31.281 [Thread-3] ERROR ExternalProcessHandler - Aug 20, 2020 9:31:31 AM org.openqa.selenium.remote.ProtocolHandshake createSession

INFO: Detected dialect: OSS
[MASTER] 17:31:31.281 [Thread-3] ERROR ExternalProcessHandler - INFO: Detected dialect: OSS

Aug 20, 2020 9:31:32 AM org.openqa.selenium.remote.ProtocolHandshake createSession
[MASTER] 17:31:32.761 [Thread-3] ERROR ExternalProcessHandler - Aug 20, 2020 9:31:32 AM org.openqa.selenium.remote.ProtocolHandshake createSession

INFO: Detected dialect: OSS
[MASTER] 17:31:32.762 [Thread-3] ERROR ExternalProcessHandler - INFO: Detected dialect: OSS

Aug 20, 2020 9:31:33 AM org.openqa.selenium.remote.ProtocolHandshake createSession
[MASTER] 17:31:33.693 [Thread-3] ERROR ExternalProcessHandler - Aug 20, 2020 9:31:33 AM org.openqa.selenium.remote.ProtocolHandshake createSession

INFO: Detected dialect: OSS
[MASTER] 17:31:33.693 [Thread-3] ERROR ExternalProcessHandler - INFO: Detected dialect: OSS

Aug 20, 2020 9:31:35 AM org.openqa.selenium.remote.ProtocolHandshake createSession
[MASTER] 17:31:35.328 [Thread-3] ERROR ExternalProcessHandler - Aug 20, 2020 9:31:35 AM org.openqa.selenium.remote.ProtocolHandshake createSession

INFO: Detected dialect: OSS
[MASTER] 17:31:35.328 [Thread-3] ERROR ExternalProcessHandler - INFO: Detected dialect: OSS

Aug 20, 2020 9:31:36 AM org.openqa.selenium.remote.ProtocolHandshake createSession
[MASTER] 17:31:36.654 [Thread-3] ERROR ExternalProcessHandler - Aug 20, 2020 9:31:36 AM org.openqa.selenium.remote.ProtocolHandshake createSession

INFO: Detected dialect: OSS
[MASTER] 17:31:36.654 [Thread-3] ERROR ExternalProcessHandler - INFO: Detected dialect: OSS

Aug 20, 2020 9:31:38 AM org.openqa.selenium.remote.ProtocolHandshake createSession
[MASTER] 17:31:38.962 [Thread-3] ERROR ExternalProcessHandler - Aug 20, 2020 9:31:38 AM org.openqa.selenium.remote.ProtocolHandshake createSession

INFO: Detected dialect: OSS
[MASTER] 17:31:38.963 [Thread-3] ERROR ExternalProcessHandler - INFO: Detected dialect: OSS

Aug 20, 2020 9:31:40 AM org.openqa.selenium.remote.ProtocolHandshake createSession
[MASTER] 17:31:40.203 [Thread-3] ERROR ExternalProcessHandler - Aug 20, 2020 9:31:40 AM org.openqa.selenium.remote.ProtocolHandshake createSession

INFO: Detected dialect: OSS
[MASTER] 17:31:40.204 [Thread-3] ERROR ExternalProcessHandler - INFO: Detected dialect: OSS

Aug 20, 2020 9:31:43 AM org.openqa.selenium.remote.ProtocolHandshake createSession
[MASTER] 17:31:43.948 [Thread-3] ERROR ExternalProcessHandler - Aug 20, 2020 9:31:43 AM org.openqa.selenium.remote.ProtocolHandshake createSession

INFO: Detected dialect: OSS
[MASTER] 17:31:43.948 [Thread-3] ERROR ExternalProcessHandler - INFO: Detected dialect: OSS

Aug 20, 2020 9:31:51 AM org.openqa.selenium.remote.ProtocolHandshake createSession
[MASTER] 17:31:51.258 [Thread-3] ERROR ExternalProcessHandler - Aug 20, 2020 9:31:51 AM org.openqa.selenium.remote.ProtocolHandshake createSession

INFO: Detected dialect: OSS
[MASTER] 17:31:51.259 [Thread-3] ERROR ExternalProcessHandler - INFO: Detected dialect: OSS

Aug 20, 2020 9:32:01 AM org.openqa.selenium.remote.ProtocolHandshake createSession
[MASTER] 17:32:01.928 [Thread-3] ERROR ExternalProcessHandler - Aug 20, 2020 9:32:01 AM org.openqa.selenium.remote.ProtocolHandshake createSession

INFO: Detected dialect: OSS
[MASTER] 17:32:01.928 [Thread-3] ERROR ExternalProcessHandler - INFO: Detected dialect: OSS

[MASTER] 17:32:15.833 [logback-2] ERROR TestCaseExecutor - TG: Exception caught: 
java.lang.IllegalStateException: Test generation failed: page object bug.
	at org.evosuite.testcase.execution.TestCaseExecutor.runTest(TestCaseExecutor.java:322) ~[evosuite-client-1.0.4-SNAPSHOT.jar:na]
	at org.evosuite.testcase.TestFitnessFunction.runTest(TestFitnessFunction.java:91) [evosuite-client-1.0.4-SNAPSHOT.jar:na]
	at org.evosuite.testcase.TestFitnessFunction.getFitness(TestFitnessFunction.java:60) [evosuite-client-1.0.4-SNAPSHOT.jar:na]
	at org.evosuite.testcase.TestFitnessFunction.getFitness(TestFitnessFunction.java:34) [evosuite-client-1.0.4-SNAPSHOT.jar:na]
	at org.evosuite.ga.metaheuristics.mosa.MOSA.calculateFitness(MOSA.java:155) [evosuite-client-1.0.4-SNAPSHOT.jar:na]
	at org.evosuite.ga.metaheuristics.mosa.AbstractMOSA.breedNextGeneration(AbstractMOSA.java:153) [evosuite-client-1.0.4-SNAPSHOT.jar:na]
	at org.evosuite.ga.metaheuristics.mosa.MOSA.evolve(MOSA.java:89) [evosuite-client-1.0.4-SNAPSHOT.jar:na]
	at org.evosuite.ga.metaheuristics.mosa.MOSA.generateSolution(MOSA.java:205) [evosuite-client-1.0.4-SNAPSHOT.jar:na]
	at org.evosuite.strategy.MOSuiteStrategy.generateTests(MOSuiteStrategy.java:127) [evosuite-client-1.0.4-SNAPSHOT.jar:na]
	at org.evosuite.TestSuiteGenerator.generateTests(TestSuiteGenerator.java:654) [evosuite-client-1.0.4-SNAPSHOT.jar:na]
	at org.evosuite.TestSuiteGenerator.generateTestSuite(TestSuiteGenerator.java:213) [evosuite-client-1.0.4-SNAPSHOT.jar:na]
	at org.evosuite.rmi.service.ClientNodeImpl$1.run(ClientNodeImpl.java:145) [evosuite-client-1.0.4-SNAPSHOT.jar:na]
	at java.util.concurrent.Executors$RunnableAdapter.call(Executors.java:511) [na:1.8.0_265]
	at java.util.concurrent.FutureTask.run(FutureTask.java:266) [na:1.8.0_265]
	at java.util.concurrent.ThreadPoolExecutor.runWorker(ThreadPoolExecutor.java:1149) [na:1.8.0_265]
	at java.util.concurrent.ThreadPoolExecutor$Worker.run(ThreadPoolExecutor.java:624) [na:1.8.0_265]
	at java.lang.Thread.run(Thread.java:748) [na:1.8.0_265]
Aug 20, 2020 9:32:15 AM org.openqa.selenium.remote.ProtocolHandshake createSession
[MASTER] 17:32:15.985 [Thread-3] ERROR ExternalProcessHandler - Aug 20, 2020 9:32:15 AM org.openqa.selenium.remote.ProtocolHandshake createSession

INFO: Detected dialect: OSS
[MASTER] 17:32:15.986 [Thread-3] ERROR ExternalProcessHandler - INFO: Detected dialect: OSS

Aug 20, 2020 9:32:16 AM org.openqa.selenium.remote.ProtocolHandshake createSession
[MASTER] 17:32:16.931 [Thread-3] ERROR ExternalProcessHandler - Aug 20, 2020 9:32:16 AM org.openqa.selenium.remote.ProtocolHandshake createSession

INFO: Detected dialect: OSS
[MASTER] 17:32:16.931 [Thread-3] ERROR ExternalProcessHandler - INFO: Detected dialect: OSS

Aug 20, 2020 9:32:19 AM org.openqa.selenium.remote.ProtocolHandshake createSession
[MASTER] 17:32:19.838 [Thread-3] ERROR ExternalProcessHandler - Aug 20, 2020 9:32:19 AM org.openqa.selenium.remote.ProtocolHandshake createSession

INFO: Detected dialect: OSS
[MASTER] 17:32:19.838 [Thread-3] ERROR ExternalProcessHandler - INFO: Detected dialect: OSS

Aug 20, 2020 9:32:20 AM org.openqa.selenium.remote.ProtocolHandshake createSession
[MASTER] 17:32:20.927 [Thread-3] ERROR ExternalProcessHandler - Aug 20, 2020 9:32:20 AM org.openqa.selenium.remote.ProtocolHandshake createSession

INFO: Detected dialect: OSS
[MASTER] 17:32:20.927 [Thread-3] ERROR ExternalProcessHandler - INFO: Detected dialect: OSS

Aug 20, 2020 9:32:21 AM org.openqa.selenium.remote.ProtocolHandshake createSession
[MASTER] 17:32:21.940 [Thread-3] ERROR ExternalProcessHandler - Aug 20, 2020 9:32:21 AM org.openqa.selenium.remote.ProtocolHandshake createSession

INFO: Detected dialect: OSS
[MASTER] 17:32:21.940 [Thread-3] ERROR ExternalProcessHandler - INFO: Detected dialect: OSS

Aug 20, 2020 9:32:22 AM org.openqa.selenium.remote.ProtocolHandshake createSession
[MASTER] 17:32:22.761 [Thread-3] ERROR ExternalProcessHandler - Aug 20, 2020 9:32:22 AM org.openqa.selenium.remote.ProtocolHandshake createSession

INFO: Detected dialect: OSS
[MASTER] 17:32:22.761 [Thread-3] ERROR ExternalProcessHandler - INFO: Detected dialect: OSS

Aug 20, 2020 9:32:27 AM org.openqa.selenium.remote.ProtocolHandshake createSession
[MASTER] 17:32:27.381 [Thread-3] ERROR ExternalProcessHandler - Aug 20, 2020 9:32:27 AM org.openqa.selenium.remote.ProtocolHandshake createSession

INFO: Detected dialect: OSS
[MASTER] 17:32:27.381 [Thread-3] ERROR ExternalProcessHandler - INFO: Detected dialect: OSS

Aug 20, 2020 9:32:38 AM org.openqa.selenium.remote.ProtocolHandshake createSession
[MASTER] 17:32:38.627 [Thread-3] ERROR ExternalProcessHandler - Aug 20, 2020 9:32:38 AM org.openqa.selenium.remote.ProtocolHandshake createSession

INFO: Detected dialect: OSS
[MASTER] 17:32:38.627 [Thread-3] ERROR ExternalProcessHandler - INFO: Detected dialect: OSS

Aug 20, 2020 9:32:56 AM org.openqa.selenium.remote.ProtocolHandshake createSession
[MASTER] 17:32:56.509 [Thread-3] ERROR ExternalProcessHandler - Aug 20, 2020 9:32:56 AM org.openqa.selenium.remote.ProtocolHandshake createSession

INFO: Detected dialect: OSS
[MASTER] 17:32:56.510 [Thread-3] ERROR ExternalProcessHandler - INFO: Detected dialect: OSS

[MASTER] 17:33:20.843 [logback-2] ERROR TestCaseExecutor - TG: Exception caught: 
java.lang.IllegalStateException: Test generation failed: page object bug.
	at org.evosuite.testcase.execution.TestCaseExecutor.runTest(TestCaseExecutor.java:322) ~[evosuite-client-1.0.4-SNAPSHOT.jar:na]
	at org.evosuite.testcase.TestFitnessFunction.runTest(TestFitnessFunction.java:91) [evosuite-client-1.0.4-SNAPSHOT.jar:na]
	at org.evosuite.testcase.TestFitnessFunction.getFitness(TestFitnessFunction.java:60) [evosuite-client-1.0.4-SNAPSHOT.jar:na]
	at org.evosuite.testcase.TestFitnessFunction.getFitness(TestFitnessFunction.java:34) [evosuite-client-1.0.4-SNAPSHOT.jar:na]
	at org.evosuite.ga.metaheuristics.mosa.MOSA.calculateFitness(MOSA.java:155) [evosuite-client-1.0.4-SNAPSHOT.jar:na]
	at org.evosuite.ga.metaheuristics.mosa.AbstractMOSA.breedNextGeneration(AbstractMOSA.java:144) [evosuite-client-1.0.4-SNAPSHOT.jar:na]
	at org.evosuite.ga.metaheuristics.mosa.MOSA.evolve(MOSA.java:89) [evosuite-client-1.0.4-SNAPSHOT.jar:na]
	at org.evosuite.ga.metaheuristics.mosa.MOSA.generateSolution(MOSA.java:205) [evosuite-client-1.0.4-SNAPSHOT.jar:na]
	at org.evosuite.strategy.MOSuiteStrategy.generateTests(MOSuiteStrategy.java:127) [evosuite-client-1.0.4-SNAPSHOT.jar:na]
	at org.evosuite.TestSuiteGenerator.generateTests(TestSuiteGenerator.java:654) [evosuite-client-1.0.4-SNAPSHOT.jar:na]
	at org.evosuite.TestSuiteGenerator.generateTestSuite(TestSuiteGenerator.java:213) [evosuite-client-1.0.4-SNAPSHOT.jar:na]
	at org.evosuite.rmi.service.ClientNodeImpl$1.run(ClientNodeImpl.java:145) [evosuite-client-1.0.4-SNAPSHOT.jar:na]
	at java.util.concurrent.Executors$RunnableAdapter.call(Executors.java:511) [na:1.8.0_265]
	at java.util.concurrent.FutureTask.run(FutureTask.java:266) [na:1.8.0_265]
	at java.util.concurrent.ThreadPoolExecutor.runWorker(ThreadPoolExecutor.java:1149) [na:1.8.0_265]
	at java.util.concurrent.ThreadPoolExecutor$Worker.run(ThreadPoolExecutor.java:624) [na:1.8.0_265]
	at java.lang.Thread.run(Thread.java:748) [na:1.8.0_265]
Aug 20, 2020 9:33:21 AM org.openqa.selenium.remote.ProtocolHandshake createSession
[MASTER] 17:33:21.028 [Thread-3] ERROR ExternalProcessHandler - Aug 20, 2020 9:33:21 AM org.openqa.selenium.remote.ProtocolHandshake createSession

INFO: Detected dialect: OSS
[MASTER] 17:33:21.028 [Thread-3] ERROR ExternalProcessHandler - INFO: Detected dialect: OSS

Aug 20, 2020 9:33:23 AM org.openqa.selenium.remote.ProtocolHandshake createSession
[MASTER] 17:33:23.001 [Thread-3] ERROR ExternalProcessHandler - Aug 20, 2020 9:33:23 AM org.openqa.selenium.remote.ProtocolHandshake createSession

INFO: Detected dialect: OSS
[MASTER] 17:33:23.001 [Thread-3] ERROR ExternalProcessHandler - INFO: Detected dialect: OSS

Aug 20, 2020 9:33:25 AM org.openqa.selenium.remote.ProtocolHandshake createSession
[MASTER] 17:33:25.391 [Thread-3] ERROR ExternalProcessHandler - Aug 20, 2020 9:33:25 AM org.openqa.selenium.remote.ProtocolHandshake createSession

INFO: Detected dialect: OSS
[MASTER] 17:33:25.392 [Thread-3] ERROR ExternalProcessHandler - INFO: Detected dialect: OSS

Aug 20, 2020 9:33:28 AM org.openqa.selenium.remote.ProtocolHandshake createSession
[MASTER] 17:33:28.192 [Thread-3] ERROR ExternalProcessHandler - Aug 20, 2020 9:33:28 AM org.openqa.selenium.remote.ProtocolHandshake createSession

INFO: Detected dialect: OSS
[MASTER] 17:33:28.192 [Thread-3] ERROR ExternalProcessHandler - INFO: Detected dialect: OSS

Aug 20, 2020 9:33:30 AM org.openqa.selenium.remote.ProtocolHandshake createSession
[MASTER] 17:33:30.713 [Thread-3] ERROR ExternalProcessHandler - Aug 20, 2020 9:33:30 AM org.openqa.selenium.remote.ProtocolHandshake createSession

INFO: Detected dialect: OSS
[MASTER] 17:33:30.713 [Thread-3] ERROR ExternalProcessHandler - INFO: Detected dialect: OSS

Aug 20, 2020 9:33:38 AM org.openqa.selenium.remote.ProtocolHandshake createSession
[MASTER] 17:33:38.727 [Thread-3] ERROR ExternalProcessHandler - Aug 20, 2020 9:33:38 AM org.openqa.selenium.remote.ProtocolHandshake createSession

INFO: Detected dialect: OSS
[MASTER] 17:33:38.727 [Thread-3] ERROR ExternalProcessHandler - INFO: Detected dialect: OSS

Aug 20, 2020 9:33:52 AM org.openqa.selenium.remote.ProtocolHandshake createSession
[MASTER] 17:33:52.178 [Thread-3] ERROR ExternalProcessHandler - Aug 20, 2020 9:33:52 AM org.openqa.selenium.remote.ProtocolHandshake createSession

INFO: Detected dialect: OSS
[MASTER] 17:33:52.178 [Thread-3] ERROR ExternalProcessHandler - INFO: Detected dialect: OSS

[MASTER] 17:34:10.766 [logback-2] ERROR TestCaseExecutor - TG: Exception caught: 
java.lang.IllegalStateException: Test generation failed: page object bug.
	at org.evosuite.testcase.execution.TestCaseExecutor.runTest(TestCaseExecutor.java:322) ~[evosuite-client-1.0.4-SNAPSHOT.jar:na]
	at org.evosuite.testcase.TestFitnessFunction.runTest(TestFitnessFunction.java:91) [evosuite-client-1.0.4-SNAPSHOT.jar:na]
	at org.evosuite.testcase.TestFitnessFunction.getFitness(TestFitnessFunction.java:60) [evosuite-client-1.0.4-SNAPSHOT.jar:na]
	at org.evosuite.testcase.TestFitnessFunction.getFitness(TestFitnessFunction.java:34) [evosuite-client-1.0.4-SNAPSHOT.jar:na]
	at org.evosuite.ga.metaheuristics.mosa.MOSA.calculateFitness(MOSA.java:155) [evosuite-client-1.0.4-SNAPSHOT.jar:na]
	at org.evosuite.ga.metaheuristics.mosa.AbstractMOSA.breedNextGeneration(AbstractMOSA.java:144) [evosuite-client-1.0.4-SNAPSHOT.jar:na]
	at org.evosuite.ga.metaheuristics.mosa.MOSA.evolve(MOSA.java:89) [evosuite-client-1.0.4-SNAPSHOT.jar:na]
	at org.evosuite.ga.metaheuristics.mosa.MOSA.generateSolution(MOSA.java:205) [evosuite-client-1.0.4-SNAPSHOT.jar:na]
	at org.evosuite.strategy.MOSuiteStrategy.generateTests(MOSuiteStrategy.java:127) [evosuite-client-1.0.4-SNAPSHOT.jar:na]
	at org.evosuite.TestSuiteGenerator.generateTests(TestSuiteGenerator.java:654) [evosuite-client-1.0.4-SNAPSHOT.jar:na]
	at org.evosuite.TestSuiteGenerator.generateTestSuite(TestSuiteGenerator.java:213) [evosuite-client-1.0.4-SNAPSHOT.jar:na]
	at org.evosuite.rmi.service.ClientNodeImpl$1.run(ClientNodeImpl.java:145) [evosuite-client-1.0.4-SNAPSHOT.jar:na]
	at java.util.concurrent.Executors$RunnableAdapter.call(Executors.java:511) [na:1.8.0_265]
	at java.util.concurrent.FutureTask.run(FutureTask.java:266) [na:1.8.0_265]
	at java.util.concurrent.ThreadPoolExecutor.runWorker(ThreadPoolExecutor.java:1149) [na:1.8.0_265]
	at java.util.concurrent.ThreadPoolExecutor$Worker.run(ThreadPoolExecutor.java:624) [na:1.8.0_265]
	at java.lang.Thread.run(Thread.java:748) [na:1.8.0_265]
Aug 20, 2020 9:34:10 AM org.openqa.selenium.remote.ProtocolHandshake createSession
[MASTER] 17:34:10.956 [Thread-3] ERROR ExternalProcessHandler - Aug 20, 2020 9:34:10 AM org.openqa.selenium.remote.ProtocolHandshake createSession

INFO: Detected dialect: OSS
[MASTER] 17:34:10.956 [Thread-3] ERROR ExternalProcessHandler - INFO: Detected dialect: OSS

Aug 20, 2020 9:34:11 AM org.openqa.selenium.remote.ProtocolHandshake createSession
[MASTER] 17:34:11.766 [Thread-3] ERROR ExternalProcessHandler - Aug 20, 2020 9:34:11 AM org.openqa.selenium.remote.ProtocolHandshake createSession

INFO: Detected dialect: OSS
[MASTER] 17:34:11.766 [Thread-3] ERROR ExternalProcessHandler - INFO: Detected dialect: OSS

Aug 20, 2020 9:34:12 AM po_utils.PageObjectLogging logInfo
[MASTER] 17:34:12.957 [Thread-3] ERROR ExternalProcessHandler - Aug 20, 2020 9:34:12 AM po_utils.PageObjectLogging logInfo

INFO: waitForElementBeingPresentOnPage timeout exception: unable to locate the element By.xpath: //button[text()="Create a new session"]
[MASTER] 17:34:12.958 [Thread-3] ERROR ExternalProcessHandler - INFO: waitForElementBeingPresentOnPage timeout exception: unable to locate the element By.xpath: //button[text()="Create a new session"]


[MASTER] 17:34:12.958 [Thread-3] ERROR ExternalProcessHandler - 


[MASTER] 17:34:12.958 [Thread-3] ERROR ExternalProcessHandler - 

Aug 20, 2020 9:34:14 AM org.openqa.selenium.remote.ProtocolHandshake createSession
[MASTER] 17:34:14.662 [Thread-3] ERROR ExternalProcessHandler - Aug 20, 2020 9:34:14 AM org.openqa.selenium.remote.ProtocolHandshake createSession

INFO: Detected dialect: OSS
[MASTER] 17:34:14.663 [Thread-3] ERROR ExternalProcessHandler - INFO: Detected dialect: OSS

Aug 20, 2020 9:34:16 AM po_utils.PageObjectLogging logInfo
[MASTER] 17:34:16.656 [Thread-3] ERROR ExternalProcessHandler - Aug 20, 2020 9:34:16 AM po_utils.PageObjectLogging logInfo

INFO: waitForElementBeingPresentOnPage timeout exception: unable to locate the element By.xpath: //button[text()="Create a new session"]
[MASTER] 17:34:16.656 [Thread-3] ERROR ExternalProcessHandler - INFO: waitForElementBeingPresentOnPage timeout exception: unable to locate the element By.xpath: //button[text()="Create a new session"]


[MASTER] 17:34:16.656 [Thread-3] ERROR ExternalProcessHandler - 


[MASTER] 17:34:16.656 [Thread-3] ERROR ExternalProcessHandler - 

Aug 20, 2020 9:34:24 AM org.openqa.selenium.remote.ProtocolHandshake createSession
[MASTER] 17:34:24.711 [Thread-3] ERROR ExternalProcessHandler - Aug 20, 2020 9:34:24 AM org.openqa.selenium.remote.ProtocolHandshake createSession

INFO: Detected dialect: OSS
[MASTER] 17:34:24.711 [Thread-3] ERROR ExternalProcessHandler - INFO: Detected dialect: OSS

Aug 20, 2020 9:34:27 AM po_utils.PageObjectLogging logInfo
[MASTER] 17:34:27.345 [Thread-3] ERROR ExternalProcessHandler - Aug 20, 2020 9:34:27 AM po_utils.PageObjectLogging logInfo

INFO: waitForElementBeingPresentOnPage timeout exception: unable to locate the element By.xpath: //button[text()="Create a new session"]
[MASTER] 17:34:27.346 [Thread-3] ERROR ExternalProcessHandler - INFO: waitForElementBeingPresentOnPage timeout exception: unable to locate the element By.xpath: //button[text()="Create a new session"]


[MASTER] 17:34:27.346 [Thread-3] ERROR ExternalProcessHandler - 


[MASTER] 17:34:27.346 [Thread-3] ERROR ExternalProcessHandler - 

Aug 20, 2020 9:34:41 AM org.openqa.selenium.remote.ProtocolHandshake createSession
[MASTER] 17:34:41.570 [Thread-3] ERROR ExternalProcessHandler - Aug 20, 2020 9:34:41 AM org.openqa.selenium.remote.ProtocolHandshake createSession

INFO: Detected dialect: OSS
[MASTER] 17:34:41.570 [Thread-3] ERROR ExternalProcessHandler - INFO: Detected dialect: OSS

Aug 20, 2020 9:34:45 AM po_utils.PageObjectLogging logInfo
[MASTER] 17:34:45.005 [Thread-3] ERROR ExternalProcessHandler - Aug 20, 2020 9:34:45 AM po_utils.PageObjectLogging logInfo

INFO: waitForElementBeingPresentOnPage timeout exception: unable to locate the element By.xpath: //button[text()="Create a new session"]
[MASTER] 17:34:45.006 [Thread-3] ERROR ExternalProcessHandler - INFO: waitForElementBeingPresentOnPage timeout exception: unable to locate the element By.xpath: //button[text()="Create a new session"]


[MASTER] 17:34:45.006 [Thread-3] ERROR ExternalProcessHandler - 


[MASTER] 17:34:45.006 [Thread-3] ERROR ExternalProcessHandler - 

[MASTER] 17:35:05.305 [logback-2] ERROR TestCaseExecutor - TG: Exception caught: 
java.lang.IllegalStateException: Test generation failed: page object bug.
	at org.evosuite.testcase.execution.TestCaseExecutor.runTest(TestCaseExecutor.java:322) ~[evosuite-client-1.0.4-SNAPSHOT.jar:na]
	at org.evosuite.testcase.TestFitnessFunction.runTest(TestFitnessFunction.java:91) [evosuite-client-1.0.4-SNAPSHOT.jar:na]
	at org.evosuite.testcase.TestFitnessFunction.getFitness(TestFitnessFunction.java:60) [evosuite-client-1.0.4-SNAPSHOT.jar:na]
	at org.evosuite.testcase.TestFitnessFunction.getFitness(TestFitnessFunction.java:34) [evosuite-client-1.0.4-SNAPSHOT.jar:na]
	at org.evosuite.ga.metaheuristics.mosa.MOSA.calculateFitness(MOSA.java:155) [evosuite-client-1.0.4-SNAPSHOT.jar:na]
	at org.evosuite.ga.metaheuristics.mosa.AbstractMOSA.breedNextGeneration(AbstractMOSA.java:144) [evosuite-client-1.0.4-SNAPSHOT.jar:na]
	at org.evosuite.ga.metaheuristics.mosa.MOSA.evolve(MOSA.java:89) [evosuite-client-1.0.4-SNAPSHOT.jar:na]
	at org.evosuite.ga.metaheuristics.mosa.MOSA.generateSolution(MOSA.java:205) [evosuite-client-1.0.4-SNAPSHOT.jar:na]
	at org.evosuite.strategy.MOSuiteStrategy.generateTests(MOSuiteStrategy.java:127) [evosuite-client-1.0.4-SNAPSHOT.jar:na]
	at org.evosuite.TestSuiteGenerator.generateTests(TestSuiteGenerator.java:654) [evosuite-client-1.0.4-SNAPSHOT.jar:na]
	at org.evosuite.TestSuiteGenerator.generateTestSuite(TestSuiteGenerator.java:213) [evosuite-client-1.0.4-SNAPSHOT.jar:na]
	at org.evosuite.rmi.service.ClientNodeImpl$1.run(ClientNodeImpl.java:145) [evosuite-client-1.0.4-SNAPSHOT.jar:na]
	at java.util.concurrent.Executors$RunnableAdapter.call(Executors.java:511) [na:1.8.0_265]
	at java.util.concurrent.FutureTask.run(FutureTask.java:266) [na:1.8.0_265]
	at java.util.concurrent.ThreadPoolExecutor.runWorker(ThreadPoolExecutor.java:1149) [na:1.8.0_265]
	at java.util.concurrent.ThreadPoolExecutor$Worker.run(ThreadPoolExecutor.java:624) [na:1.8.0_265]
	at java.lang.Thread.run(Thread.java:748) [na:1.8.0_265]
Aug 20, 2020 9:35:05 AM org.openqa.selenium.remote.ProtocolHandshake createSession
[MASTER] 17:35:05.503 [Thread-3] ERROR ExternalProcessHandler - Aug 20, 2020 9:35:05 AM org.openqa.selenium.remote.ProtocolHandshake createSession

INFO: Detected dialect: OSS
[MASTER] 17:35:05.503 [Thread-3] ERROR ExternalProcessHandler - INFO: Detected dialect: OSS

Aug 20, 2020 9:35:06 AM org.openqa.selenium.remote.ProtocolHandshake createSession
[MASTER] 17:35:06.436 [Thread-3] ERROR ExternalProcessHandler - Aug 20, 2020 9:35:06 AM org.openqa.selenium.remote.ProtocolHandshake createSession

INFO: Detected dialect: OSS
[MASTER] 17:35:06.436 [Thread-3] ERROR ExternalProcessHandler - INFO: Detected dialect: OSS

Aug 20, 2020 9:35:09 AM org.openqa.selenium.remote.ProtocolHandshake createSession
[MASTER] 17:35:09.629 [Thread-3] ERROR ExternalProcessHandler - Aug 20, 2020 9:35:09 AM org.openqa.selenium.remote.ProtocolHandshake createSession

INFO: Detected dialect: OSS
[MASTER] 17:35:09.629 [Thread-3] ERROR ExternalProcessHandler - INFO: Detected dialect: OSS

Aug 20, 2020 9:35:15 AM org.openqa.selenium.remote.ProtocolHandshake createSession
[MASTER] 17:35:15.829 [Thread-3] ERROR ExternalProcessHandler - Aug 20, 2020 9:35:15 AM org.openqa.selenium.remote.ProtocolHandshake createSession

INFO: Detected dialect: OSS
[MASTER] 17:35:15.829 [Thread-3] ERROR ExternalProcessHandler - INFO: Detected dialect: OSS

Aug 20, 2020 9:35:25 AM org.openqa.selenium.remote.ProtocolHandshake createSession
[MASTER] 17:35:25.072 [Thread-3] ERROR ExternalProcessHandler - Aug 20, 2020 9:35:25 AM org.openqa.selenium.remote.ProtocolHandshake createSession

INFO: Detected dialect: OSS
[MASTER] 17:35:25.072 [Thread-3] ERROR ExternalProcessHandler - INFO: Detected dialect: OSS

[MASTER] 17:35:37.180 [logback-2] ERROR TestCaseExecutor - TG: Exception caught: 
java.lang.IllegalStateException: Test generation failed: page object bug.
	at org.evosuite.testcase.execution.TestCaseExecutor.runTest(TestCaseExecutor.java:322) ~[evosuite-client-1.0.4-SNAPSHOT.jar:na]
	at org.evosuite.testcase.TestFitnessFunction.runTest(TestFitnessFunction.java:91) [evosuite-client-1.0.4-SNAPSHOT.jar:na]
	at org.evosuite.testcase.TestFitnessFunction.getFitness(TestFitnessFunction.java:60) [evosuite-client-1.0.4-SNAPSHOT.jar:na]
	at org.evosuite.testcase.TestFitnessFunction.getFitness(TestFitnessFunction.java:34) [evosuite-client-1.0.4-SNAPSHOT.jar:na]
	at org.evosuite.ga.metaheuristics.mosa.MOSA.calculateFitness(MOSA.java:155) [evosuite-client-1.0.4-SNAPSHOT.jar:na]
	at org.evosuite.ga.metaheuristics.mosa.AbstractMOSA.breedNextGeneration(AbstractMOSA.java:144) [evosuite-client-1.0.4-SNAPSHOT.jar:na]
	at org.evosuite.ga.metaheuristics.mosa.MOSA.evolve(MOSA.java:89) [evosuite-client-1.0.4-SNAPSHOT.jar:na]
	at org.evosuite.ga.metaheuristics.mosa.MOSA.generateSolution(MOSA.java:205) [evosuite-client-1.0.4-SNAPSHOT.jar:na]
	at org.evosuite.strategy.MOSuiteStrategy.generateTests(MOSuiteStrategy.java:127) [evosuite-client-1.0.4-SNAPSHOT.jar:na]
	at org.evosuite.TestSuiteGenerator.generateTests(TestSuiteGenerator.java:654) [evosuite-client-1.0.4-SNAPSHOT.jar:na]
	at org.evosuite.TestSuiteGenerator.generateTestSuite(TestSuiteGenerator.java:213) [evosuite-client-1.0.4-SNAPSHOT.jar:na]
	at org.evosuite.rmi.service.ClientNodeImpl$1.run(ClientNodeImpl.java:145) [evosuite-client-1.0.4-SNAPSHOT.jar:na]
	at java.util.concurrent.Executors$RunnableAdapter.call(Executors.java:511) [na:1.8.0_265]
	at java.util.concurrent.FutureTask.run(FutureTask.java:266) [na:1.8.0_265]
	at java.util.concurrent.ThreadPoolExecutor.runWorker(ThreadPoolExecutor.java:1149) [na:1.8.0_265]
	at java.util.concurrent.ThreadPoolExecutor$Worker.run(ThreadPoolExecutor.java:624) [na:1.8.0_265]
	at java.lang.Thread.run(Thread.java:748) [na:1.8.0_265]
Aug 20, 2020 9:35:37 AM org.openqa.selenium.remote.ProtocolHandshake createSession
[MASTER] 17:35:37.378 [Thread-3] ERROR ExternalProcessHandler - Aug 20, 2020 9:35:37 AM org.openqa.selenium.remote.ProtocolHandshake createSession

INFO: Detected dialect: OSS
[MASTER] 17:35:37.378 [Thread-3] ERROR ExternalProcessHandler - INFO: Detected dialect: OSS

Aug 20, 2020 9:35:38 AM org.openqa.selenium.remote.ProtocolHandshake createSession
[MASTER] 17:35:38.240 [Thread-3] ERROR ExternalProcessHandler - Aug 20, 2020 9:35:38 AM org.openqa.selenium.remote.ProtocolHandshake createSession

INFO: Detected dialect: OSS
[MASTER] 17:35:38.240 [Thread-3] ERROR ExternalProcessHandler - INFO: Detected dialect: OSS

Aug 20, 2020 9:35:39 AM org.openqa.selenium.remote.ProtocolHandshake createSession
[MASTER] 17:35:39.506 [Thread-3] ERROR ExternalProcessHandler - Aug 20, 2020 9:35:39 AM org.openqa.selenium.remote.ProtocolHandshake createSession

INFO: Detected dialect: OSS
[MASTER] 17:35:39.506 [Thread-3] ERROR ExternalProcessHandler - INFO: Detected dialect: OSS

Aug 20, 2020 9:35:40 AM org.openqa.selenium.remote.ProtocolHandshake createSession
[MASTER] 17:35:40.461 [Thread-3] ERROR ExternalProcessHandler - Aug 20, 2020 9:35:40 AM org.openqa.selenium.remote.ProtocolHandshake createSession

INFO: Detected dialect: OSS
[MASTER] 17:35:40.462 [Thread-3] ERROR ExternalProcessHandler - INFO: Detected dialect: OSS

Aug 20, 2020 9:35:41 AM org.openqa.selenium.remote.ProtocolHandshake createSession
[MASTER] 17:35:41.476 [Thread-3] ERROR ExternalProcessHandler - Aug 20, 2020 9:35:41 AM org.openqa.selenium.remote.ProtocolHandshake createSession

INFO: Detected dialect: OSS
[MASTER] 17:35:41.476 [Thread-3] ERROR ExternalProcessHandler - INFO: Detected dialect: OSS

Aug 20, 2020 9:35:42 AM org.openqa.selenium.remote.ProtocolHandshake createSession
[MASTER] 17:35:42.813 [Thread-3] ERROR ExternalProcessHandler - Aug 20, 2020 9:35:42 AM org.openqa.selenium.remote.ProtocolHandshake createSession

INFO: Detected dialect: OSS
[MASTER] 17:35:42.814 [Thread-3] ERROR ExternalProcessHandler - INFO: Detected dialect: OSS

Aug 20, 2020 9:35:45 AM org.openqa.selenium.remote.ProtocolHandshake createSession
[MASTER] 17:35:45.271 [Thread-3] ERROR ExternalProcessHandler - Aug 20, 2020 9:35:45 AM org.openqa.selenium.remote.ProtocolHandshake createSession

INFO: Detected dialect: OSS
[MASTER] 17:35:45.271 [Thread-3] ERROR ExternalProcessHandler - INFO: Detected dialect: OSS

Aug 20, 2020 9:35:46 AM org.openqa.selenium.remote.ProtocolHandshake createSession
[MASTER] 17:35:46.851 [Thread-3] ERROR ExternalProcessHandler - Aug 20, 2020 9:35:46 AM org.openqa.selenium.remote.ProtocolHandshake createSession

INFO: Detected dialect: OSS
[MASTER] 17:35:46.851 [Thread-3] ERROR ExternalProcessHandler - INFO: Detected dialect: OSS

Aug 20, 2020 9:35:48 AM org.openqa.selenium.remote.ProtocolHandshake createSession
[MASTER] 17:35:48.406 [Thread-3] ERROR ExternalProcessHandler - Aug 20, 2020 9:35:48 AM org.openqa.selenium.remote.ProtocolHandshake createSession

INFO: Detected dialect: OSS
[MASTER] 17:35:48.406 [Thread-3] ERROR ExternalProcessHandler - INFO: Detected dialect: OSS

Aug 20, 2020 9:35:49 AM org.openqa.selenium.remote.ProtocolHandshake createSession
[MASTER] 17:35:49.394 [Thread-3] ERROR ExternalProcessHandler - Aug 20, 2020 9:35:49 AM org.openqa.selenium.remote.ProtocolHandshake createSession

INFO: Detected dialect: OSS
[MASTER] 17:35:49.394 [Thread-3] ERROR ExternalProcessHandler - INFO: Detected dialect: OSS

Aug 20, 2020 9:35:50 AM org.openqa.selenium.remote.ProtocolHandshake createSession
[MASTER] 17:35:50.194 [Thread-3] ERROR ExternalProcessHandler - Aug 20, 2020 9:35:50 AM org.openqa.selenium.remote.ProtocolHandshake createSession

INFO: Detected dialect: OSS
[MASTER] 17:35:50.194 [Thread-3] ERROR ExternalProcessHandler - INFO: Detected dialect: OSS

Aug 20, 2020 9:35:51 AM org.openqa.selenium.remote.ProtocolHandshake createSession
[MASTER] 17:35:51.139 [Thread-3] ERROR ExternalProcessHandler - Aug 20, 2020 9:35:51 AM org.openqa.selenium.remote.ProtocolHandshake createSession

INFO: Detected dialect: OSS
[MASTER] 17:35:51.139 [Thread-3] ERROR ExternalProcessHandler - INFO: Detected dialect: OSS

Aug 20, 2020 9:35:51 AM org.openqa.selenium.remote.ProtocolHandshake createSession
[MASTER] 17:35:51.937 [Thread-3] ERROR ExternalProcessHandler - Aug 20, 2020 9:35:51 AM org.openqa.selenium.remote.ProtocolHandshake createSession

INFO: Detected dialect: OSS
[MASTER] 17:35:51.938 [Thread-3] ERROR ExternalProcessHandler - INFO: Detected dialect: OSS

Aug 20, 2020 9:35:52 AM org.openqa.selenium.remote.ProtocolHandshake createSession
[MASTER] 17:35:52.855 [Thread-3] ERROR ExternalProcessHandler - Aug 20, 2020 9:35:52 AM org.openqa.selenium.remote.ProtocolHandshake createSession

INFO: Detected dialect: OSS
[MASTER] 17:35:52.855 [Thread-3] ERROR ExternalProcessHandler - INFO: Detected dialect: OSS

Aug 20, 2020 9:35:53 AM org.openqa.selenium.remote.ProtocolHandshake createSession
[MASTER] 17:35:53.942 [Thread-3] ERROR ExternalProcessHandler - Aug 20, 2020 9:35:53 AM org.openqa.selenium.remote.ProtocolHandshake createSession

INFO: Detected dialect: OSS
[MASTER] 17:35:53.942 [Thread-3] ERROR ExternalProcessHandler - INFO: Detected dialect: OSS

Aug 20, 2020 9:35:55 AM org.openqa.selenium.remote.ProtocolHandshake createSession
[MASTER] 17:35:55.555 [Thread-3] ERROR ExternalProcessHandler - Aug 20, 2020 9:35:55 AM org.openqa.selenium.remote.ProtocolHandshake createSession

INFO: Detected dialect: OSS
[MASTER] 17:35:55.555 [Thread-3] ERROR ExternalProcessHandler - INFO: Detected dialect: OSS

Aug 20, 2020 9:35:56 AM org.openqa.selenium.remote.ProtocolHandshake createSession
[MASTER] 17:35:56.617 [Thread-3] ERROR ExternalProcessHandler - Aug 20, 2020 9:35:56 AM org.openqa.selenium.remote.ProtocolHandshake createSession

INFO: Detected dialect: OSS
[MASTER] 17:35:56.618 [Thread-3] ERROR ExternalProcessHandler - INFO: Detected dialect: OSS

Aug 20, 2020 9:35:58 AM org.openqa.selenium.remote.ProtocolHandshake createSession
[MASTER] 17:35:58.632 [Thread-3] ERROR ExternalProcessHandler - Aug 20, 2020 9:35:58 AM org.openqa.selenium.remote.ProtocolHandshake createSession

INFO: Detected dialect: OSS
[MASTER] 17:35:58.632 [Thread-3] ERROR ExternalProcessHandler - INFO: Detected dialect: OSS

Aug 20, 2020 9:35:59 AM org.openqa.selenium.remote.ProtocolHandshake createSession
[MASTER] 17:35:59.528 [Thread-3] ERROR ExternalProcessHandler - Aug 20, 2020 9:35:59 AM org.openqa.selenium.remote.ProtocolHandshake createSession

INFO: Detected dialect: OSS
[MASTER] 17:35:59.528 [Thread-3] ERROR ExternalProcessHandler - INFO: Detected dialect: OSS

Aug 20, 2020 9:36:02 AM org.openqa.selenium.remote.ProtocolHandshake createSession
[MASTER] 17:36:02.993 [Thread-3] ERROR ExternalProcessHandler - Aug 20, 2020 9:36:02 AM org.openqa.selenium.remote.ProtocolHandshake createSession

INFO: Detected dialect: OSS
[MASTER] 17:36:02.993 [Thread-3] ERROR ExternalProcessHandler - INFO: Detected dialect: OSS

Aug 20, 2020 9:36:11 AM org.openqa.selenium.remote.ProtocolHandshake createSession
[MASTER] 17:36:11.486 [Thread-3] ERROR ExternalProcessHandler - Aug 20, 2020 9:36:11 AM org.openqa.selenium.remote.ProtocolHandshake createSession

INFO: Detected dialect: OSS
[MASTER] 17:36:11.486 [Thread-3] ERROR ExternalProcessHandler - INFO: Detected dialect: OSS

Aug 20, 2020 9:36:24 AM org.openqa.selenium.remote.ProtocolHandshake createSession
[MASTER] 17:36:24.970 [Thread-3] ERROR ExternalProcessHandler - Aug 20, 2020 9:36:24 AM org.openqa.selenium.remote.ProtocolHandshake createSession

INFO: Detected dialect: OSS
[MASTER] 17:36:24.971 [Thread-3] ERROR ExternalProcessHandler - INFO: Detected dialect: OSS

[MASTER] 17:36:43.188 [logback-2] ERROR TestCaseExecutor - TG: Exception caught: 
java.lang.IllegalStateException: Test generation failed: page object bug.
	at org.evosuite.testcase.execution.TestCaseExecutor.runTest(TestCaseExecutor.java:322) ~[evosuite-client-1.0.4-SNAPSHOT.jar:na]
	at org.evosuite.testcase.TestFitnessFunction.runTest(TestFitnessFunction.java:91) [evosuite-client-1.0.4-SNAPSHOT.jar:na]
	at org.evosuite.testcase.TestFitnessFunction.getFitness(TestFitnessFunction.java:60) [evosuite-client-1.0.4-SNAPSHOT.jar:na]
	at org.evosuite.testcase.TestFitnessFunction.getFitness(TestFitnessFunction.java:34) [evosuite-client-1.0.4-SNAPSHOT.jar:na]
	at org.evosuite.ga.metaheuristics.mosa.MOSA.calculateFitness(MOSA.java:155) [evosuite-client-1.0.4-SNAPSHOT.jar:na]
	at org.evosuite.ga.metaheuristics.mosa.AbstractMOSA.breedNextGeneration(AbstractMOSA.java:144) [evosuite-client-1.0.4-SNAPSHOT.jar:na]
	at org.evosuite.ga.metaheuristics.mosa.MOSA.evolve(MOSA.java:89) [evosuite-client-1.0.4-SNAPSHOT.jar:na]
	at org.evosuite.ga.metaheuristics.mosa.MOSA.generateSolution(MOSA.java:205) [evosuite-client-1.0.4-SNAPSHOT.jar:na]
	at org.evosuite.strategy.MOSuiteStrategy.generateTests(MOSuiteStrategy.java:127) [evosuite-client-1.0.4-SNAPSHOT.jar:na]
	at org.evosuite.TestSuiteGenerator.generateTests(TestSuiteGenerator.java:654) [evosuite-client-1.0.4-SNAPSHOT.jar:na]
	at org.evosuite.TestSuiteGenerator.generateTestSuite(TestSuiteGenerator.java:213) [evosuite-client-1.0.4-SNAPSHOT.jar:na]
	at org.evosuite.rmi.service.ClientNodeImpl$1.run(ClientNodeImpl.java:145) [evosuite-client-1.0.4-SNAPSHOT.jar:na]
	at java.util.concurrent.Executors$RunnableAdapter.call(Executors.java:511) [na:1.8.0_265]
	at java.util.concurrent.FutureTask.run(FutureTask.java:266) [na:1.8.0_265]
	at java.util.concurrent.ThreadPoolExecutor.runWorker(ThreadPoolExecutor.java:1149) [na:1.8.0_265]
	at java.util.concurrent.ThreadPoolExecutor$Worker.run(ThreadPoolExecutor.java:624) [na:1.8.0_265]
	at java.lang.Thread.run(Thread.java:748) [na:1.8.0_265]
Aug 20, 2020 9:36:43 AM org.openqa.selenium.remote.ProtocolHandshake createSession
[MASTER] 17:36:43.378 [Thread-3] ERROR ExternalProcessHandler - Aug 20, 2020 9:36:43 AM org.openqa.selenium.remote.ProtocolHandshake createSession

INFO: Detected dialect: OSS
[MASTER] 17:36:43.379 [Thread-3] ERROR ExternalProcessHandler - INFO: Detected dialect: OSS

Aug 20, 2020 9:36:47 AM org.openqa.selenium.remote.ProtocolHandshake createSession
[MASTER] 17:36:47.275 [Thread-3] ERROR ExternalProcessHandler - Aug 20, 2020 9:36:47 AM org.openqa.selenium.remote.ProtocolHandshake createSession

INFO: Detected dialect: OSS
[MASTER] 17:36:47.275 [Thread-3] ERROR ExternalProcessHandler - INFO: Detected dialect: OSS

Aug 20, 2020 9:36:56 AM org.openqa.selenium.remote.ProtocolHandshake createSession
[MASTER] 17:36:56.458 [Thread-3] ERROR ExternalProcessHandler - Aug 20, 2020 9:36:56 AM org.openqa.selenium.remote.ProtocolHandshake createSession

INFO: Detected dialect: OSS
[MASTER] 17:36:56.458 [Thread-3] ERROR ExternalProcessHandler - INFO: Detected dialect: OSS

Aug 20, 2020 9:37:10 AM org.openqa.selenium.remote.ProtocolHandshake createSession
[MASTER] 17:37:10.592 [Thread-3] ERROR ExternalProcessHandler - Aug 20, 2020 9:37:10 AM org.openqa.selenium.remote.ProtocolHandshake createSession

INFO: Detected dialect: OSS
[MASTER] 17:37:10.592 [Thread-3] ERROR ExternalProcessHandler - INFO: Detected dialect: OSS

[MASTER] 17:37:29.818 [logback-2] ERROR TestCaseExecutor - TG: Exception caught: 
java.lang.IllegalStateException: Test generation failed: page object bug.
	at org.evosuite.testcase.execution.TestCaseExecutor.runTest(TestCaseExecutor.java:322) ~[evosuite-client-1.0.4-SNAPSHOT.jar:na]
	at org.evosuite.testcase.TestFitnessFunction.runTest(TestFitnessFunction.java:91) [evosuite-client-1.0.4-SNAPSHOT.jar:na]
	at org.evosuite.testcase.TestFitnessFunction.getFitness(TestFitnessFunction.java:60) [evosuite-client-1.0.4-SNAPSHOT.jar:na]
	at org.evosuite.testcase.TestFitnessFunction.getFitness(TestFitnessFunction.java:34) [evosuite-client-1.0.4-SNAPSHOT.jar:na]
	at org.evosuite.ga.metaheuristics.mosa.MOSA.calculateFitness(MOSA.java:155) [evosuite-client-1.0.4-SNAPSHOT.jar:na]
	at org.evosuite.ga.metaheuristics.mosa.AbstractMOSA.breedNextGeneration(AbstractMOSA.java:153) [evosuite-client-1.0.4-SNAPSHOT.jar:na]
	at org.evosuite.ga.metaheuristics.mosa.MOSA.evolve(MOSA.java:89) [evosuite-client-1.0.4-SNAPSHOT.jar:na]
	at org.evosuite.ga.metaheuristics.mosa.MOSA.generateSolution(MOSA.java:205) [evosuite-client-1.0.4-SNAPSHOT.jar:na]
	at org.evosuite.strategy.MOSuiteStrategy.generateTests(MOSuiteStrategy.java:127) [evosuite-client-1.0.4-SNAPSHOT.jar:na]
	at org.evosuite.TestSuiteGenerator.generateTests(TestSuiteGenerator.java:654) [evosuite-client-1.0.4-SNAPSHOT.jar:na]
	at org.evosuite.TestSuiteGenerator.generateTestSuite(TestSuiteGenerator.java:213) [evosuite-client-1.0.4-SNAPSHOT.jar:na]
	at org.evosuite.rmi.service.ClientNodeImpl$1.run(ClientNodeImpl.java:145) [evosuite-client-1.0.4-SNAPSHOT.jar:na]
	at java.util.concurrent.Executors$RunnableAdapter.call(Executors.java:511) [na:1.8.0_265]
	at java.util.concurrent.FutureTask.run(FutureTask.java:266) [na:1.8.0_265]
	at java.util.concurrent.ThreadPoolExecutor.runWorker(ThreadPoolExecutor.java:1149) [na:1.8.0_265]
	at java.util.concurrent.ThreadPoolExecutor$Worker.run(ThreadPoolExecutor.java:624) [na:1.8.0_265]
	at java.lang.Thread.run(Thread.java:748) [na:1.8.0_265]
Aug 20, 2020 9:37:30 AM org.openqa.selenium.remote.ProtocolHandshake createSession
[MASTER] 17:37:30.015 [Thread-3] ERROR ExternalProcessHandler - Aug 20, 2020 9:37:30 AM org.openqa.selenium.remote.ProtocolHandshake createSession

INFO: Detected dialect: OSS
[MASTER] 17:37:30.016 [Thread-3] ERROR ExternalProcessHandler - INFO: Detected dialect: OSS

Aug 20, 2020 9:37:34 AM org.openqa.selenium.remote.ProtocolHandshake createSession
[MASTER] 17:37:34.030 [Thread-3] ERROR ExternalProcessHandler - Aug 20, 2020 9:37:34 AM org.openqa.selenium.remote.ProtocolHandshake createSession

INFO: Detected dialect: OSS
[MASTER] 17:37:34.030 [Thread-3] ERROR ExternalProcessHandler - INFO: Detected dialect: OSS

Aug 20, 2020 9:37:36 AM org.openqa.selenium.remote.ProtocolHandshake createSession
[MASTER] 17:37:36.907 [Thread-3] ERROR ExternalProcessHandler - Aug 20, 2020 9:37:36 AM org.openqa.selenium.remote.ProtocolHandshake createSession

INFO: Detected dialect: OSS
[MASTER] 17:37:36.908 [Thread-3] ERROR ExternalProcessHandler - INFO: Detected dialect: OSS

Aug 20, 2020 9:37:44 AM org.openqa.selenium.remote.ProtocolHandshake createSession
[MASTER] 17:37:44.356 [Thread-3] ERROR ExternalProcessHandler - Aug 20, 2020 9:37:44 AM org.openqa.selenium.remote.ProtocolHandshake createSession

INFO: Detected dialect: OSS
[MASTER] 17:37:44.356 [Thread-3] ERROR ExternalProcessHandler - INFO: Detected dialect: OSS

Aug 20, 2020 9:37:56 AM org.openqa.selenium.remote.ProtocolHandshake createSession
[MASTER] 17:37:56.101 [Thread-3] ERROR ExternalProcessHandler - Aug 20, 2020 9:37:56 AM org.openqa.selenium.remote.ProtocolHandshake createSession

INFO: Detected dialect: OSS
[MASTER] 17:37:56.102 [Thread-3] ERROR ExternalProcessHandler - INFO: Detected dialect: OSS

[MASTER] 17:38:12.084 [logback-2] ERROR TestCaseExecutor - TG: Exception caught: 
java.lang.IllegalStateException: Test generation failed: page object bug.
	at org.evosuite.testcase.execution.TestCaseExecutor.runTest(TestCaseExecutor.java:322) ~[evosuite-client-1.0.4-SNAPSHOT.jar:na]
	at org.evosuite.testcase.TestFitnessFunction.runTest(TestFitnessFunction.java:91) [evosuite-client-1.0.4-SNAPSHOT.jar:na]
	at org.evosuite.testcase.TestFitnessFunction.getFitness(TestFitnessFunction.java:60) [evosuite-client-1.0.4-SNAPSHOT.jar:na]
	at org.evosuite.testcase.TestFitnessFunction.getFitness(TestFitnessFunction.java:34) [evosuite-client-1.0.4-SNAPSHOT.jar:na]
	at org.evosuite.ga.metaheuristics.mosa.MOSA.calculateFitness(MOSA.java:155) [evosuite-client-1.0.4-SNAPSHOT.jar:na]
	at org.evosuite.ga.metaheuristics.mosa.AbstractMOSA.breedNextGeneration(AbstractMOSA.java:144) [evosuite-client-1.0.4-SNAPSHOT.jar:na]
	at org.evosuite.ga.metaheuristics.mosa.MOSA.evolve(MOSA.java:89) [evosuite-client-1.0.4-SNAPSHOT.jar:na]
	at org.evosuite.ga.metaheuristics.mosa.MOSA.generateSolution(MOSA.java:205) [evosuite-client-1.0.4-SNAPSHOT.jar:na]
	at org.evosuite.strategy.MOSuiteStrategy.generateTests(MOSuiteStrategy.java:127) [evosuite-client-1.0.4-SNAPSHOT.jar:na]
	at org.evosuite.TestSuiteGenerator.generateTests(TestSuiteGenerator.java:654) [evosuite-client-1.0.4-SNAPSHOT.jar:na]
	at org.evosuite.TestSuiteGenerator.generateTestSuite(TestSuiteGenerator.java:213) [evosuite-client-1.0.4-SNAPSHOT.jar:na]
	at org.evosuite.rmi.service.ClientNodeImpl$1.run(ClientNodeImpl.java:145) [evosuite-client-1.0.4-SNAPSHOT.jar:na]
	at java.util.concurrent.Executors$RunnableAdapter.call(Executors.java:511) [na:1.8.0_265]
	at java.util.concurrent.FutureTask.run(FutureTask.java:266) [na:1.8.0_265]
	at java.util.concurrent.ThreadPoolExecutor.runWorker(ThreadPoolExecutor.java:1149) [na:1.8.0_265]
	at java.util.concurrent.ThreadPoolExecutor$Worker.run(ThreadPoolExecutor.java:624) [na:1.8.0_265]
	at java.lang.Thread.run(Thread.java:748) [na:1.8.0_265]
Aug 20, 2020 9:38:12 AM org.openqa.selenium.remote.ProtocolHandshake createSession
[MASTER] 17:38:12.274 [Thread-3] ERROR ExternalProcessHandler - Aug 20, 2020 9:38:12 AM org.openqa.selenium.remote.ProtocolHandshake createSession

INFO: Detected dialect: OSS
[MASTER] 17:38:12.274 [Thread-3] ERROR ExternalProcessHandler - INFO: Detected dialect: OSS

Aug 20, 2020 9:38:14 AM org.openqa.selenium.remote.ProtocolHandshake createSession
[MASTER] 17:38:14.974 [Thread-3] ERROR ExternalProcessHandler - Aug 20, 2020 9:38:14 AM org.openqa.selenium.remote.ProtocolHandshake createSession

INFO: Detected dialect: OSS
[MASTER] 17:38:14.975 [Thread-3] ERROR ExternalProcessHandler - INFO: Detected dialect: OSS

Aug 20, 2020 9:38:16 AM po_utils.PageObjectLogging logInfo
[MASTER] 17:38:16.956 [Thread-3] ERROR ExternalProcessHandler - Aug 20, 2020 9:38:16 AM po_utils.PageObjectLogging logInfo

INFO: waitForElementBeingPresentOnPage timeout exception: unable to locate the element By.xpath: //button[text()="Create a new session"]
[MASTER] 17:38:16.957 [Thread-3] ERROR ExternalProcessHandler - INFO: waitForElementBeingPresentOnPage timeout exception: unable to locate the element By.xpath: //button[text()="Create a new session"]


[MASTER] 17:38:16.957 [Thread-3] ERROR ExternalProcessHandler - 


[MASTER] 17:38:16.957 [Thread-3] ERROR ExternalProcessHandler - 

Aug 20, 2020 9:38:17 AM org.openqa.selenium.remote.ProtocolHandshake createSession
[MASTER] 17:38:17.270 [Thread-3] ERROR ExternalProcessHandler - Aug 20, 2020 9:38:17 AM org.openqa.selenium.remote.ProtocolHandshake createSession

INFO: Detected dialect: OSS
[MASTER] 17:38:17.270 [Thread-3] ERROR ExternalProcessHandler - INFO: Detected dialect: OSS

Aug 20, 2020 9:38:18 AM org.openqa.selenium.remote.ProtocolHandshake createSession
[MASTER] 17:38:18.243 [Thread-3] ERROR ExternalProcessHandler - Aug 20, 2020 9:38:18 AM org.openqa.selenium.remote.ProtocolHandshake createSession

INFO: Detected dialect: OSS
[MASTER] 17:38:18.243 [Thread-3] ERROR ExternalProcessHandler - INFO: Detected dialect: OSS

Aug 20, 2020 9:38:19 AM org.openqa.selenium.remote.ProtocolHandshake createSession
[MASTER] 17:38:19.415 [Thread-3] ERROR ExternalProcessHandler - Aug 20, 2020 9:38:19 AM org.openqa.selenium.remote.ProtocolHandshake createSession

INFO: Detected dialect: OSS
[MASTER] 17:38:19.416 [Thread-3] ERROR ExternalProcessHandler - INFO: Detected dialect: OSS

Aug 20, 2020 9:38:20 AM org.openqa.selenium.remote.ProtocolHandshake createSession
[MASTER] 17:38:20.617 [Thread-3] ERROR ExternalProcessHandler - Aug 20, 2020 9:38:20 AM org.openqa.selenium.remote.ProtocolHandshake createSession

INFO: Detected dialect: OSS
[MASTER] 17:38:20.617 [Thread-3] ERROR ExternalProcessHandler - INFO: Detected dialect: OSS

Aug 20, 2020 9:38:23 AM org.openqa.selenium.remote.ProtocolHandshake createSession
[MASTER] 17:38:23.125 [Thread-3] ERROR ExternalProcessHandler - Aug 20, 2020 9:38:23 AM org.openqa.selenium.remote.ProtocolHandshake createSession

INFO: Detected dialect: OSS
[MASTER] 17:38:23.125 [Thread-3] ERROR ExternalProcessHandler - INFO: Detected dialect: OSS

Aug 20, 2020 9:38:27 AM org.openqa.selenium.remote.ProtocolHandshake createSession
[MASTER] 17:38:27.957 [Thread-3] ERROR ExternalProcessHandler - Aug 20, 2020 9:38:27 AM org.openqa.selenium.remote.ProtocolHandshake createSession

INFO: Detected dialect: OSS
[MASTER] 17:38:27.957 [Thread-3] ERROR ExternalProcessHandler - INFO: Detected dialect: OSS

Aug 20, 2020 9:38:35 AM org.openqa.selenium.remote.ProtocolHandshake createSession
[MASTER] 17:38:35.003 [Thread-3] ERROR ExternalProcessHandler - Aug 20, 2020 9:38:35 AM org.openqa.selenium.remote.ProtocolHandshake createSession

INFO: Detected dialect: OSS
[MASTER] 17:38:35.004 [Thread-3] ERROR ExternalProcessHandler - INFO: Detected dialect: OSS

[MASTER] 17:38:44.069 [logback-2] ERROR TestCaseExecutor - TG: Exception caught: 
java.lang.IllegalStateException: Test generation failed: page object bug.
	at org.evosuite.testcase.execution.TestCaseExecutor.runTest(TestCaseExecutor.java:322) ~[evosuite-client-1.0.4-SNAPSHOT.jar:na]
	at org.evosuite.testcase.TestFitnessFunction.runTest(TestFitnessFunction.java:91) [evosuite-client-1.0.4-SNAPSHOT.jar:na]
	at org.evosuite.testcase.TestFitnessFunction.getFitness(TestFitnessFunction.java:60) [evosuite-client-1.0.4-SNAPSHOT.jar:na]
	at org.evosuite.testcase.TestFitnessFunction.getFitness(TestFitnessFunction.java:34) [evosuite-client-1.0.4-SNAPSHOT.jar:na]
	at org.evosuite.ga.metaheuristics.mosa.MOSA.calculateFitness(MOSA.java:155) [evosuite-client-1.0.4-SNAPSHOT.jar:na]
	at org.evosuite.ga.metaheuristics.mosa.AbstractMOSA.breedNextGeneration(AbstractMOSA.java:144) [evosuite-client-1.0.4-SNAPSHOT.jar:na]
	at org.evosuite.ga.metaheuristics.mosa.MOSA.evolve(MOSA.java:89) [evosuite-client-1.0.4-SNAPSHOT.jar:na]
	at org.evosuite.ga.metaheuristics.mosa.MOSA.generateSolution(MOSA.java:205) [evosuite-client-1.0.4-SNAPSHOT.jar:na]
	at org.evosuite.strategy.MOSuiteStrategy.generateTests(MOSuiteStrategy.java:127) [evosuite-client-1.0.4-SNAPSHOT.jar:na]
	at org.evosuite.TestSuiteGenerator.generateTests(TestSuiteGenerator.java:654) [evosuite-client-1.0.4-SNAPSHOT.jar:na]
	at org.evosuite.TestSuiteGenerator.generateTestSuite(TestSuiteGenerator.java:213) [evosuite-client-1.0.4-SNAPSHOT.jar:na]
	at org.evosuite.rmi.service.ClientNodeImpl$1.run(ClientNodeImpl.java:145) [evosuite-client-1.0.4-SNAPSHOT.jar:na]
	at java.util.concurrent.Executors$RunnableAdapter.call(Executors.java:511) [na:1.8.0_265]
	at java.util.concurrent.FutureTask.run(FutureTask.java:266) [na:1.8.0_265]
	at java.util.concurrent.ThreadPoolExecutor.runWorker(ThreadPoolExecutor.java:1149) [na:1.8.0_265]
	at java.util.concurrent.ThreadPoolExecutor$Worker.run(ThreadPoolExecutor.java:624) [na:1.8.0_265]
	at java.lang.Thread.run(Thread.java:748) [na:1.8.0_265]
Aug 20, 2020 9:38:44 AM org.openqa.selenium.remote.ProtocolHandshake createSession
[MASTER] 17:38:44.257 [Thread-3] ERROR ExternalProcessHandler - Aug 20, 2020 9:38:44 AM org.openqa.selenium.remote.ProtocolHandshake createSession

INFO: Detected dialect: OSS
[MASTER] 17:38:44.257 [Thread-3] ERROR ExternalProcessHandler - INFO: Detected dialect: OSS

Aug 20, 2020 9:38:48 AM org.openqa.selenium.remote.ProtocolHandshake createSession
[MASTER] 17:38:48.467 [Thread-3] ERROR ExternalProcessHandler - Aug 20, 2020 9:38:48 AM org.openqa.selenium.remote.ProtocolHandshake createSession

INFO: Detected dialect: OSS
[MASTER] 17:38:48.467 [Thread-3] ERROR ExternalProcessHandler - INFO: Detected dialect: OSS

Aug 20, 2020 9:38:56 AM org.openqa.selenium.remote.ProtocolHandshake createSession
[MASTER] 17:38:56.195 [Thread-3] ERROR ExternalProcessHandler - Aug 20, 2020 9:38:56 AM org.openqa.selenium.remote.ProtocolHandshake createSession

INFO: Detected dialect: OSS
[MASTER] 17:38:56.195 [Thread-3] ERROR ExternalProcessHandler - INFO: Detected dialect: OSS

Aug 20, 2020 9:39:07 AM org.openqa.selenium.remote.ProtocolHandshake createSession
[MASTER] 17:39:07.275 [Thread-3] ERROR ExternalProcessHandler - Aug 20, 2020 9:39:07 AM org.openqa.selenium.remote.ProtocolHandshake createSession

INFO: Detected dialect: OSS
[MASTER] 17:39:07.275 [Thread-3] ERROR ExternalProcessHandler - INFO: Detected dialect: OSS

[MASTER] 17:39:21.739 [logback-2] ERROR TestCaseExecutor - TG: Exception caught: 
java.lang.IllegalStateException: Test generation failed: page object bug.
	at org.evosuite.testcase.execution.TestCaseExecutor.runTest(TestCaseExecutor.java:322) ~[evosuite-client-1.0.4-SNAPSHOT.jar:na]
	at org.evosuite.testcase.TestFitnessFunction.runTest(TestFitnessFunction.java:91) [evosuite-client-1.0.4-SNAPSHOT.jar:na]
	at org.evosuite.testcase.TestFitnessFunction.getFitness(TestFitnessFunction.java:60) [evosuite-client-1.0.4-SNAPSHOT.jar:na]
	at org.evosuite.testcase.TestFitnessFunction.getFitness(TestFitnessFunction.java:34) [evosuite-client-1.0.4-SNAPSHOT.jar:na]
	at org.evosuite.ga.metaheuristics.mosa.MOSA.calculateFitness(MOSA.java:155) [evosuite-client-1.0.4-SNAPSHOT.jar:na]
	at org.evosuite.ga.metaheuristics.mosa.AbstractMOSA.breedNextGeneration(AbstractMOSA.java:153) [evosuite-client-1.0.4-SNAPSHOT.jar:na]
	at org.evosuite.ga.metaheuristics.mosa.MOSA.evolve(MOSA.java:89) [evosuite-client-1.0.4-SNAPSHOT.jar:na]
	at org.evosuite.ga.metaheuristics.mosa.MOSA.generateSolution(MOSA.java:205) [evosuite-client-1.0.4-SNAPSHOT.jar:na]
	at org.evosuite.strategy.MOSuiteStrategy.generateTests(MOSuiteStrategy.java:127) [evosuite-client-1.0.4-SNAPSHOT.jar:na]
	at org.evosuite.TestSuiteGenerator.generateTests(TestSuiteGenerator.java:654) [evosuite-client-1.0.4-SNAPSHOT.jar:na]
	at org.evosuite.TestSuiteGenerator.generateTestSuite(TestSuiteGenerator.java:213) [evosuite-client-1.0.4-SNAPSHOT.jar:na]
	at org.evosuite.rmi.service.ClientNodeImpl$1.run(ClientNodeImpl.java:145) [evosuite-client-1.0.4-SNAPSHOT.jar:na]
	at java.util.concurrent.Executors$RunnableAdapter.call(Executors.java:511) [na:1.8.0_265]
	at java.util.concurrent.FutureTask.run(FutureTask.java:266) [na:1.8.0_265]
	at java.util.concurrent.ThreadPoolExecutor.runWorker(ThreadPoolExecutor.java:1149) [na:1.8.0_265]
	at java.util.concurrent.ThreadPoolExecutor$Worker.run(ThreadPoolExecutor.java:624) [na:1.8.0_265]
	at java.lang.Thread.run(Thread.java:748) [na:1.8.0_265]
Aug 20, 2020 9:39:21 AM org.openqa.selenium.remote.ProtocolHandshake createSession
[MASTER] 17:39:21.931 [Thread-3] ERROR ExternalProcessHandler - Aug 20, 2020 9:39:21 AM org.openqa.selenium.remote.ProtocolHandshake createSession

INFO: Detected dialect: OSS
[MASTER] 17:39:21.931 [Thread-3] ERROR ExternalProcessHandler - INFO: Detected dialect: OSS

Aug 20, 2020 9:39:23 AM org.openqa.selenium.remote.ProtocolHandshake createSession
[MASTER] 17:39:23.134 [Thread-3] ERROR ExternalProcessHandler - Aug 20, 2020 9:39:23 AM org.openqa.selenium.remote.ProtocolHandshake createSession

INFO: Detected dialect: OSS
[MASTER] 17:39:23.134 [Thread-3] ERROR ExternalProcessHandler - INFO: Detected dialect: OSS

Aug 20, 2020 9:39:24 AM org.openqa.selenium.remote.ProtocolHandshake createSession
[MASTER] 17:39:24.537 [Thread-3] ERROR ExternalProcessHandler - Aug 20, 2020 9:39:24 AM org.openqa.selenium.remote.ProtocolHandshake createSession

INFO: Detected dialect: OSS
[MASTER] 17:39:24.537 [Thread-3] ERROR ExternalProcessHandler - INFO: Detected dialect: OSS

Aug 20, 2020 9:39:25 AM org.openqa.selenium.remote.ProtocolHandshake createSession
[MASTER] 17:39:25.495 [Thread-3] ERROR ExternalProcessHandler - Aug 20, 2020 9:39:25 AM org.openqa.selenium.remote.ProtocolHandshake createSession

INFO: Detected dialect: OSS
[MASTER] 17:39:25.495 [Thread-3] ERROR ExternalProcessHandler - INFO: Detected dialect: OSS

Aug 20, 2020 9:39:26 AM org.openqa.selenium.remote.ProtocolHandshake createSession
[MASTER] 17:39:26.381 [Thread-3] ERROR ExternalProcessHandler - Aug 20, 2020 9:39:26 AM org.openqa.selenium.remote.ProtocolHandshake createSession

INFO: Detected dialect: OSS
[MASTER] 17:39:26.381 [Thread-3] ERROR ExternalProcessHandler - INFO: Detected dialect: OSS

Aug 20, 2020 9:39:30 AM org.openqa.selenium.remote.ProtocolHandshake createSession
[MASTER] 17:39:30.067 [Thread-3] ERROR ExternalProcessHandler - Aug 20, 2020 9:39:30 AM org.openqa.selenium.remote.ProtocolHandshake createSession

INFO: Detected dialect: OSS
[MASTER] 17:39:30.067 [Thread-3] ERROR ExternalProcessHandler - INFO: Detected dialect: OSS

Aug 20, 2020 9:39:39 AM org.openqa.selenium.remote.ProtocolHandshake createSession
[MASTER] 17:39:39.889 [Thread-3] ERROR ExternalProcessHandler - Aug 20, 2020 9:39:39 AM org.openqa.selenium.remote.ProtocolHandshake createSession

INFO: Detected dialect: OSS
[MASTER] 17:39:39.889 [Thread-3] ERROR ExternalProcessHandler - INFO: Detected dialect: OSS

Aug 20, 2020 9:39:55 AM org.openqa.selenium.remote.ProtocolHandshake createSession
[MASTER] 17:39:55.657 [Thread-3] ERROR ExternalProcessHandler - Aug 20, 2020 9:39:55 AM org.openqa.selenium.remote.ProtocolHandshake createSession

INFO: Detected dialect: OSS
[MASTER] 17:39:55.657 [Thread-3] ERROR ExternalProcessHandler - INFO: Detected dialect: OSS

[MASTER] 17:40:17.403 [logback-2] ERROR TestCaseExecutor - TG: Exception caught: 
java.lang.IllegalStateException: Test generation failed: page object bug.
	at org.evosuite.testcase.execution.TestCaseExecutor.runTest(TestCaseExecutor.java:322) ~[evosuite-client-1.0.4-SNAPSHOT.jar:na]
	at org.evosuite.testcase.TestFitnessFunction.runTest(TestFitnessFunction.java:91) [evosuite-client-1.0.4-SNAPSHOT.jar:na]
	at org.evosuite.testcase.TestFitnessFunction.getFitness(TestFitnessFunction.java:60) [evosuite-client-1.0.4-SNAPSHOT.jar:na]
	at org.evosuite.testcase.TestFitnessFunction.getFitness(TestFitnessFunction.java:34) [evosuite-client-1.0.4-SNAPSHOT.jar:na]
	at org.evosuite.ga.metaheuristics.mosa.MOSA.calculateFitness(MOSA.java:155) [evosuite-client-1.0.4-SNAPSHOT.jar:na]
	at org.evosuite.ga.metaheuristics.mosa.AbstractMOSA.breedNextGeneration(AbstractMOSA.java:144) [evosuite-client-1.0.4-SNAPSHOT.jar:na]
	at org.evosuite.ga.metaheuristics.mosa.MOSA.evolve(MOSA.java:89) [evosuite-client-1.0.4-SNAPSHOT.jar:na]
	at org.evosuite.ga.metaheuristics.mosa.MOSA.generateSolution(MOSA.java:205) [evosuite-client-1.0.4-SNAPSHOT.jar:na]
	at org.evosuite.strategy.MOSuiteStrategy.generateTests(MOSuiteStrategy.java:127) [evosuite-client-1.0.4-SNAPSHOT.jar:na]
	at org.evosuite.TestSuiteGenerator.generateTests(TestSuiteGenerator.java:654) [evosuite-client-1.0.4-SNAPSHOT.jar:na]
	at org.evosuite.TestSuiteGenerator.generateTestSuite(TestSuiteGenerator.java:213) [evosuite-client-1.0.4-SNAPSHOT.jar:na]
	at org.evosuite.rmi.service.ClientNodeImpl$1.run(ClientNodeImpl.java:145) [evosuite-client-1.0.4-SNAPSHOT.jar:na]
	at java.util.concurrent.Executors$RunnableAdapter.call(Executors.java:511) [na:1.8.0_265]
	at java.util.concurrent.FutureTask.run(FutureTask.java:266) [na:1.8.0_265]
	at java.util.concurrent.ThreadPoolExecutor.runWorker(ThreadPoolExecutor.java:1149) [na:1.8.0_265]
	at java.util.concurrent.ThreadPoolExecutor$Worker.run(ThreadPoolExecutor.java:624) [na:1.8.0_265]
	at java.lang.Thread.run(Thread.java:748) [na:1.8.0_265]
Aug 20, 2020 9:40:17 AM org.openqa.selenium.remote.ProtocolHandshake createSession
[MASTER] 17:40:17.589 [Thread-3] ERROR ExternalProcessHandler - Aug 20, 2020 9:40:17 AM org.openqa.selenium.remote.ProtocolHandshake createSession

INFO: Detected dialect: OSS
[MASTER] 17:40:17.589 [Thread-3] ERROR ExternalProcessHandler - INFO: Detected dialect: OSS

Aug 20, 2020 9:40:18 AM org.openqa.selenium.remote.ProtocolHandshake createSession
[MASTER] 17:40:18.596 [Thread-3] ERROR ExternalProcessHandler - Aug 20, 2020 9:40:18 AM org.openqa.selenium.remote.ProtocolHandshake createSession

INFO: Detected dialect: OSS
[MASTER] 17:40:18.596 [Thread-3] ERROR ExternalProcessHandler - INFO: Detected dialect: OSS

Aug 20, 2020 9:40:19 AM org.openqa.selenium.remote.ProtocolHandshake createSession
[MASTER] 17:40:19.413 [Thread-3] ERROR ExternalProcessHandler - Aug 20, 2020 9:40:19 AM org.openqa.selenium.remote.ProtocolHandshake createSession

INFO: Detected dialect: OSS
[MASTER] 17:40:19.413 [Thread-3] ERROR ExternalProcessHandler - INFO: Detected dialect: OSS

Aug 20, 2020 9:40:20 AM org.openqa.selenium.remote.ProtocolHandshake createSession
[MASTER] 17:40:20.805 [Thread-3] ERROR ExternalProcessHandler - Aug 20, 2020 9:40:20 AM org.openqa.selenium.remote.ProtocolHandshake createSession

INFO: Detected dialect: OSS
[MASTER] 17:40:20.806 [Thread-3] ERROR ExternalProcessHandler - INFO: Detected dialect: OSS

Aug 20, 2020 9:40:25 AM po_utils.PageObjectLogging logInfo
[MASTER] 17:40:25.809 [Thread-3] ERROR ExternalProcessHandler - Aug 20, 2020 9:40:25 AM po_utils.PageObjectLogging logInfo

INFO: waitForElementBeingPresentOnPage timeout exception: unable to locate the element By.xpath: //button[text()="Create a new session"]
[MASTER] 17:40:25.810 [Thread-3] ERROR ExternalProcessHandler - INFO: waitForElementBeingPresentOnPage timeout exception: unable to locate the element By.xpath: //button[text()="Create a new session"]


[MASTER] 17:40:25.810 [Thread-3] ERROR ExternalProcessHandler - 


[MASTER] 17:40:25.810 [Thread-3] ERROR ExternalProcessHandler - 

Aug 20, 2020 9:40:26 AM org.openqa.selenium.remote.ProtocolHandshake createSession
[MASTER] 17:40:26.181 [Thread-3] ERROR ExternalProcessHandler - Aug 20, 2020 9:40:26 AM org.openqa.selenium.remote.ProtocolHandshake createSession

INFO: Detected dialect: OSS
[MASTER] 17:40:26.181 [Thread-3] ERROR ExternalProcessHandler - INFO: Detected dialect: OSS

Aug 20, 2020 9:40:27 AM org.openqa.selenium.remote.ProtocolHandshake createSession
[MASTER] 17:40:27.358 [Thread-3] ERROR ExternalProcessHandler - Aug 20, 2020 9:40:27 AM org.openqa.selenium.remote.ProtocolHandshake createSession

INFO: Detected dialect: OSS
[MASTER] 17:40:27.358 [Thread-3] ERROR ExternalProcessHandler - INFO: Detected dialect: OSS

Aug 20, 2020 9:40:29 AM org.openqa.selenium.remote.ProtocolHandshake createSession
[MASTER] 17:40:29.863 [Thread-3] ERROR ExternalProcessHandler - Aug 20, 2020 9:40:29 AM org.openqa.selenium.remote.ProtocolHandshake createSession

INFO: Detected dialect: OSS
[MASTER] 17:40:29.863 [Thread-3] ERROR ExternalProcessHandler - INFO: Detected dialect: OSS

Aug 20, 2020 9:40:34 AM org.openqa.selenium.remote.ProtocolHandshake createSession
[MASTER] 17:40:34.667 [Thread-3] ERROR ExternalProcessHandler - Aug 20, 2020 9:40:34 AM org.openqa.selenium.remote.ProtocolHandshake createSession

INFO: Detected dialect: OSS
[MASTER] 17:40:34.667 [Thread-3] ERROR ExternalProcessHandler - INFO: Detected dialect: OSS

Aug 20, 2020 9:40:41 AM org.openqa.selenium.remote.ProtocolHandshake createSession
[MASTER] 17:40:41.685 [Thread-3] ERROR ExternalProcessHandler - Aug 20, 2020 9:40:41 AM org.openqa.selenium.remote.ProtocolHandshake createSession

INFO: Detected dialect: OSS
[MASTER] 17:40:41.685 [Thread-3] ERROR ExternalProcessHandler - INFO: Detected dialect: OSS

[MASTER] 17:40:50.704 [logback-2] ERROR TestCaseExecutor - TG: Exception caught: 
java.lang.IllegalStateException: Test generation failed: page object bug.
	at org.evosuite.testcase.execution.TestCaseExecutor.runTest(TestCaseExecutor.java:322) ~[evosuite-client-1.0.4-SNAPSHOT.jar:na]
	at org.evosuite.testcase.TestFitnessFunction.runTest(TestFitnessFunction.java:91) [evosuite-client-1.0.4-SNAPSHOT.jar:na]
	at org.evosuite.testcase.TestFitnessFunction.getFitness(TestFitnessFunction.java:60) [evosuite-client-1.0.4-SNAPSHOT.jar:na]
	at org.evosuite.testcase.TestFitnessFunction.getFitness(TestFitnessFunction.java:34) [evosuite-client-1.0.4-SNAPSHOT.jar:na]
	at org.evosuite.ga.metaheuristics.mosa.MOSA.calculateFitness(MOSA.java:155) [evosuite-client-1.0.4-SNAPSHOT.jar:na]
	at org.evosuite.ga.metaheuristics.mosa.AbstractMOSA.breedNextGeneration(AbstractMOSA.java:144) [evosuite-client-1.0.4-SNAPSHOT.jar:na]
	at org.evosuite.ga.metaheuristics.mosa.MOSA.evolve(MOSA.java:89) [evosuite-client-1.0.4-SNAPSHOT.jar:na]
	at org.evosuite.ga.metaheuristics.mosa.MOSA.generateSolution(MOSA.java:205) [evosuite-client-1.0.4-SNAPSHOT.jar:na]
	at org.evosuite.strategy.MOSuiteStrategy.generateTests(MOSuiteStrategy.java:127) [evosuite-client-1.0.4-SNAPSHOT.jar:na]
	at org.evosuite.TestSuiteGenerator.generateTests(TestSuiteGenerator.java:654) [evosuite-client-1.0.4-SNAPSHOT.jar:na]
	at org.evosuite.TestSuiteGenerator.generateTestSuite(TestSuiteGenerator.java:213) [evosuite-client-1.0.4-SNAPSHOT.jar:na]
	at org.evosuite.rmi.service.ClientNodeImpl$1.run(ClientNodeImpl.java:145) [evosuite-client-1.0.4-SNAPSHOT.jar:na]
	at java.util.concurrent.Executors$RunnableAdapter.call(Executors.java:511) [na:1.8.0_265]
	at java.util.concurrent.FutureTask.run(FutureTask.java:266) [na:1.8.0_265]
	at java.util.concurrent.ThreadPoolExecutor.runWorker(ThreadPoolExecutor.java:1149) [na:1.8.0_265]
	at java.util.concurrent.ThreadPoolExecutor$Worker.run(ThreadPoolExecutor.java:624) [na:1.8.0_265]
	at java.lang.Thread.run(Thread.java:748) [na:1.8.0_265]
Aug 20, 2020 9:40:50 AM org.openqa.selenium.remote.ProtocolHandshake createSession
[MASTER] 17:40:50.864 [Thread-3] ERROR ExternalProcessHandler - Aug 20, 2020 9:40:50 AM org.openqa.selenium.remote.ProtocolHandshake createSession

INFO: Detected dialect: OSS
[MASTER] 17:40:50.864 [Thread-3] ERROR ExternalProcessHandler - INFO: Detected dialect: OSS

Aug 20, 2020 9:40:54 AM org.openqa.selenium.remote.ProtocolHandshake createSession
[MASTER] 17:40:54.066 [Thread-3] ERROR ExternalProcessHandler - Aug 20, 2020 9:40:54 AM org.openqa.selenium.remote.ProtocolHandshake createSession

INFO: Detected dialect: OSS
[MASTER] 17:40:54.066 [Thread-3] ERROR ExternalProcessHandler - INFO: Detected dialect: OSS

Aug 20, 2020 9:41:02 AM org.openqa.selenium.remote.ProtocolHandshake createSession
[MASTER] 17:41:02.796 [Thread-3] ERROR ExternalProcessHandler - Aug 20, 2020 9:41:02 AM org.openqa.selenium.remote.ProtocolHandshake createSession

INFO: Detected dialect: OSS
[MASTER] 17:41:02.797 [Thread-3] ERROR ExternalProcessHandler - INFO: Detected dialect: OSS

Aug 20, 2020 9:41:16 AM org.openqa.selenium.remote.ProtocolHandshake createSession
[MASTER] 17:41:16.891 [Thread-3] ERROR ExternalProcessHandler - Aug 20, 2020 9:41:16 AM org.openqa.selenium.remote.ProtocolHandshake createSession

INFO: Detected dialect: OSS
[MASTER] 17:41:16.891 [Thread-3] ERROR ExternalProcessHandler - INFO: Detected dialect: OSS

[MASTER] 17:41:36.269 [logback-2] ERROR TestCaseExecutor - TG: Exception caught: 
java.lang.IllegalStateException: Test generation failed: page object bug.
	at org.evosuite.testcase.execution.TestCaseExecutor.runTest(TestCaseExecutor.java:322) ~[evosuite-client-1.0.4-SNAPSHOT.jar:na]
	at org.evosuite.testcase.TestFitnessFunction.runTest(TestFitnessFunction.java:91) [evosuite-client-1.0.4-SNAPSHOT.jar:na]
	at org.evosuite.testcase.TestFitnessFunction.getFitness(TestFitnessFunction.java:60) [evosuite-client-1.0.4-SNAPSHOT.jar:na]
	at org.evosuite.testcase.TestFitnessFunction.getFitness(TestFitnessFunction.java:34) [evosuite-client-1.0.4-SNAPSHOT.jar:na]
	at org.evosuite.ga.metaheuristics.mosa.MOSA.calculateFitness(MOSA.java:155) [evosuite-client-1.0.4-SNAPSHOT.jar:na]
	at org.evosuite.ga.metaheuristics.mosa.AbstractMOSA.breedNextGeneration(AbstractMOSA.java:153) [evosuite-client-1.0.4-SNAPSHOT.jar:na]
	at org.evosuite.ga.metaheuristics.mosa.MOSA.evolve(MOSA.java:89) [evosuite-client-1.0.4-SNAPSHOT.jar:na]
	at org.evosuite.ga.metaheuristics.mosa.MOSA.generateSolution(MOSA.java:205) [evosuite-client-1.0.4-SNAPSHOT.jar:na]
	at org.evosuite.strategy.MOSuiteStrategy.generateTests(MOSuiteStrategy.java:127) [evosuite-client-1.0.4-SNAPSHOT.jar:na]
	at org.evosuite.TestSuiteGenerator.generateTests(TestSuiteGenerator.java:654) [evosuite-client-1.0.4-SNAPSHOT.jar:na]
	at org.evosuite.TestSuiteGenerator.generateTestSuite(TestSuiteGenerator.java:213) [evosuite-client-1.0.4-SNAPSHOT.jar:na]
	at org.evosuite.rmi.service.ClientNodeImpl$1.run(ClientNodeImpl.java:145) [evosuite-client-1.0.4-SNAPSHOT.jar:na]
	at java.util.concurrent.Executors$RunnableAdapter.call(Executors.java:511) [na:1.8.0_265]
	at java.util.concurrent.FutureTask.run(FutureTask.java:266) [na:1.8.0_265]
	at java.util.concurrent.ThreadPoolExecutor.runWorker(ThreadPoolExecutor.java:1149) [na:1.8.0_265]
	at java.util.concurrent.ThreadPoolExecutor$Worker.run(ThreadPoolExecutor.java:624) [na:1.8.0_265]
	at java.lang.Thread.run(Thread.java:748) [na:1.8.0_265]
Aug 20, 2020 9:41:36 AM org.openqa.selenium.remote.ProtocolHandshake createSession
[MASTER] 17:41:36.458 [Thread-3] ERROR ExternalProcessHandler - Aug 20, 2020 9:41:36 AM org.openqa.selenium.remote.ProtocolHandshake createSession

INFO: Detected dialect: OSS
[MASTER] 17:41:36.458 [Thread-3] ERROR ExternalProcessHandler - INFO: Detected dialect: OSS

Aug 20, 2020 9:41:37 AM org.openqa.selenium.remote.ProtocolHandshake createSession
[MASTER] 17:41:37.573 [Thread-3] ERROR ExternalProcessHandler - Aug 20, 2020 9:41:37 AM org.openqa.selenium.remote.ProtocolHandshake createSession

INFO: Detected dialect: OSS
[MASTER] 17:41:37.573 [Thread-3] ERROR ExternalProcessHandler - INFO: Detected dialect: OSS

Aug 20, 2020 9:41:40 AM org.openqa.selenium.remote.ProtocolHandshake createSession
[MASTER] 17:41:40.070 [Thread-3] ERROR ExternalProcessHandler - Aug 20, 2020 9:41:40 AM org.openqa.selenium.remote.ProtocolHandshake createSession

INFO: Detected dialect: OSS
[MASTER] 17:41:40.070 [Thread-3] ERROR ExternalProcessHandler - INFO: Detected dialect: OSS

Aug 20, 2020 9:41:44 AM org.openqa.selenium.remote.ProtocolHandshake createSession
[MASTER] 17:41:44.795 [Thread-3] ERROR ExternalProcessHandler - Aug 20, 2020 9:41:44 AM org.openqa.selenium.remote.ProtocolHandshake createSession

INFO: Detected dialect: OSS
[MASTER] 17:41:44.795 [Thread-3] ERROR ExternalProcessHandler - INFO: Detected dialect: OSS

Aug 20, 2020 9:41:51 AM org.openqa.selenium.remote.ProtocolHandshake createSession
[MASTER] 17:41:51.876 [Thread-3] ERROR ExternalProcessHandler - Aug 20, 2020 9:41:51 AM org.openqa.selenium.remote.ProtocolHandshake createSession

INFO: Detected dialect: OSS
[MASTER] 17:41:51.876 [Thread-3] ERROR ExternalProcessHandler - INFO: Detected dialect: OSS

[MASTER] 17:42:00.920 [logback-2] ERROR TestCaseExecutor - TG: Exception caught: 
java.lang.IllegalStateException: Test generation failed: page object bug.
	at org.evosuite.testcase.execution.TestCaseExecutor.runTest(TestCaseExecutor.java:322) ~[evosuite-client-1.0.4-SNAPSHOT.jar:na]
	at org.evosuite.testcase.TestFitnessFunction.runTest(TestFitnessFunction.java:91) [evosuite-client-1.0.4-SNAPSHOT.jar:na]
	at org.evosuite.testcase.TestFitnessFunction.getFitness(TestFitnessFunction.java:60) [evosuite-client-1.0.4-SNAPSHOT.jar:na]
	at org.evosuite.testcase.TestFitnessFunction.getFitness(TestFitnessFunction.java:34) [evosuite-client-1.0.4-SNAPSHOT.jar:na]
	at org.evosuite.ga.metaheuristics.mosa.MOSA.calculateFitness(MOSA.java:155) [evosuite-client-1.0.4-SNAPSHOT.jar:na]
	at org.evosuite.ga.metaheuristics.mosa.AbstractMOSA.breedNextGeneration(AbstractMOSA.java:153) [evosuite-client-1.0.4-SNAPSHOT.jar:na]
	at org.evosuite.ga.metaheuristics.mosa.MOSA.evolve(MOSA.java:89) [evosuite-client-1.0.4-SNAPSHOT.jar:na]
	at org.evosuite.ga.metaheuristics.mosa.MOSA.generateSolution(MOSA.java:205) [evosuite-client-1.0.4-SNAPSHOT.jar:na]
	at org.evosuite.strategy.MOSuiteStrategy.generateTests(MOSuiteStrategy.java:127) [evosuite-client-1.0.4-SNAPSHOT.jar:na]
	at org.evosuite.TestSuiteGenerator.generateTests(TestSuiteGenerator.java:654) [evosuite-client-1.0.4-SNAPSHOT.jar:na]
	at org.evosuite.TestSuiteGenerator.generateTestSuite(TestSuiteGenerator.java:213) [evosuite-client-1.0.4-SNAPSHOT.jar:na]
	at org.evosuite.rmi.service.ClientNodeImpl$1.run(ClientNodeImpl.java:145) [evosuite-client-1.0.4-SNAPSHOT.jar:na]
	at java.util.concurrent.Executors$RunnableAdapter.call(Executors.java:511) [na:1.8.0_265]
	at java.util.concurrent.FutureTask.run(FutureTask.java:266) [na:1.8.0_265]
	at java.util.concurrent.ThreadPoolExecutor.runWorker(ThreadPoolExecutor.java:1149) [na:1.8.0_265]
	at java.util.concurrent.ThreadPoolExecutor$Worker.run(ThreadPoolExecutor.java:624) [na:1.8.0_265]
	at java.lang.Thread.run(Thread.java:748) [na:1.8.0_265]
Aug 20, 2020 9:42:01 AM org.openqa.selenium.remote.ProtocolHandshake createSession
[MASTER] 17:42:01.113 [Thread-3] ERROR ExternalProcessHandler - Aug 20, 2020 9:42:01 AM org.openqa.selenium.remote.ProtocolHandshake createSession

INFO: Detected dialect: OSS
[MASTER] 17:42:01.113 [Thread-3] ERROR ExternalProcessHandler - INFO: Detected dialect: OSS

Aug 20, 2020 9:42:04 AM org.openqa.selenium.remote.ProtocolHandshake createSession
[MASTER] 17:42:04.855 [Thread-3] ERROR ExternalProcessHandler - Aug 20, 2020 9:42:04 AM org.openqa.selenium.remote.ProtocolHandshake createSession

INFO: Detected dialect: OSS
[MASTER] 17:42:04.855 [Thread-3] ERROR ExternalProcessHandler - INFO: Detected dialect: OSS

Aug 20, 2020 9:42:11 AM org.openqa.selenium.remote.ProtocolHandshake createSession
[MASTER] 17:42:11.386 [Thread-3] ERROR ExternalProcessHandler - Aug 20, 2020 9:42:11 AM org.openqa.selenium.remote.ProtocolHandshake createSession

INFO: Detected dialect: OSS
[MASTER] 17:42:11.386 [Thread-3] ERROR ExternalProcessHandler - INFO: Detected dialect: OSS

Aug 20, 2020 9:42:20 AM org.openqa.selenium.remote.ProtocolHandshake createSession
[MASTER] 17:42:20.469 [Thread-3] ERROR ExternalProcessHandler - Aug 20, 2020 9:42:20 AM org.openqa.selenium.remote.ProtocolHandshake createSession

INFO: Detected dialect: OSS
[MASTER] 17:42:20.469 [Thread-3] ERROR ExternalProcessHandler - INFO: Detected dialect: OSS

[MASTER] 17:42:31.996 [logback-2] ERROR TestCaseExecutor - TG: Exception caught: 
java.lang.IllegalStateException: Test generation failed: page object bug.
	at org.evosuite.testcase.execution.TestCaseExecutor.runTest(TestCaseExecutor.java:322) ~[evosuite-client-1.0.4-SNAPSHOT.jar:na]
	at org.evosuite.testcase.TestFitnessFunction.runTest(TestFitnessFunction.java:91) [evosuite-client-1.0.4-SNAPSHOT.jar:na]
	at org.evosuite.testcase.TestFitnessFunction.getFitness(TestFitnessFunction.java:60) [evosuite-client-1.0.4-SNAPSHOT.jar:na]
	at org.evosuite.testcase.TestFitnessFunction.getFitness(TestFitnessFunction.java:34) [evosuite-client-1.0.4-SNAPSHOT.jar:na]
	at org.evosuite.ga.metaheuristics.mosa.MOSA.calculateFitness(MOSA.java:155) [evosuite-client-1.0.4-SNAPSHOT.jar:na]
	at org.evosuite.ga.metaheuristics.mosa.AbstractMOSA.breedNextGeneration(AbstractMOSA.java:144) [evosuite-client-1.0.4-SNAPSHOT.jar:na]
	at org.evosuite.ga.metaheuristics.mosa.MOSA.evolve(MOSA.java:89) [evosuite-client-1.0.4-SNAPSHOT.jar:na]
	at org.evosuite.ga.metaheuristics.mosa.MOSA.generateSolution(MOSA.java:205) [evosuite-client-1.0.4-SNAPSHOT.jar:na]
	at org.evosuite.strategy.MOSuiteStrategy.generateTests(MOSuiteStrategy.java:127) [evosuite-client-1.0.4-SNAPSHOT.jar:na]
	at org.evosuite.TestSuiteGenerator.generateTests(TestSuiteGenerator.java:654) [evosuite-client-1.0.4-SNAPSHOT.jar:na]
	at org.evosuite.TestSuiteGenerator.generateTestSuite(TestSuiteGenerator.java:213) [evosuite-client-1.0.4-SNAPSHOT.jar:na]
	at org.evosuite.rmi.service.ClientNodeImpl$1.run(ClientNodeImpl.java:145) [evosuite-client-1.0.4-SNAPSHOT.jar:na]
	at java.util.concurrent.Executors$RunnableAdapter.call(Executors.java:511) [na:1.8.0_265]
	at java.util.concurrent.FutureTask.run(FutureTask.java:266) [na:1.8.0_265]
	at java.util.concurrent.ThreadPoolExecutor.runWorker(ThreadPoolExecutor.java:1149) [na:1.8.0_265]
	at java.util.concurrent.ThreadPoolExecutor$Worker.run(ThreadPoolExecutor.java:624) [na:1.8.0_265]
	at java.lang.Thread.run(Thread.java:748) [na:1.8.0_265]
Aug 20, 2020 9:42:32 AM org.openqa.selenium.remote.ProtocolHandshake createSession
[MASTER] 17:42:32.182 [Thread-3] ERROR ExternalProcessHandler - Aug 20, 2020 9:42:32 AM org.openqa.selenium.remote.ProtocolHandshake createSession

INFO: Detected dialect: OSS
[MASTER] 17:42:32.182 [Thread-3] ERROR ExternalProcessHandler - INFO: Detected dialect: OSS

Aug 20, 2020 9:42:34 AM org.openqa.selenium.remote.ProtocolHandshake createSession
[MASTER] 17:42:34.624 [Thread-3] ERROR ExternalProcessHandler - Aug 20, 2020 9:42:34 AM org.openqa.selenium.remote.ProtocolHandshake createSession

INFO: Detected dialect: OSS
[MASTER] 17:42:34.624 [Thread-3] ERROR ExternalProcessHandler - INFO: Detected dialect: OSS

Aug 20, 2020 9:42:39 AM org.openqa.selenium.remote.ProtocolHandshake createSession
[MASTER] 17:42:39.394 [Thread-3] ERROR ExternalProcessHandler - Aug 20, 2020 9:42:39 AM org.openqa.selenium.remote.ProtocolHandshake createSession

INFO: Detected dialect: OSS
[MASTER] 17:42:39.394 [Thread-3] ERROR ExternalProcessHandler - INFO: Detected dialect: OSS

Aug 20, 2020 9:42:46 AM org.openqa.selenium.remote.ProtocolHandshake createSession
[MASTER] 17:42:46.393 [Thread-3] ERROR ExternalProcessHandler - Aug 20, 2020 9:42:46 AM org.openqa.selenium.remote.ProtocolHandshake createSession

INFO: Detected dialect: OSS
[MASTER] 17:42:46.393 [Thread-3] ERROR ExternalProcessHandler - INFO: Detected dialect: OSS

[MASTER] 17:42:55.577 [logback-2] ERROR TestCaseExecutor - TG: Exception caught: 
java.lang.IllegalStateException: Test generation failed: page object bug.
	at org.evosuite.testcase.execution.TestCaseExecutor.runTest(TestCaseExecutor.java:322) ~[evosuite-client-1.0.4-SNAPSHOT.jar:na]
	at org.evosuite.testcase.TestFitnessFunction.runTest(TestFitnessFunction.java:91) [evosuite-client-1.0.4-SNAPSHOT.jar:na]
	at org.evosuite.testcase.TestFitnessFunction.getFitness(TestFitnessFunction.java:60) [evosuite-client-1.0.4-SNAPSHOT.jar:na]
	at org.evosuite.testcase.TestFitnessFunction.getFitness(TestFitnessFunction.java:34) [evosuite-client-1.0.4-SNAPSHOT.jar:na]
	at org.evosuite.ga.metaheuristics.mosa.MOSA.calculateFitness(MOSA.java:155) [evosuite-client-1.0.4-SNAPSHOT.jar:na]
	at org.evosuite.ga.metaheuristics.mosa.AbstractMOSA.breedNextGeneration(AbstractMOSA.java:153) [evosuite-client-1.0.4-SNAPSHOT.jar:na]
	at org.evosuite.ga.metaheuristics.mosa.MOSA.evolve(MOSA.java:89) [evosuite-client-1.0.4-SNAPSHOT.jar:na]
	at org.evosuite.ga.metaheuristics.mosa.MOSA.generateSolution(MOSA.java:205) [evosuite-client-1.0.4-SNAPSHOT.jar:na]
	at org.evosuite.strategy.MOSuiteStrategy.generateTests(MOSuiteStrategy.java:127) [evosuite-client-1.0.4-SNAPSHOT.jar:na]
	at org.evosuite.TestSuiteGenerator.generateTests(TestSuiteGenerator.java:654) [evosuite-client-1.0.4-SNAPSHOT.jar:na]
	at org.evosuite.TestSuiteGenerator.generateTestSuite(TestSuiteGenerator.java:213) [evosuite-client-1.0.4-SNAPSHOT.jar:na]
	at org.evosuite.rmi.service.ClientNodeImpl$1.run(ClientNodeImpl.java:145) [evosuite-client-1.0.4-SNAPSHOT.jar:na]
	at java.util.concurrent.Executors$RunnableAdapter.call(Executors.java:511) [na:1.8.0_265]
	at java.util.concurrent.FutureTask.run(FutureTask.java:266) [na:1.8.0_265]
	at java.util.concurrent.ThreadPoolExecutor.runWorker(ThreadPoolExecutor.java:1149) [na:1.8.0_265]
	at java.util.concurrent.ThreadPoolExecutor$Worker.run(ThreadPoolExecutor.java:624) [na:1.8.0_265]
	at java.lang.Thread.run(Thread.java:748) [na:1.8.0_265]
Aug 20, 2020 9:42:55 AM org.openqa.selenium.remote.ProtocolHandshake createSession
[MASTER] 17:42:55.763 [Thread-3] ERROR ExternalProcessHandler - Aug 20, 2020 9:42:55 AM org.openqa.selenium.remote.ProtocolHandshake createSession

INFO: Detected dialect: OSS
[MASTER] 17:42:55.763 [Thread-3] ERROR ExternalProcessHandler - INFO: Detected dialect: OSS

Aug 20, 2020 9:42:57 AM org.openqa.selenium.remote.ProtocolHandshake createSession
[MASTER] 17:42:57.301 [Thread-3] ERROR ExternalProcessHandler - Aug 20, 2020 9:42:57 AM org.openqa.selenium.remote.ProtocolHandshake createSession

INFO: Detected dialect: OSS
[MASTER] 17:42:57.301 [Thread-3] ERROR ExternalProcessHandler - INFO: Detected dialect: OSS

Aug 20, 2020 9:42:59 AM org.openqa.selenium.remote.ProtocolHandshake createSession
[MASTER] 17:42:59.673 [Thread-3] ERROR ExternalProcessHandler - Aug 20, 2020 9:42:59 AM org.openqa.selenium.remote.ProtocolHandshake createSession

INFO: Detected dialect: OSS
[MASTER] 17:42:59.673 [Thread-3] ERROR ExternalProcessHandler - INFO: Detected dialect: OSS

Aug 20, 2020 9:43:04 AM org.openqa.selenium.remote.ProtocolHandshake createSession
[MASTER] 17:43:04.533 [Thread-3] ERROR ExternalProcessHandler - Aug 20, 2020 9:43:04 AM org.openqa.selenium.remote.ProtocolHandshake createSession

INFO: Detected dialect: OSS
[MASTER] 17:43:04.533 [Thread-3] ERROR ExternalProcessHandler - INFO: Detected dialect: OSS

Aug 20, 2020 9:43:11 AM org.openqa.selenium.remote.ProtocolHandshake createSession
[MASTER] 17:43:11.582 [Thread-3] ERROR ExternalProcessHandler - Aug 20, 2020 9:43:11 AM org.openqa.selenium.remote.ProtocolHandshake createSession

INFO: Detected dialect: OSS
[MASTER] 17:43:11.583 [Thread-3] ERROR ExternalProcessHandler - INFO: Detected dialect: OSS

[MASTER] 17:43:20.712 [logback-2] ERROR TestCaseExecutor - TG: Exception caught: 
java.lang.IllegalStateException: Test generation failed: page object bug.
	at org.evosuite.testcase.execution.TestCaseExecutor.runTest(TestCaseExecutor.java:322) ~[evosuite-client-1.0.4-SNAPSHOT.jar:na]
	at org.evosuite.testcase.TestFitnessFunction.runTest(TestFitnessFunction.java:91) [evosuite-client-1.0.4-SNAPSHOT.jar:na]
	at org.evosuite.testcase.TestFitnessFunction.getFitness(TestFitnessFunction.java:60) [evosuite-client-1.0.4-SNAPSHOT.jar:na]
	at org.evosuite.testcase.TestFitnessFunction.getFitness(TestFitnessFunction.java:34) [evosuite-client-1.0.4-SNAPSHOT.jar:na]
	at org.evosuite.ga.metaheuristics.mosa.MOSA.calculateFitness(MOSA.java:155) [evosuite-client-1.0.4-SNAPSHOT.jar:na]
	at org.evosuite.ga.metaheuristics.mosa.AbstractMOSA.breedNextGeneration(AbstractMOSA.java:153) [evosuite-client-1.0.4-SNAPSHOT.jar:na]
	at org.evosuite.ga.metaheuristics.mosa.MOSA.evolve(MOSA.java:89) [evosuite-client-1.0.4-SNAPSHOT.jar:na]
	at org.evosuite.ga.metaheuristics.mosa.MOSA.generateSolution(MOSA.java:205) [evosuite-client-1.0.4-SNAPSHOT.jar:na]
	at org.evosuite.strategy.MOSuiteStrategy.generateTests(MOSuiteStrategy.java:127) [evosuite-client-1.0.4-SNAPSHOT.jar:na]
	at org.evosuite.TestSuiteGenerator.generateTests(TestSuiteGenerator.java:654) [evosuite-client-1.0.4-SNAPSHOT.jar:na]
	at org.evosuite.TestSuiteGenerator.generateTestSuite(TestSuiteGenerator.java:213) [evosuite-client-1.0.4-SNAPSHOT.jar:na]
	at org.evosuite.rmi.service.ClientNodeImpl$1.run(ClientNodeImpl.java:145) [evosuite-client-1.0.4-SNAPSHOT.jar:na]
	at java.util.concurrent.Executors$RunnableAdapter.call(Executors.java:511) [na:1.8.0_265]
	at java.util.concurrent.FutureTask.run(FutureTask.java:266) [na:1.8.0_265]
	at java.util.concurrent.ThreadPoolExecutor.runWorker(ThreadPoolExecutor.java:1149) [na:1.8.0_265]
	at java.util.concurrent.ThreadPoolExecutor$Worker.run(ThreadPoolExecutor.java:624) [na:1.8.0_265]
	at java.lang.Thread.run(Thread.java:748) [na:1.8.0_265]
Aug 20, 2020 9:43:20 AM org.openqa.selenium.remote.ProtocolHandshake createSession
[MASTER] 17:43:20.904 [Thread-3] ERROR ExternalProcessHandler - Aug 20, 2020 9:43:20 AM org.openqa.selenium.remote.ProtocolHandshake createSession

INFO: Detected dialect: OSS
[MASTER] 17:43:20.904 [Thread-3] ERROR ExternalProcessHandler - INFO: Detected dialect: OSS

Aug 20, 2020 9:43:24 AM org.openqa.selenium.remote.ProtocolHandshake createSession
[MASTER] 17:43:24.198 [Thread-3] ERROR ExternalProcessHandler - Aug 20, 2020 9:43:24 AM org.openqa.selenium.remote.ProtocolHandshake createSession

INFO: Detected dialect: OSS
[MASTER] 17:43:24.199 [Thread-3] ERROR ExternalProcessHandler - INFO: Detected dialect: OSS

Aug 20, 2020 9:43:31 AM org.openqa.selenium.remote.ProtocolHandshake createSession
[MASTER] 17:43:31.292 [Thread-3] ERROR ExternalProcessHandler - Aug 20, 2020 9:43:31 AM org.openqa.selenium.remote.ProtocolHandshake createSession

INFO: Detected dialect: OSS
[MASTER] 17:43:31.292 [Thread-3] ERROR ExternalProcessHandler - INFO: Detected dialect: OSS

Aug 20, 2020 9:43:41 AM org.openqa.selenium.remote.ProtocolHandshake createSession
[MASTER] 17:43:41.928 [Thread-3] ERROR ExternalProcessHandler - Aug 20, 2020 9:43:41 AM org.openqa.selenium.remote.ProtocolHandshake createSession

INFO: Detected dialect: OSS
[MASTER] 17:43:41.928 [Thread-3] ERROR ExternalProcessHandler - INFO: Detected dialect: OSS

[MASTER] 17:43:55.987 [logback-2] ERROR TestCaseExecutor - TG: Exception caught: 
java.lang.IllegalStateException: Test generation failed: page object bug.
	at org.evosuite.testcase.execution.TestCaseExecutor.runTest(TestCaseExecutor.java:322) ~[evosuite-client-1.0.4-SNAPSHOT.jar:na]
	at org.evosuite.testcase.TestFitnessFunction.runTest(TestFitnessFunction.java:91) [evosuite-client-1.0.4-SNAPSHOT.jar:na]
	at org.evosuite.testcase.TestFitnessFunction.getFitness(TestFitnessFunction.java:60) [evosuite-client-1.0.4-SNAPSHOT.jar:na]
	at org.evosuite.testcase.TestFitnessFunction.getFitness(TestFitnessFunction.java:34) [evosuite-client-1.0.4-SNAPSHOT.jar:na]
	at org.evosuite.ga.metaheuristics.mosa.MOSA.calculateFitness(MOSA.java:155) [evosuite-client-1.0.4-SNAPSHOT.jar:na]
	at org.evosuite.ga.metaheuristics.mosa.AbstractMOSA.breedNextGeneration(AbstractMOSA.java:153) [evosuite-client-1.0.4-SNAPSHOT.jar:na]
	at org.evosuite.ga.metaheuristics.mosa.MOSA.evolve(MOSA.java:89) [evosuite-client-1.0.4-SNAPSHOT.jar:na]
	at org.evosuite.ga.metaheuristics.mosa.MOSA.generateSolution(MOSA.java:205) [evosuite-client-1.0.4-SNAPSHOT.jar:na]
	at org.evosuite.strategy.MOSuiteStrategy.generateTests(MOSuiteStrategy.java:127) [evosuite-client-1.0.4-SNAPSHOT.jar:na]
	at org.evosuite.TestSuiteGenerator.generateTests(TestSuiteGenerator.java:654) [evosuite-client-1.0.4-SNAPSHOT.jar:na]
	at org.evosuite.TestSuiteGenerator.generateTestSuite(TestSuiteGenerator.java:213) [evosuite-client-1.0.4-SNAPSHOT.jar:na]
	at org.evosuite.rmi.service.ClientNodeImpl$1.run(ClientNodeImpl.java:145) [evosuite-client-1.0.4-SNAPSHOT.jar:na]
	at java.util.concurrent.Executors$RunnableAdapter.call(Executors.java:511) [na:1.8.0_265]
	at java.util.concurrent.FutureTask.run(FutureTask.java:266) [na:1.8.0_265]
	at java.util.concurrent.ThreadPoolExecutor.runWorker(ThreadPoolExecutor.java:1149) [na:1.8.0_265]
	at java.util.concurrent.ThreadPoolExecutor$Worker.run(ThreadPoolExecutor.java:624) [na:1.8.0_265]
	at java.lang.Thread.run(Thread.java:748) [na:1.8.0_265]
Aug 20, 2020 9:43:56 AM org.openqa.selenium.remote.ProtocolHandshake createSession
[MASTER] 17:43:56.190 [Thread-3] ERROR ExternalProcessHandler - Aug 20, 2020 9:43:56 AM org.openqa.selenium.remote.ProtocolHandshake createSession

INFO: Detected dialect: OSS
[MASTER] 17:43:56.190 [Thread-3] ERROR ExternalProcessHandler - INFO: Detected dialect: OSS

Aug 20, 2020 9:43:57 AM org.openqa.selenium.remote.ProtocolHandshake createSession
[MASTER] 17:43:57.051 [Thread-3] ERROR ExternalProcessHandler - Aug 20, 2020 9:43:57 AM org.openqa.selenium.remote.ProtocolHandshake createSession

INFO: Detected dialect: OSS
[MASTER] 17:43:57.052 [Thread-3] ERROR ExternalProcessHandler - INFO: Detected dialect: OSS

Aug 20, 2020 9:43:58 AM org.openqa.selenium.remote.ProtocolHandshake createSession
[MASTER] 17:43:58.100 [Thread-3] ERROR ExternalProcessHandler - Aug 20, 2020 9:43:58 AM org.openqa.selenium.remote.ProtocolHandshake createSession

INFO: Detected dialect: OSS
[MASTER] 17:43:58.100 [Thread-3] ERROR ExternalProcessHandler - INFO: Detected dialect: OSS

Aug 20, 2020 9:44:01 AM po_utils.PageObjectLogging logInfo
[MASTER] 17:44:01.742 [Thread-3] ERROR ExternalProcessHandler - Aug 20, 2020 9:44:01 AM po_utils.PageObjectLogging logInfo

INFO: waitForElementBeingPresentOnPage timeout exception: unable to locate the element By.xpath: //button[text()="Create a new session"]
[MASTER] 17:44:01.743 [Thread-3] ERROR ExternalProcessHandler - INFO: waitForElementBeingPresentOnPage timeout exception: unable to locate the element By.xpath: //button[text()="Create a new session"]


[MASTER] 17:44:01.743 [Thread-3] ERROR ExternalProcessHandler - 


[MASTER] 17:44:01.743 [Thread-3] ERROR ExternalProcessHandler - 

Aug 20, 2020 9:44:02 AM org.openqa.selenium.remote.ProtocolHandshake createSession
[MASTER] 17:44:02.183 [Thread-3] ERROR ExternalProcessHandler - Aug 20, 2020 9:44:02 AM org.openqa.selenium.remote.ProtocolHandshake createSession

INFO: Detected dialect: OSS
[MASTER] 17:44:02.183 [Thread-3] ERROR ExternalProcessHandler - INFO: Detected dialect: OSS

Aug 20, 2020 9:44:10 AM po_utils.PageObjectLogging logInfo
[MASTER] 17:44:10.398 [Thread-3] ERROR ExternalProcessHandler - Aug 20, 2020 9:44:10 AM po_utils.PageObjectLogging logInfo

INFO: waitForElementBeingPresentOnPage timeout exception: unable to locate the element By.xpath: //button[text()="Create a new session"]
[MASTER] 17:44:10.399 [Thread-3] ERROR ExternalProcessHandler - INFO: waitForElementBeingPresentOnPage timeout exception: unable to locate the element By.xpath: //button[text()="Create a new session"]


[MASTER] 17:44:10.400 [Thread-3] ERROR ExternalProcessHandler - 


[MASTER] 17:44:10.400 [Thread-3] ERROR ExternalProcessHandler - 

Aug 20, 2020 9:44:12 AM org.openqa.selenium.remote.ProtocolHandshake createSession
[MASTER] 17:44:12.370 [Thread-3] ERROR ExternalProcessHandler - Aug 20, 2020 9:44:12 AM org.openqa.selenium.remote.ProtocolHandshake createSession

INFO: Detected dialect: OSS
[MASTER] 17:44:12.370 [Thread-3] ERROR ExternalProcessHandler - INFO: Detected dialect: OSS

Aug 20, 2020 9:44:24 AM po_utils.PageObjectLogging logInfo
[MASTER] 17:44:24.958 [Thread-3] ERROR ExternalProcessHandler - Aug 20, 2020 9:44:24 AM po_utils.PageObjectLogging logInfo

INFO: waitForElementBeingPresentOnPage timeout exception: unable to locate the element By.xpath: //button[text()="Create a new session"]
[MASTER] 17:44:24.960 [Thread-3] ERROR ExternalProcessHandler - INFO: waitForElementBeingPresentOnPage timeout exception: unable to locate the element By.xpath: //button[text()="Create a new session"]


[MASTER] 17:44:24.960 [Thread-3] ERROR ExternalProcessHandler - 


[MASTER] 17:44:24.960 [Thread-3] ERROR ExternalProcessHandler - 

Aug 20, 2020 9:44:28 AM org.openqa.selenium.remote.ProtocolHandshake createSession
[MASTER] 17:44:28.438 [Thread-3] ERROR ExternalProcessHandler - Aug 20, 2020 9:44:28 AM org.openqa.selenium.remote.ProtocolHandshake createSession

INFO: Detected dialect: OSS
[MASTER] 17:44:28.438 [Thread-3] ERROR ExternalProcessHandler - INFO: Detected dialect: OSS

Aug 20, 2020 9:44:45 AM po_utils.PageObjectLogging logInfo
[MASTER] 17:44:45.282 [Thread-3] ERROR ExternalProcessHandler - Aug 20, 2020 9:44:45 AM po_utils.PageObjectLogging logInfo

INFO: waitForElementBeingPresentOnPage timeout exception: unable to locate the element By.xpath: //button[text()="Create a new session"]
[MASTER] 17:44:45.283 [Thread-3] ERROR ExternalProcessHandler - INFO: waitForElementBeingPresentOnPage timeout exception: unable to locate the element By.xpath: //button[text()="Create a new session"]


[MASTER] 17:44:45.283 [Thread-3] ERROR ExternalProcessHandler - 


[MASTER] 17:44:45.283 [Thread-3] ERROR ExternalProcessHandler - 

[MASTER] 17:44:50.135 [logback-2] ERROR TestCaseExecutor - TG: Exception caught: 
java.lang.IllegalStateException: Test generation failed: page object bug.
	at org.evosuite.testcase.execution.TestCaseExecutor.runTest(TestCaseExecutor.java:322) ~[evosuite-client-1.0.4-SNAPSHOT.jar:na]
	at org.evosuite.testcase.TestFitnessFunction.runTest(TestFitnessFunction.java:91) [evosuite-client-1.0.4-SNAPSHOT.jar:na]
	at org.evosuite.testcase.TestFitnessFunction.getFitness(TestFitnessFunction.java:60) [evosuite-client-1.0.4-SNAPSHOT.jar:na]
	at org.evosuite.testcase.TestFitnessFunction.getFitness(TestFitnessFunction.java:34) [evosuite-client-1.0.4-SNAPSHOT.jar:na]
	at org.evosuite.ga.metaheuristics.mosa.MOSA.calculateFitness(MOSA.java:155) [evosuite-client-1.0.4-SNAPSHOT.jar:na]
	at org.evosuite.ga.metaheuristics.mosa.AbstractMOSA.breedNextGeneration(AbstractMOSA.java:153) [evosuite-client-1.0.4-SNAPSHOT.jar:na]
	at org.evosuite.ga.metaheuristics.mosa.MOSA.evolve(MOSA.java:89) [evosuite-client-1.0.4-SNAPSHOT.jar:na]
	at org.evosuite.ga.metaheuristics.mosa.MOSA.generateSolution(MOSA.java:205) [evosuite-client-1.0.4-SNAPSHOT.jar:na]
	at org.evosuite.strategy.MOSuiteStrategy.generateTests(MOSuiteStrategy.java:127) [evosuite-client-1.0.4-SNAPSHOT.jar:na]
	at org.evosuite.TestSuiteGenerator.generateTests(TestSuiteGenerator.java:654) [evosuite-client-1.0.4-SNAPSHOT.jar:na]
	at org.evosuite.TestSuiteGenerator.generateTestSuite(TestSuiteGenerator.java:213) [evosuite-client-1.0.4-SNAPSHOT.jar:na]
	at org.evosuite.rmi.service.ClientNodeImpl$1.run(ClientNodeImpl.java:145) [evosuite-client-1.0.4-SNAPSHOT.jar:na]
	at java.util.concurrent.Executors$RunnableAdapter.call(Executors.java:511) [na:1.8.0_265]
	at java.util.concurrent.FutureTask.run(FutureTask.java:266) [na:1.8.0_265]
	at java.util.concurrent.ThreadPoolExecutor.runWorker(ThreadPoolExecutor.java:1149) [na:1.8.0_265]
	at java.util.concurrent.ThreadPoolExecutor$Worker.run(ThreadPoolExecutor.java:624) [na:1.8.0_265]
	at java.lang.Thread.run(Thread.java:748) [na:1.8.0_265]
Aug 20, 2020 9:44:50 AM org.openqa.selenium.remote.ProtocolHandshake createSession
[MASTER] 17:44:50.327 [Thread-3] ERROR ExternalProcessHandler - Aug 20, 2020 9:44:50 AM org.openqa.selenium.remote.ProtocolHandshake createSession

INFO: Detected dialect: OSS
[MASTER] 17:44:50.327 [Thread-3] ERROR ExternalProcessHandler - INFO: Detected dialect: OSS

Aug 20, 2020 9:44:51 AM org.openqa.selenium.remote.ProtocolHandshake createSession
[MASTER] 17:44:51.175 [Thread-3] ERROR ExternalProcessHandler - Aug 20, 2020 9:44:51 AM org.openqa.selenium.remote.ProtocolHandshake createSession

INFO: Detected dialect: OSS
[MASTER] 17:44:51.175 [Thread-3] ERROR ExternalProcessHandler - INFO: Detected dialect: OSS

Aug 20, 2020 9:44:51 AM org.openqa.selenium.remote.ProtocolHandshake createSession
[MASTER] 17:44:51.996 [Thread-3] ERROR ExternalProcessHandler - Aug 20, 2020 9:44:51 AM org.openqa.selenium.remote.ProtocolHandshake createSession

INFO: Detected dialect: OSS
[MASTER] 17:44:51.996 [Thread-3] ERROR ExternalProcessHandler - INFO: Detected dialect: OSS

Aug 20, 2020 9:44:53 AM org.openqa.selenium.remote.ProtocolHandshake createSession
[MASTER] 17:44:53.259 [Thread-3] ERROR ExternalProcessHandler - Aug 20, 2020 9:44:53 AM org.openqa.selenium.remote.ProtocolHandshake createSession

INFO: Detected dialect: OSS
[MASTER] 17:44:53.259 [Thread-3] ERROR ExternalProcessHandler - INFO: Detected dialect: OSS

Aug 20, 2020 9:44:54 AM org.openqa.selenium.remote.ProtocolHandshake createSession
[MASTER] 17:44:54.205 [Thread-3] ERROR ExternalProcessHandler - Aug 20, 2020 9:44:54 AM org.openqa.selenium.remote.ProtocolHandshake createSession

INFO: Detected dialect: OSS
[MASTER] 17:44:54.205 [Thread-3] ERROR ExternalProcessHandler - INFO: Detected dialect: OSS

Aug 20, 2020 9:44:56 AM org.openqa.selenium.remote.ProtocolHandshake createSession
[MASTER] 17:44:56.286 [Thread-3] ERROR ExternalProcessHandler - Aug 20, 2020 9:44:56 AM org.openqa.selenium.remote.ProtocolHandshake createSession

INFO: Detected dialect: OSS
[MASTER] 17:44:56.286 [Thread-3] ERROR ExternalProcessHandler - INFO: Detected dialect: OSS

Aug 20, 2020 9:45:03 AM org.openqa.selenium.remote.ProtocolHandshake createSession
[MASTER] 17:45:03.516 [Thread-3] ERROR ExternalProcessHandler - Aug 20, 2020 9:45:03 AM org.openqa.selenium.remote.ProtocolHandshake createSession

INFO: Detected dialect: OSS
[MASTER] 17:45:03.516 [Thread-3] ERROR ExternalProcessHandler - INFO: Detected dialect: OSS

Aug 20, 2020 9:45:15 AM org.openqa.selenium.remote.ProtocolHandshake createSession
[MASTER] 17:45:15.944 [Thread-3] ERROR ExternalProcessHandler - Aug 20, 2020 9:45:15 AM org.openqa.selenium.remote.ProtocolHandshake createSession

INFO: Detected dialect: OSS
[MASTER] 17:45:15.944 [Thread-3] ERROR ExternalProcessHandler - INFO: Detected dialect: OSS

[MASTER] 17:45:33.333 [logback-2] ERROR TestCaseExecutor - TG: Exception caught: 
java.lang.IllegalStateException: Test generation failed: page object bug.
	at org.evosuite.testcase.execution.TestCaseExecutor.runTest(TestCaseExecutor.java:322) ~[evosuite-client-1.0.4-SNAPSHOT.jar:na]
	at org.evosuite.testcase.TestFitnessFunction.runTest(TestFitnessFunction.java:91) [evosuite-client-1.0.4-SNAPSHOT.jar:na]
	at org.evosuite.testcase.TestFitnessFunction.getFitness(TestFitnessFunction.java:60) [evosuite-client-1.0.4-SNAPSHOT.jar:na]
	at org.evosuite.testcase.TestFitnessFunction.getFitness(TestFitnessFunction.java:34) [evosuite-client-1.0.4-SNAPSHOT.jar:na]
	at org.evosuite.ga.metaheuristics.mosa.MOSA.calculateFitness(MOSA.java:155) [evosuite-client-1.0.4-SNAPSHOT.jar:na]
	at org.evosuite.ga.metaheuristics.mosa.AbstractMOSA.breedNextGeneration(AbstractMOSA.java:169) [evosuite-client-1.0.4-SNAPSHOT.jar:na]
	at org.evosuite.ga.metaheuristics.mosa.MOSA.evolve(MOSA.java:89) [evosuite-client-1.0.4-SNAPSHOT.jar:na]
	at org.evosuite.ga.metaheuristics.mosa.MOSA.generateSolution(MOSA.java:205) [evosuite-client-1.0.4-SNAPSHOT.jar:na]
	at org.evosuite.strategy.MOSuiteStrategy.generateTests(MOSuiteStrategy.java:127) [evosuite-client-1.0.4-SNAPSHOT.jar:na]
	at org.evosuite.TestSuiteGenerator.generateTests(TestSuiteGenerator.java:654) [evosuite-client-1.0.4-SNAPSHOT.jar:na]
	at org.evosuite.TestSuiteGenerator.generateTestSuite(TestSuiteGenerator.java:213) [evosuite-client-1.0.4-SNAPSHOT.jar:na]
	at org.evosuite.rmi.service.ClientNodeImpl$1.run(ClientNodeImpl.java:145) [evosuite-client-1.0.4-SNAPSHOT.jar:na]
	at java.util.concurrent.Executors$RunnableAdapter.call(Executors.java:511) [na:1.8.0_265]
	at java.util.concurrent.FutureTask.run(FutureTask.java:266) [na:1.8.0_265]
	at java.util.concurrent.ThreadPoolExecutor.runWorker(ThreadPoolExecutor.java:1149) [na:1.8.0_265]
	at java.util.concurrent.ThreadPoolExecutor$Worker.run(ThreadPoolExecutor.java:624) [na:1.8.0_265]
	at java.lang.Thread.run(Thread.java:748) [na:1.8.0_265]
Aug 20, 2020 9:45:33 AM org.openqa.selenium.remote.ProtocolHandshake createSession
[MASTER] 17:45:33.519 [Thread-3] ERROR ExternalProcessHandler - Aug 20, 2020 9:45:33 AM org.openqa.selenium.remote.ProtocolHandshake createSession

INFO: Detected dialect: OSS
[MASTER] 17:45:33.519 [Thread-3] ERROR ExternalProcessHandler - INFO: Detected dialect: OSS

Aug 20, 2020 9:45:34 AM org.openqa.selenium.remote.ProtocolHandshake createSession
[MASTER] 17:45:34.347 [Thread-3] ERROR ExternalProcessHandler - Aug 20, 2020 9:45:34 AM org.openqa.selenium.remote.ProtocolHandshake createSession

INFO: Detected dialect: OSS
[MASTER] 17:45:34.347 [Thread-3] ERROR ExternalProcessHandler - INFO: Detected dialect: OSS

Aug 20, 2020 9:45:35 AM org.openqa.selenium.remote.ProtocolHandshake createSession
[MASTER] 17:45:35.347 [Thread-3] ERROR ExternalProcessHandler - Aug 20, 2020 9:45:35 AM org.openqa.selenium.remote.ProtocolHandshake createSession

INFO: Detected dialect: OSS
[MASTER] 17:45:35.347 [Thread-3] ERROR ExternalProcessHandler - INFO: Detected dialect: OSS

Aug 20, 2020 9:45:38 AM org.openqa.selenium.remote.ProtocolHandshake createSession
[MASTER] 17:45:38.897 [Thread-3] ERROR ExternalProcessHandler - Aug 20, 2020 9:45:38 AM org.openqa.selenium.remote.ProtocolHandshake createSession

INFO: Detected dialect: OSS
[MASTER] 17:45:38.897 [Thread-3] ERROR ExternalProcessHandler - INFO: Detected dialect: OSS

Aug 20, 2020 9:45:46 AM org.openqa.selenium.remote.ProtocolHandshake createSession
[MASTER] 17:45:46.140 [Thread-3] ERROR ExternalProcessHandler - Aug 20, 2020 9:45:46 AM org.openqa.selenium.remote.ProtocolHandshake createSession

INFO: Detected dialect: OSS
[MASTER] 17:45:46.140 [Thread-3] ERROR ExternalProcessHandler - INFO: Detected dialect: OSS

Aug 20, 2020 9:45:56 AM org.openqa.selenium.remote.ProtocolHandshake createSession
[MASTER] 17:45:56.724 [Thread-3] ERROR ExternalProcessHandler - Aug 20, 2020 9:45:56 AM org.openqa.selenium.remote.ProtocolHandshake createSession

INFO: Detected dialect: OSS
[MASTER] 17:45:56.724 [Thread-3] ERROR ExternalProcessHandler - INFO: Detected dialect: OSS

[MASTER] 17:46:10.694 [logback-2] ERROR TestCaseExecutor - TG: Exception caught: 
java.lang.IllegalStateException: Test generation failed: page object bug.
	at org.evosuite.testcase.execution.TestCaseExecutor.runTest(TestCaseExecutor.java:322) ~[evosuite-client-1.0.4-SNAPSHOT.jar:na]
	at org.evosuite.testcase.TestFitnessFunction.runTest(TestFitnessFunction.java:91) [evosuite-client-1.0.4-SNAPSHOT.jar:na]
	at org.evosuite.testcase.TestFitnessFunction.getFitness(TestFitnessFunction.java:60) [evosuite-client-1.0.4-SNAPSHOT.jar:na]
	at org.evosuite.testcase.TestFitnessFunction.getFitness(TestFitnessFunction.java:34) [evosuite-client-1.0.4-SNAPSHOT.jar:na]
	at org.evosuite.ga.metaheuristics.mosa.MOSA.calculateFitness(MOSA.java:155) [evosuite-client-1.0.4-SNAPSHOT.jar:na]
	at org.evosuite.ga.metaheuristics.mosa.AbstractMOSA.breedNextGeneration(AbstractMOSA.java:169) [evosuite-client-1.0.4-SNAPSHOT.jar:na]
	at org.evosuite.ga.metaheuristics.mosa.MOSA.evolve(MOSA.java:89) [evosuite-client-1.0.4-SNAPSHOT.jar:na]
	at org.evosuite.ga.metaheuristics.mosa.MOSA.generateSolution(MOSA.java:205) [evosuite-client-1.0.4-SNAPSHOT.jar:na]
	at org.evosuite.strategy.MOSuiteStrategy.generateTests(MOSuiteStrategy.java:127) [evosuite-client-1.0.4-SNAPSHOT.jar:na]
	at org.evosuite.TestSuiteGenerator.generateTests(TestSuiteGenerator.java:654) [evosuite-client-1.0.4-SNAPSHOT.jar:na]
	at org.evosuite.TestSuiteGenerator.generateTestSuite(TestSuiteGenerator.java:213) [evosuite-client-1.0.4-SNAPSHOT.jar:na]
	at org.evosuite.rmi.service.ClientNodeImpl$1.run(ClientNodeImpl.java:145) [evosuite-client-1.0.4-SNAPSHOT.jar:na]
	at java.util.concurrent.Executors$RunnableAdapter.call(Executors.java:511) [na:1.8.0_265]
	at java.util.concurrent.FutureTask.run(FutureTask.java:266) [na:1.8.0_265]
	at java.util.concurrent.ThreadPoolExecutor.runWorker(ThreadPoolExecutor.java:1149) [na:1.8.0_265]
	at java.util.concurrent.ThreadPoolExecutor$Worker.run(ThreadPoolExecutor.java:624) [na:1.8.0_265]
	at java.lang.Thread.run(Thread.java:748) [na:1.8.0_265]
Aug 20, 2020 9:46:10 AM org.openqa.selenium.remote.ProtocolHandshake createSession
[MASTER] 17:46:10.855 [Thread-3] ERROR ExternalProcessHandler - Aug 20, 2020 9:46:10 AM org.openqa.selenium.remote.ProtocolHandshake createSession

INFO: Detected dialect: OSS
[MASTER] 17:46:10.855 [Thread-3] ERROR ExternalProcessHandler - INFO: Detected dialect: OSS

Aug 20, 2020 9:46:13 AM po_utils.PageObjectLogging logInfo
[MASTER] 17:46:13.881 [Thread-3] ERROR ExternalProcessHandler - Aug 20, 2020 9:46:13 AM po_utils.PageObjectLogging logInfo

INFO: waitForElementBeingPresentOnPage timeout exception: unable to locate the element By.xpath: //button[text()="Create a new session"]
[MASTER] 17:46:13.882 [Thread-3] ERROR ExternalProcessHandler - INFO: waitForElementBeingPresentOnPage timeout exception: unable to locate the element By.xpath: //button[text()="Create a new session"]


[MASTER] 17:46:13.882 [Thread-3] ERROR ExternalProcessHandler - 


[MASTER] 17:46:13.882 [Thread-3] ERROR ExternalProcessHandler - 

Aug 20, 2020 9:46:14 AM org.openqa.selenium.remote.ProtocolHandshake createSession
[MASTER] 17:46:14.599 [Thread-3] ERROR ExternalProcessHandler - Aug 20, 2020 9:46:14 AM org.openqa.selenium.remote.ProtocolHandshake createSession

INFO: Detected dialect: OSS
[MASTER] 17:46:14.599 [Thread-3] ERROR ExternalProcessHandler - INFO: Detected dialect: OSS

Aug 20, 2020 9:46:17 AM org.openqa.selenium.remote.ProtocolHandshake createSession
[MASTER] 17:46:17.082 [Thread-3] ERROR ExternalProcessHandler - Aug 20, 2020 9:46:17 AM org.openqa.selenium.remote.ProtocolHandshake createSession

INFO: Detected dialect: OSS
[MASTER] 17:46:17.082 [Thread-3] ERROR ExternalProcessHandler - INFO: Detected dialect: OSS

Aug 20, 2020 9:46:26 AM org.openqa.selenium.remote.ProtocolHandshake createSession
[MASTER] 17:46:26.194 [Thread-3] ERROR ExternalProcessHandler - Aug 20, 2020 9:46:26 AM org.openqa.selenium.remote.ProtocolHandshake createSession

INFO: Detected dialect: OSS
[MASTER] 17:46:26.194 [Thread-3] ERROR ExternalProcessHandler - INFO: Detected dialect: OSS

Aug 20, 2020 9:46:41 AM org.openqa.selenium.remote.ProtocolHandshake createSession
[MASTER] 17:46:41.876 [Thread-3] ERROR ExternalProcessHandler - Aug 20, 2020 9:46:41 AM org.openqa.selenium.remote.ProtocolHandshake createSession

INFO: Detected dialect: OSS
[MASTER] 17:46:41.876 [Thread-3] ERROR ExternalProcessHandler - INFO: Detected dialect: OSS

[MASTER] 17:47:04.136 [logback-2] ERROR TestCaseExecutor - TG: Exception caught: 
java.lang.IllegalStateException: Test generation failed: page object bug.
	at org.evosuite.testcase.execution.TestCaseExecutor.runTest(TestCaseExecutor.java:322) ~[evosuite-client-1.0.4-SNAPSHOT.jar:na]
	at org.evosuite.testcase.TestFitnessFunction.runTest(TestFitnessFunction.java:91) [evosuite-client-1.0.4-SNAPSHOT.jar:na]
	at org.evosuite.testcase.TestFitnessFunction.getFitness(TestFitnessFunction.java:60) [evosuite-client-1.0.4-SNAPSHOT.jar:na]
	at org.evosuite.testcase.TestFitnessFunction.getFitness(TestFitnessFunction.java:34) [evosuite-client-1.0.4-SNAPSHOT.jar:na]
	at org.evosuite.ga.metaheuristics.mosa.MOSA.calculateFitness(MOSA.java:155) [evosuite-client-1.0.4-SNAPSHOT.jar:na]
	at org.evosuite.ga.metaheuristics.mosa.AbstractMOSA.breedNextGeneration(AbstractMOSA.java:144) [evosuite-client-1.0.4-SNAPSHOT.jar:na]
	at org.evosuite.ga.metaheuristics.mosa.MOSA.evolve(MOSA.java:89) [evosuite-client-1.0.4-SNAPSHOT.jar:na]
	at org.evosuite.ga.metaheuristics.mosa.MOSA.generateSolution(MOSA.java:205) [evosuite-client-1.0.4-SNAPSHOT.jar:na]
	at org.evosuite.strategy.MOSuiteStrategy.generateTests(MOSuiteStrategy.java:127) [evosuite-client-1.0.4-SNAPSHOT.jar:na]
	at org.evosuite.TestSuiteGenerator.generateTests(TestSuiteGenerator.java:654) [evosuite-client-1.0.4-SNAPSHOT.jar:na]
	at org.evosuite.TestSuiteGenerator.generateTestSuite(TestSuiteGenerator.java:213) [evosuite-client-1.0.4-SNAPSHOT.jar:na]
	at org.evosuite.rmi.service.ClientNodeImpl$1.run(ClientNodeImpl.java:145) [evosuite-client-1.0.4-SNAPSHOT.jar:na]
	at java.util.concurrent.Executors$RunnableAdapter.call(Executors.java:511) [na:1.8.0_265]
	at java.util.concurrent.FutureTask.run(FutureTask.java:266) [na:1.8.0_265]
	at java.util.concurrent.ThreadPoolExecutor.runWorker(ThreadPoolExecutor.java:1149) [na:1.8.0_265]
	at java.util.concurrent.ThreadPoolExecutor$Worker.run(ThreadPoolExecutor.java:624) [na:1.8.0_265]
	at java.lang.Thread.run(Thread.java:748) [na:1.8.0_265]
Aug 20, 2020 9:47:04 AM org.openqa.selenium.remote.ProtocolHandshake createSession
[MASTER] 17:47:04.320 [Thread-3] ERROR ExternalProcessHandler - Aug 20, 2020 9:47:04 AM org.openqa.selenium.remote.ProtocolHandshake createSession

INFO: Detected dialect: OSS
[MASTER] 17:47:04.320 [Thread-3] ERROR ExternalProcessHandler - INFO: Detected dialect: OSS

Aug 20, 2020 9:47:06 AM org.openqa.selenium.remote.ProtocolHandshake createSession
[MASTER] 17:47:06.368 [Thread-3] ERROR ExternalProcessHandler - Aug 20, 2020 9:47:06 AM org.openqa.selenium.remote.ProtocolHandshake createSession

INFO: Detected dialect: OSS
[MASTER] 17:47:06.369 [Thread-3] ERROR ExternalProcessHandler - INFO: Detected dialect: OSS

Aug 20, 2020 9:47:10 AM org.openqa.selenium.remote.ProtocolHandshake createSession
[MASTER] 17:47:10.208 [Thread-3] ERROR ExternalProcessHandler - Aug 20, 2020 9:47:10 AM org.openqa.selenium.remote.ProtocolHandshake createSession

INFO: Detected dialect: OSS
[MASTER] 17:47:10.208 [Thread-3] ERROR ExternalProcessHandler - INFO: Detected dialect: OSS

Aug 20, 2020 9:47:18 AM org.openqa.selenium.remote.ProtocolHandshake createSession
[MASTER] 17:47:18.833 [Thread-3] ERROR ExternalProcessHandler - Aug 20, 2020 9:47:18 AM org.openqa.selenium.remote.ProtocolHandshake createSession

INFO: Detected dialect: OSS
[MASTER] 17:47:18.833 [Thread-3] ERROR ExternalProcessHandler - INFO: Detected dialect: OSS

Aug 20, 2020 9:47:32 AM org.openqa.selenium.remote.ProtocolHandshake createSession
[MASTER] 17:47:32.354 [Thread-3] ERROR ExternalProcessHandler - Aug 20, 2020 9:47:32 AM org.openqa.selenium.remote.ProtocolHandshake createSession

INFO: Detected dialect: OSS
[MASTER] 17:47:32.355 [Thread-3] ERROR ExternalProcessHandler - INFO: Detected dialect: OSS

[MASTER] 17:47:50.446 [logback-2] ERROR TestCaseExecutor - TG: Exception caught: 
java.lang.IllegalStateException: Test generation failed: page object bug.
	at org.evosuite.testcase.execution.TestCaseExecutor.runTest(TestCaseExecutor.java:322) ~[evosuite-client-1.0.4-SNAPSHOT.jar:na]
	at org.evosuite.testcase.TestFitnessFunction.runTest(TestFitnessFunction.java:91) [evosuite-client-1.0.4-SNAPSHOT.jar:na]
	at org.evosuite.testcase.TestFitnessFunction.getFitness(TestFitnessFunction.java:60) [evosuite-client-1.0.4-SNAPSHOT.jar:na]
	at org.evosuite.testcase.TestFitnessFunction.getFitness(TestFitnessFunction.java:34) [evosuite-client-1.0.4-SNAPSHOT.jar:na]
	at org.evosuite.ga.metaheuristics.mosa.MOSA.calculateFitness(MOSA.java:155) [evosuite-client-1.0.4-SNAPSHOT.jar:na]
	at org.evosuite.ga.metaheuristics.mosa.AbstractMOSA.breedNextGeneration(AbstractMOSA.java:144) [evosuite-client-1.0.4-SNAPSHOT.jar:na]
	at org.evosuite.ga.metaheuristics.mosa.MOSA.evolve(MOSA.java:89) [evosuite-client-1.0.4-SNAPSHOT.jar:na]
	at org.evosuite.ga.metaheuristics.mosa.MOSA.generateSolution(MOSA.java:205) [evosuite-client-1.0.4-SNAPSHOT.jar:na]
	at org.evosuite.strategy.MOSuiteStrategy.generateTests(MOSuiteStrategy.java:127) [evosuite-client-1.0.4-SNAPSHOT.jar:na]
	at org.evosuite.TestSuiteGenerator.generateTests(TestSuiteGenerator.java:654) [evosuite-client-1.0.4-SNAPSHOT.jar:na]
	at org.evosuite.TestSuiteGenerator.generateTestSuite(TestSuiteGenerator.java:213) [evosuite-client-1.0.4-SNAPSHOT.jar:na]
	at org.evosuite.rmi.service.ClientNodeImpl$1.run(ClientNodeImpl.java:145) [evosuite-client-1.0.4-SNAPSHOT.jar:na]
	at java.util.concurrent.Executors$RunnableAdapter.call(Executors.java:511) [na:1.8.0_265]
	at java.util.concurrent.FutureTask.run(FutureTask.java:266) [na:1.8.0_265]
	at java.util.concurrent.ThreadPoolExecutor.runWorker(ThreadPoolExecutor.java:1149) [na:1.8.0_265]
	at java.util.concurrent.ThreadPoolExecutor$Worker.run(ThreadPoolExecutor.java:624) [na:1.8.0_265]
	at java.lang.Thread.run(Thread.java:748) [na:1.8.0_265]
Aug 20, 2020 9:47:50 AM org.openqa.selenium.remote.ProtocolHandshake createSession
[MASTER] 17:47:50.607 [Thread-3] ERROR ExternalProcessHandler - Aug 20, 2020 9:47:50 AM org.openqa.selenium.remote.ProtocolHandshake createSession

INFO: Detected dialect: OSS
[MASTER] 17:47:50.607 [Thread-3] ERROR ExternalProcessHandler - INFO: Detected dialect: OSS

Aug 20, 2020 9:47:54 AM org.openqa.selenium.remote.ProtocolHandshake createSession
[MASTER] 17:47:54.786 [Thread-3] ERROR ExternalProcessHandler - Aug 20, 2020 9:47:54 AM org.openqa.selenium.remote.ProtocolHandshake createSession

INFO: Detected dialect: OSS
[MASTER] 17:47:54.786 [Thread-3] ERROR ExternalProcessHandler - INFO: Detected dialect: OSS

Aug 20, 2020 9:48:05 AM org.openqa.selenium.remote.ProtocolHandshake createSession
[MASTER] 17:48:05.935 [Thread-3] ERROR ExternalProcessHandler - Aug 20, 2020 9:48:05 AM org.openqa.selenium.remote.ProtocolHandshake createSession

INFO: Detected dialect: OSS
[MASTER] 17:48:05.935 [Thread-3] ERROR ExternalProcessHandler - INFO: Detected dialect: OSS

Aug 20, 2020 9:48:23 AM org.openqa.selenium.remote.ProtocolHandshake createSession
[MASTER] 17:48:23.954 [Thread-3] ERROR ExternalProcessHandler - Aug 20, 2020 9:48:23 AM org.openqa.selenium.remote.ProtocolHandshake createSession

INFO: Detected dialect: OSS
[MASTER] 17:48:23.954 [Thread-3] ERROR ExternalProcessHandler - INFO: Detected dialect: OSS

[MASTER] 17:48:48.882 [logback-2] ERROR TestCaseExecutor - TG: Exception caught: 
java.lang.IllegalStateException: Test generation failed: page object bug.
	at org.evosuite.testcase.execution.TestCaseExecutor.runTest(TestCaseExecutor.java:322) ~[evosuite-client-1.0.4-SNAPSHOT.jar:na]
	at org.evosuite.testcase.TestFitnessFunction.runTest(TestFitnessFunction.java:91) [evosuite-client-1.0.4-SNAPSHOT.jar:na]
	at org.evosuite.testcase.TestFitnessFunction.getFitness(TestFitnessFunction.java:60) [evosuite-client-1.0.4-SNAPSHOT.jar:na]
	at org.evosuite.testcase.TestFitnessFunction.getFitness(TestFitnessFunction.java:34) [evosuite-client-1.0.4-SNAPSHOT.jar:na]
	at org.evosuite.ga.metaheuristics.mosa.MOSA.calculateFitness(MOSA.java:155) [evosuite-client-1.0.4-SNAPSHOT.jar:na]
	at org.evosuite.ga.metaheuristics.mosa.AbstractMOSA.breedNextGeneration(AbstractMOSA.java:153) [evosuite-client-1.0.4-SNAPSHOT.jar:na]
	at org.evosuite.ga.metaheuristics.mosa.MOSA.evolve(MOSA.java:89) [evosuite-client-1.0.4-SNAPSHOT.jar:na]
	at org.evosuite.ga.metaheuristics.mosa.MOSA.generateSolution(MOSA.java:205) [evosuite-client-1.0.4-SNAPSHOT.jar:na]
	at org.evosuite.strategy.MOSuiteStrategy.generateTests(MOSuiteStrategy.java:127) [evosuite-client-1.0.4-SNAPSHOT.jar:na]
	at org.evosuite.TestSuiteGenerator.generateTests(TestSuiteGenerator.java:654) [evosuite-client-1.0.4-SNAPSHOT.jar:na]
	at org.evosuite.TestSuiteGenerator.generateTestSuite(TestSuiteGenerator.java:213) [evosuite-client-1.0.4-SNAPSHOT.jar:na]
	at org.evosuite.rmi.service.ClientNodeImpl$1.run(ClientNodeImpl.java:145) [evosuite-client-1.0.4-SNAPSHOT.jar:na]
	at java.util.concurrent.Executors$RunnableAdapter.call(Executors.java:511) [na:1.8.0_265]
	at java.util.concurrent.FutureTask.run(FutureTask.java:266) [na:1.8.0_265]
	at java.util.concurrent.ThreadPoolExecutor.runWorker(ThreadPoolExecutor.java:1149) [na:1.8.0_265]
	at java.util.concurrent.ThreadPoolExecutor$Worker.run(ThreadPoolExecutor.java:624) [na:1.8.0_265]
	at java.lang.Thread.run(Thread.java:748) [na:1.8.0_265]
Aug 20, 2020 9:48:49 AM org.openqa.selenium.remote.ProtocolHandshake createSession
[MASTER] 17:48:49.075 [Thread-3] ERROR ExternalProcessHandler - Aug 20, 2020 9:48:49 AM org.openqa.selenium.remote.ProtocolHandshake createSession

INFO: Detected dialect: OSS
[MASTER] 17:48:49.075 [Thread-3] ERROR ExternalProcessHandler - INFO: Detected dialect: OSS

Aug 20, 2020 9:48:50 AM org.openqa.selenium.remote.ProtocolHandshake createSession
[MASTER] 17:48:50.549 [Thread-3] ERROR ExternalProcessHandler - Aug 20, 2020 9:48:50 AM org.openqa.selenium.remote.ProtocolHandshake createSession

INFO: Detected dialect: OSS
[MASTER] 17:48:50.549 [Thread-3] ERROR ExternalProcessHandler - INFO: Detected dialect: OSS

Aug 20, 2020 9:48:55 AM org.openqa.selenium.remote.ProtocolHandshake createSession
[MASTER] 17:48:55.920 [Thread-3] ERROR ExternalProcessHandler - Aug 20, 2020 9:48:55 AM org.openqa.selenium.remote.ProtocolHandshake createSession

INFO: Detected dialect: OSS
[MASTER] 17:48:55.920 [Thread-3] ERROR ExternalProcessHandler - INFO: Detected dialect: OSS

Aug 20, 2020 9:49:06 AM org.openqa.selenium.remote.ProtocolHandshake createSession
[MASTER] 17:49:06.486 [Thread-3] ERROR ExternalProcessHandler - Aug 20, 2020 9:49:06 AM org.openqa.selenium.remote.ProtocolHandshake createSession

INFO: Detected dialect: OSS
[MASTER] 17:49:06.486 [Thread-3] ERROR ExternalProcessHandler - INFO: Detected dialect: OSS

Aug 20, 2020 9:49:21 AM org.openqa.selenium.remote.ProtocolHandshake createSession
[MASTER] 17:49:21.976 [Thread-3] ERROR ExternalProcessHandler - Aug 20, 2020 9:49:21 AM org.openqa.selenium.remote.ProtocolHandshake createSession

INFO: Detected dialect: OSS
[MASTER] 17:49:21.976 [Thread-3] ERROR ExternalProcessHandler - INFO: Detected dialect: OSS

[MASTER] 17:49:42.211 [logback-2] ERROR TestCaseExecutor - TG: Exception caught: 
java.lang.IllegalStateException: Test generation failed: page object bug.
	at org.evosuite.testcase.execution.TestCaseExecutor.runTest(TestCaseExecutor.java:322) ~[evosuite-client-1.0.4-SNAPSHOT.jar:na]
	at org.evosuite.testcase.TestFitnessFunction.runTest(TestFitnessFunction.java:91) [evosuite-client-1.0.4-SNAPSHOT.jar:na]
	at org.evosuite.testcase.TestFitnessFunction.getFitness(TestFitnessFunction.java:60) [evosuite-client-1.0.4-SNAPSHOT.jar:na]
	at org.evosuite.testcase.TestFitnessFunction.getFitness(TestFitnessFunction.java:34) [evosuite-client-1.0.4-SNAPSHOT.jar:na]
	at org.evosuite.ga.metaheuristics.mosa.MOSA.calculateFitness(MOSA.java:155) [evosuite-client-1.0.4-SNAPSHOT.jar:na]
	at org.evosuite.ga.metaheuristics.mosa.AbstractMOSA.breedNextGeneration(AbstractMOSA.java:153) [evosuite-client-1.0.4-SNAPSHOT.jar:na]
	at org.evosuite.ga.metaheuristics.mosa.MOSA.evolve(MOSA.java:89) [evosuite-client-1.0.4-SNAPSHOT.jar:na]
	at org.evosuite.ga.metaheuristics.mosa.MOSA.generateSolution(MOSA.java:205) [evosuite-client-1.0.4-SNAPSHOT.jar:na]
	at org.evosuite.strategy.MOSuiteStrategy.generateTests(MOSuiteStrategy.java:127) [evosuite-client-1.0.4-SNAPSHOT.jar:na]
	at org.evosuite.TestSuiteGenerator.generateTests(TestSuiteGenerator.java:654) [evosuite-client-1.0.4-SNAPSHOT.jar:na]
	at org.evosuite.TestSuiteGenerator.generateTestSuite(TestSuiteGenerator.java:213) [evosuite-client-1.0.4-SNAPSHOT.jar:na]
	at org.evosuite.rmi.service.ClientNodeImpl$1.run(ClientNodeImpl.java:145) [evosuite-client-1.0.4-SNAPSHOT.jar:na]
	at java.util.concurrent.Executors$RunnableAdapter.call(Executors.java:511) [na:1.8.0_265]
	at java.util.concurrent.FutureTask.run(FutureTask.java:266) [na:1.8.0_265]
	at java.util.concurrent.ThreadPoolExecutor.runWorker(ThreadPoolExecutor.java:1149) [na:1.8.0_265]
	at java.util.concurrent.ThreadPoolExecutor$Worker.run(ThreadPoolExecutor.java:624) [na:1.8.0_265]
	at java.lang.Thread.run(Thread.java:748) [na:1.8.0_265]
Aug 20, 2020 9:49:42 AM org.openqa.selenium.remote.ProtocolHandshake createSession
[MASTER] 17:49:42.401 [Thread-3] ERROR ExternalProcessHandler - Aug 20, 2020 9:49:42 AM org.openqa.selenium.remote.ProtocolHandshake createSession

INFO: Detected dialect: OSS
[MASTER] 17:49:42.401 [Thread-3] ERROR ExternalProcessHandler - INFO: Detected dialect: OSS

Aug 20, 2020 9:49:43 AM org.openqa.selenium.remote.ProtocolHandshake createSession
[MASTER] 17:49:43.442 [Thread-3] ERROR ExternalProcessHandler - Aug 20, 2020 9:49:43 AM org.openqa.selenium.remote.ProtocolHandshake createSession

INFO: Detected dialect: OSS
[MASTER] 17:49:43.442 [Thread-3] ERROR ExternalProcessHandler - INFO: Detected dialect: OSS

Aug 20, 2020 9:49:47 AM org.openqa.selenium.remote.ProtocolHandshake createSession
[MASTER] 17:49:47.619 [Thread-3] ERROR ExternalProcessHandler - Aug 20, 2020 9:49:47 AM org.openqa.selenium.remote.ProtocolHandshake createSession

INFO: Detected dialect: OSS
[MASTER] 17:49:47.619 [Thread-3] ERROR ExternalProcessHandler - INFO: Detected dialect: OSS

Aug 20, 2020 9:49:55 AM org.openqa.selenium.remote.ProtocolHandshake createSession
[MASTER] 17:49:55.355 [Thread-3] ERROR ExternalProcessHandler - Aug 20, 2020 9:49:55 AM org.openqa.selenium.remote.ProtocolHandshake createSession

INFO: Detected dialect: OSS
[MASTER] 17:49:55.355 [Thread-3] ERROR ExternalProcessHandler - INFO: Detected dialect: OSS

Aug 20, 2020 9:50:06 AM org.openqa.selenium.remote.ProtocolHandshake createSession
[MASTER] 17:50:06.510 [Thread-3] ERROR ExternalProcessHandler - Aug 20, 2020 9:50:06 AM org.openqa.selenium.remote.ProtocolHandshake createSession

INFO: Detected dialect: OSS
[MASTER] 17:50:06.510 [Thread-3] ERROR ExternalProcessHandler - INFO: Detected dialect: OSS

[MASTER] 17:50:20.897 [logback-2] ERROR TestCaseExecutor - TG: Exception caught: 
java.lang.IllegalStateException: Test generation failed: page object bug.
	at org.evosuite.testcase.execution.TestCaseExecutor.runTest(TestCaseExecutor.java:322) ~[evosuite-client-1.0.4-SNAPSHOT.jar:na]
	at org.evosuite.testcase.TestFitnessFunction.runTest(TestFitnessFunction.java:91) [evosuite-client-1.0.4-SNAPSHOT.jar:na]
	at org.evosuite.testcase.TestFitnessFunction.getFitness(TestFitnessFunction.java:60) [evosuite-client-1.0.4-SNAPSHOT.jar:na]
	at org.evosuite.testcase.TestFitnessFunction.getFitness(TestFitnessFunction.java:34) [evosuite-client-1.0.4-SNAPSHOT.jar:na]
	at org.evosuite.ga.metaheuristics.mosa.MOSA.calculateFitness(MOSA.java:155) [evosuite-client-1.0.4-SNAPSHOT.jar:na]
	at org.evosuite.ga.metaheuristics.mosa.AbstractMOSA.breedNextGeneration(AbstractMOSA.java:153) [evosuite-client-1.0.4-SNAPSHOT.jar:na]
	at org.evosuite.ga.metaheuristics.mosa.MOSA.evolve(MOSA.java:89) [evosuite-client-1.0.4-SNAPSHOT.jar:na]
	at org.evosuite.ga.metaheuristics.mosa.MOSA.generateSolution(MOSA.java:205) [evosuite-client-1.0.4-SNAPSHOT.jar:na]
	at org.evosuite.strategy.MOSuiteStrategy.generateTests(MOSuiteStrategy.java:127) [evosuite-client-1.0.4-SNAPSHOT.jar:na]
	at org.evosuite.TestSuiteGenerator.generateTests(TestSuiteGenerator.java:654) [evosuite-client-1.0.4-SNAPSHOT.jar:na]
	at org.evosuite.TestSuiteGenerator.generateTestSuite(TestSuiteGenerator.java:213) [evosuite-client-1.0.4-SNAPSHOT.jar:na]
	at org.evosuite.rmi.service.ClientNodeImpl$1.run(ClientNodeImpl.java:145) [evosuite-client-1.0.4-SNAPSHOT.jar:na]
	at java.util.concurrent.Executors$RunnableAdapter.call(Executors.java:511) [na:1.8.0_265]
	at java.util.concurrent.FutureTask.run(FutureTask.java:266) [na:1.8.0_265]
	at java.util.concurrent.ThreadPoolExecutor.runWorker(ThreadPoolExecutor.java:1149) [na:1.8.0_265]
	at java.util.concurrent.ThreadPoolExecutor$Worker.run(ThreadPoolExecutor.java:624) [na:1.8.0_265]
	at java.lang.Thread.run(Thread.java:748) [na:1.8.0_265]
Aug 20, 2020 9:50:21 AM org.openqa.selenium.remote.ProtocolHandshake createSession
[MASTER] 17:50:21.090 [Thread-3] ERROR ExternalProcessHandler - Aug 20, 2020 9:50:21 AM org.openqa.selenium.remote.ProtocolHandshake createSession

INFO: Detected dialect: OSS
[MASTER] 17:50:21.091 [Thread-3] ERROR ExternalProcessHandler - INFO: Detected dialect: OSS

Aug 20, 2020 9:50:24 AM org.openqa.selenium.remote.ProtocolHandshake createSession
[MASTER] 17:50:24.770 [Thread-3] ERROR ExternalProcessHandler - Aug 20, 2020 9:50:24 AM org.openqa.selenium.remote.ProtocolHandshake createSession

INFO: Detected dialect: OSS
[MASTER] 17:50:24.771 [Thread-3] ERROR ExternalProcessHandler - INFO: Detected dialect: OSS

Aug 20, 2020 9:50:34 AM org.openqa.selenium.remote.ProtocolHandshake createSession
[MASTER] 17:50:34.303 [Thread-3] ERROR ExternalProcessHandler - Aug 20, 2020 9:50:34 AM org.openqa.selenium.remote.ProtocolHandshake createSession

INFO: Detected dialect: OSS
[MASTER] 17:50:34.303 [Thread-3] ERROR ExternalProcessHandler - INFO: Detected dialect: OSS

Aug 20, 2020 9:50:49 AM org.openqa.selenium.remote.ProtocolHandshake createSession
[MASTER] 17:50:49.505 [Thread-3] ERROR ExternalProcessHandler - Aug 20, 2020 9:50:49 AM org.openqa.selenium.remote.ProtocolHandshake createSession

INFO: Detected dialect: OSS
[MASTER] 17:50:49.505 [Thread-3] ERROR ExternalProcessHandler - INFO: Detected dialect: OSS

[MASTER] 17:51:10.269 [logback-2] ERROR TestCaseExecutor - TG: Exception caught: 
java.lang.IllegalStateException: Test generation failed: page object bug.
	at org.evosuite.testcase.execution.TestCaseExecutor.runTest(TestCaseExecutor.java:322) ~[evosuite-client-1.0.4-SNAPSHOT.jar:na]
	at org.evosuite.testcase.TestFitnessFunction.runTest(TestFitnessFunction.java:91) [evosuite-client-1.0.4-SNAPSHOT.jar:na]
	at org.evosuite.testcase.TestFitnessFunction.getFitness(TestFitnessFunction.java:60) [evosuite-client-1.0.4-SNAPSHOT.jar:na]
	at org.evosuite.testcase.TestFitnessFunction.getFitness(TestFitnessFunction.java:34) [evosuite-client-1.0.4-SNAPSHOT.jar:na]
	at org.evosuite.ga.metaheuristics.mosa.MOSA.calculateFitness(MOSA.java:155) [evosuite-client-1.0.4-SNAPSHOT.jar:na]
	at org.evosuite.ga.metaheuristics.mosa.AbstractMOSA.breedNextGeneration(AbstractMOSA.java:153) [evosuite-client-1.0.4-SNAPSHOT.jar:na]
	at org.evosuite.ga.metaheuristics.mosa.MOSA.evolve(MOSA.java:89) [evosuite-client-1.0.4-SNAPSHOT.jar:na]
	at org.evosuite.ga.metaheuristics.mosa.MOSA.generateSolution(MOSA.java:205) [evosuite-client-1.0.4-SNAPSHOT.jar:na]
	at org.evosuite.strategy.MOSuiteStrategy.generateTests(MOSuiteStrategy.java:127) [evosuite-client-1.0.4-SNAPSHOT.jar:na]
	at org.evosuite.TestSuiteGenerator.generateTests(TestSuiteGenerator.java:654) [evosuite-client-1.0.4-SNAPSHOT.jar:na]
	at org.evosuite.TestSuiteGenerator.generateTestSuite(TestSuiteGenerator.java:213) [evosuite-client-1.0.4-SNAPSHOT.jar:na]
	at org.evosuite.rmi.service.ClientNodeImpl$1.run(ClientNodeImpl.java:145) [evosuite-client-1.0.4-SNAPSHOT.jar:na]
	at java.util.concurrent.Executors$RunnableAdapter.call(Executors.java:511) [na:1.8.0_265]
	at java.util.concurrent.FutureTask.run(FutureTask.java:266) [na:1.8.0_265]
	at java.util.concurrent.ThreadPoolExecutor.runWorker(ThreadPoolExecutor.java:1149) [na:1.8.0_265]
	at java.util.concurrent.ThreadPoolExecutor$Worker.run(ThreadPoolExecutor.java:624) [na:1.8.0_265]
	at java.lang.Thread.run(Thread.java:748) [na:1.8.0_265]
Aug 20, 2020 9:51:10 AM org.openqa.selenium.remote.ProtocolHandshake createSession
[MASTER] 17:51:10.464 [Thread-3] ERROR ExternalProcessHandler - Aug 20, 2020 9:51:10 AM org.openqa.selenium.remote.ProtocolHandshake createSession

INFO: Detected dialect: OSS
[MASTER] 17:51:10.464 [Thread-3] ERROR ExternalProcessHandler - INFO: Detected dialect: OSS

Aug 20, 2020 9:51:14 AM org.openqa.selenium.remote.ProtocolHandshake createSession
[MASTER] 17:51:14.230 [Thread-3] ERROR ExternalProcessHandler - Aug 20, 2020 9:51:14 AM org.openqa.selenium.remote.ProtocolHandshake createSession

INFO: Detected dialect: OSS
[MASTER] 17:51:14.230 [Thread-3] ERROR ExternalProcessHandler - INFO: Detected dialect: OSS

Aug 20, 2020 9:51:20 AM org.openqa.selenium.remote.ProtocolHandshake createSession
[MASTER] 17:51:20.610 [Thread-3] ERROR ExternalProcessHandler - Aug 20, 2020 9:51:20 AM org.openqa.selenium.remote.ProtocolHandshake createSession

INFO: Detected dialect: OSS
[MASTER] 17:51:20.611 [Thread-3] ERROR ExternalProcessHandler - INFO: Detected dialect: OSS

Aug 20, 2020 9:51:29 AM org.openqa.selenium.remote.ProtocolHandshake createSession
[MASTER] 17:51:29.555 [Thread-3] ERROR ExternalProcessHandler - Aug 20, 2020 9:51:29 AM org.openqa.selenium.remote.ProtocolHandshake createSession

INFO: Detected dialect: OSS
[MASTER] 17:51:29.555 [Thread-3] ERROR ExternalProcessHandler - INFO: Detected dialect: OSS

[MASTER] 17:51:40.752 [logback-2] ERROR TestCaseExecutor - TG: Exception caught: 
java.lang.IllegalStateException: Test generation failed: page object bug.
	at org.evosuite.testcase.execution.TestCaseExecutor.runTest(TestCaseExecutor.java:322) ~[evosuite-client-1.0.4-SNAPSHOT.jar:na]
	at org.evosuite.testcase.TestFitnessFunction.runTest(TestFitnessFunction.java:91) [evosuite-client-1.0.4-SNAPSHOT.jar:na]
	at org.evosuite.testcase.TestFitnessFunction.getFitness(TestFitnessFunction.java:60) [evosuite-client-1.0.4-SNAPSHOT.jar:na]
	at org.evosuite.testcase.TestFitnessFunction.getFitness(TestFitnessFunction.java:34) [evosuite-client-1.0.4-SNAPSHOT.jar:na]
	at org.evosuite.ga.metaheuristics.mosa.MOSA.calculateFitness(MOSA.java:155) [evosuite-client-1.0.4-SNAPSHOT.jar:na]
	at org.evosuite.ga.metaheuristics.mosa.AbstractMOSA.breedNextGeneration(AbstractMOSA.java:144) [evosuite-client-1.0.4-SNAPSHOT.jar:na]
	at org.evosuite.ga.metaheuristics.mosa.MOSA.evolve(MOSA.java:89) [evosuite-client-1.0.4-SNAPSHOT.jar:na]
	at org.evosuite.ga.metaheuristics.mosa.MOSA.generateSolution(MOSA.java:205) [evosuite-client-1.0.4-SNAPSHOT.jar:na]
	at org.evosuite.strategy.MOSuiteStrategy.generateTests(MOSuiteStrategy.java:127) [evosuite-client-1.0.4-SNAPSHOT.jar:na]
	at org.evosuite.TestSuiteGenerator.generateTests(TestSuiteGenerator.java:654) [evosuite-client-1.0.4-SNAPSHOT.jar:na]
	at org.evosuite.TestSuiteGenerator.generateTestSuite(TestSuiteGenerator.java:213) [evosuite-client-1.0.4-SNAPSHOT.jar:na]
	at org.evosuite.rmi.service.ClientNodeImpl$1.run(ClientNodeImpl.java:145) [evosuite-client-1.0.4-SNAPSHOT.jar:na]
	at java.util.concurrent.Executors$RunnableAdapter.call(Executors.java:511) [na:1.8.0_265]
	at java.util.concurrent.FutureTask.run(FutureTask.java:266) [na:1.8.0_265]
	at java.util.concurrent.ThreadPoolExecutor.runWorker(ThreadPoolExecutor.java:1149) [na:1.8.0_265]
	at java.util.concurrent.ThreadPoolExecutor$Worker.run(ThreadPoolExecutor.java:624) [na:1.8.0_265]
	at java.lang.Thread.run(Thread.java:748) [na:1.8.0_265]
Aug 20, 2020 9:51:40 AM org.openqa.selenium.remote.ProtocolHandshake createSession
[MASTER] 17:51:40.943 [Thread-3] ERROR ExternalProcessHandler - Aug 20, 2020 9:51:40 AM org.openqa.selenium.remote.ProtocolHandshake createSession

INFO: Detected dialect: OSS
[MASTER] 17:51:40.944 [Thread-3] ERROR ExternalProcessHandler - INFO: Detected dialect: OSS

Aug 20, 2020 9:51:42 AM org.openqa.selenium.remote.ProtocolHandshake createSession
[MASTER] 17:51:42.812 [Thread-3] ERROR ExternalProcessHandler - Aug 20, 2020 9:51:42 AM org.openqa.selenium.remote.ProtocolHandshake createSession

INFO: Detected dialect: OSS
[MASTER] 17:51:42.812 [Thread-3] ERROR ExternalProcessHandler - INFO: Detected dialect: OSS

Aug 20, 2020 9:51:45 AM org.openqa.selenium.remote.ProtocolHandshake createSession
[MASTER] 17:51:45.884 [Thread-3] ERROR ExternalProcessHandler - Aug 20, 2020 9:51:45 AM org.openqa.selenium.remote.ProtocolHandshake createSession

INFO: Detected dialect: OSS
[MASTER] 17:51:45.884 [Thread-3] ERROR ExternalProcessHandler - INFO: Detected dialect: OSS

Aug 20, 2020 9:51:50 AM org.openqa.selenium.remote.ProtocolHandshake createSession
[MASTER] 17:51:50.066 [Thread-3] ERROR ExternalProcessHandler - Aug 20, 2020 9:51:50 AM org.openqa.selenium.remote.ProtocolHandshake createSession

INFO: Detected dialect: OSS
[MASTER] 17:51:50.066 [Thread-3] ERROR ExternalProcessHandler - INFO: Detected dialect: OSS

[MASTER] 17:51:55.251 [logback-2] ERROR TestCaseExecutor - TG: Exception caught: 
java.lang.IllegalStateException: Test generation failed: page object bug.
	at org.evosuite.testcase.execution.TestCaseExecutor.runTest(TestCaseExecutor.java:322) ~[evosuite-client-1.0.4-SNAPSHOT.jar:na]
	at org.evosuite.testcase.TestFitnessFunction.runTest(TestFitnessFunction.java:91) [evosuite-client-1.0.4-SNAPSHOT.jar:na]
	at org.evosuite.testcase.TestFitnessFunction.getFitness(TestFitnessFunction.java:60) [evosuite-client-1.0.4-SNAPSHOT.jar:na]
	at org.evosuite.testcase.TestFitnessFunction.getFitness(TestFitnessFunction.java:34) [evosuite-client-1.0.4-SNAPSHOT.jar:na]
	at org.evosuite.ga.metaheuristics.mosa.MOSA.calculateFitness(MOSA.java:155) [evosuite-client-1.0.4-SNAPSHOT.jar:na]
	at org.evosuite.ga.metaheuristics.mosa.AbstractMOSA.breedNextGeneration(AbstractMOSA.java:153) [evosuite-client-1.0.4-SNAPSHOT.jar:na]
	at org.evosuite.ga.metaheuristics.mosa.MOSA.evolve(MOSA.java:89) [evosuite-client-1.0.4-SNAPSHOT.jar:na]
	at org.evosuite.ga.metaheuristics.mosa.MOSA.generateSolution(MOSA.java:205) [evosuite-client-1.0.4-SNAPSHOT.jar:na]
	at org.evosuite.strategy.MOSuiteStrategy.generateTests(MOSuiteStrategy.java:127) [evosuite-client-1.0.4-SNAPSHOT.jar:na]
	at org.evosuite.TestSuiteGenerator.generateTests(TestSuiteGenerator.java:654) [evosuite-client-1.0.4-SNAPSHOT.jar:na]
	at org.evosuite.TestSuiteGenerator.generateTestSuite(TestSuiteGenerator.java:213) [evosuite-client-1.0.4-SNAPSHOT.jar:na]
	at org.evosuite.rmi.service.ClientNodeImpl$1.run(ClientNodeImpl.java:145) [evosuite-client-1.0.4-SNAPSHOT.jar:na]
	at java.util.concurrent.Executors$RunnableAdapter.call(Executors.java:511) [na:1.8.0_265]
	at java.util.concurrent.FutureTask.run(FutureTask.java:266) [na:1.8.0_265]
	at java.util.concurrent.ThreadPoolExecutor.runWorker(ThreadPoolExecutor.java:1149) [na:1.8.0_265]
	at java.util.concurrent.ThreadPoolExecutor$Worker.run(ThreadPoolExecutor.java:624) [na:1.8.0_265]
	at java.lang.Thread.run(Thread.java:748) [na:1.8.0_265]
Aug 20, 2020 9:51:55 AM org.openqa.selenium.remote.ProtocolHandshake createSession
[MASTER] 17:51:55.443 [Thread-3] ERROR ExternalProcessHandler - Aug 20, 2020 9:51:55 AM org.openqa.selenium.remote.ProtocolHandshake createSession

INFO: Detected dialect: OSS
[MASTER] 17:51:55.444 [Thread-3] ERROR ExternalProcessHandler - INFO: Detected dialect: OSS

Aug 20, 2020 9:51:57 AM org.openqa.selenium.remote.ProtocolHandshake createSession
[MASTER] 17:51:57.071 [Thread-3] ERROR ExternalProcessHandler - Aug 20, 2020 9:51:57 AM org.openqa.selenium.remote.ProtocolHandshake createSession

INFO: Detected dialect: OSS
[MASTER] 17:51:57.071 [Thread-3] ERROR ExternalProcessHandler - INFO: Detected dialect: OSS

Aug 20, 2020 9:52:00 AM org.openqa.selenium.remote.ProtocolHandshake createSession
[MASTER] 17:52:00.226 [Thread-3] ERROR ExternalProcessHandler - Aug 20, 2020 9:52:00 AM org.openqa.selenium.remote.ProtocolHandshake createSession

INFO: Detected dialect: OSS
[MASTER] 17:52:00.226 [Thread-3] ERROR ExternalProcessHandler - INFO: Detected dialect: OSS

Aug 20, 2020 9:52:06 AM org.openqa.selenium.remote.ProtocolHandshake createSession
[MASTER] 17:52:06.262 [Thread-3] ERROR ExternalProcessHandler - Aug 20, 2020 9:52:06 AM org.openqa.selenium.remote.ProtocolHandshake createSession

INFO: Detected dialect: OSS
[MASTER] 17:52:06.262 [Thread-3] ERROR ExternalProcessHandler - INFO: Detected dialect: OSS

Aug 20, 2020 9:52:14 AM org.openqa.selenium.remote.ProtocolHandshake createSession
[MASTER] 17:52:14.977 [Thread-3] ERROR ExternalProcessHandler - Aug 20, 2020 9:52:14 AM org.openqa.selenium.remote.ProtocolHandshake createSession

INFO: Detected dialect: OSS
[MASTER] 17:52:14.977 [Thread-3] ERROR ExternalProcessHandler - INFO: Detected dialect: OSS

[MASTER] 17:52:26.098 [logback-2] ERROR TestCaseExecutor - TG: Exception caught: 
java.lang.IllegalStateException: Test generation failed: page object bug.
	at org.evosuite.testcase.execution.TestCaseExecutor.runTest(TestCaseExecutor.java:322) ~[evosuite-client-1.0.4-SNAPSHOT.jar:na]
	at org.evosuite.testcase.TestFitnessFunction.runTest(TestFitnessFunction.java:91) [evosuite-client-1.0.4-SNAPSHOT.jar:na]
	at org.evosuite.testcase.TestFitnessFunction.getFitness(TestFitnessFunction.java:60) [evosuite-client-1.0.4-SNAPSHOT.jar:na]
	at org.evosuite.testcase.TestFitnessFunction.getFitness(TestFitnessFunction.java:34) [evosuite-client-1.0.4-SNAPSHOT.jar:na]
	at org.evosuite.ga.metaheuristics.mosa.MOSA.calculateFitness(MOSA.java:155) [evosuite-client-1.0.4-SNAPSHOT.jar:na]
	at org.evosuite.ga.metaheuristics.mosa.AbstractMOSA.breedNextGeneration(AbstractMOSA.java:153) [evosuite-client-1.0.4-SNAPSHOT.jar:na]
	at org.evosuite.ga.metaheuristics.mosa.MOSA.evolve(MOSA.java:89) [evosuite-client-1.0.4-SNAPSHOT.jar:na]
	at org.evosuite.ga.metaheuristics.mosa.MOSA.generateSolution(MOSA.java:205) [evosuite-client-1.0.4-SNAPSHOT.jar:na]
	at org.evosuite.strategy.MOSuiteStrategy.generateTests(MOSuiteStrategy.java:127) [evosuite-client-1.0.4-SNAPSHOT.jar:na]
	at org.evosuite.TestSuiteGenerator.generateTests(TestSuiteGenerator.java:654) [evosuite-client-1.0.4-SNAPSHOT.jar:na]
	at org.evosuite.TestSuiteGenerator.generateTestSuite(TestSuiteGenerator.java:213) [evosuite-client-1.0.4-SNAPSHOT.jar:na]
	at org.evosuite.rmi.service.ClientNodeImpl$1.run(ClientNodeImpl.java:145) [evosuite-client-1.0.4-SNAPSHOT.jar:na]
	at java.util.concurrent.Executors$RunnableAdapter.call(Executors.java:511) [na:1.8.0_265]
	at java.util.concurrent.FutureTask.run(FutureTask.java:266) [na:1.8.0_265]
	at java.util.concurrent.ThreadPoolExecutor.runWorker(ThreadPoolExecutor.java:1149) [na:1.8.0_265]
	at java.util.concurrent.ThreadPoolExecutor$Worker.run(ThreadPoolExecutor.java:624) [na:1.8.0_265]
	at java.lang.Thread.run(Thread.java:748) [na:1.8.0_265]
Aug 20, 2020 9:52:26 AM org.openqa.selenium.remote.ProtocolHandshake createSession
[MASTER] 17:52:26.293 [Thread-3] ERROR ExternalProcessHandler - Aug 20, 2020 9:52:26 AM org.openqa.selenium.remote.ProtocolHandshake createSession

INFO: Detected dialect: OSS
[MASTER] 17:52:26.293 [Thread-3] ERROR ExternalProcessHandler - INFO: Detected dialect: OSS

Aug 20, 2020 9:52:29 AM org.openqa.selenium.remote.ProtocolHandshake createSession
[MASTER] 17:52:29.608 [Thread-3] ERROR ExternalProcessHandler - Aug 20, 2020 9:52:29 AM org.openqa.selenium.remote.ProtocolHandshake createSession

INFO: Detected dialect: OSS
[MASTER] 17:52:29.608 [Thread-3] ERROR ExternalProcessHandler - INFO: Detected dialect: OSS

Aug 20, 2020 9:52:40 AM org.openqa.selenium.remote.ProtocolHandshake createSession
[MASTER] 17:52:40.266 [Thread-3] ERROR ExternalProcessHandler - Aug 20, 2020 9:52:40 AM org.openqa.selenium.remote.ProtocolHandshake createSession

INFO: Detected dialect: OSS
[MASTER] 17:52:40.267 [Thread-3] ERROR ExternalProcessHandler - INFO: Detected dialect: OSS

Aug 20, 2020 9:52:58 AM org.openqa.selenium.remote.ProtocolHandshake createSession
[MASTER] 17:52:58.129 [Thread-3] ERROR ExternalProcessHandler - Aug 20, 2020 9:52:58 AM org.openqa.selenium.remote.ProtocolHandshake createSession

INFO: Detected dialect: OSS
[MASTER] 17:52:58.129 [Thread-3] ERROR ExternalProcessHandler - INFO: Detected dialect: OSS

[MASTER] 17:53:23.139 [logback-2] ERROR TestCaseExecutor - TG: Exception caught: 
java.lang.IllegalStateException: Test generation failed: page object bug.
	at org.evosuite.testcase.execution.TestCaseExecutor.runTest(TestCaseExecutor.java:322) ~[evosuite-client-1.0.4-SNAPSHOT.jar:na]
	at org.evosuite.testcase.TestFitnessFunction.runTest(TestFitnessFunction.java:91) [evosuite-client-1.0.4-SNAPSHOT.jar:na]
	at org.evosuite.testcase.TestFitnessFunction.getFitness(TestFitnessFunction.java:60) [evosuite-client-1.0.4-SNAPSHOT.jar:na]
	at org.evosuite.testcase.TestFitnessFunction.getFitness(TestFitnessFunction.java:34) [evosuite-client-1.0.4-SNAPSHOT.jar:na]
	at org.evosuite.ga.metaheuristics.mosa.MOSA.calculateFitness(MOSA.java:155) [evosuite-client-1.0.4-SNAPSHOT.jar:na]
	at org.evosuite.ga.metaheuristics.mosa.AbstractMOSA.breedNextGeneration(AbstractMOSA.java:153) [evosuite-client-1.0.4-SNAPSHOT.jar:na]
	at org.evosuite.ga.metaheuristics.mosa.MOSA.evolve(MOSA.java:89) [evosuite-client-1.0.4-SNAPSHOT.jar:na]
	at org.evosuite.ga.metaheuristics.mosa.MOSA.generateSolution(MOSA.java:205) [evosuite-client-1.0.4-SNAPSHOT.jar:na]
	at org.evosuite.strategy.MOSuiteStrategy.generateTests(MOSuiteStrategy.java:127) [evosuite-client-1.0.4-SNAPSHOT.jar:na]
	at org.evosuite.TestSuiteGenerator.generateTests(TestSuiteGenerator.java:654) [evosuite-client-1.0.4-SNAPSHOT.jar:na]
	at org.evosuite.TestSuiteGenerator.generateTestSuite(TestSuiteGenerator.java:213) [evosuite-client-1.0.4-SNAPSHOT.jar:na]
	at org.evosuite.rmi.service.ClientNodeImpl$1.run(ClientNodeImpl.java:145) [evosuite-client-1.0.4-SNAPSHOT.jar:na]
	at java.util.concurrent.Executors$RunnableAdapter.call(Executors.java:511) [na:1.8.0_265]
	at java.util.concurrent.FutureTask.run(FutureTask.java:266) [na:1.8.0_265]
	at java.util.concurrent.ThreadPoolExecutor.runWorker(ThreadPoolExecutor.java:1149) [na:1.8.0_265]
	at java.util.concurrent.ThreadPoolExecutor$Worker.run(ThreadPoolExecutor.java:624) [na:1.8.0_265]
	at java.lang.Thread.run(Thread.java:748) [na:1.8.0_265]
Aug 20, 2020 9:53:23 AM org.openqa.selenium.remote.ProtocolHandshake createSession
[MASTER] 17:53:23.327 [Thread-3] ERROR ExternalProcessHandler - Aug 20, 2020 9:53:23 AM org.openqa.selenium.remote.ProtocolHandshake createSession

INFO: Detected dialect: OSS
[MASTER] 17:53:23.327 [Thread-3] ERROR ExternalProcessHandler - INFO: Detected dialect: OSS

Aug 20, 2020 9:53:27 AM org.openqa.selenium.remote.ProtocolHandshake createSession
[MASTER] 17:53:27.528 [Thread-3] ERROR ExternalProcessHandler - Aug 20, 2020 9:53:27 AM org.openqa.selenium.remote.ProtocolHandshake createSession

INFO: Detected dialect: OSS
[MASTER] 17:53:27.528 [Thread-3] ERROR ExternalProcessHandler - INFO: Detected dialect: OSS

Aug 20, 2020 9:53:35 AM org.openqa.selenium.remote.ProtocolHandshake createSession
[MASTER] 17:53:35.611 [Thread-3] ERROR ExternalProcessHandler - Aug 20, 2020 9:53:35 AM org.openqa.selenium.remote.ProtocolHandshake createSession

INFO: Detected dialect: OSS
[MASTER] 17:53:35.611 [Thread-3] ERROR ExternalProcessHandler - INFO: Detected dialect: OSS

Aug 20, 2020 9:53:47 AM org.openqa.selenium.remote.ProtocolHandshake createSession
[MASTER] 17:53:47.113 [Thread-3] ERROR ExternalProcessHandler - Aug 20, 2020 9:53:47 AM org.openqa.selenium.remote.ProtocolHandshake createSession

INFO: Detected dialect: OSS
[MASTER] 17:53:47.113 [Thread-3] ERROR ExternalProcessHandler - INFO: Detected dialect: OSS

[MASTER] 17:54:02.043 [logback-2] ERROR TestCaseExecutor - TG: Exception caught: 
java.lang.IllegalStateException: Test generation failed: page object bug.
	at org.evosuite.testcase.execution.TestCaseExecutor.runTest(TestCaseExecutor.java:322) ~[evosuite-client-1.0.4-SNAPSHOT.jar:na]
	at org.evosuite.testcase.TestFitnessFunction.runTest(TestFitnessFunction.java:91) [evosuite-client-1.0.4-SNAPSHOT.jar:na]
	at org.evosuite.testcase.TestFitnessFunction.getFitness(TestFitnessFunction.java:60) [evosuite-client-1.0.4-SNAPSHOT.jar:na]
	at org.evosuite.testcase.TestFitnessFunction.getFitness(TestFitnessFunction.java:34) [evosuite-client-1.0.4-SNAPSHOT.jar:na]
	at org.evosuite.ga.metaheuristics.mosa.MOSA.calculateFitness(MOSA.java:155) [evosuite-client-1.0.4-SNAPSHOT.jar:na]
	at org.evosuite.ga.metaheuristics.mosa.AbstractMOSA.breedNextGeneration(AbstractMOSA.java:144) [evosuite-client-1.0.4-SNAPSHOT.jar:na]
	at org.evosuite.ga.metaheuristics.mosa.MOSA.evolve(MOSA.java:89) [evosuite-client-1.0.4-SNAPSHOT.jar:na]
	at org.evosuite.ga.metaheuristics.mosa.MOSA.generateSolution(MOSA.java:205) [evosuite-client-1.0.4-SNAPSHOT.jar:na]
	at org.evosuite.strategy.MOSuiteStrategy.generateTests(MOSuiteStrategy.java:127) [evosuite-client-1.0.4-SNAPSHOT.jar:na]
	at org.evosuite.TestSuiteGenerator.generateTests(TestSuiteGenerator.java:654) [evosuite-client-1.0.4-SNAPSHOT.jar:na]
	at org.evosuite.TestSuiteGenerator.generateTestSuite(TestSuiteGenerator.java:213) [evosuite-client-1.0.4-SNAPSHOT.jar:na]
	at org.evosuite.rmi.service.ClientNodeImpl$1.run(ClientNodeImpl.java:145) [evosuite-client-1.0.4-SNAPSHOT.jar:na]
	at java.util.concurrent.Executors$RunnableAdapter.call(Executors.java:511) [na:1.8.0_265]
	at java.util.concurrent.FutureTask.run(FutureTask.java:266) [na:1.8.0_265]
	at java.util.concurrent.ThreadPoolExecutor.runWorker(ThreadPoolExecutor.java:1149) [na:1.8.0_265]
	at java.util.concurrent.ThreadPoolExecutor$Worker.run(ThreadPoolExecutor.java:624) [na:1.8.0_265]
	at java.lang.Thread.run(Thread.java:748) [na:1.8.0_265]
Aug 20, 2020 9:54:02 AM org.openqa.selenium.remote.ProtocolHandshake createSession
[MASTER] 17:54:02.226 [Thread-3] ERROR ExternalProcessHandler - Aug 20, 2020 9:54:02 AM org.openqa.selenium.remote.ProtocolHandshake createSession

INFO: Detected dialect: OSS
[MASTER] 17:54:02.226 [Thread-3] ERROR ExternalProcessHandler - INFO: Detected dialect: OSS

Aug 20, 2020 9:54:05 AM org.openqa.selenium.remote.ProtocolHandshake createSession
[MASTER] 17:54:05.106 [Thread-3] ERROR ExternalProcessHandler - Aug 20, 2020 9:54:05 AM org.openqa.selenium.remote.ProtocolHandshake createSession

INFO: Detected dialect: OSS
[MASTER] 17:54:05.106 [Thread-3] ERROR ExternalProcessHandler - INFO: Detected dialect: OSS

Aug 20, 2020 9:54:14 AM org.openqa.selenium.remote.ProtocolHandshake createSession
[MASTER] 17:54:14.306 [Thread-3] ERROR ExternalProcessHandler - Aug 20, 2020 9:54:14 AM org.openqa.selenium.remote.ProtocolHandshake createSession

INFO: Detected dialect: OSS
[MASTER] 17:54:14.306 [Thread-3] ERROR ExternalProcessHandler - INFO: Detected dialect: OSS

Aug 20, 2020 9:54:29 AM org.openqa.selenium.remote.ProtocolHandshake createSession
[MASTER] 17:54:29.925 [Thread-3] ERROR ExternalProcessHandler - Aug 20, 2020 9:54:29 AM org.openqa.selenium.remote.ProtocolHandshake createSession

INFO: Detected dialect: OSS
[MASTER] 17:54:29.925 [Thread-3] ERROR ExternalProcessHandler - INFO: Detected dialect: OSS

[MASTER] 17:54:51.772 [logback-2] ERROR TestCaseExecutor - TG: Exception caught: 
java.lang.IllegalStateException: Test generation failed: page object bug.
	at org.evosuite.testcase.execution.TestCaseExecutor.runTest(TestCaseExecutor.java:322) ~[evosuite-client-1.0.4-SNAPSHOT.jar:na]
	at org.evosuite.testcase.TestFitnessFunction.runTest(TestFitnessFunction.java:91) [evosuite-client-1.0.4-SNAPSHOT.jar:na]
	at org.evosuite.testcase.TestFitnessFunction.getFitness(TestFitnessFunction.java:60) [evosuite-client-1.0.4-SNAPSHOT.jar:na]
	at org.evosuite.testcase.TestFitnessFunction.getFitness(TestFitnessFunction.java:34) [evosuite-client-1.0.4-SNAPSHOT.jar:na]
	at org.evosuite.ga.metaheuristics.mosa.MOSA.calculateFitness(MOSA.java:155) [evosuite-client-1.0.4-SNAPSHOT.jar:na]
	at org.evosuite.ga.metaheuristics.mosa.AbstractMOSA.breedNextGeneration(AbstractMOSA.java:153) [evosuite-client-1.0.4-SNAPSHOT.jar:na]
	at org.evosuite.ga.metaheuristics.mosa.MOSA.evolve(MOSA.java:89) [evosuite-client-1.0.4-SNAPSHOT.jar:na]
	at org.evosuite.ga.metaheuristics.mosa.MOSA.generateSolution(MOSA.java:205) [evosuite-client-1.0.4-SNAPSHOT.jar:na]
	at org.evosuite.strategy.MOSuiteStrategy.generateTests(MOSuiteStrategy.java:127) [evosuite-client-1.0.4-SNAPSHOT.jar:na]
	at org.evosuite.TestSuiteGenerator.generateTests(TestSuiteGenerator.java:654) [evosuite-client-1.0.4-SNAPSHOT.jar:na]
	at org.evosuite.TestSuiteGenerator.generateTestSuite(TestSuiteGenerator.java:213) [evosuite-client-1.0.4-SNAPSHOT.jar:na]
	at org.evosuite.rmi.service.ClientNodeImpl$1.run(ClientNodeImpl.java:145) [evosuite-client-1.0.4-SNAPSHOT.jar:na]
	at java.util.concurrent.Executors$RunnableAdapter.call(Executors.java:511) [na:1.8.0_265]
	at java.util.concurrent.FutureTask.run(FutureTask.java:266) [na:1.8.0_265]
	at java.util.concurrent.ThreadPoolExecutor.runWorker(ThreadPoolExecutor.java:1149) [na:1.8.0_265]
	at java.util.concurrent.ThreadPoolExecutor$Worker.run(ThreadPoolExecutor.java:624) [na:1.8.0_265]
	at java.lang.Thread.run(Thread.java:748) [na:1.8.0_265]
Aug 20, 2020 9:54:51 AM org.openqa.selenium.remote.ProtocolHandshake createSession
[MASTER] 17:54:51.968 [Thread-3] ERROR ExternalProcessHandler - Aug 20, 2020 9:54:51 AM org.openqa.selenium.remote.ProtocolHandshake createSession

INFO: Detected dialect: OSS
[MASTER] 17:54:51.968 [Thread-3] ERROR ExternalProcessHandler - INFO: Detected dialect: OSS

Aug 20, 2020 9:54:52 AM org.openqa.selenium.remote.ProtocolHandshake createSession
[MASTER] 17:54:52.733 [Thread-3] ERROR ExternalProcessHandler - Aug 20, 2020 9:54:52 AM org.openqa.selenium.remote.ProtocolHandshake createSession

INFO: Detected dialect: OSS
[MASTER] 17:54:52.733 [Thread-3] ERROR ExternalProcessHandler - INFO: Detected dialect: OSS

Aug 20, 2020 9:54:56 AM org.openqa.selenium.remote.ProtocolHandshake createSession
[MASTER] 17:54:56.340 [Thread-3] ERROR ExternalProcessHandler - Aug 20, 2020 9:54:56 AM org.openqa.selenium.remote.ProtocolHandshake createSession

INFO: Detected dialect: OSS
[MASTER] 17:54:56.341 [Thread-3] ERROR ExternalProcessHandler - INFO: Detected dialect: OSS

Aug 20, 2020 9:55:07 AM org.openqa.selenium.remote.ProtocolHandshake createSession
[MASTER] 17:55:07.561 [Thread-3] ERROR ExternalProcessHandler - Aug 20, 2020 9:55:07 AM org.openqa.selenium.remote.ProtocolHandshake createSession

INFO: Detected dialect: OSS
[MASTER] 17:55:07.561 [Thread-3] ERROR ExternalProcessHandler - INFO: Detected dialect: OSS

Aug 20, 2020 9:55:26 AM org.openqa.selenium.remote.ProtocolHandshake createSession
[MASTER] 17:55:26.282 [Thread-3] ERROR ExternalProcessHandler - Aug 20, 2020 9:55:26 AM org.openqa.selenium.remote.ProtocolHandshake createSession

INFO: Detected dialect: OSS
[MASTER] 17:55:26.282 [Thread-3] ERROR ExternalProcessHandler - INFO: Detected dialect: OSS

[MASTER] 17:55:52.421 [logback-2] ERROR TestCaseExecutor - TG: Exception caught: 
java.lang.IllegalStateException: Test generation failed: page object bug.
	at org.evosuite.testcase.execution.TestCaseExecutor.runTest(TestCaseExecutor.java:322) ~[evosuite-client-1.0.4-SNAPSHOT.jar:na]
	at org.evosuite.testcase.TestFitnessFunction.runTest(TestFitnessFunction.java:91) [evosuite-client-1.0.4-SNAPSHOT.jar:na]
	at org.evosuite.testcase.TestFitnessFunction.getFitness(TestFitnessFunction.java:60) [evosuite-client-1.0.4-SNAPSHOT.jar:na]
	at org.evosuite.testcase.TestFitnessFunction.getFitness(TestFitnessFunction.java:34) [evosuite-client-1.0.4-SNAPSHOT.jar:na]
	at org.evosuite.ga.metaheuristics.mosa.MOSA.calculateFitness(MOSA.java:155) [evosuite-client-1.0.4-SNAPSHOT.jar:na]
	at org.evosuite.ga.metaheuristics.mosa.AbstractMOSA.breedNextGeneration(AbstractMOSA.java:144) [evosuite-client-1.0.4-SNAPSHOT.jar:na]
	at org.evosuite.ga.metaheuristics.mosa.MOSA.evolve(MOSA.java:89) [evosuite-client-1.0.4-SNAPSHOT.jar:na]
	at org.evosuite.ga.metaheuristics.mosa.MOSA.generateSolution(MOSA.java:205) [evosuite-client-1.0.4-SNAPSHOT.jar:na]
	at org.evosuite.strategy.MOSuiteStrategy.generateTests(MOSuiteStrategy.java:127) [evosuite-client-1.0.4-SNAPSHOT.jar:na]
	at org.evosuite.TestSuiteGenerator.generateTests(TestSuiteGenerator.java:654) [evosuite-client-1.0.4-SNAPSHOT.jar:na]
	at org.evosuite.TestSuiteGenerator.generateTestSuite(TestSuiteGenerator.java:213) [evosuite-client-1.0.4-SNAPSHOT.jar:na]
	at org.evosuite.rmi.service.ClientNodeImpl$1.run(ClientNodeImpl.java:145) [evosuite-client-1.0.4-SNAPSHOT.jar:na]
	at java.util.concurrent.Executors$RunnableAdapter.call(Executors.java:511) [na:1.8.0_265]
	at java.util.concurrent.FutureTask.run(FutureTask.java:266) [na:1.8.0_265]
	at java.util.concurrent.ThreadPoolExecutor.runWorker(ThreadPoolExecutor.java:1149) [na:1.8.0_265]
	at java.util.concurrent.ThreadPoolExecutor$Worker.run(ThreadPoolExecutor.java:624) [na:1.8.0_265]
	at java.lang.Thread.run(Thread.java:748) [na:1.8.0_265]
Aug 20, 2020 9:55:52 AM org.openqa.selenium.remote.ProtocolHandshake createSession
[MASTER] 17:55:52.574 [Thread-3] ERROR ExternalProcessHandler - Aug 20, 2020 9:55:52 AM org.openqa.selenium.remote.ProtocolHandshake createSession

INFO: Detected dialect: OSS
[MASTER] 17:55:52.574 [Thread-3] ERROR ExternalProcessHandler - INFO: Detected dialect: OSS

Aug 20, 2020 9:55:54 AM org.openqa.selenium.remote.ProtocolHandshake createSession
[MASTER] 17:55:54.964 [Thread-3] ERROR ExternalProcessHandler - Aug 20, 2020 9:55:54 AM org.openqa.selenium.remote.ProtocolHandshake createSession

INFO: Detected dialect: OSS
[MASTER] 17:55:54.964 [Thread-3] ERROR ExternalProcessHandler - INFO: Detected dialect: OSS

Aug 20, 2020 9:55:59 AM org.openqa.selenium.remote.ProtocolHandshake createSession
[MASTER] 17:55:59.750 [Thread-3] ERROR ExternalProcessHandler - Aug 20, 2020 9:55:59 AM org.openqa.selenium.remote.ProtocolHandshake createSession

INFO: Detected dialect: OSS
[MASTER] 17:55:59.750 [Thread-3] ERROR ExternalProcessHandler - INFO: Detected dialect: OSS

Aug 20, 2020 9:56:06 AM org.openqa.selenium.remote.ProtocolHandshake createSession
[MASTER] 17:56:06.762 [Thread-3] ERROR ExternalProcessHandler - Aug 20, 2020 9:56:06 AM org.openqa.selenium.remote.ProtocolHandshake createSession

INFO: Detected dialect: OSS
[MASTER] 17:56:06.762 [Thread-3] ERROR ExternalProcessHandler - INFO: Detected dialect: OSS

[MASTER] 17:56:15.879 [logback-2] ERROR TestCaseExecutor - TG: Exception caught: 
java.lang.IllegalStateException: Test generation failed: page object bug.
	at org.evosuite.testcase.execution.TestCaseExecutor.runTest(TestCaseExecutor.java:322) ~[evosuite-client-1.0.4-SNAPSHOT.jar:na]
	at org.evosuite.testcase.TestFitnessFunction.runTest(TestFitnessFunction.java:91) [evosuite-client-1.0.4-SNAPSHOT.jar:na]
	at org.evosuite.testcase.TestFitnessFunction.getFitness(TestFitnessFunction.java:60) [evosuite-client-1.0.4-SNAPSHOT.jar:na]
	at org.evosuite.testcase.TestFitnessFunction.getFitness(TestFitnessFunction.java:34) [evosuite-client-1.0.4-SNAPSHOT.jar:na]
	at org.evosuite.ga.metaheuristics.mosa.MOSA.calculateFitness(MOSA.java:155) [evosuite-client-1.0.4-SNAPSHOT.jar:na]
	at org.evosuite.ga.metaheuristics.mosa.AbstractMOSA.breedNextGeneration(AbstractMOSA.java:153) [evosuite-client-1.0.4-SNAPSHOT.jar:na]
	at org.evosuite.ga.metaheuristics.mosa.MOSA.evolve(MOSA.java:89) [evosuite-client-1.0.4-SNAPSHOT.jar:na]
	at org.evosuite.ga.metaheuristics.mosa.MOSA.generateSolution(MOSA.java:205) [evosuite-client-1.0.4-SNAPSHOT.jar:na]
	at org.evosuite.strategy.MOSuiteStrategy.generateTests(MOSuiteStrategy.java:127) [evosuite-client-1.0.4-SNAPSHOT.jar:na]
	at org.evosuite.TestSuiteGenerator.generateTests(TestSuiteGenerator.java:654) [evosuite-client-1.0.4-SNAPSHOT.jar:na]
	at org.evosuite.TestSuiteGenerator.generateTestSuite(TestSuiteGenerator.java:213) [evosuite-client-1.0.4-SNAPSHOT.jar:na]
	at org.evosuite.rmi.service.ClientNodeImpl$1.run(ClientNodeImpl.java:145) [evosuite-client-1.0.4-SNAPSHOT.jar:na]
	at java.util.concurrent.Executors$RunnableAdapter.call(Executors.java:511) [na:1.8.0_265]
	at java.util.concurrent.FutureTask.run(FutureTask.java:266) [na:1.8.0_265]
	at java.util.concurrent.ThreadPoolExecutor.runWorker(ThreadPoolExecutor.java:1149) [na:1.8.0_265]
	at java.util.concurrent.ThreadPoolExecutor$Worker.run(ThreadPoolExecutor.java:624) [na:1.8.0_265]
	at java.lang.Thread.run(Thread.java:748) [na:1.8.0_265]
Aug 20, 2020 9:56:16 AM org.openqa.selenium.remote.ProtocolHandshake createSession
[MASTER] 17:56:16.069 [Thread-3] ERROR ExternalProcessHandler - Aug 20, 2020 9:56:16 AM org.openqa.selenium.remote.ProtocolHandshake createSession

INFO: Detected dialect: OSS
[MASTER] 17:56:16.069 [Thread-3] ERROR ExternalProcessHandler - INFO: Detected dialect: OSS

Aug 20, 2020 9:56:19 AM org.openqa.selenium.remote.ProtocolHandshake createSession
[MASTER] 17:56:19.667 [Thread-3] ERROR ExternalProcessHandler - Aug 20, 2020 9:56:19 AM org.openqa.selenium.remote.ProtocolHandshake createSession

INFO: Detected dialect: OSS
[MASTER] 17:56:19.667 [Thread-3] ERROR ExternalProcessHandler - INFO: Detected dialect: OSS

Aug 20, 2020 9:56:26 AM org.openqa.selenium.remote.ProtocolHandshake createSession
[MASTER] 17:56:26.862 [Thread-3] ERROR ExternalProcessHandler - Aug 20, 2020 9:56:26 AM org.openqa.selenium.remote.ProtocolHandshake createSession

INFO: Detected dialect: OSS
[MASTER] 17:56:26.862 [Thread-3] ERROR ExternalProcessHandler - INFO: Detected dialect: OSS

Aug 20, 2020 9:56:37 AM org.openqa.selenium.remote.ProtocolHandshake createSession
[MASTER] 17:56:37.506 [Thread-3] ERROR ExternalProcessHandler - Aug 20, 2020 9:56:37 AM org.openqa.selenium.remote.ProtocolHandshake createSession

INFO: Detected dialect: OSS
[MASTER] 17:56:37.506 [Thread-3] ERROR ExternalProcessHandler - INFO: Detected dialect: OSS

[MASTER] 17:56:51.295 [logback-2] ERROR TestCaseExecutor - TG: Exception caught: 
java.lang.IllegalStateException: Test generation failed: page object bug.
	at org.evosuite.testcase.execution.TestCaseExecutor.runTest(TestCaseExecutor.java:322) ~[evosuite-client-1.0.4-SNAPSHOT.jar:na]
	at org.evosuite.testcase.TestFitnessFunction.runTest(TestFitnessFunction.java:91) [evosuite-client-1.0.4-SNAPSHOT.jar:na]
	at org.evosuite.testcase.TestFitnessFunction.getFitness(TestFitnessFunction.java:60) [evosuite-client-1.0.4-SNAPSHOT.jar:na]
	at org.evosuite.testcase.TestFitnessFunction.getFitness(TestFitnessFunction.java:34) [evosuite-client-1.0.4-SNAPSHOT.jar:na]
	at org.evosuite.ga.metaheuristics.mosa.MOSA.calculateFitness(MOSA.java:155) [evosuite-client-1.0.4-SNAPSHOT.jar:na]
	at org.evosuite.ga.metaheuristics.mosa.AbstractMOSA.breedNextGeneration(AbstractMOSA.java:144) [evosuite-client-1.0.4-SNAPSHOT.jar:na]
	at org.evosuite.ga.metaheuristics.mosa.MOSA.evolve(MOSA.java:89) [evosuite-client-1.0.4-SNAPSHOT.jar:na]
	at org.evosuite.ga.metaheuristics.mosa.MOSA.generateSolution(MOSA.java:205) [evosuite-client-1.0.4-SNAPSHOT.jar:na]
	at org.evosuite.strategy.MOSuiteStrategy.generateTests(MOSuiteStrategy.java:127) [evosuite-client-1.0.4-SNAPSHOT.jar:na]
	at org.evosuite.TestSuiteGenerator.generateTests(TestSuiteGenerator.java:654) [evosuite-client-1.0.4-SNAPSHOT.jar:na]
	at org.evosuite.TestSuiteGenerator.generateTestSuite(TestSuiteGenerator.java:213) [evosuite-client-1.0.4-SNAPSHOT.jar:na]
	at org.evosuite.rmi.service.ClientNodeImpl$1.run(ClientNodeImpl.java:145) [evosuite-client-1.0.4-SNAPSHOT.jar:na]
	at java.util.concurrent.Executors$RunnableAdapter.call(Executors.java:511) [na:1.8.0_265]
	at java.util.concurrent.FutureTask.run(FutureTask.java:266) [na:1.8.0_265]
	at java.util.concurrent.ThreadPoolExecutor.runWorker(ThreadPoolExecutor.java:1149) [na:1.8.0_265]
	at java.util.concurrent.ThreadPoolExecutor$Worker.run(ThreadPoolExecutor.java:624) [na:1.8.0_265]
	at java.lang.Thread.run(Thread.java:748) [na:1.8.0_265]
Aug 20, 2020 9:56:51 AM org.openqa.selenium.remote.ProtocolHandshake createSession
[MASTER] 17:56:51.484 [Thread-3] ERROR ExternalProcessHandler - Aug 20, 2020 9:56:51 AM org.openqa.selenium.remote.ProtocolHandshake createSession

INFO: Detected dialect: OSS
[MASTER] 17:56:51.485 [Thread-3] ERROR ExternalProcessHandler - INFO: Detected dialect: OSS

Aug 20, 2020 9:56:52 AM org.openqa.selenium.remote.ProtocolHandshake createSession
[MASTER] 17:56:52.427 [Thread-3] ERROR ExternalProcessHandler - Aug 20, 2020 9:56:52 AM org.openqa.selenium.remote.ProtocolHandshake createSession

INFO: Detected dialect: OSS
[MASTER] 17:56:52.427 [Thread-3] ERROR ExternalProcessHandler - INFO: Detected dialect: OSS

Aug 20, 2020 9:56:56 AM org.openqa.selenium.remote.ProtocolHandshake createSession
[MASTER] 17:56:56.529 [Thread-3] ERROR ExternalProcessHandler - Aug 20, 2020 9:56:56 AM org.openqa.selenium.remote.ProtocolHandshake createSession

INFO: Detected dialect: OSS
[MASTER] 17:56:56.529 [Thread-3] ERROR ExternalProcessHandler - INFO: Detected dialect: OSS

Aug 20, 2020 9:57:05 AM org.openqa.selenium.remote.ProtocolHandshake createSession
[MASTER] 17:57:05.173 [Thread-3] ERROR ExternalProcessHandler - Aug 20, 2020 9:57:05 AM org.openqa.selenium.remote.ProtocolHandshake createSession

INFO: Detected dialect: OSS
[MASTER] 17:57:05.173 [Thread-3] ERROR ExternalProcessHandler - INFO: Detected dialect: OSS

Aug 20, 2020 9:57:18 AM org.openqa.selenium.remote.ProtocolHandshake createSession
[MASTER] 17:57:18.147 [Thread-3] ERROR ExternalProcessHandler - Aug 20, 2020 9:57:18 AM org.openqa.selenium.remote.ProtocolHandshake createSession

INFO: Detected dialect: OSS
[MASTER] 17:57:18.147 [Thread-3] ERROR ExternalProcessHandler - INFO: Detected dialect: OSS

[MASTER] 17:57:35.361 [logback-2] ERROR TestCaseExecutor - TG: Exception caught: 
java.lang.IllegalStateException: Test generation failed: page object bug.
	at org.evosuite.testcase.execution.TestCaseExecutor.runTest(TestCaseExecutor.java:322) ~[evosuite-client-1.0.4-SNAPSHOT.jar:na]
	at org.evosuite.testcase.TestFitnessFunction.runTest(TestFitnessFunction.java:91) [evosuite-client-1.0.4-SNAPSHOT.jar:na]
	at org.evosuite.testcase.TestFitnessFunction.getFitness(TestFitnessFunction.java:60) [evosuite-client-1.0.4-SNAPSHOT.jar:na]
	at org.evosuite.testcase.TestFitnessFunction.getFitness(TestFitnessFunction.java:34) [evosuite-client-1.0.4-SNAPSHOT.jar:na]
	at org.evosuite.ga.metaheuristics.mosa.MOSA.calculateFitness(MOSA.java:155) [evosuite-client-1.0.4-SNAPSHOT.jar:na]
	at org.evosuite.ga.metaheuristics.mosa.AbstractMOSA.breedNextGeneration(AbstractMOSA.java:153) [evosuite-client-1.0.4-SNAPSHOT.jar:na]
	at org.evosuite.ga.metaheuristics.mosa.MOSA.evolve(MOSA.java:89) [evosuite-client-1.0.4-SNAPSHOT.jar:na]
	at org.evosuite.ga.metaheuristics.mosa.MOSA.generateSolution(MOSA.java:205) [evosuite-client-1.0.4-SNAPSHOT.jar:na]
	at org.evosuite.strategy.MOSuiteStrategy.generateTests(MOSuiteStrategy.java:127) [evosuite-client-1.0.4-SNAPSHOT.jar:na]
	at org.evosuite.TestSuiteGenerator.generateTests(TestSuiteGenerator.java:654) [evosuite-client-1.0.4-SNAPSHOT.jar:na]
	at org.evosuite.TestSuiteGenerator.generateTestSuite(TestSuiteGenerator.java:213) [evosuite-client-1.0.4-SNAPSHOT.jar:na]
	at org.evosuite.rmi.service.ClientNodeImpl$1.run(ClientNodeImpl.java:145) [evosuite-client-1.0.4-SNAPSHOT.jar:na]
	at java.util.concurrent.Executors$RunnableAdapter.call(Executors.java:511) [na:1.8.0_265]
	at java.util.concurrent.FutureTask.run(FutureTask.java:266) [na:1.8.0_265]
	at java.util.concurrent.ThreadPoolExecutor.runWorker(ThreadPoolExecutor.java:1149) [na:1.8.0_265]
	at java.util.concurrent.ThreadPoolExecutor$Worker.run(ThreadPoolExecutor.java:624) [na:1.8.0_265]
	at java.lang.Thread.run(Thread.java:748) [na:1.8.0_265]
Aug 20, 2020 9:57:35 AM org.openqa.selenium.remote.ProtocolHandshake createSession
[MASTER] 17:57:35.559 [Thread-3] ERROR ExternalProcessHandler - Aug 20, 2020 9:57:35 AM org.openqa.selenium.remote.ProtocolHandshake createSession

INFO: Detected dialect: OSS
[MASTER] 17:57:35.559 [Thread-3] ERROR ExternalProcessHandler - INFO: Detected dialect: OSS

Aug 20, 2020 9:57:37 AM po_utils.PageObjectLogging logInfo
[MASTER] 17:57:37.639 [Thread-3] ERROR ExternalProcessHandler - Aug 20, 2020 9:57:37 AM po_utils.PageObjectLogging logInfo

INFO: waitForElementBeingPresentOnPage timeout exception: unable to locate the element By.xpath: //button[text()="Create a new session"]
[MASTER] 17:57:37.640 [Thread-3] ERROR ExternalProcessHandler - INFO: waitForElementBeingPresentOnPage timeout exception: unable to locate the element By.xpath: //button[text()="Create a new session"]


[MASTER] 17:57:37.640 [Thread-3] ERROR ExternalProcessHandler - 


[MASTER] 17:57:37.640 [Thread-3] ERROR ExternalProcessHandler - 

Aug 20, 2020 9:57:38 AM org.openqa.selenium.remote.ProtocolHandshake createSession
[MASTER] 17:57:38.184 [Thread-3] ERROR ExternalProcessHandler - Aug 20, 2020 9:57:38 AM org.openqa.selenium.remote.ProtocolHandshake createSession

INFO: Detected dialect: OSS
[MASTER] 17:57:38.184 [Thread-3] ERROR ExternalProcessHandler - INFO: Detected dialect: OSS

Aug 20, 2020 9:57:39 AM org.openqa.selenium.remote.ProtocolHandshake createSession
[MASTER] 17:57:39.711 [Thread-3] ERROR ExternalProcessHandler - Aug 20, 2020 9:57:39 AM org.openqa.selenium.remote.ProtocolHandshake createSession

INFO: Detected dialect: OSS
[MASTER] 17:57:39.711 [Thread-3] ERROR ExternalProcessHandler - INFO: Detected dialect: OSS

Aug 20, 2020 9:57:40 AM org.openqa.selenium.remote.ProtocolHandshake createSession
[MASTER] 17:57:40.539 [Thread-3] ERROR ExternalProcessHandler - Aug 20, 2020 9:57:40 AM org.openqa.selenium.remote.ProtocolHandshake createSession

INFO: Detected dialect: OSS
[MASTER] 17:57:40.539 [Thread-3] ERROR ExternalProcessHandler - INFO: Detected dialect: OSS

Aug 20, 2020 9:57:43 AM po_utils.PageObjectLogging logInfo
[MASTER] 17:57:43.498 [Thread-3] ERROR ExternalProcessHandler - Aug 20, 2020 9:57:43 AM po_utils.PageObjectLogging logInfo

INFO: waitForElementBeingPresentOnPage timeout exception: unable to locate the element By.xpath: //button[text()="Create a new session"]
[MASTER] 17:57:43.499 [Thread-3] ERROR ExternalProcessHandler - INFO: waitForElementBeingPresentOnPage timeout exception: unable to locate the element By.xpath: //button[text()="Create a new session"]


[MASTER] 17:57:43.499 [Thread-3] ERROR ExternalProcessHandler - 


[MASTER] 17:57:43.499 [Thread-3] ERROR ExternalProcessHandler - 

Aug 20, 2020 9:57:48 AM org.openqa.selenium.remote.ProtocolHandshake createSession
[MASTER] 17:57:48.666 [Thread-3] ERROR ExternalProcessHandler - Aug 20, 2020 9:57:48 AM org.openqa.selenium.remote.ProtocolHandshake createSession

INFO: Detected dialect: OSS
[MASTER] 17:57:48.666 [Thread-3] ERROR ExternalProcessHandler - INFO: Detected dialect: OSS

Aug 20, 2020 9:57:53 AM po_utils.PageObjectLogging logInfo
[MASTER] 17:57:53.464 [Thread-3] ERROR ExternalProcessHandler - Aug 20, 2020 9:57:53 AM po_utils.PageObjectLogging logInfo

INFO: waitForElementBeingPresentOnPage timeout exception: unable to locate the element By.xpath: //button[text()="Create a new session"]
[MASTER] 17:57:53.465 [Thread-3] ERROR ExternalProcessHandler - INFO: waitForElementBeingPresentOnPage timeout exception: unable to locate the element By.xpath: //button[text()="Create a new session"]


[MASTER] 17:57:53.465 [Thread-3] ERROR ExternalProcessHandler - 


[MASTER] 17:57:53.465 [Thread-3] ERROR ExternalProcessHandler - 

Aug 20, 2020 9:58:05 AM org.openqa.selenium.remote.ProtocolHandshake createSession
[MASTER] 17:58:05.280 [Thread-3] ERROR ExternalProcessHandler - Aug 20, 2020 9:58:05 AM org.openqa.selenium.remote.ProtocolHandshake createSession

INFO: Detected dialect: OSS
[MASTER] 17:58:05.280 [Thread-3] ERROR ExternalProcessHandler - INFO: Detected dialect: OSS

Aug 20, 2020 9:58:12 AM po_utils.PageObjectLogging logInfo
[MASTER] 17:58:12.082 [Thread-3] ERROR ExternalProcessHandler - Aug 20, 2020 9:58:12 AM po_utils.PageObjectLogging logInfo

INFO: waitForElementBeingPresentOnPage timeout exception: unable to locate the element By.xpath: //button[text()="Create a new session"]
[MASTER] 17:58:12.084 [Thread-3] ERROR ExternalProcessHandler - INFO: waitForElementBeingPresentOnPage timeout exception: unable to locate the element By.xpath: //button[text()="Create a new session"]


[MASTER] 17:58:12.084 [Thread-3] ERROR ExternalProcessHandler - 


[MASTER] 17:58:12.084 [Thread-3] ERROR ExternalProcessHandler - 

Aug 20, 2020 9:58:30 AM org.openqa.selenium.remote.ProtocolHandshake createSession
[MASTER] 17:58:30.279 [Thread-3] ERROR ExternalProcessHandler - Aug 20, 2020 9:58:30 AM org.openqa.selenium.remote.ProtocolHandshake createSession

INFO: Detected dialect: OSS
[MASTER] 17:58:30.279 [Thread-3] ERROR ExternalProcessHandler - INFO: Detected dialect: OSS

Aug 20, 2020 9:58:38 AM po_utils.PageObjectLogging logInfo
[MASTER] 17:58:38.963 [Thread-3] ERROR ExternalProcessHandler - Aug 20, 2020 9:58:38 AM po_utils.PageObjectLogging logInfo

INFO: waitForElementBeingPresentOnPage timeout exception: unable to locate the element By.xpath: //button[text()="Create a new session"]
[MASTER] 17:58:38.965 [Thread-3] ERROR ExternalProcessHandler - INFO: waitForElementBeingPresentOnPage timeout exception: unable to locate the element By.xpath: //button[text()="Create a new session"]


[MASTER] 17:58:38.965 [Thread-3] ERROR ExternalProcessHandler - 


[MASTER] 17:58:38.965 [Thread-3] ERROR ExternalProcessHandler - 

[MASTER] 17:59:03.606 [logback-2] ERROR TestCaseExecutor - TG: Exception caught: 
java.lang.IllegalStateException: Test generation failed: page object bug.
	at org.evosuite.testcase.execution.TestCaseExecutor.runTest(TestCaseExecutor.java:322) ~[evosuite-client-1.0.4-SNAPSHOT.jar:na]
	at org.evosuite.testcase.TestFitnessFunction.runTest(TestFitnessFunction.java:91) [evosuite-client-1.0.4-SNAPSHOT.jar:na]
	at org.evosuite.testcase.TestFitnessFunction.getFitness(TestFitnessFunction.java:60) [evosuite-client-1.0.4-SNAPSHOT.jar:na]
	at org.evosuite.testcase.TestFitnessFunction.getFitness(TestFitnessFunction.java:34) [evosuite-client-1.0.4-SNAPSHOT.jar:na]
	at org.evosuite.ga.metaheuristics.mosa.MOSA.calculateFitness(MOSA.java:155) [evosuite-client-1.0.4-SNAPSHOT.jar:na]
	at org.evosuite.ga.metaheuristics.mosa.AbstractMOSA.breedNextGeneration(AbstractMOSA.java:144) [evosuite-client-1.0.4-SNAPSHOT.jar:na]
	at org.evosuite.ga.metaheuristics.mosa.MOSA.evolve(MOSA.java:89) [evosuite-client-1.0.4-SNAPSHOT.jar:na]
	at org.evosuite.ga.metaheuristics.mosa.MOSA.generateSolution(MOSA.java:205) [evosuite-client-1.0.4-SNAPSHOT.jar:na]
	at org.evosuite.strategy.MOSuiteStrategy.generateTests(MOSuiteStrategy.java:127) [evosuite-client-1.0.4-SNAPSHOT.jar:na]
	at org.evosuite.TestSuiteGenerator.generateTests(TestSuiteGenerator.java:654) [evosuite-client-1.0.4-SNAPSHOT.jar:na]
	at org.evosuite.TestSuiteGenerator.generateTestSuite(TestSuiteGenerator.java:213) [evosuite-client-1.0.4-SNAPSHOT.jar:na]
	at org.evosuite.rmi.service.ClientNodeImpl$1.run(ClientNodeImpl.java:145) [evosuite-client-1.0.4-SNAPSHOT.jar:na]
	at java.util.concurrent.Executors$RunnableAdapter.call(Executors.java:511) [na:1.8.0_265]
	at java.util.concurrent.FutureTask.run(FutureTask.java:266) [na:1.8.0_265]
	at java.util.concurrent.ThreadPoolExecutor.runWorker(ThreadPoolExecutor.java:1149) [na:1.8.0_265]
	at java.util.concurrent.ThreadPoolExecutor$Worker.run(ThreadPoolExecutor.java:624) [na:1.8.0_265]
	at java.lang.Thread.run(Thread.java:748) [na:1.8.0_265]
Aug 20, 2020 9:59:03 AM org.openqa.selenium.remote.ProtocolHandshake createSession
[MASTER] 17:59:03.756 [Thread-3] ERROR ExternalProcessHandler - Aug 20, 2020 9:59:03 AM org.openqa.selenium.remote.ProtocolHandshake createSession

INFO: Detected dialect: OSS
[MASTER] 17:59:03.756 [Thread-3] ERROR ExternalProcessHandler - INFO: Detected dialect: OSS

Aug 20, 2020 9:59:04 AM org.openqa.selenium.remote.ProtocolHandshake createSession
[MASTER] 17:59:04.649 [Thread-3] ERROR ExternalProcessHandler - Aug 20, 2020 9:59:04 AM org.openqa.selenium.remote.ProtocolHandshake createSession

INFO: Detected dialect: OSS
[MASTER] 17:59:04.649 [Thread-3] ERROR ExternalProcessHandler - INFO: Detected dialect: OSS

Aug 20, 2020 9:59:05 AM org.openqa.selenium.remote.ProtocolHandshake createSession
[MASTER] 17:59:05.553 [Thread-3] ERROR ExternalProcessHandler - Aug 20, 2020 9:59:05 AM org.openqa.selenium.remote.ProtocolHandshake createSession

INFO: Detected dialect: OSS
[MASTER] 17:59:05.554 [Thread-3] ERROR ExternalProcessHandler - INFO: Detected dialect: OSS

Aug 20, 2020 9:59:06 AM po_utils.PageObjectLogging logInfo
[MASTER] 17:59:06.649 [Thread-3] ERROR ExternalProcessHandler - Aug 20, 2020 9:59:06 AM po_utils.PageObjectLogging logInfo

INFO: waitForElementBeingPresentOnPage timeout exception: unable to locate the element By.xpath: //button[text()="Create a new session"]
[MASTER] 17:59:06.650 [Thread-3] ERROR ExternalProcessHandler - INFO: waitForElementBeingPresentOnPage timeout exception: unable to locate the element By.xpath: //button[text()="Create a new session"]


[MASTER] 17:59:06.650 [Thread-3] ERROR ExternalProcessHandler - 


[MASTER] 17:59:06.650 [Thread-3] ERROR ExternalProcessHandler - 

Aug 20, 2020 9:59:07 AM org.openqa.selenium.remote.ProtocolHandshake createSession
[MASTER] 17:59:07.522 [Thread-3] ERROR ExternalProcessHandler - Aug 20, 2020 9:59:07 AM org.openqa.selenium.remote.ProtocolHandshake createSession

INFO: Detected dialect: OSS
[MASTER] 17:59:07.522 [Thread-3] ERROR ExternalProcessHandler - INFO: Detected dialect: OSS

Aug 20, 2020 9:59:09 AM org.openqa.selenium.remote.ProtocolHandshake createSession
[MASTER] 17:59:09.019 [Thread-3] ERROR ExternalProcessHandler - Aug 20, 2020 9:59:09 AM org.openqa.selenium.remote.ProtocolHandshake createSession

INFO: Detected dialect: OSS
[MASTER] 17:59:09.019 [Thread-3] ERROR ExternalProcessHandler - INFO: Detected dialect: OSS

Aug 20, 2020 9:59:10 AM org.openqa.selenium.remote.ProtocolHandshake createSession
[MASTER] 17:59:10.403 [Thread-3] ERROR ExternalProcessHandler - Aug 20, 2020 9:59:10 AM org.openqa.selenium.remote.ProtocolHandshake createSession

INFO: Detected dialect: OSS
[MASTER] 17:59:10.403 [Thread-3] ERROR ExternalProcessHandler - INFO: Detected dialect: OSS

Aug 20, 2020 9:59:11 AM org.openqa.selenium.remote.ProtocolHandshake createSession
[MASTER] 17:59:11.291 [Thread-3] ERROR ExternalProcessHandler - Aug 20, 2020 9:59:11 AM org.openqa.selenium.remote.ProtocolHandshake createSession

INFO: Detected dialect: OSS
[MASTER] 17:59:11.291 [Thread-3] ERROR ExternalProcessHandler - INFO: Detected dialect: OSS

Aug 20, 2020 9:59:18 AM org.openqa.selenium.remote.ProtocolHandshake createSession
[MASTER] 17:59:18.073 [Thread-3] ERROR ExternalProcessHandler - Aug 20, 2020 9:59:18 AM org.openqa.selenium.remote.ProtocolHandshake createSession

INFO: Detected dialect: OSS
[MASTER] 17:59:18.074 [Thread-3] ERROR ExternalProcessHandler - INFO: Detected dialect: OSS

Aug 20, 2020 9:59:30 AM org.openqa.selenium.remote.ProtocolHandshake createSession
[MASTER] 17:59:30.382 [Thread-3] ERROR ExternalProcessHandler - Aug 20, 2020 9:59:30 AM org.openqa.selenium.remote.ProtocolHandshake createSession

INFO: Detected dialect: OSS
[MASTER] 17:59:30.382 [Thread-3] ERROR ExternalProcessHandler - INFO: Detected dialect: OSS

Aug 20, 2020 9:59:47 AM org.openqa.selenium.remote.ProtocolHandshake createSession
[MASTER] 17:59:47.754 [Thread-3] ERROR ExternalProcessHandler - Aug 20, 2020 9:59:47 AM org.openqa.selenium.remote.ProtocolHandshake createSession

INFO: Detected dialect: OSS
[MASTER] 17:59:47.754 [Thread-3] ERROR ExternalProcessHandler - INFO: Detected dialect: OSS

[MASTER] 18:00:10.331 [logback-2] ERROR TestCaseExecutor - TG: Exception caught: 
java.lang.IllegalStateException: Test generation failed: page object bug.
	at org.evosuite.testcase.execution.TestCaseExecutor.runTest(TestCaseExecutor.java:322) ~[evosuite-client-1.0.4-SNAPSHOT.jar:na]
	at org.evosuite.testcase.TestFitnessFunction.runTest(TestFitnessFunction.java:91) [evosuite-client-1.0.4-SNAPSHOT.jar:na]
	at org.evosuite.testcase.TestFitnessFunction.isCovered(TestFitnessFunction.java:166) [evosuite-client-1.0.4-SNAPSHOT.jar:na]
	at org.evosuite.testsuite.TestSuiteMinimizer.minimizeTests(TestSuiteMinimizer.java:287) [evosuite-client-1.0.4-SNAPSHOT.jar:na]
	at org.evosuite.testsuite.TestSuiteMinimizer.minimize(TestSuiteMinimizer.java:111) [evosuite-client-1.0.4-SNAPSHOT.jar:na]
	at org.evosuite.TestSuiteGenerator.postProcessTests(TestSuiteGenerator.java:422) [evosuite-client-1.0.4-SNAPSHOT.jar:na]
	at org.evosuite.TestSuiteGenerator.generateTestSuite(TestSuiteGenerator.java:215) [evosuite-client-1.0.4-SNAPSHOT.jar:na]
	at org.evosuite.rmi.service.ClientNodeImpl$1.run(ClientNodeImpl.java:145) [evosuite-client-1.0.4-SNAPSHOT.jar:na]
	at java.util.concurrent.Executors$RunnableAdapter.call(Executors.java:511) [na:1.8.0_265]
	at java.util.concurrent.FutureTask.run(FutureTask.java:266) [na:1.8.0_265]
	at java.util.concurrent.ThreadPoolExecutor.runWorker(ThreadPoolExecutor.java:1149) [na:1.8.0_265]
	at java.util.concurrent.ThreadPoolExecutor$Worker.run(ThreadPoolExecutor.java:624) [na:1.8.0_265]
	at java.lang.Thread.run(Thread.java:748) [na:1.8.0_265]
Aug 20, 2020 10:00:10 AM org.openqa.selenium.remote.ProtocolHandshake createSession
[MASTER] 18:00:10.515 [Thread-3] ERROR ExternalProcessHandler - Aug 20, 2020 10:00:10 AM org.openqa.selenium.remote.ProtocolHandshake createSession

INFO: Detected dialect: OSS
[MASTER] 18:00:10.515 [Thread-3] ERROR ExternalProcessHandler - INFO: Detected dialect: OSS

Aug 20, 2020 10:00:12 AM org.openqa.selenium.remote.ProtocolHandshake createSession
[MASTER] 18:00:12.951 [Thread-3] ERROR ExternalProcessHandler - Aug 20, 2020 10:00:12 AM org.openqa.selenium.remote.ProtocolHandshake createSession

INFO: Detected dialect: OSS
[MASTER] 18:00:12.951 [Thread-3] ERROR ExternalProcessHandler - INFO: Detected dialect: OSS

Aug 20, 2020 10:00:17 AM org.openqa.selenium.remote.ProtocolHandshake createSession
[MASTER] 18:00:17.693 [Thread-3] ERROR ExternalProcessHandler - Aug 20, 2020 10:00:17 AM org.openqa.selenium.remote.ProtocolHandshake createSession

INFO: Detected dialect: OSS
[MASTER] 18:00:17.693 [Thread-3] ERROR ExternalProcessHandler - INFO: Detected dialect: OSS

Aug 20, 2020 10:00:24 AM org.openqa.selenium.remote.ProtocolHandshake createSession
[MASTER] 18:00:24.747 [Thread-3] ERROR ExternalProcessHandler - Aug 20, 2020 10:00:24 AM org.openqa.selenium.remote.ProtocolHandshake createSession

INFO: Detected dialect: OSS
[MASTER] 18:00:24.747 [Thread-3] ERROR ExternalProcessHandler - INFO: Detected dialect: OSS

[MASTER] 18:00:33.831 [logback-2] ERROR TestCaseExecutor - TG: Exception caught: 
java.lang.IllegalStateException: Test generation failed: page object bug.
	at org.evosuite.testcase.execution.TestCaseExecutor.runTest(TestCaseExecutor.java:322) ~[evosuite-client-1.0.4-SNAPSHOT.jar:na]
	at org.evosuite.testcase.TestFitnessFunction.runTest(TestFitnessFunction.java:91) [evosuite-client-1.0.4-SNAPSHOT.jar:na]
	at org.evosuite.testcase.TestFitnessFunction.isCovered(TestFitnessFunction.java:166) [evosuite-client-1.0.4-SNAPSHOT.jar:na]
	at org.evosuite.testsuite.TestSuiteMinimizer.minimizeTests(TestSuiteMinimizer.java:287) [evosuite-client-1.0.4-SNAPSHOT.jar:na]
	at org.evosuite.testsuite.TestSuiteMinimizer.minimize(TestSuiteMinimizer.java:111) [evosuite-client-1.0.4-SNAPSHOT.jar:na]
	at org.evosuite.TestSuiteGenerator.postProcessTests(TestSuiteGenerator.java:422) [evosuite-client-1.0.4-SNAPSHOT.jar:na]
	at org.evosuite.TestSuiteGenerator.generateTestSuite(TestSuiteGenerator.java:215) [evosuite-client-1.0.4-SNAPSHOT.jar:na]
	at org.evosuite.rmi.service.ClientNodeImpl$1.run(ClientNodeImpl.java:145) [evosuite-client-1.0.4-SNAPSHOT.jar:na]
	at java.util.concurrent.Executors$RunnableAdapter.call(Executors.java:511) [na:1.8.0_265]
	at java.util.concurrent.FutureTask.run(FutureTask.java:266) [na:1.8.0_265]
	at java.util.concurrent.ThreadPoolExecutor.runWorker(ThreadPoolExecutor.java:1149) [na:1.8.0_265]
	at java.util.concurrent.ThreadPoolExecutor$Worker.run(ThreadPoolExecutor.java:624) [na:1.8.0_265]
	at java.lang.Thread.run(Thread.java:748) [na:1.8.0_265]
Aug 20, 2020 10:00:34 AM org.openqa.selenium.remote.ProtocolHandshake createSession
[MASTER] 18:00:34.015 [Thread-3] ERROR ExternalProcessHandler - Aug 20, 2020 10:00:34 AM org.openqa.selenium.remote.ProtocolHandshake createSession

INFO: Detected dialect: OSS
[MASTER] 18:00:34.015 [Thread-3] ERROR ExternalProcessHandler - INFO: Detected dialect: OSS

Aug 20, 2020 10:00:35 AM org.openqa.selenium.remote.ProtocolHandshake createSession
[MASTER] 18:00:35.567 [Thread-3] ERROR ExternalProcessHandler - Aug 20, 2020 10:00:35 AM org.openqa.selenium.remote.ProtocolHandshake createSession

INFO: Detected dialect: OSS
[MASTER] 18:00:35.567 [Thread-3] ERROR ExternalProcessHandler - INFO: Detected dialect: OSS

Aug 20, 2020 10:00:39 AM org.openqa.selenium.remote.ProtocolHandshake createSession
[MASTER] 18:00:39.449 [Thread-3] ERROR ExternalProcessHandler - Aug 20, 2020 10:00:39 AM org.openqa.selenium.remote.ProtocolHandshake createSession

INFO: Detected dialect: OSS
[MASTER] 18:00:39.449 [Thread-3] ERROR ExternalProcessHandler - INFO: Detected dialect: OSS

Aug 20, 2020 10:00:40 AM po_utils.PageObjectLogging logInfo
[MASTER] 18:00:40.554 [Thread-3] ERROR ExternalProcessHandler - Aug 20, 2020 10:00:40 AM po_utils.PageObjectLogging logInfo

INFO: waitForElementBeingPresentOnPage timeout exception: unable to locate the element By.xpath: //button[text()="Create a new session"]
[MASTER] 18:00:40.555 [Thread-3] ERROR ExternalProcessHandler - INFO: waitForElementBeingPresentOnPage timeout exception: unable to locate the element By.xpath: //button[text()="Create a new session"]


[MASTER] 18:00:40.555 [Thread-3] ERROR ExternalProcessHandler - 


[MASTER] 18:00:40.555 [Thread-3] ERROR ExternalProcessHandler - 

Aug 20, 2020 10:00:41 AM org.openqa.selenium.remote.ProtocolHandshake createSession
[MASTER] 18:00:41.086 [Thread-3] ERROR ExternalProcessHandler - Aug 20, 2020 10:00:41 AM org.openqa.selenium.remote.ProtocolHandshake createSession

INFO: Detected dialect: OSS
[MASTER] 18:00:41.086 [Thread-3] ERROR ExternalProcessHandler - INFO: Detected dialect: OSS

Aug 20, 2020 10:00:44 AM org.openqa.selenium.remote.ProtocolHandshake createSession
[MASTER] 18:00:44.822 [Thread-3] ERROR ExternalProcessHandler - Aug 20, 2020 10:00:44 AM org.openqa.selenium.remote.ProtocolHandshake createSession

INFO: Detected dialect: OSS
[MASTER] 18:00:44.822 [Thread-3] ERROR ExternalProcessHandler - INFO: Detected dialect: OSS

Aug 20, 2020 10:00:52 AM org.openqa.selenium.remote.ProtocolHandshake createSession
[MASTER] 18:00:52.061 [Thread-3] ERROR ExternalProcessHandler - Aug 20, 2020 10:00:52 AM org.openqa.selenium.remote.ProtocolHandshake createSession

INFO: Detected dialect: OSS
[MASTER] 18:00:52.062 [Thread-3] ERROR ExternalProcessHandler - INFO: Detected dialect: OSS

Aug 20, 2020 10:01:02 AM org.openqa.selenium.remote.ProtocolHandshake createSession
[MASTER] 18:01:02.742 [Thread-3] ERROR ExternalProcessHandler - Aug 20, 2020 10:01:02 AM org.openqa.selenium.remote.ProtocolHandshake createSession

INFO: Detected dialect: OSS
[MASTER] 18:01:02.742 [Thread-3] ERROR ExternalProcessHandler - INFO: Detected dialect: OSS

[MASTER] 18:01:16.602 [logback-2] ERROR TestCaseExecutor - TG: Exception caught: 
java.lang.IllegalStateException: Test generation failed: page object bug.
	at org.evosuite.testcase.execution.TestCaseExecutor.runTest(TestCaseExecutor.java:322) ~[evosuite-client-1.0.4-SNAPSHOT.jar:na]
	at org.evosuite.testcase.TestFitnessFunction.runTest(TestFitnessFunction.java:91) [evosuite-client-1.0.4-SNAPSHOT.jar:na]
	at org.evosuite.testcase.TestFitnessFunction.isCovered(TestFitnessFunction.java:166) [evosuite-client-1.0.4-SNAPSHOT.jar:na]
	at org.evosuite.testsuite.TestSuiteMinimizer.minimizeTests(TestSuiteMinimizer.java:287) [evosuite-client-1.0.4-SNAPSHOT.jar:na]
	at org.evosuite.testsuite.TestSuiteMinimizer.minimize(TestSuiteMinimizer.java:111) [evosuite-client-1.0.4-SNAPSHOT.jar:na]
	at org.evosuite.TestSuiteGenerator.postProcessTests(TestSuiteGenerator.java:422) [evosuite-client-1.0.4-SNAPSHOT.jar:na]
	at org.evosuite.TestSuiteGenerator.generateTestSuite(TestSuiteGenerator.java:215) [evosuite-client-1.0.4-SNAPSHOT.jar:na]
	at org.evosuite.rmi.service.ClientNodeImpl$1.run(ClientNodeImpl.java:145) [evosuite-client-1.0.4-SNAPSHOT.jar:na]
	at java.util.concurrent.Executors$RunnableAdapter.call(Executors.java:511) [na:1.8.0_265]
	at java.util.concurrent.FutureTask.run(FutureTask.java:266) [na:1.8.0_265]
	at java.util.concurrent.ThreadPoolExecutor.runWorker(ThreadPoolExecutor.java:1149) [na:1.8.0_265]
	at java.util.concurrent.ThreadPoolExecutor$Worker.run(ThreadPoolExecutor.java:624) [na:1.8.0_265]
	at java.lang.Thread.run(Thread.java:748) [na:1.8.0_265]
Aug 20, 2020 10:01:16 AM org.openqa.selenium.remote.ProtocolHandshake createSession
[MASTER] 18:01:16.797 [Thread-3] ERROR ExternalProcessHandler - Aug 20, 2020 10:01:16 AM org.openqa.selenium.remote.ProtocolHandshake createSession

INFO: Detected dialect: OSS
[MASTER] 18:01:16.797 [Thread-3] ERROR ExternalProcessHandler - INFO: Detected dialect: OSS

Aug 20, 2020 10:01:22 AM org.openqa.selenium.remote.ProtocolHandshake createSession
[MASTER] 18:01:22.258 [Thread-3] ERROR ExternalProcessHandler - Aug 20, 2020 10:01:22 AM org.openqa.selenium.remote.ProtocolHandshake createSession

INFO: Detected dialect: OSS
[MASTER] 18:01:22.258 [Thread-3] ERROR ExternalProcessHandler - INFO: Detected dialect: OSS

Aug 20, 2020 10:01:25 AM org.openqa.selenium.remote.ProtocolHandshake createSession
[MASTER] 18:01:25.818 [Thread-3] ERROR ExternalProcessHandler - Aug 20, 2020 10:01:25 AM org.openqa.selenium.remote.ProtocolHandshake createSession

INFO: Detected dialect: OSS
[MASTER] 18:01:25.818 [Thread-3] ERROR ExternalProcessHandler - INFO: Detected dialect: OSS

Aug 20, 2020 10:01:28 AM org.openqa.selenium.remote.ProtocolHandshake createSession
[MASTER] 18:01:28.661 [Thread-3] ERROR ExternalProcessHandler - Aug 20, 2020 10:01:28 AM org.openqa.selenium.remote.ProtocolHandshake createSession

INFO: Detected dialect: OSS
[MASTER] 18:01:28.662 [Thread-3] ERROR ExternalProcessHandler - INFO: Detected dialect: OSS

Aug 20, 2020 10:01:29 AM po_utils.PageObjectLogging logInfo
[MASTER] 18:01:29.872 [Thread-3] ERROR ExternalProcessHandler - Aug 20, 2020 10:01:29 AM po_utils.PageObjectLogging logInfo

INFO: waitForElementBeingPresentOnPage timeout exception: unable to locate the element By.xpath: //button[text()="Create a new session"]
[MASTER] 18:01:29.873 [Thread-3] ERROR ExternalProcessHandler - INFO: waitForElementBeingPresentOnPage timeout exception: unable to locate the element By.xpath: //button[text()="Create a new session"]


[MASTER] 18:01:29.873 [Thread-3] ERROR ExternalProcessHandler - 


[MASTER] 18:01:29.873 [Thread-3] ERROR ExternalProcessHandler - 

Aug 20, 2020 10:01:30 AM org.openqa.selenium.remote.ProtocolHandshake createSession
[MASTER] 18:01:30.325 [Thread-3] ERROR ExternalProcessHandler - Aug 20, 2020 10:01:30 AM org.openqa.selenium.remote.ProtocolHandshake createSession

INFO: Detected dialect: OSS
[MASTER] 18:01:30.325 [Thread-3] ERROR ExternalProcessHandler - INFO: Detected dialect: OSS

Aug 20, 2020 10:01:31 AM po_utils.PageObjectLogging logInfo
[MASTER] 18:01:31.412 [Thread-3] ERROR ExternalProcessHandler - Aug 20, 2020 10:01:31 AM po_utils.PageObjectLogging logInfo

INFO: waitForElementBeingPresentOnPage timeout exception: unable to locate the element By.xpath: //button[text()="Create a new session"]
[MASTER] 18:01:31.413 [Thread-3] ERROR ExternalProcessHandler - INFO: waitForElementBeingPresentOnPage timeout exception: unable to locate the element By.xpath: //button[text()="Create a new session"]


[MASTER] 18:01:31.413 [Thread-3] ERROR ExternalProcessHandler - 


[MASTER] 18:01:31.413 [Thread-3] ERROR ExternalProcessHandler - 

Aug 20, 2020 10:01:31 AM org.openqa.selenium.remote.ProtocolHandshake createSession
[MASTER] 18:01:31.854 [Thread-3] ERROR ExternalProcessHandler - Aug 20, 2020 10:01:31 AM org.openqa.selenium.remote.ProtocolHandshake createSession

INFO: Detected dialect: OSS
[MASTER] 18:01:31.855 [Thread-3] ERROR ExternalProcessHandler - INFO: Detected dialect: OSS

Aug 20, 2020 10:01:34 AM org.openqa.selenium.remote.ProtocolHandshake createSession
[MASTER] 18:01:34.766 [Thread-3] ERROR ExternalProcessHandler - Aug 20, 2020 10:01:34 AM org.openqa.selenium.remote.ProtocolHandshake createSession

INFO: Detected dialect: OSS
[MASTER] 18:01:34.766 [Thread-3] ERROR ExternalProcessHandler - INFO: Detected dialect: OSS

Aug 20, 2020 10:01:38 AM org.openqa.selenium.remote.ProtocolHandshake createSession
[MASTER] 18:01:38.237 [Thread-3] ERROR ExternalProcessHandler - Aug 20, 2020 10:01:38 AM org.openqa.selenium.remote.ProtocolHandshake createSession

INFO: Detected dialect: OSS
[MASTER] 18:01:38.238 [Thread-3] ERROR ExternalProcessHandler - INFO: Detected dialect: OSS

