SLF4J: Class path contains multiple SLF4J bindings.
SLF4J: Found binding in [jar:file:/home/yw/.m2/repository/ch/qos/logback/logback-classic/1.1.3/logback-classic-1.1.3.jar!/org/slf4j/impl/StaticLoggerBinder.class]
SLF4J: Found binding in [jar:file:/home/yw/.m2/repository/org/evosuite/evosuite-master/1.0.4-SNAPSHOT/evosuite-master-1.0.4-SNAPSHOT.jar!/org/slf4j/impl/StaticLoggerBinder.class]
SLF4J: See http://www.slf4j.org/codes.html#multiple_bindings for an explanation.
SLF4J: Actual binding is of type [ch.qos.logback.classic.util.ContextSelectorStaticBinder]
SLF4J: Class path contains multiple SLF4J bindings.
[MASTER] 17:26:15.401 [Thread-3] ERROR ExternalProcessHandler - SLF4J: Class path contains multiple SLF4J bindings.

SLF4J: Found binding in [jar:file:/home/yw/.m2/repository/ch/qos/logback/logback-classic/1.1.3/logback-classic-1.1.3.jar!/org/slf4j/impl/StaticLoggerBinder.class]
[MASTER] 17:26:15.403 [Thread-3] ERROR ExternalProcessHandler - SLF4J: Found binding in [jar:file:/home/yw/.m2/repository/ch/qos/logback/logback-classic/1.1.3/logback-classic-1.1.3.jar!/org/slf4j/impl/StaticLoggerBinder.class]

SLF4J: Found binding in [jar:file:/home/yw/.m2/repository/org/evosuite/evosuite-master/1.0.4-SNAPSHOT/evosuite-master-1.0.4-SNAPSHOT.jar!/org/slf4j/impl/StaticLoggerBinder.class]
[MASTER] 17:26:15.405 [Thread-3] ERROR ExternalProcessHandler - SLF4J: Found binding in [jar:file:/home/yw/.m2/repository/org/evosuite/evosuite-master/1.0.4-SNAPSHOT/evosuite-master-1.0.4-SNAPSHOT.jar!/org/slf4j/impl/StaticLoggerBinder.class]

SLF4J: See http://www.slf4j.org/codes.html#multiple_bindings for an explanation.
[MASTER] 17:26:15.405 [Thread-3] ERROR ExternalProcessHandler - SLF4J: See http://www.slf4j.org/codes.html#multiple_bindings for an explanation.

SLF4J: Actual binding is of type [ch.qos.logback.classic.util.ContextSelectorStaticBinder]
[MASTER] 17:26:15.594 [Thread-3] ERROR ExternalProcessHandler - SLF4J: Actual binding is of type [ch.qos.logback.classic.util.ContextSelectorStaticBinder]

Aug 14, 2020 9:26:18 AM org.openqa.selenium.remote.ProtocolHandshake createSession
[MASTER] 17:26:18.578 [Thread-3] ERROR ExternalProcessHandler - Aug 14, 2020 9:26:18 AM org.openqa.selenium.remote.ProtocolHandshake createSession

INFO: Detected dialect: OSS
[MASTER] 17:26:18.579 [Thread-3] ERROR ExternalProcessHandler - INFO: Detected dialect: OSS

Aug 14, 2020 9:26:19 AM org.openqa.selenium.remote.ProtocolHandshake createSession
[MASTER] 17:26:19.938 [Thread-3] ERROR ExternalProcessHandler - Aug 14, 2020 9:26:19 AM org.openqa.selenium.remote.ProtocolHandshake createSession

INFO: Detected dialect: OSS
[MASTER] 17:26:19.939 [Thread-3] ERROR ExternalProcessHandler - INFO: Detected dialect: OSS

Exception in thread "Thread-3" java.lang.ClassCastException: org.evosuite.testcase.TestChromosome cannot be cast to org.evosuite.testsuite.TestSuiteChromosome
[MASTER] 17:26:20.002 [Thread-3] ERROR ExternalProcessHandler - Exception in thread "Thread-3" java.lang.ClassCastException: org.evosuite.testcase.TestChromosome cannot be cast to org.evosuite.testsuite.TestSuiteChromosome

	at org.evosuite.statistics.SearchStatistics.currentIndividual(SearchStatistics.java:181)
[MASTER] 17:26:20.002 [Thread-3] ERROR ExternalProcessHandler - 	at org.evosuite.statistics.SearchStatistics.currentIndividual(SearchStatistics.java:181)

	at org.evosuite.rmi.service.MasterNodeImpl.evosuite_collectStatistics(MasterNodeImpl.java:166)
[MASTER] 17:26:20.002 [Thread-3] ERROR ExternalProcessHandler - 	at org.evosuite.rmi.service.MasterNodeImpl.evosuite_collectStatistics(MasterNodeImpl.java:166)

	at sun.reflect.NativeMethodAccessorImpl.invoke0(Native Method)
[MASTER] 17:26:20.003 [Thread-3] ERROR ExternalProcessHandler - 	at sun.reflect.NativeMethodAccessorImpl.invoke0(Native Method)

	at sun.reflect.NativeMethodAccessorImpl.invoke(NativeMethodAccessorImpl.java:62)
[MASTER] 17:26:20.003 [Thread-3] ERROR ExternalProcessHandler - 	at sun.reflect.NativeMethodAccessorImpl.invoke(NativeMethodAccessorImpl.java:62)

	at sun.reflect.DelegatingMethodAccessorImpl.invoke(DelegatingMethodAccessorImpl.java:43)
[MASTER] 17:26:20.003 [Thread-3] ERROR ExternalProcessHandler - 	at sun.reflect.DelegatingMethodAccessorImpl.invoke(DelegatingMethodAccessorImpl.java:43)

	at java.lang.reflect.Method.invoke(Method.java:498)
[MASTER] 17:26:20.003 [Thread-3] ERROR ExternalProcessHandler - 	at java.lang.reflect.Method.invoke(Method.java:498)

	at sun.rmi.server.UnicastServerRef.dispatch(UnicastServerRef.java:357)
[MASTER] 17:26:20.004 [Thread-3] ERROR ExternalProcessHandler - 	at sun.rmi.server.UnicastServerRef.dispatch(UnicastServerRef.java:357)

	at sun.rmi.transport.Transport$1.run(Transport.java:200)
[MASTER] 17:26:20.004 [Thread-3] ERROR ExternalProcessHandler - 	at sun.rmi.transport.Transport$1.run(Transport.java:200)

	at sun.rmi.transport.Transport$1.run(Transport.java:197)
[MASTER] 17:26:20.004 [Thread-3] ERROR ExternalProcessHandler - 	at sun.rmi.transport.Transport$1.run(Transport.java:197)

	at java.security.AccessController.doPrivileged(Native Method)
[MASTER] 17:26:20.005 [Thread-3] ERROR ExternalProcessHandler - 	at java.security.AccessController.doPrivileged(Native Method)

	at sun.rmi.transport.Transport.serviceCall(Transport.java:196)
[MASTER] 17:26:20.005 [Thread-3] ERROR ExternalProcessHandler - 	at sun.rmi.transport.Transport.serviceCall(Transport.java:196)

	at sun.rmi.transport.tcp.TCPTransport.handleMessages(TCPTransport.java:573)
[MASTER] 17:26:20.005 [Thread-3] ERROR ExternalProcessHandler - 	at sun.rmi.transport.tcp.TCPTransport.handleMessages(TCPTransport.java:573)

	at sun.rmi.transport.tcp.TCPTransport$ConnectionHandler.run0(TCPTransport.java:834)
[MASTER] 17:26:20.005 [Thread-3] ERROR ExternalProcessHandler - 	at sun.rmi.transport.tcp.TCPTransport$ConnectionHandler.run0(TCPTransport.java:834)

	at sun.rmi.transport.tcp.TCPTransport$ConnectionHandler.lambda$run$0(TCPTransport.java:688)
[MASTER] 17:26:20.006 [Thread-3] ERROR ExternalProcessHandler - 	at sun.rmi.transport.tcp.TCPTransport$ConnectionHandler.lambda$run$0(TCPTransport.java:688)

	at java.security.AccessController.doPrivileged(Native Method)
[MASTER] 17:26:20.006 [Thread-3] ERROR ExternalProcessHandler - 	at java.security.AccessController.doPrivileged(Native Method)

	at sun.rmi.transport.tcp.TCPTransport$ConnectionHandler.run(TCPTransport.java:687)
[MASTER] 17:26:20.006 [Thread-3] ERROR ExternalProcessHandler - 	at sun.rmi.transport.tcp.TCPTransport$ConnectionHandler.run(TCPTransport.java:687)

	at java.util.concurrent.ThreadPoolExecutor.runWorker(ThreadPoolExecutor.java:1149)
[MASTER] 17:26:20.007 [Thread-3] ERROR ExternalProcessHandler - 	at java.util.concurrent.ThreadPoolExecutor.runWorker(ThreadPoolExecutor.java:1149)

	at java.util.concurrent.ThreadPoolExecutor$Worker.run(ThreadPoolExecutor.java:624)
[MASTER] 17:26:20.007 [Thread-3] ERROR ExternalProcessHandler - 	at java.util.concurrent.ThreadPoolExecutor$Worker.run(ThreadPoolExecutor.java:624)

	at java.lang.Thread.run(Thread.java:748)
[MASTER] 17:26:20.007 [Thread-3] ERROR ExternalProcessHandler - 	at java.lang.Thread.run(Thread.java:748)

	at sun.rmi.transport.StreamRemoteCall.exceptionReceivedFromServer(StreamRemoteCall.java:303)
[MASTER] 17:26:20.007 [Thread-3] ERROR ExternalProcessHandler - 	at sun.rmi.transport.StreamRemoteCall.exceptionReceivedFromServer(StreamRemoteCall.java:303)

	at sun.rmi.transport.StreamRemoteCall.executeCall(StreamRemoteCall.java:279)
[MASTER] 17:26:20.008 [Thread-3] ERROR ExternalProcessHandler - 	at sun.rmi.transport.StreamRemoteCall.executeCall(StreamRemoteCall.java:279)

	at sun.rmi.server.UnicastRef.invoke(UnicastRef.java:164)
[MASTER] 17:26:20.008 [Thread-3] ERROR ExternalProcessHandler - 	at sun.rmi.server.UnicastRef.invoke(UnicastRef.java:164)

	at java.rmi.server.RemoteObjectInvocationHandler.invokeRemoteMethod(RemoteObjectInvocationHandler.java:235)
[MASTER] 17:26:20.008 [Thread-3] ERROR ExternalProcessHandler - 	at java.rmi.server.RemoteObjectInvocationHandler.invokeRemoteMethod(RemoteObjectInvocationHandler.java:235)

	at java.rmi.server.RemoteObjectInvocationHandler.invoke(RemoteObjectInvocationHandler.java:180)
[MASTER] 17:26:20.009 [Thread-3] ERROR ExternalProcessHandler - 	at java.rmi.server.RemoteObjectInvocationHandler.invoke(RemoteObjectInvocationHandler.java:180)

	at com.sun.proxy.$Proxy7.evosuite_collectStatistics(Unknown Source)
[MASTER] 17:26:20.009 [Thread-3] ERROR ExternalProcessHandler - 	at com.sun.proxy.$Proxy7.evosuite_collectStatistics(Unknown Source)

	at org.evosuite.rmi.service.ClientNodeImpl.updateStatistics(ClientNodeImpl.java:237)
[MASTER] 17:26:20.009 [Thread-3] ERROR ExternalProcessHandler - 	at org.evosuite.rmi.service.ClientNodeImpl.updateStatistics(ClientNodeImpl.java:237)

	at org.evosuite.statistics.StatisticsSender.sendIndividualToMaster(StatisticsSender.java:75)
[MASTER] 17:26:20.009 [Thread-3] ERROR ExternalProcessHandler - 	at org.evosuite.statistics.StatisticsSender.sendIndividualToMaster(StatisticsSender.java:75)

	at org.evosuite.statistics.StatisticsListener$1.run(StatisticsListener.java:71)
[MASTER] 17:26:20.010 [Thread-3] ERROR ExternalProcessHandler - 	at org.evosuite.statistics.StatisticsListener$1.run(StatisticsListener.java:71)

Aug 14, 2020 9:26:21 AM org.openqa.selenium.remote.ProtocolHandshake createSession
[MASTER] 17:26:21.669 [Thread-3] ERROR ExternalProcessHandler - Aug 14, 2020 9:26:21 AM org.openqa.selenium.remote.ProtocolHandshake createSession

INFO: Detected dialect: OSS
[MASTER] 17:26:21.669 [Thread-3] ERROR ExternalProcessHandler - INFO: Detected dialect: OSS

Aug 14, 2020 9:26:22 AM org.openqa.selenium.remote.ProtocolHandshake createSession
[MASTER] 17:26:22.742 [Thread-3] ERROR ExternalProcessHandler - Aug 14, 2020 9:26:22 AM org.openqa.selenium.remote.ProtocolHandshake createSession

INFO: Detected dialect: OSS
[MASTER] 17:26:22.742 [Thread-3] ERROR ExternalProcessHandler - INFO: Detected dialect: OSS

Aug 14, 2020 9:26:28 AM org.openqa.selenium.remote.ProtocolHandshake createSession
[MASTER] 17:26:28.419 [Thread-3] ERROR ExternalProcessHandler - Aug 14, 2020 9:26:28 AM org.openqa.selenium.remote.ProtocolHandshake createSession

INFO: Detected dialect: OSS
[MASTER] 17:26:28.419 [Thread-3] ERROR ExternalProcessHandler - INFO: Detected dialect: OSS

Aug 14, 2020 9:26:40 AM org.openqa.selenium.remote.ProtocolHandshake createSession
[MASTER] 17:26:40.592 [Thread-3] ERROR ExternalProcessHandler - Aug 14, 2020 9:26:40 AM org.openqa.selenium.remote.ProtocolHandshake createSession

INFO: Detected dialect: OSS
[MASTER] 17:26:40.592 [Thread-3] ERROR ExternalProcessHandler - INFO: Detected dialect: OSS

Aug 14, 2020 9:26:59 AM org.openqa.selenium.remote.ProtocolHandshake createSession
[MASTER] 17:26:59.159 [Thread-3] ERROR ExternalProcessHandler - Aug 14, 2020 9:26:59 AM org.openqa.selenium.remote.ProtocolHandshake createSession

INFO: Detected dialect: OSS
[MASTER] 17:26:59.159 [Thread-3] ERROR ExternalProcessHandler - INFO: Detected dialect: OSS

[MASTER] 17:27:23.853 [logback-2] ERROR TestCaseExecutor - TG: Exception caught: 
java.lang.IllegalStateException: Test generation failed: page object bug.
	at org.evosuite.testcase.execution.TestCaseExecutor.runTest(TestCaseExecutor.java:322) ~[evosuite-client-1.0.4-SNAPSHOT.jar:na]
	at org.evosuite.testcase.TestFitnessFunction.runTest(TestFitnessFunction.java:91) [evosuite-client-1.0.4-SNAPSHOT.jar:na]
	at org.evosuite.testcase.TestFitnessFunction.getFitness(TestFitnessFunction.java:60) [evosuite-client-1.0.4-SNAPSHOT.jar:na]
	at org.evosuite.testcase.TestFitnessFunction.getFitness(TestFitnessFunction.java:34) [evosuite-client-1.0.4-SNAPSHOT.jar:na]
	at org.evosuite.ga.metaheuristics.art.AdaptiveRandomSearch.calculateFitness(AdaptiveRandomSearch.java:312) [evosuite-client-1.0.4-SNAPSHOT.jar:na]
	at org.evosuite.ga.metaheuristics.art.AdaptiveRandomSearch.evolve(AdaptiveRandomSearch.java:139) [evosuite-client-1.0.4-SNAPSHOT.jar:na]
	at org.evosuite.ga.metaheuristics.art.AdaptiveRandomSearch.generateSolution(AdaptiveRandomSearch.java:270) [evosuite-client-1.0.4-SNAPSHOT.jar:na]
	at org.evosuite.strategy.AdaptiveRandomTestStrategy.generateTests(AdaptiveRandomTestStrategy.java:118) [evosuite-client-1.0.4-SNAPSHOT.jar:na]
	at org.evosuite.TestSuiteGenerator.generateTests(TestSuiteGenerator.java:654) [evosuite-client-1.0.4-SNAPSHOT.jar:na]
	at org.evosuite.TestSuiteGenerator.generateTestSuite(TestSuiteGenerator.java:213) [evosuite-client-1.0.4-SNAPSHOT.jar:na]
	at org.evosuite.rmi.service.ClientNodeImpl$1.run(ClientNodeImpl.java:145) [evosuite-client-1.0.4-SNAPSHOT.jar:na]
	at java.util.concurrent.Executors$RunnableAdapter.call(Executors.java:511) [na:1.8.0_265]
	at java.util.concurrent.FutureTask.run(FutureTask.java:266) [na:1.8.0_265]
	at java.util.concurrent.ThreadPoolExecutor.runWorker(ThreadPoolExecutor.java:1149) [na:1.8.0_265]
	at java.util.concurrent.ThreadPoolExecutor$Worker.run(ThreadPoolExecutor.java:624) [na:1.8.0_265]
	at java.lang.Thread.run(Thread.java:748) [na:1.8.0_265]
Aug 14, 2020 9:27:24 AM org.openqa.selenium.remote.ProtocolHandshake createSession
[MASTER] 17:27:24.049 [Thread-3] ERROR ExternalProcessHandler - Aug 14, 2020 9:27:24 AM org.openqa.selenium.remote.ProtocolHandshake createSession

INFO: Detected dialect: OSS
[MASTER] 17:27:24.049 [Thread-3] ERROR ExternalProcessHandler - INFO: Detected dialect: OSS

Aug 14, 2020 9:27:25 AM org.openqa.selenium.remote.ProtocolHandshake createSession
[MASTER] 17:27:25.529 [Thread-3] ERROR ExternalProcessHandler - Aug 14, 2020 9:27:25 AM org.openqa.selenium.remote.ProtocolHandshake createSession

INFO: Detected dialect: OSS
[MASTER] 17:27:25.529 [Thread-3] ERROR ExternalProcessHandler - INFO: Detected dialect: OSS

Aug 14, 2020 9:27:26 AM org.openqa.selenium.remote.ProtocolHandshake createSession
[MASTER] 17:27:26.539 [Thread-3] ERROR ExternalProcessHandler - Aug 14, 2020 9:27:26 AM org.openqa.selenium.remote.ProtocolHandshake createSession

INFO: Detected dialect: OSS
[MASTER] 17:27:26.539 [Thread-3] ERROR ExternalProcessHandler - INFO: Detected dialect: OSS

Aug 14, 2020 9:27:28 AM org.openqa.selenium.remote.ProtocolHandshake createSession
[MASTER] 17:27:28.176 [Thread-3] ERROR ExternalProcessHandler - Aug 14, 2020 9:27:28 AM org.openqa.selenium.remote.ProtocolHandshake createSession

INFO: Detected dialect: OSS
[MASTER] 17:27:28.176 [Thread-3] ERROR ExternalProcessHandler - INFO: Detected dialect: OSS

Aug 14, 2020 9:27:29 AM org.openqa.selenium.remote.ProtocolHandshake createSession
[MASTER] 17:27:29.752 [Thread-3] ERROR ExternalProcessHandler - Aug 14, 2020 9:27:29 AM org.openqa.selenium.remote.ProtocolHandshake createSession

INFO: Detected dialect: OSS
[MASTER] 17:27:29.752 [Thread-3] ERROR ExternalProcessHandler - INFO: Detected dialect: OSS

Aug 14, 2020 9:27:31 AM org.openqa.selenium.remote.ProtocolHandshake createSession
[MASTER] 17:27:31.295 [Thread-3] ERROR ExternalProcessHandler - Aug 14, 2020 9:27:31 AM org.openqa.selenium.remote.ProtocolHandshake createSession

INFO: Detected dialect: OSS
[MASTER] 17:27:31.296 [Thread-3] ERROR ExternalProcessHandler - INFO: Detected dialect: OSS

Aug 14, 2020 9:27:32 AM org.openqa.selenium.remote.ProtocolHandshake createSession
[MASTER] 17:27:32.998 [Thread-3] ERROR ExternalProcessHandler - Aug 14, 2020 9:27:32 AM org.openqa.selenium.remote.ProtocolHandshake createSession

INFO: Detected dialect: OSS
[MASTER] 17:27:32.998 [Thread-3] ERROR ExternalProcessHandler - INFO: Detected dialect: OSS

Aug 14, 2020 9:27:34 AM org.openqa.selenium.remote.ProtocolHandshake createSession
[MASTER] 17:27:34.471 [Thread-3] ERROR ExternalProcessHandler - Aug 14, 2020 9:27:34 AM org.openqa.selenium.remote.ProtocolHandshake createSession

INFO: Detected dialect: OSS
[MASTER] 17:27:34.472 [Thread-3] ERROR ExternalProcessHandler - INFO: Detected dialect: OSS

Aug 14, 2020 9:27:37 AM org.openqa.selenium.remote.ProtocolHandshake createSession
[MASTER] 17:27:37.044 [Thread-3] ERROR ExternalProcessHandler - Aug 14, 2020 9:27:37 AM org.openqa.selenium.remote.ProtocolHandshake createSession

INFO: Detected dialect: OSS
[MASTER] 17:27:37.044 [Thread-3] ERROR ExternalProcessHandler - INFO: Detected dialect: OSS

Aug 14, 2020 9:27:38 AM org.openqa.selenium.remote.ProtocolHandshake createSession
[MASTER] 17:27:38.350 [Thread-3] ERROR ExternalProcessHandler - Aug 14, 2020 9:27:38 AM org.openqa.selenium.remote.ProtocolHandshake createSession

INFO: Detected dialect: OSS
[MASTER] 17:27:38.350 [Thread-3] ERROR ExternalProcessHandler - INFO: Detected dialect: OSS

Aug 14, 2020 9:27:42 AM org.openqa.selenium.remote.ProtocolHandshake createSession
[MASTER] 17:27:42.851 [Thread-3] ERROR ExternalProcessHandler - Aug 14, 2020 9:27:42 AM org.openqa.selenium.remote.ProtocolHandshake createSession

INFO: Detected dialect: OSS
[MASTER] 17:27:42.851 [Thread-3] ERROR ExternalProcessHandler - INFO: Detected dialect: OSS

Aug 14, 2020 9:27:53 AM org.openqa.selenium.remote.ProtocolHandshake createSession
[MASTER] 17:27:53.825 [Thread-3] ERROR ExternalProcessHandler - Aug 14, 2020 9:27:53 AM org.openqa.selenium.remote.ProtocolHandshake createSession

INFO: Detected dialect: OSS
[MASTER] 17:27:53.825 [Thread-3] ERROR ExternalProcessHandler - INFO: Detected dialect: OSS

Aug 14, 2020 9:28:11 AM org.openqa.selenium.remote.ProtocolHandshake createSession
[MASTER] 17:28:11.078 [Thread-3] ERROR ExternalProcessHandler - Aug 14, 2020 9:28:11 AM org.openqa.selenium.remote.ProtocolHandshake createSession

INFO: Detected dialect: OSS
[MASTER] 17:28:11.079 [Thread-3] ERROR ExternalProcessHandler - INFO: Detected dialect: OSS

[MASTER] 17:28:34.454 [logback-2] ERROR TestCaseExecutor - TG: Exception caught: 
java.lang.IllegalStateException: Test generation failed: page object bug.
	at org.evosuite.testcase.execution.TestCaseExecutor.runTest(TestCaseExecutor.java:322) ~[evosuite-client-1.0.4-SNAPSHOT.jar:na]
	at org.evosuite.testcase.TestFitnessFunction.runTest(TestFitnessFunction.java:91) [evosuite-client-1.0.4-SNAPSHOT.jar:na]
	at org.evosuite.testcase.TestFitnessFunction.getFitness(TestFitnessFunction.java:60) [evosuite-client-1.0.4-SNAPSHOT.jar:na]
	at org.evosuite.testcase.TestFitnessFunction.getFitness(TestFitnessFunction.java:34) [evosuite-client-1.0.4-SNAPSHOT.jar:na]
	at org.evosuite.ga.metaheuristics.art.AdaptiveRandomSearch.calculateFitness(AdaptiveRandomSearch.java:312) [evosuite-client-1.0.4-SNAPSHOT.jar:na]
	at org.evosuite.ga.metaheuristics.art.AdaptiveRandomSearch.evolve(AdaptiveRandomSearch.java:139) [evosuite-client-1.0.4-SNAPSHOT.jar:na]
	at org.evosuite.ga.metaheuristics.art.AdaptiveRandomSearch.generateSolution(AdaptiveRandomSearch.java:270) [evosuite-client-1.0.4-SNAPSHOT.jar:na]
	at org.evosuite.strategy.AdaptiveRandomTestStrategy.generateTests(AdaptiveRandomTestStrategy.java:118) [evosuite-client-1.0.4-SNAPSHOT.jar:na]
	at org.evosuite.TestSuiteGenerator.generateTests(TestSuiteGenerator.java:654) [evosuite-client-1.0.4-SNAPSHOT.jar:na]
	at org.evosuite.TestSuiteGenerator.generateTestSuite(TestSuiteGenerator.java:213) [evosuite-client-1.0.4-SNAPSHOT.jar:na]
	at org.evosuite.rmi.service.ClientNodeImpl$1.run(ClientNodeImpl.java:145) [evosuite-client-1.0.4-SNAPSHOT.jar:na]
	at java.util.concurrent.Executors$RunnableAdapter.call(Executors.java:511) [na:1.8.0_265]
	at java.util.concurrent.FutureTask.run(FutureTask.java:266) [na:1.8.0_265]
	at java.util.concurrent.ThreadPoolExecutor.runWorker(ThreadPoolExecutor.java:1149) [na:1.8.0_265]
	at java.util.concurrent.ThreadPoolExecutor$Worker.run(ThreadPoolExecutor.java:624) [na:1.8.0_265]
	at java.lang.Thread.run(Thread.java:748) [na:1.8.0_265]
Aug 14, 2020 9:28:34 AM org.openqa.selenium.remote.ProtocolHandshake createSession
[MASTER] 17:28:34.648 [Thread-3] ERROR ExternalProcessHandler - Aug 14, 2020 9:28:34 AM org.openqa.selenium.remote.ProtocolHandshake createSession

INFO: Detected dialect: OSS
[MASTER] 17:28:34.648 [Thread-3] ERROR ExternalProcessHandler - INFO: Detected dialect: OSS

Aug 14, 2020 9:28:35 AM org.openqa.selenium.remote.ProtocolHandshake createSession
[MASTER] 17:28:35.732 [Thread-3] ERROR ExternalProcessHandler - Aug 14, 2020 9:28:35 AM org.openqa.selenium.remote.ProtocolHandshake createSession

INFO: Detected dialect: OSS
[MASTER] 17:28:35.732 [Thread-3] ERROR ExternalProcessHandler - INFO: Detected dialect: OSS

Aug 14, 2020 9:28:36 AM org.openqa.selenium.remote.ProtocolHandshake createSession
[MASTER] 17:28:36.986 [Thread-3] ERROR ExternalProcessHandler - Aug 14, 2020 9:28:36 AM org.openqa.selenium.remote.ProtocolHandshake createSession

INFO: Detected dialect: OSS
[MASTER] 17:28:36.986 [Thread-3] ERROR ExternalProcessHandler - INFO: Detected dialect: OSS

Aug 14, 2020 9:28:38 AM org.openqa.selenium.remote.ProtocolHandshake createSession
[MASTER] 17:28:38.857 [Thread-3] ERROR ExternalProcessHandler - Aug 14, 2020 9:28:38 AM org.openqa.selenium.remote.ProtocolHandshake createSession

INFO: Detected dialect: OSS
[MASTER] 17:28:38.858 [Thread-3] ERROR ExternalProcessHandler - INFO: Detected dialect: OSS

Aug 14, 2020 9:28:40 AM org.openqa.selenium.remote.ProtocolHandshake createSession
[MASTER] 17:28:40.533 [Thread-3] ERROR ExternalProcessHandler - Aug 14, 2020 9:28:40 AM org.openqa.selenium.remote.ProtocolHandshake createSession

INFO: Detected dialect: OSS
[MASTER] 17:28:40.534 [Thread-3] ERROR ExternalProcessHandler - INFO: Detected dialect: OSS

Aug 14, 2020 9:28:41 AM org.openqa.selenium.remote.ProtocolHandshake createSession
[MASTER] 17:28:41.791 [Thread-3] ERROR ExternalProcessHandler - Aug 14, 2020 9:28:41 AM org.openqa.selenium.remote.ProtocolHandshake createSession

INFO: Detected dialect: OSS
[MASTER] 17:28:41.791 [Thread-3] ERROR ExternalProcessHandler - INFO: Detected dialect: OSS

Aug 14, 2020 9:28:45 AM org.openqa.selenium.remote.ProtocolHandshake createSession
[MASTER] 17:28:45.907 [Thread-3] ERROR ExternalProcessHandler - Aug 14, 2020 9:28:45 AM org.openqa.selenium.remote.ProtocolHandshake createSession

INFO: Detected dialect: OSS
[MASTER] 17:28:45.908 [Thread-3] ERROR ExternalProcessHandler - INFO: Detected dialect: OSS

Aug 14, 2020 9:28:56 AM org.openqa.selenium.remote.ProtocolHandshake createSession
[MASTER] 17:28:56.041 [Thread-3] ERROR ExternalProcessHandler - Aug 14, 2020 9:28:56 AM org.openqa.selenium.remote.ProtocolHandshake createSession

INFO: Detected dialect: OSS
[MASTER] 17:28:56.042 [Thread-3] ERROR ExternalProcessHandler - INFO: Detected dialect: OSS

Aug 14, 2020 9:29:11 AM org.openqa.selenium.remote.ProtocolHandshake createSession
[MASTER] 17:29:11.991 [Thread-3] ERROR ExternalProcessHandler - Aug 14, 2020 9:29:11 AM org.openqa.selenium.remote.ProtocolHandshake createSession

INFO: Detected dialect: OSS
[MASTER] 17:29:11.991 [Thread-3] ERROR ExternalProcessHandler - INFO: Detected dialect: OSS

[MASTER] 17:29:33.656 [logback-2] ERROR TestCaseExecutor - TG: Exception caught: 
java.lang.IllegalStateException: Test generation failed: page object bug.
	at org.evosuite.testcase.execution.TestCaseExecutor.runTest(TestCaseExecutor.java:322) ~[evosuite-client-1.0.4-SNAPSHOT.jar:na]
	at org.evosuite.testcase.TestFitnessFunction.runTest(TestFitnessFunction.java:91) [evosuite-client-1.0.4-SNAPSHOT.jar:na]
	at org.evosuite.testcase.TestFitnessFunction.getFitness(TestFitnessFunction.java:60) [evosuite-client-1.0.4-SNAPSHOT.jar:na]
	at org.evosuite.testcase.TestFitnessFunction.getFitness(TestFitnessFunction.java:34) [evosuite-client-1.0.4-SNAPSHOT.jar:na]
	at org.evosuite.ga.metaheuristics.art.AdaptiveRandomSearch.calculateFitness(AdaptiveRandomSearch.java:312) [evosuite-client-1.0.4-SNAPSHOT.jar:na]
	at org.evosuite.ga.metaheuristics.art.AdaptiveRandomSearch.evolve(AdaptiveRandomSearch.java:139) [evosuite-client-1.0.4-SNAPSHOT.jar:na]
	at org.evosuite.ga.metaheuristics.art.AdaptiveRandomSearch.generateSolution(AdaptiveRandomSearch.java:270) [evosuite-client-1.0.4-SNAPSHOT.jar:na]
	at org.evosuite.strategy.AdaptiveRandomTestStrategy.generateTests(AdaptiveRandomTestStrategy.java:118) [evosuite-client-1.0.4-SNAPSHOT.jar:na]
	at org.evosuite.TestSuiteGenerator.generateTests(TestSuiteGenerator.java:654) [evosuite-client-1.0.4-SNAPSHOT.jar:na]
	at org.evosuite.TestSuiteGenerator.generateTestSuite(TestSuiteGenerator.java:213) [evosuite-client-1.0.4-SNAPSHOT.jar:na]
	at org.evosuite.rmi.service.ClientNodeImpl$1.run(ClientNodeImpl.java:145) [evosuite-client-1.0.4-SNAPSHOT.jar:na]
	at java.util.concurrent.Executors$RunnableAdapter.call(Executors.java:511) [na:1.8.0_265]
	at java.util.concurrent.FutureTask.run(FutureTask.java:266) [na:1.8.0_265]
	at java.util.concurrent.ThreadPoolExecutor.runWorker(ThreadPoolExecutor.java:1149) [na:1.8.0_265]
	at java.util.concurrent.ThreadPoolExecutor$Worker.run(ThreadPoolExecutor.java:624) [na:1.8.0_265]
	at java.lang.Thread.run(Thread.java:748) [na:1.8.0_265]
Aug 14, 2020 9:29:33 AM org.openqa.selenium.remote.ProtocolHandshake createSession
[MASTER] 17:29:33.824 [Thread-3] ERROR ExternalProcessHandler - Aug 14, 2020 9:29:33 AM org.openqa.selenium.remote.ProtocolHandshake createSession

INFO: Detected dialect: OSS
[MASTER] 17:29:33.824 [Thread-3] ERROR ExternalProcessHandler - INFO: Detected dialect: OSS

Aug 14, 2020 9:29:35 AM org.openqa.selenium.remote.ProtocolHandshake createSession
[MASTER] 17:29:35.465 [Thread-3] ERROR ExternalProcessHandler - Aug 14, 2020 9:29:35 AM org.openqa.selenium.remote.ProtocolHandshake createSession

INFO: Detected dialect: OSS
[MASTER] 17:29:35.465 [Thread-3] ERROR ExternalProcessHandler - INFO: Detected dialect: OSS

Aug 14, 2020 9:29:38 AM org.openqa.selenium.remote.ProtocolHandshake createSession
[MASTER] 17:29:38.299 [Thread-3] ERROR ExternalProcessHandler - Aug 14, 2020 9:29:38 AM org.openqa.selenium.remote.ProtocolHandshake createSession

INFO: Detected dialect: OSS
[MASTER] 17:29:38.299 [Thread-3] ERROR ExternalProcessHandler - INFO: Detected dialect: OSS

Aug 14, 2020 9:29:47 AM org.openqa.selenium.remote.ProtocolHandshake createSession
[MASTER] 17:29:47.723 [Thread-3] ERROR ExternalProcessHandler - Aug 14, 2020 9:29:47 AM org.openqa.selenium.remote.ProtocolHandshake createSession

INFO: Detected dialect: OSS
[MASTER] 17:29:47.723 [Thread-3] ERROR ExternalProcessHandler - INFO: Detected dialect: OSS

Aug 14, 2020 9:30:03 AM org.openqa.selenium.remote.ProtocolHandshake createSession
[MASTER] 17:30:03.335 [Thread-3] ERROR ExternalProcessHandler - Aug 14, 2020 9:30:03 AM org.openqa.selenium.remote.ProtocolHandshake createSession

INFO: Detected dialect: OSS
[MASTER] 17:30:03.336 [Thread-3] ERROR ExternalProcessHandler - INFO: Detected dialect: OSS

[MASTER] 17:30:25.189 [logback-2] ERROR TestCaseExecutor - TG: Exception caught: 
java.lang.IllegalStateException: Test generation failed: page object bug.
	at org.evosuite.testcase.execution.TestCaseExecutor.runTest(TestCaseExecutor.java:322) ~[evosuite-client-1.0.4-SNAPSHOT.jar:na]
	at org.evosuite.testcase.TestFitnessFunction.runTest(TestFitnessFunction.java:91) [evosuite-client-1.0.4-SNAPSHOT.jar:na]
	at org.evosuite.testcase.TestFitnessFunction.getFitness(TestFitnessFunction.java:60) [evosuite-client-1.0.4-SNAPSHOT.jar:na]
	at org.evosuite.testcase.TestFitnessFunction.getFitness(TestFitnessFunction.java:34) [evosuite-client-1.0.4-SNAPSHOT.jar:na]
	at org.evosuite.ga.metaheuristics.art.AdaptiveRandomSearch.calculateFitness(AdaptiveRandomSearch.java:312) [evosuite-client-1.0.4-SNAPSHOT.jar:na]
	at org.evosuite.ga.metaheuristics.art.AdaptiveRandomSearch.evolve(AdaptiveRandomSearch.java:139) [evosuite-client-1.0.4-SNAPSHOT.jar:na]
	at org.evosuite.ga.metaheuristics.art.AdaptiveRandomSearch.generateSolution(AdaptiveRandomSearch.java:270) [evosuite-client-1.0.4-SNAPSHOT.jar:na]
	at org.evosuite.strategy.AdaptiveRandomTestStrategy.generateTests(AdaptiveRandomTestStrategy.java:118) [evosuite-client-1.0.4-SNAPSHOT.jar:na]
	at org.evosuite.TestSuiteGenerator.generateTests(TestSuiteGenerator.java:654) [evosuite-client-1.0.4-SNAPSHOT.jar:na]
	at org.evosuite.TestSuiteGenerator.generateTestSuite(TestSuiteGenerator.java:213) [evosuite-client-1.0.4-SNAPSHOT.jar:na]
	at org.evosuite.rmi.service.ClientNodeImpl$1.run(ClientNodeImpl.java:145) [evosuite-client-1.0.4-SNAPSHOT.jar:na]
	at java.util.concurrent.Executors$RunnableAdapter.call(Executors.java:511) [na:1.8.0_265]
	at java.util.concurrent.FutureTask.run(FutureTask.java:266) [na:1.8.0_265]
	at java.util.concurrent.ThreadPoolExecutor.runWorker(ThreadPoolExecutor.java:1149) [na:1.8.0_265]
	at java.util.concurrent.ThreadPoolExecutor$Worker.run(ThreadPoolExecutor.java:624) [na:1.8.0_265]
	at java.lang.Thread.run(Thread.java:748) [na:1.8.0_265]
Aug 14, 2020 9:30:25 AM org.openqa.selenium.remote.ProtocolHandshake createSession
[MASTER] 17:30:25.367 [Thread-3] ERROR ExternalProcessHandler - Aug 14, 2020 9:30:25 AM org.openqa.selenium.remote.ProtocolHandshake createSession

INFO: Detected dialect: OSS
[MASTER] 17:30:25.367 [Thread-3] ERROR ExternalProcessHandler - INFO: Detected dialect: OSS

Aug 14, 2020 9:30:27 AM org.openqa.selenium.remote.ProtocolHandshake createSession
[MASTER] 17:30:27.837 [Thread-3] ERROR ExternalProcessHandler - Aug 14, 2020 9:30:27 AM org.openqa.selenium.remote.ProtocolHandshake createSession

INFO: Detected dialect: OSS
[MASTER] 17:30:27.838 [Thread-3] ERROR ExternalProcessHandler - INFO: Detected dialect: OSS

Aug 14, 2020 9:30:28 AM org.openqa.selenium.remote.ProtocolHandshake createSession
[MASTER] 17:30:28.823 [Thread-3] ERROR ExternalProcessHandler - Aug 14, 2020 9:30:28 AM org.openqa.selenium.remote.ProtocolHandshake createSession

INFO: Detected dialect: OSS
[MASTER] 17:30:28.823 [Thread-3] ERROR ExternalProcessHandler - INFO: Detected dialect: OSS

Aug 14, 2020 9:30:32 AM po_utils.PageObjectLogging logInfo
[MASTER] 17:30:32.083 [Thread-3] ERROR ExternalProcessHandler - Aug 14, 2020 9:30:32 AM po_utils.PageObjectLogging logInfo

INFO: waitForElementBeingPresentOnPage timeout exception: unable to locate the element By.xpath: //button[text()="Create a new session"]
[MASTER] 17:30:32.084 [Thread-3] ERROR ExternalProcessHandler - INFO: waitForElementBeingPresentOnPage timeout exception: unable to locate the element By.xpath: //button[text()="Create a new session"]


[MASTER] 17:30:32.084 [Thread-3] ERROR ExternalProcessHandler - 


[MASTER] 17:30:32.084 [Thread-3] ERROR ExternalProcessHandler - 

Aug 14, 2020 9:30:32 AM org.openqa.selenium.remote.ProtocolHandshake createSession
[MASTER] 17:30:32.775 [Thread-3] ERROR ExternalProcessHandler - Aug 14, 2020 9:30:32 AM org.openqa.selenium.remote.ProtocolHandshake createSession

INFO: Detected dialect: OSS
[MASTER] 17:30:32.775 [Thread-3] ERROR ExternalProcessHandler - INFO: Detected dialect: OSS

Aug 14, 2020 9:30:39 AM po_utils.PageObjectLogging logInfo
[MASTER] 17:30:39.558 [Thread-3] ERROR ExternalProcessHandler - Aug 14, 2020 9:30:39 AM po_utils.PageObjectLogging logInfo

INFO: waitForElementBeingPresentOnPage timeout exception: unable to locate the element By.xpath: //button[text()="Create a new session"]
[MASTER] 17:30:39.558 [Thread-3] ERROR ExternalProcessHandler - INFO: waitForElementBeingPresentOnPage timeout exception: unable to locate the element By.xpath: //button[text()="Create a new session"]


[MASTER] 17:30:39.558 [Thread-3] ERROR ExternalProcessHandler - 


[MASTER] 17:30:39.558 [Thread-3] ERROR ExternalProcessHandler - 

Aug 14, 2020 9:30:42 AM org.openqa.selenium.remote.ProtocolHandshake createSession
[MASTER] 17:30:42.966 [Thread-3] ERROR ExternalProcessHandler - Aug 14, 2020 9:30:42 AM org.openqa.selenium.remote.ProtocolHandshake createSession

INFO: Detected dialect: OSS
[MASTER] 17:30:42.966 [Thread-3] ERROR ExternalProcessHandler - INFO: Detected dialect: OSS

Aug 14, 2020 9:30:52 AM po_utils.PageObjectLogging logInfo
[MASTER] 17:30:52.935 [Thread-3] ERROR ExternalProcessHandler - Aug 14, 2020 9:30:52 AM po_utils.PageObjectLogging logInfo

INFO: waitForElementBeingPresentOnPage timeout exception: unable to locate the element By.xpath: //button[text()="Create a new session"]
[MASTER] 17:30:52.936 [Thread-3] ERROR ExternalProcessHandler - INFO: waitForElementBeingPresentOnPage timeout exception: unable to locate the element By.xpath: //button[text()="Create a new session"]


[MASTER] 17:30:52.936 [Thread-3] ERROR ExternalProcessHandler - 


[MASTER] 17:30:52.936 [Thread-3] ERROR ExternalProcessHandler - 

Aug 14, 2020 9:30:59 AM org.openqa.selenium.remote.ProtocolHandshake createSession
[MASTER] 17:30:59.070 [Thread-3] ERROR ExternalProcessHandler - Aug 14, 2020 9:30:59 AM org.openqa.selenium.remote.ProtocolHandshake createSession

INFO: Detected dialect: OSS
[MASTER] 17:30:59.070 [Thread-3] ERROR ExternalProcessHandler - INFO: Detected dialect: OSS

Aug 14, 2020 9:31:12 AM po_utils.PageObjectLogging logInfo
[MASTER] 17:31:12.414 [Thread-3] ERROR ExternalProcessHandler - Aug 14, 2020 9:31:12 AM po_utils.PageObjectLogging logInfo

INFO: waitForElementBeingPresentOnPage timeout exception: unable to locate the element By.xpath: //button[text()="Create a new session"]
[MASTER] 17:31:12.415 [Thread-3] ERROR ExternalProcessHandler - INFO: waitForElementBeingPresentOnPage timeout exception: unable to locate the element By.xpath: //button[text()="Create a new session"]


[MASTER] 17:31:12.415 [Thread-3] ERROR ExternalProcessHandler - 


[MASTER] 17:31:12.415 [Thread-3] ERROR ExternalProcessHandler - 

[MASTER] 17:31:21.120 [logback-2] ERROR TestCaseExecutor - TG: Exception caught: 
java.lang.IllegalStateException: Test generation failed: page object bug.
	at org.evosuite.testcase.execution.TestCaseExecutor.runTest(TestCaseExecutor.java:322) ~[evosuite-client-1.0.4-SNAPSHOT.jar:na]
	at org.evosuite.testcase.TestFitnessFunction.runTest(TestFitnessFunction.java:91) [evosuite-client-1.0.4-SNAPSHOT.jar:na]
	at org.evosuite.testcase.TestFitnessFunction.getFitness(TestFitnessFunction.java:60) [evosuite-client-1.0.4-SNAPSHOT.jar:na]
	at org.evosuite.testcase.TestFitnessFunction.getFitness(TestFitnessFunction.java:34) [evosuite-client-1.0.4-SNAPSHOT.jar:na]
	at org.evosuite.ga.metaheuristics.art.AdaptiveRandomSearch.calculateFitness(AdaptiveRandomSearch.java:312) [evosuite-client-1.0.4-SNAPSHOT.jar:na]
	at org.evosuite.ga.metaheuristics.art.AdaptiveRandomSearch.evolve(AdaptiveRandomSearch.java:139) [evosuite-client-1.0.4-SNAPSHOT.jar:na]
	at org.evosuite.ga.metaheuristics.art.AdaptiveRandomSearch.generateSolution(AdaptiveRandomSearch.java:270) [evosuite-client-1.0.4-SNAPSHOT.jar:na]
	at org.evosuite.strategy.AdaptiveRandomTestStrategy.generateTests(AdaptiveRandomTestStrategy.java:118) [evosuite-client-1.0.4-SNAPSHOT.jar:na]
	at org.evosuite.TestSuiteGenerator.generateTests(TestSuiteGenerator.java:654) [evosuite-client-1.0.4-SNAPSHOT.jar:na]
	at org.evosuite.TestSuiteGenerator.generateTestSuite(TestSuiteGenerator.java:213) [evosuite-client-1.0.4-SNAPSHOT.jar:na]
	at org.evosuite.rmi.service.ClientNodeImpl$1.run(ClientNodeImpl.java:145) [evosuite-client-1.0.4-SNAPSHOT.jar:na]
	at java.util.concurrent.Executors$RunnableAdapter.call(Executors.java:511) [na:1.8.0_265]
	at java.util.concurrent.FutureTask.run(FutureTask.java:266) [na:1.8.0_265]
	at java.util.concurrent.ThreadPoolExecutor.runWorker(ThreadPoolExecutor.java:1149) [na:1.8.0_265]
	at java.util.concurrent.ThreadPoolExecutor$Worker.run(ThreadPoolExecutor.java:624) [na:1.8.0_265]
	at java.lang.Thread.run(Thread.java:748) [na:1.8.0_265]
Aug 14, 2020 9:31:21 AM org.openqa.selenium.remote.ProtocolHandshake createSession
[MASTER] 17:31:21.337 [Thread-3] ERROR ExternalProcessHandler - Aug 14, 2020 9:31:21 AM org.openqa.selenium.remote.ProtocolHandshake createSession

INFO: Detected dialect: OSS
[MASTER] 17:31:21.338 [Thread-3] ERROR ExternalProcessHandler - INFO: Detected dialect: OSS

Aug 14, 2020 9:31:24 AM org.openqa.selenium.remote.ProtocolHandshake createSession
[MASTER] 17:31:24.082 [Thread-3] ERROR ExternalProcessHandler - Aug 14, 2020 9:31:24 AM org.openqa.selenium.remote.ProtocolHandshake createSession

INFO: Detected dialect: OSS
[MASTER] 17:31:24.082 [Thread-3] ERROR ExternalProcessHandler - INFO: Detected dialect: OSS

Aug 14, 2020 9:31:33 AM org.openqa.selenium.remote.ProtocolHandshake createSession
[MASTER] 17:31:33.301 [Thread-3] ERROR ExternalProcessHandler - Aug 14, 2020 9:31:33 AM org.openqa.selenium.remote.ProtocolHandshake createSession

INFO: Detected dialect: OSS
[MASTER] 17:31:33.301 [Thread-3] ERROR ExternalProcessHandler - INFO: Detected dialect: OSS

Aug 14, 2020 9:31:48 AM org.openqa.selenium.remote.ProtocolHandshake createSession
[MASTER] 17:31:48.740 [Thread-3] ERROR ExternalProcessHandler - Aug 14, 2020 9:31:48 AM org.openqa.selenium.remote.ProtocolHandshake createSession

INFO: Detected dialect: OSS
[MASTER] 17:31:48.740 [Thread-3] ERROR ExternalProcessHandler - INFO: Detected dialect: OSS

[MASTER] 17:32:10.489 [logback-2] ERROR TestCaseExecutor - TG: Exception caught: 
java.lang.IllegalStateException: Test generation failed: page object bug.
	at org.evosuite.testcase.execution.TestCaseExecutor.runTest(TestCaseExecutor.java:322) ~[evosuite-client-1.0.4-SNAPSHOT.jar:na]
	at org.evosuite.testcase.TestFitnessFunction.runTest(TestFitnessFunction.java:91) [evosuite-client-1.0.4-SNAPSHOT.jar:na]
	at org.evosuite.testcase.TestFitnessFunction.getFitness(TestFitnessFunction.java:60) [evosuite-client-1.0.4-SNAPSHOT.jar:na]
	at org.evosuite.testcase.TestFitnessFunction.getFitness(TestFitnessFunction.java:34) [evosuite-client-1.0.4-SNAPSHOT.jar:na]
	at org.evosuite.ga.metaheuristics.art.AdaptiveRandomSearch.calculateFitness(AdaptiveRandomSearch.java:312) [evosuite-client-1.0.4-SNAPSHOT.jar:na]
	at org.evosuite.ga.metaheuristics.art.AdaptiveRandomSearch.evolve(AdaptiveRandomSearch.java:139) [evosuite-client-1.0.4-SNAPSHOT.jar:na]
	at org.evosuite.ga.metaheuristics.art.AdaptiveRandomSearch.generateSolution(AdaptiveRandomSearch.java:270) [evosuite-client-1.0.4-SNAPSHOT.jar:na]
	at org.evosuite.strategy.AdaptiveRandomTestStrategy.generateTests(AdaptiveRandomTestStrategy.java:118) [evosuite-client-1.0.4-SNAPSHOT.jar:na]
	at org.evosuite.TestSuiteGenerator.generateTests(TestSuiteGenerator.java:654) [evosuite-client-1.0.4-SNAPSHOT.jar:na]
	at org.evosuite.TestSuiteGenerator.generateTestSuite(TestSuiteGenerator.java:213) [evosuite-client-1.0.4-SNAPSHOT.jar:na]
	at org.evosuite.rmi.service.ClientNodeImpl$1.run(ClientNodeImpl.java:145) [evosuite-client-1.0.4-SNAPSHOT.jar:na]
	at java.util.concurrent.Executors$RunnableAdapter.call(Executors.java:511) [na:1.8.0_265]
	at java.util.concurrent.FutureTask.run(FutureTask.java:266) [na:1.8.0_265]
	at java.util.concurrent.ThreadPoolExecutor.runWorker(ThreadPoolExecutor.java:1149) [na:1.8.0_265]
	at java.util.concurrent.ThreadPoolExecutor$Worker.run(ThreadPoolExecutor.java:624) [na:1.8.0_265]
	at java.lang.Thread.run(Thread.java:748) [na:1.8.0_265]
Aug 14, 2020 9:32:10 AM org.openqa.selenium.remote.ProtocolHandshake createSession
[MASTER] 17:32:10.702 [Thread-3] ERROR ExternalProcessHandler - Aug 14, 2020 9:32:10 AM org.openqa.selenium.remote.ProtocolHandshake createSession

INFO: Detected dialect: OSS
[MASTER] 17:32:10.702 [Thread-3] ERROR ExternalProcessHandler - INFO: Detected dialect: OSS

Aug 14, 2020 9:32:15 AM po_utils.PageObjectLogging logInfo
[MASTER] 17:32:15.501 [Thread-3] ERROR ExternalProcessHandler - Aug 14, 2020 9:32:15 AM po_utils.PageObjectLogging logInfo

INFO: waitForElementBeingPresentOnPage timeout exception: unable to locate the element By.xpath: //button[text()="Create a new session"]
[MASTER] 17:32:15.502 [Thread-3] ERROR ExternalProcessHandler - INFO: waitForElementBeingPresentOnPage timeout exception: unable to locate the element By.xpath: //button[text()="Create a new session"]


[MASTER] 17:32:15.502 [Thread-3] ERROR ExternalProcessHandler - 


[MASTER] 17:32:15.503 [Thread-3] ERROR ExternalProcessHandler - 

Aug 14, 2020 9:32:15 AM org.openqa.selenium.remote.ProtocolHandshake createSession
[MASTER] 17:32:15.886 [Thread-3] ERROR ExternalProcessHandler - Aug 14, 2020 9:32:15 AM org.openqa.selenium.remote.ProtocolHandshake createSession

INFO: Detected dialect: OSS
[MASTER] 17:32:15.886 [Thread-3] ERROR ExternalProcessHandler - INFO: Detected dialect: OSS

Aug 14, 2020 9:32:26 AM po_utils.PageObjectLogging logInfo
[MASTER] 17:32:26.395 [Thread-3] ERROR ExternalProcessHandler - Aug 14, 2020 9:32:26 AM po_utils.PageObjectLogging logInfo

INFO: waitForElementBeingPresentOnPage timeout exception: unable to locate the element By.xpath: //button[text()="Create a new session"]
[MASTER] 17:32:26.396 [Thread-3] ERROR ExternalProcessHandler - INFO: waitForElementBeingPresentOnPage timeout exception: unable to locate the element By.xpath: //button[text()="Create a new session"]


[MASTER] 17:32:26.396 [Thread-3] ERROR ExternalProcessHandler - 


[MASTER] 17:32:26.396 [Thread-3] ERROR ExternalProcessHandler - 

Aug 14, 2020 9:32:27 AM org.openqa.selenium.remote.ProtocolHandshake createSession
[MASTER] 17:32:27.237 [Thread-3] ERROR ExternalProcessHandler - Aug 14, 2020 9:32:27 AM org.openqa.selenium.remote.ProtocolHandshake createSession

INFO: Detected dialect: OSS
[MASTER] 17:32:27.237 [Thread-3] ERROR ExternalProcessHandler - INFO: Detected dialect: OSS

Aug 14, 2020 9:32:42 AM po_utils.PageObjectLogging logInfo
[MASTER] 17:32:42.957 [Thread-3] ERROR ExternalProcessHandler - Aug 14, 2020 9:32:42 AM po_utils.PageObjectLogging logInfo

INFO: waitForElementBeingPresentOnPage timeout exception: unable to locate the element By.xpath: //button[text()="Create a new session"]
[MASTER] 17:32:42.958 [Thread-3] ERROR ExternalProcessHandler - INFO: waitForElementBeingPresentOnPage timeout exception: unable to locate the element By.xpath: //button[text()="Create a new session"]


[MASTER] 17:32:42.958 [Thread-3] ERROR ExternalProcessHandler - 


[MASTER] 17:32:42.958 [Thread-3] ERROR ExternalProcessHandler - 

Aug 14, 2020 9:32:44 AM org.openqa.selenium.remote.ProtocolHandshake createSession
[MASTER] 17:32:44.202 [Thread-3] ERROR ExternalProcessHandler - Aug 14, 2020 9:32:44 AM org.openqa.selenium.remote.ProtocolHandshake createSession

INFO: Detected dialect: OSS
[MASTER] 17:32:44.202 [Thread-3] ERROR ExternalProcessHandler - INFO: Detected dialect: OSS

Aug 14, 2020 9:33:05 AM po_utils.PageObjectLogging logInfo
[MASTER] 17:33:05.486 [Thread-3] ERROR ExternalProcessHandler - Aug 14, 2020 9:33:05 AM po_utils.PageObjectLogging logInfo

INFO: waitForElementBeingPresentOnPage timeout exception: unable to locate the element By.xpath: //button[text()="Create a new session"]
[MASTER] 17:33:05.487 [Thread-3] ERROR ExternalProcessHandler - INFO: waitForElementBeingPresentOnPage timeout exception: unable to locate the element By.xpath: //button[text()="Create a new session"]


[MASTER] 17:33:05.487 [Thread-3] ERROR ExternalProcessHandler - 


[MASTER] 17:33:05.487 [Thread-3] ERROR ExternalProcessHandler - 

[MASTER] 17:33:07.116 [logback-2] ERROR TestCaseExecutor - TG: Exception caught: 
java.lang.IllegalStateException: Test generation failed: page object bug.
	at org.evosuite.testcase.execution.TestCaseExecutor.runTest(TestCaseExecutor.java:322) ~[evosuite-client-1.0.4-SNAPSHOT.jar:na]
	at org.evosuite.testcase.TestFitnessFunction.runTest(TestFitnessFunction.java:91) [evosuite-client-1.0.4-SNAPSHOT.jar:na]
	at org.evosuite.testcase.TestFitnessFunction.getFitness(TestFitnessFunction.java:60) [evosuite-client-1.0.4-SNAPSHOT.jar:na]
	at org.evosuite.testcase.TestFitnessFunction.getFitness(TestFitnessFunction.java:34) [evosuite-client-1.0.4-SNAPSHOT.jar:na]
	at org.evosuite.ga.metaheuristics.art.AdaptiveRandomSearch.calculateFitness(AdaptiveRandomSearch.java:312) [evosuite-client-1.0.4-SNAPSHOT.jar:na]
	at org.evosuite.ga.metaheuristics.art.AdaptiveRandomSearch.evolve(AdaptiveRandomSearch.java:139) [evosuite-client-1.0.4-SNAPSHOT.jar:na]
	at org.evosuite.ga.metaheuristics.art.AdaptiveRandomSearch.generateSolution(AdaptiveRandomSearch.java:270) [evosuite-client-1.0.4-SNAPSHOT.jar:na]
	at org.evosuite.strategy.AdaptiveRandomTestStrategy.generateTests(AdaptiveRandomTestStrategy.java:118) [evosuite-client-1.0.4-SNAPSHOT.jar:na]
	at org.evosuite.TestSuiteGenerator.generateTests(TestSuiteGenerator.java:654) [evosuite-client-1.0.4-SNAPSHOT.jar:na]
	at org.evosuite.TestSuiteGenerator.generateTestSuite(TestSuiteGenerator.java:213) [evosuite-client-1.0.4-SNAPSHOT.jar:na]
	at org.evosuite.rmi.service.ClientNodeImpl$1.run(ClientNodeImpl.java:145) [evosuite-client-1.0.4-SNAPSHOT.jar:na]
	at java.util.concurrent.Executors$RunnableAdapter.call(Executors.java:511) [na:1.8.0_265]
	at java.util.concurrent.FutureTask.run(FutureTask.java:266) [na:1.8.0_265]
	at java.util.concurrent.ThreadPoolExecutor.runWorker(ThreadPoolExecutor.java:1149) [na:1.8.0_265]
	at java.util.concurrent.ThreadPoolExecutor$Worker.run(ThreadPoolExecutor.java:624) [na:1.8.0_265]
	at java.lang.Thread.run(Thread.java:748) [na:1.8.0_265]
Aug 14, 2020 9:33:07 AM org.openqa.selenium.remote.ProtocolHandshake createSession
[MASTER] 17:33:07.326 [Thread-3] ERROR ExternalProcessHandler - Aug 14, 2020 9:33:07 AM org.openqa.selenium.remote.ProtocolHandshake createSession

INFO: Detected dialect: OSS
[MASTER] 17:33:07.327 [Thread-3] ERROR ExternalProcessHandler - INFO: Detected dialect: OSS

Aug 14, 2020 9:33:12 AM org.openqa.selenium.remote.ProtocolHandshake createSession
[MASTER] 17:33:12.432 [Thread-3] ERROR ExternalProcessHandler - Aug 14, 2020 9:33:12 AM org.openqa.selenium.remote.ProtocolHandshake createSession

INFO: Detected dialect: OSS
[MASTER] 17:33:12.432 [Thread-3] ERROR ExternalProcessHandler - INFO: Detected dialect: OSS

Aug 14, 2020 9:33:20 AM org.openqa.selenium.remote.ProtocolHandshake createSession
[MASTER] 17:33:20.033 [Thread-3] ERROR ExternalProcessHandler - Aug 14, 2020 9:33:20 AM org.openqa.selenium.remote.ProtocolHandshake createSession

INFO: Detected dialect: OSS
[MASTER] 17:33:20.033 [Thread-3] ERROR ExternalProcessHandler - INFO: Detected dialect: OSS

Aug 14, 2020 9:33:34 AM org.openqa.selenium.remote.ProtocolHandshake createSession
[MASTER] 17:33:34.129 [Thread-3] ERROR ExternalProcessHandler - Aug 14, 2020 9:33:34 AM org.openqa.selenium.remote.ProtocolHandshake createSession

INFO: Detected dialect: OSS
[MASTER] 17:33:34.129 [Thread-3] ERROR ExternalProcessHandler - INFO: Detected dialect: OSS

Aug 14, 2020 9:33:54 AM org.openqa.selenium.remote.ProtocolHandshake createSession
[MASTER] 17:33:54.414 [Thread-3] ERROR ExternalProcessHandler - Aug 14, 2020 9:33:54 AM org.openqa.selenium.remote.ProtocolHandshake createSession

INFO: Detected dialect: OSS
[MASTER] 17:33:54.414 [Thread-3] ERROR ExternalProcessHandler - INFO: Detected dialect: OSS

[MASTER] 17:34:21.030 [logback-2] ERROR TestCaseExecutor - TG: Exception caught: 
java.lang.IllegalStateException: Test generation failed: page object bug.
	at org.evosuite.testcase.execution.TestCaseExecutor.runTest(TestCaseExecutor.java:322) ~[evosuite-client-1.0.4-SNAPSHOT.jar:na]
	at org.evosuite.testcase.TestFitnessFunction.runTest(TestFitnessFunction.java:91) [evosuite-client-1.0.4-SNAPSHOT.jar:na]
	at org.evosuite.testcase.TestFitnessFunction.getFitness(TestFitnessFunction.java:60) [evosuite-client-1.0.4-SNAPSHOT.jar:na]
	at org.evosuite.testcase.TestFitnessFunction.getFitness(TestFitnessFunction.java:34) [evosuite-client-1.0.4-SNAPSHOT.jar:na]
	at org.evosuite.ga.metaheuristics.art.AdaptiveRandomSearch.calculateFitness(AdaptiveRandomSearch.java:312) [evosuite-client-1.0.4-SNAPSHOT.jar:na]
	at org.evosuite.ga.metaheuristics.art.AdaptiveRandomSearch.evolve(AdaptiveRandomSearch.java:139) [evosuite-client-1.0.4-SNAPSHOT.jar:na]
	at org.evosuite.ga.metaheuristics.art.AdaptiveRandomSearch.generateSolution(AdaptiveRandomSearch.java:270) [evosuite-client-1.0.4-SNAPSHOT.jar:na]
	at org.evosuite.strategy.AdaptiveRandomTestStrategy.generateTests(AdaptiveRandomTestStrategy.java:118) [evosuite-client-1.0.4-SNAPSHOT.jar:na]
	at org.evosuite.TestSuiteGenerator.generateTests(TestSuiteGenerator.java:654) [evosuite-client-1.0.4-SNAPSHOT.jar:na]
	at org.evosuite.TestSuiteGenerator.generateTestSuite(TestSuiteGenerator.java:213) [evosuite-client-1.0.4-SNAPSHOT.jar:na]
	at org.evosuite.rmi.service.ClientNodeImpl$1.run(ClientNodeImpl.java:145) [evosuite-client-1.0.4-SNAPSHOT.jar:na]
	at java.util.concurrent.Executors$RunnableAdapter.call(Executors.java:511) [na:1.8.0_265]
	at java.util.concurrent.FutureTask.run(FutureTask.java:266) [na:1.8.0_265]
	at java.util.concurrent.ThreadPoolExecutor.runWorker(ThreadPoolExecutor.java:1149) [na:1.8.0_265]
	at java.util.concurrent.ThreadPoolExecutor$Worker.run(ThreadPoolExecutor.java:624) [na:1.8.0_265]
	at java.lang.Thread.run(Thread.java:748) [na:1.8.0_265]
Aug 14, 2020 9:34:21 AM org.openqa.selenium.remote.ProtocolHandshake createSession
[MASTER] 17:34:21.256 [Thread-3] ERROR ExternalProcessHandler - Aug 14, 2020 9:34:21 AM org.openqa.selenium.remote.ProtocolHandshake createSession

INFO: Detected dialect: OSS
[MASTER] 17:34:21.256 [Thread-3] ERROR ExternalProcessHandler - INFO: Detected dialect: OSS

Aug 14, 2020 9:34:22 AM org.openqa.selenium.remote.ProtocolHandshake createSession
[MASTER] 17:34:22.267 [Thread-3] ERROR ExternalProcessHandler - Aug 14, 2020 9:34:22 AM org.openqa.selenium.remote.ProtocolHandshake createSession

INFO: Detected dialect: OSS
[MASTER] 17:34:22.267 [Thread-3] ERROR ExternalProcessHandler - INFO: Detected dialect: OSS

Aug 14, 2020 9:34:27 AM org.openqa.selenium.remote.ProtocolHandshake createSession
[MASTER] 17:34:27.665 [Thread-3] ERROR ExternalProcessHandler - Aug 14, 2020 9:34:27 AM org.openqa.selenium.remote.ProtocolHandshake createSession

INFO: Detected dialect: OSS
[MASTER] 17:34:27.665 [Thread-3] ERROR ExternalProcessHandler - INFO: Detected dialect: OSS

Aug 14, 2020 9:34:39 AM org.openqa.selenium.remote.ProtocolHandshake createSession
[MASTER] 17:34:39.367 [Thread-3] ERROR ExternalProcessHandler - Aug 14, 2020 9:34:39 AM org.openqa.selenium.remote.ProtocolHandshake createSession

INFO: Detected dialect: OSS
[MASTER] 17:34:39.367 [Thread-3] ERROR ExternalProcessHandler - INFO: Detected dialect: OSS

Aug 14, 2020 9:34:57 AM org.openqa.selenium.remote.ProtocolHandshake createSession
[MASTER] 17:34:57.105 [Thread-3] ERROR ExternalProcessHandler - Aug 14, 2020 9:34:57 AM org.openqa.selenium.remote.ProtocolHandshake createSession

INFO: Detected dialect: OSS
[MASTER] 17:34:57.105 [Thread-3] ERROR ExternalProcessHandler - INFO: Detected dialect: OSS

[MASTER] 17:35:21.023 [logback-2] ERROR TestCaseExecutor - TG: Exception caught: 
java.lang.IllegalStateException: Test generation failed: page object bug.
	at org.evosuite.testcase.execution.TestCaseExecutor.runTest(TestCaseExecutor.java:322) ~[evosuite-client-1.0.4-SNAPSHOT.jar:na]
	at org.evosuite.testcase.TestFitnessFunction.runTest(TestFitnessFunction.java:91) [evosuite-client-1.0.4-SNAPSHOT.jar:na]
	at org.evosuite.testcase.TestFitnessFunction.getFitness(TestFitnessFunction.java:60) [evosuite-client-1.0.4-SNAPSHOT.jar:na]
	at org.evosuite.testcase.TestFitnessFunction.getFitness(TestFitnessFunction.java:34) [evosuite-client-1.0.4-SNAPSHOT.jar:na]
	at org.evosuite.ga.metaheuristics.art.AdaptiveRandomSearch.calculateFitness(AdaptiveRandomSearch.java:312) [evosuite-client-1.0.4-SNAPSHOT.jar:na]
	at org.evosuite.ga.metaheuristics.art.AdaptiveRandomSearch.evolve(AdaptiveRandomSearch.java:139) [evosuite-client-1.0.4-SNAPSHOT.jar:na]
	at org.evosuite.ga.metaheuristics.art.AdaptiveRandomSearch.generateSolution(AdaptiveRandomSearch.java:270) [evosuite-client-1.0.4-SNAPSHOT.jar:na]
	at org.evosuite.strategy.AdaptiveRandomTestStrategy.generateTests(AdaptiveRandomTestStrategy.java:118) [evosuite-client-1.0.4-SNAPSHOT.jar:na]
	at org.evosuite.TestSuiteGenerator.generateTests(TestSuiteGenerator.java:654) [evosuite-client-1.0.4-SNAPSHOT.jar:na]
	at org.evosuite.TestSuiteGenerator.generateTestSuite(TestSuiteGenerator.java:213) [evosuite-client-1.0.4-SNAPSHOT.jar:na]
	at org.evosuite.rmi.service.ClientNodeImpl$1.run(ClientNodeImpl.java:145) [evosuite-client-1.0.4-SNAPSHOT.jar:na]
	at java.util.concurrent.Executors$RunnableAdapter.call(Executors.java:511) [na:1.8.0_265]
	at java.util.concurrent.FutureTask.run(FutureTask.java:266) [na:1.8.0_265]
	at java.util.concurrent.ThreadPoolExecutor.runWorker(ThreadPoolExecutor.java:1149) [na:1.8.0_265]
	at java.util.concurrent.ThreadPoolExecutor$Worker.run(ThreadPoolExecutor.java:624) [na:1.8.0_265]
	at java.lang.Thread.run(Thread.java:748) [na:1.8.0_265]
Aug 14, 2020 9:35:21 AM org.openqa.selenium.remote.ProtocolHandshake createSession
[MASTER] 17:35:21.258 [Thread-3] ERROR ExternalProcessHandler - Aug 14, 2020 9:35:21 AM org.openqa.selenium.remote.ProtocolHandshake createSession

INFO: Detected dialect: OSS
[MASTER] 17:35:21.258 [Thread-3] ERROR ExternalProcessHandler - INFO: Detected dialect: OSS

Aug 14, 2020 9:35:22 AM org.openqa.selenium.remote.ProtocolHandshake createSession
[MASTER] 17:35:22.460 [Thread-3] ERROR ExternalProcessHandler - Aug 14, 2020 9:35:22 AM org.openqa.selenium.remote.ProtocolHandshake createSession

INFO: Detected dialect: OSS
[MASTER] 17:35:22.460 [Thread-3] ERROR ExternalProcessHandler - INFO: Detected dialect: OSS

Aug 14, 2020 9:35:23 AM org.openqa.selenium.remote.ProtocolHandshake createSession
[MASTER] 17:35:23.497 [Thread-3] ERROR ExternalProcessHandler - Aug 14, 2020 9:35:23 AM org.openqa.selenium.remote.ProtocolHandshake createSession

INFO: Detected dialect: OSS
[MASTER] 17:35:23.497 [Thread-3] ERROR ExternalProcessHandler - INFO: Detected dialect: OSS

Aug 14, 2020 9:35:26 AM org.openqa.selenium.remote.ProtocolHandshake createSession
[MASTER] 17:35:26.453 [Thread-3] ERROR ExternalProcessHandler - Aug 14, 2020 9:35:26 AM org.openqa.selenium.remote.ProtocolHandshake createSession

INFO: Detected dialect: OSS
[MASTER] 17:35:26.453 [Thread-3] ERROR ExternalProcessHandler - INFO: Detected dialect: OSS

Aug 14, 2020 9:35:28 AM org.openqa.selenium.remote.ProtocolHandshake createSession
[MASTER] 17:35:28.325 [Thread-3] ERROR ExternalProcessHandler - Aug 14, 2020 9:35:28 AM org.openqa.selenium.remote.ProtocolHandshake createSession

INFO: Detected dialect: OSS
[MASTER] 17:35:28.325 [Thread-3] ERROR ExternalProcessHandler - INFO: Detected dialect: OSS

Aug 14, 2020 9:35:30 AM org.openqa.selenium.remote.ProtocolHandshake createSession
[MASTER] 17:35:30.615 [Thread-3] ERROR ExternalProcessHandler - Aug 14, 2020 9:35:30 AM org.openqa.selenium.remote.ProtocolHandshake createSession

INFO: Detected dialect: OSS
[MASTER] 17:35:30.615 [Thread-3] ERROR ExternalProcessHandler - INFO: Detected dialect: OSS

Aug 14, 2020 9:35:31 AM org.openqa.selenium.remote.ProtocolHandshake createSession
[MASTER] 17:35:31.985 [Thread-3] ERROR ExternalProcessHandler - Aug 14, 2020 9:35:31 AM org.openqa.selenium.remote.ProtocolHandshake createSession

INFO: Detected dialect: OSS
[MASTER] 17:35:31.985 [Thread-3] ERROR ExternalProcessHandler - INFO: Detected dialect: OSS

Aug 14, 2020 9:35:34 AM org.openqa.selenium.remote.ProtocolHandshake createSession
[MASTER] 17:35:34.215 [Thread-3] ERROR ExternalProcessHandler - Aug 14, 2020 9:35:34 AM org.openqa.selenium.remote.ProtocolHandshake createSession

INFO: Detected dialect: OSS
[MASTER] 17:35:34.215 [Thread-3] ERROR ExternalProcessHandler - INFO: Detected dialect: OSS

Aug 14, 2020 9:35:36 AM org.openqa.selenium.remote.ProtocolHandshake createSession
[MASTER] 17:35:36.243 [Thread-3] ERROR ExternalProcessHandler - Aug 14, 2020 9:35:36 AM org.openqa.selenium.remote.ProtocolHandshake createSession

INFO: Detected dialect: OSS
[MASTER] 17:35:36.243 [Thread-3] ERROR ExternalProcessHandler - INFO: Detected dialect: OSS

Aug 14, 2020 9:35:43 AM org.openqa.selenium.remote.ProtocolHandshake createSession
[MASTER] 17:35:43.782 [Thread-3] ERROR ExternalProcessHandler - Aug 14, 2020 9:35:43 AM org.openqa.selenium.remote.ProtocolHandshake createSession

INFO: Detected dialect: OSS
[MASTER] 17:35:43.782 [Thread-3] ERROR ExternalProcessHandler - INFO: Detected dialect: OSS

Aug 14, 2020 9:35:56 AM org.openqa.selenium.remote.ProtocolHandshake createSession
[MASTER] 17:35:56.660 [Thread-3] ERROR ExternalProcessHandler - Aug 14, 2020 9:35:56 AM org.openqa.selenium.remote.ProtocolHandshake createSession

INFO: Detected dialect: OSS
[MASTER] 17:35:56.660 [Thread-3] ERROR ExternalProcessHandler - INFO: Detected dialect: OSS

[MASTER] 17:36:14.897 [logback-2] ERROR TestCaseExecutor - TG: Exception caught: 
java.lang.IllegalStateException: Test generation failed: page object bug.
	at org.evosuite.testcase.execution.TestCaseExecutor.runTest(TestCaseExecutor.java:322) ~[evosuite-client-1.0.4-SNAPSHOT.jar:na]
	at org.evosuite.testcase.TestFitnessFunction.runTest(TestFitnessFunction.java:91) [evosuite-client-1.0.4-SNAPSHOT.jar:na]
	at org.evosuite.testcase.TestFitnessFunction.getFitness(TestFitnessFunction.java:60) [evosuite-client-1.0.4-SNAPSHOT.jar:na]
	at org.evosuite.testcase.TestFitnessFunction.getFitness(TestFitnessFunction.java:34) [evosuite-client-1.0.4-SNAPSHOT.jar:na]
	at org.evosuite.ga.metaheuristics.art.AdaptiveRandomSearch.calculateFitness(AdaptiveRandomSearch.java:312) [evosuite-client-1.0.4-SNAPSHOT.jar:na]
	at org.evosuite.ga.metaheuristics.art.AdaptiveRandomSearch.evolve(AdaptiveRandomSearch.java:139) [evosuite-client-1.0.4-SNAPSHOT.jar:na]
	at org.evosuite.ga.metaheuristics.art.AdaptiveRandomSearch.generateSolution(AdaptiveRandomSearch.java:270) [evosuite-client-1.0.4-SNAPSHOT.jar:na]
	at org.evosuite.strategy.AdaptiveRandomTestStrategy.generateTests(AdaptiveRandomTestStrategy.java:118) [evosuite-client-1.0.4-SNAPSHOT.jar:na]
	at org.evosuite.TestSuiteGenerator.generateTests(TestSuiteGenerator.java:654) [evosuite-client-1.0.4-SNAPSHOT.jar:na]
	at org.evosuite.TestSuiteGenerator.generateTestSuite(TestSuiteGenerator.java:213) [evosuite-client-1.0.4-SNAPSHOT.jar:na]
	at org.evosuite.rmi.service.ClientNodeImpl$1.run(ClientNodeImpl.java:145) [evosuite-client-1.0.4-SNAPSHOT.jar:na]
	at java.util.concurrent.Executors$RunnableAdapter.call(Executors.java:511) [na:1.8.0_265]
	at java.util.concurrent.FutureTask.run(FutureTask.java:266) [na:1.8.0_265]
	at java.util.concurrent.ThreadPoolExecutor.runWorker(ThreadPoolExecutor.java:1149) [na:1.8.0_265]
	at java.util.concurrent.ThreadPoolExecutor$Worker.run(ThreadPoolExecutor.java:624) [na:1.8.0_265]
	at java.lang.Thread.run(Thread.java:748) [na:1.8.0_265]
Aug 14, 2020 9:36:15 AM org.openqa.selenium.remote.ProtocolHandshake createSession
[MASTER] 17:36:15.121 [Thread-3] ERROR ExternalProcessHandler - Aug 14, 2020 9:36:15 AM org.openqa.selenium.remote.ProtocolHandshake createSession

INFO: Detected dialect: OSS
[MASTER] 17:36:15.122 [Thread-3] ERROR ExternalProcessHandler - INFO: Detected dialect: OSS

Aug 14, 2020 9:36:16 AM org.openqa.selenium.remote.ProtocolHandshake createSession
[MASTER] 17:36:16.180 [Thread-3] ERROR ExternalProcessHandler - Aug 14, 2020 9:36:16 AM org.openqa.selenium.remote.ProtocolHandshake createSession

INFO: Detected dialect: OSS
[MASTER] 17:36:16.181 [Thread-3] ERROR ExternalProcessHandler - INFO: Detected dialect: OSS

Aug 14, 2020 9:36:17 AM org.openqa.selenium.remote.ProtocolHandshake createSession
[MASTER] 17:36:17.505 [Thread-3] ERROR ExternalProcessHandler - Aug 14, 2020 9:36:17 AM org.openqa.selenium.remote.ProtocolHandshake createSession

INFO: Detected dialect: OSS
[MASTER] 17:36:17.506 [Thread-3] ERROR ExternalProcessHandler - INFO: Detected dialect: OSS

Aug 14, 2020 9:36:19 AM org.openqa.selenium.remote.ProtocolHandshake createSession
[MASTER] 17:36:19.443 [Thread-3] ERROR ExternalProcessHandler - Aug 14, 2020 9:36:19 AM org.openqa.selenium.remote.ProtocolHandshake createSession

INFO: Detected dialect: OSS
[MASTER] 17:36:19.443 [Thread-3] ERROR ExternalProcessHandler - INFO: Detected dialect: OSS

Aug 14, 2020 9:36:22 AM org.openqa.selenium.remote.ProtocolHandshake createSession
[MASTER] 17:36:22.821 [Thread-3] ERROR ExternalProcessHandler - Aug 14, 2020 9:36:22 AM org.openqa.selenium.remote.ProtocolHandshake createSession

INFO: Detected dialect: OSS
[MASTER] 17:36:22.822 [Thread-3] ERROR ExternalProcessHandler - INFO: Detected dialect: OSS

Aug 14, 2020 9:36:32 AM org.openqa.selenium.remote.ProtocolHandshake createSession
[MASTER] 17:36:32.104 [Thread-3] ERROR ExternalProcessHandler - Aug 14, 2020 9:36:32 AM org.openqa.selenium.remote.ProtocolHandshake createSession

INFO: Detected dialect: OSS
[MASTER] 17:36:32.105 [Thread-3] ERROR ExternalProcessHandler - INFO: Detected dialect: OSS

Aug 14, 2020 9:36:46 AM org.openqa.selenium.remote.ProtocolHandshake createSession
[MASTER] 17:36:46.815 [Thread-3] ERROR ExternalProcessHandler - Aug 14, 2020 9:36:46 AM org.openqa.selenium.remote.ProtocolHandshake createSession

INFO: Detected dialect: OSS
[MASTER] 17:36:46.815 [Thread-3] ERROR ExternalProcessHandler - INFO: Detected dialect: OSS

[MASTER] 17:37:07.035 [logback-2] ERROR TestCaseExecutor - TG: Exception caught: 
java.lang.IllegalStateException: Test generation failed: page object bug.
	at org.evosuite.testcase.execution.TestCaseExecutor.runTest(TestCaseExecutor.java:322) ~[evosuite-client-1.0.4-SNAPSHOT.jar:na]
	at org.evosuite.testcase.TestFitnessFunction.runTest(TestFitnessFunction.java:91) [evosuite-client-1.0.4-SNAPSHOT.jar:na]
	at org.evosuite.testcase.TestFitnessFunction.getFitness(TestFitnessFunction.java:60) [evosuite-client-1.0.4-SNAPSHOT.jar:na]
	at org.evosuite.testcase.TestFitnessFunction.getFitness(TestFitnessFunction.java:34) [evosuite-client-1.0.4-SNAPSHOT.jar:na]
	at org.evosuite.ga.metaheuristics.art.AdaptiveRandomSearch.calculateFitness(AdaptiveRandomSearch.java:312) [evosuite-client-1.0.4-SNAPSHOT.jar:na]
	at org.evosuite.ga.metaheuristics.art.AdaptiveRandomSearch.evolve(AdaptiveRandomSearch.java:139) [evosuite-client-1.0.4-SNAPSHOT.jar:na]
	at org.evosuite.ga.metaheuristics.art.AdaptiveRandomSearch.generateSolution(AdaptiveRandomSearch.java:270) [evosuite-client-1.0.4-SNAPSHOT.jar:na]
	at org.evosuite.strategy.AdaptiveRandomTestStrategy.generateTests(AdaptiveRandomTestStrategy.java:118) [evosuite-client-1.0.4-SNAPSHOT.jar:na]
	at org.evosuite.TestSuiteGenerator.generateTests(TestSuiteGenerator.java:654) [evosuite-client-1.0.4-SNAPSHOT.jar:na]
	at org.evosuite.TestSuiteGenerator.generateTestSuite(TestSuiteGenerator.java:213) [evosuite-client-1.0.4-SNAPSHOT.jar:na]
	at org.evosuite.rmi.service.ClientNodeImpl$1.run(ClientNodeImpl.java:145) [evosuite-client-1.0.4-SNAPSHOT.jar:na]
	at java.util.concurrent.Executors$RunnableAdapter.call(Executors.java:511) [na:1.8.0_265]
	at java.util.concurrent.FutureTask.run(FutureTask.java:266) [na:1.8.0_265]
	at java.util.concurrent.ThreadPoolExecutor.runWorker(ThreadPoolExecutor.java:1149) [na:1.8.0_265]
	at java.util.concurrent.ThreadPoolExecutor$Worker.run(ThreadPoolExecutor.java:624) [na:1.8.0_265]
	at java.lang.Thread.run(Thread.java:748) [na:1.8.0_265]
Aug 14, 2020 9:37:07 AM org.openqa.selenium.remote.ProtocolHandshake createSession
[MASTER] 17:37:07.236 [Thread-3] ERROR ExternalProcessHandler - Aug 14, 2020 9:37:07 AM org.openqa.selenium.remote.ProtocolHandshake createSession

INFO: Detected dialect: OSS
[MASTER] 17:37:07.236 [Thread-3] ERROR ExternalProcessHandler - INFO: Detected dialect: OSS

Aug 14, 2020 9:37:09 AM org.openqa.selenium.remote.ProtocolHandshake createSession
[MASTER] 17:37:09.128 [Thread-3] ERROR ExternalProcessHandler - Aug 14, 2020 9:37:09 AM org.openqa.selenium.remote.ProtocolHandshake createSession

INFO: Detected dialect: OSS
[MASTER] 17:37:09.128 [Thread-3] ERROR ExternalProcessHandler - INFO: Detected dialect: OSS

Aug 14, 2020 9:37:17 AM org.openqa.selenium.remote.ProtocolHandshake createSession
[MASTER] 17:37:17.215 [Thread-3] ERROR ExternalProcessHandler - Aug 14, 2020 9:37:17 AM org.openqa.selenium.remote.ProtocolHandshake createSession

INFO: Detected dialect: OSS
[MASTER] 17:37:17.215 [Thread-3] ERROR ExternalProcessHandler - INFO: Detected dialect: OSS

Aug 14, 2020 9:37:31 AM org.openqa.selenium.remote.ProtocolHandshake createSession
[MASTER] 17:37:31.499 [Thread-3] ERROR ExternalProcessHandler - Aug 14, 2020 9:37:31 AM org.openqa.selenium.remote.ProtocolHandshake createSession

INFO: Detected dialect: OSS
[MASTER] 17:37:31.500 [Thread-3] ERROR ExternalProcessHandler - INFO: Detected dialect: OSS

[MASTER] 17:37:51.831 [logback-2] ERROR TestCaseExecutor - TG: Exception caught: 
java.lang.IllegalStateException: Test generation failed: page object bug.
	at org.evosuite.testcase.execution.TestCaseExecutor.runTest(TestCaseExecutor.java:322) ~[evosuite-client-1.0.4-SNAPSHOT.jar:na]
	at org.evosuite.testcase.TestFitnessFunction.runTest(TestFitnessFunction.java:91) [evosuite-client-1.0.4-SNAPSHOT.jar:na]
	at org.evosuite.testcase.TestFitnessFunction.getFitness(TestFitnessFunction.java:60) [evosuite-client-1.0.4-SNAPSHOT.jar:na]
	at org.evosuite.testcase.TestFitnessFunction.getFitness(TestFitnessFunction.java:34) [evosuite-client-1.0.4-SNAPSHOT.jar:na]
	at org.evosuite.ga.metaheuristics.art.AdaptiveRandomSearch.calculateFitness(AdaptiveRandomSearch.java:312) [evosuite-client-1.0.4-SNAPSHOT.jar:na]
	at org.evosuite.ga.metaheuristics.art.AdaptiveRandomSearch.evolve(AdaptiveRandomSearch.java:139) [evosuite-client-1.0.4-SNAPSHOT.jar:na]
	at org.evosuite.ga.metaheuristics.art.AdaptiveRandomSearch.generateSolution(AdaptiveRandomSearch.java:270) [evosuite-client-1.0.4-SNAPSHOT.jar:na]
	at org.evosuite.strategy.AdaptiveRandomTestStrategy.generateTests(AdaptiveRandomTestStrategy.java:118) [evosuite-client-1.0.4-SNAPSHOT.jar:na]
	at org.evosuite.TestSuiteGenerator.generateTests(TestSuiteGenerator.java:654) [evosuite-client-1.0.4-SNAPSHOT.jar:na]
	at org.evosuite.TestSuiteGenerator.generateTestSuite(TestSuiteGenerator.java:213) [evosuite-client-1.0.4-SNAPSHOT.jar:na]
	at org.evosuite.rmi.service.ClientNodeImpl$1.run(ClientNodeImpl.java:145) [evosuite-client-1.0.4-SNAPSHOT.jar:na]
	at java.util.concurrent.Executors$RunnableAdapter.call(Executors.java:511) [na:1.8.0_265]
	at java.util.concurrent.FutureTask.run(FutureTask.java:266) [na:1.8.0_265]
	at java.util.concurrent.ThreadPoolExecutor.runWorker(ThreadPoolExecutor.java:1149) [na:1.8.0_265]
	at java.util.concurrent.ThreadPoolExecutor$Worker.run(ThreadPoolExecutor.java:624) [na:1.8.0_265]
	at java.lang.Thread.run(Thread.java:748) [na:1.8.0_265]
Aug 14, 2020 9:37:52 AM org.openqa.selenium.remote.ProtocolHandshake createSession
[MASTER] 17:37:52.025 [Thread-3] ERROR ExternalProcessHandler - Aug 14, 2020 9:37:52 AM org.openqa.selenium.remote.ProtocolHandshake createSession

INFO: Detected dialect: OSS
[MASTER] 17:37:52.025 [Thread-3] ERROR ExternalProcessHandler - INFO: Detected dialect: OSS

Aug 14, 2020 9:37:53 AM org.openqa.selenium.remote.ProtocolHandshake createSession
[MASTER] 17:37:53.340 [Thread-3] ERROR ExternalProcessHandler - Aug 14, 2020 9:37:53 AM org.openqa.selenium.remote.ProtocolHandshake createSession

INFO: Detected dialect: OSS
[MASTER] 17:37:53.341 [Thread-3] ERROR ExternalProcessHandler - INFO: Detected dialect: OSS

Aug 14, 2020 9:37:54 AM org.openqa.selenium.remote.ProtocolHandshake createSession
[MASTER] 17:37:54.728 [Thread-3] ERROR ExternalProcessHandler - Aug 14, 2020 9:37:54 AM org.openqa.selenium.remote.ProtocolHandshake createSession

INFO: Detected dialect: OSS
[MASTER] 17:37:54.729 [Thread-3] ERROR ExternalProcessHandler - INFO: Detected dialect: OSS

Aug 14, 2020 9:37:57 AM org.openqa.selenium.remote.ProtocolHandshake createSession
[MASTER] 17:37:57.546 [Thread-3] ERROR ExternalProcessHandler - Aug 14, 2020 9:37:57 AM org.openqa.selenium.remote.ProtocolHandshake createSession

INFO: Detected dialect: OSS
[MASTER] 17:37:57.546 [Thread-3] ERROR ExternalProcessHandler - INFO: Detected dialect: OSS

Aug 14, 2020 9:38:05 AM org.openqa.selenium.remote.ProtocolHandshake createSession
[MASTER] 17:38:05.960 [Thread-3] ERROR ExternalProcessHandler - Aug 14, 2020 9:38:05 AM org.openqa.selenium.remote.ProtocolHandshake createSession

INFO: Detected dialect: OSS
[MASTER] 17:38:05.961 [Thread-3] ERROR ExternalProcessHandler - INFO: Detected dialect: OSS

Aug 14, 2020 9:38:19 AM org.openqa.selenium.remote.ProtocolHandshake createSession
[MASTER] 17:38:19.871 [Thread-3] ERROR ExternalProcessHandler - Aug 14, 2020 9:38:19 AM org.openqa.selenium.remote.ProtocolHandshake createSession

INFO: Detected dialect: OSS
[MASTER] 17:38:19.871 [Thread-3] ERROR ExternalProcessHandler - INFO: Detected dialect: OSS

[MASTER] 17:38:39.169 [logback-2] ERROR TestCaseExecutor - TG: Exception caught: 
java.lang.IllegalStateException: Test generation failed: page object bug.
	at org.evosuite.testcase.execution.TestCaseExecutor.runTest(TestCaseExecutor.java:322) ~[evosuite-client-1.0.4-SNAPSHOT.jar:na]
	at org.evosuite.testcase.TestFitnessFunction.runTest(TestFitnessFunction.java:91) [evosuite-client-1.0.4-SNAPSHOT.jar:na]
	at org.evosuite.testcase.TestFitnessFunction.getFitness(TestFitnessFunction.java:60) [evosuite-client-1.0.4-SNAPSHOT.jar:na]
	at org.evosuite.testcase.TestFitnessFunction.getFitness(TestFitnessFunction.java:34) [evosuite-client-1.0.4-SNAPSHOT.jar:na]
	at org.evosuite.ga.metaheuristics.art.AdaptiveRandomSearch.calculateFitness(AdaptiveRandomSearch.java:312) [evosuite-client-1.0.4-SNAPSHOT.jar:na]
	at org.evosuite.ga.metaheuristics.art.AdaptiveRandomSearch.evolve(AdaptiveRandomSearch.java:139) [evosuite-client-1.0.4-SNAPSHOT.jar:na]
	at org.evosuite.ga.metaheuristics.art.AdaptiveRandomSearch.generateSolution(AdaptiveRandomSearch.java:270) [evosuite-client-1.0.4-SNAPSHOT.jar:na]
	at org.evosuite.strategy.AdaptiveRandomTestStrategy.generateTests(AdaptiveRandomTestStrategy.java:118) [evosuite-client-1.0.4-SNAPSHOT.jar:na]
	at org.evosuite.TestSuiteGenerator.generateTests(TestSuiteGenerator.java:654) [evosuite-client-1.0.4-SNAPSHOT.jar:na]
	at org.evosuite.TestSuiteGenerator.generateTestSuite(TestSuiteGenerator.java:213) [evosuite-client-1.0.4-SNAPSHOT.jar:na]
	at org.evosuite.rmi.service.ClientNodeImpl$1.run(ClientNodeImpl.java:145) [evosuite-client-1.0.4-SNAPSHOT.jar:na]
	at java.util.concurrent.Executors$RunnableAdapter.call(Executors.java:511) [na:1.8.0_265]
	at java.util.concurrent.FutureTask.run(FutureTask.java:266) [na:1.8.0_265]
	at java.util.concurrent.ThreadPoolExecutor.runWorker(ThreadPoolExecutor.java:1149) [na:1.8.0_265]
	at java.util.concurrent.ThreadPoolExecutor$Worker.run(ThreadPoolExecutor.java:624) [na:1.8.0_265]
	at java.lang.Thread.run(Thread.java:748) [na:1.8.0_265]
Aug 14, 2020 9:38:39 AM org.openqa.selenium.remote.ProtocolHandshake createSession
[MASTER] 17:38:39.354 [Thread-3] ERROR ExternalProcessHandler - Aug 14, 2020 9:38:39 AM org.openqa.selenium.remote.ProtocolHandshake createSession

INFO: Detected dialect: OSS
[MASTER] 17:38:39.354 [Thread-3] ERROR ExternalProcessHandler - INFO: Detected dialect: OSS

Aug 14, 2020 9:38:42 AM org.openqa.selenium.remote.ProtocolHandshake createSession
[MASTER] 17:38:42.435 [Thread-3] ERROR ExternalProcessHandler - Aug 14, 2020 9:38:42 AM org.openqa.selenium.remote.ProtocolHandshake createSession

INFO: Detected dialect: OSS
[MASTER] 17:38:42.435 [Thread-3] ERROR ExternalProcessHandler - INFO: Detected dialect: OSS

Aug 14, 2020 9:38:51 AM org.openqa.selenium.remote.ProtocolHandshake createSession
[MASTER] 17:38:51.628 [Thread-3] ERROR ExternalProcessHandler - Aug 14, 2020 9:38:51 AM org.openqa.selenium.remote.ProtocolHandshake createSession

INFO: Detected dialect: OSS
[MASTER] 17:38:51.628 [Thread-3] ERROR ExternalProcessHandler - INFO: Detected dialect: OSS

Aug 14, 2020 9:39:06 AM org.openqa.selenium.remote.ProtocolHandshake createSession
[MASTER] 17:39:06.767 [Thread-3] ERROR ExternalProcessHandler - Aug 14, 2020 9:39:06 AM org.openqa.selenium.remote.ProtocolHandshake createSession

INFO: Detected dialect: OSS
[MASTER] 17:39:06.767 [Thread-3] ERROR ExternalProcessHandler - INFO: Detected dialect: OSS

[MASTER] 17:39:27.808 [logback-2] ERROR TestCaseExecutor - TG: Exception caught: 
java.lang.IllegalStateException: Test generation failed: page object bug.
	at org.evosuite.testcase.execution.TestCaseExecutor.runTest(TestCaseExecutor.java:322) ~[evosuite-client-1.0.4-SNAPSHOT.jar:na]
	at org.evosuite.testcase.TestFitnessFunction.runTest(TestFitnessFunction.java:91) [evosuite-client-1.0.4-SNAPSHOT.jar:na]
	at org.evosuite.testcase.TestFitnessFunction.getFitness(TestFitnessFunction.java:60) [evosuite-client-1.0.4-SNAPSHOT.jar:na]
	at org.evosuite.testcase.TestFitnessFunction.getFitness(TestFitnessFunction.java:34) [evosuite-client-1.0.4-SNAPSHOT.jar:na]
	at org.evosuite.ga.metaheuristics.art.AdaptiveRandomSearch.calculateFitness(AdaptiveRandomSearch.java:312) [evosuite-client-1.0.4-SNAPSHOT.jar:na]
	at org.evosuite.ga.metaheuristics.art.AdaptiveRandomSearch.evolve(AdaptiveRandomSearch.java:139) [evosuite-client-1.0.4-SNAPSHOT.jar:na]
	at org.evosuite.ga.metaheuristics.art.AdaptiveRandomSearch.generateSolution(AdaptiveRandomSearch.java:270) [evosuite-client-1.0.4-SNAPSHOT.jar:na]
	at org.evosuite.strategy.AdaptiveRandomTestStrategy.generateTests(AdaptiveRandomTestStrategy.java:118) [evosuite-client-1.0.4-SNAPSHOT.jar:na]
	at org.evosuite.TestSuiteGenerator.generateTests(TestSuiteGenerator.java:654) [evosuite-client-1.0.4-SNAPSHOT.jar:na]
	at org.evosuite.TestSuiteGenerator.generateTestSuite(TestSuiteGenerator.java:213) [evosuite-client-1.0.4-SNAPSHOT.jar:na]
	at org.evosuite.rmi.service.ClientNodeImpl$1.run(ClientNodeImpl.java:145) [evosuite-client-1.0.4-SNAPSHOT.jar:na]
	at java.util.concurrent.Executors$RunnableAdapter.call(Executors.java:511) [na:1.8.0_265]
	at java.util.concurrent.FutureTask.run(FutureTask.java:266) [na:1.8.0_265]
	at java.util.concurrent.ThreadPoolExecutor.runWorker(ThreadPoolExecutor.java:1149) [na:1.8.0_265]
	at java.util.concurrent.ThreadPoolExecutor$Worker.run(ThreadPoolExecutor.java:624) [na:1.8.0_265]
	at java.lang.Thread.run(Thread.java:748) [na:1.8.0_265]
Aug 14, 2020 9:39:28 AM org.openqa.selenium.remote.ProtocolHandshake createSession
[MASTER] 17:39:28.022 [Thread-3] ERROR ExternalProcessHandler - Aug 14, 2020 9:39:28 AM org.openqa.selenium.remote.ProtocolHandshake createSession

INFO: Detected dialect: OSS
[MASTER] 17:39:28.022 [Thread-3] ERROR ExternalProcessHandler - INFO: Detected dialect: OSS

Aug 14, 2020 9:39:34 AM org.openqa.selenium.remote.ProtocolHandshake createSession
[MASTER] 17:39:34.867 [Thread-3] ERROR ExternalProcessHandler - Aug 14, 2020 9:39:34 AM org.openqa.selenium.remote.ProtocolHandshake createSession

INFO: Detected dialect: OSS
[MASTER] 17:39:34.867 [Thread-3] ERROR ExternalProcessHandler - INFO: Detected dialect: OSS

Aug 14, 2020 9:39:48 AM org.openqa.selenium.remote.ProtocolHandshake createSession
[MASTER] 17:39:48.046 [Thread-3] ERROR ExternalProcessHandler - Aug 14, 2020 9:39:48 AM org.openqa.selenium.remote.ProtocolHandshake createSession

INFO: Detected dialect: OSS
[MASTER] 17:39:48.046 [Thread-3] ERROR ExternalProcessHandler - INFO: Detected dialect: OSS

Aug 14, 2020 9:40:07 AM org.openqa.selenium.remote.ProtocolHandshake createSession
[MASTER] 17:40:07.498 [Thread-3] ERROR ExternalProcessHandler - Aug 14, 2020 9:40:07 AM org.openqa.selenium.remote.ProtocolHandshake createSession

INFO: Detected dialect: OSS
[MASTER] 17:40:07.498 [Thread-3] ERROR ExternalProcessHandler - INFO: Detected dialect: OSS

[MASTER] 17:40:32.917 [logback-2] ERROR TestCaseExecutor - TG: Exception caught: 
java.lang.IllegalStateException: Test generation failed: page object bug.
	at org.evosuite.testcase.execution.TestCaseExecutor.runTest(TestCaseExecutor.java:322) ~[evosuite-client-1.0.4-SNAPSHOT.jar:na]
	at org.evosuite.testcase.TestFitnessFunction.runTest(TestFitnessFunction.java:91) [evosuite-client-1.0.4-SNAPSHOT.jar:na]
	at org.evosuite.testcase.TestFitnessFunction.getFitness(TestFitnessFunction.java:60) [evosuite-client-1.0.4-SNAPSHOT.jar:na]
	at org.evosuite.testcase.TestFitnessFunction.getFitness(TestFitnessFunction.java:34) [evosuite-client-1.0.4-SNAPSHOT.jar:na]
	at org.evosuite.ga.metaheuristics.art.AdaptiveRandomSearch.calculateFitness(AdaptiveRandomSearch.java:312) [evosuite-client-1.0.4-SNAPSHOT.jar:na]
	at org.evosuite.ga.metaheuristics.art.AdaptiveRandomSearch.evolve(AdaptiveRandomSearch.java:139) [evosuite-client-1.0.4-SNAPSHOT.jar:na]
	at org.evosuite.ga.metaheuristics.art.AdaptiveRandomSearch.generateSolution(AdaptiveRandomSearch.java:270) [evosuite-client-1.0.4-SNAPSHOT.jar:na]
	at org.evosuite.strategy.AdaptiveRandomTestStrategy.generateTests(AdaptiveRandomTestStrategy.java:118) [evosuite-client-1.0.4-SNAPSHOT.jar:na]
	at org.evosuite.TestSuiteGenerator.generateTests(TestSuiteGenerator.java:654) [evosuite-client-1.0.4-SNAPSHOT.jar:na]
	at org.evosuite.TestSuiteGenerator.generateTestSuite(TestSuiteGenerator.java:213) [evosuite-client-1.0.4-SNAPSHOT.jar:na]
	at org.evosuite.rmi.service.ClientNodeImpl$1.run(ClientNodeImpl.java:145) [evosuite-client-1.0.4-SNAPSHOT.jar:na]
	at java.util.concurrent.Executors$RunnableAdapter.call(Executors.java:511) [na:1.8.0_265]
	at java.util.concurrent.FutureTask.run(FutureTask.java:266) [na:1.8.0_265]
	at java.util.concurrent.ThreadPoolExecutor.runWorker(ThreadPoolExecutor.java:1149) [na:1.8.0_265]
	at java.util.concurrent.ThreadPoolExecutor$Worker.run(ThreadPoolExecutor.java:624) [na:1.8.0_265]
	at java.lang.Thread.run(Thread.java:748) [na:1.8.0_265]
Aug 14, 2020 9:40:33 AM org.openqa.selenium.remote.ProtocolHandshake createSession
[MASTER] 17:40:33.146 [Thread-3] ERROR ExternalProcessHandler - Aug 14, 2020 9:40:33 AM org.openqa.selenium.remote.ProtocolHandshake createSession

INFO: Detected dialect: OSS
[MASTER] 17:40:33.147 [Thread-3] ERROR ExternalProcessHandler - INFO: Detected dialect: OSS

Aug 14, 2020 9:40:34 AM org.openqa.selenium.remote.ProtocolHandshake createSession
[MASTER] 17:40:34.965 [Thread-3] ERROR ExternalProcessHandler - Aug 14, 2020 9:40:34 AM org.openqa.selenium.remote.ProtocolHandshake createSession

INFO: Detected dialect: OSS
[MASTER] 17:40:34.965 [Thread-3] ERROR ExternalProcessHandler - INFO: Detected dialect: OSS

Aug 14, 2020 9:40:41 AM org.openqa.selenium.remote.ProtocolHandshake createSession
[MASTER] 17:40:41.599 [Thread-3] ERROR ExternalProcessHandler - Aug 14, 2020 9:40:41 AM org.openqa.selenium.remote.ProtocolHandshake createSession

INFO: Detected dialect: OSS
[MASTER] 17:40:41.599 [Thread-3] ERROR ExternalProcessHandler - INFO: Detected dialect: OSS

Aug 14, 2020 9:40:53 AM org.openqa.selenium.remote.ProtocolHandshake createSession
[MASTER] 17:40:53.933 [Thread-3] ERROR ExternalProcessHandler - Aug 14, 2020 9:40:53 AM org.openqa.selenium.remote.ProtocolHandshake createSession

INFO: Detected dialect: OSS
[MASTER] 17:40:53.933 [Thread-3] ERROR ExternalProcessHandler - INFO: Detected dialect: OSS

Aug 14, 2020 9:41:11 AM org.openqa.selenium.remote.ProtocolHandshake createSession
[MASTER] 17:41:11.697 [Thread-3] ERROR ExternalProcessHandler - Aug 14, 2020 9:41:11 AM org.openqa.selenium.remote.ProtocolHandshake createSession

INFO: Detected dialect: OSS
[MASTER] 17:41:11.697 [Thread-3] ERROR ExternalProcessHandler - INFO: Detected dialect: OSS

[MASTER] 17:41:35.016 [logback-2] ERROR TestCaseExecutor - TG: Exception caught: 
java.lang.IllegalStateException: Test generation failed: page object bug.
	at org.evosuite.testcase.execution.TestCaseExecutor.runTest(TestCaseExecutor.java:322) ~[evosuite-client-1.0.4-SNAPSHOT.jar:na]
	at org.evosuite.testcase.TestFitnessFunction.runTest(TestFitnessFunction.java:91) [evosuite-client-1.0.4-SNAPSHOT.jar:na]
	at org.evosuite.testcase.TestFitnessFunction.getFitness(TestFitnessFunction.java:60) [evosuite-client-1.0.4-SNAPSHOT.jar:na]
	at org.evosuite.testcase.TestFitnessFunction.getFitness(TestFitnessFunction.java:34) [evosuite-client-1.0.4-SNAPSHOT.jar:na]
	at org.evosuite.ga.metaheuristics.art.AdaptiveRandomSearch.calculateFitness(AdaptiveRandomSearch.java:312) [evosuite-client-1.0.4-SNAPSHOT.jar:na]
	at org.evosuite.ga.metaheuristics.art.AdaptiveRandomSearch.evolve(AdaptiveRandomSearch.java:139) [evosuite-client-1.0.4-SNAPSHOT.jar:na]
	at org.evosuite.ga.metaheuristics.art.AdaptiveRandomSearch.generateSolution(AdaptiveRandomSearch.java:270) [evosuite-client-1.0.4-SNAPSHOT.jar:na]
	at org.evosuite.strategy.AdaptiveRandomTestStrategy.generateTests(AdaptiveRandomTestStrategy.java:118) [evosuite-client-1.0.4-SNAPSHOT.jar:na]
	at org.evosuite.TestSuiteGenerator.generateTests(TestSuiteGenerator.java:654) [evosuite-client-1.0.4-SNAPSHOT.jar:na]
	at org.evosuite.TestSuiteGenerator.generateTestSuite(TestSuiteGenerator.java:213) [evosuite-client-1.0.4-SNAPSHOT.jar:na]
	at org.evosuite.rmi.service.ClientNodeImpl$1.run(ClientNodeImpl.java:145) [evosuite-client-1.0.4-SNAPSHOT.jar:na]
	at java.util.concurrent.Executors$RunnableAdapter.call(Executors.java:511) [na:1.8.0_265]
	at java.util.concurrent.FutureTask.run(FutureTask.java:266) [na:1.8.0_265]
	at java.util.concurrent.ThreadPoolExecutor.runWorker(ThreadPoolExecutor.java:1149) [na:1.8.0_265]
	at java.util.concurrent.ThreadPoolExecutor$Worker.run(ThreadPoolExecutor.java:624) [na:1.8.0_265]
	at java.lang.Thread.run(Thread.java:748) [na:1.8.0_265]
Aug 14, 2020 9:41:35 AM org.openqa.selenium.remote.ProtocolHandshake createSession
[MASTER] 17:41:35.208 [Thread-3] ERROR ExternalProcessHandler - Aug 14, 2020 9:41:35 AM org.openqa.selenium.remote.ProtocolHandshake createSession

INFO: Detected dialect: OSS
[MASTER] 17:41:35.208 [Thread-3] ERROR ExternalProcessHandler - INFO: Detected dialect: OSS

Aug 14, 2020 9:41:36 AM org.openqa.selenium.remote.ProtocolHandshake createSession
[MASTER] 17:41:36.926 [Thread-3] ERROR ExternalProcessHandler - Aug 14, 2020 9:41:36 AM org.openqa.selenium.remote.ProtocolHandshake createSession

INFO: Detected dialect: OSS
[MASTER] 17:41:36.926 [Thread-3] ERROR ExternalProcessHandler - INFO: Detected dialect: OSS

Aug 14, 2020 9:41:44 AM org.openqa.selenium.remote.ProtocolHandshake createSession
[MASTER] 17:41:44.155 [Thread-3] ERROR ExternalProcessHandler - Aug 14, 2020 9:41:44 AM org.openqa.selenium.remote.ProtocolHandshake createSession

INFO: Detected dialect: OSS
[MASTER] 17:41:44.155 [Thread-3] ERROR ExternalProcessHandler - INFO: Detected dialect: OSS

Aug 14, 2020 9:41:56 AM org.openqa.selenium.remote.ProtocolHandshake createSession
[MASTER] 17:41:56.802 [Thread-3] ERROR ExternalProcessHandler - Aug 14, 2020 9:41:56 AM org.openqa.selenium.remote.ProtocolHandshake createSession

INFO: Detected dialect: OSS
[MASTER] 17:41:56.802 [Thread-3] ERROR ExternalProcessHandler - INFO: Detected dialect: OSS

[MASTER] 17:42:14.723 [logback-2] ERROR TestCaseExecutor - TG: Exception caught: 
java.lang.IllegalStateException: Test generation failed: page object bug.
	at org.evosuite.testcase.execution.TestCaseExecutor.runTest(TestCaseExecutor.java:322) ~[evosuite-client-1.0.4-SNAPSHOT.jar:na]
	at org.evosuite.testcase.TestFitnessFunction.runTest(TestFitnessFunction.java:91) [evosuite-client-1.0.4-SNAPSHOT.jar:na]
	at org.evosuite.testcase.TestFitnessFunction.getFitness(TestFitnessFunction.java:60) [evosuite-client-1.0.4-SNAPSHOT.jar:na]
	at org.evosuite.testcase.TestFitnessFunction.getFitness(TestFitnessFunction.java:34) [evosuite-client-1.0.4-SNAPSHOT.jar:na]
	at org.evosuite.ga.metaheuristics.art.AdaptiveRandomSearch.calculateFitness(AdaptiveRandomSearch.java:312) [evosuite-client-1.0.4-SNAPSHOT.jar:na]
	at org.evosuite.ga.metaheuristics.art.AdaptiveRandomSearch.evolve(AdaptiveRandomSearch.java:139) [evosuite-client-1.0.4-SNAPSHOT.jar:na]
	at org.evosuite.ga.metaheuristics.art.AdaptiveRandomSearch.generateSolution(AdaptiveRandomSearch.java:270) [evosuite-client-1.0.4-SNAPSHOT.jar:na]
	at org.evosuite.strategy.AdaptiveRandomTestStrategy.generateTests(AdaptiveRandomTestStrategy.java:118) [evosuite-client-1.0.4-SNAPSHOT.jar:na]
	at org.evosuite.TestSuiteGenerator.generateTests(TestSuiteGenerator.java:654) [evosuite-client-1.0.4-SNAPSHOT.jar:na]
	at org.evosuite.TestSuiteGenerator.generateTestSuite(TestSuiteGenerator.java:213) [evosuite-client-1.0.4-SNAPSHOT.jar:na]
	at org.evosuite.rmi.service.ClientNodeImpl$1.run(ClientNodeImpl.java:145) [evosuite-client-1.0.4-SNAPSHOT.jar:na]
	at java.util.concurrent.Executors$RunnableAdapter.call(Executors.java:511) [na:1.8.0_265]
	at java.util.concurrent.FutureTask.run(FutureTask.java:266) [na:1.8.0_265]
	at java.util.concurrent.ThreadPoolExecutor.runWorker(ThreadPoolExecutor.java:1149) [na:1.8.0_265]
	at java.util.concurrent.ThreadPoolExecutor$Worker.run(ThreadPoolExecutor.java:624) [na:1.8.0_265]
	at java.lang.Thread.run(Thread.java:748) [na:1.8.0_265]
Aug 14, 2020 9:42:14 AM org.openqa.selenium.remote.ProtocolHandshake createSession
[MASTER] 17:42:14.909 [Thread-3] ERROR ExternalProcessHandler - Aug 14, 2020 9:42:14 AM org.openqa.selenium.remote.ProtocolHandshake createSession

INFO: Detected dialect: OSS
[MASTER] 17:42:14.909 [Thread-3] ERROR ExternalProcessHandler - INFO: Detected dialect: OSS

Aug 14, 2020 9:42:17 AM org.openqa.selenium.remote.ProtocolHandshake createSession
[MASTER] 17:42:17.148 [Thread-3] ERROR ExternalProcessHandler - Aug 14, 2020 9:42:17 AM org.openqa.selenium.remote.ProtocolHandshake createSession

INFO: Detected dialect: OSS
[MASTER] 17:42:17.148 [Thread-3] ERROR ExternalProcessHandler - INFO: Detected dialect: OSS

Aug 14, 2020 9:42:18 AM org.openqa.selenium.remote.ProtocolHandshake createSession
[MASTER] 17:42:18.943 [Thread-3] ERROR ExternalProcessHandler - Aug 14, 2020 9:42:18 AM org.openqa.selenium.remote.ProtocolHandshake createSession

INFO: Detected dialect: OSS
[MASTER] 17:42:18.944 [Thread-3] ERROR ExternalProcessHandler - INFO: Detected dialect: OSS

Aug 14, 2020 9:42:20 AM org.openqa.selenium.remote.ProtocolHandshake createSession
[MASTER] 17:42:20.107 [Thread-3] ERROR ExternalProcessHandler - Aug 14, 2020 9:42:20 AM org.openqa.selenium.remote.ProtocolHandshake createSession

INFO: Detected dialect: OSS
[MASTER] 17:42:20.107 [Thread-3] ERROR ExternalProcessHandler - INFO: Detected dialect: OSS

Aug 14, 2020 9:42:21 AM org.openqa.selenium.remote.ProtocolHandshake createSession
[MASTER] 17:42:21.903 [Thread-3] ERROR ExternalProcessHandler - Aug 14, 2020 9:42:21 AM org.openqa.selenium.remote.ProtocolHandshake createSession

INFO: Detected dialect: OSS
[MASTER] 17:42:21.903 [Thread-3] ERROR ExternalProcessHandler - INFO: Detected dialect: OSS

Aug 14, 2020 9:42:22 AM org.openqa.selenium.remote.ProtocolHandshake createSession
[MASTER] 17:42:22.884 [Thread-3] ERROR ExternalProcessHandler - Aug 14, 2020 9:42:22 AM org.openqa.selenium.remote.ProtocolHandshake createSession

INFO: Detected dialect: OSS
[MASTER] 17:42:22.884 [Thread-3] ERROR ExternalProcessHandler - INFO: Detected dialect: OSS

Aug 14, 2020 9:42:26 AM org.openqa.selenium.remote.ProtocolHandshake createSession
[MASTER] 17:42:26.001 [Thread-3] ERROR ExternalProcessHandler - Aug 14, 2020 9:42:26 AM org.openqa.selenium.remote.ProtocolHandshake createSession

INFO: Detected dialect: OSS
[MASTER] 17:42:26.001 [Thread-3] ERROR ExternalProcessHandler - INFO: Detected dialect: OSS

Aug 14, 2020 9:42:27 AM org.openqa.selenium.remote.ProtocolHandshake createSession
[MASTER] 17:42:27.258 [Thread-3] ERROR ExternalProcessHandler - Aug 14, 2020 9:42:27 AM org.openqa.selenium.remote.ProtocolHandshake createSession

INFO: Detected dialect: OSS
[MASTER] 17:42:27.258 [Thread-3] ERROR ExternalProcessHandler - INFO: Detected dialect: OSS

Aug 14, 2020 9:42:28 AM org.openqa.selenium.remote.ProtocolHandshake createSession
[MASTER] 17:42:28.557 [Thread-3] ERROR ExternalProcessHandler - Aug 14, 2020 9:42:28 AM org.openqa.selenium.remote.ProtocolHandshake createSession

INFO: Detected dialect: OSS
[MASTER] 17:42:28.558 [Thread-3] ERROR ExternalProcessHandler - INFO: Detected dialect: OSS

Aug 14, 2020 9:42:29 AM org.openqa.selenium.remote.ProtocolHandshake createSession
[MASTER] 17:42:29.461 [Thread-3] ERROR ExternalProcessHandler - Aug 14, 2020 9:42:29 AM org.openqa.selenium.remote.ProtocolHandshake createSession

INFO: Detected dialect: OSS
[MASTER] 17:42:29.461 [Thread-3] ERROR ExternalProcessHandler - INFO: Detected dialect: OSS

Aug 14, 2020 9:42:30 AM org.openqa.selenium.remote.ProtocolHandshake createSession
[MASTER] 17:42:30.763 [Thread-3] ERROR ExternalProcessHandler - Aug 14, 2020 9:42:30 AM org.openqa.selenium.remote.ProtocolHandshake createSession

INFO: Detected dialect: OSS
[MASTER] 17:42:30.763 [Thread-3] ERROR ExternalProcessHandler - INFO: Detected dialect: OSS

Aug 14, 2020 9:42:32 AM org.openqa.selenium.remote.ProtocolHandshake createSession
[MASTER] 17:42:32.199 [Thread-3] ERROR ExternalProcessHandler - Aug 14, 2020 9:42:32 AM org.openqa.selenium.remote.ProtocolHandshake createSession

INFO: Detected dialect: OSS
[MASTER] 17:42:32.199 [Thread-3] ERROR ExternalProcessHandler - INFO: Detected dialect: OSS

Aug 14, 2020 9:42:33 AM org.openqa.selenium.remote.ProtocolHandshake createSession
[MASTER] 17:42:33.758 [Thread-3] ERROR ExternalProcessHandler - Aug 14, 2020 9:42:33 AM org.openqa.selenium.remote.ProtocolHandshake createSession

INFO: Detected dialect: OSS
[MASTER] 17:42:33.758 [Thread-3] ERROR ExternalProcessHandler - INFO: Detected dialect: OSS

Aug 14, 2020 9:42:34 AM org.openqa.selenium.remote.ProtocolHandshake createSession
[MASTER] 17:42:34.827 [Thread-3] ERROR ExternalProcessHandler - Aug 14, 2020 9:42:34 AM org.openqa.selenium.remote.ProtocolHandshake createSession

INFO: Detected dialect: OSS
[MASTER] 17:42:34.827 [Thread-3] ERROR ExternalProcessHandler - INFO: Detected dialect: OSS

Aug 14, 2020 9:42:36 AM org.openqa.selenium.remote.ProtocolHandshake createSession
[MASTER] 17:42:36.618 [Thread-3] ERROR ExternalProcessHandler - Aug 14, 2020 9:42:36 AM org.openqa.selenium.remote.ProtocolHandshake createSession

INFO: Detected dialect: OSS
[MASTER] 17:42:36.618 [Thread-3] ERROR ExternalProcessHandler - INFO: Detected dialect: OSS

Aug 14, 2020 9:42:38 AM org.openqa.selenium.remote.ProtocolHandshake createSession
[MASTER] 17:42:38.209 [Thread-3] ERROR ExternalProcessHandler - Aug 14, 2020 9:42:38 AM org.openqa.selenium.remote.ProtocolHandshake createSession

INFO: Detected dialect: OSS
[MASTER] 17:42:38.209 [Thread-3] ERROR ExternalProcessHandler - INFO: Detected dialect: OSS

Aug 14, 2020 9:42:39 AM org.openqa.selenium.remote.ProtocolHandshake createSession
[MASTER] 17:42:39.979 [Thread-3] ERROR ExternalProcessHandler - Aug 14, 2020 9:42:39 AM org.openqa.selenium.remote.ProtocolHandshake createSession

INFO: Detected dialect: OSS
[MASTER] 17:42:39.980 [Thread-3] ERROR ExternalProcessHandler - INFO: Detected dialect: OSS

Aug 14, 2020 9:42:41 AM org.openqa.selenium.remote.ProtocolHandshake createSession
[MASTER] 17:42:41.062 [Thread-3] ERROR ExternalProcessHandler - Aug 14, 2020 9:42:41 AM org.openqa.selenium.remote.ProtocolHandshake createSession

INFO: Detected dialect: OSS
[MASTER] 17:42:41.062 [Thread-3] ERROR ExternalProcessHandler - INFO: Detected dialect: OSS

Aug 14, 2020 9:42:42 AM org.openqa.selenium.remote.ProtocolHandshake createSession
[MASTER] 17:42:42.858 [Thread-3] ERROR ExternalProcessHandler - Aug 14, 2020 9:42:42 AM org.openqa.selenium.remote.ProtocolHandshake createSession

INFO: Detected dialect: OSS
[MASTER] 17:42:42.858 [Thread-3] ERROR ExternalProcessHandler - INFO: Detected dialect: OSS

Aug 14, 2020 9:42:44 AM org.openqa.selenium.remote.ProtocolHandshake createSession
[MASTER] 17:42:44.476 [Thread-3] ERROR ExternalProcessHandler - Aug 14, 2020 9:42:44 AM org.openqa.selenium.remote.ProtocolHandshake createSession

INFO: Detected dialect: OSS
[MASTER] 17:42:44.476 [Thread-3] ERROR ExternalProcessHandler - INFO: Detected dialect: OSS

Aug 14, 2020 9:42:46 AM org.openqa.selenium.remote.ProtocolHandshake createSession
[MASTER] 17:42:46.243 [Thread-3] ERROR ExternalProcessHandler - Aug 14, 2020 9:42:46 AM org.openqa.selenium.remote.ProtocolHandshake createSession

INFO: Detected dialect: OSS
[MASTER] 17:42:46.243 [Thread-3] ERROR ExternalProcessHandler - INFO: Detected dialect: OSS

Aug 14, 2020 9:42:47 AM org.openqa.selenium.remote.ProtocolHandshake createSession
[MASTER] 17:42:47.463 [Thread-3] ERROR ExternalProcessHandler - Aug 14, 2020 9:42:47 AM org.openqa.selenium.remote.ProtocolHandshake createSession

INFO: Detected dialect: OSS
[MASTER] 17:42:47.464 [Thread-3] ERROR ExternalProcessHandler - INFO: Detected dialect: OSS

Aug 14, 2020 9:42:48 AM org.openqa.selenium.remote.ProtocolHandshake createSession
[MASTER] 17:42:48.874 [Thread-3] ERROR ExternalProcessHandler - Aug 14, 2020 9:42:48 AM org.openqa.selenium.remote.ProtocolHandshake createSession

INFO: Detected dialect: OSS
[MASTER] 17:42:48.875 [Thread-3] ERROR ExternalProcessHandler - INFO: Detected dialect: OSS

Aug 14, 2020 9:42:50 AM org.openqa.selenium.remote.ProtocolHandshake createSession
[MASTER] 17:42:50.299 [Thread-3] ERROR ExternalProcessHandler - Aug 14, 2020 9:42:50 AM org.openqa.selenium.remote.ProtocolHandshake createSession

INFO: Detected dialect: OSS
[MASTER] 17:42:50.299 [Thread-3] ERROR ExternalProcessHandler - INFO: Detected dialect: OSS

Aug 14, 2020 9:42:54 AM org.openqa.selenium.remote.ProtocolHandshake createSession
[MASTER] 17:42:54.798 [Thread-3] ERROR ExternalProcessHandler - Aug 14, 2020 9:42:54 AM org.openqa.selenium.remote.ProtocolHandshake createSession

INFO: Detected dialect: OSS
[MASTER] 17:42:54.798 [Thread-3] ERROR ExternalProcessHandler - INFO: Detected dialect: OSS

Aug 14, 2020 9:43:05 AM org.openqa.selenium.remote.ProtocolHandshake createSession
[MASTER] 17:43:05.401 [Thread-3] ERROR ExternalProcessHandler - Aug 14, 2020 9:43:05 AM org.openqa.selenium.remote.ProtocolHandshake createSession

INFO: Detected dialect: OSS
[MASTER] 17:43:05.402 [Thread-3] ERROR ExternalProcessHandler - INFO: Detected dialect: OSS

Aug 14, 2020 9:43:22 AM org.openqa.selenium.remote.ProtocolHandshake createSession
[MASTER] 17:43:22.121 [Thread-3] ERROR ExternalProcessHandler - Aug 14, 2020 9:43:22 AM org.openqa.selenium.remote.ProtocolHandshake createSession

INFO: Detected dialect: OSS
[MASTER] 17:43:22.121 [Thread-3] ERROR ExternalProcessHandler - INFO: Detected dialect: OSS

[MASTER] 17:43:44.762 [logback-2] ERROR TestCaseExecutor - TG: Exception caught: 
java.lang.IllegalStateException: Test generation failed: page object bug.
	at org.evosuite.testcase.execution.TestCaseExecutor.runTest(TestCaseExecutor.java:322) ~[evosuite-client-1.0.4-SNAPSHOT.jar:na]
	at org.evosuite.testcase.TestFitnessFunction.runTest(TestFitnessFunction.java:91) [evosuite-client-1.0.4-SNAPSHOT.jar:na]
	at org.evosuite.testcase.TestFitnessFunction.getFitness(TestFitnessFunction.java:60) [evosuite-client-1.0.4-SNAPSHOT.jar:na]
	at org.evosuite.testcase.TestFitnessFunction.getFitness(TestFitnessFunction.java:34) [evosuite-client-1.0.4-SNAPSHOT.jar:na]
	at org.evosuite.ga.metaheuristics.art.AdaptiveRandomSearch.calculateFitness(AdaptiveRandomSearch.java:312) [evosuite-client-1.0.4-SNAPSHOT.jar:na]
	at org.evosuite.ga.metaheuristics.art.AdaptiveRandomSearch.evolve(AdaptiveRandomSearch.java:139) [evosuite-client-1.0.4-SNAPSHOT.jar:na]
	at org.evosuite.ga.metaheuristics.art.AdaptiveRandomSearch.generateSolution(AdaptiveRandomSearch.java:270) [evosuite-client-1.0.4-SNAPSHOT.jar:na]
	at org.evosuite.strategy.AdaptiveRandomTestStrategy.generateTests(AdaptiveRandomTestStrategy.java:118) [evosuite-client-1.0.4-SNAPSHOT.jar:na]
	at org.evosuite.TestSuiteGenerator.generateTests(TestSuiteGenerator.java:654) [evosuite-client-1.0.4-SNAPSHOT.jar:na]
	at org.evosuite.TestSuiteGenerator.generateTestSuite(TestSuiteGenerator.java:213) [evosuite-client-1.0.4-SNAPSHOT.jar:na]
	at org.evosuite.rmi.service.ClientNodeImpl$1.run(ClientNodeImpl.java:145) [evosuite-client-1.0.4-SNAPSHOT.jar:na]
	at java.util.concurrent.Executors$RunnableAdapter.call(Executors.java:511) [na:1.8.0_265]
	at java.util.concurrent.FutureTask.run(FutureTask.java:266) [na:1.8.0_265]
	at java.util.concurrent.ThreadPoolExecutor.runWorker(ThreadPoolExecutor.java:1149) [na:1.8.0_265]
	at java.util.concurrent.ThreadPoolExecutor$Worker.run(ThreadPoolExecutor.java:624) [na:1.8.0_265]
	at java.lang.Thread.run(Thread.java:748) [na:1.8.0_265]
Aug 14, 2020 9:43:44 AM org.openqa.selenium.remote.ProtocolHandshake createSession
[MASTER] 17:43:44.986 [Thread-3] ERROR ExternalProcessHandler - Aug 14, 2020 9:43:44 AM org.openqa.selenium.remote.ProtocolHandshake createSession

INFO: Detected dialect: OSS
[MASTER] 17:43:44.987 [Thread-3] ERROR ExternalProcessHandler - INFO: Detected dialect: OSS

Aug 14, 2020 9:43:46 AM org.openqa.selenium.remote.ProtocolHandshake createSession
[MASTER] 17:43:46.269 [Thread-3] ERROR ExternalProcessHandler - Aug 14, 2020 9:43:46 AM org.openqa.selenium.remote.ProtocolHandshake createSession

INFO: Detected dialect: OSS
[MASTER] 17:43:46.269 [Thread-3] ERROR ExternalProcessHandler - INFO: Detected dialect: OSS

Aug 14, 2020 9:43:48 AM po_utils.PageObjectLogging logInfo
[MASTER] 17:43:48.297 [Thread-3] ERROR ExternalProcessHandler - Aug 14, 2020 9:43:48 AM po_utils.PageObjectLogging logInfo

INFO: waitForElementBeingPresentOnPage timeout exception: unable to locate the element By.xpath: //button[text()="Create a new session"]
[MASTER] 17:43:48.298 [Thread-3] ERROR ExternalProcessHandler - INFO: waitForElementBeingPresentOnPage timeout exception: unable to locate the element By.xpath: //button[text()="Create a new session"]


[MASTER] 17:43:48.298 [Thread-3] ERROR ExternalProcessHandler - 


[MASTER] 17:43:48.298 [Thread-3] ERROR ExternalProcessHandler - 

Aug 14, 2020 9:43:50 AM org.openqa.selenium.remote.ProtocolHandshake createSession
[MASTER] 17:43:50.630 [Thread-3] ERROR ExternalProcessHandler - Aug 14, 2020 9:43:50 AM org.openqa.selenium.remote.ProtocolHandshake createSession

INFO: Detected dialect: OSS
[MASTER] 17:43:50.630 [Thread-3] ERROR ExternalProcessHandler - INFO: Detected dialect: OSS

Aug 14, 2020 9:43:53 AM org.openqa.selenium.remote.ProtocolHandshake createSession
[MASTER] 17:43:53.682 [Thread-3] ERROR ExternalProcessHandler - Aug 14, 2020 9:43:53 AM org.openqa.selenium.remote.ProtocolHandshake createSession

INFO: Detected dialect: OSS
[MASTER] 17:43:53.682 [Thread-3] ERROR ExternalProcessHandler - INFO: Detected dialect: OSS

Aug 14, 2020 9:44:02 AM org.openqa.selenium.remote.ProtocolHandshake createSession
[MASTER] 17:44:02.657 [Thread-3] ERROR ExternalProcessHandler - Aug 14, 2020 9:44:02 AM org.openqa.selenium.remote.ProtocolHandshake createSession

INFO: Detected dialect: OSS
[MASTER] 17:44:02.658 [Thread-3] ERROR ExternalProcessHandler - INFO: Detected dialect: OSS

Aug 14, 2020 9:44:17 AM org.openqa.selenium.remote.ProtocolHandshake createSession
[MASTER] 17:44:17.314 [Thread-3] ERROR ExternalProcessHandler - Aug 14, 2020 9:44:17 AM org.openqa.selenium.remote.ProtocolHandshake createSession

INFO: Detected dialect: OSS
[MASTER] 17:44:17.314 [Thread-3] ERROR ExternalProcessHandler - INFO: Detected dialect: OSS

[MASTER] 17:44:37.520 [logback-2] ERROR TestCaseExecutor - TG: Exception caught: 
java.lang.IllegalStateException: Test generation failed: page object bug.
	at org.evosuite.testcase.execution.TestCaseExecutor.runTest(TestCaseExecutor.java:322) ~[evosuite-client-1.0.4-SNAPSHOT.jar:na]
	at org.evosuite.testcase.TestFitnessFunction.runTest(TestFitnessFunction.java:91) [evosuite-client-1.0.4-SNAPSHOT.jar:na]
	at org.evosuite.testcase.TestFitnessFunction.getFitness(TestFitnessFunction.java:60) [evosuite-client-1.0.4-SNAPSHOT.jar:na]
	at org.evosuite.testcase.TestFitnessFunction.getFitness(TestFitnessFunction.java:34) [evosuite-client-1.0.4-SNAPSHOT.jar:na]
	at org.evosuite.ga.metaheuristics.art.AdaptiveRandomSearch.calculateFitness(AdaptiveRandomSearch.java:312) [evosuite-client-1.0.4-SNAPSHOT.jar:na]
	at org.evosuite.ga.metaheuristics.art.AdaptiveRandomSearch.evolve(AdaptiveRandomSearch.java:139) [evosuite-client-1.0.4-SNAPSHOT.jar:na]
	at org.evosuite.ga.metaheuristics.art.AdaptiveRandomSearch.generateSolution(AdaptiveRandomSearch.java:270) [evosuite-client-1.0.4-SNAPSHOT.jar:na]
	at org.evosuite.strategy.AdaptiveRandomTestStrategy.generateTests(AdaptiveRandomTestStrategy.java:118) [evosuite-client-1.0.4-SNAPSHOT.jar:na]
	at org.evosuite.TestSuiteGenerator.generateTests(TestSuiteGenerator.java:654) [evosuite-client-1.0.4-SNAPSHOT.jar:na]
	at org.evosuite.TestSuiteGenerator.generateTestSuite(TestSuiteGenerator.java:213) [evosuite-client-1.0.4-SNAPSHOT.jar:na]
	at org.evosuite.rmi.service.ClientNodeImpl$1.run(ClientNodeImpl.java:145) [evosuite-client-1.0.4-SNAPSHOT.jar:na]
	at java.util.concurrent.Executors$RunnableAdapter.call(Executors.java:511) [na:1.8.0_265]
	at java.util.concurrent.FutureTask.run(FutureTask.java:266) [na:1.8.0_265]
	at java.util.concurrent.ThreadPoolExecutor.runWorker(ThreadPoolExecutor.java:1149) [na:1.8.0_265]
	at java.util.concurrent.ThreadPoolExecutor$Worker.run(ThreadPoolExecutor.java:624) [na:1.8.0_265]
	at java.lang.Thread.run(Thread.java:748) [na:1.8.0_265]
Aug 14, 2020 9:44:37 AM org.openqa.selenium.remote.ProtocolHandshake createSession
[MASTER] 17:44:37.761 [Thread-3] ERROR ExternalProcessHandler - Aug 14, 2020 9:44:37 AM org.openqa.selenium.remote.ProtocolHandshake createSession

INFO: Detected dialect: OSS
[MASTER] 17:44:37.761 [Thread-3] ERROR ExternalProcessHandler - INFO: Detected dialect: OSS

Aug 14, 2020 9:44:39 AM po_utils.PageObjectLogging logInfo
[MASTER] 17:44:39.128 [Thread-3] ERROR ExternalProcessHandler - Aug 14, 2020 9:44:39 AM po_utils.PageObjectLogging logInfo

INFO: waitForElementBeingPresentOnPage timeout exception: unable to locate the element By.xpath: //button[text()="Create a new session"]
[MASTER] 17:44:39.129 [Thread-3] ERROR ExternalProcessHandler - INFO: waitForElementBeingPresentOnPage timeout exception: unable to locate the element By.xpath: //button[text()="Create a new session"]


[MASTER] 17:44:39.129 [Thread-3] ERROR ExternalProcessHandler - 


[MASTER] 17:44:39.129 [Thread-3] ERROR ExternalProcessHandler - 

Aug 14, 2020 9:44:39 AM org.openqa.selenium.remote.ProtocolHandshake createSession
[MASTER] 17:44:39.590 [Thread-3] ERROR ExternalProcessHandler - Aug 14, 2020 9:44:39 AM org.openqa.selenium.remote.ProtocolHandshake createSession

INFO: Detected dialect: OSS
[MASTER] 17:44:39.590 [Thread-3] ERROR ExternalProcessHandler - INFO: Detected dialect: OSS

Aug 14, 2020 9:44:41 AM org.openqa.selenium.remote.ProtocolHandshake createSession
[MASTER] 17:44:41.154 [Thread-3] ERROR ExternalProcessHandler - Aug 14, 2020 9:44:41 AM org.openqa.selenium.remote.ProtocolHandshake createSession

INFO: Detected dialect: OSS
[MASTER] 17:44:41.155 [Thread-3] ERROR ExternalProcessHandler - INFO: Detected dialect: OSS

Aug 14, 2020 9:44:44 AM org.openqa.selenium.remote.ProtocolHandshake createSession
[MASTER] 17:44:44.564 [Thread-3] ERROR ExternalProcessHandler - Aug 14, 2020 9:44:44 AM org.openqa.selenium.remote.ProtocolHandshake createSession

INFO: Detected dialect: OSS
[MASTER] 17:44:44.565 [Thread-3] ERROR ExternalProcessHandler - INFO: Detected dialect: OSS

Aug 14, 2020 9:44:54 AM org.openqa.selenium.remote.ProtocolHandshake createSession
[MASTER] 17:44:54.210 [Thread-3] ERROR ExternalProcessHandler - Aug 14, 2020 9:44:54 AM org.openqa.selenium.remote.ProtocolHandshake createSession

INFO: Detected dialect: OSS
[MASTER] 17:44:54.211 [Thread-3] ERROR ExternalProcessHandler - INFO: Detected dialect: OSS

Aug 14, 2020 9:45:10 AM org.openqa.selenium.remote.ProtocolHandshake createSession
[MASTER] 17:45:10.009 [Thread-3] ERROR ExternalProcessHandler - Aug 14, 2020 9:45:10 AM org.openqa.selenium.remote.ProtocolHandshake createSession

INFO: Detected dialect: OSS
[MASTER] 17:45:10.009 [Thread-3] ERROR ExternalProcessHandler - INFO: Detected dialect: OSS

[MASTER] 17:45:31.939 [logback-2] ERROR TestCaseExecutor - TG: Exception caught: 
java.lang.IllegalStateException: Test generation failed: page object bug.
	at org.evosuite.testcase.execution.TestCaseExecutor.runTest(TestCaseExecutor.java:322) ~[evosuite-client-1.0.4-SNAPSHOT.jar:na]
	at org.evosuite.testcase.TestFitnessFunction.runTest(TestFitnessFunction.java:91) [evosuite-client-1.0.4-SNAPSHOT.jar:na]
	at org.evosuite.testcase.TestFitnessFunction.getFitness(TestFitnessFunction.java:60) [evosuite-client-1.0.4-SNAPSHOT.jar:na]
	at org.evosuite.testcase.TestFitnessFunction.getFitness(TestFitnessFunction.java:34) [evosuite-client-1.0.4-SNAPSHOT.jar:na]
	at org.evosuite.ga.metaheuristics.art.AdaptiveRandomSearch.calculateFitness(AdaptiveRandomSearch.java:312) [evosuite-client-1.0.4-SNAPSHOT.jar:na]
	at org.evosuite.ga.metaheuristics.art.AdaptiveRandomSearch.evolve(AdaptiveRandomSearch.java:139) [evosuite-client-1.0.4-SNAPSHOT.jar:na]
	at org.evosuite.ga.metaheuristics.art.AdaptiveRandomSearch.generateSolution(AdaptiveRandomSearch.java:270) [evosuite-client-1.0.4-SNAPSHOT.jar:na]
	at org.evosuite.strategy.AdaptiveRandomTestStrategy.generateTests(AdaptiveRandomTestStrategy.java:118) [evosuite-client-1.0.4-SNAPSHOT.jar:na]
	at org.evosuite.TestSuiteGenerator.generateTests(TestSuiteGenerator.java:654) [evosuite-client-1.0.4-SNAPSHOT.jar:na]
	at org.evosuite.TestSuiteGenerator.generateTestSuite(TestSuiteGenerator.java:213) [evosuite-client-1.0.4-SNAPSHOT.jar:na]
	at org.evosuite.rmi.service.ClientNodeImpl$1.run(ClientNodeImpl.java:145) [evosuite-client-1.0.4-SNAPSHOT.jar:na]
	at java.util.concurrent.Executors$RunnableAdapter.call(Executors.java:511) [na:1.8.0_265]
	at java.util.concurrent.FutureTask.run(FutureTask.java:266) [na:1.8.0_265]
	at java.util.concurrent.ThreadPoolExecutor.runWorker(ThreadPoolExecutor.java:1149) [na:1.8.0_265]
	at java.util.concurrent.ThreadPoolExecutor$Worker.run(ThreadPoolExecutor.java:624) [na:1.8.0_265]
	at java.lang.Thread.run(Thread.java:748) [na:1.8.0_265]
Aug 14, 2020 9:45:32 AM org.openqa.selenium.remote.ProtocolHandshake createSession
[MASTER] 17:45:32.131 [Thread-3] ERROR ExternalProcessHandler - Aug 14, 2020 9:45:32 AM org.openqa.selenium.remote.ProtocolHandshake createSession

INFO: Detected dialect: OSS
[MASTER] 17:45:32.132 [Thread-3] ERROR ExternalProcessHandler - INFO: Detected dialect: OSS

Aug 14, 2020 9:45:33 AM org.openqa.selenium.remote.ProtocolHandshake createSession
[MASTER] 17:45:33.492 [Thread-3] ERROR ExternalProcessHandler - Aug 14, 2020 9:45:33 AM org.openqa.selenium.remote.ProtocolHandshake createSession

INFO: Detected dialect: OSS
[MASTER] 17:45:33.492 [Thread-3] ERROR ExternalProcessHandler - INFO: Detected dialect: OSS

Aug 14, 2020 9:45:37 AM org.openqa.selenium.remote.ProtocolHandshake createSession
[MASTER] 17:45:37.185 [Thread-3] ERROR ExternalProcessHandler - Aug 14, 2020 9:45:37 AM org.openqa.selenium.remote.ProtocolHandshake createSession

INFO: Detected dialect: OSS
[MASTER] 17:45:37.185 [Thread-3] ERROR ExternalProcessHandler - INFO: Detected dialect: OSS

Aug 14, 2020 9:45:45 AM org.openqa.selenium.remote.ProtocolHandshake createSession
[MASTER] 17:45:45.894 [Thread-3] ERROR ExternalProcessHandler - Aug 14, 2020 9:45:45 AM org.openqa.selenium.remote.ProtocolHandshake createSession

INFO: Detected dialect: OSS
[MASTER] 17:45:45.894 [Thread-3] ERROR ExternalProcessHandler - INFO: Detected dialect: OSS

Aug 14, 2020 9:45:59 AM org.openqa.selenium.remote.ProtocolHandshake createSession
[MASTER] 17:45:59.670 [Thread-3] ERROR ExternalProcessHandler - Aug 14, 2020 9:45:59 AM org.openqa.selenium.remote.ProtocolHandshake createSession

INFO: Detected dialect: OSS
[MASTER] 17:45:59.670 [Thread-3] ERROR ExternalProcessHandler - INFO: Detected dialect: OSS

[MASTER] 17:46:18.267 [logback-2] ERROR TestCaseExecutor - TG: Exception caught: 
java.lang.IllegalStateException: Test generation failed: page object bug.
	at org.evosuite.testcase.execution.TestCaseExecutor.runTest(TestCaseExecutor.java:322) ~[evosuite-client-1.0.4-SNAPSHOT.jar:na]
	at org.evosuite.testcase.TestFitnessFunction.runTest(TestFitnessFunction.java:91) [evosuite-client-1.0.4-SNAPSHOT.jar:na]
	at org.evosuite.testcase.TestFitnessFunction.getFitness(TestFitnessFunction.java:60) [evosuite-client-1.0.4-SNAPSHOT.jar:na]
	at org.evosuite.testcase.TestFitnessFunction.getFitness(TestFitnessFunction.java:34) [evosuite-client-1.0.4-SNAPSHOT.jar:na]
	at org.evosuite.ga.metaheuristics.art.AdaptiveRandomSearch.calculateFitness(AdaptiveRandomSearch.java:312) [evosuite-client-1.0.4-SNAPSHOT.jar:na]
	at org.evosuite.ga.metaheuristics.art.AdaptiveRandomSearch.evolve(AdaptiveRandomSearch.java:139) [evosuite-client-1.0.4-SNAPSHOT.jar:na]
	at org.evosuite.ga.metaheuristics.art.AdaptiveRandomSearch.generateSolution(AdaptiveRandomSearch.java:270) [evosuite-client-1.0.4-SNAPSHOT.jar:na]
	at org.evosuite.strategy.AdaptiveRandomTestStrategy.generateTests(AdaptiveRandomTestStrategy.java:118) [evosuite-client-1.0.4-SNAPSHOT.jar:na]
	at org.evosuite.TestSuiteGenerator.generateTests(TestSuiteGenerator.java:654) [evosuite-client-1.0.4-SNAPSHOT.jar:na]
	at org.evosuite.TestSuiteGenerator.generateTestSuite(TestSuiteGenerator.java:213) [evosuite-client-1.0.4-SNAPSHOT.jar:na]
	at org.evosuite.rmi.service.ClientNodeImpl$1.run(ClientNodeImpl.java:145) [evosuite-client-1.0.4-SNAPSHOT.jar:na]
	at java.util.concurrent.Executors$RunnableAdapter.call(Executors.java:511) [na:1.8.0_265]
	at java.util.concurrent.FutureTask.run(FutureTask.java:266) [na:1.8.0_265]
	at java.util.concurrent.ThreadPoolExecutor.runWorker(ThreadPoolExecutor.java:1149) [na:1.8.0_265]
	at java.util.concurrent.ThreadPoolExecutor$Worker.run(ThreadPoolExecutor.java:624) [na:1.8.0_265]
	at java.lang.Thread.run(Thread.java:748) [na:1.8.0_265]
Aug 14, 2020 9:46:18 AM org.openqa.selenium.remote.ProtocolHandshake createSession
[MASTER] 17:46:18.496 [Thread-3] ERROR ExternalProcessHandler - Aug 14, 2020 9:46:18 AM org.openqa.selenium.remote.ProtocolHandshake createSession

INFO: Detected dialect: OSS
[MASTER] 17:46:18.497 [Thread-3] ERROR ExternalProcessHandler - INFO: Detected dialect: OSS

Aug 14, 2020 9:46:24 AM org.openqa.selenium.remote.ProtocolHandshake createSession
[MASTER] 17:46:24.293 [Thread-3] ERROR ExternalProcessHandler - Aug 14, 2020 9:46:24 AM org.openqa.selenium.remote.ProtocolHandshake createSession

INFO: Detected dialect: OSS
[MASTER] 17:46:24.293 [Thread-3] ERROR ExternalProcessHandler - INFO: Detected dialect: OSS

Aug 14, 2020 9:46:35 AM org.openqa.selenium.remote.ProtocolHandshake createSession
[MASTER] 17:46:35.573 [Thread-3] ERROR ExternalProcessHandler - Aug 14, 2020 9:46:35 AM org.openqa.selenium.remote.ProtocolHandshake createSession

INFO: Detected dialect: OSS
[MASTER] 17:46:35.573 [Thread-3] ERROR ExternalProcessHandler - INFO: Detected dialect: OSS

Aug 14, 2020 9:46:52 AM org.openqa.selenium.remote.ProtocolHandshake createSession
[MASTER] 17:46:52.248 [Thread-3] ERROR ExternalProcessHandler - Aug 14, 2020 9:46:52 AM org.openqa.selenium.remote.ProtocolHandshake createSession

INFO: Detected dialect: OSS
[MASTER] 17:46:52.248 [Thread-3] ERROR ExternalProcessHandler - INFO: Detected dialect: OSS

[MASTER] 17:47:14.352 [logback-2] ERROR TestCaseExecutor - TG: Exception caught: 
java.lang.IllegalStateException: Test generation failed: page object bug.
	at org.evosuite.testcase.execution.TestCaseExecutor.runTest(TestCaseExecutor.java:322) ~[evosuite-client-1.0.4-SNAPSHOT.jar:na]
	at org.evosuite.testcase.TestFitnessFunction.runTest(TestFitnessFunction.java:91) [evosuite-client-1.0.4-SNAPSHOT.jar:na]
	at org.evosuite.testcase.TestFitnessFunction.getFitness(TestFitnessFunction.java:60) [evosuite-client-1.0.4-SNAPSHOT.jar:na]
	at org.evosuite.testcase.TestFitnessFunction.getFitness(TestFitnessFunction.java:34) [evosuite-client-1.0.4-SNAPSHOT.jar:na]
	at org.evosuite.ga.metaheuristics.art.AdaptiveRandomSearch.calculateFitness(AdaptiveRandomSearch.java:312) [evosuite-client-1.0.4-SNAPSHOT.jar:na]
	at org.evosuite.ga.metaheuristics.art.AdaptiveRandomSearch.evolve(AdaptiveRandomSearch.java:139) [evosuite-client-1.0.4-SNAPSHOT.jar:na]
	at org.evosuite.ga.metaheuristics.art.AdaptiveRandomSearch.generateSolution(AdaptiveRandomSearch.java:270) [evosuite-client-1.0.4-SNAPSHOT.jar:na]
	at org.evosuite.strategy.AdaptiveRandomTestStrategy.generateTests(AdaptiveRandomTestStrategy.java:118) [evosuite-client-1.0.4-SNAPSHOT.jar:na]
	at org.evosuite.TestSuiteGenerator.generateTests(TestSuiteGenerator.java:654) [evosuite-client-1.0.4-SNAPSHOT.jar:na]
	at org.evosuite.TestSuiteGenerator.generateTestSuite(TestSuiteGenerator.java:213) [evosuite-client-1.0.4-SNAPSHOT.jar:na]
	at org.evosuite.rmi.service.ClientNodeImpl$1.run(ClientNodeImpl.java:145) [evosuite-client-1.0.4-SNAPSHOT.jar:na]
	at java.util.concurrent.Executors$RunnableAdapter.call(Executors.java:511) [na:1.8.0_265]
	at java.util.concurrent.FutureTask.run(FutureTask.java:266) [na:1.8.0_265]
	at java.util.concurrent.ThreadPoolExecutor.runWorker(ThreadPoolExecutor.java:1149) [na:1.8.0_265]
	at java.util.concurrent.ThreadPoolExecutor$Worker.run(ThreadPoolExecutor.java:624) [na:1.8.0_265]
	at java.lang.Thread.run(Thread.java:748) [na:1.8.0_265]
Aug 14, 2020 9:47:14 AM org.openqa.selenium.remote.ProtocolHandshake createSession
[MASTER] 17:47:14.586 [Thread-3] ERROR ExternalProcessHandler - Aug 14, 2020 9:47:14 AM org.openqa.selenium.remote.ProtocolHandshake createSession

INFO: Detected dialect: OSS
[MASTER] 17:47:14.586 [Thread-3] ERROR ExternalProcessHandler - INFO: Detected dialect: OSS

Aug 14, 2020 9:47:15 AM org.openqa.selenium.remote.ProtocolHandshake createSession
[MASTER] 17:47:15.526 [Thread-3] ERROR ExternalProcessHandler - Aug 14, 2020 9:47:15 AM org.openqa.selenium.remote.ProtocolHandshake createSession

INFO: Detected dialect: OSS
[MASTER] 17:47:15.526 [Thread-3] ERROR ExternalProcessHandler - INFO: Detected dialect: OSS

Aug 14, 2020 9:47:16 AM org.openqa.selenium.remote.ProtocolHandshake createSession
[MASTER] 17:47:16.576 [Thread-3] ERROR ExternalProcessHandler - Aug 14, 2020 9:47:16 AM org.openqa.selenium.remote.ProtocolHandshake createSession

INFO: Detected dialect: OSS
[MASTER] 17:47:16.576 [Thread-3] ERROR ExternalProcessHandler - INFO: Detected dialect: OSS

Aug 14, 2020 9:47:21 AM org.openqa.selenium.remote.ProtocolHandshake createSession
[MASTER] 17:47:21.025 [Thread-3] ERROR ExternalProcessHandler - Aug 14, 2020 9:47:21 AM org.openqa.selenium.remote.ProtocolHandshake createSession

INFO: Detected dialect: OSS
[MASTER] 17:47:21.025 [Thread-3] ERROR ExternalProcessHandler - INFO: Detected dialect: OSS

Aug 14, 2020 9:47:22 AM org.openqa.selenium.remote.ProtocolHandshake createSession
[MASTER] 17:47:22.211 [Thread-3] ERROR ExternalProcessHandler - Aug 14, 2020 9:47:22 AM org.openqa.selenium.remote.ProtocolHandshake createSession

INFO: Detected dialect: OSS
[MASTER] 17:47:22.211 [Thread-3] ERROR ExternalProcessHandler - INFO: Detected dialect: OSS

Aug 14, 2020 9:47:23 AM org.openqa.selenium.remote.ProtocolHandshake createSession
[MASTER] 17:47:23.357 [Thread-3] ERROR ExternalProcessHandler - Aug 14, 2020 9:47:23 AM org.openqa.selenium.remote.ProtocolHandshake createSession

INFO: Detected dialect: OSS
[MASTER] 17:47:23.358 [Thread-3] ERROR ExternalProcessHandler - INFO: Detected dialect: OSS

Aug 14, 2020 9:47:26 AM org.openqa.selenium.remote.ProtocolHandshake createSession
[MASTER] 17:47:26.676 [Thread-3] ERROR ExternalProcessHandler - Aug 14, 2020 9:47:26 AM org.openqa.selenium.remote.ProtocolHandshake createSession

INFO: Detected dialect: OSS
[MASTER] 17:47:26.677 [Thread-3] ERROR ExternalProcessHandler - INFO: Detected dialect: OSS

Aug 14, 2020 9:47:28 AM org.openqa.selenium.remote.ProtocolHandshake createSession
[MASTER] 17:47:28.913 [Thread-3] ERROR ExternalProcessHandler - Aug 14, 2020 9:47:28 AM org.openqa.selenium.remote.ProtocolHandshake createSession

INFO: Detected dialect: OSS
[MASTER] 17:47:28.913 [Thread-3] ERROR ExternalProcessHandler - INFO: Detected dialect: OSS

Aug 14, 2020 9:47:30 AM org.openqa.selenium.remote.ProtocolHandshake createSession
[MASTER] 17:47:30.240 [Thread-3] ERROR ExternalProcessHandler - Aug 14, 2020 9:47:30 AM org.openqa.selenium.remote.ProtocolHandshake createSession

INFO: Detected dialect: OSS
[MASTER] 17:47:30.240 [Thread-3] ERROR ExternalProcessHandler - INFO: Detected dialect: OSS

Aug 14, 2020 9:47:32 AM org.openqa.selenium.remote.ProtocolHandshake createSession
[MASTER] 17:47:32.889 [Thread-3] ERROR ExternalProcessHandler - Aug 14, 2020 9:47:32 AM org.openqa.selenium.remote.ProtocolHandshake createSession

INFO: Detected dialect: OSS
[MASTER] 17:47:32.889 [Thread-3] ERROR ExternalProcessHandler - INFO: Detected dialect: OSS

Aug 14, 2020 9:47:41 AM org.openqa.selenium.remote.ProtocolHandshake createSession
[MASTER] 17:47:41.758 [Thread-3] ERROR ExternalProcessHandler - Aug 14, 2020 9:47:41 AM org.openqa.selenium.remote.ProtocolHandshake createSession

INFO: Detected dialect: OSS
[MASTER] 17:47:41.758 [Thread-3] ERROR ExternalProcessHandler - INFO: Detected dialect: OSS

Aug 14, 2020 9:47:56 AM org.openqa.selenium.remote.ProtocolHandshake createSession
[MASTER] 17:47:56.666 [Thread-3] ERROR ExternalProcessHandler - Aug 14, 2020 9:47:56 AM org.openqa.selenium.remote.ProtocolHandshake createSession

INFO: Detected dialect: OSS
[MASTER] 17:47:56.666 [Thread-3] ERROR ExternalProcessHandler - INFO: Detected dialect: OSS

[MASTER] 17:48:17.685 [logback-2] ERROR TestCaseExecutor - TG: Exception caught: 
java.lang.IllegalStateException: Test generation failed: page object bug.
	at org.evosuite.testcase.execution.TestCaseExecutor.runTest(TestCaseExecutor.java:322) ~[evosuite-client-1.0.4-SNAPSHOT.jar:na]
	at org.evosuite.testcase.TestFitnessFunction.runTest(TestFitnessFunction.java:91) [evosuite-client-1.0.4-SNAPSHOT.jar:na]
	at org.evosuite.testcase.TestFitnessFunction.getFitness(TestFitnessFunction.java:60) [evosuite-client-1.0.4-SNAPSHOT.jar:na]
	at org.evosuite.testcase.TestFitnessFunction.getFitness(TestFitnessFunction.java:34) [evosuite-client-1.0.4-SNAPSHOT.jar:na]
	at org.evosuite.ga.metaheuristics.art.AdaptiveRandomSearch.calculateFitness(AdaptiveRandomSearch.java:312) [evosuite-client-1.0.4-SNAPSHOT.jar:na]
	at org.evosuite.ga.metaheuristics.art.AdaptiveRandomSearch.evolve(AdaptiveRandomSearch.java:139) [evosuite-client-1.0.4-SNAPSHOT.jar:na]
	at org.evosuite.ga.metaheuristics.art.AdaptiveRandomSearch.generateSolution(AdaptiveRandomSearch.java:270) [evosuite-client-1.0.4-SNAPSHOT.jar:na]
	at org.evosuite.strategy.AdaptiveRandomTestStrategy.generateTests(AdaptiveRandomTestStrategy.java:118) [evosuite-client-1.0.4-SNAPSHOT.jar:na]
	at org.evosuite.TestSuiteGenerator.generateTests(TestSuiteGenerator.java:654) [evosuite-client-1.0.4-SNAPSHOT.jar:na]
	at org.evosuite.TestSuiteGenerator.generateTestSuite(TestSuiteGenerator.java:213) [evosuite-client-1.0.4-SNAPSHOT.jar:na]
	at org.evosuite.rmi.service.ClientNodeImpl$1.run(ClientNodeImpl.java:145) [evosuite-client-1.0.4-SNAPSHOT.jar:na]
	at java.util.concurrent.Executors$RunnableAdapter.call(Executors.java:511) [na:1.8.0_265]
	at java.util.concurrent.FutureTask.run(FutureTask.java:266) [na:1.8.0_265]
	at java.util.concurrent.ThreadPoolExecutor.runWorker(ThreadPoolExecutor.java:1149) [na:1.8.0_265]
	at java.util.concurrent.ThreadPoolExecutor$Worker.run(ThreadPoolExecutor.java:624) [na:1.8.0_265]
	at java.lang.Thread.run(Thread.java:748) [na:1.8.0_265]
Aug 14, 2020 9:48:17 AM org.openqa.selenium.remote.ProtocolHandshake createSession
[MASTER] 17:48:17.917 [Thread-3] ERROR ExternalProcessHandler - Aug 14, 2020 9:48:17 AM org.openqa.selenium.remote.ProtocolHandshake createSession

INFO: Detected dialect: OSS
[MASTER] 17:48:17.917 [Thread-3] ERROR ExternalProcessHandler - INFO: Detected dialect: OSS

Aug 14, 2020 9:48:19 AM org.openqa.selenium.remote.ProtocolHandshake createSession
[MASTER] 17:48:19.049 [Thread-3] ERROR ExternalProcessHandler - Aug 14, 2020 9:48:19 AM org.openqa.selenium.remote.ProtocolHandshake createSession

INFO: Detected dialect: OSS
[MASTER] 17:48:19.050 [Thread-3] ERROR ExternalProcessHandler - INFO: Detected dialect: OSS

Aug 14, 2020 9:48:23 AM org.openqa.selenium.remote.ProtocolHandshake createSession
[MASTER] 17:48:23.136 [Thread-3] ERROR ExternalProcessHandler - Aug 14, 2020 9:48:23 AM org.openqa.selenium.remote.ProtocolHandshake createSession

INFO: Detected dialect: OSS
[MASTER] 17:48:23.136 [Thread-3] ERROR ExternalProcessHandler - INFO: Detected dialect: OSS

Aug 14, 2020 9:48:24 AM org.openqa.selenium.remote.ProtocolHandshake createSession
[MASTER] 17:48:24.366 [Thread-3] ERROR ExternalProcessHandler - Aug 14, 2020 9:48:24 AM org.openqa.selenium.remote.ProtocolHandshake createSession

INFO: Detected dialect: OSS
[MASTER] 17:48:24.366 [Thread-3] ERROR ExternalProcessHandler - INFO: Detected dialect: OSS

Aug 14, 2020 9:48:25 AM org.openqa.selenium.remote.ProtocolHandshake createSession
[MASTER] 17:48:25.566 [Thread-3] ERROR ExternalProcessHandler - Aug 14, 2020 9:48:25 AM org.openqa.selenium.remote.ProtocolHandshake createSession

INFO: Detected dialect: OSS
[MASTER] 17:48:25.566 [Thread-3] ERROR ExternalProcessHandler - INFO: Detected dialect: OSS

Aug 14, 2020 9:48:28 AM org.openqa.selenium.remote.ProtocolHandshake createSession
[MASTER] 17:48:28.795 [Thread-3] ERROR ExternalProcessHandler - Aug 14, 2020 9:48:28 AM org.openqa.selenium.remote.ProtocolHandshake createSession

INFO: Detected dialect: OSS
[MASTER] 17:48:28.795 [Thread-3] ERROR ExternalProcessHandler - INFO: Detected dialect: OSS

Aug 14, 2020 9:48:29 AM org.openqa.selenium.remote.ProtocolHandshake createSession
[MASTER] 17:48:29.830 [Thread-3] ERROR ExternalProcessHandler - Aug 14, 2020 9:48:29 AM org.openqa.selenium.remote.ProtocolHandshake createSession

INFO: Detected dialect: OSS
[MASTER] 17:48:29.830 [Thread-3] ERROR ExternalProcessHandler - INFO: Detected dialect: OSS

Aug 14, 2020 9:48:30 AM org.openqa.selenium.remote.ProtocolHandshake createSession
[MASTER] 17:48:30.883 [Thread-3] ERROR ExternalProcessHandler - Aug 14, 2020 9:48:30 AM org.openqa.selenium.remote.ProtocolHandshake createSession

INFO: Detected dialect: OSS
[MASTER] 17:48:30.884 [Thread-3] ERROR ExternalProcessHandler - INFO: Detected dialect: OSS

Aug 14, 2020 9:48:33 AM org.openqa.selenium.remote.ProtocolHandshake createSession
[MASTER] 17:48:33.094 [Thread-3] ERROR ExternalProcessHandler - Aug 14, 2020 9:48:33 AM org.openqa.selenium.remote.ProtocolHandshake createSession

INFO: Detected dialect: OSS
[MASTER] 17:48:33.094 [Thread-3] ERROR ExternalProcessHandler - INFO: Detected dialect: OSS

Aug 14, 2020 9:48:41 AM org.openqa.selenium.remote.ProtocolHandshake createSession
[MASTER] 17:48:41.957 [Thread-3] ERROR ExternalProcessHandler - Aug 14, 2020 9:48:41 AM org.openqa.selenium.remote.ProtocolHandshake createSession

INFO: Detected dialect: OSS
[MASTER] 17:48:41.957 [Thread-3] ERROR ExternalProcessHandler - INFO: Detected dialect: OSS

Aug 14, 2020 9:48:57 AM org.openqa.selenium.remote.ProtocolHandshake createSession
[MASTER] 17:48:57.057 [Thread-3] ERROR ExternalProcessHandler - Aug 14, 2020 9:48:57 AM org.openqa.selenium.remote.ProtocolHandshake createSession

INFO: Detected dialect: OSS
[MASTER] 17:48:57.057 [Thread-3] ERROR ExternalProcessHandler - INFO: Detected dialect: OSS

Aug 14, 2020 9:49:17 AM org.openqa.selenium.remote.ProtocolHandshake createSession
[MASTER] 17:49:17.965 [Thread-3] ERROR ExternalProcessHandler - Aug 14, 2020 9:49:17 AM org.openqa.selenium.remote.ProtocolHandshake createSession

INFO: Detected dialect: OSS
[MASTER] 17:49:17.965 [Thread-3] ERROR ExternalProcessHandler - INFO: Detected dialect: OSS

[MASTER] 17:49:44.795 [logback-2] ERROR TestCaseExecutor - TG: Exception caught: 
java.lang.IllegalStateException: Test generation failed: page object bug.
	at org.evosuite.testcase.execution.TestCaseExecutor.runTest(TestCaseExecutor.java:322) ~[evosuite-client-1.0.4-SNAPSHOT.jar:na]
	at org.evosuite.testcase.TestFitnessFunction.runTest(TestFitnessFunction.java:91) [evosuite-client-1.0.4-SNAPSHOT.jar:na]
	at org.evosuite.testcase.TestFitnessFunction.getFitness(TestFitnessFunction.java:60) [evosuite-client-1.0.4-SNAPSHOT.jar:na]
	at org.evosuite.testcase.TestFitnessFunction.getFitness(TestFitnessFunction.java:34) [evosuite-client-1.0.4-SNAPSHOT.jar:na]
	at org.evosuite.ga.metaheuristics.art.AdaptiveRandomSearch.calculateFitness(AdaptiveRandomSearch.java:312) [evosuite-client-1.0.4-SNAPSHOT.jar:na]
	at org.evosuite.ga.metaheuristics.art.AdaptiveRandomSearch.evolve(AdaptiveRandomSearch.java:139) [evosuite-client-1.0.4-SNAPSHOT.jar:na]
	at org.evosuite.ga.metaheuristics.art.AdaptiveRandomSearch.generateSolution(AdaptiveRandomSearch.java:270) [evosuite-client-1.0.4-SNAPSHOT.jar:na]
	at org.evosuite.strategy.AdaptiveRandomTestStrategy.generateTests(AdaptiveRandomTestStrategy.java:118) [evosuite-client-1.0.4-SNAPSHOT.jar:na]
	at org.evosuite.TestSuiteGenerator.generateTests(TestSuiteGenerator.java:654) [evosuite-client-1.0.4-SNAPSHOT.jar:na]
	at org.evosuite.TestSuiteGenerator.generateTestSuite(TestSuiteGenerator.java:213) [evosuite-client-1.0.4-SNAPSHOT.jar:na]
	at org.evosuite.rmi.service.ClientNodeImpl$1.run(ClientNodeImpl.java:145) [evosuite-client-1.0.4-SNAPSHOT.jar:na]
	at java.util.concurrent.Executors$RunnableAdapter.call(Executors.java:511) [na:1.8.0_265]
	at java.util.concurrent.FutureTask.run(FutureTask.java:266) [na:1.8.0_265]
	at java.util.concurrent.ThreadPoolExecutor.runWorker(ThreadPoolExecutor.java:1149) [na:1.8.0_265]
	at java.util.concurrent.ThreadPoolExecutor$Worker.run(ThreadPoolExecutor.java:624) [na:1.8.0_265]
	at java.lang.Thread.run(Thread.java:748) [na:1.8.0_265]
Aug 14, 2020 9:49:45 AM org.openqa.selenium.remote.ProtocolHandshake createSession
[MASTER] 17:49:45.033 [Thread-3] ERROR ExternalProcessHandler - Aug 14, 2020 9:49:45 AM org.openqa.selenium.remote.ProtocolHandshake createSession

INFO: Detected dialect: OSS
[MASTER] 17:49:45.034 [Thread-3] ERROR ExternalProcessHandler - INFO: Detected dialect: OSS

Aug 14, 2020 9:49:46 AM org.openqa.selenium.remote.ProtocolHandshake createSession
[MASTER] 17:49:46.070 [Thread-3] ERROR ExternalProcessHandler - Aug 14, 2020 9:49:46 AM org.openqa.selenium.remote.ProtocolHandshake createSession

INFO: Detected dialect: OSS
[MASTER] 17:49:46.070 [Thread-3] ERROR ExternalProcessHandler - INFO: Detected dialect: OSS

Aug 14, 2020 9:49:47 AM org.openqa.selenium.remote.ProtocolHandshake createSession
[MASTER] 17:49:47.301 [Thread-3] ERROR ExternalProcessHandler - Aug 14, 2020 9:49:47 AM org.openqa.selenium.remote.ProtocolHandshake createSession

INFO: Detected dialect: OSS
[MASTER] 17:49:47.301 [Thread-3] ERROR ExternalProcessHandler - INFO: Detected dialect: OSS

Aug 14, 2020 9:49:49 AM org.openqa.selenium.remote.ProtocolHandshake createSession
[MASTER] 17:49:49.579 [Thread-3] ERROR ExternalProcessHandler - Aug 14, 2020 9:49:49 AM org.openqa.selenium.remote.ProtocolHandshake createSession

INFO: Detected dialect: OSS
[MASTER] 17:49:49.579 [Thread-3] ERROR ExternalProcessHandler - INFO: Detected dialect: OSS

Aug 14, 2020 9:49:50 AM org.openqa.selenium.remote.ProtocolHandshake createSession
[MASTER] 17:49:50.777 [Thread-3] ERROR ExternalProcessHandler - Aug 14, 2020 9:49:50 AM org.openqa.selenium.remote.ProtocolHandshake createSession

INFO: Detected dialect: OSS
[MASTER] 17:49:50.777 [Thread-3] ERROR ExternalProcessHandler - INFO: Detected dialect: OSS

Aug 14, 2020 9:49:52 AM org.openqa.selenium.remote.ProtocolHandshake createSession
[MASTER] 17:49:52.604 [Thread-3] ERROR ExternalProcessHandler - Aug 14, 2020 9:49:52 AM org.openqa.selenium.remote.ProtocolHandshake createSession

INFO: Detected dialect: OSS
[MASTER] 17:49:52.604 [Thread-3] ERROR ExternalProcessHandler - INFO: Detected dialect: OSS

Aug 14, 2020 9:49:53 AM org.openqa.selenium.remote.ProtocolHandshake createSession
[MASTER] 17:49:53.622 [Thread-3] ERROR ExternalProcessHandler - Aug 14, 2020 9:49:53 AM org.openqa.selenium.remote.ProtocolHandshake createSession

INFO: Detected dialect: OSS
[MASTER] 17:49:53.623 [Thread-3] ERROR ExternalProcessHandler - INFO: Detected dialect: OSS

Aug 14, 2020 9:49:56 AM org.openqa.selenium.remote.ProtocolHandshake createSession
[MASTER] 17:49:56.141 [Thread-3] ERROR ExternalProcessHandler - Aug 14, 2020 9:49:56 AM org.openqa.selenium.remote.ProtocolHandshake createSession

INFO: Detected dialect: OSS
[MASTER] 17:49:56.141 [Thread-3] ERROR ExternalProcessHandler - INFO: Detected dialect: OSS

Aug 14, 2020 9:49:57 AM org.openqa.selenium.remote.ProtocolHandshake createSession
[MASTER] 17:49:57.236 [Thread-3] ERROR ExternalProcessHandler - Aug 14, 2020 9:49:57 AM org.openqa.selenium.remote.ProtocolHandshake createSession

INFO: Detected dialect: OSS
[MASTER] 17:49:57.237 [Thread-3] ERROR ExternalProcessHandler - INFO: Detected dialect: OSS

Aug 14, 2020 9:49:59 AM org.openqa.selenium.remote.ProtocolHandshake createSession
[MASTER] 17:49:59.030 [Thread-3] ERROR ExternalProcessHandler - Aug 14, 2020 9:49:59 AM org.openqa.selenium.remote.ProtocolHandshake createSession

INFO: Detected dialect: OSS
[MASTER] 17:49:59.030 [Thread-3] ERROR ExternalProcessHandler - INFO: Detected dialect: OSS

Aug 14, 2020 9:50:06 AM org.openqa.selenium.remote.ProtocolHandshake createSession
[MASTER] 17:50:06.469 [Thread-3] ERROR ExternalProcessHandler - Aug 14, 2020 9:50:06 AM org.openqa.selenium.remote.ProtocolHandshake createSession

INFO: Detected dialect: OSS
[MASTER] 17:50:06.469 [Thread-3] ERROR ExternalProcessHandler - INFO: Detected dialect: OSS

Aug 14, 2020 9:50:19 AM org.openqa.selenium.remote.ProtocolHandshake createSession
[MASTER] 17:50:19.225 [Thread-3] ERROR ExternalProcessHandler - Aug 14, 2020 9:50:19 AM org.openqa.selenium.remote.ProtocolHandshake createSession

INFO: Detected dialect: OSS
[MASTER] 17:50:19.225 [Thread-3] ERROR ExternalProcessHandler - INFO: Detected dialect: OSS

[MASTER] 17:50:37.319 [logback-2] ERROR TestCaseExecutor - TG: Exception caught: 
java.lang.IllegalStateException: Test generation failed: page object bug.
	at org.evosuite.testcase.execution.TestCaseExecutor.runTest(TestCaseExecutor.java:322) ~[evosuite-client-1.0.4-SNAPSHOT.jar:na]
	at org.evosuite.testcase.TestFitnessFunction.runTest(TestFitnessFunction.java:91) [evosuite-client-1.0.4-SNAPSHOT.jar:na]
	at org.evosuite.testcase.TestFitnessFunction.getFitness(TestFitnessFunction.java:60) [evosuite-client-1.0.4-SNAPSHOT.jar:na]
	at org.evosuite.testcase.TestFitnessFunction.getFitness(TestFitnessFunction.java:34) [evosuite-client-1.0.4-SNAPSHOT.jar:na]
	at org.evosuite.ga.metaheuristics.art.AdaptiveRandomSearch.calculateFitness(AdaptiveRandomSearch.java:312) [evosuite-client-1.0.4-SNAPSHOT.jar:na]
	at org.evosuite.ga.metaheuristics.art.AdaptiveRandomSearch.evolve(AdaptiveRandomSearch.java:139) [evosuite-client-1.0.4-SNAPSHOT.jar:na]
	at org.evosuite.ga.metaheuristics.art.AdaptiveRandomSearch.generateSolution(AdaptiveRandomSearch.java:270) [evosuite-client-1.0.4-SNAPSHOT.jar:na]
	at org.evosuite.strategy.AdaptiveRandomTestStrategy.generateTests(AdaptiveRandomTestStrategy.java:118) [evosuite-client-1.0.4-SNAPSHOT.jar:na]
	at org.evosuite.TestSuiteGenerator.generateTests(TestSuiteGenerator.java:654) [evosuite-client-1.0.4-SNAPSHOT.jar:na]
	at org.evosuite.TestSuiteGenerator.generateTestSuite(TestSuiteGenerator.java:213) [evosuite-client-1.0.4-SNAPSHOT.jar:na]
	at org.evosuite.rmi.service.ClientNodeImpl$1.run(ClientNodeImpl.java:145) [evosuite-client-1.0.4-SNAPSHOT.jar:na]
	at java.util.concurrent.Executors$RunnableAdapter.call(Executors.java:511) [na:1.8.0_265]
	at java.util.concurrent.FutureTask.run(FutureTask.java:266) [na:1.8.0_265]
	at java.util.concurrent.ThreadPoolExecutor.runWorker(ThreadPoolExecutor.java:1149) [na:1.8.0_265]
	at java.util.concurrent.ThreadPoolExecutor$Worker.run(ThreadPoolExecutor.java:624) [na:1.8.0_265]
	at java.lang.Thread.run(Thread.java:748) [na:1.8.0_265]
Aug 14, 2020 9:50:37 AM org.openqa.selenium.remote.ProtocolHandshake createSession
[MASTER] 17:50:37.547 [Thread-3] ERROR ExternalProcessHandler - Aug 14, 2020 9:50:37 AM org.openqa.selenium.remote.ProtocolHandshake createSession

INFO: Detected dialect: OSS
[MASTER] 17:50:37.548 [Thread-3] ERROR ExternalProcessHandler - INFO: Detected dialect: OSS

Aug 14, 2020 9:50:39 AM org.openqa.selenium.remote.ProtocolHandshake createSession
[MASTER] 17:50:39.485 [Thread-3] ERROR ExternalProcessHandler - Aug 14, 2020 9:50:39 AM org.openqa.selenium.remote.ProtocolHandshake createSession

INFO: Detected dialect: OSS
[MASTER] 17:50:39.485 [Thread-3] ERROR ExternalProcessHandler - INFO: Detected dialect: OSS

Aug 14, 2020 9:50:40 AM org.openqa.selenium.remote.ProtocolHandshake createSession
[MASTER] 17:50:40.610 [Thread-3] ERROR ExternalProcessHandler - Aug 14, 2020 9:50:40 AM org.openqa.selenium.remote.ProtocolHandshake createSession

INFO: Detected dialect: OSS
[MASTER] 17:50:40.611 [Thread-3] ERROR ExternalProcessHandler - INFO: Detected dialect: OSS

Aug 14, 2020 9:50:43 AM org.openqa.selenium.remote.ProtocolHandshake createSession
[MASTER] 17:50:43.271 [Thread-3] ERROR ExternalProcessHandler - Aug 14, 2020 9:50:43 AM org.openqa.selenium.remote.ProtocolHandshake createSession

INFO: Detected dialect: OSS
[MASTER] 17:50:43.271 [Thread-3] ERROR ExternalProcessHandler - INFO: Detected dialect: OSS

Aug 14, 2020 9:50:47 AM org.openqa.selenium.remote.ProtocolHandshake createSession
[MASTER] 17:50:47.517 [Thread-3] ERROR ExternalProcessHandler - Aug 14, 2020 9:50:47 AM org.openqa.selenium.remote.ProtocolHandshake createSession

INFO: Detected dialect: OSS
[MASTER] 17:50:47.517 [Thread-3] ERROR ExternalProcessHandler - INFO: Detected dialect: OSS

Aug 14, 2020 9:50:57 AM org.openqa.selenium.remote.ProtocolHandshake createSession
[MASTER] 17:50:57.649 [Thread-3] ERROR ExternalProcessHandler - Aug 14, 2020 9:50:57 AM org.openqa.selenium.remote.ProtocolHandshake createSession

INFO: Detected dialect: OSS
[MASTER] 17:50:57.649 [Thread-3] ERROR ExternalProcessHandler - INFO: Detected dialect: OSS

Aug 14, 2020 9:51:13 AM org.openqa.selenium.remote.ProtocolHandshake createSession
[MASTER] 17:51:13.684 [Thread-3] ERROR ExternalProcessHandler - Aug 14, 2020 9:51:13 AM org.openqa.selenium.remote.ProtocolHandshake createSession

INFO: Detected dialect: OSS
[MASTER] 17:51:13.684 [Thread-3] ERROR ExternalProcessHandler - INFO: Detected dialect: OSS

[MASTER] 17:51:35.562 [logback-2] ERROR TestCaseExecutor - TG: Exception caught: 
java.lang.IllegalStateException: Test generation failed: page object bug.
	at org.evosuite.testcase.execution.TestCaseExecutor.runTest(TestCaseExecutor.java:322) ~[evosuite-client-1.0.4-SNAPSHOT.jar:na]
	at org.evosuite.testcase.TestFitnessFunction.runTest(TestFitnessFunction.java:91) [evosuite-client-1.0.4-SNAPSHOT.jar:na]
	at org.evosuite.testcase.TestFitnessFunction.getFitness(TestFitnessFunction.java:60) [evosuite-client-1.0.4-SNAPSHOT.jar:na]
	at org.evosuite.testcase.TestFitnessFunction.getFitness(TestFitnessFunction.java:34) [evosuite-client-1.0.4-SNAPSHOT.jar:na]
	at org.evosuite.ga.metaheuristics.art.AdaptiveRandomSearch.calculateFitness(AdaptiveRandomSearch.java:312) [evosuite-client-1.0.4-SNAPSHOT.jar:na]
	at org.evosuite.ga.metaheuristics.art.AdaptiveRandomSearch.evolve(AdaptiveRandomSearch.java:139) [evosuite-client-1.0.4-SNAPSHOT.jar:na]
	at org.evosuite.ga.metaheuristics.art.AdaptiveRandomSearch.generateSolution(AdaptiveRandomSearch.java:270) [evosuite-client-1.0.4-SNAPSHOT.jar:na]
	at org.evosuite.strategy.AdaptiveRandomTestStrategy.generateTests(AdaptiveRandomTestStrategy.java:118) [evosuite-client-1.0.4-SNAPSHOT.jar:na]
	at org.evosuite.TestSuiteGenerator.generateTests(TestSuiteGenerator.java:654) [evosuite-client-1.0.4-SNAPSHOT.jar:na]
	at org.evosuite.TestSuiteGenerator.generateTestSuite(TestSuiteGenerator.java:213) [evosuite-client-1.0.4-SNAPSHOT.jar:na]
	at org.evosuite.rmi.service.ClientNodeImpl$1.run(ClientNodeImpl.java:145) [evosuite-client-1.0.4-SNAPSHOT.jar:na]
	at java.util.concurrent.Executors$RunnableAdapter.call(Executors.java:511) [na:1.8.0_265]
	at java.util.concurrent.FutureTask.run(FutureTask.java:266) [na:1.8.0_265]
	at java.util.concurrent.ThreadPoolExecutor.runWorker(ThreadPoolExecutor.java:1149) [na:1.8.0_265]
	at java.util.concurrent.ThreadPoolExecutor$Worker.run(ThreadPoolExecutor.java:624) [na:1.8.0_265]
	at java.lang.Thread.run(Thread.java:748) [na:1.8.0_265]
Aug 14, 2020 9:51:35 AM org.openqa.selenium.remote.ProtocolHandshake createSession
[MASTER] 17:51:35.803 [Thread-3] ERROR ExternalProcessHandler - Aug 14, 2020 9:51:35 AM org.openqa.selenium.remote.ProtocolHandshake createSession

INFO: Detected dialect: OSS
[MASTER] 17:51:35.804 [Thread-3] ERROR ExternalProcessHandler - INFO: Detected dialect: OSS

Aug 14, 2020 9:51:38 AM org.openqa.selenium.remote.ProtocolHandshake createSession
[MASTER] 17:51:38.079 [Thread-3] ERROR ExternalProcessHandler - Aug 14, 2020 9:51:38 AM org.openqa.selenium.remote.ProtocolHandshake createSession

INFO: Detected dialect: OSS
[MASTER] 17:51:38.079 [Thread-3] ERROR ExternalProcessHandler - INFO: Detected dialect: OSS

Aug 14, 2020 9:51:39 AM org.openqa.selenium.remote.ProtocolHandshake createSession
[MASTER] 17:51:39.255 [Thread-3] ERROR ExternalProcessHandler - Aug 14, 2020 9:51:39 AM org.openqa.selenium.remote.ProtocolHandshake createSession

INFO: Detected dialect: OSS
[MASTER] 17:51:39.255 [Thread-3] ERROR ExternalProcessHandler - INFO: Detected dialect: OSS

Aug 14, 2020 9:51:40 AM org.openqa.selenium.remote.ProtocolHandshake createSession
[MASTER] 17:51:40.267 [Thread-3] ERROR ExternalProcessHandler - Aug 14, 2020 9:51:40 AM org.openqa.selenium.remote.ProtocolHandshake createSession

INFO: Detected dialect: OSS
[MASTER] 17:51:40.267 [Thread-3] ERROR ExternalProcessHandler - INFO: Detected dialect: OSS

Aug 14, 2020 9:51:41 AM org.openqa.selenium.remote.ProtocolHandshake createSession
[MASTER] 17:51:41.476 [Thread-3] ERROR ExternalProcessHandler - Aug 14, 2020 9:51:41 AM org.openqa.selenium.remote.ProtocolHandshake createSession

INFO: Detected dialect: OSS
[MASTER] 17:51:41.476 [Thread-3] ERROR ExternalProcessHandler - INFO: Detected dialect: OSS

Aug 14, 2020 9:51:43 AM po_utils.PageObjectLogging logInfo
[MASTER] 17:51:43.245 [Thread-3] ERROR ExternalProcessHandler - Aug 14, 2020 9:51:43 AM po_utils.PageObjectLogging logInfo

INFO: waitForElementBeingPresentOnPage timeout exception: unable to locate the element By.xpath: //button[text()="Create a new session"]
[MASTER] 17:51:43.246 [Thread-3] ERROR ExternalProcessHandler - INFO: waitForElementBeingPresentOnPage timeout exception: unable to locate the element By.xpath: //button[text()="Create a new session"]


[MASTER] 17:51:43.246 [Thread-3] ERROR ExternalProcessHandler - 


[MASTER] 17:51:43.246 [Thread-3] ERROR ExternalProcessHandler - 

Aug 14, 2020 9:51:44 AM org.openqa.selenium.remote.ProtocolHandshake createSession
[MASTER] 17:51:44.056 [Thread-3] ERROR ExternalProcessHandler - Aug 14, 2020 9:51:44 AM org.openqa.selenium.remote.ProtocolHandshake createSession

INFO: Detected dialect: OSS
[MASTER] 17:51:44.057 [Thread-3] ERROR ExternalProcessHandler - INFO: Detected dialect: OSS

Aug 14, 2020 9:51:45 AM po_utils.PageObjectLogging logInfo
[MASTER] 17:51:45.515 [Thread-3] ERROR ExternalProcessHandler - Aug 14, 2020 9:51:45 AM po_utils.PageObjectLogging logInfo

INFO: waitForElementBeingPresentOnPage timeout exception: unable to locate the element By.xpath: //button[text()="Create a new session"]
[MASTER] 17:51:45.516 [Thread-3] ERROR ExternalProcessHandler - INFO: waitForElementBeingPresentOnPage timeout exception: unable to locate the element By.xpath: //button[text()="Create a new session"]


[MASTER] 17:51:45.516 [Thread-3] ERROR ExternalProcessHandler - 


[MASTER] 17:51:45.516 [Thread-3] ERROR ExternalProcessHandler - 

Aug 14, 2020 9:51:45 AM org.openqa.selenium.remote.ProtocolHandshake createSession
[MASTER] 17:51:45.983 [Thread-3] ERROR ExternalProcessHandler - Aug 14, 2020 9:51:45 AM org.openqa.selenium.remote.ProtocolHandshake createSession

INFO: Detected dialect: OSS
[MASTER] 17:51:45.983 [Thread-3] ERROR ExternalProcessHandler - INFO: Detected dialect: OSS

Aug 14, 2020 9:51:52 AM org.openqa.selenium.remote.ProtocolHandshake createSession
[MASTER] 17:51:52.606 [Thread-3] ERROR ExternalProcessHandler - Aug 14, 2020 9:51:52 AM org.openqa.selenium.remote.ProtocolHandshake createSession

INFO: Detected dialect: OSS
[MASTER] 17:51:52.606 [Thread-3] ERROR ExternalProcessHandler - INFO: Detected dialect: OSS

Aug 14, 2020 9:52:05 AM org.openqa.selenium.remote.ProtocolHandshake createSession
[MASTER] 17:52:05.116 [Thread-3] ERROR ExternalProcessHandler - Aug 14, 2020 9:52:05 AM org.openqa.selenium.remote.ProtocolHandshake createSession

INFO: Detected dialect: OSS
[MASTER] 17:52:05.116 [Thread-3] ERROR ExternalProcessHandler - INFO: Detected dialect: OSS

Aug 14, 2020 9:52:23 AM org.openqa.selenium.remote.ProtocolHandshake createSession
[MASTER] 17:52:23.274 [Thread-3] ERROR ExternalProcessHandler - Aug 14, 2020 9:52:23 AM org.openqa.selenium.remote.ProtocolHandshake createSession

INFO: Detected dialect: OSS
[MASTER] 17:52:23.274 [Thread-3] ERROR ExternalProcessHandler - INFO: Detected dialect: OSS

[MASTER] 17:52:47.076 [logback-2] ERROR TestCaseExecutor - TG: Exception caught: 
java.lang.IllegalStateException: Test generation failed: page object bug.
	at org.evosuite.testcase.execution.TestCaseExecutor.runTest(TestCaseExecutor.java:322) ~[evosuite-client-1.0.4-SNAPSHOT.jar:na]
	at org.evosuite.testcase.TestFitnessFunction.runTest(TestFitnessFunction.java:91) [evosuite-client-1.0.4-SNAPSHOT.jar:na]
	at org.evosuite.testcase.TestFitnessFunction.getFitness(TestFitnessFunction.java:60) [evosuite-client-1.0.4-SNAPSHOT.jar:na]
	at org.evosuite.testcase.TestFitnessFunction.getFitness(TestFitnessFunction.java:34) [evosuite-client-1.0.4-SNAPSHOT.jar:na]
	at org.evosuite.ga.metaheuristics.art.AdaptiveRandomSearch.calculateFitness(AdaptiveRandomSearch.java:312) [evosuite-client-1.0.4-SNAPSHOT.jar:na]
	at org.evosuite.ga.metaheuristics.art.AdaptiveRandomSearch.evolve(AdaptiveRandomSearch.java:139) [evosuite-client-1.0.4-SNAPSHOT.jar:na]
	at org.evosuite.ga.metaheuristics.art.AdaptiveRandomSearch.generateSolution(AdaptiveRandomSearch.java:270) [evosuite-client-1.0.4-SNAPSHOT.jar:na]
	at org.evosuite.strategy.AdaptiveRandomTestStrategy.generateTests(AdaptiveRandomTestStrategy.java:118) [evosuite-client-1.0.4-SNAPSHOT.jar:na]
	at org.evosuite.TestSuiteGenerator.generateTests(TestSuiteGenerator.java:654) [evosuite-client-1.0.4-SNAPSHOT.jar:na]
	at org.evosuite.TestSuiteGenerator.generateTestSuite(TestSuiteGenerator.java:213) [evosuite-client-1.0.4-SNAPSHOT.jar:na]
	at org.evosuite.rmi.service.ClientNodeImpl$1.run(ClientNodeImpl.java:145) [evosuite-client-1.0.4-SNAPSHOT.jar:na]
	at java.util.concurrent.Executors$RunnableAdapter.call(Executors.java:511) [na:1.8.0_265]
	at java.util.concurrent.FutureTask.run(FutureTask.java:266) [na:1.8.0_265]
	at java.util.concurrent.ThreadPoolExecutor.runWorker(ThreadPoolExecutor.java:1149) [na:1.8.0_265]
	at java.util.concurrent.ThreadPoolExecutor$Worker.run(ThreadPoolExecutor.java:624) [na:1.8.0_265]
	at java.lang.Thread.run(Thread.java:748) [na:1.8.0_265]
Aug 14, 2020 9:52:47 AM org.openqa.selenium.remote.ProtocolHandshake createSession
[MASTER] 17:52:47.323 [Thread-3] ERROR ExternalProcessHandler - Aug 14, 2020 9:52:47 AM org.openqa.selenium.remote.ProtocolHandshake createSession

INFO: Detected dialect: OSS
[MASTER] 17:52:47.324 [Thread-3] ERROR ExternalProcessHandler - INFO: Detected dialect: OSS

Aug 14, 2020 9:52:48 AM org.openqa.selenium.remote.ProtocolHandshake createSession
[MASTER] 17:52:48.858 [Thread-3] ERROR ExternalProcessHandler - Aug 14, 2020 9:52:48 AM org.openqa.selenium.remote.ProtocolHandshake createSession

INFO: Detected dialect: OSS
[MASTER] 17:52:48.858 [Thread-3] ERROR ExternalProcessHandler - INFO: Detected dialect: OSS

Aug 14, 2020 9:52:51 AM org.openqa.selenium.remote.ProtocolHandshake createSession
[MASTER] 17:52:51.382 [Thread-3] ERROR ExternalProcessHandler - Aug 14, 2020 9:52:51 AM org.openqa.selenium.remote.ProtocolHandshake createSession

INFO: Detected dialect: OSS
[MASTER] 17:52:51.382 [Thread-3] ERROR ExternalProcessHandler - INFO: Detected dialect: OSS

Aug 14, 2020 9:52:52 AM org.openqa.selenium.remote.ProtocolHandshake createSession
[MASTER] 17:52:52.430 [Thread-3] ERROR ExternalProcessHandler - Aug 14, 2020 9:52:52 AM org.openqa.selenium.remote.ProtocolHandshake createSession

INFO: Detected dialect: OSS
[MASTER] 17:52:52.430 [Thread-3] ERROR ExternalProcessHandler - INFO: Detected dialect: OSS

Aug 14, 2020 9:52:53 AM org.openqa.selenium.remote.ProtocolHandshake createSession
[MASTER] 17:52:53.483 [Thread-3] ERROR ExternalProcessHandler - Aug 14, 2020 9:52:53 AM org.openqa.selenium.remote.ProtocolHandshake createSession

INFO: Detected dialect: OSS
[MASTER] 17:52:53.483 [Thread-3] ERROR ExternalProcessHandler - INFO: Detected dialect: OSS

Aug 14, 2020 9:52:58 AM org.openqa.selenium.remote.ProtocolHandshake createSession
[MASTER] 17:52:58.004 [Thread-3] ERROR ExternalProcessHandler - Aug 14, 2020 9:52:58 AM org.openqa.selenium.remote.ProtocolHandshake createSession

INFO: Detected dialect: OSS
[MASTER] 17:52:58.004 [Thread-3] ERROR ExternalProcessHandler - INFO: Detected dialect: OSS

Aug 14, 2020 9:53:08 AM org.openqa.selenium.remote.ProtocolHandshake createSession
[MASTER] 17:53:08.527 [Thread-3] ERROR ExternalProcessHandler - Aug 14, 2020 9:53:08 AM org.openqa.selenium.remote.ProtocolHandshake createSession

INFO: Detected dialect: OSS
[MASTER] 17:53:08.527 [Thread-3] ERROR ExternalProcessHandler - INFO: Detected dialect: OSS

Aug 14, 2020 9:53:24 AM org.openqa.selenium.remote.ProtocolHandshake createSession
[MASTER] 17:53:24.841 [Thread-3] ERROR ExternalProcessHandler - Aug 14, 2020 9:53:24 AM org.openqa.selenium.remote.ProtocolHandshake createSession

INFO: Detected dialect: OSS
[MASTER] 17:53:24.841 [Thread-3] ERROR ExternalProcessHandler - INFO: Detected dialect: OSS

[MASTER] 17:53:47.003 [logback-2] ERROR TestCaseExecutor - TG: Exception caught: 
java.lang.IllegalStateException: Test generation failed: page object bug.
	at org.evosuite.testcase.execution.TestCaseExecutor.runTest(TestCaseExecutor.java:322) ~[evosuite-client-1.0.4-SNAPSHOT.jar:na]
	at org.evosuite.testcase.TestFitnessFunction.runTest(TestFitnessFunction.java:91) [evosuite-client-1.0.4-SNAPSHOT.jar:na]
	at org.evosuite.testcase.TestFitnessFunction.getFitness(TestFitnessFunction.java:60) [evosuite-client-1.0.4-SNAPSHOT.jar:na]
	at org.evosuite.testcase.TestFitnessFunction.getFitness(TestFitnessFunction.java:34) [evosuite-client-1.0.4-SNAPSHOT.jar:na]
	at org.evosuite.ga.metaheuristics.art.AdaptiveRandomSearch.calculateFitness(AdaptiveRandomSearch.java:312) [evosuite-client-1.0.4-SNAPSHOT.jar:na]
	at org.evosuite.ga.metaheuristics.art.AdaptiveRandomSearch.evolve(AdaptiveRandomSearch.java:139) [evosuite-client-1.0.4-SNAPSHOT.jar:na]
	at org.evosuite.ga.metaheuristics.art.AdaptiveRandomSearch.generateSolution(AdaptiveRandomSearch.java:270) [evosuite-client-1.0.4-SNAPSHOT.jar:na]
	at org.evosuite.strategy.AdaptiveRandomTestStrategy.generateTests(AdaptiveRandomTestStrategy.java:118) [evosuite-client-1.0.4-SNAPSHOT.jar:na]
	at org.evosuite.TestSuiteGenerator.generateTests(TestSuiteGenerator.java:654) [evosuite-client-1.0.4-SNAPSHOT.jar:na]
	at org.evosuite.TestSuiteGenerator.generateTestSuite(TestSuiteGenerator.java:213) [evosuite-client-1.0.4-SNAPSHOT.jar:na]
	at org.evosuite.rmi.service.ClientNodeImpl$1.run(ClientNodeImpl.java:145) [evosuite-client-1.0.4-SNAPSHOT.jar:na]
	at java.util.concurrent.Executors$RunnableAdapter.call(Executors.java:511) [na:1.8.0_265]
	at java.util.concurrent.FutureTask.run(FutureTask.java:266) [na:1.8.0_265]
	at java.util.concurrent.ThreadPoolExecutor.runWorker(ThreadPoolExecutor.java:1149) [na:1.8.0_265]
	at java.util.concurrent.ThreadPoolExecutor$Worker.run(ThreadPoolExecutor.java:624) [na:1.8.0_265]
	at java.lang.Thread.run(Thread.java:748) [na:1.8.0_265]
Aug 14, 2020 9:53:47 AM org.openqa.selenium.remote.ProtocolHandshake createSession
[MASTER] 17:53:47.219 [Thread-3] ERROR ExternalProcessHandler - Aug 14, 2020 9:53:47 AM org.openqa.selenium.remote.ProtocolHandshake createSession

INFO: Detected dialect: OSS
[MASTER] 17:53:47.219 [Thread-3] ERROR ExternalProcessHandler - INFO: Detected dialect: OSS

Aug 14, 2020 9:53:48 AM org.openqa.selenium.remote.ProtocolHandshake createSession
[MASTER] 17:53:48.488 [Thread-3] ERROR ExternalProcessHandler - Aug 14, 2020 9:53:48 AM org.openqa.selenium.remote.ProtocolHandshake createSession

INFO: Detected dialect: OSS
[MASTER] 17:53:48.488 [Thread-3] ERROR ExternalProcessHandler - INFO: Detected dialect: OSS

Aug 14, 2020 9:53:51 AM org.openqa.selenium.remote.ProtocolHandshake createSession
[MASTER] 17:53:51.120 [Thread-3] ERROR ExternalProcessHandler - Aug 14, 2020 9:53:51 AM org.openqa.selenium.remote.ProtocolHandshake createSession

INFO: Detected dialect: OSS
[MASTER] 17:53:51.120 [Thread-3] ERROR ExternalProcessHandler - INFO: Detected dialect: OSS

Aug 14, 2020 9:53:59 AM org.openqa.selenium.remote.ProtocolHandshake createSession
[MASTER] 17:53:59.926 [Thread-3] ERROR ExternalProcessHandler - Aug 14, 2020 9:53:59 AM org.openqa.selenium.remote.ProtocolHandshake createSession

INFO: Detected dialect: OSS
[MASTER] 17:53:59.926 [Thread-3] ERROR ExternalProcessHandler - INFO: Detected dialect: OSS

Aug 14, 2020 9:54:14 AM org.openqa.selenium.remote.ProtocolHandshake createSession
[MASTER] 17:54:14.625 [Thread-3] ERROR ExternalProcessHandler - Aug 14, 2020 9:54:14 AM org.openqa.selenium.remote.ProtocolHandshake createSession

INFO: Detected dialect: OSS
[MASTER] 17:54:14.625 [Thread-3] ERROR ExternalProcessHandler - INFO: Detected dialect: OSS

[MASTER] 17:54:35.223 [logback-2] ERROR TestCaseExecutor - TG: Exception caught: 
java.lang.IllegalStateException: Test generation failed: page object bug.
	at org.evosuite.testcase.execution.TestCaseExecutor.runTest(TestCaseExecutor.java:322) ~[evosuite-client-1.0.4-SNAPSHOT.jar:na]
	at org.evosuite.testcase.TestFitnessFunction.runTest(TestFitnessFunction.java:91) [evosuite-client-1.0.4-SNAPSHOT.jar:na]
	at org.evosuite.testcase.TestFitnessFunction.getFitness(TestFitnessFunction.java:60) [evosuite-client-1.0.4-SNAPSHOT.jar:na]
	at org.evosuite.testcase.TestFitnessFunction.getFitness(TestFitnessFunction.java:34) [evosuite-client-1.0.4-SNAPSHOT.jar:na]
	at org.evosuite.ga.metaheuristics.art.AdaptiveRandomSearch.calculateFitness(AdaptiveRandomSearch.java:312) [evosuite-client-1.0.4-SNAPSHOT.jar:na]
	at org.evosuite.ga.metaheuristics.art.AdaptiveRandomSearch.evolve(AdaptiveRandomSearch.java:139) [evosuite-client-1.0.4-SNAPSHOT.jar:na]
	at org.evosuite.ga.metaheuristics.art.AdaptiveRandomSearch.generateSolution(AdaptiveRandomSearch.java:270) [evosuite-client-1.0.4-SNAPSHOT.jar:na]
	at org.evosuite.strategy.AdaptiveRandomTestStrategy.generateTests(AdaptiveRandomTestStrategy.java:118) [evosuite-client-1.0.4-SNAPSHOT.jar:na]
	at org.evosuite.TestSuiteGenerator.generateTests(TestSuiteGenerator.java:654) [evosuite-client-1.0.4-SNAPSHOT.jar:na]
	at org.evosuite.TestSuiteGenerator.generateTestSuite(TestSuiteGenerator.java:213) [evosuite-client-1.0.4-SNAPSHOT.jar:na]
	at org.evosuite.rmi.service.ClientNodeImpl$1.run(ClientNodeImpl.java:145) [evosuite-client-1.0.4-SNAPSHOT.jar:na]
	at java.util.concurrent.Executors$RunnableAdapter.call(Executors.java:511) [na:1.8.0_265]
	at java.util.concurrent.FutureTask.run(FutureTask.java:266) [na:1.8.0_265]
	at java.util.concurrent.ThreadPoolExecutor.runWorker(ThreadPoolExecutor.java:1149) [na:1.8.0_265]
	at java.util.concurrent.ThreadPoolExecutor$Worker.run(ThreadPoolExecutor.java:624) [na:1.8.0_265]
	at java.lang.Thread.run(Thread.java:748) [na:1.8.0_265]
Aug 14, 2020 9:54:35 AM org.openqa.selenium.remote.ProtocolHandshake createSession
[MASTER] 17:54:35.453 [Thread-3] ERROR ExternalProcessHandler - Aug 14, 2020 9:54:35 AM org.openqa.selenium.remote.ProtocolHandshake createSession

INFO: Detected dialect: OSS
[MASTER] 17:54:35.454 [Thread-3] ERROR ExternalProcessHandler - INFO: Detected dialect: OSS

Aug 14, 2020 9:54:36 AM org.openqa.selenium.remote.ProtocolHandshake createSession
[MASTER] 17:54:36.370 [Thread-3] ERROR ExternalProcessHandler - Aug 14, 2020 9:54:36 AM org.openqa.selenium.remote.ProtocolHandshake createSession

INFO: Detected dialect: OSS
[MASTER] 17:54:36.370 [Thread-3] ERROR ExternalProcessHandler - INFO: Detected dialect: OSS

Aug 14, 2020 9:54:37 AM org.openqa.selenium.remote.ProtocolHandshake createSession
[MASTER] 17:54:37.604 [Thread-3] ERROR ExternalProcessHandler - Aug 14, 2020 9:54:37 AM org.openqa.selenium.remote.ProtocolHandshake createSession

INFO: Detected dialect: OSS
[MASTER] 17:54:37.604 [Thread-3] ERROR ExternalProcessHandler - INFO: Detected dialect: OSS

Aug 14, 2020 9:54:40 AM org.openqa.selenium.remote.ProtocolHandshake createSession
[MASTER] 17:54:40.294 [Thread-3] ERROR ExternalProcessHandler - Aug 14, 2020 9:54:40 AM org.openqa.selenium.remote.ProtocolHandshake createSession

INFO: Detected dialect: OSS
[MASTER] 17:54:40.294 [Thread-3] ERROR ExternalProcessHandler - INFO: Detected dialect: OSS

Aug 14, 2020 9:54:48 AM org.openqa.selenium.remote.ProtocolHandshake createSession
[MASTER] 17:54:48.853 [Thread-3] ERROR ExternalProcessHandler - Aug 14, 2020 9:54:48 AM org.openqa.selenium.remote.ProtocolHandshake createSession

INFO: Detected dialect: OSS
[MASTER] 17:54:48.853 [Thread-3] ERROR ExternalProcessHandler - INFO: Detected dialect: OSS

Aug 14, 2020 9:55:03 AM org.openqa.selenium.remote.ProtocolHandshake createSession
[MASTER] 17:55:03.313 [Thread-3] ERROR ExternalProcessHandler - Aug 14, 2020 9:55:03 AM org.openqa.selenium.remote.ProtocolHandshake createSession

INFO: Detected dialect: OSS
[MASTER] 17:55:03.313 [Thread-3] ERROR ExternalProcessHandler - INFO: Detected dialect: OSS

[MASTER] 17:55:23.606 [logback-2] ERROR TestCaseExecutor - TG: Exception caught: 
java.lang.IllegalStateException: Test generation failed: page object bug.
	at org.evosuite.testcase.execution.TestCaseExecutor.runTest(TestCaseExecutor.java:322) ~[evosuite-client-1.0.4-SNAPSHOT.jar:na]
	at org.evosuite.testcase.TestFitnessFunction.runTest(TestFitnessFunction.java:91) [evosuite-client-1.0.4-SNAPSHOT.jar:na]
	at org.evosuite.testcase.TestFitnessFunction.getFitness(TestFitnessFunction.java:60) [evosuite-client-1.0.4-SNAPSHOT.jar:na]
	at org.evosuite.testcase.TestFitnessFunction.getFitness(TestFitnessFunction.java:34) [evosuite-client-1.0.4-SNAPSHOT.jar:na]
	at org.evosuite.ga.metaheuristics.art.AdaptiveRandomSearch.calculateFitness(AdaptiveRandomSearch.java:312) [evosuite-client-1.0.4-SNAPSHOT.jar:na]
	at org.evosuite.ga.metaheuristics.art.AdaptiveRandomSearch.evolve(AdaptiveRandomSearch.java:139) [evosuite-client-1.0.4-SNAPSHOT.jar:na]
	at org.evosuite.ga.metaheuristics.art.AdaptiveRandomSearch.generateSolution(AdaptiveRandomSearch.java:270) [evosuite-client-1.0.4-SNAPSHOT.jar:na]
	at org.evosuite.strategy.AdaptiveRandomTestStrategy.generateTests(AdaptiveRandomTestStrategy.java:118) [evosuite-client-1.0.4-SNAPSHOT.jar:na]
	at org.evosuite.TestSuiteGenerator.generateTests(TestSuiteGenerator.java:654) [evosuite-client-1.0.4-SNAPSHOT.jar:na]
	at org.evosuite.TestSuiteGenerator.generateTestSuite(TestSuiteGenerator.java:213) [evosuite-client-1.0.4-SNAPSHOT.jar:na]
	at org.evosuite.rmi.service.ClientNodeImpl$1.run(ClientNodeImpl.java:145) [evosuite-client-1.0.4-SNAPSHOT.jar:na]
	at java.util.concurrent.Executors$RunnableAdapter.call(Executors.java:511) [na:1.8.0_265]
	at java.util.concurrent.FutureTask.run(FutureTask.java:266) [na:1.8.0_265]
	at java.util.concurrent.ThreadPoolExecutor.runWorker(ThreadPoolExecutor.java:1149) [na:1.8.0_265]
	at java.util.concurrent.ThreadPoolExecutor$Worker.run(ThreadPoolExecutor.java:624) [na:1.8.0_265]
	at java.lang.Thread.run(Thread.java:748) [na:1.8.0_265]
Aug 14, 2020 9:55:23 AM org.openqa.selenium.remote.ProtocolHandshake createSession
[MASTER] 17:55:23.856 [Thread-3] ERROR ExternalProcessHandler - Aug 14, 2020 9:55:23 AM org.openqa.selenium.remote.ProtocolHandshake createSession

INFO: Detected dialect: OSS
[MASTER] 17:55:23.857 [Thread-3] ERROR ExternalProcessHandler - INFO: Detected dialect: OSS

Aug 14, 2020 9:55:25 AM org.openqa.selenium.remote.ProtocolHandshake createSession
[MASTER] 17:55:25.310 [Thread-3] ERROR ExternalProcessHandler - Aug 14, 2020 9:55:25 AM org.openqa.selenium.remote.ProtocolHandshake createSession

INFO: Detected dialect: OSS
[MASTER] 17:55:25.310 [Thread-3] ERROR ExternalProcessHandler - INFO: Detected dialect: OSS

Aug 14, 2020 9:55:26 AM org.openqa.selenium.remote.ProtocolHandshake createSession
[MASTER] 17:55:26.634 [Thread-3] ERROR ExternalProcessHandler - Aug 14, 2020 9:55:26 AM org.openqa.selenium.remote.ProtocolHandshake createSession

INFO: Detected dialect: OSS
[MASTER] 17:55:26.634 [Thread-3] ERROR ExternalProcessHandler - INFO: Detected dialect: OSS

Aug 14, 2020 9:55:29 AM org.openqa.selenium.remote.ProtocolHandshake createSession
[MASTER] 17:55:29.907 [Thread-3] ERROR ExternalProcessHandler - Aug 14, 2020 9:55:29 AM org.openqa.selenium.remote.ProtocolHandshake createSession

INFO: Detected dialect: OSS
[MASTER] 17:55:29.907 [Thread-3] ERROR ExternalProcessHandler - INFO: Detected dialect: OSS

Aug 14, 2020 9:55:33 AM po_utils.PageObjectLogging logInfo
[MASTER] 17:55:33.541 [Thread-3] ERROR ExternalProcessHandler - Aug 14, 2020 9:55:33 AM po_utils.PageObjectLogging logInfo

INFO: waitForElementBeingPresentOnPage timeout exception: unable to locate the element By.xpath: //button[text()="Create a new session"]
[MASTER] 17:55:33.542 [Thread-3] ERROR ExternalProcessHandler - INFO: waitForElementBeingPresentOnPage timeout exception: unable to locate the element By.xpath: //button[text()="Create a new session"]


[MASTER] 17:55:33.542 [Thread-3] ERROR ExternalProcessHandler - 


[MASTER] 17:55:33.542 [Thread-3] ERROR ExternalProcessHandler - 

Aug 14, 2020 9:55:33 AM org.openqa.selenium.remote.ProtocolHandshake createSession
[MASTER] 17:55:33.895 [Thread-3] ERROR ExternalProcessHandler - Aug 14, 2020 9:55:33 AM org.openqa.selenium.remote.ProtocolHandshake createSession

INFO: Detected dialect: OSS
[MASTER] 17:55:33.895 [Thread-3] ERROR ExternalProcessHandler - INFO: Detected dialect: OSS

Aug 14, 2020 9:55:43 AM po_utils.PageObjectLogging logInfo
[MASTER] 17:55:43.334 [Thread-3] ERROR ExternalProcessHandler - Aug 14, 2020 9:55:43 AM po_utils.PageObjectLogging logInfo

INFO: waitForElementBeingPresentOnPage timeout exception: unable to locate the element By.xpath: //button[text()="Create a new session"]
[MASTER] 17:55:43.334 [Thread-3] ERROR ExternalProcessHandler - INFO: waitForElementBeingPresentOnPage timeout exception: unable to locate the element By.xpath: //button[text()="Create a new session"]


[MASTER] 17:55:43.334 [Thread-3] ERROR ExternalProcessHandler - 


[MASTER] 17:55:43.335 [Thread-3] ERROR ExternalProcessHandler - 

Aug 14, 2020 9:55:44 AM org.openqa.selenium.remote.ProtocolHandshake createSession
[MASTER] 17:55:44.138 [Thread-3] ERROR ExternalProcessHandler - Aug 14, 2020 9:55:44 AM org.openqa.selenium.remote.ProtocolHandshake createSession

INFO: Detected dialect: OSS
[MASTER] 17:55:44.138 [Thread-3] ERROR ExternalProcessHandler - INFO: Detected dialect: OSS

Aug 14, 2020 9:55:59 AM po_utils.PageObjectLogging logInfo
[MASTER] 17:55:59.089 [Thread-3] ERROR ExternalProcessHandler - Aug 14, 2020 9:55:59 AM po_utils.PageObjectLogging logInfo

INFO: waitForElementBeingPresentOnPage timeout exception: unable to locate the element By.xpath: //button[text()="Create a new session"]
[MASTER] 17:55:59.090 [Thread-3] ERROR ExternalProcessHandler - INFO: waitForElementBeingPresentOnPage timeout exception: unable to locate the element By.xpath: //button[text()="Create a new session"]


[MASTER] 17:55:59.090 [Thread-3] ERROR ExternalProcessHandler - 


[MASTER] 17:55:59.090 [Thread-3] ERROR ExternalProcessHandler - 

Aug 14, 2020 9:56:00 AM org.openqa.selenium.remote.ProtocolHandshake createSession
[MASTER] 17:56:00.378 [Thread-3] ERROR ExternalProcessHandler - Aug 14, 2020 9:56:00 AM org.openqa.selenium.remote.ProtocolHandshake createSession

INFO: Detected dialect: OSS
[MASTER] 17:56:00.379 [Thread-3] ERROR ExternalProcessHandler - INFO: Detected dialect: OSS

Aug 14, 2020 9:56:21 AM po_utils.PageObjectLogging logInfo
[MASTER] 17:56:21.138 [Thread-3] ERROR ExternalProcessHandler - Aug 14, 2020 9:56:21 AM po_utils.PageObjectLogging logInfo

INFO: waitForElementBeingPresentOnPage timeout exception: unable to locate the element By.xpath: //button[text()="Create a new session"]
[MASTER] 17:56:21.139 [Thread-3] ERROR ExternalProcessHandler - INFO: waitForElementBeingPresentOnPage timeout exception: unable to locate the element By.xpath: //button[text()="Create a new session"]


[MASTER] 17:56:21.139 [Thread-3] ERROR ExternalProcessHandler - 


[MASTER] 17:56:21.139 [Thread-3] ERROR ExternalProcessHandler - 

[MASTER] 17:56:22.784 [logback-2] ERROR TestCaseExecutor - TG: Exception caught: 
java.lang.IllegalStateException: Test generation failed: page object bug.
	at org.evosuite.testcase.execution.TestCaseExecutor.runTest(TestCaseExecutor.java:322) ~[evosuite-client-1.0.4-SNAPSHOT.jar:na]
	at org.evosuite.testcase.TestFitnessFunction.runTest(TestFitnessFunction.java:91) [evosuite-client-1.0.4-SNAPSHOT.jar:na]
	at org.evosuite.testcase.TestFitnessFunction.getFitness(TestFitnessFunction.java:60) [evosuite-client-1.0.4-SNAPSHOT.jar:na]
	at org.evosuite.testcase.TestFitnessFunction.getFitness(TestFitnessFunction.java:34) [evosuite-client-1.0.4-SNAPSHOT.jar:na]
	at org.evosuite.ga.metaheuristics.art.AdaptiveRandomSearch.calculateFitness(AdaptiveRandomSearch.java:312) [evosuite-client-1.0.4-SNAPSHOT.jar:na]
	at org.evosuite.ga.metaheuristics.art.AdaptiveRandomSearch.evolve(AdaptiveRandomSearch.java:139) [evosuite-client-1.0.4-SNAPSHOT.jar:na]
	at org.evosuite.ga.metaheuristics.art.AdaptiveRandomSearch.generateSolution(AdaptiveRandomSearch.java:270) [evosuite-client-1.0.4-SNAPSHOT.jar:na]
	at org.evosuite.strategy.AdaptiveRandomTestStrategy.generateTests(AdaptiveRandomTestStrategy.java:118) [evosuite-client-1.0.4-SNAPSHOT.jar:na]
	at org.evosuite.TestSuiteGenerator.generateTests(TestSuiteGenerator.java:654) [evosuite-client-1.0.4-SNAPSHOT.jar:na]
	at org.evosuite.TestSuiteGenerator.generateTestSuite(TestSuiteGenerator.java:213) [evosuite-client-1.0.4-SNAPSHOT.jar:na]
	at org.evosuite.rmi.service.ClientNodeImpl$1.run(ClientNodeImpl.java:145) [evosuite-client-1.0.4-SNAPSHOT.jar:na]
	at java.util.concurrent.Executors$RunnableAdapter.call(Executors.java:511) [na:1.8.0_265]
	at java.util.concurrent.FutureTask.run(FutureTask.java:266) [na:1.8.0_265]
	at java.util.concurrent.ThreadPoolExecutor.runWorker(ThreadPoolExecutor.java:1149) [na:1.8.0_265]
	at java.util.concurrent.ThreadPoolExecutor$Worker.run(ThreadPoolExecutor.java:624) [na:1.8.0_265]
	at java.lang.Thread.run(Thread.java:748) [na:1.8.0_265]
Aug 14, 2020 9:56:22 AM org.openqa.selenium.remote.ProtocolHandshake createSession
[MASTER] 17:56:22.996 [Thread-3] ERROR ExternalProcessHandler - Aug 14, 2020 9:56:22 AM org.openqa.selenium.remote.ProtocolHandshake createSession

INFO: Detected dialect: OSS
[MASTER] 17:56:22.996 [Thread-3] ERROR ExternalProcessHandler - INFO: Detected dialect: OSS

Aug 14, 2020 9:56:28 AM org.openqa.selenium.remote.ProtocolHandshake createSession
[MASTER] 17:56:28.541 [Thread-3] ERROR ExternalProcessHandler - Aug 14, 2020 9:56:28 AM org.openqa.selenium.remote.ProtocolHandshake createSession

INFO: Detected dialect: OSS
[MASTER] 17:56:28.541 [Thread-3] ERROR ExternalProcessHandler - INFO: Detected dialect: OSS

Aug 14, 2020 9:56:40 AM org.openqa.selenium.remote.ProtocolHandshake createSession
[MASTER] 17:56:40.463 [Thread-3] ERROR ExternalProcessHandler - Aug 14, 2020 9:56:40 AM org.openqa.selenium.remote.ProtocolHandshake createSession

INFO: Detected dialect: OSS
[MASTER] 17:56:40.463 [Thread-3] ERROR ExternalProcessHandler - INFO: Detected dialect: OSS

Aug 14, 2020 9:56:58 AM org.openqa.selenium.remote.ProtocolHandshake createSession
[MASTER] 17:56:58.678 [Thread-3] ERROR ExternalProcessHandler - Aug 14, 2020 9:56:58 AM org.openqa.selenium.remote.ProtocolHandshake createSession

INFO: Detected dialect: OSS
[MASTER] 17:56:58.678 [Thread-3] ERROR ExternalProcessHandler - INFO: Detected dialect: OSS

[MASTER] 17:57:23.176 [logback-2] ERROR TestCaseExecutor - TG: Exception caught: 
java.lang.IllegalStateException: Test generation failed: page object bug.
	at org.evosuite.testcase.execution.TestCaseExecutor.runTest(TestCaseExecutor.java:322) ~[evosuite-client-1.0.4-SNAPSHOT.jar:na]
	at org.evosuite.testcase.TestFitnessFunction.runTest(TestFitnessFunction.java:91) [evosuite-client-1.0.4-SNAPSHOT.jar:na]
	at org.evosuite.testcase.TestFitnessFunction.isCovered(TestFitnessFunction.java:166) [evosuite-client-1.0.4-SNAPSHOT.jar:na]
	at org.evosuite.testsuite.TestSuiteMinimizer.minimizeTests(TestSuiteMinimizer.java:287) [evosuite-client-1.0.4-SNAPSHOT.jar:na]
	at org.evosuite.testsuite.TestSuiteMinimizer.minimize(TestSuiteMinimizer.java:111) [evosuite-client-1.0.4-SNAPSHOT.jar:na]
	at org.evosuite.TestSuiteGenerator.postProcessTests(TestSuiteGenerator.java:422) [evosuite-client-1.0.4-SNAPSHOT.jar:na]
	at org.evosuite.TestSuiteGenerator.generateTestSuite(TestSuiteGenerator.java:215) [evosuite-client-1.0.4-SNAPSHOT.jar:na]
	at org.evosuite.rmi.service.ClientNodeImpl$1.run(ClientNodeImpl.java:145) [evosuite-client-1.0.4-SNAPSHOT.jar:na]
	at java.util.concurrent.Executors$RunnableAdapter.call(Executors.java:511) [na:1.8.0_265]
	at java.util.concurrent.FutureTask.run(FutureTask.java:266) [na:1.8.0_265]
	at java.util.concurrent.ThreadPoolExecutor.runWorker(ThreadPoolExecutor.java:1149) [na:1.8.0_265]
	at java.util.concurrent.ThreadPoolExecutor$Worker.run(ThreadPoolExecutor.java:624) [na:1.8.0_265]
	at java.lang.Thread.run(Thread.java:748) [na:1.8.0_265]
Aug 14, 2020 9:57:23 AM org.openqa.selenium.remote.ProtocolHandshake createSession
[MASTER] 17:57:23.358 [Thread-3] ERROR ExternalProcessHandler - Aug 14, 2020 9:57:23 AM org.openqa.selenium.remote.ProtocolHandshake createSession

INFO: Detected dialect: OSS
[MASTER] 17:57:23.358 [Thread-3] ERROR ExternalProcessHandler - INFO: Detected dialect: OSS

Aug 14, 2020 9:57:26 AM org.openqa.selenium.remote.ProtocolHandshake createSession
[MASTER] 17:57:26.104 [Thread-3] ERROR ExternalProcessHandler - Aug 14, 2020 9:57:26 AM org.openqa.selenium.remote.ProtocolHandshake createSession

INFO: Detected dialect: OSS
[MASTER] 17:57:26.104 [Thread-3] ERROR ExternalProcessHandler - INFO: Detected dialect: OSS

Aug 14, 2020 9:57:35 AM org.openqa.selenium.remote.ProtocolHandshake createSession
[MASTER] 17:57:35.403 [Thread-3] ERROR ExternalProcessHandler - Aug 14, 2020 9:57:35 AM org.openqa.selenium.remote.ProtocolHandshake createSession

INFO: Detected dialect: OSS
[MASTER] 17:57:35.403 [Thread-3] ERROR ExternalProcessHandler - INFO: Detected dialect: OSS

Aug 14, 2020 9:57:50 AM org.openqa.selenium.remote.ProtocolHandshake createSession
[MASTER] 17:57:50.934 [Thread-3] ERROR ExternalProcessHandler - Aug 14, 2020 9:57:50 AM org.openqa.selenium.remote.ProtocolHandshake createSession

INFO: Detected dialect: OSS
[MASTER] 17:57:50.934 [Thread-3] ERROR ExternalProcessHandler - INFO: Detected dialect: OSS

[MASTER] 17:58:12.718 [logback-2] ERROR TestCaseExecutor - TG: Exception caught: 
java.lang.IllegalStateException: Test generation failed: page object bug.
	at org.evosuite.testcase.execution.TestCaseExecutor.runTest(TestCaseExecutor.java:322) ~[evosuite-client-1.0.4-SNAPSHOT.jar:na]
	at org.evosuite.testcase.TestFitnessFunction.runTest(TestFitnessFunction.java:91) [evosuite-client-1.0.4-SNAPSHOT.jar:na]
	at org.evosuite.testcase.TestFitnessFunction.isCovered(TestFitnessFunction.java:166) [evosuite-client-1.0.4-SNAPSHOT.jar:na]
	at org.evosuite.testsuite.TestSuiteMinimizer.minimizeTests(TestSuiteMinimizer.java:287) [evosuite-client-1.0.4-SNAPSHOT.jar:na]
	at org.evosuite.testsuite.TestSuiteMinimizer.minimize(TestSuiteMinimizer.java:111) [evosuite-client-1.0.4-SNAPSHOT.jar:na]
	at org.evosuite.TestSuiteGenerator.postProcessTests(TestSuiteGenerator.java:422) [evosuite-client-1.0.4-SNAPSHOT.jar:na]
	at org.evosuite.TestSuiteGenerator.generateTestSuite(TestSuiteGenerator.java:215) [evosuite-client-1.0.4-SNAPSHOT.jar:na]
	at org.evosuite.rmi.service.ClientNodeImpl$1.run(ClientNodeImpl.java:145) [evosuite-client-1.0.4-SNAPSHOT.jar:na]
	at java.util.concurrent.Executors$RunnableAdapter.call(Executors.java:511) [na:1.8.0_265]
	at java.util.concurrent.FutureTask.run(FutureTask.java:266) [na:1.8.0_265]
	at java.util.concurrent.ThreadPoolExecutor.runWorker(ThreadPoolExecutor.java:1149) [na:1.8.0_265]
	at java.util.concurrent.ThreadPoolExecutor$Worker.run(ThreadPoolExecutor.java:624) [na:1.8.0_265]
	at java.lang.Thread.run(Thread.java:748) [na:1.8.0_265]
Aug 14, 2020 9:58:12 AM org.openqa.selenium.remote.ProtocolHandshake createSession
[MASTER] 17:58:12.904 [Thread-3] ERROR ExternalProcessHandler - Aug 14, 2020 9:58:12 AM org.openqa.selenium.remote.ProtocolHandshake createSession

INFO: Detected dialect: OSS
[MASTER] 17:58:12.904 [Thread-3] ERROR ExternalProcessHandler - INFO: Detected dialect: OSS

Aug 14, 2020 9:58:16 AM po_utils.PageObjectLogging logInfo
[MASTER] 17:58:16.075 [Thread-3] ERROR ExternalProcessHandler - Aug 14, 2020 9:58:16 AM po_utils.PageObjectLogging logInfo

INFO: waitForElementBeingPresentOnPage timeout exception: unable to locate the element By.xpath: //button[text()="Create a new session"]
[MASTER] 17:58:16.076 [Thread-3] ERROR ExternalProcessHandler - INFO: waitForElementBeingPresentOnPage timeout exception: unable to locate the element By.xpath: //button[text()="Create a new session"]


[MASTER] 17:58:16.076 [Thread-3] ERROR ExternalProcessHandler - 


[MASTER] 17:58:16.076 [Thread-3] ERROR ExternalProcessHandler - 

Aug 14, 2020 9:58:16 AM org.openqa.selenium.remote.ProtocolHandshake createSession
[MASTER] 17:58:16.725 [Thread-3] ERROR ExternalProcessHandler - Aug 14, 2020 9:58:16 AM org.openqa.selenium.remote.ProtocolHandshake createSession

INFO: Detected dialect: OSS
[MASTER] 17:58:16.725 [Thread-3] ERROR ExternalProcessHandler - INFO: Detected dialect: OSS

Aug 14, 2020 9:58:23 AM po_utils.PageObjectLogging logInfo
[MASTER] 17:58:23.360 [Thread-3] ERROR ExternalProcessHandler - Aug 14, 2020 9:58:23 AM po_utils.PageObjectLogging logInfo

INFO: waitForElementBeingPresentOnPage timeout exception: unable to locate the element By.xpath: //button[text()="Create a new session"]
[MASTER] 17:58:23.361 [Thread-3] ERROR ExternalProcessHandler - INFO: waitForElementBeingPresentOnPage timeout exception: unable to locate the element By.xpath: //button[text()="Create a new session"]


[MASTER] 17:58:23.361 [Thread-3] ERROR ExternalProcessHandler - 


[MASTER] 17:58:23.361 [Thread-3] ERROR ExternalProcessHandler - 

Aug 14, 2020 9:58:26 AM org.openqa.selenium.remote.ProtocolHandshake createSession
[MASTER] 17:58:26.762 [Thread-3] ERROR ExternalProcessHandler - Aug 14, 2020 9:58:26 AM org.openqa.selenium.remote.ProtocolHandshake createSession

INFO: Detected dialect: OSS
[MASTER] 17:58:26.762 [Thread-3] ERROR ExternalProcessHandler - INFO: Detected dialect: OSS

Aug 14, 2020 9:58:36 AM po_utils.PageObjectLogging logInfo
[MASTER] 17:58:36.831 [Thread-3] ERROR ExternalProcessHandler - Aug 14, 2020 9:58:36 AM po_utils.PageObjectLogging logInfo

INFO: waitForElementBeingPresentOnPage timeout exception: unable to locate the element By.xpath: //button[text()="Create a new session"]
[MASTER] 17:58:36.832 [Thread-3] ERROR ExternalProcessHandler - INFO: waitForElementBeingPresentOnPage timeout exception: unable to locate the element By.xpath: //button[text()="Create a new session"]


[MASTER] 17:58:36.832 [Thread-3] ERROR ExternalProcessHandler - 


[MASTER] 17:58:36.832 [Thread-3] ERROR ExternalProcessHandler - 

Aug 14, 2020 9:58:42 AM org.openqa.selenium.remote.ProtocolHandshake createSession
[MASTER] 17:58:42.907 [Thread-3] ERROR ExternalProcessHandler - Aug 14, 2020 9:58:42 AM org.openqa.selenium.remote.ProtocolHandshake createSession

INFO: Detected dialect: OSS
[MASTER] 17:58:42.907 [Thread-3] ERROR ExternalProcessHandler - INFO: Detected dialect: OSS

Aug 14, 2020 9:58:56 AM po_utils.PageObjectLogging logInfo
[MASTER] 17:58:56.255 [Thread-3] ERROR ExternalProcessHandler - Aug 14, 2020 9:58:56 AM po_utils.PageObjectLogging logInfo

INFO: waitForElementBeingPresentOnPage timeout exception: unable to locate the element By.xpath: //button[text()="Create a new session"]
[MASTER] 17:58:56.256 [Thread-3] ERROR ExternalProcessHandler - INFO: waitForElementBeingPresentOnPage timeout exception: unable to locate the element By.xpath: //button[text()="Create a new session"]


[MASTER] 17:58:56.256 [Thread-3] ERROR ExternalProcessHandler - 


[MASTER] 17:58:56.256 [Thread-3] ERROR ExternalProcessHandler - 

[MASTER] 17:59:04.948 [logback-2] ERROR TestCaseExecutor - TG: Exception caught: 
java.lang.IllegalStateException: Test generation failed: page object bug.
	at org.evosuite.testcase.execution.TestCaseExecutor.runTest(TestCaseExecutor.java:322) ~[evosuite-client-1.0.4-SNAPSHOT.jar:na]
	at org.evosuite.testcase.TestFitnessFunction.runTest(TestFitnessFunction.java:91) [evosuite-client-1.0.4-SNAPSHOT.jar:na]
	at org.evosuite.testcase.TestFitnessFunction.isCovered(TestFitnessFunction.java:166) [evosuite-client-1.0.4-SNAPSHOT.jar:na]
	at org.evosuite.testsuite.TestSuiteMinimizer.minimizeTests(TestSuiteMinimizer.java:287) [evosuite-client-1.0.4-SNAPSHOT.jar:na]
	at org.evosuite.testsuite.TestSuiteMinimizer.minimize(TestSuiteMinimizer.java:111) [evosuite-client-1.0.4-SNAPSHOT.jar:na]
	at org.evosuite.TestSuiteGenerator.postProcessTests(TestSuiteGenerator.java:422) [evosuite-client-1.0.4-SNAPSHOT.jar:na]
	at org.evosuite.TestSuiteGenerator.generateTestSuite(TestSuiteGenerator.java:215) [evosuite-client-1.0.4-SNAPSHOT.jar:na]
	at org.evosuite.rmi.service.ClientNodeImpl$1.run(ClientNodeImpl.java:145) [evosuite-client-1.0.4-SNAPSHOT.jar:na]
	at java.util.concurrent.Executors$RunnableAdapter.call(Executors.java:511) [na:1.8.0_265]
	at java.util.concurrent.FutureTask.run(FutureTask.java:266) [na:1.8.0_265]
	at java.util.concurrent.ThreadPoolExecutor.runWorker(ThreadPoolExecutor.java:1149) [na:1.8.0_265]
	at java.util.concurrent.ThreadPoolExecutor$Worker.run(ThreadPoolExecutor.java:624) [na:1.8.0_265]
	at java.lang.Thread.run(Thread.java:748) [na:1.8.0_265]
Aug 14, 2020 9:59:05 AM org.openqa.selenium.remote.ProtocolHandshake createSession
[MASTER] 17:59:05.138 [Thread-3] ERROR ExternalProcessHandler - Aug 14, 2020 9:59:05 AM org.openqa.selenium.remote.ProtocolHandshake createSession

INFO: Detected dialect: OSS
[MASTER] 17:59:05.138 [Thread-3] ERROR ExternalProcessHandler - INFO: Detected dialect: OSS

Aug 14, 2020 9:59:06 AM org.openqa.selenium.remote.ProtocolHandshake createSession
[MASTER] 17:59:06.805 [Thread-3] ERROR ExternalProcessHandler - Aug 14, 2020 9:59:06 AM org.openqa.selenium.remote.ProtocolHandshake createSession

INFO: Detected dialect: OSS
[MASTER] 17:59:06.805 [Thread-3] ERROR ExternalProcessHandler - INFO: Detected dialect: OSS

Aug 14, 2020 9:59:11 AM org.openqa.selenium.remote.ProtocolHandshake createSession
[MASTER] 17:59:11.776 [Thread-3] ERROR ExternalProcessHandler - Aug 14, 2020 9:59:11 AM org.openqa.selenium.remote.ProtocolHandshake createSession

INFO: Detected dialect: OSS
[MASTER] 17:59:11.776 [Thread-3] ERROR ExternalProcessHandler - INFO: Detected dialect: OSS

Aug 14, 2020 9:59:13 AM org.openqa.selenium.remote.ProtocolHandshake createSession
[MASTER] 17:59:13.398 [Thread-3] ERROR ExternalProcessHandler - Aug 14, 2020 9:59:13 AM org.openqa.selenium.remote.ProtocolHandshake createSession

INFO: Detected dialect: OSS
[MASTER] 17:59:13.398 [Thread-3] ERROR ExternalProcessHandler - INFO: Detected dialect: OSS

Aug 14, 2020 9:59:16 AM org.openqa.selenium.remote.ProtocolHandshake createSession
[MASTER] 17:59:16.805 [Thread-3] ERROR ExternalProcessHandler - Aug 14, 2020 9:59:16 AM org.openqa.selenium.remote.ProtocolHandshake createSession

INFO: Detected dialect: OSS
[MASTER] 17:59:16.805 [Thread-3] ERROR ExternalProcessHandler - INFO: Detected dialect: OSS

Aug 14, 2020 9:59:26 AM org.openqa.selenium.remote.ProtocolHandshake createSession
[MASTER] 17:59:26.492 [Thread-3] ERROR ExternalProcessHandler - Aug 14, 2020 9:59:26 AM org.openqa.selenium.remote.ProtocolHandshake createSession

INFO: Detected dialect: OSS
[MASTER] 17:59:26.492 [Thread-3] ERROR ExternalProcessHandler - INFO: Detected dialect: OSS

Aug 14, 2020 9:59:42 AM org.openqa.selenium.remote.ProtocolHandshake createSession
[MASTER] 17:59:42.367 [Thread-3] ERROR ExternalProcessHandler - Aug 14, 2020 9:59:42 AM org.openqa.selenium.remote.ProtocolHandshake createSession

INFO: Detected dialect: OSS
[MASTER] 17:59:42.368 [Thread-3] ERROR ExternalProcessHandler - INFO: Detected dialect: OSS

[MASTER] 18:00:04.196 [logback-2] ERROR TestCaseExecutor - TG: Exception caught: 
java.lang.IllegalStateException: Test generation failed: page object bug.
	at org.evosuite.testcase.execution.TestCaseExecutor.runTest(TestCaseExecutor.java:322) ~[evosuite-client-1.0.4-SNAPSHOT.jar:na]
	at org.evosuite.testcase.TestFitnessFunction.runTest(TestFitnessFunction.java:91) [evosuite-client-1.0.4-SNAPSHOT.jar:na]
	at org.evosuite.testcase.TestFitnessFunction.isCovered(TestFitnessFunction.java:166) [evosuite-client-1.0.4-SNAPSHOT.jar:na]
	at org.evosuite.testsuite.TestSuiteMinimizer.minimizeTests(TestSuiteMinimizer.java:287) [evosuite-client-1.0.4-SNAPSHOT.jar:na]
	at org.evosuite.testsuite.TestSuiteMinimizer.minimize(TestSuiteMinimizer.java:111) [evosuite-client-1.0.4-SNAPSHOT.jar:na]
	at org.evosuite.TestSuiteGenerator.postProcessTests(TestSuiteGenerator.java:422) [evosuite-client-1.0.4-SNAPSHOT.jar:na]
	at org.evosuite.TestSuiteGenerator.generateTestSuite(TestSuiteGenerator.java:215) [evosuite-client-1.0.4-SNAPSHOT.jar:na]
	at org.evosuite.rmi.service.ClientNodeImpl$1.run(ClientNodeImpl.java:145) [evosuite-client-1.0.4-SNAPSHOT.jar:na]
	at java.util.concurrent.Executors$RunnableAdapter.call(Executors.java:511) [na:1.8.0_265]
	at java.util.concurrent.FutureTask.run(FutureTask.java:266) [na:1.8.0_265]
	at java.util.concurrent.ThreadPoolExecutor.runWorker(ThreadPoolExecutor.java:1149) [na:1.8.0_265]
	at java.util.concurrent.ThreadPoolExecutor$Worker.run(ThreadPoolExecutor.java:624) [na:1.8.0_265]
	at java.lang.Thread.run(Thread.java:748) [na:1.8.0_265]
Aug 14, 2020 10:00:04 AM org.openqa.selenium.remote.ProtocolHandshake createSession
[MASTER] 18:00:04.354 [Thread-3] ERROR ExternalProcessHandler - Aug 14, 2020 10:00:04 AM org.openqa.selenium.remote.ProtocolHandshake createSession

INFO: Detected dialect: OSS
[MASTER] 18:00:04.354 [Thread-3] ERROR ExternalProcessHandler - INFO: Detected dialect: OSS

Aug 14, 2020 10:00:11 AM org.openqa.selenium.remote.ProtocolHandshake createSession
[MASTER] 18:00:11.828 [Thread-3] ERROR ExternalProcessHandler - Aug 14, 2020 10:00:11 AM org.openqa.selenium.remote.ProtocolHandshake createSession

INFO: Detected dialect: OSS
[MASTER] 18:00:11.829 [Thread-3] ERROR ExternalProcessHandler - INFO: Detected dialect: OSS

Aug 14, 2020 10:00:25 AM org.openqa.selenium.remote.ProtocolHandshake createSession
[MASTER] 18:00:25.807 [Thread-3] ERROR ExternalProcessHandler - Aug 14, 2020 10:00:25 AM org.openqa.selenium.remote.ProtocolHandshake createSession

INFO: Detected dialect: OSS
[MASTER] 18:00:25.807 [Thread-3] ERROR ExternalProcessHandler - INFO: Detected dialect: OSS

Aug 14, 2020 10:00:45 AM org.openqa.selenium.remote.ProtocolHandshake createSession
[MASTER] 18:00:45.986 [Thread-3] ERROR ExternalProcessHandler - Aug 14, 2020 10:00:45 AM org.openqa.selenium.remote.ProtocolHandshake createSession

INFO: Detected dialect: OSS
[MASTER] 18:00:45.986 [Thread-3] ERROR ExternalProcessHandler - INFO: Detected dialect: OSS

[MASTER] 18:01:12.417 [logback-2] ERROR TestCaseExecutor - TG: Exception caught: 
java.lang.IllegalStateException: Test generation failed: page object bug.
	at org.evosuite.testcase.execution.TestCaseExecutor.runTest(TestCaseExecutor.java:322) ~[evosuite-client-1.0.4-SNAPSHOT.jar:na]
	at org.evosuite.testcase.TestFitnessFunction.runTest(TestFitnessFunction.java:91) [evosuite-client-1.0.4-SNAPSHOT.jar:na]
	at org.evosuite.testcase.TestFitnessFunction.isCovered(TestFitnessFunction.java:166) [evosuite-client-1.0.4-SNAPSHOT.jar:na]
	at org.evosuite.testsuite.TestSuiteMinimizer.minimizeTests(TestSuiteMinimizer.java:287) [evosuite-client-1.0.4-SNAPSHOT.jar:na]
	at org.evosuite.testsuite.TestSuiteMinimizer.minimize(TestSuiteMinimizer.java:111) [evosuite-client-1.0.4-SNAPSHOT.jar:na]
	at org.evosuite.TestSuiteGenerator.postProcessTests(TestSuiteGenerator.java:422) [evosuite-client-1.0.4-SNAPSHOT.jar:na]
	at org.evosuite.TestSuiteGenerator.generateTestSuite(TestSuiteGenerator.java:215) [evosuite-client-1.0.4-SNAPSHOT.jar:na]
	at org.evosuite.rmi.service.ClientNodeImpl$1.run(ClientNodeImpl.java:145) [evosuite-client-1.0.4-SNAPSHOT.jar:na]
	at java.util.concurrent.Executors$RunnableAdapter.call(Executors.java:511) [na:1.8.0_265]
	at java.util.concurrent.FutureTask.run(FutureTask.java:266) [na:1.8.0_265]
	at java.util.concurrent.ThreadPoolExecutor.runWorker(ThreadPoolExecutor.java:1149) [na:1.8.0_265]
	at java.util.concurrent.ThreadPoolExecutor$Worker.run(ThreadPoolExecutor.java:624) [na:1.8.0_265]
	at java.lang.Thread.run(Thread.java:748) [na:1.8.0_265]
Aug 14, 2020 10:01:12 AM org.openqa.selenium.remote.ProtocolHandshake createSession
[MASTER] 18:01:12.602 [Thread-3] ERROR ExternalProcessHandler - Aug 14, 2020 10:01:12 AM org.openqa.selenium.remote.ProtocolHandshake createSession

INFO: Detected dialect: OSS
[MASTER] 18:01:12.603 [Thread-3] ERROR ExternalProcessHandler - INFO: Detected dialect: OSS

Aug 14, 2020 10:01:13 AM org.openqa.selenium.remote.ProtocolHandshake createSession
[MASTER] 18:01:13.737 [Thread-3] ERROR ExternalProcessHandler - Aug 14, 2020 10:01:13 AM org.openqa.selenium.remote.ProtocolHandshake createSession

INFO: Detected dialect: OSS
[MASTER] 18:01:13.737 [Thread-3] ERROR ExternalProcessHandler - INFO: Detected dialect: OSS

Aug 14, 2020 10:01:20 AM org.openqa.selenium.remote.ProtocolHandshake createSession
[MASTER] 18:01:20.127 [Thread-3] ERROR ExternalProcessHandler - Aug 14, 2020 10:01:20 AM org.openqa.selenium.remote.ProtocolHandshake createSession

INFO: Detected dialect: OSS
[MASTER] 18:01:20.128 [Thread-3] ERROR ExternalProcessHandler - INFO: Detected dialect: OSS

Aug 14, 2020 10:01:23 AM org.openqa.selenium.remote.ProtocolHandshake createSession
[MASTER] 18:01:23.309 [Thread-3] ERROR ExternalProcessHandler - Aug 14, 2020 10:01:23 AM org.openqa.selenium.remote.ProtocolHandshake createSession

INFO: Detected dialect: OSS
[MASTER] 18:01:23.309 [Thread-3] ERROR ExternalProcessHandler - INFO: Detected dialect: OSS

Aug 14, 2020 10:01:26 AM po_utils.PageObjectLogging logInfo
[MASTER] 18:01:26.199 [Thread-3] ERROR ExternalProcessHandler - Aug 14, 2020 10:01:26 AM po_utils.PageObjectLogging logInfo

INFO: waitForElementBeingPresentOnPage timeout exception: unable to locate the element By.xpath: //button[text()="Create a new session"]
[MASTER] 18:01:26.200 [Thread-3] ERROR ExternalProcessHandler - INFO: waitForElementBeingPresentOnPage timeout exception: unable to locate the element By.xpath: //button[text()="Create a new session"]


[MASTER] 18:01:26.200 [Thread-3] ERROR ExternalProcessHandler - 


[MASTER] 18:01:26.200 [Thread-3] ERROR ExternalProcessHandler - 

Aug 14, 2020 10:01:26 AM org.openqa.selenium.remote.ProtocolHandshake createSession
[MASTER] 18:01:26.793 [Thread-3] ERROR ExternalProcessHandler - Aug 14, 2020 10:01:26 AM org.openqa.selenium.remote.ProtocolHandshake createSession

INFO: Detected dialect: OSS
[MASTER] 18:01:26.793 [Thread-3] ERROR ExternalProcessHandler - INFO: Detected dialect: OSS

Aug 14, 2020 10:01:29 AM org.openqa.selenium.remote.ProtocolHandshake createSession
[MASTER] 18:01:29.180 [Thread-3] ERROR ExternalProcessHandler - Aug 14, 2020 10:01:29 AM org.openqa.selenium.remote.ProtocolHandshake createSession

INFO: Detected dialect: OSS
[MASTER] 18:01:29.180 [Thread-3] ERROR ExternalProcessHandler - INFO: Detected dialect: OSS

Aug 14, 2020 10:01:31 AM org.openqa.selenium.remote.ProtocolHandshake createSession
[MASTER] 18:01:31.560 [Thread-3] ERROR ExternalProcessHandler - Aug 14, 2020 10:01:31 AM org.openqa.selenium.remote.ProtocolHandshake createSession

INFO: Detected dialect: OSS
[MASTER] 18:01:31.560 [Thread-3] ERROR ExternalProcessHandler - INFO: Detected dialect: OSS

Aug 14, 2020 10:01:34 AM po_utils.PageObjectLogging logInfo
[MASTER] 18:01:34.407 [Thread-3] ERROR ExternalProcessHandler - Aug 14, 2020 10:01:34 AM po_utils.PageObjectLogging logInfo

INFO: waitForElementBeingPresentOnPage timeout exception: unable to locate the element By.xpath: //button[text()="Create a new session"]
[MASTER] 18:01:34.408 [Thread-3] ERROR ExternalProcessHandler - INFO: waitForElementBeingPresentOnPage timeout exception: unable to locate the element By.xpath: //button[text()="Create a new session"]


[MASTER] 18:01:34.408 [Thread-3] ERROR ExternalProcessHandler - 


[MASTER] 18:01:34.408 [Thread-3] ERROR ExternalProcessHandler - 

Aug 14, 2020 10:01:35 AM org.openqa.selenium.remote.ProtocolHandshake createSession
[MASTER] 18:01:35.035 [Thread-3] ERROR ExternalProcessHandler - Aug 14, 2020 10:01:35 AM org.openqa.selenium.remote.ProtocolHandshake createSession

INFO: Detected dialect: OSS
[MASTER] 18:01:35.035 [Thread-3] ERROR ExternalProcessHandler - INFO: Detected dialect: OSS

Aug 14, 2020 10:01:38 AM org.openqa.selenium.remote.ProtocolHandshake createSession
[MASTER] 18:01:38.228 [Thread-3] ERROR ExternalProcessHandler - Aug 14, 2020 10:01:38 AM org.openqa.selenium.remote.ProtocolHandshake createSession

INFO: Detected dialect: OSS
[MASTER] 18:01:38.228 [Thread-3] ERROR ExternalProcessHandler - INFO: Detected dialect: OSS

