SLF4J: Class path contains multiple SLF4J bindings.
SLF4J: Found binding in [jar:file:/home/yw/.m2/repository/ch/qos/logback/logback-classic/1.1.3/logback-classic-1.1.3.jar!/org/slf4j/impl/StaticLoggerBinder.class]
SLF4J: Found binding in [jar:file:/home/yw/.m2/repository/org/evosuite/evosuite-master/1.0.4-SNAPSHOT/evosuite-master-1.0.4-SNAPSHOT.jar!/org/slf4j/impl/StaticLoggerBinder.class]
SLF4J: See http://www.slf4j.org/codes.html#multiple_bindings for an explanation.
SLF4J: Actual binding is of type [ch.qos.logback.classic.util.ContextSelectorStaticBinder]
SLF4J: Class path contains multiple SLF4J bindings.
[MASTER] 14:01:02.389 [Thread-3] ERROR ExternalProcessHandler - SLF4J: Class path contains multiple SLF4J bindings.

SLF4J: Found binding in [jar:file:/home/yw/.m2/repository/ch/qos/logback/logback-classic/1.1.3/logback-classic-1.1.3.jar!/org/slf4j/impl/StaticLoggerBinder.class]
[MASTER] 14:01:02.391 [Thread-3] ERROR ExternalProcessHandler - SLF4J: Found binding in [jar:file:/home/yw/.m2/repository/ch/qos/logback/logback-classic/1.1.3/logback-classic-1.1.3.jar!/org/slf4j/impl/StaticLoggerBinder.class]

SLF4J: Found binding in [jar:file:/home/yw/.m2/repository/org/evosuite/evosuite-master/1.0.4-SNAPSHOT/evosuite-master-1.0.4-SNAPSHOT.jar!/org/slf4j/impl/StaticLoggerBinder.class]
[MASTER] 14:01:02.393 [Thread-3] ERROR ExternalProcessHandler - SLF4J: Found binding in [jar:file:/home/yw/.m2/repository/org/evosuite/evosuite-master/1.0.4-SNAPSHOT/evosuite-master-1.0.4-SNAPSHOT.jar!/org/slf4j/impl/StaticLoggerBinder.class]

SLF4J: See http://www.slf4j.org/codes.html#multiple_bindings for an explanation.
[MASTER] 14:01:02.393 [Thread-3] ERROR ExternalProcessHandler - SLF4J: See http://www.slf4j.org/codes.html#multiple_bindings for an explanation.

SLF4J: Actual binding is of type [ch.qos.logback.classic.util.ContextSelectorStaticBinder]
[MASTER] 14:01:02.564 [Thread-3] ERROR ExternalProcessHandler - SLF4J: Actual binding is of type [ch.qos.logback.classic.util.ContextSelectorStaticBinder]

Aug 20, 2020 6:01:05 AM org.openqa.selenium.remote.ProtocolHandshake createSession
[MASTER] 14:01:05.948 [Thread-3] ERROR ExternalProcessHandler - Aug 20, 2020 6:01:05 AM org.openqa.selenium.remote.ProtocolHandshake createSession

INFO: Detected dialect: OSS
[MASTER] 14:01:05.949 [Thread-3] ERROR ExternalProcessHandler - INFO: Detected dialect: OSS

Aug 20, 2020 6:01:08 AM org.openqa.selenium.remote.ProtocolHandshake createSession
[MASTER] 14:01:08.397 [Thread-3] ERROR ExternalProcessHandler - Aug 20, 2020 6:01:08 AM org.openqa.selenium.remote.ProtocolHandshake createSession

INFO: Detected dialect: OSS
[MASTER] 14:01:08.397 [Thread-3] ERROR ExternalProcessHandler - INFO: Detected dialect: OSS

Exception in thread "Thread-3" java.lang.ClassCastException: org.evosuite.testcase.TestChromosome cannot be cast to org.evosuite.testsuite.TestSuiteChromosome
[MASTER] 14:01:08.536 [Thread-3] ERROR ExternalProcessHandler - Exception in thread "Thread-3" java.lang.ClassCastException: org.evosuite.testcase.TestChromosome cannot be cast to org.evosuite.testsuite.TestSuiteChromosome

	at org.evosuite.statistics.SearchStatistics.currentIndividual(SearchStatistics.java:181)
[MASTER] 14:01:08.536 [Thread-3] ERROR ExternalProcessHandler - 	at org.evosuite.statistics.SearchStatistics.currentIndividual(SearchStatistics.java:181)

	at org.evosuite.rmi.service.MasterNodeImpl.evosuite_collectStatistics(MasterNodeImpl.java:166)
[MASTER] 14:01:08.537 [Thread-3] ERROR ExternalProcessHandler - 	at org.evosuite.rmi.service.MasterNodeImpl.evosuite_collectStatistics(MasterNodeImpl.java:166)

	at sun.reflect.NativeMethodAccessorImpl.invoke0(Native Method)
[MASTER] 14:01:08.537 [Thread-3] ERROR ExternalProcessHandler - 	at sun.reflect.NativeMethodAccessorImpl.invoke0(Native Method)

	at sun.reflect.NativeMethodAccessorImpl.invoke(NativeMethodAccessorImpl.java:62)
[MASTER] 14:01:08.537 [Thread-3] ERROR ExternalProcessHandler - 	at sun.reflect.NativeMethodAccessorImpl.invoke(NativeMethodAccessorImpl.java:62)

	at sun.reflect.DelegatingMethodAccessorImpl.invoke(DelegatingMethodAccessorImpl.java:43)
[MASTER] 14:01:08.537 [Thread-3] ERROR ExternalProcessHandler - 	at sun.reflect.DelegatingMethodAccessorImpl.invoke(DelegatingMethodAccessorImpl.java:43)

	at java.lang.reflect.Method.invoke(Method.java:498)
[MASTER] 14:01:08.537 [Thread-3] ERROR ExternalProcessHandler - 	at java.lang.reflect.Method.invoke(Method.java:498)

	at sun.rmi.server.UnicastServerRef.dispatch(UnicastServerRef.java:357)
[MASTER] 14:01:08.538 [Thread-3] ERROR ExternalProcessHandler - 	at sun.rmi.server.UnicastServerRef.dispatch(UnicastServerRef.java:357)

	at sun.rmi.transport.Transport$1.run(Transport.java:200)
[MASTER] 14:01:08.538 [Thread-3] ERROR ExternalProcessHandler - 	at sun.rmi.transport.Transport$1.run(Transport.java:200)

	at sun.rmi.transport.Transport$1.run(Transport.java:197)
[MASTER] 14:01:08.538 [Thread-3] ERROR ExternalProcessHandler - 	at sun.rmi.transport.Transport$1.run(Transport.java:197)

	at java.security.AccessController.doPrivileged(Native Method)
[MASTER] 14:01:08.538 [Thread-3] ERROR ExternalProcessHandler - 	at java.security.AccessController.doPrivileged(Native Method)

	at sun.rmi.transport.Transport.serviceCall(Transport.java:196)
[MASTER] 14:01:08.538 [Thread-3] ERROR ExternalProcessHandler - 	at sun.rmi.transport.Transport.serviceCall(Transport.java:196)

	at sun.rmi.transport.tcp.TCPTransport.handleMessages(TCPTransport.java:573)
[MASTER] 14:01:08.538 [Thread-3] ERROR ExternalProcessHandler - 	at sun.rmi.transport.tcp.TCPTransport.handleMessages(TCPTransport.java:573)

	at sun.rmi.transport.tcp.TCPTransport$ConnectionHandler.run0(TCPTransport.java:834)
[MASTER] 14:01:08.539 [Thread-3] ERROR ExternalProcessHandler - 	at sun.rmi.transport.tcp.TCPTransport$ConnectionHandler.run0(TCPTransport.java:834)

	at sun.rmi.transport.tcp.TCPTransport$ConnectionHandler.lambda$run$0(TCPTransport.java:688)
[MASTER] 14:01:08.539 [Thread-3] ERROR ExternalProcessHandler - 	at sun.rmi.transport.tcp.TCPTransport$ConnectionHandler.lambda$run$0(TCPTransport.java:688)

	at java.security.AccessController.doPrivileged(Native Method)
[MASTER] 14:01:08.539 [Thread-3] ERROR ExternalProcessHandler - 	at java.security.AccessController.doPrivileged(Native Method)

	at sun.rmi.transport.tcp.TCPTransport$ConnectionHandler.run(TCPTransport.java:687)
[MASTER] 14:01:08.539 [Thread-3] ERROR ExternalProcessHandler - 	at sun.rmi.transport.tcp.TCPTransport$ConnectionHandler.run(TCPTransport.java:687)

	at java.util.concurrent.ThreadPoolExecutor.runWorker(ThreadPoolExecutor.java:1149)
[MASTER] 14:01:08.539 [Thread-3] ERROR ExternalProcessHandler - 	at java.util.concurrent.ThreadPoolExecutor.runWorker(ThreadPoolExecutor.java:1149)

	at java.util.concurrent.ThreadPoolExecutor$Worker.run(ThreadPoolExecutor.java:624)
[MASTER] 14:01:08.540 [Thread-3] ERROR ExternalProcessHandler - 	at java.util.concurrent.ThreadPoolExecutor$Worker.run(ThreadPoolExecutor.java:624)

	at java.lang.Thread.run(Thread.java:748)
[MASTER] 14:01:08.540 [Thread-3] ERROR ExternalProcessHandler - 	at java.lang.Thread.run(Thread.java:748)

	at sun.rmi.transport.StreamRemoteCall.exceptionReceivedFromServer(StreamRemoteCall.java:303)
[MASTER] 14:01:08.540 [Thread-3] ERROR ExternalProcessHandler - 	at sun.rmi.transport.StreamRemoteCall.exceptionReceivedFromServer(StreamRemoteCall.java:303)

	at sun.rmi.transport.StreamRemoteCall.executeCall(StreamRemoteCall.java:279)
[MASTER] 14:01:08.540 [Thread-3] ERROR ExternalProcessHandler - 	at sun.rmi.transport.StreamRemoteCall.executeCall(StreamRemoteCall.java:279)

	at sun.rmi.server.UnicastRef.invoke(UnicastRef.java:164)
[MASTER] 14:01:08.540 [Thread-3] ERROR ExternalProcessHandler - 	at sun.rmi.server.UnicastRef.invoke(UnicastRef.java:164)

	at java.rmi.server.RemoteObjectInvocationHandler.invokeRemoteMethod(RemoteObjectInvocationHandler.java:235)
[MASTER] 14:01:08.541 [Thread-3] ERROR ExternalProcessHandler - 	at java.rmi.server.RemoteObjectInvocationHandler.invokeRemoteMethod(RemoteObjectInvocationHandler.java:235)

	at java.rmi.server.RemoteObjectInvocationHandler.invoke(RemoteObjectInvocationHandler.java:180)
[MASTER] 14:01:08.541 [Thread-3] ERROR ExternalProcessHandler - 	at java.rmi.server.RemoteObjectInvocationHandler.invoke(RemoteObjectInvocationHandler.java:180)

	at com.sun.proxy.$Proxy7.evosuite_collectStatistics(Unknown Source)
[MASTER] 14:01:08.541 [Thread-3] ERROR ExternalProcessHandler - 	at com.sun.proxy.$Proxy7.evosuite_collectStatistics(Unknown Source)

	at org.evosuite.rmi.service.ClientNodeImpl.updateStatistics(ClientNodeImpl.java:237)
[MASTER] 14:01:08.541 [Thread-3] ERROR ExternalProcessHandler - 	at org.evosuite.rmi.service.ClientNodeImpl.updateStatistics(ClientNodeImpl.java:237)

	at org.evosuite.statistics.StatisticsSender.sendIndividualToMaster(StatisticsSender.java:75)
[MASTER] 14:01:08.542 [Thread-3] ERROR ExternalProcessHandler - 	at org.evosuite.statistics.StatisticsSender.sendIndividualToMaster(StatisticsSender.java:75)

	at org.evosuite.statistics.StatisticsListener$1.run(StatisticsListener.java:71)
[MASTER] 14:01:08.542 [Thread-3] ERROR ExternalProcessHandler - 	at org.evosuite.statistics.StatisticsListener$1.run(StatisticsListener.java:71)

Aug 20, 2020 6:01:09 AM org.openqa.selenium.remote.ProtocolHandshake createSession
[MASTER] 14:01:09.321 [Thread-3] ERROR ExternalProcessHandler - Aug 20, 2020 6:01:09 AM org.openqa.selenium.remote.ProtocolHandshake createSession

INFO: Detected dialect: OSS
[MASTER] 14:01:09.321 [Thread-3] ERROR ExternalProcessHandler - INFO: Detected dialect: OSS

Aug 20, 2020 6:01:10 AM org.openqa.selenium.remote.ProtocolHandshake createSession
[MASTER] 14:01:10.747 [Thread-3] ERROR ExternalProcessHandler - Aug 20, 2020 6:01:10 AM org.openqa.selenium.remote.ProtocolHandshake createSession

INFO: Detected dialect: OSS
[MASTER] 14:01:10.747 [Thread-3] ERROR ExternalProcessHandler - INFO: Detected dialect: OSS

Aug 20, 2020 6:01:11 AM org.openqa.selenium.remote.ProtocolHandshake createSession
[MASTER] 14:01:11.986 [Thread-3] ERROR ExternalProcessHandler - Aug 20, 2020 6:01:11 AM org.openqa.selenium.remote.ProtocolHandshake createSession

INFO: Detected dialect: OSS
[MASTER] 14:01:11.986 [Thread-3] ERROR ExternalProcessHandler - INFO: Detected dialect: OSS

Aug 20, 2020 6:01:12 AM org.openqa.selenium.remote.ProtocolHandshake createSession
[MASTER] 14:01:12.821 [Thread-3] ERROR ExternalProcessHandler - Aug 20, 2020 6:01:12 AM org.openqa.selenium.remote.ProtocolHandshake createSession

INFO: Detected dialect: OSS
[MASTER] 14:01:12.821 [Thread-3] ERROR ExternalProcessHandler - INFO: Detected dialect: OSS

Aug 20, 2020 6:01:14 AM org.openqa.selenium.remote.ProtocolHandshake createSession
[MASTER] 14:01:14.007 [Thread-3] ERROR ExternalProcessHandler - Aug 20, 2020 6:01:14 AM org.openqa.selenium.remote.ProtocolHandshake createSession

INFO: Detected dialect: OSS
[MASTER] 14:01:14.007 [Thread-3] ERROR ExternalProcessHandler - INFO: Detected dialect: OSS

Aug 20, 2020 6:01:17 AM org.openqa.selenium.remote.ProtocolHandshake createSession
[MASTER] 14:01:17.574 [Thread-3] ERROR ExternalProcessHandler - Aug 20, 2020 6:01:17 AM org.openqa.selenium.remote.ProtocolHandshake createSession

INFO: Detected dialect: OSS
[MASTER] 14:01:17.574 [Thread-3] ERROR ExternalProcessHandler - INFO: Detected dialect: OSS

Aug 20, 2020 6:01:25 AM org.openqa.selenium.remote.ProtocolHandshake createSession
[MASTER] 14:01:25.182 [Thread-3] ERROR ExternalProcessHandler - Aug 20, 2020 6:01:25 AM org.openqa.selenium.remote.ProtocolHandshake createSession

INFO: Detected dialect: OSS
[MASTER] 14:01:25.182 [Thread-3] ERROR ExternalProcessHandler - INFO: Detected dialect: OSS

Aug 20, 2020 6:01:36 AM org.openqa.selenium.remote.ProtocolHandshake createSession
[MASTER] 14:01:36.891 [Thread-3] ERROR ExternalProcessHandler - Aug 20, 2020 6:01:36 AM org.openqa.selenium.remote.ProtocolHandshake createSession

INFO: Detected dialect: OSS
[MASTER] 14:01:36.891 [Thread-3] ERROR ExternalProcessHandler - INFO: Detected dialect: OSS

[MASTER] 14:01:52.379 [logback-2] ERROR TestCaseExecutor - TG: Exception caught: 
java.lang.IllegalStateException: Test generation failed: page object bug.
	at org.evosuite.testcase.execution.TestCaseExecutor.runTest(TestCaseExecutor.java:322) ~[evosuite-client-1.0.4-SNAPSHOT.jar:na]
	at org.evosuite.testcase.TestFitnessFunction.runTest(TestFitnessFunction.java:91) [evosuite-client-1.0.4-SNAPSHOT.jar:na]
	at org.evosuite.testcase.TestFitnessFunction.getFitness(TestFitnessFunction.java:60) [evosuite-client-1.0.4-SNAPSHOT.jar:na]
	at org.evosuite.testcase.TestFitnessFunction.getFitness(TestFitnessFunction.java:34) [evosuite-client-1.0.4-SNAPSHOT.jar:na]
	at org.evosuite.ga.metaheuristics.mosa.MOSA.calculateFitness(MOSA.java:155) [evosuite-client-1.0.4-SNAPSHOT.jar:na]
	at org.evosuite.ga.metaheuristics.mosa.AbstractMOSA.calculateFitness(AbstractMOSA.java:327) [evosuite-client-1.0.4-SNAPSHOT.jar:na]
	at org.evosuite.ga.metaheuristics.mosa.AbstractMOSA.initializePopulation(AbstractMOSA.java:437) [evosuite-client-1.0.4-SNAPSHOT.jar:na]
	at org.evosuite.ga.metaheuristics.mosa.MOSA.generateSolution(MOSA.java:194) [evosuite-client-1.0.4-SNAPSHOT.jar:na]
	at org.evosuite.strategy.MOSuiteStrategy.generateTests(MOSuiteStrategy.java:127) [evosuite-client-1.0.4-SNAPSHOT.jar:na]
	at org.evosuite.TestSuiteGenerator.generateTests(TestSuiteGenerator.java:654) [evosuite-client-1.0.4-SNAPSHOT.jar:na]
	at org.evosuite.TestSuiteGenerator.generateTestSuite(TestSuiteGenerator.java:213) [evosuite-client-1.0.4-SNAPSHOT.jar:na]
	at org.evosuite.rmi.service.ClientNodeImpl$1.run(ClientNodeImpl.java:145) [evosuite-client-1.0.4-SNAPSHOT.jar:na]
	at java.util.concurrent.Executors$RunnableAdapter.call(Executors.java:511) [na:1.8.0_265]
	at java.util.concurrent.FutureTask.run(FutureTask.java:266) [na:1.8.0_265]
	at java.util.concurrent.ThreadPoolExecutor.runWorker(ThreadPoolExecutor.java:1149) [na:1.8.0_265]
	at java.util.concurrent.ThreadPoolExecutor$Worker.run(ThreadPoolExecutor.java:624) [na:1.8.0_265]
	at java.lang.Thread.run(Thread.java:748) [na:1.8.0_265]
Aug 20, 2020 6:01:52 AM org.openqa.selenium.remote.ProtocolHandshake createSession
[MASTER] 14:01:52.523 [Thread-3] ERROR ExternalProcessHandler - Aug 20, 2020 6:01:52 AM org.openqa.selenium.remote.ProtocolHandshake createSession

INFO: Detected dialect: OSS
[MASTER] 14:01:52.523 [Thread-3] ERROR ExternalProcessHandler - INFO: Detected dialect: OSS

Aug 20, 2020 6:01:53 AM org.openqa.selenium.remote.ProtocolHandshake createSession
[MASTER] 14:01:53.722 [Thread-3] ERROR ExternalProcessHandler - Aug 20, 2020 6:01:53 AM org.openqa.selenium.remote.ProtocolHandshake createSession

INFO: Detected dialect: OSS
[MASTER] 14:01:53.723 [Thread-3] ERROR ExternalProcessHandler - INFO: Detected dialect: OSS

Aug 20, 2020 6:01:54 AM org.openqa.selenium.remote.ProtocolHandshake createSession
[MASTER] 14:01:54.662 [Thread-3] ERROR ExternalProcessHandler - Aug 20, 2020 6:01:54 AM org.openqa.selenium.remote.ProtocolHandshake createSession

INFO: Detected dialect: OSS
[MASTER] 14:01:54.662 [Thread-3] ERROR ExternalProcessHandler - INFO: Detected dialect: OSS

Aug 20, 2020 6:01:55 AM org.openqa.selenium.remote.ProtocolHandshake createSession
[MASTER] 14:01:55.639 [Thread-3] ERROR ExternalProcessHandler - Aug 20, 2020 6:01:55 AM org.openqa.selenium.remote.ProtocolHandshake createSession

INFO: Detected dialect: OSS
[MASTER] 14:01:55.639 [Thread-3] ERROR ExternalProcessHandler - INFO: Detected dialect: OSS

Aug 20, 2020 6:01:56 AM org.openqa.selenium.remote.ProtocolHandshake createSession
[MASTER] 14:01:56.469 [Thread-3] ERROR ExternalProcessHandler - Aug 20, 2020 6:01:56 AM org.openqa.selenium.remote.ProtocolHandshake createSession

INFO: Detected dialect: OSS
[MASTER] 14:01:56.469 [Thread-3] ERROR ExternalProcessHandler - INFO: Detected dialect: OSS

Aug 20, 2020 6:01:57 AM org.openqa.selenium.remote.ProtocolHandshake createSession
[MASTER] 14:01:57.374 [Thread-3] ERROR ExternalProcessHandler - Aug 20, 2020 6:01:57 AM org.openqa.selenium.remote.ProtocolHandshake createSession

INFO: Detected dialect: OSS
[MASTER] 14:01:57.375 [Thread-3] ERROR ExternalProcessHandler - INFO: Detected dialect: OSS

Aug 20, 2020 6:01:59 AM org.openqa.selenium.remote.ProtocolHandshake createSession
[MASTER] 14:01:59.158 [Thread-3] ERROR ExternalProcessHandler - Aug 20, 2020 6:01:59 AM org.openqa.selenium.remote.ProtocolHandshake createSession

INFO: Detected dialect: OSS
[MASTER] 14:01:59.158 [Thread-3] ERROR ExternalProcessHandler - INFO: Detected dialect: OSS

Aug 20, 2020 6:02:00 AM org.openqa.selenium.remote.ProtocolHandshake createSession
[MASTER] 14:02:00.034 [Thread-3] ERROR ExternalProcessHandler - Aug 20, 2020 6:02:00 AM org.openqa.selenium.remote.ProtocolHandshake createSession

INFO: Detected dialect: OSS
[MASTER] 14:02:00.035 [Thread-3] ERROR ExternalProcessHandler - INFO: Detected dialect: OSS

Aug 20, 2020 6:02:01 AM org.openqa.selenium.remote.ProtocolHandshake createSession
[MASTER] 14:02:01.081 [Thread-3] ERROR ExternalProcessHandler - Aug 20, 2020 6:02:01 AM org.openqa.selenium.remote.ProtocolHandshake createSession

INFO: Detected dialect: OSS
[MASTER] 14:02:01.081 [Thread-3] ERROR ExternalProcessHandler - INFO: Detected dialect: OSS

Aug 20, 2020 6:02:02 AM org.openqa.selenium.remote.ProtocolHandshake createSession
[MASTER] 14:02:02.186 [Thread-3] ERROR ExternalProcessHandler - Aug 20, 2020 6:02:02 AM org.openqa.selenium.remote.ProtocolHandshake createSession

INFO: Detected dialect: OSS
[MASTER] 14:02:02.186 [Thread-3] ERROR ExternalProcessHandler - INFO: Detected dialect: OSS

Aug 20, 2020 6:02:04 AM org.openqa.selenium.remote.ProtocolHandshake createSession
[MASTER] 14:02:04.522 [Thread-3] ERROR ExternalProcessHandler - Aug 20, 2020 6:02:04 AM org.openqa.selenium.remote.ProtocolHandshake createSession

INFO: Detected dialect: OSS
[MASTER] 14:02:04.522 [Thread-3] ERROR ExternalProcessHandler - INFO: Detected dialect: OSS

Aug 20, 2020 6:02:09 AM org.openqa.selenium.remote.ProtocolHandshake createSession
[MASTER] 14:02:09.492 [Thread-3] ERROR ExternalProcessHandler - Aug 20, 2020 6:02:09 AM org.openqa.selenium.remote.ProtocolHandshake createSession

INFO: Detected dialect: OSS
[MASTER] 14:02:09.492 [Thread-3] ERROR ExternalProcessHandler - INFO: Detected dialect: OSS

Aug 20, 2020 6:02:16 AM org.openqa.selenium.remote.ProtocolHandshake createSession
[MASTER] 14:02:16.859 [Thread-3] ERROR ExternalProcessHandler - Aug 20, 2020 6:02:16 AM org.openqa.selenium.remote.ProtocolHandshake createSession

INFO: Detected dialect: OSS
[MASTER] 14:02:16.859 [Thread-3] ERROR ExternalProcessHandler - INFO: Detected dialect: OSS

[MASTER] 14:02:26.419 [logback-2] ERROR TestCaseExecutor - TG: Exception caught: 
java.lang.IllegalStateException: Test generation failed: page object bug.
	at org.evosuite.testcase.execution.TestCaseExecutor.runTest(TestCaseExecutor.java:322) ~[evosuite-client-1.0.4-SNAPSHOT.jar:na]
	at org.evosuite.testcase.TestFitnessFunction.runTest(TestFitnessFunction.java:91) [evosuite-client-1.0.4-SNAPSHOT.jar:na]
	at org.evosuite.testcase.TestFitnessFunction.getFitness(TestFitnessFunction.java:60) [evosuite-client-1.0.4-SNAPSHOT.jar:na]
	at org.evosuite.testcase.TestFitnessFunction.getFitness(TestFitnessFunction.java:34) [evosuite-client-1.0.4-SNAPSHOT.jar:na]
	at org.evosuite.ga.metaheuristics.mosa.MOSA.calculateFitness(MOSA.java:155) [evosuite-client-1.0.4-SNAPSHOT.jar:na]
	at org.evosuite.ga.metaheuristics.mosa.AbstractMOSA.calculateFitness(AbstractMOSA.java:327) [evosuite-client-1.0.4-SNAPSHOT.jar:na]
	at org.evosuite.ga.metaheuristics.mosa.AbstractMOSA.initializePopulation(AbstractMOSA.java:437) [evosuite-client-1.0.4-SNAPSHOT.jar:na]
	at org.evosuite.ga.metaheuristics.mosa.MOSA.generateSolution(MOSA.java:194) [evosuite-client-1.0.4-SNAPSHOT.jar:na]
	at org.evosuite.strategy.MOSuiteStrategy.generateTests(MOSuiteStrategy.java:127) [evosuite-client-1.0.4-SNAPSHOT.jar:na]
	at org.evosuite.TestSuiteGenerator.generateTests(TestSuiteGenerator.java:654) [evosuite-client-1.0.4-SNAPSHOT.jar:na]
	at org.evosuite.TestSuiteGenerator.generateTestSuite(TestSuiteGenerator.java:213) [evosuite-client-1.0.4-SNAPSHOT.jar:na]
	at org.evosuite.rmi.service.ClientNodeImpl$1.run(ClientNodeImpl.java:145) [evosuite-client-1.0.4-SNAPSHOT.jar:na]
	at java.util.concurrent.Executors$RunnableAdapter.call(Executors.java:511) [na:1.8.0_265]
	at java.util.concurrent.FutureTask.run(FutureTask.java:266) [na:1.8.0_265]
	at java.util.concurrent.ThreadPoolExecutor.runWorker(ThreadPoolExecutor.java:1149) [na:1.8.0_265]
	at java.util.concurrent.ThreadPoolExecutor$Worker.run(ThreadPoolExecutor.java:624) [na:1.8.0_265]
	at java.lang.Thread.run(Thread.java:748) [na:1.8.0_265]
Aug 20, 2020 6:02:26 AM org.openqa.selenium.remote.ProtocolHandshake createSession
[MASTER] 14:02:26.610 [Thread-3] ERROR ExternalProcessHandler - Aug 20, 2020 6:02:26 AM org.openqa.selenium.remote.ProtocolHandshake createSession

INFO: Detected dialect: OSS
[MASTER] 14:02:26.610 [Thread-3] ERROR ExternalProcessHandler - INFO: Detected dialect: OSS

Aug 20, 2020 6:02:27 AM org.openqa.selenium.remote.ProtocolHandshake createSession
[MASTER] 14:02:27.528 [Thread-3] ERROR ExternalProcessHandler - Aug 20, 2020 6:02:27 AM org.openqa.selenium.remote.ProtocolHandshake createSession

INFO: Detected dialect: OSS
[MASTER] 14:02:27.528 [Thread-3] ERROR ExternalProcessHandler - INFO: Detected dialect: OSS

Aug 20, 2020 6:02:28 AM org.openqa.selenium.remote.ProtocolHandshake createSession
[MASTER] 14:02:28.351 [Thread-3] ERROR ExternalProcessHandler - Aug 20, 2020 6:02:28 AM org.openqa.selenium.remote.ProtocolHandshake createSession

INFO: Detected dialect: OSS
[MASTER] 14:02:28.352 [Thread-3] ERROR ExternalProcessHandler - INFO: Detected dialect: OSS

Aug 20, 2020 6:02:30 AM org.openqa.selenium.remote.ProtocolHandshake createSession
[MASTER] 14:02:30.786 [Thread-3] ERROR ExternalProcessHandler - Aug 20, 2020 6:02:30 AM org.openqa.selenium.remote.ProtocolHandshake createSession

INFO: Detected dialect: OSS
[MASTER] 14:02:30.786 [Thread-3] ERROR ExternalProcessHandler - INFO: Detected dialect: OSS

Aug 20, 2020 6:02:37 AM org.openqa.selenium.remote.ProtocolHandshake createSession
[MASTER] 14:02:37.224 [Thread-3] ERROR ExternalProcessHandler - Aug 20, 2020 6:02:37 AM org.openqa.selenium.remote.ProtocolHandshake createSession

INFO: Detected dialect: OSS
[MASTER] 14:02:37.224 [Thread-3] ERROR ExternalProcessHandler - INFO: Detected dialect: OSS

Aug 20, 2020 6:02:47 AM org.openqa.selenium.remote.ProtocolHandshake createSession
[MASTER] 14:02:47.809 [Thread-3] ERROR ExternalProcessHandler - Aug 20, 2020 6:02:47 AM org.openqa.selenium.remote.ProtocolHandshake createSession

INFO: Detected dialect: OSS
[MASTER] 14:02:47.809 [Thread-3] ERROR ExternalProcessHandler - INFO: Detected dialect: OSS

[MASTER] 14:03:02.223 [logback-2] ERROR TestCaseExecutor - TG: Exception caught: 
java.lang.IllegalStateException: Test generation failed: page object bug.
	at org.evosuite.testcase.execution.TestCaseExecutor.runTest(TestCaseExecutor.java:322) ~[evosuite-client-1.0.4-SNAPSHOT.jar:na]
	at org.evosuite.testcase.TestFitnessFunction.runTest(TestFitnessFunction.java:91) [evosuite-client-1.0.4-SNAPSHOT.jar:na]
	at org.evosuite.testcase.TestFitnessFunction.getFitness(TestFitnessFunction.java:60) [evosuite-client-1.0.4-SNAPSHOT.jar:na]
	at org.evosuite.testcase.TestFitnessFunction.getFitness(TestFitnessFunction.java:34) [evosuite-client-1.0.4-SNAPSHOT.jar:na]
	at org.evosuite.ga.metaheuristics.mosa.MOSA.calculateFitness(MOSA.java:155) [evosuite-client-1.0.4-SNAPSHOT.jar:na]
	at org.evosuite.ga.metaheuristics.mosa.AbstractMOSA.calculateFitness(AbstractMOSA.java:327) [evosuite-client-1.0.4-SNAPSHOT.jar:na]
	at org.evosuite.ga.metaheuristics.mosa.AbstractMOSA.initializePopulation(AbstractMOSA.java:437) [evosuite-client-1.0.4-SNAPSHOT.jar:na]
	at org.evosuite.ga.metaheuristics.mosa.MOSA.generateSolution(MOSA.java:194) [evosuite-client-1.0.4-SNAPSHOT.jar:na]
	at org.evosuite.strategy.MOSuiteStrategy.generateTests(MOSuiteStrategy.java:127) [evosuite-client-1.0.4-SNAPSHOT.jar:na]
	at org.evosuite.TestSuiteGenerator.generateTests(TestSuiteGenerator.java:654) [evosuite-client-1.0.4-SNAPSHOT.jar:na]
	at org.evosuite.TestSuiteGenerator.generateTestSuite(TestSuiteGenerator.java:213) [evosuite-client-1.0.4-SNAPSHOT.jar:na]
	at org.evosuite.rmi.service.ClientNodeImpl$1.run(ClientNodeImpl.java:145) [evosuite-client-1.0.4-SNAPSHOT.jar:na]
	at java.util.concurrent.Executors$RunnableAdapter.call(Executors.java:511) [na:1.8.0_265]
	at java.util.concurrent.FutureTask.run(FutureTask.java:266) [na:1.8.0_265]
	at java.util.concurrent.ThreadPoolExecutor.runWorker(ThreadPoolExecutor.java:1149) [na:1.8.0_265]
	at java.util.concurrent.ThreadPoolExecutor$Worker.run(ThreadPoolExecutor.java:624) [na:1.8.0_265]
	at java.lang.Thread.run(Thread.java:748) [na:1.8.0_265]
Aug 20, 2020 6:03:02 AM org.openqa.selenium.remote.ProtocolHandshake createSession
[MASTER] 14:03:02.374 [Thread-3] ERROR ExternalProcessHandler - Aug 20, 2020 6:03:02 AM org.openqa.selenium.remote.ProtocolHandshake createSession

INFO: Detected dialect: OSS
[MASTER] 14:03:02.374 [Thread-3] ERROR ExternalProcessHandler - INFO: Detected dialect: OSS

Aug 20, 2020 6:03:03 AM org.openqa.selenium.remote.ProtocolHandshake createSession
[MASTER] 14:03:03.282 [Thread-3] ERROR ExternalProcessHandler - Aug 20, 2020 6:03:03 AM org.openqa.selenium.remote.ProtocolHandshake createSession

INFO: Detected dialect: OSS
[MASTER] 14:03:03.282 [Thread-3] ERROR ExternalProcessHandler - INFO: Detected dialect: OSS

Aug 20, 2020 6:03:05 AM po_utils.PageObjectLogging logInfo
[MASTER] 14:03:05.366 [Thread-3] ERROR ExternalProcessHandler - Aug 20, 2020 6:03:05 AM po_utils.PageObjectLogging logInfo

INFO: waitForElementBeingPresentOnPage timeout exception: unable to locate the element By.xpath: //button[text()="Create a new session"]
[MASTER] 14:03:05.366 [Thread-3] ERROR ExternalProcessHandler - INFO: waitForElementBeingPresentOnPage timeout exception: unable to locate the element By.xpath: //button[text()="Create a new session"]


[MASTER] 14:03:05.366 [Thread-3] ERROR ExternalProcessHandler - 


[MASTER] 14:03:05.366 [Thread-3] ERROR ExternalProcessHandler - 

Aug 20, 2020 6:03:05 AM org.openqa.selenium.remote.ProtocolHandshake createSession
[MASTER] 14:03:05.683 [Thread-3] ERROR ExternalProcessHandler - Aug 20, 2020 6:03:05 AM org.openqa.selenium.remote.ProtocolHandshake createSession

INFO: Detected dialect: OSS
[MASTER] 14:03:05.684 [Thread-3] ERROR ExternalProcessHandler - INFO: Detected dialect: OSS

Aug 20, 2020 6:03:09 AM org.openqa.selenium.remote.ProtocolHandshake createSession
[MASTER] 14:03:09.824 [Thread-3] ERROR ExternalProcessHandler - Aug 20, 2020 6:03:09 AM org.openqa.selenium.remote.ProtocolHandshake createSession

INFO: Detected dialect: OSS
[MASTER] 14:03:09.824 [Thread-3] ERROR ExternalProcessHandler - INFO: Detected dialect: OSS

Aug 20, 2020 6:03:10 AM org.openqa.selenium.remote.ProtocolHandshake createSession
[MASTER] 14:03:10.822 [Thread-3] ERROR ExternalProcessHandler - Aug 20, 2020 6:03:10 AM org.openqa.selenium.remote.ProtocolHandshake createSession

INFO: Detected dialect: OSS
[MASTER] 14:03:10.822 [Thread-3] ERROR ExternalProcessHandler - INFO: Detected dialect: OSS

Aug 20, 2020 6:03:11 AM org.openqa.selenium.remote.ProtocolHandshake createSession
[MASTER] 14:03:11.774 [Thread-3] ERROR ExternalProcessHandler - Aug 20, 2020 6:03:11 AM org.openqa.selenium.remote.ProtocolHandshake createSession

INFO: Detected dialect: OSS
[MASTER] 14:03:11.774 [Thread-3] ERROR ExternalProcessHandler - INFO: Detected dialect: OSS

Aug 20, 2020 6:03:12 AM org.openqa.selenium.remote.ProtocolHandshake createSession
[MASTER] 14:03:12.947 [Thread-3] ERROR ExternalProcessHandler - Aug 20, 2020 6:03:12 AM org.openqa.selenium.remote.ProtocolHandshake createSession

INFO: Detected dialect: OSS
[MASTER] 14:03:12.947 [Thread-3] ERROR ExternalProcessHandler - INFO: Detected dialect: OSS

Aug 20, 2020 6:03:15 AM org.openqa.selenium.remote.ProtocolHandshake createSession
[MASTER] 14:03:15.340 [Thread-3] ERROR ExternalProcessHandler - Aug 20, 2020 6:03:15 AM org.openqa.selenium.remote.ProtocolHandshake createSession

INFO: Detected dialect: OSS
[MASTER] 14:03:15.340 [Thread-3] ERROR ExternalProcessHandler - INFO: Detected dialect: OSS

Aug 20, 2020 6:03:16 AM org.openqa.selenium.remote.ProtocolHandshake createSession
[MASTER] 14:03:16.193 [Thread-3] ERROR ExternalProcessHandler - Aug 20, 2020 6:03:16 AM org.openqa.selenium.remote.ProtocolHandshake createSession

INFO: Detected dialect: OSS
[MASTER] 14:03:16.193 [Thread-3] ERROR ExternalProcessHandler - INFO: Detected dialect: OSS

Aug 20, 2020 6:03:17 AM org.openqa.selenium.remote.ProtocolHandshake createSession
[MASTER] 14:03:17.035 [Thread-3] ERROR ExternalProcessHandler - Aug 20, 2020 6:03:17 AM org.openqa.selenium.remote.ProtocolHandshake createSession

INFO: Detected dialect: OSS
[MASTER] 14:03:17.035 [Thread-3] ERROR ExternalProcessHandler - INFO: Detected dialect: OSS

Aug 20, 2020 6:03:17 AM org.openqa.selenium.remote.ProtocolHandshake createSession
[MASTER] 14:03:17.825 [Thread-3] ERROR ExternalProcessHandler - Aug 20, 2020 6:03:17 AM org.openqa.selenium.remote.ProtocolHandshake createSession

INFO: Detected dialect: OSS
[MASTER] 14:03:17.825 [Thread-3] ERROR ExternalProcessHandler - INFO: Detected dialect: OSS

Aug 20, 2020 6:03:18 AM org.openqa.selenium.remote.ProtocolHandshake createSession
[MASTER] 14:03:18.746 [Thread-3] ERROR ExternalProcessHandler - Aug 20, 2020 6:03:18 AM org.openqa.selenium.remote.ProtocolHandshake createSession

INFO: Detected dialect: OSS
[MASTER] 14:03:18.746 [Thread-3] ERROR ExternalProcessHandler - INFO: Detected dialect: OSS

Aug 20, 2020 6:03:20 AM org.openqa.selenium.remote.ProtocolHandshake createSession
[MASTER] 14:03:20.204 [Thread-3] ERROR ExternalProcessHandler - Aug 20, 2020 6:03:20 AM org.openqa.selenium.remote.ProtocolHandshake createSession

INFO: Detected dialect: OSS
[MASTER] 14:03:20.204 [Thread-3] ERROR ExternalProcessHandler - INFO: Detected dialect: OSS

Aug 20, 2020 6:03:21 AM org.openqa.selenium.remote.ProtocolHandshake createSession
[MASTER] 14:03:21.969 [Thread-3] ERROR ExternalProcessHandler - Aug 20, 2020 6:03:21 AM org.openqa.selenium.remote.ProtocolHandshake createSession

INFO: Detected dialect: OSS
[MASTER] 14:03:21.969 [Thread-3] ERROR ExternalProcessHandler - INFO: Detected dialect: OSS

Aug 20, 2020 6:03:22 AM org.openqa.selenium.remote.ProtocolHandshake createSession
[MASTER] 14:03:22.885 [Thread-3] ERROR ExternalProcessHandler - Aug 20, 2020 6:03:22 AM org.openqa.selenium.remote.ProtocolHandshake createSession

INFO: Detected dialect: OSS
[MASTER] 14:03:22.885 [Thread-3] ERROR ExternalProcessHandler - INFO: Detected dialect: OSS

Aug 20, 2020 6:03:23 AM org.openqa.selenium.remote.ProtocolHandshake createSession
[MASTER] 14:03:23.853 [Thread-3] ERROR ExternalProcessHandler - Aug 20, 2020 6:03:23 AM org.openqa.selenium.remote.ProtocolHandshake createSession

INFO: Detected dialect: OSS
[MASTER] 14:03:23.854 [Thread-3] ERROR ExternalProcessHandler - INFO: Detected dialect: OSS

Aug 20, 2020 6:03:25 AM org.openqa.selenium.remote.ProtocolHandshake createSession
[MASTER] 14:03:25.214 [Thread-3] ERROR ExternalProcessHandler - Aug 20, 2020 6:03:25 AM org.openqa.selenium.remote.ProtocolHandshake createSession

INFO: Detected dialect: OSS
[MASTER] 14:03:25.214 [Thread-3] ERROR ExternalProcessHandler - INFO: Detected dialect: OSS

Aug 20, 2020 6:03:26 AM org.openqa.selenium.remote.ProtocolHandshake createSession
[MASTER] 14:03:26.259 [Thread-3] ERROR ExternalProcessHandler - Aug 20, 2020 6:03:26 AM org.openqa.selenium.remote.ProtocolHandshake createSession

INFO: Detected dialect: OSS
[MASTER] 14:03:26.259 [Thread-3] ERROR ExternalProcessHandler - INFO: Detected dialect: OSS

Aug 20, 2020 6:03:27 AM org.openqa.selenium.remote.ProtocolHandshake createSession
[MASTER] 14:03:27.622 [Thread-3] ERROR ExternalProcessHandler - Aug 20, 2020 6:03:27 AM org.openqa.selenium.remote.ProtocolHandshake createSession

INFO: Detected dialect: OSS
[MASTER] 14:03:27.622 [Thread-3] ERROR ExternalProcessHandler - INFO: Detected dialect: OSS

Aug 20, 2020 6:03:28 AM org.openqa.selenium.remote.ProtocolHandshake createSession
[MASTER] 14:03:28.445 [Thread-3] ERROR ExternalProcessHandler - Aug 20, 2020 6:03:28 AM org.openqa.selenium.remote.ProtocolHandshake createSession

INFO: Detected dialect: OSS
[MASTER] 14:03:28.445 [Thread-3] ERROR ExternalProcessHandler - INFO: Detected dialect: OSS

Aug 20, 2020 6:03:30 AM org.openqa.selenium.remote.ProtocolHandshake createSession
[MASTER] 14:03:30.087 [Thread-3] ERROR ExternalProcessHandler - Aug 20, 2020 6:03:30 AM org.openqa.selenium.remote.ProtocolHandshake createSession

INFO: Detected dialect: OSS
[MASTER] 14:03:30.088 [Thread-3] ERROR ExternalProcessHandler - INFO: Detected dialect: OSS

Aug 20, 2020 6:03:31 AM org.openqa.selenium.remote.ProtocolHandshake createSession
[MASTER] 14:03:31.836 [Thread-3] ERROR ExternalProcessHandler - Aug 20, 2020 6:03:31 AM org.openqa.selenium.remote.ProtocolHandshake createSession

INFO: Detected dialect: OSS
[MASTER] 14:03:31.836 [Thread-3] ERROR ExternalProcessHandler - INFO: Detected dialect: OSS

Aug 20, 2020 6:03:32 AM org.openqa.selenium.remote.ProtocolHandshake createSession
[MASTER] 14:03:32.716 [Thread-3] ERROR ExternalProcessHandler - Aug 20, 2020 6:03:32 AM org.openqa.selenium.remote.ProtocolHandshake createSession

INFO: Detected dialect: OSS
[MASTER] 14:03:32.716 [Thread-3] ERROR ExternalProcessHandler - INFO: Detected dialect: OSS

Aug 20, 2020 6:03:34 AM org.openqa.selenium.remote.ProtocolHandshake createSession
[MASTER] 14:03:34.475 [Thread-3] ERROR ExternalProcessHandler - Aug 20, 2020 6:03:34 AM org.openqa.selenium.remote.ProtocolHandshake createSession

INFO: Detected dialect: OSS
[MASTER] 14:03:34.475 [Thread-3] ERROR ExternalProcessHandler - INFO: Detected dialect: OSS

Aug 20, 2020 6:03:35 AM org.openqa.selenium.remote.ProtocolHandshake createSession
[MASTER] 14:03:35.330 [Thread-3] ERROR ExternalProcessHandler - Aug 20, 2020 6:03:35 AM org.openqa.selenium.remote.ProtocolHandshake createSession

INFO: Detected dialect: OSS
[MASTER] 14:03:35.331 [Thread-3] ERROR ExternalProcessHandler - INFO: Detected dialect: OSS

Aug 20, 2020 6:03:36 AM org.openqa.selenium.remote.ProtocolHandshake createSession
[MASTER] 14:03:36.158 [Thread-3] ERROR ExternalProcessHandler - Aug 20, 2020 6:03:36 AM org.openqa.selenium.remote.ProtocolHandshake createSession

INFO: Detected dialect: OSS
[MASTER] 14:03:36.159 [Thread-3] ERROR ExternalProcessHandler - INFO: Detected dialect: OSS

Aug 20, 2020 6:03:38 AM org.openqa.selenium.remote.ProtocolHandshake createSession
[MASTER] 14:03:38.172 [Thread-3] ERROR ExternalProcessHandler - Aug 20, 2020 6:03:38 AM org.openqa.selenium.remote.ProtocolHandshake createSession

INFO: Detected dialect: OSS
[MASTER] 14:03:38.172 [Thread-3] ERROR ExternalProcessHandler - INFO: Detected dialect: OSS

Aug 20, 2020 6:03:39 AM org.openqa.selenium.remote.ProtocolHandshake createSession
[MASTER] 14:03:39.353 [Thread-3] ERROR ExternalProcessHandler - Aug 20, 2020 6:03:39 AM org.openqa.selenium.remote.ProtocolHandshake createSession

INFO: Detected dialect: OSS
[MASTER] 14:03:39.353 [Thread-3] ERROR ExternalProcessHandler - INFO: Detected dialect: OSS

Aug 20, 2020 6:03:40 AM org.openqa.selenium.remote.ProtocolHandshake createSession
[MASTER] 14:03:40.234 [Thread-3] ERROR ExternalProcessHandler - Aug 20, 2020 6:03:40 AM org.openqa.selenium.remote.ProtocolHandshake createSession

INFO: Detected dialect: OSS
[MASTER] 14:03:40.234 [Thread-3] ERROR ExternalProcessHandler - INFO: Detected dialect: OSS

Aug 20, 2020 6:03:41 AM org.openqa.selenium.remote.ProtocolHandshake createSession
[MASTER] 14:03:41.148 [Thread-3] ERROR ExternalProcessHandler - Aug 20, 2020 6:03:41 AM org.openqa.selenium.remote.ProtocolHandshake createSession

INFO: Detected dialect: OSS
[MASTER] 14:03:41.148 [Thread-3] ERROR ExternalProcessHandler - INFO: Detected dialect: OSS

Aug 20, 2020 6:03:42 AM org.openqa.selenium.remote.ProtocolHandshake createSession
[MASTER] 14:03:42.012 [Thread-3] ERROR ExternalProcessHandler - Aug 20, 2020 6:03:42 AM org.openqa.selenium.remote.ProtocolHandshake createSession

INFO: Detected dialect: OSS
[MASTER] 14:03:42.012 [Thread-3] ERROR ExternalProcessHandler - INFO: Detected dialect: OSS

Aug 20, 2020 6:03:42 AM org.openqa.selenium.remote.ProtocolHandshake createSession
[MASTER] 14:03:42.961 [Thread-3] ERROR ExternalProcessHandler - Aug 20, 2020 6:03:42 AM org.openqa.selenium.remote.ProtocolHandshake createSession

INFO: Detected dialect: OSS
[MASTER] 14:03:42.961 [Thread-3] ERROR ExternalProcessHandler - INFO: Detected dialect: OSS

Aug 20, 2020 6:03:44 AM org.openqa.selenium.remote.ProtocolHandshake createSession
[MASTER] 14:03:44.495 [Thread-3] ERROR ExternalProcessHandler - Aug 20, 2020 6:03:44 AM org.openqa.selenium.remote.ProtocolHandshake createSession

INFO: Detected dialect: OSS
[MASTER] 14:03:44.495 [Thread-3] ERROR ExternalProcessHandler - INFO: Detected dialect: OSS

Aug 20, 2020 6:03:48 AM org.openqa.selenium.remote.ProtocolHandshake createSession
[MASTER] 14:03:48.940 [Thread-3] ERROR ExternalProcessHandler - Aug 20, 2020 6:03:48 AM org.openqa.selenium.remote.ProtocolHandshake createSession

INFO: Detected dialect: OSS
[MASTER] 14:03:48.941 [Thread-3] ERROR ExternalProcessHandler - INFO: Detected dialect: OSS

Aug 20, 2020 6:03:58 AM org.openqa.selenium.remote.ProtocolHandshake createSession
[MASTER] 14:03:58.142 [Thread-3] ERROR ExternalProcessHandler - Aug 20, 2020 6:03:58 AM org.openqa.selenium.remote.ProtocolHandshake createSession

INFO: Detected dialect: OSS
[MASTER] 14:03:58.142 [Thread-3] ERROR ExternalProcessHandler - INFO: Detected dialect: OSS

Aug 20, 2020 6:04:12 AM org.openqa.selenium.remote.ProtocolHandshake createSession
[MASTER] 14:04:12.131 [Thread-3] ERROR ExternalProcessHandler - Aug 20, 2020 6:04:12 AM org.openqa.selenium.remote.ProtocolHandshake createSession

INFO: Detected dialect: OSS
[MASTER] 14:04:12.131 [Thread-3] ERROR ExternalProcessHandler - INFO: Detected dialect: OSS

[MASTER] 14:04:30.741 [logback-2] ERROR TestCaseExecutor - TG: Exception caught: 
java.lang.IllegalStateException: Test generation failed: page object bug.
	at org.evosuite.testcase.execution.TestCaseExecutor.runTest(TestCaseExecutor.java:322) ~[evosuite-client-1.0.4-SNAPSHOT.jar:na]
	at org.evosuite.testcase.TestFitnessFunction.runTest(TestFitnessFunction.java:91) [evosuite-client-1.0.4-SNAPSHOT.jar:na]
	at org.evosuite.testcase.TestFitnessFunction.getFitness(TestFitnessFunction.java:60) [evosuite-client-1.0.4-SNAPSHOT.jar:na]
	at org.evosuite.testcase.TestFitnessFunction.getFitness(TestFitnessFunction.java:34) [evosuite-client-1.0.4-SNAPSHOT.jar:na]
	at org.evosuite.ga.metaheuristics.mosa.MOSA.calculateFitness(MOSA.java:155) [evosuite-client-1.0.4-SNAPSHOT.jar:na]
	at org.evosuite.ga.metaheuristics.mosa.AbstractMOSA.breedNextGeneration(AbstractMOSA.java:153) [evosuite-client-1.0.4-SNAPSHOT.jar:na]
	at org.evosuite.ga.metaheuristics.mosa.MOSA.evolve(MOSA.java:89) [evosuite-client-1.0.4-SNAPSHOT.jar:na]
	at org.evosuite.ga.metaheuristics.mosa.MOSA.generateSolution(MOSA.java:205) [evosuite-client-1.0.4-SNAPSHOT.jar:na]
	at org.evosuite.strategy.MOSuiteStrategy.generateTests(MOSuiteStrategy.java:127) [evosuite-client-1.0.4-SNAPSHOT.jar:na]
	at org.evosuite.TestSuiteGenerator.generateTests(TestSuiteGenerator.java:654) [evosuite-client-1.0.4-SNAPSHOT.jar:na]
	at org.evosuite.TestSuiteGenerator.generateTestSuite(TestSuiteGenerator.java:213) [evosuite-client-1.0.4-SNAPSHOT.jar:na]
	at org.evosuite.rmi.service.ClientNodeImpl$1.run(ClientNodeImpl.java:145) [evosuite-client-1.0.4-SNAPSHOT.jar:na]
	at java.util.concurrent.Executors$RunnableAdapter.call(Executors.java:511) [na:1.8.0_265]
	at java.util.concurrent.FutureTask.run(FutureTask.java:266) [na:1.8.0_265]
	at java.util.concurrent.ThreadPoolExecutor.runWorker(ThreadPoolExecutor.java:1149) [na:1.8.0_265]
	at java.util.concurrent.ThreadPoolExecutor$Worker.run(ThreadPoolExecutor.java:624) [na:1.8.0_265]
	at java.lang.Thread.run(Thread.java:748) [na:1.8.0_265]
Aug 20, 2020 6:04:30 AM org.openqa.selenium.remote.ProtocolHandshake createSession
[MASTER] 14:04:30.943 [Thread-3] ERROR ExternalProcessHandler - Aug 20, 2020 6:04:30 AM org.openqa.selenium.remote.ProtocolHandshake createSession

INFO: Detected dialect: OSS
[MASTER] 14:04:30.943 [Thread-3] ERROR ExternalProcessHandler - INFO: Detected dialect: OSS

Aug 20, 2020 6:04:31 AM org.openqa.selenium.remote.ProtocolHandshake createSession
[MASTER] 14:04:31.877 [Thread-3] ERROR ExternalProcessHandler - Aug 20, 2020 6:04:31 AM org.openqa.selenium.remote.ProtocolHandshake createSession

INFO: Detected dialect: OSS
[MASTER] 14:04:31.877 [Thread-3] ERROR ExternalProcessHandler - INFO: Detected dialect: OSS

Aug 20, 2020 6:04:32 AM org.openqa.selenium.remote.ProtocolHandshake createSession
[MASTER] 14:04:32.740 [Thread-3] ERROR ExternalProcessHandler - Aug 20, 2020 6:04:32 AM org.openqa.selenium.remote.ProtocolHandshake createSession

INFO: Detected dialect: OSS
[MASTER] 14:04:32.740 [Thread-3] ERROR ExternalProcessHandler - INFO: Detected dialect: OSS

Aug 20, 2020 6:04:33 AM org.openqa.selenium.remote.ProtocolHandshake createSession
[MASTER] 14:04:33.607 [Thread-3] ERROR ExternalProcessHandler - Aug 20, 2020 6:04:33 AM org.openqa.selenium.remote.ProtocolHandshake createSession

INFO: Detected dialect: OSS
[MASTER] 14:04:33.607 [Thread-3] ERROR ExternalProcessHandler - INFO: Detected dialect: OSS

Aug 20, 2020 6:04:34 AM org.openqa.selenium.remote.ProtocolHandshake createSession
[MASTER] 14:04:34.483 [Thread-3] ERROR ExternalProcessHandler - Aug 20, 2020 6:04:34 AM org.openqa.selenium.remote.ProtocolHandshake createSession

INFO: Detected dialect: OSS
[MASTER] 14:04:34.483 [Thread-3] ERROR ExternalProcessHandler - INFO: Detected dialect: OSS

Aug 20, 2020 6:04:36 AM org.openqa.selenium.remote.ProtocolHandshake createSession
[MASTER] 14:04:36.898 [Thread-3] ERROR ExternalProcessHandler - Aug 20, 2020 6:04:36 AM org.openqa.selenium.remote.ProtocolHandshake createSession

INFO: Detected dialect: OSS
[MASTER] 14:04:36.898 [Thread-3] ERROR ExternalProcessHandler - INFO: Detected dialect: OSS

Aug 20, 2020 6:04:42 AM org.openqa.selenium.remote.ProtocolHandshake createSession
[MASTER] 14:04:42.057 [Thread-3] ERROR ExternalProcessHandler - Aug 20, 2020 6:04:42 AM org.openqa.selenium.remote.ProtocolHandshake createSession

INFO: Detected dialect: OSS
[MASTER] 14:04:42.057 [Thread-3] ERROR ExternalProcessHandler - INFO: Detected dialect: OSS

Aug 20, 2020 6:04:49 AM org.openqa.selenium.remote.ProtocolHandshake createSession
[MASTER] 14:04:49.671 [Thread-3] ERROR ExternalProcessHandler - Aug 20, 2020 6:04:49 AM org.openqa.selenium.remote.ProtocolHandshake createSession

INFO: Detected dialect: OSS
[MASTER] 14:04:49.672 [Thread-3] ERROR ExternalProcessHandler - INFO: Detected dialect: OSS

[MASTER] 14:04:59.637 [logback-2] ERROR TestCaseExecutor - TG: Exception caught: 
java.lang.IllegalStateException: Test generation failed: page object bug.
	at org.evosuite.testcase.execution.TestCaseExecutor.runTest(TestCaseExecutor.java:322) ~[evosuite-client-1.0.4-SNAPSHOT.jar:na]
	at org.evosuite.testcase.TestFitnessFunction.runTest(TestFitnessFunction.java:91) [evosuite-client-1.0.4-SNAPSHOT.jar:na]
	at org.evosuite.testcase.TestFitnessFunction.getFitness(TestFitnessFunction.java:60) [evosuite-client-1.0.4-SNAPSHOT.jar:na]
	at org.evosuite.testcase.TestFitnessFunction.getFitness(TestFitnessFunction.java:34) [evosuite-client-1.0.4-SNAPSHOT.jar:na]
	at org.evosuite.ga.metaheuristics.mosa.MOSA.calculateFitness(MOSA.java:155) [evosuite-client-1.0.4-SNAPSHOT.jar:na]
	at org.evosuite.ga.metaheuristics.mosa.AbstractMOSA.breedNextGeneration(AbstractMOSA.java:153) [evosuite-client-1.0.4-SNAPSHOT.jar:na]
	at org.evosuite.ga.metaheuristics.mosa.MOSA.evolve(MOSA.java:89) [evosuite-client-1.0.4-SNAPSHOT.jar:na]
	at org.evosuite.ga.metaheuristics.mosa.MOSA.generateSolution(MOSA.java:205) [evosuite-client-1.0.4-SNAPSHOT.jar:na]
	at org.evosuite.strategy.MOSuiteStrategy.generateTests(MOSuiteStrategy.java:127) [evosuite-client-1.0.4-SNAPSHOT.jar:na]
	at org.evosuite.TestSuiteGenerator.generateTests(TestSuiteGenerator.java:654) [evosuite-client-1.0.4-SNAPSHOT.jar:na]
	at org.evosuite.TestSuiteGenerator.generateTestSuite(TestSuiteGenerator.java:213) [evosuite-client-1.0.4-SNAPSHOT.jar:na]
	at org.evosuite.rmi.service.ClientNodeImpl$1.run(ClientNodeImpl.java:145) [evosuite-client-1.0.4-SNAPSHOT.jar:na]
	at java.util.concurrent.Executors$RunnableAdapter.call(Executors.java:511) [na:1.8.0_265]
	at java.util.concurrent.FutureTask.run(FutureTask.java:266) [na:1.8.0_265]
	at java.util.concurrent.ThreadPoolExecutor.runWorker(ThreadPoolExecutor.java:1149) [na:1.8.0_265]
	at java.util.concurrent.ThreadPoolExecutor$Worker.run(ThreadPoolExecutor.java:624) [na:1.8.0_265]
	at java.lang.Thread.run(Thread.java:748) [na:1.8.0_265]
Aug 20, 2020 6:04:59 AM org.openqa.selenium.remote.ProtocolHandshake createSession
[MASTER] 14:04:59.796 [Thread-3] ERROR ExternalProcessHandler - Aug 20, 2020 6:04:59 AM org.openqa.selenium.remote.ProtocolHandshake createSession

INFO: Detected dialect: OSS
[MASTER] 14:04:59.796 [Thread-3] ERROR ExternalProcessHandler - INFO: Detected dialect: OSS

Aug 20, 2020 6:05:02 AM org.openqa.selenium.remote.ProtocolHandshake createSession
[MASTER] 14:05:02.989 [Thread-3] ERROR ExternalProcessHandler - Aug 20, 2020 6:05:02 AM org.openqa.selenium.remote.ProtocolHandshake createSession

INFO: Detected dialect: OSS
[MASTER] 14:05:02.990 [Thread-3] ERROR ExternalProcessHandler - INFO: Detected dialect: OSS

Aug 20, 2020 6:05:13 AM org.openqa.selenium.remote.ProtocolHandshake createSession
[MASTER] 14:05:13.497 [Thread-3] ERROR ExternalProcessHandler - Aug 20, 2020 6:05:13 AM org.openqa.selenium.remote.ProtocolHandshake createSession

INFO: Detected dialect: OSS
[MASTER] 14:05:13.497 [Thread-3] ERROR ExternalProcessHandler - INFO: Detected dialect: OSS

Aug 20, 2020 6:05:31 AM org.openqa.selenium.remote.ProtocolHandshake createSession
[MASTER] 14:05:31.146 [Thread-3] ERROR ExternalProcessHandler - Aug 20, 2020 6:05:31 AM org.openqa.selenium.remote.ProtocolHandshake createSession

INFO: Detected dialect: OSS
[MASTER] 14:05:31.146 [Thread-3] ERROR ExternalProcessHandler - INFO: Detected dialect: OSS

[MASTER] 14:05:55.996 [logback-2] ERROR TestCaseExecutor - TG: Exception caught: 
java.lang.IllegalStateException: Test generation failed: page object bug.
	at org.evosuite.testcase.execution.TestCaseExecutor.runTest(TestCaseExecutor.java:322) ~[evosuite-client-1.0.4-SNAPSHOT.jar:na]
	at org.evosuite.testcase.TestFitnessFunction.runTest(TestFitnessFunction.java:91) [evosuite-client-1.0.4-SNAPSHOT.jar:na]
	at org.evosuite.testcase.TestFitnessFunction.getFitness(TestFitnessFunction.java:60) [evosuite-client-1.0.4-SNAPSHOT.jar:na]
	at org.evosuite.testcase.TestFitnessFunction.getFitness(TestFitnessFunction.java:34) [evosuite-client-1.0.4-SNAPSHOT.jar:na]
	at org.evosuite.ga.metaheuristics.mosa.MOSA.calculateFitness(MOSA.java:155) [evosuite-client-1.0.4-SNAPSHOT.jar:na]
	at org.evosuite.ga.metaheuristics.mosa.AbstractMOSA.breedNextGeneration(AbstractMOSA.java:144) [evosuite-client-1.0.4-SNAPSHOT.jar:na]
	at org.evosuite.ga.metaheuristics.mosa.MOSA.evolve(MOSA.java:89) [evosuite-client-1.0.4-SNAPSHOT.jar:na]
	at org.evosuite.ga.metaheuristics.mosa.MOSA.generateSolution(MOSA.java:205) [evosuite-client-1.0.4-SNAPSHOT.jar:na]
	at org.evosuite.strategy.MOSuiteStrategy.generateTests(MOSuiteStrategy.java:127) [evosuite-client-1.0.4-SNAPSHOT.jar:na]
	at org.evosuite.TestSuiteGenerator.generateTests(TestSuiteGenerator.java:654) [evosuite-client-1.0.4-SNAPSHOT.jar:na]
	at org.evosuite.TestSuiteGenerator.generateTestSuite(TestSuiteGenerator.java:213) [evosuite-client-1.0.4-SNAPSHOT.jar:na]
	at org.evosuite.rmi.service.ClientNodeImpl$1.run(ClientNodeImpl.java:145) [evosuite-client-1.0.4-SNAPSHOT.jar:na]
	at java.util.concurrent.Executors$RunnableAdapter.call(Executors.java:511) [na:1.8.0_265]
	at java.util.concurrent.FutureTask.run(FutureTask.java:266) [na:1.8.0_265]
	at java.util.concurrent.ThreadPoolExecutor.runWorker(ThreadPoolExecutor.java:1149) [na:1.8.0_265]
	at java.util.concurrent.ThreadPoolExecutor$Worker.run(ThreadPoolExecutor.java:624) [na:1.8.0_265]
	at java.lang.Thread.run(Thread.java:748) [na:1.8.0_265]
Aug 20, 2020 6:05:56 AM org.openqa.selenium.remote.ProtocolHandshake createSession
[MASTER] 14:05:56.178 [Thread-3] ERROR ExternalProcessHandler - Aug 20, 2020 6:05:56 AM org.openqa.selenium.remote.ProtocolHandshake createSession

INFO: Detected dialect: OSS
[MASTER] 14:05:56.179 [Thread-3] ERROR ExternalProcessHandler - INFO: Detected dialect: OSS

Aug 20, 2020 6:05:57 AM org.openqa.selenium.remote.ProtocolHandshake createSession
[MASTER] 14:05:57.071 [Thread-3] ERROR ExternalProcessHandler - Aug 20, 2020 6:05:57 AM org.openqa.selenium.remote.ProtocolHandshake createSession

INFO: Detected dialect: OSS
[MASTER] 14:05:57.071 [Thread-3] ERROR ExternalProcessHandler - INFO: Detected dialect: OSS

Aug 20, 2020 6:05:57 AM org.openqa.selenium.remote.ProtocolHandshake createSession
[MASTER] 14:05:57.980 [Thread-3] ERROR ExternalProcessHandler - Aug 20, 2020 6:05:57 AM org.openqa.selenium.remote.ProtocolHandshake createSession

INFO: Detected dialect: OSS
[MASTER] 14:05:57.980 [Thread-3] ERROR ExternalProcessHandler - INFO: Detected dialect: OSS

Aug 20, 2020 6:06:03 AM org.openqa.selenium.remote.ProtocolHandshake createSession
[MASTER] 14:06:03.241 [Thread-3] ERROR ExternalProcessHandler - Aug 20, 2020 6:06:03 AM org.openqa.selenium.remote.ProtocolHandshake createSession

INFO: Detected dialect: OSS
[MASTER] 14:06:03.242 [Thread-3] ERROR ExternalProcessHandler - INFO: Detected dialect: OSS

Aug 20, 2020 6:06:15 AM org.openqa.selenium.remote.ProtocolHandshake createSession
[MASTER] 14:06:15.012 [Thread-3] ERROR ExternalProcessHandler - Aug 20, 2020 6:06:15 AM org.openqa.selenium.remote.ProtocolHandshake createSession

INFO: Detected dialect: OSS
[MASTER] 14:06:15.012 [Thread-3] ERROR ExternalProcessHandler - INFO: Detected dialect: OSS

Aug 20, 2020 6:06:33 AM org.openqa.selenium.remote.ProtocolHandshake createSession
[MASTER] 14:06:33.221 [Thread-3] ERROR ExternalProcessHandler - Aug 20, 2020 6:06:33 AM org.openqa.selenium.remote.ProtocolHandshake createSession

INFO: Detected dialect: OSS
[MASTER] 14:06:33.221 [Thread-3] ERROR ExternalProcessHandler - INFO: Detected dialect: OSS

[MASTER] 14:06:57.815 [logback-2] ERROR TestCaseExecutor - TG: Exception caught: 
java.lang.IllegalStateException: Test generation failed: page object bug.
	at org.evosuite.testcase.execution.TestCaseExecutor.runTest(TestCaseExecutor.java:322) ~[evosuite-client-1.0.4-SNAPSHOT.jar:na]
	at org.evosuite.testcase.TestFitnessFunction.runTest(TestFitnessFunction.java:91) [evosuite-client-1.0.4-SNAPSHOT.jar:na]
	at org.evosuite.testcase.TestFitnessFunction.getFitness(TestFitnessFunction.java:60) [evosuite-client-1.0.4-SNAPSHOT.jar:na]
	at org.evosuite.testcase.TestFitnessFunction.getFitness(TestFitnessFunction.java:34) [evosuite-client-1.0.4-SNAPSHOT.jar:na]
	at org.evosuite.ga.metaheuristics.mosa.MOSA.calculateFitness(MOSA.java:155) [evosuite-client-1.0.4-SNAPSHOT.jar:na]
	at org.evosuite.ga.metaheuristics.mosa.AbstractMOSA.breedNextGeneration(AbstractMOSA.java:153) [evosuite-client-1.0.4-SNAPSHOT.jar:na]
	at org.evosuite.ga.metaheuristics.mosa.MOSA.evolve(MOSA.java:89) [evosuite-client-1.0.4-SNAPSHOT.jar:na]
	at org.evosuite.ga.metaheuristics.mosa.MOSA.generateSolution(MOSA.java:205) [evosuite-client-1.0.4-SNAPSHOT.jar:na]
	at org.evosuite.strategy.MOSuiteStrategy.generateTests(MOSuiteStrategy.java:127) [evosuite-client-1.0.4-SNAPSHOT.jar:na]
	at org.evosuite.TestSuiteGenerator.generateTests(TestSuiteGenerator.java:654) [evosuite-client-1.0.4-SNAPSHOT.jar:na]
	at org.evosuite.TestSuiteGenerator.generateTestSuite(TestSuiteGenerator.java:213) [evosuite-client-1.0.4-SNAPSHOT.jar:na]
	at org.evosuite.rmi.service.ClientNodeImpl$1.run(ClientNodeImpl.java:145) [evosuite-client-1.0.4-SNAPSHOT.jar:na]
	at java.util.concurrent.Executors$RunnableAdapter.call(Executors.java:511) [na:1.8.0_265]
	at java.util.concurrent.FutureTask.run(FutureTask.java:266) [na:1.8.0_265]
	at java.util.concurrent.ThreadPoolExecutor.runWorker(ThreadPoolExecutor.java:1149) [na:1.8.0_265]
	at java.util.concurrent.ThreadPoolExecutor$Worker.run(ThreadPoolExecutor.java:624) [na:1.8.0_265]
	at java.lang.Thread.run(Thread.java:748) [na:1.8.0_265]
Aug 20, 2020 6:06:58 AM org.openqa.selenium.remote.ProtocolHandshake createSession
[MASTER] 14:06:58.006 [Thread-3] ERROR ExternalProcessHandler - Aug 20, 2020 6:06:58 AM org.openqa.selenium.remote.ProtocolHandshake createSession

INFO: Detected dialect: OSS
[MASTER] 14:06:58.006 [Thread-3] ERROR ExternalProcessHandler - INFO: Detected dialect: OSS

Aug 20, 2020 6:07:01 AM org.openqa.selenium.remote.ProtocolHandshake createSession
[MASTER] 14:07:01.576 [Thread-3] ERROR ExternalProcessHandler - Aug 20, 2020 6:07:01 AM org.openqa.selenium.remote.ProtocolHandshake createSession

INFO: Detected dialect: OSS
[MASTER] 14:07:01.576 [Thread-3] ERROR ExternalProcessHandler - INFO: Detected dialect: OSS

Aug 20, 2020 6:07:10 AM org.openqa.selenium.remote.ProtocolHandshake createSession
[MASTER] 14:07:10.089 [Thread-3] ERROR ExternalProcessHandler - Aug 20, 2020 6:07:10 AM org.openqa.selenium.remote.ProtocolHandshake createSession

INFO: Detected dialect: OSS
[MASTER] 14:07:10.089 [Thread-3] ERROR ExternalProcessHandler - INFO: Detected dialect: OSS

Aug 20, 2020 6:07:23 AM org.openqa.selenium.remote.ProtocolHandshake createSession
[MASTER] 14:07:23.191 [Thread-3] ERROR ExternalProcessHandler - Aug 20, 2020 6:07:23 AM org.openqa.selenium.remote.ProtocolHandshake createSession

INFO: Detected dialect: OSS
[MASTER] 14:07:23.191 [Thread-3] ERROR ExternalProcessHandler - INFO: Detected dialect: OSS

[MASTER] 14:07:40.907 [logback-2] ERROR TestCaseExecutor - TG: Exception caught: 
java.lang.IllegalStateException: Test generation failed: page object bug.
	at org.evosuite.testcase.execution.TestCaseExecutor.runTest(TestCaseExecutor.java:322) ~[evosuite-client-1.0.4-SNAPSHOT.jar:na]
	at org.evosuite.testcase.TestFitnessFunction.runTest(TestFitnessFunction.java:91) [evosuite-client-1.0.4-SNAPSHOT.jar:na]
	at org.evosuite.testcase.TestFitnessFunction.getFitness(TestFitnessFunction.java:60) [evosuite-client-1.0.4-SNAPSHOT.jar:na]
	at org.evosuite.testcase.TestFitnessFunction.getFitness(TestFitnessFunction.java:34) [evosuite-client-1.0.4-SNAPSHOT.jar:na]
	at org.evosuite.ga.metaheuristics.mosa.MOSA.calculateFitness(MOSA.java:155) [evosuite-client-1.0.4-SNAPSHOT.jar:na]
	at org.evosuite.ga.metaheuristics.mosa.AbstractMOSA.breedNextGeneration(AbstractMOSA.java:144) [evosuite-client-1.0.4-SNAPSHOT.jar:na]
	at org.evosuite.ga.metaheuristics.mosa.MOSA.evolve(MOSA.java:89) [evosuite-client-1.0.4-SNAPSHOT.jar:na]
	at org.evosuite.ga.metaheuristics.mosa.MOSA.generateSolution(MOSA.java:205) [evosuite-client-1.0.4-SNAPSHOT.jar:na]
	at org.evosuite.strategy.MOSuiteStrategy.generateTests(MOSuiteStrategy.java:127) [evosuite-client-1.0.4-SNAPSHOT.jar:na]
	at org.evosuite.TestSuiteGenerator.generateTests(TestSuiteGenerator.java:654) [evosuite-client-1.0.4-SNAPSHOT.jar:na]
	at org.evosuite.TestSuiteGenerator.generateTestSuite(TestSuiteGenerator.java:213) [evosuite-client-1.0.4-SNAPSHOT.jar:na]
	at org.evosuite.rmi.service.ClientNodeImpl$1.run(ClientNodeImpl.java:145) [evosuite-client-1.0.4-SNAPSHOT.jar:na]
	at java.util.concurrent.Executors$RunnableAdapter.call(Executors.java:511) [na:1.8.0_265]
	at java.util.concurrent.FutureTask.run(FutureTask.java:266) [na:1.8.0_265]
	at java.util.concurrent.ThreadPoolExecutor.runWorker(ThreadPoolExecutor.java:1149) [na:1.8.0_265]
	at java.util.concurrent.ThreadPoolExecutor$Worker.run(ThreadPoolExecutor.java:624) [na:1.8.0_265]
	at java.lang.Thread.run(Thread.java:748) [na:1.8.0_265]
Aug 20, 2020 6:07:41 AM org.openqa.selenium.remote.ProtocolHandshake createSession
[MASTER] 14:07:41.099 [Thread-3] ERROR ExternalProcessHandler - Aug 20, 2020 6:07:41 AM org.openqa.selenium.remote.ProtocolHandshake createSession

INFO: Detected dialect: OSS
[MASTER] 14:07:41.099 [Thread-3] ERROR ExternalProcessHandler - INFO: Detected dialect: OSS

Aug 20, 2020 6:07:42 AM org.openqa.selenium.remote.ProtocolHandshake createSession
[MASTER] 14:07:42.812 [Thread-3] ERROR ExternalProcessHandler - Aug 20, 2020 6:07:42 AM org.openqa.selenium.remote.ProtocolHandshake createSession

INFO: Detected dialect: OSS
[MASTER] 14:07:42.812 [Thread-3] ERROR ExternalProcessHandler - INFO: Detected dialect: OSS

Aug 20, 2020 6:07:46 AM po_utils.PageObjectLogging logInfo
[MASTER] 14:07:46.170 [Thread-3] ERROR ExternalProcessHandler - Aug 20, 2020 6:07:46 AM po_utils.PageObjectLogging logInfo

INFO: waitForElementBeingPresentOnPage timeout exception: unable to locate the element By.xpath: //button[text()="Create a new session"]
[MASTER] 14:07:46.171 [Thread-3] ERROR ExternalProcessHandler - INFO: waitForElementBeingPresentOnPage timeout exception: unable to locate the element By.xpath: //button[text()="Create a new session"]


[MASTER] 14:07:46.171 [Thread-3] ERROR ExternalProcessHandler - 


[MASTER] 14:07:46.171 [Thread-3] ERROR ExternalProcessHandler - 

Aug 20, 2020 6:07:46 AM org.openqa.selenium.remote.ProtocolHandshake createSession
[MASTER] 14:07:46.622 [Thread-3] ERROR ExternalProcessHandler - Aug 20, 2020 6:07:46 AM org.openqa.selenium.remote.ProtocolHandshake createSession

INFO: Detected dialect: OSS
[MASTER] 14:07:46.622 [Thread-3] ERROR ExternalProcessHandler - INFO: Detected dialect: OSS

Aug 20, 2020 6:07:54 AM po_utils.PageObjectLogging logInfo
[MASTER] 14:07:54.115 [Thread-3] ERROR ExternalProcessHandler - Aug 20, 2020 6:07:54 AM po_utils.PageObjectLogging logInfo

INFO: waitForElementBeingPresentOnPage timeout exception: unable to locate the element By.xpath: //button[text()="Create a new session"]
[MASTER] 14:07:54.116 [Thread-3] ERROR ExternalProcessHandler - INFO: waitForElementBeingPresentOnPage timeout exception: unable to locate the element By.xpath: //button[text()="Create a new session"]


[MASTER] 14:07:54.116 [Thread-3] ERROR ExternalProcessHandler - 


[MASTER] 14:07:54.116 [Thread-3] ERROR ExternalProcessHandler - 

Aug 20, 2020 6:07:55 AM org.openqa.selenium.remote.ProtocolHandshake createSession
[MASTER] 14:07:55.176 [Thread-3] ERROR ExternalProcessHandler - Aug 20, 2020 6:07:55 AM org.openqa.selenium.remote.ProtocolHandshake createSession

INFO: Detected dialect: OSS
[MASTER] 14:07:55.176 [Thread-3] ERROR ExternalProcessHandler - INFO: Detected dialect: OSS

Aug 20, 2020 6:08:06 AM po_utils.PageObjectLogging logInfo
[MASTER] 14:08:06.566 [Thread-3] ERROR ExternalProcessHandler - Aug 20, 2020 6:08:06 AM po_utils.PageObjectLogging logInfo

INFO: waitForElementBeingPresentOnPage timeout exception: unable to locate the element By.xpath: //button[text()="Create a new session"]
[MASTER] 14:08:06.566 [Thread-3] ERROR ExternalProcessHandler - INFO: waitForElementBeingPresentOnPage timeout exception: unable to locate the element By.xpath: //button[text()="Create a new session"]


[MASTER] 14:08:06.566 [Thread-3] ERROR ExternalProcessHandler - 


[MASTER] 14:08:06.566 [Thread-3] ERROR ExternalProcessHandler - 

Aug 20, 2020 6:08:08 AM org.openqa.selenium.remote.ProtocolHandshake createSession
[MASTER] 14:08:08.233 [Thread-3] ERROR ExternalProcessHandler - Aug 20, 2020 6:08:08 AM org.openqa.selenium.remote.ProtocolHandshake createSession

INFO: Detected dialect: OSS
[MASTER] 14:08:08.233 [Thread-3] ERROR ExternalProcessHandler - INFO: Detected dialect: OSS

Aug 20, 2020 6:08:23 AM po_utils.PageObjectLogging logInfo
[MASTER] 14:08:23.557 [Thread-3] ERROR ExternalProcessHandler - Aug 20, 2020 6:08:23 AM po_utils.PageObjectLogging logInfo

INFO: waitForElementBeingPresentOnPage timeout exception: unable to locate the element By.xpath: //button[text()="Create a new session"]
[MASTER] 14:08:23.558 [Thread-3] ERROR ExternalProcessHandler - INFO: waitForElementBeingPresentOnPage timeout exception: unable to locate the element By.xpath: //button[text()="Create a new session"]


[MASTER] 14:08:23.558 [Thread-3] ERROR ExternalProcessHandler - 


[MASTER] 14:08:23.558 [Thread-3] ERROR ExternalProcessHandler - 

[MASTER] 14:08:25.677 [logback-2] ERROR TestCaseExecutor - TG: Exception caught: 
java.lang.IllegalStateException: Test generation failed: page object bug.
	at org.evosuite.testcase.execution.TestCaseExecutor.runTest(TestCaseExecutor.java:322) ~[evosuite-client-1.0.4-SNAPSHOT.jar:na]
	at org.evosuite.testcase.TestFitnessFunction.runTest(TestFitnessFunction.java:91) [evosuite-client-1.0.4-SNAPSHOT.jar:na]
	at org.evosuite.testcase.TestFitnessFunction.getFitness(TestFitnessFunction.java:60) [evosuite-client-1.0.4-SNAPSHOT.jar:na]
	at org.evosuite.testcase.TestFitnessFunction.getFitness(TestFitnessFunction.java:34) [evosuite-client-1.0.4-SNAPSHOT.jar:na]
	at org.evosuite.ga.metaheuristics.mosa.MOSA.calculateFitness(MOSA.java:155) [evosuite-client-1.0.4-SNAPSHOT.jar:na]
	at org.evosuite.ga.metaheuristics.mosa.AbstractMOSA.breedNextGeneration(AbstractMOSA.java:144) [evosuite-client-1.0.4-SNAPSHOT.jar:na]
	at org.evosuite.ga.metaheuristics.mosa.MOSA.evolve(MOSA.java:89) [evosuite-client-1.0.4-SNAPSHOT.jar:na]
	at org.evosuite.ga.metaheuristics.mosa.MOSA.generateSolution(MOSA.java:205) [evosuite-client-1.0.4-SNAPSHOT.jar:na]
	at org.evosuite.strategy.MOSuiteStrategy.generateTests(MOSuiteStrategy.java:127) [evosuite-client-1.0.4-SNAPSHOT.jar:na]
	at org.evosuite.TestSuiteGenerator.generateTests(TestSuiteGenerator.java:654) [evosuite-client-1.0.4-SNAPSHOT.jar:na]
	at org.evosuite.TestSuiteGenerator.generateTestSuite(TestSuiteGenerator.java:213) [evosuite-client-1.0.4-SNAPSHOT.jar:na]
	at org.evosuite.rmi.service.ClientNodeImpl$1.run(ClientNodeImpl.java:145) [evosuite-client-1.0.4-SNAPSHOT.jar:na]
	at java.util.concurrent.Executors$RunnableAdapter.call(Executors.java:511) [na:1.8.0_265]
	at java.util.concurrent.FutureTask.run(FutureTask.java:266) [na:1.8.0_265]
	at java.util.concurrent.ThreadPoolExecutor.runWorker(ThreadPoolExecutor.java:1149) [na:1.8.0_265]
	at java.util.concurrent.ThreadPoolExecutor$Worker.run(ThreadPoolExecutor.java:624) [na:1.8.0_265]
	at java.lang.Thread.run(Thread.java:748) [na:1.8.0_265]
Aug 20, 2020 6:08:25 AM org.openqa.selenium.remote.ProtocolHandshake createSession
[MASTER] 14:08:25.863 [Thread-3] ERROR ExternalProcessHandler - Aug 20, 2020 6:08:25 AM org.openqa.selenium.remote.ProtocolHandshake createSession

INFO: Detected dialect: OSS
[MASTER] 14:08:25.863 [Thread-3] ERROR ExternalProcessHandler - INFO: Detected dialect: OSS

Aug 20, 2020 6:08:28 AM org.openqa.selenium.remote.ProtocolHandshake createSession
[MASTER] 14:08:28.365 [Thread-3] ERROR ExternalProcessHandler - Aug 20, 2020 6:08:28 AM org.openqa.selenium.remote.ProtocolHandshake createSession

INFO: Detected dialect: OSS
[MASTER] 14:08:28.365 [Thread-3] ERROR ExternalProcessHandler - INFO: Detected dialect: OSS

Aug 20, 2020 6:08:33 AM org.openqa.selenium.remote.ProtocolHandshake createSession
[MASTER] 14:08:33.255 [Thread-3] ERROR ExternalProcessHandler - Aug 20, 2020 6:08:33 AM org.openqa.selenium.remote.ProtocolHandshake createSession

INFO: Detected dialect: OSS
[MASTER] 14:08:33.255 [Thread-3] ERROR ExternalProcessHandler - INFO: Detected dialect: OSS

Aug 20, 2020 6:08:40 AM org.openqa.selenium.remote.ProtocolHandshake createSession
[MASTER] 14:08:40.509 [Thread-3] ERROR ExternalProcessHandler - Aug 20, 2020 6:08:40 AM org.openqa.selenium.remote.ProtocolHandshake createSession

INFO: Detected dialect: OSS
[MASTER] 14:08:40.509 [Thread-3] ERROR ExternalProcessHandler - INFO: Detected dialect: OSS

[MASTER] 14:08:50.026 [logback-2] ERROR TestCaseExecutor - TG: Exception caught: 
java.lang.IllegalStateException: Test generation failed: page object bug.
	at org.evosuite.testcase.execution.TestCaseExecutor.runTest(TestCaseExecutor.java:322) ~[evosuite-client-1.0.4-SNAPSHOT.jar:na]
	at org.evosuite.testcase.TestFitnessFunction.runTest(TestFitnessFunction.java:91) [evosuite-client-1.0.4-SNAPSHOT.jar:na]
	at org.evosuite.testcase.TestFitnessFunction.getFitness(TestFitnessFunction.java:60) [evosuite-client-1.0.4-SNAPSHOT.jar:na]
	at org.evosuite.testcase.TestFitnessFunction.getFitness(TestFitnessFunction.java:34) [evosuite-client-1.0.4-SNAPSHOT.jar:na]
	at org.evosuite.ga.metaheuristics.mosa.MOSA.calculateFitness(MOSA.java:155) [evosuite-client-1.0.4-SNAPSHOT.jar:na]
	at org.evosuite.ga.metaheuristics.mosa.AbstractMOSA.breedNextGeneration(AbstractMOSA.java:153) [evosuite-client-1.0.4-SNAPSHOT.jar:na]
	at org.evosuite.ga.metaheuristics.mosa.MOSA.evolve(MOSA.java:89) [evosuite-client-1.0.4-SNAPSHOT.jar:na]
	at org.evosuite.ga.metaheuristics.mosa.MOSA.generateSolution(MOSA.java:205) [evosuite-client-1.0.4-SNAPSHOT.jar:na]
	at org.evosuite.strategy.MOSuiteStrategy.generateTests(MOSuiteStrategy.java:127) [evosuite-client-1.0.4-SNAPSHOT.jar:na]
	at org.evosuite.TestSuiteGenerator.generateTests(TestSuiteGenerator.java:654) [evosuite-client-1.0.4-SNAPSHOT.jar:na]
	at org.evosuite.TestSuiteGenerator.generateTestSuite(TestSuiteGenerator.java:213) [evosuite-client-1.0.4-SNAPSHOT.jar:na]
	at org.evosuite.rmi.service.ClientNodeImpl$1.run(ClientNodeImpl.java:145) [evosuite-client-1.0.4-SNAPSHOT.jar:na]
	at java.util.concurrent.Executors$RunnableAdapter.call(Executors.java:511) [na:1.8.0_265]
	at java.util.concurrent.FutureTask.run(FutureTask.java:266) [na:1.8.0_265]
	at java.util.concurrent.ThreadPoolExecutor.runWorker(ThreadPoolExecutor.java:1149) [na:1.8.0_265]
	at java.util.concurrent.ThreadPoolExecutor$Worker.run(ThreadPoolExecutor.java:624) [na:1.8.0_265]
	at java.lang.Thread.run(Thread.java:748) [na:1.8.0_265]
Aug 20, 2020 6:08:50 AM org.openqa.selenium.remote.ProtocolHandshake createSession
[MASTER] 14:08:50.226 [Thread-3] ERROR ExternalProcessHandler - Aug 20, 2020 6:08:50 AM org.openqa.selenium.remote.ProtocolHandshake createSession

INFO: Detected dialect: OSS
[MASTER] 14:08:50.226 [Thread-3] ERROR ExternalProcessHandler - INFO: Detected dialect: OSS

Aug 20, 2020 6:08:51 AM org.openqa.selenium.remote.ProtocolHandshake createSession
[MASTER] 14:08:51.862 [Thread-3] ERROR ExternalProcessHandler - Aug 20, 2020 6:08:51 AM org.openqa.selenium.remote.ProtocolHandshake createSession

INFO: Detected dialect: OSS
[MASTER] 14:08:51.862 [Thread-3] ERROR ExternalProcessHandler - INFO: Detected dialect: OSS

Aug 20, 2020 6:08:52 AM org.openqa.selenium.remote.ProtocolHandshake createSession
[MASTER] 14:08:52.680 [Thread-3] ERROR ExternalProcessHandler - Aug 20, 2020 6:08:52 AM org.openqa.selenium.remote.ProtocolHandshake createSession

INFO: Detected dialect: OSS
[MASTER] 14:08:52.680 [Thread-3] ERROR ExternalProcessHandler - INFO: Detected dialect: OSS

Aug 20, 2020 6:08:53 AM org.openqa.selenium.remote.ProtocolHandshake createSession
[MASTER] 14:08:53.586 [Thread-3] ERROR ExternalProcessHandler - Aug 20, 2020 6:08:53 AM org.openqa.selenium.remote.ProtocolHandshake createSession

INFO: Detected dialect: OSS
[MASTER] 14:08:53.586 [Thread-3] ERROR ExternalProcessHandler - INFO: Detected dialect: OSS

Aug 20, 2020 6:08:54 AM org.openqa.selenium.remote.ProtocolHandshake createSession
[MASTER] 14:08:54.851 [Thread-3] ERROR ExternalProcessHandler - Aug 20, 2020 6:08:54 AM org.openqa.selenium.remote.ProtocolHandshake createSession

INFO: Detected dialect: OSS
[MASTER] 14:08:54.852 [Thread-3] ERROR ExternalProcessHandler - INFO: Detected dialect: OSS

Aug 20, 2020 6:08:56 AM org.openqa.selenium.remote.ProtocolHandshake createSession
[MASTER] 14:08:56.424 [Thread-3] ERROR ExternalProcessHandler - Aug 20, 2020 6:08:56 AM org.openqa.selenium.remote.ProtocolHandshake createSession

INFO: Detected dialect: OSS
[MASTER] 14:08:56.424 [Thread-3] ERROR ExternalProcessHandler - INFO: Detected dialect: OSS

Aug 20, 2020 6:08:58 AM org.openqa.selenium.remote.ProtocolHandshake createSession
[MASTER] 14:08:58.659 [Thread-3] ERROR ExternalProcessHandler - Aug 20, 2020 6:08:58 AM org.openqa.selenium.remote.ProtocolHandshake createSession

INFO: Detected dialect: OSS
[MASTER] 14:08:58.660 [Thread-3] ERROR ExternalProcessHandler - INFO: Detected dialect: OSS

Aug 20, 2020 6:09:05 AM org.openqa.selenium.remote.ProtocolHandshake createSession
[MASTER] 14:09:05.059 [Thread-3] ERROR ExternalProcessHandler - Aug 20, 2020 6:09:05 AM org.openqa.selenium.remote.ProtocolHandshake createSession

INFO: Detected dialect: OSS
[MASTER] 14:09:05.059 [Thread-3] ERROR ExternalProcessHandler - INFO: Detected dialect: OSS

Aug 20, 2020 6:09:15 AM org.openqa.selenium.remote.ProtocolHandshake createSession
[MASTER] 14:09:15.471 [Thread-3] ERROR ExternalProcessHandler - Aug 20, 2020 6:09:15 AM org.openqa.selenium.remote.ProtocolHandshake createSession

INFO: Detected dialect: OSS
[MASTER] 14:09:15.471 [Thread-3] ERROR ExternalProcessHandler - INFO: Detected dialect: OSS

[MASTER] 14:09:29.780 [logback-2] ERROR TestCaseExecutor - TG: Exception caught: 
java.lang.IllegalStateException: Test generation failed: page object bug.
	at org.evosuite.testcase.execution.TestCaseExecutor.runTest(TestCaseExecutor.java:322) ~[evosuite-client-1.0.4-SNAPSHOT.jar:na]
	at org.evosuite.testcase.TestFitnessFunction.runTest(TestFitnessFunction.java:91) [evosuite-client-1.0.4-SNAPSHOT.jar:na]
	at org.evosuite.testcase.TestFitnessFunction.getFitness(TestFitnessFunction.java:60) [evosuite-client-1.0.4-SNAPSHOT.jar:na]
	at org.evosuite.testcase.TestFitnessFunction.getFitness(TestFitnessFunction.java:34) [evosuite-client-1.0.4-SNAPSHOT.jar:na]
	at org.evosuite.ga.metaheuristics.mosa.MOSA.calculateFitness(MOSA.java:155) [evosuite-client-1.0.4-SNAPSHOT.jar:na]
	at org.evosuite.ga.metaheuristics.mosa.AbstractMOSA.breedNextGeneration(AbstractMOSA.java:144) [evosuite-client-1.0.4-SNAPSHOT.jar:na]
	at org.evosuite.ga.metaheuristics.mosa.MOSA.evolve(MOSA.java:89) [evosuite-client-1.0.4-SNAPSHOT.jar:na]
	at org.evosuite.ga.metaheuristics.mosa.MOSA.generateSolution(MOSA.java:205) [evosuite-client-1.0.4-SNAPSHOT.jar:na]
	at org.evosuite.strategy.MOSuiteStrategy.generateTests(MOSuiteStrategy.java:127) [evosuite-client-1.0.4-SNAPSHOT.jar:na]
	at org.evosuite.TestSuiteGenerator.generateTests(TestSuiteGenerator.java:654) [evosuite-client-1.0.4-SNAPSHOT.jar:na]
	at org.evosuite.TestSuiteGenerator.generateTestSuite(TestSuiteGenerator.java:213) [evosuite-client-1.0.4-SNAPSHOT.jar:na]
	at org.evosuite.rmi.service.ClientNodeImpl$1.run(ClientNodeImpl.java:145) [evosuite-client-1.0.4-SNAPSHOT.jar:na]
	at java.util.concurrent.Executors$RunnableAdapter.call(Executors.java:511) [na:1.8.0_265]
	at java.util.concurrent.FutureTask.run(FutureTask.java:266) [na:1.8.0_265]
	at java.util.concurrent.ThreadPoolExecutor.runWorker(ThreadPoolExecutor.java:1149) [na:1.8.0_265]
	at java.util.concurrent.ThreadPoolExecutor$Worker.run(ThreadPoolExecutor.java:624) [na:1.8.0_265]
	at java.lang.Thread.run(Thread.java:748) [na:1.8.0_265]
Aug 20, 2020 6:09:29 AM org.openqa.selenium.remote.ProtocolHandshake createSession
[MASTER] 14:09:29.970 [Thread-3] ERROR ExternalProcessHandler - Aug 20, 2020 6:09:29 AM org.openqa.selenium.remote.ProtocolHandshake createSession

INFO: Detected dialect: OSS
[MASTER] 14:09:29.970 [Thread-3] ERROR ExternalProcessHandler - INFO: Detected dialect: OSS

Aug 20, 2020 6:09:35 AM org.openqa.selenium.remote.ProtocolHandshake createSession
[MASTER] 14:09:35.264 [Thread-3] ERROR ExternalProcessHandler - Aug 20, 2020 6:09:35 AM org.openqa.selenium.remote.ProtocolHandshake createSession

INFO: Detected dialect: OSS
[MASTER] 14:09:35.264 [Thread-3] ERROR ExternalProcessHandler - INFO: Detected dialect: OSS

Aug 20, 2020 6:09:49 AM org.openqa.selenium.remote.ProtocolHandshake createSession
[MASTER] 14:09:49.191 [Thread-3] ERROR ExternalProcessHandler - Aug 20, 2020 6:09:49 AM org.openqa.selenium.remote.ProtocolHandshake createSession

INFO: Detected dialect: OSS
[MASTER] 14:09:49.191 [Thread-3] ERROR ExternalProcessHandler - INFO: Detected dialect: OSS

Aug 20, 2020 6:10:11 AM org.openqa.selenium.remote.ProtocolHandshake createSession
[MASTER] 14:10:11.790 [Thread-3] ERROR ExternalProcessHandler - Aug 20, 2020 6:10:11 AM org.openqa.selenium.remote.ProtocolHandshake createSession

INFO: Detected dialect: OSS
[MASTER] 14:10:11.790 [Thread-3] ERROR ExternalProcessHandler - INFO: Detected dialect: OSS

[MASTER] 14:10:42.903 [logback-2] ERROR TestCaseExecutor - TG: Exception caught: 
java.lang.IllegalStateException: Test generation failed: page object bug.
	at org.evosuite.testcase.execution.TestCaseExecutor.runTest(TestCaseExecutor.java:322) ~[evosuite-client-1.0.4-SNAPSHOT.jar:na]
	at org.evosuite.testcase.TestFitnessFunction.runTest(TestFitnessFunction.java:91) [evosuite-client-1.0.4-SNAPSHOT.jar:na]
	at org.evosuite.testcase.TestFitnessFunction.getFitness(TestFitnessFunction.java:60) [evosuite-client-1.0.4-SNAPSHOT.jar:na]
	at org.evosuite.testcase.TestFitnessFunction.getFitness(TestFitnessFunction.java:34) [evosuite-client-1.0.4-SNAPSHOT.jar:na]
	at org.evosuite.ga.metaheuristics.mosa.MOSA.calculateFitness(MOSA.java:155) [evosuite-client-1.0.4-SNAPSHOT.jar:na]
	at org.evosuite.ga.metaheuristics.mosa.AbstractMOSA.breedNextGeneration(AbstractMOSA.java:153) [evosuite-client-1.0.4-SNAPSHOT.jar:na]
	at org.evosuite.ga.metaheuristics.mosa.MOSA.evolve(MOSA.java:89) [evosuite-client-1.0.4-SNAPSHOT.jar:na]
	at org.evosuite.ga.metaheuristics.mosa.MOSA.generateSolution(MOSA.java:205) [evosuite-client-1.0.4-SNAPSHOT.jar:na]
	at org.evosuite.strategy.MOSuiteStrategy.generateTests(MOSuiteStrategy.java:127) [evosuite-client-1.0.4-SNAPSHOT.jar:na]
	at org.evosuite.TestSuiteGenerator.generateTests(TestSuiteGenerator.java:654) [evosuite-client-1.0.4-SNAPSHOT.jar:na]
	at org.evosuite.TestSuiteGenerator.generateTestSuite(TestSuiteGenerator.java:213) [evosuite-client-1.0.4-SNAPSHOT.jar:na]
	at org.evosuite.rmi.service.ClientNodeImpl$1.run(ClientNodeImpl.java:145) [evosuite-client-1.0.4-SNAPSHOT.jar:na]
	at java.util.concurrent.Executors$RunnableAdapter.call(Executors.java:511) [na:1.8.0_265]
	at java.util.concurrent.FutureTask.run(FutureTask.java:266) [na:1.8.0_265]
	at java.util.concurrent.ThreadPoolExecutor.runWorker(ThreadPoolExecutor.java:1149) [na:1.8.0_265]
	at java.util.concurrent.ThreadPoolExecutor$Worker.run(ThreadPoolExecutor.java:624) [na:1.8.0_265]
	at java.lang.Thread.run(Thread.java:748) [na:1.8.0_265]
Aug 20, 2020 6:10:43 AM org.openqa.selenium.remote.ProtocolHandshake createSession
[MASTER] 14:10:43.070 [Thread-3] ERROR ExternalProcessHandler - Aug 20, 2020 6:10:43 AM org.openqa.selenium.remote.ProtocolHandshake createSession

INFO: Detected dialect: OSS
[MASTER] 14:10:43.070 [Thread-3] ERROR ExternalProcessHandler - INFO: Detected dialect: OSS

Aug 20, 2020 6:10:47 AM org.openqa.selenium.remote.ProtocolHandshake createSession
[MASTER] 14:10:47.746 [Thread-3] ERROR ExternalProcessHandler - Aug 20, 2020 6:10:47 AM org.openqa.selenium.remote.ProtocolHandshake createSession

INFO: Detected dialect: OSS
[MASTER] 14:10:47.747 [Thread-3] ERROR ExternalProcessHandler - INFO: Detected dialect: OSS

Aug 20, 2020 6:10:57 AM org.openqa.selenium.remote.ProtocolHandshake createSession
[MASTER] 14:10:57.926 [Thread-3] ERROR ExternalProcessHandler - Aug 20, 2020 6:10:57 AM org.openqa.selenium.remote.ProtocolHandshake createSession

INFO: Detected dialect: OSS
[MASTER] 14:10:57.926 [Thread-3] ERROR ExternalProcessHandler - INFO: Detected dialect: OSS

Aug 20, 2020 6:11:13 AM org.openqa.selenium.remote.ProtocolHandshake createSession
[MASTER] 14:11:13.369 [Thread-3] ERROR ExternalProcessHandler - Aug 20, 2020 6:11:13 AM org.openqa.selenium.remote.ProtocolHandshake createSession

INFO: Detected dialect: OSS
[MASTER] 14:11:13.369 [Thread-3] ERROR ExternalProcessHandler - INFO: Detected dialect: OSS

[MASTER] 14:11:33.954 [logback-2] ERROR TestCaseExecutor - TG: Exception caught: 
java.lang.IllegalStateException: Test generation failed: page object bug.
	at org.evosuite.testcase.execution.TestCaseExecutor.runTest(TestCaseExecutor.java:322) ~[evosuite-client-1.0.4-SNAPSHOT.jar:na]
	at org.evosuite.testcase.TestFitnessFunction.runTest(TestFitnessFunction.java:91) [evosuite-client-1.0.4-SNAPSHOT.jar:na]
	at org.evosuite.testcase.TestFitnessFunction.getFitness(TestFitnessFunction.java:60) [evosuite-client-1.0.4-SNAPSHOT.jar:na]
	at org.evosuite.testcase.TestFitnessFunction.getFitness(TestFitnessFunction.java:34) [evosuite-client-1.0.4-SNAPSHOT.jar:na]
	at org.evosuite.ga.metaheuristics.mosa.MOSA.calculateFitness(MOSA.java:155) [evosuite-client-1.0.4-SNAPSHOT.jar:na]
	at org.evosuite.ga.metaheuristics.mosa.AbstractMOSA.breedNextGeneration(AbstractMOSA.java:144) [evosuite-client-1.0.4-SNAPSHOT.jar:na]
	at org.evosuite.ga.metaheuristics.mosa.MOSA.evolve(MOSA.java:89) [evosuite-client-1.0.4-SNAPSHOT.jar:na]
	at org.evosuite.ga.metaheuristics.mosa.MOSA.generateSolution(MOSA.java:205) [evosuite-client-1.0.4-SNAPSHOT.jar:na]
	at org.evosuite.strategy.MOSuiteStrategy.generateTests(MOSuiteStrategy.java:127) [evosuite-client-1.0.4-SNAPSHOT.jar:na]
	at org.evosuite.TestSuiteGenerator.generateTests(TestSuiteGenerator.java:654) [evosuite-client-1.0.4-SNAPSHOT.jar:na]
	at org.evosuite.TestSuiteGenerator.generateTestSuite(TestSuiteGenerator.java:213) [evosuite-client-1.0.4-SNAPSHOT.jar:na]
	at org.evosuite.rmi.service.ClientNodeImpl$1.run(ClientNodeImpl.java:145) [evosuite-client-1.0.4-SNAPSHOT.jar:na]
	at java.util.concurrent.Executors$RunnableAdapter.call(Executors.java:511) [na:1.8.0_265]
	at java.util.concurrent.FutureTask.run(FutureTask.java:266) [na:1.8.0_265]
	at java.util.concurrent.ThreadPoolExecutor.runWorker(ThreadPoolExecutor.java:1149) [na:1.8.0_265]
	at java.util.concurrent.ThreadPoolExecutor$Worker.run(ThreadPoolExecutor.java:624) [na:1.8.0_265]
	at java.lang.Thread.run(Thread.java:748) [na:1.8.0_265]
Aug 20, 2020 6:11:34 AM org.openqa.selenium.remote.ProtocolHandshake createSession
[MASTER] 14:11:34.107 [Thread-3] ERROR ExternalProcessHandler - Aug 20, 2020 6:11:34 AM org.openqa.selenium.remote.ProtocolHandshake createSession

INFO: Detected dialect: OSS
[MASTER] 14:11:34.107 [Thread-3] ERROR ExternalProcessHandler - INFO: Detected dialect: OSS

Aug 20, 2020 6:11:37 AM org.openqa.selenium.remote.ProtocolHandshake createSession
[MASTER] 14:11:37.440 [Thread-3] ERROR ExternalProcessHandler - Aug 20, 2020 6:11:37 AM org.openqa.selenium.remote.ProtocolHandshake createSession

INFO: Detected dialect: OSS
[MASTER] 14:11:37.441 [Thread-3] ERROR ExternalProcessHandler - INFO: Detected dialect: OSS

Aug 20, 2020 6:11:44 AM org.openqa.selenium.remote.ProtocolHandshake createSession
[MASTER] 14:11:44.056 [Thread-3] ERROR ExternalProcessHandler - Aug 20, 2020 6:11:44 AM org.openqa.selenium.remote.ProtocolHandshake createSession

INFO: Detected dialect: OSS
[MASTER] 14:11:44.056 [Thread-3] ERROR ExternalProcessHandler - INFO: Detected dialect: OSS

Aug 20, 2020 6:11:53 AM org.openqa.selenium.remote.ProtocolHandshake createSession
[MASTER] 14:11:53.881 [Thread-3] ERROR ExternalProcessHandler - Aug 20, 2020 6:11:53 AM org.openqa.selenium.remote.ProtocolHandshake createSession

INFO: Detected dialect: OSS
[MASTER] 14:11:53.881 [Thread-3] ERROR ExternalProcessHandler - INFO: Detected dialect: OSS

[MASTER] 14:12:06.691 [logback-2] ERROR TestCaseExecutor - TG: Exception caught: 
java.lang.IllegalStateException: Test generation failed: page object bug.
	at org.evosuite.testcase.execution.TestCaseExecutor.runTest(TestCaseExecutor.java:322) ~[evosuite-client-1.0.4-SNAPSHOT.jar:na]
	at org.evosuite.testcase.TestFitnessFunction.runTest(TestFitnessFunction.java:91) [evosuite-client-1.0.4-SNAPSHOT.jar:na]
	at org.evosuite.testcase.TestFitnessFunction.getFitness(TestFitnessFunction.java:60) [evosuite-client-1.0.4-SNAPSHOT.jar:na]
	at org.evosuite.testcase.TestFitnessFunction.getFitness(TestFitnessFunction.java:34) [evosuite-client-1.0.4-SNAPSHOT.jar:na]
	at org.evosuite.ga.metaheuristics.mosa.MOSA.calculateFitness(MOSA.java:155) [evosuite-client-1.0.4-SNAPSHOT.jar:na]
	at org.evosuite.ga.metaheuristics.mosa.AbstractMOSA.breedNextGeneration(AbstractMOSA.java:153) [evosuite-client-1.0.4-SNAPSHOT.jar:na]
	at org.evosuite.ga.metaheuristics.mosa.MOSA.evolve(MOSA.java:89) [evosuite-client-1.0.4-SNAPSHOT.jar:na]
	at org.evosuite.ga.metaheuristics.mosa.MOSA.generateSolution(MOSA.java:205) [evosuite-client-1.0.4-SNAPSHOT.jar:na]
	at org.evosuite.strategy.MOSuiteStrategy.generateTests(MOSuiteStrategy.java:127) [evosuite-client-1.0.4-SNAPSHOT.jar:na]
	at org.evosuite.TestSuiteGenerator.generateTests(TestSuiteGenerator.java:654) [evosuite-client-1.0.4-SNAPSHOT.jar:na]
	at org.evosuite.TestSuiteGenerator.generateTestSuite(TestSuiteGenerator.java:213) [evosuite-client-1.0.4-SNAPSHOT.jar:na]
	at org.evosuite.rmi.service.ClientNodeImpl$1.run(ClientNodeImpl.java:145) [evosuite-client-1.0.4-SNAPSHOT.jar:na]
	at java.util.concurrent.Executors$RunnableAdapter.call(Executors.java:511) [na:1.8.0_265]
	at java.util.concurrent.FutureTask.run(FutureTask.java:266) [na:1.8.0_265]
	at java.util.concurrent.ThreadPoolExecutor.runWorker(ThreadPoolExecutor.java:1149) [na:1.8.0_265]
	at java.util.concurrent.ThreadPoolExecutor$Worker.run(ThreadPoolExecutor.java:624) [na:1.8.0_265]
	at java.lang.Thread.run(Thread.java:748) [na:1.8.0_265]
Aug 20, 2020 6:12:06 AM org.openqa.selenium.remote.ProtocolHandshake createSession
[MASTER] 14:12:06.883 [Thread-3] ERROR ExternalProcessHandler - Aug 20, 2020 6:12:06 AM org.openqa.selenium.remote.ProtocolHandshake createSession

INFO: Detected dialect: OSS
[MASTER] 14:12:06.883 [Thread-3] ERROR ExternalProcessHandler - INFO: Detected dialect: OSS

Aug 20, 2020 6:12:07 AM org.openqa.selenium.remote.ProtocolHandshake createSession
[MASTER] 14:12:07.681 [Thread-3] ERROR ExternalProcessHandler - Aug 20, 2020 6:12:07 AM org.openqa.selenium.remote.ProtocolHandshake createSession

INFO: Detected dialect: OSS
[MASTER] 14:12:07.681 [Thread-3] ERROR ExternalProcessHandler - INFO: Detected dialect: OSS

Aug 20, 2020 6:12:10 AM org.openqa.selenium.remote.ProtocolHandshake createSession
[MASTER] 14:12:10.357 [Thread-3] ERROR ExternalProcessHandler - Aug 20, 2020 6:12:10 AM org.openqa.selenium.remote.ProtocolHandshake createSession

INFO: Detected dialect: OSS
[MASTER] 14:12:10.357 [Thread-3] ERROR ExternalProcessHandler - INFO: Detected dialect: OSS

Aug 20, 2020 6:12:11 AM org.openqa.selenium.remote.ProtocolHandshake createSession
[MASTER] 14:12:11.301 [Thread-3] ERROR ExternalProcessHandler - Aug 20, 2020 6:12:11 AM org.openqa.selenium.remote.ProtocolHandshake createSession

INFO: Detected dialect: OSS
[MASTER] 14:12:11.301 [Thread-3] ERROR ExternalProcessHandler - INFO: Detected dialect: OSS

Aug 20, 2020 6:12:14 AM org.openqa.selenium.remote.ProtocolHandshake createSession
[MASTER] 14:12:14.524 [Thread-3] ERROR ExternalProcessHandler - Aug 20, 2020 6:12:14 AM org.openqa.selenium.remote.ProtocolHandshake createSession

INFO: Detected dialect: OSS
[MASTER] 14:12:14.524 [Thread-3] ERROR ExternalProcessHandler - INFO: Detected dialect: OSS

Aug 20, 2020 6:12:22 AM org.openqa.selenium.remote.ProtocolHandshake createSession
[MASTER] 14:12:22.191 [Thread-3] ERROR ExternalProcessHandler - Aug 20, 2020 6:12:22 AM org.openqa.selenium.remote.ProtocolHandshake createSession

INFO: Detected dialect: OSS
[MASTER] 14:12:22.191 [Thread-3] ERROR ExternalProcessHandler - INFO: Detected dialect: OSS

Aug 20, 2020 6:12:34 AM org.openqa.selenium.remote.ProtocolHandshake createSession
[MASTER] 14:12:34.216 [Thread-3] ERROR ExternalProcessHandler - Aug 20, 2020 6:12:34 AM org.openqa.selenium.remote.ProtocolHandshake createSession

INFO: Detected dialect: OSS
[MASTER] 14:12:34.217 [Thread-3] ERROR ExternalProcessHandler - INFO: Detected dialect: OSS

[MASTER] 14:12:50.359 [logback-2] ERROR TestCaseExecutor - TG: Exception caught: 
java.lang.IllegalStateException: Test generation failed: page object bug.
	at org.evosuite.testcase.execution.TestCaseExecutor.runTest(TestCaseExecutor.java:322) ~[evosuite-client-1.0.4-SNAPSHOT.jar:na]
	at org.evosuite.testcase.TestFitnessFunction.runTest(TestFitnessFunction.java:91) [evosuite-client-1.0.4-SNAPSHOT.jar:na]
	at org.evosuite.testcase.TestFitnessFunction.getFitness(TestFitnessFunction.java:60) [evosuite-client-1.0.4-SNAPSHOT.jar:na]
	at org.evosuite.testcase.TestFitnessFunction.getFitness(TestFitnessFunction.java:34) [evosuite-client-1.0.4-SNAPSHOT.jar:na]
	at org.evosuite.ga.metaheuristics.mosa.MOSA.calculateFitness(MOSA.java:155) [evosuite-client-1.0.4-SNAPSHOT.jar:na]
	at org.evosuite.ga.metaheuristics.mosa.AbstractMOSA.breedNextGeneration(AbstractMOSA.java:153) [evosuite-client-1.0.4-SNAPSHOT.jar:na]
	at org.evosuite.ga.metaheuristics.mosa.MOSA.evolve(MOSA.java:89) [evosuite-client-1.0.4-SNAPSHOT.jar:na]
	at org.evosuite.ga.metaheuristics.mosa.MOSA.generateSolution(MOSA.java:205) [evosuite-client-1.0.4-SNAPSHOT.jar:na]
	at org.evosuite.strategy.MOSuiteStrategy.generateTests(MOSuiteStrategy.java:127) [evosuite-client-1.0.4-SNAPSHOT.jar:na]
	at org.evosuite.TestSuiteGenerator.generateTests(TestSuiteGenerator.java:654) [evosuite-client-1.0.4-SNAPSHOT.jar:na]
	at org.evosuite.TestSuiteGenerator.generateTestSuite(TestSuiteGenerator.java:213) [evosuite-client-1.0.4-SNAPSHOT.jar:na]
	at org.evosuite.rmi.service.ClientNodeImpl$1.run(ClientNodeImpl.java:145) [evosuite-client-1.0.4-SNAPSHOT.jar:na]
	at java.util.concurrent.Executors$RunnableAdapter.call(Executors.java:511) [na:1.8.0_265]
	at java.util.concurrent.FutureTask.run(FutureTask.java:266) [na:1.8.0_265]
	at java.util.concurrent.ThreadPoolExecutor.runWorker(ThreadPoolExecutor.java:1149) [na:1.8.0_265]
	at java.util.concurrent.ThreadPoolExecutor$Worker.run(ThreadPoolExecutor.java:624) [na:1.8.0_265]
	at java.lang.Thread.run(Thread.java:748) [na:1.8.0_265]
Aug 20, 2020 6:12:50 AM org.openqa.selenium.remote.ProtocolHandshake createSession
[MASTER] 14:12:50.549 [Thread-3] ERROR ExternalProcessHandler - Aug 20, 2020 6:12:50 AM org.openqa.selenium.remote.ProtocolHandshake createSession

INFO: Detected dialect: OSS
[MASTER] 14:12:50.550 [Thread-3] ERROR ExternalProcessHandler - INFO: Detected dialect: OSS

Aug 20, 2020 6:12:51 AM org.openqa.selenium.remote.ProtocolHandshake createSession
[MASTER] 14:12:51.619 [Thread-3] ERROR ExternalProcessHandler - Aug 20, 2020 6:12:51 AM org.openqa.selenium.remote.ProtocolHandshake createSession

INFO: Detected dialect: OSS
[MASTER] 14:12:51.619 [Thread-3] ERROR ExternalProcessHandler - INFO: Detected dialect: OSS

Aug 20, 2020 6:12:52 AM org.openqa.selenium.remote.ProtocolHandshake createSession
[MASTER] 14:12:52.994 [Thread-3] ERROR ExternalProcessHandler - Aug 20, 2020 6:12:52 AM org.openqa.selenium.remote.ProtocolHandshake createSession

INFO: Detected dialect: OSS
[MASTER] 14:12:52.994 [Thread-3] ERROR ExternalProcessHandler - INFO: Detected dialect: OSS

Aug 20, 2020 6:12:53 AM org.openqa.selenium.remote.ProtocolHandshake createSession
[MASTER] 14:12:53.861 [Thread-3] ERROR ExternalProcessHandler - Aug 20, 2020 6:12:53 AM org.openqa.selenium.remote.ProtocolHandshake createSession

INFO: Detected dialect: OSS
[MASTER] 14:12:53.862 [Thread-3] ERROR ExternalProcessHandler - INFO: Detected dialect: OSS

Aug 20, 2020 6:12:57 AM org.openqa.selenium.remote.ProtocolHandshake createSession
[MASTER] 14:12:57.191 [Thread-3] ERROR ExternalProcessHandler - Aug 20, 2020 6:12:57 AM org.openqa.selenium.remote.ProtocolHandshake createSession

INFO: Detected dialect: OSS
[MASTER] 14:12:57.191 [Thread-3] ERROR ExternalProcessHandler - INFO: Detected dialect: OSS

Aug 20, 2020 6:13:05 AM org.openqa.selenium.remote.ProtocolHandshake createSession
[MASTER] 14:13:05.781 [Thread-3] ERROR ExternalProcessHandler - Aug 20, 2020 6:13:05 AM org.openqa.selenium.remote.ProtocolHandshake createSession

INFO: Detected dialect: OSS
[MASTER] 14:13:05.781 [Thread-3] ERROR ExternalProcessHandler - INFO: Detected dialect: OSS

Aug 20, 2020 6:13:19 AM org.openqa.selenium.remote.ProtocolHandshake createSession
[MASTER] 14:13:19.626 [Thread-3] ERROR ExternalProcessHandler - Aug 20, 2020 6:13:19 AM org.openqa.selenium.remote.ProtocolHandshake createSession

INFO: Detected dialect: OSS
[MASTER] 14:13:19.626 [Thread-3] ERROR ExternalProcessHandler - INFO: Detected dialect: OSS

[MASTER] 14:13:38.305 [logback-2] ERROR TestCaseExecutor - TG: Exception caught: 
java.lang.IllegalStateException: Test generation failed: page object bug.
	at org.evosuite.testcase.execution.TestCaseExecutor.runTest(TestCaseExecutor.java:322) ~[evosuite-client-1.0.4-SNAPSHOT.jar:na]
	at org.evosuite.testcase.TestFitnessFunction.runTest(TestFitnessFunction.java:91) [evosuite-client-1.0.4-SNAPSHOT.jar:na]
	at org.evosuite.testcase.TestFitnessFunction.getFitness(TestFitnessFunction.java:60) [evosuite-client-1.0.4-SNAPSHOT.jar:na]
	at org.evosuite.testcase.TestFitnessFunction.getFitness(TestFitnessFunction.java:34) [evosuite-client-1.0.4-SNAPSHOT.jar:na]
	at org.evosuite.ga.metaheuristics.mosa.MOSA.calculateFitness(MOSA.java:155) [evosuite-client-1.0.4-SNAPSHOT.jar:na]
	at org.evosuite.ga.metaheuristics.mosa.AbstractMOSA.breedNextGeneration(AbstractMOSA.java:144) [evosuite-client-1.0.4-SNAPSHOT.jar:na]
	at org.evosuite.ga.metaheuristics.mosa.MOSA.evolve(MOSA.java:89) [evosuite-client-1.0.4-SNAPSHOT.jar:na]
	at org.evosuite.ga.metaheuristics.mosa.MOSA.generateSolution(MOSA.java:205) [evosuite-client-1.0.4-SNAPSHOT.jar:na]
	at org.evosuite.strategy.MOSuiteStrategy.generateTests(MOSuiteStrategy.java:127) [evosuite-client-1.0.4-SNAPSHOT.jar:na]
	at org.evosuite.TestSuiteGenerator.generateTests(TestSuiteGenerator.java:654) [evosuite-client-1.0.4-SNAPSHOT.jar:na]
	at org.evosuite.TestSuiteGenerator.generateTestSuite(TestSuiteGenerator.java:213) [evosuite-client-1.0.4-SNAPSHOT.jar:na]
	at org.evosuite.rmi.service.ClientNodeImpl$1.run(ClientNodeImpl.java:145) [evosuite-client-1.0.4-SNAPSHOT.jar:na]
	at java.util.concurrent.Executors$RunnableAdapter.call(Executors.java:511) [na:1.8.0_265]
	at java.util.concurrent.FutureTask.run(FutureTask.java:266) [na:1.8.0_265]
	at java.util.concurrent.ThreadPoolExecutor.runWorker(ThreadPoolExecutor.java:1149) [na:1.8.0_265]
	at java.util.concurrent.ThreadPoolExecutor$Worker.run(ThreadPoolExecutor.java:624) [na:1.8.0_265]
	at java.lang.Thread.run(Thread.java:748) [na:1.8.0_265]
Aug 20, 2020 6:13:38 AM org.openqa.selenium.remote.ProtocolHandshake createSession
[MASTER] 14:13:38.502 [Thread-3] ERROR ExternalProcessHandler - Aug 20, 2020 6:13:38 AM org.openqa.selenium.remote.ProtocolHandshake createSession

INFO: Detected dialect: OSS
[MASTER] 14:13:38.502 [Thread-3] ERROR ExternalProcessHandler - INFO: Detected dialect: OSS

Aug 20, 2020 6:13:40 AM org.openqa.selenium.remote.ProtocolHandshake createSession
[MASTER] 14:13:40.920 [Thread-3] ERROR ExternalProcessHandler - Aug 20, 2020 6:13:40 AM org.openqa.selenium.remote.ProtocolHandshake createSession

INFO: Detected dialect: OSS
[MASTER] 14:13:40.920 [Thread-3] ERROR ExternalProcessHandler - INFO: Detected dialect: OSS

Aug 20, 2020 6:13:42 AM org.openqa.selenium.remote.ProtocolHandshake createSession
[MASTER] 14:13:42.250 [Thread-3] ERROR ExternalProcessHandler - Aug 20, 2020 6:13:42 AM org.openqa.selenium.remote.ProtocolHandshake createSession

INFO: Detected dialect: OSS
[MASTER] 14:13:42.250 [Thread-3] ERROR ExternalProcessHandler - INFO: Detected dialect: OSS

Aug 20, 2020 6:13:43 AM po_utils.PageObjectLogging logInfo
[MASTER] 14:13:43.806 [Thread-3] ERROR ExternalProcessHandler - Aug 20, 2020 6:13:43 AM po_utils.PageObjectLogging logInfo

INFO: waitForElementBeingPresentOnPage timeout exception: unable to locate the element By.xpath: //button[text()="Create a new session"]
[MASTER] 14:13:43.806 [Thread-3] ERROR ExternalProcessHandler - INFO: waitForElementBeingPresentOnPage timeout exception: unable to locate the element By.xpath: //button[text()="Create a new session"]


[MASTER] 14:13:43.806 [Thread-3] ERROR ExternalProcessHandler - 


[MASTER] 14:13:43.806 [Thread-3] ERROR ExternalProcessHandler - 

Aug 20, 2020 6:13:44 AM org.openqa.selenium.remote.ProtocolHandshake createSession
[MASTER] 14:13:44.805 [Thread-3] ERROR ExternalProcessHandler - Aug 20, 2020 6:13:44 AM org.openqa.selenium.remote.ProtocolHandshake createSession

INFO: Detected dialect: OSS
[MASTER] 14:13:44.805 [Thread-3] ERROR ExternalProcessHandler - INFO: Detected dialect: OSS

Aug 20, 2020 6:13:48 AM org.openqa.selenium.remote.ProtocolHandshake createSession
[MASTER] 14:13:48.126 [Thread-3] ERROR ExternalProcessHandler - Aug 20, 2020 6:13:48 AM org.openqa.selenium.remote.ProtocolHandshake createSession

INFO: Detected dialect: OSS
[MASTER] 14:13:48.126 [Thread-3] ERROR ExternalProcessHandler - INFO: Detected dialect: OSS

Aug 20, 2020 6:13:54 AM org.openqa.selenium.remote.ProtocolHandshake createSession
[MASTER] 14:13:54.783 [Thread-3] ERROR ExternalProcessHandler - Aug 20, 2020 6:13:54 AM org.openqa.selenium.remote.ProtocolHandshake createSession

INFO: Detected dialect: OSS
[MASTER] 14:13:54.783 [Thread-3] ERROR ExternalProcessHandler - INFO: Detected dialect: OSS

Aug 20, 2020 6:14:04 AM org.openqa.selenium.remote.ProtocolHandshake createSession
[MASTER] 14:14:04.546 [Thread-3] ERROR ExternalProcessHandler - Aug 20, 2020 6:14:04 AM org.openqa.selenium.remote.ProtocolHandshake createSession

INFO: Detected dialect: OSS
[MASTER] 14:14:04.546 [Thread-3] ERROR ExternalProcessHandler - INFO: Detected dialect: OSS

[MASTER] 14:14:17.224 [logback-2] ERROR TestCaseExecutor - TG: Exception caught: 
java.lang.IllegalStateException: Test generation failed: page object bug.
	at org.evosuite.testcase.execution.TestCaseExecutor.runTest(TestCaseExecutor.java:322) ~[evosuite-client-1.0.4-SNAPSHOT.jar:na]
	at org.evosuite.testcase.TestFitnessFunction.runTest(TestFitnessFunction.java:91) [evosuite-client-1.0.4-SNAPSHOT.jar:na]
	at org.evosuite.testcase.TestFitnessFunction.getFitness(TestFitnessFunction.java:60) [evosuite-client-1.0.4-SNAPSHOT.jar:na]
	at org.evosuite.testcase.TestFitnessFunction.getFitness(TestFitnessFunction.java:34) [evosuite-client-1.0.4-SNAPSHOT.jar:na]
	at org.evosuite.ga.metaheuristics.mosa.MOSA.calculateFitness(MOSA.java:155) [evosuite-client-1.0.4-SNAPSHOT.jar:na]
	at org.evosuite.ga.metaheuristics.mosa.AbstractMOSA.breedNextGeneration(AbstractMOSA.java:144) [evosuite-client-1.0.4-SNAPSHOT.jar:na]
	at org.evosuite.ga.metaheuristics.mosa.MOSA.evolve(MOSA.java:89) [evosuite-client-1.0.4-SNAPSHOT.jar:na]
	at org.evosuite.ga.metaheuristics.mosa.MOSA.generateSolution(MOSA.java:205) [evosuite-client-1.0.4-SNAPSHOT.jar:na]
	at org.evosuite.strategy.MOSuiteStrategy.generateTests(MOSuiteStrategy.java:127) [evosuite-client-1.0.4-SNAPSHOT.jar:na]
	at org.evosuite.TestSuiteGenerator.generateTests(TestSuiteGenerator.java:654) [evosuite-client-1.0.4-SNAPSHOT.jar:na]
	at org.evosuite.TestSuiteGenerator.generateTestSuite(TestSuiteGenerator.java:213) [evosuite-client-1.0.4-SNAPSHOT.jar:na]
	at org.evosuite.rmi.service.ClientNodeImpl$1.run(ClientNodeImpl.java:145) [evosuite-client-1.0.4-SNAPSHOT.jar:na]
	at java.util.concurrent.Executors$RunnableAdapter.call(Executors.java:511) [na:1.8.0_265]
	at java.util.concurrent.FutureTask.run(FutureTask.java:266) [na:1.8.0_265]
	at java.util.concurrent.ThreadPoolExecutor.runWorker(ThreadPoolExecutor.java:1149) [na:1.8.0_265]
	at java.util.concurrent.ThreadPoolExecutor$Worker.run(ThreadPoolExecutor.java:624) [na:1.8.0_265]
	at java.lang.Thread.run(Thread.java:748) [na:1.8.0_265]
Aug 20, 2020 6:14:17 AM org.openqa.selenium.remote.ProtocolHandshake createSession
[MASTER] 14:14:17.413 [Thread-3] ERROR ExternalProcessHandler - Aug 20, 2020 6:14:17 AM org.openqa.selenium.remote.ProtocolHandshake createSession

INFO: Detected dialect: OSS
[MASTER] 14:14:17.413 [Thread-3] ERROR ExternalProcessHandler - INFO: Detected dialect: OSS

Aug 20, 2020 6:14:20 AM po_utils.PageObjectLogging logInfo
[MASTER] 14:14:20.291 [Thread-3] ERROR ExternalProcessHandler - Aug 20, 2020 6:14:20 AM po_utils.PageObjectLogging logInfo

INFO: waitForElementBeingPresentOnPage timeout exception: unable to locate the element By.xpath: //button[text()="Create a new session"]
[MASTER] 14:14:20.292 [Thread-3] ERROR ExternalProcessHandler - INFO: waitForElementBeingPresentOnPage timeout exception: unable to locate the element By.xpath: //button[text()="Create a new session"]


[MASTER] 14:14:20.292 [Thread-3] ERROR ExternalProcessHandler - 


[MASTER] 14:14:20.292 [Thread-3] ERROR ExternalProcessHandler - 

Aug 20, 2020 6:14:21 AM org.openqa.selenium.remote.ProtocolHandshake createSession
[MASTER] 14:14:21.561 [Thread-3] ERROR ExternalProcessHandler - Aug 20, 2020 6:14:21 AM org.openqa.selenium.remote.ProtocolHandshake createSession

INFO: Detected dialect: OSS
[MASTER] 14:14:21.562 [Thread-3] ERROR ExternalProcessHandler - INFO: Detected dialect: OSS

Aug 20, 2020 6:14:27 AM po_utils.PageObjectLogging logInfo
[MASTER] 14:14:27.820 [Thread-3] ERROR ExternalProcessHandler - Aug 20, 2020 6:14:27 AM po_utils.PageObjectLogging logInfo

INFO: waitForElementBeingPresentOnPage timeout exception: unable to locate the element By.xpath: //button[text()="Create a new session"]
[MASTER] 14:14:27.821 [Thread-3] ERROR ExternalProcessHandler - INFO: waitForElementBeingPresentOnPage timeout exception: unable to locate the element By.xpath: //button[text()="Create a new session"]


[MASTER] 14:14:27.821 [Thread-3] ERROR ExternalProcessHandler - 


[MASTER] 14:14:27.821 [Thread-3] ERROR ExternalProcessHandler - 

Aug 20, 2020 6:14:32 AM org.openqa.selenium.remote.ProtocolHandshake createSession
[MASTER] 14:14:32.952 [Thread-3] ERROR ExternalProcessHandler - Aug 20, 2020 6:14:32 AM org.openqa.selenium.remote.ProtocolHandshake createSession

INFO: Detected dialect: OSS
[MASTER] 14:14:32.952 [Thread-3] ERROR ExternalProcessHandler - INFO: Detected dialect: OSS

Aug 20, 2020 6:14:42 AM po_utils.PageObjectLogging logInfo
[MASTER] 14:14:42.495 [Thread-3] ERROR ExternalProcessHandler - Aug 20, 2020 6:14:42 AM po_utils.PageObjectLogging logInfo

INFO: waitForElementBeingPresentOnPage timeout exception: unable to locate the element By.xpath: //button[text()="Create a new session"]
[MASTER] 14:14:42.496 [Thread-3] ERROR ExternalProcessHandler - INFO: waitForElementBeingPresentOnPage timeout exception: unable to locate the element By.xpath: //button[text()="Create a new session"]


[MASTER] 14:14:42.496 [Thread-3] ERROR ExternalProcessHandler - 


[MASTER] 14:14:42.496 [Thread-3] ERROR ExternalProcessHandler - 

Aug 20, 2020 6:14:51 AM org.openqa.selenium.remote.ProtocolHandshake createSession
[MASTER] 14:14:51.460 [Thread-3] ERROR ExternalProcessHandler - Aug 20, 2020 6:14:51 AM org.openqa.selenium.remote.ProtocolHandshake createSession

INFO: Detected dialect: OSS
[MASTER] 14:14:51.460 [Thread-3] ERROR ExternalProcessHandler - INFO: Detected dialect: OSS

Aug 20, 2020 6:15:04 AM po_utils.PageObjectLogging logInfo
[MASTER] 14:15:04.249 [Thread-3] ERROR ExternalProcessHandler - Aug 20, 2020 6:15:04 AM po_utils.PageObjectLogging logInfo

INFO: waitForElementBeingPresentOnPage timeout exception: unable to locate the element By.xpath: //button[text()="Create a new session"]
[MASTER] 14:15:04.250 [Thread-3] ERROR ExternalProcessHandler - INFO: waitForElementBeingPresentOnPage timeout exception: unable to locate the element By.xpath: //button[text()="Create a new session"]


[MASTER] 14:15:04.250 [Thread-3] ERROR ExternalProcessHandler - 


[MASTER] 14:15:04.251 [Thread-3] ERROR ExternalProcessHandler - 

[MASTER] 14:15:16.923 [logback-2] ERROR TestCaseExecutor - TG: Exception caught: 
java.lang.IllegalStateException: Test generation failed: page object bug.
	at org.evosuite.testcase.execution.TestCaseExecutor.runTest(TestCaseExecutor.java:322) ~[evosuite-client-1.0.4-SNAPSHOT.jar:na]
	at org.evosuite.testcase.TestFitnessFunction.runTest(TestFitnessFunction.java:91) [evosuite-client-1.0.4-SNAPSHOT.jar:na]
	at org.evosuite.testcase.TestFitnessFunction.getFitness(TestFitnessFunction.java:60) [evosuite-client-1.0.4-SNAPSHOT.jar:na]
	at org.evosuite.testcase.TestFitnessFunction.getFitness(TestFitnessFunction.java:34) [evosuite-client-1.0.4-SNAPSHOT.jar:na]
	at org.evosuite.ga.metaheuristics.mosa.MOSA.calculateFitness(MOSA.java:155) [evosuite-client-1.0.4-SNAPSHOT.jar:na]
	at org.evosuite.ga.metaheuristics.mosa.AbstractMOSA.breedNextGeneration(AbstractMOSA.java:153) [evosuite-client-1.0.4-SNAPSHOT.jar:na]
	at org.evosuite.ga.metaheuristics.mosa.MOSA.evolve(MOSA.java:89) [evosuite-client-1.0.4-SNAPSHOT.jar:na]
	at org.evosuite.ga.metaheuristics.mosa.MOSA.generateSolution(MOSA.java:205) [evosuite-client-1.0.4-SNAPSHOT.jar:na]
	at org.evosuite.strategy.MOSuiteStrategy.generateTests(MOSuiteStrategy.java:127) [evosuite-client-1.0.4-SNAPSHOT.jar:na]
	at org.evosuite.TestSuiteGenerator.generateTests(TestSuiteGenerator.java:654) [evosuite-client-1.0.4-SNAPSHOT.jar:na]
	at org.evosuite.TestSuiteGenerator.generateTestSuite(TestSuiteGenerator.java:213) [evosuite-client-1.0.4-SNAPSHOT.jar:na]
	at org.evosuite.rmi.service.ClientNodeImpl$1.run(ClientNodeImpl.java:145) [evosuite-client-1.0.4-SNAPSHOT.jar:na]
	at java.util.concurrent.Executors$RunnableAdapter.call(Executors.java:511) [na:1.8.0_265]
	at java.util.concurrent.FutureTask.run(FutureTask.java:266) [na:1.8.0_265]
	at java.util.concurrent.ThreadPoolExecutor.runWorker(ThreadPoolExecutor.java:1149) [na:1.8.0_265]
	at java.util.concurrent.ThreadPoolExecutor$Worker.run(ThreadPoolExecutor.java:624) [na:1.8.0_265]
	at java.lang.Thread.run(Thread.java:748) [na:1.8.0_265]
Aug 20, 2020 6:15:17 AM org.openqa.selenium.remote.ProtocolHandshake createSession
[MASTER] 14:15:17.070 [Thread-3] ERROR ExternalProcessHandler - Aug 20, 2020 6:15:17 AM org.openqa.selenium.remote.ProtocolHandshake createSession

INFO: Detected dialect: OSS
[MASTER] 14:15:17.070 [Thread-3] ERROR ExternalProcessHandler - INFO: Detected dialect: OSS

Aug 20, 2020 6:15:18 AM org.openqa.selenium.remote.ProtocolHandshake createSession
[MASTER] 14:15:18.445 [Thread-3] ERROR ExternalProcessHandler - Aug 20, 2020 6:15:18 AM org.openqa.selenium.remote.ProtocolHandshake createSession

INFO: Detected dialect: OSS
[MASTER] 14:15:18.446 [Thread-3] ERROR ExternalProcessHandler - INFO: Detected dialect: OSS

Aug 20, 2020 6:15:22 AM org.openqa.selenium.remote.ProtocolHandshake createSession
[MASTER] 14:15:22.085 [Thread-3] ERROR ExternalProcessHandler - Aug 20, 2020 6:15:22 AM org.openqa.selenium.remote.ProtocolHandshake createSession

INFO: Detected dialect: OSS
[MASTER] 14:15:22.085 [Thread-3] ERROR ExternalProcessHandler - INFO: Detected dialect: OSS

Aug 20, 2020 6:15:33 AM org.openqa.selenium.remote.ProtocolHandshake createSession
[MASTER] 14:15:33.307 [Thread-3] ERROR ExternalProcessHandler - Aug 20, 2020 6:15:33 AM org.openqa.selenium.remote.ProtocolHandshake createSession

INFO: Detected dialect: OSS
[MASTER] 14:15:33.308 [Thread-3] ERROR ExternalProcessHandler - INFO: Detected dialect: OSS

Aug 20, 2020 6:15:52 AM org.openqa.selenium.remote.ProtocolHandshake createSession
[MASTER] 14:15:52.002 [Thread-3] ERROR ExternalProcessHandler - Aug 20, 2020 6:15:52 AM org.openqa.selenium.remote.ProtocolHandshake createSession

INFO: Detected dialect: OSS
[MASTER] 14:15:52.002 [Thread-3] ERROR ExternalProcessHandler - INFO: Detected dialect: OSS

[MASTER] 14:16:18.330 [logback-2] ERROR TestCaseExecutor - TG: Exception caught: 
java.lang.IllegalStateException: Test generation failed: page object bug.
	at org.evosuite.testcase.execution.TestCaseExecutor.runTest(TestCaseExecutor.java:322) ~[evosuite-client-1.0.4-SNAPSHOT.jar:na]
	at org.evosuite.testcase.TestFitnessFunction.runTest(TestFitnessFunction.java:91) [evosuite-client-1.0.4-SNAPSHOT.jar:na]
	at org.evosuite.testcase.TestFitnessFunction.getFitness(TestFitnessFunction.java:60) [evosuite-client-1.0.4-SNAPSHOT.jar:na]
	at org.evosuite.testcase.TestFitnessFunction.getFitness(TestFitnessFunction.java:34) [evosuite-client-1.0.4-SNAPSHOT.jar:na]
	at org.evosuite.ga.metaheuristics.mosa.MOSA.calculateFitness(MOSA.java:155) [evosuite-client-1.0.4-SNAPSHOT.jar:na]
	at org.evosuite.ga.metaheuristics.mosa.AbstractMOSA.breedNextGeneration(AbstractMOSA.java:153) [evosuite-client-1.0.4-SNAPSHOT.jar:na]
	at org.evosuite.ga.metaheuristics.mosa.MOSA.evolve(MOSA.java:89) [evosuite-client-1.0.4-SNAPSHOT.jar:na]
	at org.evosuite.ga.metaheuristics.mosa.MOSA.generateSolution(MOSA.java:205) [evosuite-client-1.0.4-SNAPSHOT.jar:na]
	at org.evosuite.strategy.MOSuiteStrategy.generateTests(MOSuiteStrategy.java:127) [evosuite-client-1.0.4-SNAPSHOT.jar:na]
	at org.evosuite.TestSuiteGenerator.generateTests(TestSuiteGenerator.java:654) [evosuite-client-1.0.4-SNAPSHOT.jar:na]
	at org.evosuite.TestSuiteGenerator.generateTestSuite(TestSuiteGenerator.java:213) [evosuite-client-1.0.4-SNAPSHOT.jar:na]
	at org.evosuite.rmi.service.ClientNodeImpl$1.run(ClientNodeImpl.java:145) [evosuite-client-1.0.4-SNAPSHOT.jar:na]
	at java.util.concurrent.Executors$RunnableAdapter.call(Executors.java:511) [na:1.8.0_265]
	at java.util.concurrent.FutureTask.run(FutureTask.java:266) [na:1.8.0_265]
	at java.util.concurrent.ThreadPoolExecutor.runWorker(ThreadPoolExecutor.java:1149) [na:1.8.0_265]
	at java.util.concurrent.ThreadPoolExecutor$Worker.run(ThreadPoolExecutor.java:624) [na:1.8.0_265]
	at java.lang.Thread.run(Thread.java:748) [na:1.8.0_265]
Aug 20, 2020 6:16:18 AM org.openqa.selenium.remote.ProtocolHandshake createSession
[MASTER] 14:16:18.486 [Thread-3] ERROR ExternalProcessHandler - Aug 20, 2020 6:16:18 AM org.openqa.selenium.remote.ProtocolHandshake createSession

INFO: Detected dialect: OSS
[MASTER] 14:16:18.487 [Thread-3] ERROR ExternalProcessHandler - INFO: Detected dialect: OSS

Aug 20, 2020 6:16:21 AM org.openqa.selenium.remote.ProtocolHandshake createSession
[MASTER] 14:16:21.253 [Thread-3] ERROR ExternalProcessHandler - Aug 20, 2020 6:16:21 AM org.openqa.selenium.remote.ProtocolHandshake createSession

INFO: Detected dialect: OSS
[MASTER] 14:16:21.253 [Thread-3] ERROR ExternalProcessHandler - INFO: Detected dialect: OSS

Aug 20, 2020 6:16:26 AM org.openqa.selenium.remote.ProtocolHandshake createSession
[MASTER] 14:16:26.703 [Thread-3] ERROR ExternalProcessHandler - Aug 20, 2020 6:16:26 AM org.openqa.selenium.remote.ProtocolHandshake createSession

INFO: Detected dialect: OSS
[MASTER] 14:16:26.703 [Thread-3] ERROR ExternalProcessHandler - INFO: Detected dialect: OSS

Aug 20, 2020 6:16:34 AM org.openqa.selenium.remote.ProtocolHandshake createSession
[MASTER] 14:16:34.864 [Thread-3] ERROR ExternalProcessHandler - Aug 20, 2020 6:16:34 AM org.openqa.selenium.remote.ProtocolHandshake createSession

INFO: Detected dialect: OSS
[MASTER] 14:16:34.865 [Thread-3] ERROR ExternalProcessHandler - INFO: Detected dialect: OSS

[MASTER] 14:16:45.549 [logback-2] ERROR TestCaseExecutor - TG: Exception caught: 
java.lang.IllegalStateException: Test generation failed: page object bug.
	at org.evosuite.testcase.execution.TestCaseExecutor.runTest(TestCaseExecutor.java:322) ~[evosuite-client-1.0.4-SNAPSHOT.jar:na]
	at org.evosuite.testcase.TestFitnessFunction.runTest(TestFitnessFunction.java:91) [evosuite-client-1.0.4-SNAPSHOT.jar:na]
	at org.evosuite.testcase.TestFitnessFunction.getFitness(TestFitnessFunction.java:60) [evosuite-client-1.0.4-SNAPSHOT.jar:na]
	at org.evosuite.testcase.TestFitnessFunction.getFitness(TestFitnessFunction.java:34) [evosuite-client-1.0.4-SNAPSHOT.jar:na]
	at org.evosuite.ga.metaheuristics.mosa.MOSA.calculateFitness(MOSA.java:155) [evosuite-client-1.0.4-SNAPSHOT.jar:na]
	at org.evosuite.ga.metaheuristics.mosa.AbstractMOSA.breedNextGeneration(AbstractMOSA.java:169) [evosuite-client-1.0.4-SNAPSHOT.jar:na]
	at org.evosuite.ga.metaheuristics.mosa.MOSA.evolve(MOSA.java:89) [evosuite-client-1.0.4-SNAPSHOT.jar:na]
	at org.evosuite.ga.metaheuristics.mosa.MOSA.generateSolution(MOSA.java:205) [evosuite-client-1.0.4-SNAPSHOT.jar:na]
	at org.evosuite.strategy.MOSuiteStrategy.generateTests(MOSuiteStrategy.java:127) [evosuite-client-1.0.4-SNAPSHOT.jar:na]
	at org.evosuite.TestSuiteGenerator.generateTests(TestSuiteGenerator.java:654) [evosuite-client-1.0.4-SNAPSHOT.jar:na]
	at org.evosuite.TestSuiteGenerator.generateTestSuite(TestSuiteGenerator.java:213) [evosuite-client-1.0.4-SNAPSHOT.jar:na]
	at org.evosuite.rmi.service.ClientNodeImpl$1.run(ClientNodeImpl.java:145) [evosuite-client-1.0.4-SNAPSHOT.jar:na]
	at java.util.concurrent.Executors$RunnableAdapter.call(Executors.java:511) [na:1.8.0_265]
	at java.util.concurrent.FutureTask.run(FutureTask.java:266) [na:1.8.0_265]
	at java.util.concurrent.ThreadPoolExecutor.runWorker(ThreadPoolExecutor.java:1149) [na:1.8.0_265]
	at java.util.concurrent.ThreadPoolExecutor$Worker.run(ThreadPoolExecutor.java:624) [na:1.8.0_265]
	at java.lang.Thread.run(Thread.java:748) [na:1.8.0_265]
Aug 20, 2020 6:16:45 AM org.openqa.selenium.remote.ProtocolHandshake createSession
[MASTER] 14:16:45.736 [Thread-3] ERROR ExternalProcessHandler - Aug 20, 2020 6:16:45 AM org.openqa.selenium.remote.ProtocolHandshake createSession

INFO: Detected dialect: OSS
[MASTER] 14:16:45.736 [Thread-3] ERROR ExternalProcessHandler - INFO: Detected dialect: OSS

Aug 20, 2020 6:16:46 AM org.openqa.selenium.remote.ProtocolHandshake createSession
[MASTER] 14:16:46.953 [Thread-3] ERROR ExternalProcessHandler - Aug 20, 2020 6:16:46 AM org.openqa.selenium.remote.ProtocolHandshake createSession

INFO: Detected dialect: OSS
[MASTER] 14:16:46.953 [Thread-3] ERROR ExternalProcessHandler - INFO: Detected dialect: OSS

Aug 20, 2020 6:16:48 AM org.openqa.selenium.remote.ProtocolHandshake createSession
[MASTER] 14:16:48.231 [Thread-3] ERROR ExternalProcessHandler - Aug 20, 2020 6:16:48 AM org.openqa.selenium.remote.ProtocolHandshake createSession

INFO: Detected dialect: OSS
[MASTER] 14:16:48.232 [Thread-3] ERROR ExternalProcessHandler - INFO: Detected dialect: OSS

Aug 20, 2020 6:16:49 AM org.openqa.selenium.remote.ProtocolHandshake createSession
[MASTER] 14:16:49.239 [Thread-3] ERROR ExternalProcessHandler - Aug 20, 2020 6:16:49 AM org.openqa.selenium.remote.ProtocolHandshake createSession

INFO: Detected dialect: OSS
[MASTER] 14:16:49.239 [Thread-3] ERROR ExternalProcessHandler - INFO: Detected dialect: OSS

Aug 20, 2020 6:16:50 AM org.openqa.selenium.remote.ProtocolHandshake createSession
[MASTER] 14:16:50.215 [Thread-3] ERROR ExternalProcessHandler - Aug 20, 2020 6:16:50 AM org.openqa.selenium.remote.ProtocolHandshake createSession

INFO: Detected dialect: OSS
[MASTER] 14:16:50.215 [Thread-3] ERROR ExternalProcessHandler - INFO: Detected dialect: OSS

Aug 20, 2020 6:16:55 AM org.openqa.selenium.remote.ProtocolHandshake createSession
[MASTER] 14:16:55.157 [Thread-3] ERROR ExternalProcessHandler - Aug 20, 2020 6:16:55 AM org.openqa.selenium.remote.ProtocolHandshake createSession

INFO: Detected dialect: OSS
[MASTER] 14:16:55.157 [Thread-3] ERROR ExternalProcessHandler - INFO: Detected dialect: OSS

Aug 20, 2020 6:17:07 AM org.openqa.selenium.remote.ProtocolHandshake createSession
[MASTER] 14:17:07.178 [Thread-3] ERROR ExternalProcessHandler - Aug 20, 2020 6:17:07 AM org.openqa.selenium.remote.ProtocolHandshake createSession

INFO: Detected dialect: OSS
[MASTER] 14:17:07.178 [Thread-3] ERROR ExternalProcessHandler - INFO: Detected dialect: OSS

Aug 20, 2020 6:17:26 AM org.openqa.selenium.remote.ProtocolHandshake createSession
[MASTER] 14:17:26.069 [Thread-3] ERROR ExternalProcessHandler - Aug 20, 2020 6:17:26 AM org.openqa.selenium.remote.ProtocolHandshake createSession

INFO: Detected dialect: OSS
[MASTER] 14:17:26.069 [Thread-3] ERROR ExternalProcessHandler - INFO: Detected dialect: OSS

[MASTER] 14:17:51.777 [logback-2] ERROR TestCaseExecutor - TG: Exception caught: 
java.lang.IllegalStateException: Test generation failed: page object bug.
	at org.evosuite.testcase.execution.TestCaseExecutor.runTest(TestCaseExecutor.java:322) ~[evosuite-client-1.0.4-SNAPSHOT.jar:na]
	at org.evosuite.testcase.TestFitnessFunction.runTest(TestFitnessFunction.java:91) [evosuite-client-1.0.4-SNAPSHOT.jar:na]
	at org.evosuite.testcase.TestFitnessFunction.getFitness(TestFitnessFunction.java:60) [evosuite-client-1.0.4-SNAPSHOT.jar:na]
	at org.evosuite.testcase.TestFitnessFunction.getFitness(TestFitnessFunction.java:34) [evosuite-client-1.0.4-SNAPSHOT.jar:na]
	at org.evosuite.ga.metaheuristics.mosa.MOSA.calculateFitness(MOSA.java:155) [evosuite-client-1.0.4-SNAPSHOT.jar:na]
	at org.evosuite.ga.metaheuristics.mosa.AbstractMOSA.breedNextGeneration(AbstractMOSA.java:144) [evosuite-client-1.0.4-SNAPSHOT.jar:na]
	at org.evosuite.ga.metaheuristics.mosa.MOSA.evolve(MOSA.java:89) [evosuite-client-1.0.4-SNAPSHOT.jar:na]
	at org.evosuite.ga.metaheuristics.mosa.MOSA.generateSolution(MOSA.java:205) [evosuite-client-1.0.4-SNAPSHOT.jar:na]
	at org.evosuite.strategy.MOSuiteStrategy.generateTests(MOSuiteStrategy.java:127) [evosuite-client-1.0.4-SNAPSHOT.jar:na]
	at org.evosuite.TestSuiteGenerator.generateTests(TestSuiteGenerator.java:654) [evosuite-client-1.0.4-SNAPSHOT.jar:na]
	at org.evosuite.TestSuiteGenerator.generateTestSuite(TestSuiteGenerator.java:213) [evosuite-client-1.0.4-SNAPSHOT.jar:na]
	at org.evosuite.rmi.service.ClientNodeImpl$1.run(ClientNodeImpl.java:145) [evosuite-client-1.0.4-SNAPSHOT.jar:na]
	at java.util.concurrent.Executors$RunnableAdapter.call(Executors.java:511) [na:1.8.0_265]
	at java.util.concurrent.FutureTask.run(FutureTask.java:266) [na:1.8.0_265]
	at java.util.concurrent.ThreadPoolExecutor.runWorker(ThreadPoolExecutor.java:1149) [na:1.8.0_265]
	at java.util.concurrent.ThreadPoolExecutor$Worker.run(ThreadPoolExecutor.java:624) [na:1.8.0_265]
	at java.lang.Thread.run(Thread.java:748) [na:1.8.0_265]
Aug 20, 2020 6:17:51 AM org.openqa.selenium.remote.ProtocolHandshake createSession
[MASTER] 14:17:51.965 [Thread-3] ERROR ExternalProcessHandler - Aug 20, 2020 6:17:51 AM org.openqa.selenium.remote.ProtocolHandshake createSession

INFO: Detected dialect: OSS
[MASTER] 14:17:51.966 [Thread-3] ERROR ExternalProcessHandler - INFO: Detected dialect: OSS

Aug 20, 2020 6:17:52 AM org.openqa.selenium.remote.ProtocolHandshake createSession
[MASTER] 14:17:52.982 [Thread-3] ERROR ExternalProcessHandler - Aug 20, 2020 6:17:52 AM org.openqa.selenium.remote.ProtocolHandshake createSession

INFO: Detected dialect: OSS
[MASTER] 14:17:52.983 [Thread-3] ERROR ExternalProcessHandler - INFO: Detected dialect: OSS

Aug 20, 2020 6:17:53 AM org.openqa.selenium.remote.ProtocolHandshake createSession
[MASTER] 14:17:53.911 [Thread-3] ERROR ExternalProcessHandler - Aug 20, 2020 6:17:53 AM org.openqa.selenium.remote.ProtocolHandshake createSession

INFO: Detected dialect: OSS
[MASTER] 14:17:53.911 [Thread-3] ERROR ExternalProcessHandler - INFO: Detected dialect: OSS

Aug 20, 2020 6:17:55 AM org.openqa.selenium.remote.ProtocolHandshake createSession
[MASTER] 14:17:55.409 [Thread-3] ERROR ExternalProcessHandler - Aug 20, 2020 6:17:55 AM org.openqa.selenium.remote.ProtocolHandshake createSession

INFO: Detected dialect: OSS
[MASTER] 14:17:55.409 [Thread-3] ERROR ExternalProcessHandler - INFO: Detected dialect: OSS

Aug 20, 2020 6:17:58 AM po_utils.PageObjectLogging logInfo
[MASTER] 14:17:58.326 [Thread-3] ERROR ExternalProcessHandler - Aug 20, 2020 6:17:58 AM po_utils.PageObjectLogging logInfo

INFO: waitForElementBeingPresentOnPage timeout exception: unable to locate the element By.xpath: //button[text()="Create a new session"]
[MASTER] 14:17:58.327 [Thread-3] ERROR ExternalProcessHandler - INFO: waitForElementBeingPresentOnPage timeout exception: unable to locate the element By.xpath: //button[text()="Create a new session"]


[MASTER] 14:17:58.327 [Thread-3] ERROR ExternalProcessHandler - 


[MASTER] 14:17:58.327 [Thread-3] ERROR ExternalProcessHandler - 

Aug 20, 2020 6:18:00 AM org.openqa.selenium.remote.ProtocolHandshake createSession
[MASTER] 14:18:00.082 [Thread-3] ERROR ExternalProcessHandler - Aug 20, 2020 6:18:00 AM org.openqa.selenium.remote.ProtocolHandshake createSession

INFO: Detected dialect: OSS
[MASTER] 14:18:00.082 [Thread-3] ERROR ExternalProcessHandler - INFO: Detected dialect: OSS

Aug 20, 2020 6:18:06 AM po_utils.PageObjectLogging logInfo
[MASTER] 14:18:06.884 [Thread-3] ERROR ExternalProcessHandler - Aug 20, 2020 6:18:06 AM po_utils.PageObjectLogging logInfo

INFO: waitForElementBeingPresentOnPage timeout exception: unable to locate the element By.xpath: //button[text()="Create a new session"]
[MASTER] 14:18:06.885 [Thread-3] ERROR ExternalProcessHandler - INFO: waitForElementBeingPresentOnPage timeout exception: unable to locate the element By.xpath: //button[text()="Create a new session"]


[MASTER] 14:18:06.885 [Thread-3] ERROR ExternalProcessHandler - 


[MASTER] 14:18:06.885 [Thread-3] ERROR ExternalProcessHandler - 

Aug 20, 2020 6:18:12 AM org.openqa.selenium.remote.ProtocolHandshake createSession
[MASTER] 14:18:12.139 [Thread-3] ERROR ExternalProcessHandler - Aug 20, 2020 6:18:12 AM org.openqa.selenium.remote.ProtocolHandshake createSession

INFO: Detected dialect: OSS
[MASTER] 14:18:12.139 [Thread-3] ERROR ExternalProcessHandler - INFO: Detected dialect: OSS

Aug 20, 2020 6:18:22 AM po_utils.PageObjectLogging logInfo
[MASTER] 14:18:22.665 [Thread-3] ERROR ExternalProcessHandler - Aug 20, 2020 6:18:22 AM po_utils.PageObjectLogging logInfo

INFO: waitForElementBeingPresentOnPage timeout exception: unable to locate the element By.xpath: //button[text()="Create a new session"]
[MASTER] 14:18:22.666 [Thread-3] ERROR ExternalProcessHandler - INFO: waitForElementBeingPresentOnPage timeout exception: unable to locate the element By.xpath: //button[text()="Create a new session"]


[MASTER] 14:18:22.666 [Thread-3] ERROR ExternalProcessHandler - 


[MASTER] 14:18:22.666 [Thread-3] ERROR ExternalProcessHandler - 

Aug 20, 2020 6:18:31 AM org.openqa.selenium.remote.ProtocolHandshake createSession
[MASTER] 14:18:31.367 [Thread-3] ERROR ExternalProcessHandler - Aug 20, 2020 6:18:31 AM org.openqa.selenium.remote.ProtocolHandshake createSession

INFO: Detected dialect: OSS
[MASTER] 14:18:31.367 [Thread-3] ERROR ExternalProcessHandler - INFO: Detected dialect: OSS

Aug 20, 2020 6:18:45 AM po_utils.PageObjectLogging logInfo
[MASTER] 14:18:45.699 [Thread-3] ERROR ExternalProcessHandler - Aug 20, 2020 6:18:45 AM po_utils.PageObjectLogging logInfo

INFO: waitForElementBeingPresentOnPage timeout exception: unable to locate the element By.xpath: //button[text()="Create a new session"]
[MASTER] 14:18:45.699 [Thread-3] ERROR ExternalProcessHandler - INFO: waitForElementBeingPresentOnPage timeout exception: unable to locate the element By.xpath: //button[text()="Create a new session"]


[MASTER] 14:18:45.699 [Thread-3] ERROR ExternalProcessHandler - 


[MASTER] 14:18:45.699 [Thread-3] ERROR ExternalProcessHandler - 

[MASTER] 14:18:57.812 [logback-2] ERROR TestCaseExecutor - TG: Exception caught: 
java.lang.IllegalStateException: Test generation failed: page object bug.
	at org.evosuite.testcase.execution.TestCaseExecutor.runTest(TestCaseExecutor.java:322) ~[evosuite-client-1.0.4-SNAPSHOT.jar:na]
	at org.evosuite.testcase.TestFitnessFunction.runTest(TestFitnessFunction.java:91) [evosuite-client-1.0.4-SNAPSHOT.jar:na]
	at org.evosuite.testcase.TestFitnessFunction.getFitness(TestFitnessFunction.java:60) [evosuite-client-1.0.4-SNAPSHOT.jar:na]
	at org.evosuite.testcase.TestFitnessFunction.getFitness(TestFitnessFunction.java:34) [evosuite-client-1.0.4-SNAPSHOT.jar:na]
	at org.evosuite.ga.metaheuristics.mosa.MOSA.calculateFitness(MOSA.java:155) [evosuite-client-1.0.4-SNAPSHOT.jar:na]
	at org.evosuite.ga.metaheuristics.mosa.AbstractMOSA.breedNextGeneration(AbstractMOSA.java:153) [evosuite-client-1.0.4-SNAPSHOT.jar:na]
	at org.evosuite.ga.metaheuristics.mosa.MOSA.evolve(MOSA.java:89) [evosuite-client-1.0.4-SNAPSHOT.jar:na]
	at org.evosuite.ga.metaheuristics.mosa.MOSA.generateSolution(MOSA.java:205) [evosuite-client-1.0.4-SNAPSHOT.jar:na]
	at org.evosuite.strategy.MOSuiteStrategy.generateTests(MOSuiteStrategy.java:127) [evosuite-client-1.0.4-SNAPSHOT.jar:na]
	at org.evosuite.TestSuiteGenerator.generateTests(TestSuiteGenerator.java:654) [evosuite-client-1.0.4-SNAPSHOT.jar:na]
	at org.evosuite.TestSuiteGenerator.generateTestSuite(TestSuiteGenerator.java:213) [evosuite-client-1.0.4-SNAPSHOT.jar:na]
	at org.evosuite.rmi.service.ClientNodeImpl$1.run(ClientNodeImpl.java:145) [evosuite-client-1.0.4-SNAPSHOT.jar:na]
	at java.util.concurrent.Executors$RunnableAdapter.call(Executors.java:511) [na:1.8.0_265]
	at java.util.concurrent.FutureTask.run(FutureTask.java:266) [na:1.8.0_265]
	at java.util.concurrent.ThreadPoolExecutor.runWorker(ThreadPoolExecutor.java:1149) [na:1.8.0_265]
	at java.util.concurrent.ThreadPoolExecutor$Worker.run(ThreadPoolExecutor.java:624) [na:1.8.0_265]
	at java.lang.Thread.run(Thread.java:748) [na:1.8.0_265]
Aug 20, 2020 6:18:58 AM org.openqa.selenium.remote.ProtocolHandshake createSession
[MASTER] 14:18:58.000 [Thread-3] ERROR ExternalProcessHandler - Aug 20, 2020 6:18:58 AM org.openqa.selenium.remote.ProtocolHandshake createSession

INFO: Detected dialect: OSS
[MASTER] 14:18:58.001 [Thread-3] ERROR ExternalProcessHandler - INFO: Detected dialect: OSS

Aug 20, 2020 6:19:02 AM org.openqa.selenium.remote.ProtocolHandshake createSession
[MASTER] 14:19:02.893 [Thread-3] ERROR ExternalProcessHandler - Aug 20, 2020 6:19:02 AM org.openqa.selenium.remote.ProtocolHandshake createSession

INFO: Detected dialect: OSS
[MASTER] 14:19:02.893 [Thread-3] ERROR ExternalProcessHandler - INFO: Detected dialect: OSS

Aug 20, 2020 6:19:12 AM org.openqa.selenium.remote.ProtocolHandshake createSession
[MASTER] 14:19:12.071 [Thread-3] ERROR ExternalProcessHandler - Aug 20, 2020 6:19:12 AM org.openqa.selenium.remote.ProtocolHandshake createSession

INFO: Detected dialect: OSS
[MASTER] 14:19:12.071 [Thread-3] ERROR ExternalProcessHandler - INFO: Detected dialect: OSS

Aug 20, 2020 6:19:25 AM org.openqa.selenium.remote.ProtocolHandshake createSession
[MASTER] 14:19:25.472 [Thread-3] ERROR ExternalProcessHandler - Aug 20, 2020 6:19:25 AM org.openqa.selenium.remote.ProtocolHandshake createSession

INFO: Detected dialect: OSS
[MASTER] 14:19:25.472 [Thread-3] ERROR ExternalProcessHandler - INFO: Detected dialect: OSS

[MASTER] 14:19:42.926 [logback-2] ERROR TestCaseExecutor - TG: Exception caught: 
java.lang.IllegalStateException: Test generation failed: page object bug.
	at org.evosuite.testcase.execution.TestCaseExecutor.runTest(TestCaseExecutor.java:322) ~[evosuite-client-1.0.4-SNAPSHOT.jar:na]
	at org.evosuite.testcase.TestFitnessFunction.runTest(TestFitnessFunction.java:91) [evosuite-client-1.0.4-SNAPSHOT.jar:na]
	at org.evosuite.testcase.TestFitnessFunction.getFitness(TestFitnessFunction.java:60) [evosuite-client-1.0.4-SNAPSHOT.jar:na]
	at org.evosuite.testcase.TestFitnessFunction.getFitness(TestFitnessFunction.java:34) [evosuite-client-1.0.4-SNAPSHOT.jar:na]
	at org.evosuite.ga.metaheuristics.mosa.MOSA.calculateFitness(MOSA.java:155) [evosuite-client-1.0.4-SNAPSHOT.jar:na]
	at org.evosuite.ga.metaheuristics.mosa.AbstractMOSA.breedNextGeneration(AbstractMOSA.java:144) [evosuite-client-1.0.4-SNAPSHOT.jar:na]
	at org.evosuite.ga.metaheuristics.mosa.MOSA.evolve(MOSA.java:89) [evosuite-client-1.0.4-SNAPSHOT.jar:na]
	at org.evosuite.ga.metaheuristics.mosa.MOSA.generateSolution(MOSA.java:205) [evosuite-client-1.0.4-SNAPSHOT.jar:na]
	at org.evosuite.strategy.MOSuiteStrategy.generateTests(MOSuiteStrategy.java:127) [evosuite-client-1.0.4-SNAPSHOT.jar:na]
	at org.evosuite.TestSuiteGenerator.generateTests(TestSuiteGenerator.java:654) [evosuite-client-1.0.4-SNAPSHOT.jar:na]
	at org.evosuite.TestSuiteGenerator.generateTestSuite(TestSuiteGenerator.java:213) [evosuite-client-1.0.4-SNAPSHOT.jar:na]
	at org.evosuite.rmi.service.ClientNodeImpl$1.run(ClientNodeImpl.java:145) [evosuite-client-1.0.4-SNAPSHOT.jar:na]
	at java.util.concurrent.Executors$RunnableAdapter.call(Executors.java:511) [na:1.8.0_265]
	at java.util.concurrent.FutureTask.run(FutureTask.java:266) [na:1.8.0_265]
	at java.util.concurrent.ThreadPoolExecutor.runWorker(ThreadPoolExecutor.java:1149) [na:1.8.0_265]
	at java.util.concurrent.ThreadPoolExecutor$Worker.run(ThreadPoolExecutor.java:624) [na:1.8.0_265]
	at java.lang.Thread.run(Thread.java:748) [na:1.8.0_265]
Aug 20, 2020 6:19:43 AM org.openqa.selenium.remote.ProtocolHandshake createSession
[MASTER] 14:19:43.130 [Thread-3] ERROR ExternalProcessHandler - Aug 20, 2020 6:19:43 AM org.openqa.selenium.remote.ProtocolHandshake createSession

INFO: Detected dialect: OSS
[MASTER] 14:19:43.130 [Thread-3] ERROR ExternalProcessHandler - INFO: Detected dialect: OSS

Aug 20, 2020 6:19:44 AM org.openqa.selenium.remote.ProtocolHandshake createSession
[MASTER] 14:19:44.034 [Thread-3] ERROR ExternalProcessHandler - Aug 20, 2020 6:19:44 AM org.openqa.selenium.remote.ProtocolHandshake createSession

INFO: Detected dialect: OSS
[MASTER] 14:19:44.035 [Thread-3] ERROR ExternalProcessHandler - INFO: Detected dialect: OSS

Aug 20, 2020 6:19:45 AM po_utils.PageObjectLogging logInfo
[MASTER] 14:19:45.834 [Thread-3] ERROR ExternalProcessHandler - Aug 20, 2020 6:19:45 AM po_utils.PageObjectLogging logInfo

INFO: waitForElementBeingPresentOnPage timeout exception: unable to locate the element By.xpath: //button[text()="Create a new session"]
[MASTER] 14:19:45.835 [Thread-3] ERROR ExternalProcessHandler - INFO: waitForElementBeingPresentOnPage timeout exception: unable to locate the element By.xpath: //button[text()="Create a new session"]


[MASTER] 14:19:45.835 [Thread-3] ERROR ExternalProcessHandler - 


[MASTER] 14:19:45.835 [Thread-3] ERROR ExternalProcessHandler - 

Aug 20, 2020 6:19:46 AM org.openqa.selenium.remote.ProtocolHandshake createSession
[MASTER] 14:19:46.264 [Thread-3] ERROR ExternalProcessHandler - Aug 20, 2020 6:19:46 AM org.openqa.selenium.remote.ProtocolHandshake createSession

INFO: Detected dialect: OSS
[MASTER] 14:19:46.264 [Thread-3] ERROR ExternalProcessHandler - INFO: Detected dialect: OSS

Aug 20, 2020 6:19:48 AM org.openqa.selenium.remote.ProtocolHandshake createSession
[MASTER] 14:19:48.362 [Thread-3] ERROR ExternalProcessHandler - Aug 20, 2020 6:19:48 AM org.openqa.selenium.remote.ProtocolHandshake createSession

INFO: Detected dialect: OSS
[MASTER] 14:19:48.362 [Thread-3] ERROR ExternalProcessHandler - INFO: Detected dialect: OSS

Aug 20, 2020 6:19:49 AM org.openqa.selenium.remote.ProtocolHandshake createSession
[MASTER] 14:19:49.398 [Thread-3] ERROR ExternalProcessHandler - Aug 20, 2020 6:19:49 AM org.openqa.selenium.remote.ProtocolHandshake createSession

INFO: Detected dialect: OSS
[MASTER] 14:19:49.398 [Thread-3] ERROR ExternalProcessHandler - INFO: Detected dialect: OSS

Aug 20, 2020 6:19:50 AM org.openqa.selenium.remote.ProtocolHandshake createSession
[MASTER] 14:19:50.262 [Thread-3] ERROR ExternalProcessHandler - Aug 20, 2020 6:19:50 AM org.openqa.selenium.remote.ProtocolHandshake createSession

INFO: Detected dialect: OSS
[MASTER] 14:19:50.263 [Thread-3] ERROR ExternalProcessHandler - INFO: Detected dialect: OSS

Aug 20, 2020 6:19:51 AM org.openqa.selenium.remote.ProtocolHandshake createSession
[MASTER] 14:19:51.267 [Thread-3] ERROR ExternalProcessHandler - Aug 20, 2020 6:19:51 AM org.openqa.selenium.remote.ProtocolHandshake createSession

INFO: Detected dialect: OSS
[MASTER] 14:19:51.267 [Thread-3] ERROR ExternalProcessHandler - INFO: Detected dialect: OSS

Aug 20, 2020 6:19:52 AM org.openqa.selenium.remote.ProtocolHandshake createSession
[MASTER] 14:19:52.280 [Thread-3] ERROR ExternalProcessHandler - Aug 20, 2020 6:19:52 AM org.openqa.selenium.remote.ProtocolHandshake createSession

INFO: Detected dialect: OSS
[MASTER] 14:19:52.280 [Thread-3] ERROR ExternalProcessHandler - INFO: Detected dialect: OSS

Aug 20, 2020 6:19:53 AM org.openqa.selenium.remote.ProtocolHandshake createSession
[MASTER] 14:19:53.536 [Thread-3] ERROR ExternalProcessHandler - Aug 20, 2020 6:19:53 AM org.openqa.selenium.remote.ProtocolHandshake createSession

INFO: Detected dialect: OSS
[MASTER] 14:19:53.537 [Thread-3] ERROR ExternalProcessHandler - INFO: Detected dialect: OSS

Aug 20, 2020 6:19:57 AM org.openqa.selenium.remote.ProtocolHandshake createSession
[MASTER] 14:19:57.149 [Thread-3] ERROR ExternalProcessHandler - Aug 20, 2020 6:19:57 AM org.openqa.selenium.remote.ProtocolHandshake createSession

INFO: Detected dialect: OSS
[MASTER] 14:19:57.150 [Thread-3] ERROR ExternalProcessHandler - INFO: Detected dialect: OSS

Aug 20, 2020 6:20:07 AM org.openqa.selenium.remote.ProtocolHandshake createSession
[MASTER] 14:20:07.193 [Thread-3] ERROR ExternalProcessHandler - Aug 20, 2020 6:20:07 AM org.openqa.selenium.remote.ProtocolHandshake createSession

INFO: Detected dialect: OSS
[MASTER] 14:20:07.194 [Thread-3] ERROR ExternalProcessHandler - INFO: Detected dialect: OSS

Aug 20, 2020 6:20:23 AM org.openqa.selenium.remote.ProtocolHandshake createSession
[MASTER] 14:20:23.758 [Thread-3] ERROR ExternalProcessHandler - Aug 20, 2020 6:20:23 AM org.openqa.selenium.remote.ProtocolHandshake createSession

INFO: Detected dialect: OSS
[MASTER] 14:20:23.759 [Thread-3] ERROR ExternalProcessHandler - INFO: Detected dialect: OSS

[MASTER] 14:20:46.628 [logback-2] ERROR TestCaseExecutor - TG: Exception caught: 
java.lang.IllegalStateException: Test generation failed: page object bug.
	at org.evosuite.testcase.execution.TestCaseExecutor.runTest(TestCaseExecutor.java:322) ~[evosuite-client-1.0.4-SNAPSHOT.jar:na]
	at org.evosuite.testcase.TestFitnessFunction.runTest(TestFitnessFunction.java:91) [evosuite-client-1.0.4-SNAPSHOT.jar:na]
	at org.evosuite.testcase.TestFitnessFunction.getFitness(TestFitnessFunction.java:60) [evosuite-client-1.0.4-SNAPSHOT.jar:na]
	at org.evosuite.testcase.TestFitnessFunction.getFitness(TestFitnessFunction.java:34) [evosuite-client-1.0.4-SNAPSHOT.jar:na]
	at org.evosuite.ga.metaheuristics.mosa.MOSA.calculateFitness(MOSA.java:155) [evosuite-client-1.0.4-SNAPSHOT.jar:na]
	at org.evosuite.ga.metaheuristics.mosa.AbstractMOSA.breedNextGeneration(AbstractMOSA.java:153) [evosuite-client-1.0.4-SNAPSHOT.jar:na]
	at org.evosuite.ga.metaheuristics.mosa.MOSA.evolve(MOSA.java:89) [evosuite-client-1.0.4-SNAPSHOT.jar:na]
	at org.evosuite.ga.metaheuristics.mosa.MOSA.generateSolution(MOSA.java:205) [evosuite-client-1.0.4-SNAPSHOT.jar:na]
	at org.evosuite.strategy.MOSuiteStrategy.generateTests(MOSuiteStrategy.java:127) [evosuite-client-1.0.4-SNAPSHOT.jar:na]
	at org.evosuite.TestSuiteGenerator.generateTests(TestSuiteGenerator.java:654) [evosuite-client-1.0.4-SNAPSHOT.jar:na]
	at org.evosuite.TestSuiteGenerator.generateTestSuite(TestSuiteGenerator.java:213) [evosuite-client-1.0.4-SNAPSHOT.jar:na]
	at org.evosuite.rmi.service.ClientNodeImpl$1.run(ClientNodeImpl.java:145) [evosuite-client-1.0.4-SNAPSHOT.jar:na]
	at java.util.concurrent.Executors$RunnableAdapter.call(Executors.java:511) [na:1.8.0_265]
	at java.util.concurrent.FutureTask.run(FutureTask.java:266) [na:1.8.0_265]
	at java.util.concurrent.ThreadPoolExecutor.runWorker(ThreadPoolExecutor.java:1149) [na:1.8.0_265]
	at java.util.concurrent.ThreadPoolExecutor$Worker.run(ThreadPoolExecutor.java:624) [na:1.8.0_265]
	at java.lang.Thread.run(Thread.java:748) [na:1.8.0_265]
Aug 20, 2020 6:20:46 AM org.openqa.selenium.remote.ProtocolHandshake createSession
[MASTER] 14:20:46.818 [Thread-3] ERROR ExternalProcessHandler - Aug 20, 2020 6:20:46 AM org.openqa.selenium.remote.ProtocolHandshake createSession

INFO: Detected dialect: OSS
[MASTER] 14:20:46.819 [Thread-3] ERROR ExternalProcessHandler - INFO: Detected dialect: OSS

Aug 20, 2020 6:20:47 AM org.openqa.selenium.remote.ProtocolHandshake createSession
[MASTER] 14:20:47.699 [Thread-3] ERROR ExternalProcessHandler - Aug 20, 2020 6:20:47 AM org.openqa.selenium.remote.ProtocolHandshake createSession

INFO: Detected dialect: OSS
[MASTER] 14:20:47.700 [Thread-3] ERROR ExternalProcessHandler - INFO: Detected dialect: OSS

Aug 20, 2020 6:20:51 AM org.openqa.selenium.remote.ProtocolHandshake createSession
[MASTER] 14:20:51.882 [Thread-3] ERROR ExternalProcessHandler - Aug 20, 2020 6:20:51 AM org.openqa.selenium.remote.ProtocolHandshake createSession

INFO: Detected dialect: OSS
[MASTER] 14:20:51.882 [Thread-3] ERROR ExternalProcessHandler - INFO: Detected dialect: OSS

Aug 20, 2020 6:21:00 AM org.openqa.selenium.remote.ProtocolHandshake createSession
[MASTER] 14:21:00.011 [Thread-3] ERROR ExternalProcessHandler - Aug 20, 2020 6:21:00 AM org.openqa.selenium.remote.ProtocolHandshake createSession

INFO: Detected dialect: OSS
[MASTER] 14:21:00.011 [Thread-3] ERROR ExternalProcessHandler - INFO: Detected dialect: OSS

Aug 20, 2020 6:21:11 AM org.openqa.selenium.remote.ProtocolHandshake createSession
[MASTER] 14:21:11.855 [Thread-3] ERROR ExternalProcessHandler - Aug 20, 2020 6:21:11 AM org.openqa.selenium.remote.ProtocolHandshake createSession

INFO: Detected dialect: OSS
[MASTER] 14:21:11.855 [Thread-3] ERROR ExternalProcessHandler - INFO: Detected dialect: OSS

[MASTER] 14:21:27.338 [logback-2] ERROR TestCaseExecutor - TG: Exception caught: 
java.lang.IllegalStateException: Test generation failed: page object bug.
	at org.evosuite.testcase.execution.TestCaseExecutor.runTest(TestCaseExecutor.java:322) ~[evosuite-client-1.0.4-SNAPSHOT.jar:na]
	at org.evosuite.testcase.TestFitnessFunction.runTest(TestFitnessFunction.java:91) [evosuite-client-1.0.4-SNAPSHOT.jar:na]
	at org.evosuite.testcase.TestFitnessFunction.getFitness(TestFitnessFunction.java:60) [evosuite-client-1.0.4-SNAPSHOT.jar:na]
	at org.evosuite.testcase.TestFitnessFunction.getFitness(TestFitnessFunction.java:34) [evosuite-client-1.0.4-SNAPSHOT.jar:na]
	at org.evosuite.ga.metaheuristics.mosa.MOSA.calculateFitness(MOSA.java:155) [evosuite-client-1.0.4-SNAPSHOT.jar:na]
	at org.evosuite.ga.metaheuristics.mosa.AbstractMOSA.breedNextGeneration(AbstractMOSA.java:153) [evosuite-client-1.0.4-SNAPSHOT.jar:na]
	at org.evosuite.ga.metaheuristics.mosa.MOSA.evolve(MOSA.java:89) [evosuite-client-1.0.4-SNAPSHOT.jar:na]
	at org.evosuite.ga.metaheuristics.mosa.MOSA.generateSolution(MOSA.java:205) [evosuite-client-1.0.4-SNAPSHOT.jar:na]
	at org.evosuite.strategy.MOSuiteStrategy.generateTests(MOSuiteStrategy.java:127) [evosuite-client-1.0.4-SNAPSHOT.jar:na]
	at org.evosuite.TestSuiteGenerator.generateTests(TestSuiteGenerator.java:654) [evosuite-client-1.0.4-SNAPSHOT.jar:na]
	at org.evosuite.TestSuiteGenerator.generateTestSuite(TestSuiteGenerator.java:213) [evosuite-client-1.0.4-SNAPSHOT.jar:na]
	at org.evosuite.rmi.service.ClientNodeImpl$1.run(ClientNodeImpl.java:145) [evosuite-client-1.0.4-SNAPSHOT.jar:na]
	at java.util.concurrent.Executors$RunnableAdapter.call(Executors.java:511) [na:1.8.0_265]
	at java.util.concurrent.FutureTask.run(FutureTask.java:266) [na:1.8.0_265]
	at java.util.concurrent.ThreadPoolExecutor.runWorker(ThreadPoolExecutor.java:1149) [na:1.8.0_265]
	at java.util.concurrent.ThreadPoolExecutor$Worker.run(ThreadPoolExecutor.java:624) [na:1.8.0_265]
	at java.lang.Thread.run(Thread.java:748) [na:1.8.0_265]
Aug 20, 2020 6:21:27 AM org.openqa.selenium.remote.ProtocolHandshake createSession
[MASTER] 14:21:27.530 [Thread-3] ERROR ExternalProcessHandler - Aug 20, 2020 6:21:27 AM org.openqa.selenium.remote.ProtocolHandshake createSession

INFO: Detected dialect: OSS
[MASTER] 14:21:27.531 [Thread-3] ERROR ExternalProcessHandler - INFO: Detected dialect: OSS

Aug 20, 2020 6:21:30 AM org.openqa.selenium.remote.ProtocolHandshake createSession
[MASTER] 14:21:30.863 [Thread-3] ERROR ExternalProcessHandler - Aug 20, 2020 6:21:30 AM org.openqa.selenium.remote.ProtocolHandshake createSession

INFO: Detected dialect: OSS
[MASTER] 14:21:30.863 [Thread-3] ERROR ExternalProcessHandler - INFO: Detected dialect: OSS

Aug 20, 2020 6:21:38 AM org.openqa.selenium.remote.ProtocolHandshake createSession
[MASTER] 14:21:38.361 [Thread-3] ERROR ExternalProcessHandler - Aug 20, 2020 6:21:38 AM org.openqa.selenium.remote.ProtocolHandshake createSession

INFO: Detected dialect: OSS
[MASTER] 14:21:38.361 [Thread-3] ERROR ExternalProcessHandler - INFO: Detected dialect: OSS

Aug 20, 2020 6:21:50 AM org.openqa.selenium.remote.ProtocolHandshake createSession
[MASTER] 14:21:50.112 [Thread-3] ERROR ExternalProcessHandler - Aug 20, 2020 6:21:50 AM org.openqa.selenium.remote.ProtocolHandshake createSession

INFO: Detected dialect: OSS
[MASTER] 14:21:50.112 [Thread-3] ERROR ExternalProcessHandler - INFO: Detected dialect: OSS

[MASTER] 14:22:05.906 [logback-2] ERROR TestCaseExecutor - TG: Exception caught: 
java.lang.IllegalStateException: Test generation failed: page object bug.
	at org.evosuite.testcase.execution.TestCaseExecutor.runTest(TestCaseExecutor.java:322) ~[evosuite-client-1.0.4-SNAPSHOT.jar:na]
	at org.evosuite.testcase.TestFitnessFunction.runTest(TestFitnessFunction.java:91) [evosuite-client-1.0.4-SNAPSHOT.jar:na]
	at org.evosuite.testcase.TestFitnessFunction.getFitness(TestFitnessFunction.java:60) [evosuite-client-1.0.4-SNAPSHOT.jar:na]
	at org.evosuite.testcase.TestFitnessFunction.getFitness(TestFitnessFunction.java:34) [evosuite-client-1.0.4-SNAPSHOT.jar:na]
	at org.evosuite.ga.metaheuristics.mosa.MOSA.calculateFitness(MOSA.java:155) [evosuite-client-1.0.4-SNAPSHOT.jar:na]
	at org.evosuite.ga.metaheuristics.mosa.AbstractMOSA.breedNextGeneration(AbstractMOSA.java:144) [evosuite-client-1.0.4-SNAPSHOT.jar:na]
	at org.evosuite.ga.metaheuristics.mosa.MOSA.evolve(MOSA.java:89) [evosuite-client-1.0.4-SNAPSHOT.jar:na]
	at org.evosuite.ga.metaheuristics.mosa.MOSA.generateSolution(MOSA.java:205) [evosuite-client-1.0.4-SNAPSHOT.jar:na]
	at org.evosuite.strategy.MOSuiteStrategy.generateTests(MOSuiteStrategy.java:127) [evosuite-client-1.0.4-SNAPSHOT.jar:na]
	at org.evosuite.TestSuiteGenerator.generateTests(TestSuiteGenerator.java:654) [evosuite-client-1.0.4-SNAPSHOT.jar:na]
	at org.evosuite.TestSuiteGenerator.generateTestSuite(TestSuiteGenerator.java:213) [evosuite-client-1.0.4-SNAPSHOT.jar:na]
	at org.evosuite.rmi.service.ClientNodeImpl$1.run(ClientNodeImpl.java:145) [evosuite-client-1.0.4-SNAPSHOT.jar:na]
	at java.util.concurrent.Executors$RunnableAdapter.call(Executors.java:511) [na:1.8.0_265]
	at java.util.concurrent.FutureTask.run(FutureTask.java:266) [na:1.8.0_265]
	at java.util.concurrent.ThreadPoolExecutor.runWorker(ThreadPoolExecutor.java:1149) [na:1.8.0_265]
	at java.util.concurrent.ThreadPoolExecutor$Worker.run(ThreadPoolExecutor.java:624) [na:1.8.0_265]
	at java.lang.Thread.run(Thread.java:748) [na:1.8.0_265]
Aug 20, 2020 6:22:06 AM org.openqa.selenium.remote.ProtocolHandshake createSession
[MASTER] 14:22:06.069 [Thread-3] ERROR ExternalProcessHandler - Aug 20, 2020 6:22:06 AM org.openqa.selenium.remote.ProtocolHandshake createSession

INFO: Detected dialect: OSS
[MASTER] 14:22:06.069 [Thread-3] ERROR ExternalProcessHandler - INFO: Detected dialect: OSS

Aug 20, 2020 6:22:08 AM org.openqa.selenium.remote.ProtocolHandshake createSession
[MASTER] 14:22:08.232 [Thread-3] ERROR ExternalProcessHandler - Aug 20, 2020 6:22:08 AM org.openqa.selenium.remote.ProtocolHandshake createSession

INFO: Detected dialect: OSS
[MASTER] 14:22:08.233 [Thread-3] ERROR ExternalProcessHandler - INFO: Detected dialect: OSS

Aug 20, 2020 6:22:09 AM org.openqa.selenium.remote.ProtocolHandshake createSession
[MASTER] 14:22:09.604 [Thread-3] ERROR ExternalProcessHandler - Aug 20, 2020 6:22:09 AM org.openqa.selenium.remote.ProtocolHandshake createSession

INFO: Detected dialect: OSS
[MASTER] 14:22:09.604 [Thread-3] ERROR ExternalProcessHandler - INFO: Detected dialect: OSS

Aug 20, 2020 6:22:11 AM org.openqa.selenium.remote.ProtocolHandshake createSession
[MASTER] 14:22:11.483 [Thread-3] ERROR ExternalProcessHandler - Aug 20, 2020 6:22:11 AM org.openqa.selenium.remote.ProtocolHandshake createSession

INFO: Detected dialect: OSS
[MASTER] 14:22:11.484 [Thread-3] ERROR ExternalProcessHandler - INFO: Detected dialect: OSS

Aug 20, 2020 6:22:15 AM org.openqa.selenium.remote.ProtocolHandshake createSession
[MASTER] 14:22:15.613 [Thread-3] ERROR ExternalProcessHandler - Aug 20, 2020 6:22:15 AM org.openqa.selenium.remote.ProtocolHandshake createSession

INFO: Detected dialect: OSS
[MASTER] 14:22:15.613 [Thread-3] ERROR ExternalProcessHandler - INFO: Detected dialect: OSS

Aug 20, 2020 6:22:21 AM org.openqa.selenium.remote.ProtocolHandshake createSession
[MASTER] 14:22:21.979 [Thread-3] ERROR ExternalProcessHandler - Aug 20, 2020 6:22:21 AM org.openqa.selenium.remote.ProtocolHandshake createSession

INFO: Detected dialect: OSS
[MASTER] 14:22:21.979 [Thread-3] ERROR ExternalProcessHandler - INFO: Detected dialect: OSS

[MASTER] 14:22:30.513 [logback-2] ERROR TestCaseExecutor - TG: Exception caught: 
java.lang.IllegalStateException: Test generation failed: page object bug.
	at org.evosuite.testcase.execution.TestCaseExecutor.runTest(TestCaseExecutor.java:322) ~[evosuite-client-1.0.4-SNAPSHOT.jar:na]
	at org.evosuite.testcase.TestFitnessFunction.runTest(TestFitnessFunction.java:91) [evosuite-client-1.0.4-SNAPSHOT.jar:na]
	at org.evosuite.testcase.TestFitnessFunction.getFitness(TestFitnessFunction.java:60) [evosuite-client-1.0.4-SNAPSHOT.jar:na]
	at org.evosuite.testcase.TestFitnessFunction.getFitness(TestFitnessFunction.java:34) [evosuite-client-1.0.4-SNAPSHOT.jar:na]
	at org.evosuite.ga.metaheuristics.mosa.MOSA.calculateFitness(MOSA.java:155) [evosuite-client-1.0.4-SNAPSHOT.jar:na]
	at org.evosuite.ga.metaheuristics.mosa.AbstractMOSA.breedNextGeneration(AbstractMOSA.java:153) [evosuite-client-1.0.4-SNAPSHOT.jar:na]
	at org.evosuite.ga.metaheuristics.mosa.MOSA.evolve(MOSA.java:89) [evosuite-client-1.0.4-SNAPSHOT.jar:na]
	at org.evosuite.ga.metaheuristics.mosa.MOSA.generateSolution(MOSA.java:205) [evosuite-client-1.0.4-SNAPSHOT.jar:na]
	at org.evosuite.strategy.MOSuiteStrategy.generateTests(MOSuiteStrategy.java:127) [evosuite-client-1.0.4-SNAPSHOT.jar:na]
	at org.evosuite.TestSuiteGenerator.generateTests(TestSuiteGenerator.java:654) [evosuite-client-1.0.4-SNAPSHOT.jar:na]
	at org.evosuite.TestSuiteGenerator.generateTestSuite(TestSuiteGenerator.java:213) [evosuite-client-1.0.4-SNAPSHOT.jar:na]
	at org.evosuite.rmi.service.ClientNodeImpl$1.run(ClientNodeImpl.java:145) [evosuite-client-1.0.4-SNAPSHOT.jar:na]
	at java.util.concurrent.Executors$RunnableAdapter.call(Executors.java:511) [na:1.8.0_265]
	at java.util.concurrent.FutureTask.run(FutureTask.java:266) [na:1.8.0_265]
	at java.util.concurrent.ThreadPoolExecutor.runWorker(ThreadPoolExecutor.java:1149) [na:1.8.0_265]
	at java.util.concurrent.ThreadPoolExecutor$Worker.run(ThreadPoolExecutor.java:624) [na:1.8.0_265]
	at java.lang.Thread.run(Thread.java:748) [na:1.8.0_265]
Aug 20, 2020 6:22:30 AM org.openqa.selenium.remote.ProtocolHandshake createSession
[MASTER] 14:22:30.709 [Thread-3] ERROR ExternalProcessHandler - Aug 20, 2020 6:22:30 AM org.openqa.selenium.remote.ProtocolHandshake createSession

INFO: Detected dialect: OSS
[MASTER] 14:22:30.709 [Thread-3] ERROR ExternalProcessHandler - INFO: Detected dialect: OSS

Aug 20, 2020 6:22:35 AM org.openqa.selenium.remote.ProtocolHandshake createSession
[MASTER] 14:22:35.400 [Thread-3] ERROR ExternalProcessHandler - Aug 20, 2020 6:22:35 AM org.openqa.selenium.remote.ProtocolHandshake createSession

INFO: Detected dialect: OSS
[MASTER] 14:22:35.400 [Thread-3] ERROR ExternalProcessHandler - INFO: Detected dialect: OSS

Aug 20, 2020 6:22:47 AM org.openqa.selenium.remote.ProtocolHandshake createSession
[MASTER] 14:22:47.044 [Thread-3] ERROR ExternalProcessHandler - Aug 20, 2020 6:22:47 AM org.openqa.selenium.remote.ProtocolHandshake createSession

INFO: Detected dialect: OSS
[MASTER] 14:22:47.044 [Thread-3] ERROR ExternalProcessHandler - INFO: Detected dialect: OSS

Aug 20, 2020 6:23:05 AM org.openqa.selenium.remote.ProtocolHandshake createSession
[MASTER] 14:23:05.423 [Thread-3] ERROR ExternalProcessHandler - Aug 20, 2020 6:23:05 AM org.openqa.selenium.remote.ProtocolHandshake createSession

INFO: Detected dialect: OSS
[MASTER] 14:23:05.423 [Thread-3] ERROR ExternalProcessHandler - INFO: Detected dialect: OSS

[MASTER] 14:23:30.414 [logback-2] ERROR TestCaseExecutor - TG: Exception caught: 
java.lang.IllegalStateException: Test generation failed: page object bug.
	at org.evosuite.testcase.execution.TestCaseExecutor.runTest(TestCaseExecutor.java:322) ~[evosuite-client-1.0.4-SNAPSHOT.jar:na]
	at org.evosuite.testcase.TestFitnessFunction.runTest(TestFitnessFunction.java:91) [evosuite-client-1.0.4-SNAPSHOT.jar:na]
	at org.evosuite.testcase.TestFitnessFunction.getFitness(TestFitnessFunction.java:60) [evosuite-client-1.0.4-SNAPSHOT.jar:na]
	at org.evosuite.testcase.TestFitnessFunction.getFitness(TestFitnessFunction.java:34) [evosuite-client-1.0.4-SNAPSHOT.jar:na]
	at org.evosuite.ga.metaheuristics.mosa.MOSA.calculateFitness(MOSA.java:155) [evosuite-client-1.0.4-SNAPSHOT.jar:na]
	at org.evosuite.ga.metaheuristics.mosa.AbstractMOSA.breedNextGeneration(AbstractMOSA.java:144) [evosuite-client-1.0.4-SNAPSHOT.jar:na]
	at org.evosuite.ga.metaheuristics.mosa.MOSA.evolve(MOSA.java:89) [evosuite-client-1.0.4-SNAPSHOT.jar:na]
	at org.evosuite.ga.metaheuristics.mosa.MOSA.generateSolution(MOSA.java:205) [evosuite-client-1.0.4-SNAPSHOT.jar:na]
	at org.evosuite.strategy.MOSuiteStrategy.generateTests(MOSuiteStrategy.java:127) [evosuite-client-1.0.4-SNAPSHOT.jar:na]
	at org.evosuite.TestSuiteGenerator.generateTests(TestSuiteGenerator.java:654) [evosuite-client-1.0.4-SNAPSHOT.jar:na]
	at org.evosuite.TestSuiteGenerator.generateTestSuite(TestSuiteGenerator.java:213) [evosuite-client-1.0.4-SNAPSHOT.jar:na]
	at org.evosuite.rmi.service.ClientNodeImpl$1.run(ClientNodeImpl.java:145) [evosuite-client-1.0.4-SNAPSHOT.jar:na]
	at java.util.concurrent.Executors$RunnableAdapter.call(Executors.java:511) [na:1.8.0_265]
	at java.util.concurrent.FutureTask.run(FutureTask.java:266) [na:1.8.0_265]
	at java.util.concurrent.ThreadPoolExecutor.runWorker(ThreadPoolExecutor.java:1149) [na:1.8.0_265]
	at java.util.concurrent.ThreadPoolExecutor$Worker.run(ThreadPoolExecutor.java:624) [na:1.8.0_265]
	at java.lang.Thread.run(Thread.java:748) [na:1.8.0_265]
Aug 20, 2020 6:23:30 AM org.openqa.selenium.remote.ProtocolHandshake createSession
[MASTER] 14:23:30.561 [Thread-3] ERROR ExternalProcessHandler - Aug 20, 2020 6:23:30 AM org.openqa.selenium.remote.ProtocolHandshake createSession

INFO: Detected dialect: OSS
[MASTER] 14:23:30.562 [Thread-3] ERROR ExternalProcessHandler - INFO: Detected dialect: OSS

Aug 20, 2020 6:23:32 AM org.openqa.selenium.remote.ProtocolHandshake createSession
[MASTER] 14:23:32.596 [Thread-3] ERROR ExternalProcessHandler - Aug 20, 2020 6:23:32 AM org.openqa.selenium.remote.ProtocolHandshake createSession

INFO: Detected dialect: OSS
[MASTER] 14:23:32.597 [Thread-3] ERROR ExternalProcessHandler - INFO: Detected dialect: OSS

Aug 20, 2020 6:23:33 AM org.openqa.selenium.remote.ProtocolHandshake createSession
[MASTER] 14:23:33.854 [Thread-3] ERROR ExternalProcessHandler - Aug 20, 2020 6:23:33 AM org.openqa.selenium.remote.ProtocolHandshake createSession

INFO: Detected dialect: OSS
[MASTER] 14:23:33.854 [Thread-3] ERROR ExternalProcessHandler - INFO: Detected dialect: OSS

Aug 20, 2020 6:23:36 AM org.openqa.selenium.remote.ProtocolHandshake createSession
[MASTER] 14:23:36.316 [Thread-3] ERROR ExternalProcessHandler - Aug 20, 2020 6:23:36 AM org.openqa.selenium.remote.ProtocolHandshake createSession

INFO: Detected dialect: OSS
[MASTER] 14:23:36.316 [Thread-3] ERROR ExternalProcessHandler - INFO: Detected dialect: OSS

Aug 20, 2020 6:23:37 AM org.openqa.selenium.remote.ProtocolHandshake createSession
[MASTER] 14:23:37.276 [Thread-3] ERROR ExternalProcessHandler - Aug 20, 2020 6:23:37 AM org.openqa.selenium.remote.ProtocolHandshake createSession

INFO: Detected dialect: OSS
[MASTER] 14:23:37.276 [Thread-3] ERROR ExternalProcessHandler - INFO: Detected dialect: OSS

Aug 20, 2020 6:23:39 AM org.openqa.selenium.remote.ProtocolHandshake createSession
[MASTER] 14:23:39.251 [Thread-3] ERROR ExternalProcessHandler - Aug 20, 2020 6:23:39 AM org.openqa.selenium.remote.ProtocolHandshake createSession

INFO: Detected dialect: OSS
[MASTER] 14:23:39.251 [Thread-3] ERROR ExternalProcessHandler - INFO: Detected dialect: OSS

Aug 20, 2020 6:23:45 AM org.openqa.selenium.remote.ProtocolHandshake createSession
[MASTER] 14:23:45.963 [Thread-3] ERROR ExternalProcessHandler - Aug 20, 2020 6:23:45 AM org.openqa.selenium.remote.ProtocolHandshake createSession

INFO: Detected dialect: OSS
[MASTER] 14:23:45.963 [Thread-3] ERROR ExternalProcessHandler - INFO: Detected dialect: OSS

Aug 20, 2020 6:23:50 AM org.openqa.selenium.remote.ProtocolHandshake createSession
[MASTER] 14:23:50.103 [Thread-3] ERROR ExternalProcessHandler - Aug 20, 2020 6:23:50 AM org.openqa.selenium.remote.ProtocolHandshake createSession

INFO: Detected dialect: OSS
[MASTER] 14:23:50.103 [Thread-3] ERROR ExternalProcessHandler - INFO: Detected dialect: OSS

Aug 20, 2020 6:23:59 AM org.openqa.selenium.remote.ProtocolHandshake createSession
[MASTER] 14:23:59.001 [Thread-3] ERROR ExternalProcessHandler - Aug 20, 2020 6:23:59 AM org.openqa.selenium.remote.ProtocolHandshake createSession

INFO: Detected dialect: OSS
[MASTER] 14:23:59.001 [Thread-3] ERROR ExternalProcessHandler - INFO: Detected dialect: OSS

Aug 20, 2020 6:24:12 AM org.openqa.selenium.remote.ProtocolHandshake createSession
[MASTER] 14:24:12.540 [Thread-3] ERROR ExternalProcessHandler - Aug 20, 2020 6:24:12 AM org.openqa.selenium.remote.ProtocolHandshake createSession

INFO: Detected dialect: OSS
[MASTER] 14:24:12.540 [Thread-3] ERROR ExternalProcessHandler - INFO: Detected dialect: OSS

[MASTER] 14:24:30.606 [logback-2] ERROR TestCaseExecutor - TG: Exception caught: 
java.lang.IllegalStateException: Test generation failed: page object bug.
	at org.evosuite.testcase.execution.TestCaseExecutor.runTest(TestCaseExecutor.java:322) ~[evosuite-client-1.0.4-SNAPSHOT.jar:na]
	at org.evosuite.testcase.TestFitnessFunction.runTest(TestFitnessFunction.java:91) [evosuite-client-1.0.4-SNAPSHOT.jar:na]
	at org.evosuite.testcase.TestFitnessFunction.getFitness(TestFitnessFunction.java:60) [evosuite-client-1.0.4-SNAPSHOT.jar:na]
	at org.evosuite.testcase.TestFitnessFunction.getFitness(TestFitnessFunction.java:34) [evosuite-client-1.0.4-SNAPSHOT.jar:na]
	at org.evosuite.ga.metaheuristics.mosa.MOSA.calculateFitness(MOSA.java:155) [evosuite-client-1.0.4-SNAPSHOT.jar:na]
	at org.evosuite.ga.metaheuristics.mosa.AbstractMOSA.breedNextGeneration(AbstractMOSA.java:144) [evosuite-client-1.0.4-SNAPSHOT.jar:na]
	at org.evosuite.ga.metaheuristics.mosa.MOSA.evolve(MOSA.java:89) [evosuite-client-1.0.4-SNAPSHOT.jar:na]
	at org.evosuite.ga.metaheuristics.mosa.MOSA.generateSolution(MOSA.java:205) [evosuite-client-1.0.4-SNAPSHOT.jar:na]
	at org.evosuite.strategy.MOSuiteStrategy.generateTests(MOSuiteStrategy.java:127) [evosuite-client-1.0.4-SNAPSHOT.jar:na]
	at org.evosuite.TestSuiteGenerator.generateTests(TestSuiteGenerator.java:654) [evosuite-client-1.0.4-SNAPSHOT.jar:na]
	at org.evosuite.TestSuiteGenerator.generateTestSuite(TestSuiteGenerator.java:213) [evosuite-client-1.0.4-SNAPSHOT.jar:na]
	at org.evosuite.rmi.service.ClientNodeImpl$1.run(ClientNodeImpl.java:145) [evosuite-client-1.0.4-SNAPSHOT.jar:na]
	at java.util.concurrent.Executors$RunnableAdapter.call(Executors.java:511) [na:1.8.0_265]
	at java.util.concurrent.FutureTask.run(FutureTask.java:266) [na:1.8.0_265]
	at java.util.concurrent.ThreadPoolExecutor.runWorker(ThreadPoolExecutor.java:1149) [na:1.8.0_265]
	at java.util.concurrent.ThreadPoolExecutor$Worker.run(ThreadPoolExecutor.java:624) [na:1.8.0_265]
	at java.lang.Thread.run(Thread.java:748) [na:1.8.0_265]
Aug 20, 2020 6:24:30 AM org.openqa.selenium.remote.ProtocolHandshake createSession
[MASTER] 14:24:30.796 [Thread-3] ERROR ExternalProcessHandler - Aug 20, 2020 6:24:30 AM org.openqa.selenium.remote.ProtocolHandshake createSession

INFO: Detected dialect: OSS
[MASTER] 14:24:30.797 [Thread-3] ERROR ExternalProcessHandler - INFO: Detected dialect: OSS

Aug 20, 2020 6:24:32 AM org.openqa.selenium.remote.ProtocolHandshake createSession
[MASTER] 14:24:32.013 [Thread-3] ERROR ExternalProcessHandler - Aug 20, 2020 6:24:32 AM org.openqa.selenium.remote.ProtocolHandshake createSession

INFO: Detected dialect: OSS
[MASTER] 14:24:32.013 [Thread-3] ERROR ExternalProcessHandler - INFO: Detected dialect: OSS

Aug 20, 2020 6:24:35 AM org.openqa.selenium.remote.ProtocolHandshake createSession
[MASTER] 14:24:35.707 [Thread-3] ERROR ExternalProcessHandler - Aug 20, 2020 6:24:35 AM org.openqa.selenium.remote.ProtocolHandshake createSession

INFO: Detected dialect: OSS
[MASTER] 14:24:35.708 [Thread-3] ERROR ExternalProcessHandler - INFO: Detected dialect: OSS

Aug 20, 2020 6:24:45 AM org.openqa.selenium.remote.ProtocolHandshake createSession
[MASTER] 14:24:45.962 [Thread-3] ERROR ExternalProcessHandler - Aug 20, 2020 6:24:45 AM org.openqa.selenium.remote.ProtocolHandshake createSession

INFO: Detected dialect: OSS
[MASTER] 14:24:45.962 [Thread-3] ERROR ExternalProcessHandler - INFO: Detected dialect: OSS

Aug 20, 2020 6:25:02 AM org.openqa.selenium.remote.ProtocolHandshake createSession
[MASTER] 14:25:02.565 [Thread-3] ERROR ExternalProcessHandler - Aug 20, 2020 6:25:02 AM org.openqa.selenium.remote.ProtocolHandshake createSession

INFO: Detected dialect: OSS
[MASTER] 14:25:02.566 [Thread-3] ERROR ExternalProcessHandler - INFO: Detected dialect: OSS

[MASTER] 14:25:25.306 [logback-2] ERROR TestCaseExecutor - TG: Exception caught: 
java.lang.IllegalStateException: Test generation failed: page object bug.
	at org.evosuite.testcase.execution.TestCaseExecutor.runTest(TestCaseExecutor.java:322) ~[evosuite-client-1.0.4-SNAPSHOT.jar:na]
	at org.evosuite.testcase.TestFitnessFunction.runTest(TestFitnessFunction.java:91) [evosuite-client-1.0.4-SNAPSHOT.jar:na]
	at org.evosuite.testcase.TestFitnessFunction.getFitness(TestFitnessFunction.java:60) [evosuite-client-1.0.4-SNAPSHOT.jar:na]
	at org.evosuite.testcase.TestFitnessFunction.getFitness(TestFitnessFunction.java:34) [evosuite-client-1.0.4-SNAPSHOT.jar:na]
	at org.evosuite.ga.metaheuristics.mosa.MOSA.calculateFitness(MOSA.java:155) [evosuite-client-1.0.4-SNAPSHOT.jar:na]
	at org.evosuite.ga.metaheuristics.mosa.AbstractMOSA.breedNextGeneration(AbstractMOSA.java:144) [evosuite-client-1.0.4-SNAPSHOT.jar:na]
	at org.evosuite.ga.metaheuristics.mosa.MOSA.evolve(MOSA.java:89) [evosuite-client-1.0.4-SNAPSHOT.jar:na]
	at org.evosuite.ga.metaheuristics.mosa.MOSA.generateSolution(MOSA.java:205) [evosuite-client-1.0.4-SNAPSHOT.jar:na]
	at org.evosuite.strategy.MOSuiteStrategy.generateTests(MOSuiteStrategy.java:127) [evosuite-client-1.0.4-SNAPSHOT.jar:na]
	at org.evosuite.TestSuiteGenerator.generateTests(TestSuiteGenerator.java:654) [evosuite-client-1.0.4-SNAPSHOT.jar:na]
	at org.evosuite.TestSuiteGenerator.generateTestSuite(TestSuiteGenerator.java:213) [evosuite-client-1.0.4-SNAPSHOT.jar:na]
	at org.evosuite.rmi.service.ClientNodeImpl$1.run(ClientNodeImpl.java:145) [evosuite-client-1.0.4-SNAPSHOT.jar:na]
	at java.util.concurrent.Executors$RunnableAdapter.call(Executors.java:511) [na:1.8.0_265]
	at java.util.concurrent.FutureTask.run(FutureTask.java:266) [na:1.8.0_265]
	at java.util.concurrent.ThreadPoolExecutor.runWorker(ThreadPoolExecutor.java:1149) [na:1.8.0_265]
	at java.util.concurrent.ThreadPoolExecutor$Worker.run(ThreadPoolExecutor.java:624) [na:1.8.0_265]
	at java.lang.Thread.run(Thread.java:748) [na:1.8.0_265]
Aug 20, 2020 6:25:25 AM org.openqa.selenium.remote.ProtocolHandshake createSession
[MASTER] 14:25:25.500 [Thread-3] ERROR ExternalProcessHandler - Aug 20, 2020 6:25:25 AM org.openqa.selenium.remote.ProtocolHandshake createSession

INFO: Detected dialect: OSS
[MASTER] 14:25:25.500 [Thread-3] ERROR ExternalProcessHandler - INFO: Detected dialect: OSS

Aug 20, 2020 6:25:26 AM org.openqa.selenium.remote.ProtocolHandshake createSession
[MASTER] 14:25:26.332 [Thread-3] ERROR ExternalProcessHandler - Aug 20, 2020 6:25:26 AM org.openqa.selenium.remote.ProtocolHandshake createSession

INFO: Detected dialect: OSS
[MASTER] 14:25:26.332 [Thread-3] ERROR ExternalProcessHandler - INFO: Detected dialect: OSS

Aug 20, 2020 6:25:28 AM org.openqa.selenium.remote.ProtocolHandshake createSession
[MASTER] 14:25:28.634 [Thread-3] ERROR ExternalProcessHandler - Aug 20, 2020 6:25:28 AM org.openqa.selenium.remote.ProtocolHandshake createSession

INFO: Detected dialect: OSS
[MASTER] 14:25:28.634 [Thread-3] ERROR ExternalProcessHandler - INFO: Detected dialect: OSS

Aug 20, 2020 6:25:30 AM org.openqa.selenium.remote.ProtocolHandshake createSession
[MASTER] 14:25:30.245 [Thread-3] ERROR ExternalProcessHandler - Aug 20, 2020 6:25:30 AM org.openqa.selenium.remote.ProtocolHandshake createSession

INFO: Detected dialect: OSS
[MASTER] 14:25:30.245 [Thread-3] ERROR ExternalProcessHandler - INFO: Detected dialect: OSS

Aug 20, 2020 6:25:33 AM org.openqa.selenium.remote.ProtocolHandshake createSession
[MASTER] 14:25:33.106 [Thread-3] ERROR ExternalProcessHandler - Aug 20, 2020 6:25:33 AM org.openqa.selenium.remote.ProtocolHandshake createSession

INFO: Detected dialect: OSS
[MASTER] 14:25:33.106 [Thread-3] ERROR ExternalProcessHandler - INFO: Detected dialect: OSS

Aug 20, 2020 6:25:37 AM org.openqa.selenium.remote.ProtocolHandshake createSession
[MASTER] 14:25:37.189 [Thread-3] ERROR ExternalProcessHandler - Aug 20, 2020 6:25:37 AM org.openqa.selenium.remote.ProtocolHandshake createSession

INFO: Detected dialect: OSS
[MASTER] 14:25:37.189 [Thread-3] ERROR ExternalProcessHandler - INFO: Detected dialect: OSS

[MASTER] 14:25:42.166 [logback-2] ERROR TestCaseExecutor - TG: Exception caught: 
java.lang.IllegalStateException: Test generation failed: page object bug.
	at org.evosuite.testcase.execution.TestCaseExecutor.runTest(TestCaseExecutor.java:322) ~[evosuite-client-1.0.4-SNAPSHOT.jar:na]
	at org.evosuite.testcase.TestFitnessFunction.runTest(TestFitnessFunction.java:91) [evosuite-client-1.0.4-SNAPSHOT.jar:na]
	at org.evosuite.testcase.TestFitnessFunction.getFitness(TestFitnessFunction.java:60) [evosuite-client-1.0.4-SNAPSHOT.jar:na]
	at org.evosuite.testcase.TestFitnessFunction.getFitness(TestFitnessFunction.java:34) [evosuite-client-1.0.4-SNAPSHOT.jar:na]
	at org.evosuite.ga.metaheuristics.mosa.MOSA.calculateFitness(MOSA.java:155) [evosuite-client-1.0.4-SNAPSHOT.jar:na]
	at org.evosuite.ga.metaheuristics.mosa.AbstractMOSA.breedNextGeneration(AbstractMOSA.java:144) [evosuite-client-1.0.4-SNAPSHOT.jar:na]
	at org.evosuite.ga.metaheuristics.mosa.MOSA.evolve(MOSA.java:89) [evosuite-client-1.0.4-SNAPSHOT.jar:na]
	at org.evosuite.ga.metaheuristics.mosa.MOSA.generateSolution(MOSA.java:205) [evosuite-client-1.0.4-SNAPSHOT.jar:na]
	at org.evosuite.strategy.MOSuiteStrategy.generateTests(MOSuiteStrategy.java:127) [evosuite-client-1.0.4-SNAPSHOT.jar:na]
	at org.evosuite.TestSuiteGenerator.generateTests(TestSuiteGenerator.java:654) [evosuite-client-1.0.4-SNAPSHOT.jar:na]
	at org.evosuite.TestSuiteGenerator.generateTestSuite(TestSuiteGenerator.java:213) [evosuite-client-1.0.4-SNAPSHOT.jar:na]
	at org.evosuite.rmi.service.ClientNodeImpl$1.run(ClientNodeImpl.java:145) [evosuite-client-1.0.4-SNAPSHOT.jar:na]
	at java.util.concurrent.Executors$RunnableAdapter.call(Executors.java:511) [na:1.8.0_265]
	at java.util.concurrent.FutureTask.run(FutureTask.java:266) [na:1.8.0_265]
	at java.util.concurrent.ThreadPoolExecutor.runWorker(ThreadPoolExecutor.java:1149) [na:1.8.0_265]
	at java.util.concurrent.ThreadPoolExecutor$Worker.run(ThreadPoolExecutor.java:624) [na:1.8.0_265]
	at java.lang.Thread.run(Thread.java:748) [na:1.8.0_265]
Aug 20, 2020 6:25:42 AM org.openqa.selenium.remote.ProtocolHandshake createSession
[MASTER] 14:25:42.363 [Thread-3] ERROR ExternalProcessHandler - Aug 20, 2020 6:25:42 AM org.openqa.selenium.remote.ProtocolHandshake createSession

INFO: Detected dialect: OSS
[MASTER] 14:25:42.363 [Thread-3] ERROR ExternalProcessHandler - INFO: Detected dialect: OSS

Aug 20, 2020 6:25:43 AM org.openqa.selenium.remote.ProtocolHandshake createSession
[MASTER] 14:25:43.797 [Thread-3] ERROR ExternalProcessHandler - Aug 20, 2020 6:25:43 AM org.openqa.selenium.remote.ProtocolHandshake createSession

INFO: Detected dialect: OSS
[MASTER] 14:25:43.797 [Thread-3] ERROR ExternalProcessHandler - INFO: Detected dialect: OSS

Aug 20, 2020 6:25:44 AM org.openqa.selenium.remote.ProtocolHandshake createSession
[MASTER] 14:25:44.610 [Thread-3] ERROR ExternalProcessHandler - Aug 20, 2020 6:25:44 AM org.openqa.selenium.remote.ProtocolHandshake createSession

INFO: Detected dialect: OSS
[MASTER] 14:25:44.610 [Thread-3] ERROR ExternalProcessHandler - INFO: Detected dialect: OSS

Aug 20, 2020 6:25:45 AM org.openqa.selenium.remote.ProtocolHandshake createSession
[MASTER] 14:25:45.407 [Thread-3] ERROR ExternalProcessHandler - Aug 20, 2020 6:25:45 AM org.openqa.selenium.remote.ProtocolHandshake createSession

INFO: Detected dialect: OSS
[MASTER] 14:25:45.407 [Thread-3] ERROR ExternalProcessHandler - INFO: Detected dialect: OSS

Aug 20, 2020 6:25:48 AM org.openqa.selenium.remote.ProtocolHandshake createSession
[MASTER] 14:25:48.389 [Thread-3] ERROR ExternalProcessHandler - Aug 20, 2020 6:25:48 AM org.openqa.selenium.remote.ProtocolHandshake createSession

INFO: Detected dialect: OSS
[MASTER] 14:25:48.389 [Thread-3] ERROR ExternalProcessHandler - INFO: Detected dialect: OSS

Aug 20, 2020 6:25:53 AM org.openqa.selenium.remote.ProtocolHandshake createSession
[MASTER] 14:25:53.898 [Thread-3] ERROR ExternalProcessHandler - Aug 20, 2020 6:25:53 AM org.openqa.selenium.remote.ProtocolHandshake createSession

INFO: Detected dialect: OSS
[MASTER] 14:25:53.898 [Thread-3] ERROR ExternalProcessHandler - INFO: Detected dialect: OSS

Aug 20, 2020 6:26:01 AM org.openqa.selenium.remote.ProtocolHandshake createSession
[MASTER] 14:26:01.923 [Thread-3] ERROR ExternalProcessHandler - Aug 20, 2020 6:26:01 AM org.openqa.selenium.remote.ProtocolHandshake createSession

INFO: Detected dialect: OSS
[MASTER] 14:26:01.924 [Thread-3] ERROR ExternalProcessHandler - INFO: Detected dialect: OSS

[MASTER] 14:26:12.338 [logback-2] ERROR TestCaseExecutor - TG: Exception caught: 
java.lang.IllegalStateException: Test generation failed: page object bug.
	at org.evosuite.testcase.execution.TestCaseExecutor.runTest(TestCaseExecutor.java:322) ~[evosuite-client-1.0.4-SNAPSHOT.jar:na]
	at org.evosuite.testcase.TestFitnessFunction.runTest(TestFitnessFunction.java:91) [evosuite-client-1.0.4-SNAPSHOT.jar:na]
	at org.evosuite.testcase.TestFitnessFunction.getFitness(TestFitnessFunction.java:60) [evosuite-client-1.0.4-SNAPSHOT.jar:na]
	at org.evosuite.testcase.TestFitnessFunction.getFitness(TestFitnessFunction.java:34) [evosuite-client-1.0.4-SNAPSHOT.jar:na]
	at org.evosuite.ga.metaheuristics.mosa.MOSA.calculateFitness(MOSA.java:155) [evosuite-client-1.0.4-SNAPSHOT.jar:na]
	at org.evosuite.ga.metaheuristics.mosa.AbstractMOSA.breedNextGeneration(AbstractMOSA.java:144) [evosuite-client-1.0.4-SNAPSHOT.jar:na]
	at org.evosuite.ga.metaheuristics.mosa.MOSA.evolve(MOSA.java:89) [evosuite-client-1.0.4-SNAPSHOT.jar:na]
	at org.evosuite.ga.metaheuristics.mosa.MOSA.generateSolution(MOSA.java:205) [evosuite-client-1.0.4-SNAPSHOT.jar:na]
	at org.evosuite.strategy.MOSuiteStrategy.generateTests(MOSuiteStrategy.java:127) [evosuite-client-1.0.4-SNAPSHOT.jar:na]
	at org.evosuite.TestSuiteGenerator.generateTests(TestSuiteGenerator.java:654) [evosuite-client-1.0.4-SNAPSHOT.jar:na]
	at org.evosuite.TestSuiteGenerator.generateTestSuite(TestSuiteGenerator.java:213) [evosuite-client-1.0.4-SNAPSHOT.jar:na]
	at org.evosuite.rmi.service.ClientNodeImpl$1.run(ClientNodeImpl.java:145) [evosuite-client-1.0.4-SNAPSHOT.jar:na]
	at java.util.concurrent.Executors$RunnableAdapter.call(Executors.java:511) [na:1.8.0_265]
	at java.util.concurrent.FutureTask.run(FutureTask.java:266) [na:1.8.0_265]
	at java.util.concurrent.ThreadPoolExecutor.runWorker(ThreadPoolExecutor.java:1149) [na:1.8.0_265]
	at java.util.concurrent.ThreadPoolExecutor$Worker.run(ThreadPoolExecutor.java:624) [na:1.8.0_265]
	at java.lang.Thread.run(Thread.java:748) [na:1.8.0_265]
Aug 20, 2020 6:26:12 AM org.openqa.selenium.remote.ProtocolHandshake createSession
[MASTER] 14:26:12.527 [Thread-3] ERROR ExternalProcessHandler - Aug 20, 2020 6:26:12 AM org.openqa.selenium.remote.ProtocolHandshake createSession

INFO: Detected dialect: OSS
[MASTER] 14:26:12.528 [Thread-3] ERROR ExternalProcessHandler - INFO: Detected dialect: OSS

Aug 20, 2020 6:26:13 AM org.openqa.selenium.remote.ProtocolHandshake createSession
[MASTER] 14:26:13.528 [Thread-3] ERROR ExternalProcessHandler - Aug 20, 2020 6:26:13 AM org.openqa.selenium.remote.ProtocolHandshake createSession

INFO: Detected dialect: OSS
[MASTER] 14:26:13.528 [Thread-3] ERROR ExternalProcessHandler - INFO: Detected dialect: OSS

Aug 20, 2020 6:26:14 AM org.openqa.selenium.remote.ProtocolHandshake createSession
[MASTER] 14:26:14.742 [Thread-3] ERROR ExternalProcessHandler - Aug 20, 2020 6:26:14 AM org.openqa.selenium.remote.ProtocolHandshake createSession

INFO: Detected dialect: OSS
[MASTER] 14:26:14.743 [Thread-3] ERROR ExternalProcessHandler - INFO: Detected dialect: OSS

Aug 20, 2020 6:26:15 AM org.openqa.selenium.remote.ProtocolHandshake createSession
[MASTER] 14:26:15.749 [Thread-3] ERROR ExternalProcessHandler - Aug 20, 2020 6:26:15 AM org.openqa.selenium.remote.ProtocolHandshake createSession

INFO: Detected dialect: OSS
[MASTER] 14:26:15.749 [Thread-3] ERROR ExternalProcessHandler - INFO: Detected dialect: OSS

Aug 20, 2020 6:26:18 AM org.openqa.selenium.remote.ProtocolHandshake createSession
[MASTER] 14:26:18.811 [Thread-3] ERROR ExternalProcessHandler - Aug 20, 2020 6:26:18 AM org.openqa.selenium.remote.ProtocolHandshake createSession

INFO: Detected dialect: OSS
[MASTER] 14:26:18.811 [Thread-3] ERROR ExternalProcessHandler - INFO: Detected dialect: OSS

Aug 20, 2020 6:26:19 AM org.openqa.selenium.remote.ProtocolHandshake createSession
[MASTER] 14:26:19.752 [Thread-3] ERROR ExternalProcessHandler - Aug 20, 2020 6:26:19 AM org.openqa.selenium.remote.ProtocolHandshake createSession

INFO: Detected dialect: OSS
[MASTER] 14:26:19.752 [Thread-3] ERROR ExternalProcessHandler - INFO: Detected dialect: OSS

Aug 20, 2020 6:26:20 AM org.openqa.selenium.remote.ProtocolHandshake createSession
[MASTER] 14:26:20.879 [Thread-3] ERROR ExternalProcessHandler - Aug 20, 2020 6:26:20 AM org.openqa.selenium.remote.ProtocolHandshake createSession

INFO: Detected dialect: OSS
[MASTER] 14:26:20.879 [Thread-3] ERROR ExternalProcessHandler - INFO: Detected dialect: OSS

Aug 20, 2020 6:26:22 AM org.openqa.selenium.remote.ProtocolHandshake createSession
[MASTER] 14:26:22.876 [Thread-3] ERROR ExternalProcessHandler - Aug 20, 2020 6:26:22 AM org.openqa.selenium.remote.ProtocolHandshake createSession

INFO: Detected dialect: OSS
[MASTER] 14:26:22.876 [Thread-3] ERROR ExternalProcessHandler - INFO: Detected dialect: OSS

Aug 20, 2020 6:26:25 AM org.openqa.selenium.remote.ProtocolHandshake createSession
[MASTER] 14:26:25.635 [Thread-3] ERROR ExternalProcessHandler - Aug 20, 2020 6:26:25 AM org.openqa.selenium.remote.ProtocolHandshake createSession

INFO: Detected dialect: OSS
[MASTER] 14:26:25.635 [Thread-3] ERROR ExternalProcessHandler - INFO: Detected dialect: OSS

[MASTER] 14:26:29.055 [logback-2] ERROR TestCaseExecutor - TG: Exception caught: 
java.lang.IllegalStateException: Test generation failed: page object bug.
	at org.evosuite.testcase.execution.TestCaseExecutor.runTest(TestCaseExecutor.java:322) ~[evosuite-client-1.0.4-SNAPSHOT.jar:na]
	at org.evosuite.testcase.TestFitnessFunction.runTest(TestFitnessFunction.java:91) [evosuite-client-1.0.4-SNAPSHOT.jar:na]
	at org.evosuite.testcase.TestFitnessFunction.getFitness(TestFitnessFunction.java:60) [evosuite-client-1.0.4-SNAPSHOT.jar:na]
	at org.evosuite.testcase.TestFitnessFunction.getFitness(TestFitnessFunction.java:34) [evosuite-client-1.0.4-SNAPSHOT.jar:na]
	at org.evosuite.ga.metaheuristics.mosa.MOSA.calculateFitness(MOSA.java:155) [evosuite-client-1.0.4-SNAPSHOT.jar:na]
	at org.evosuite.ga.metaheuristics.mosa.AbstractMOSA.breedNextGeneration(AbstractMOSA.java:169) [evosuite-client-1.0.4-SNAPSHOT.jar:na]
	at org.evosuite.ga.metaheuristics.mosa.MOSA.evolve(MOSA.java:89) [evosuite-client-1.0.4-SNAPSHOT.jar:na]
	at org.evosuite.ga.metaheuristics.mosa.MOSA.generateSolution(MOSA.java:205) [evosuite-client-1.0.4-SNAPSHOT.jar:na]
	at org.evosuite.strategy.MOSuiteStrategy.generateTests(MOSuiteStrategy.java:127) [evosuite-client-1.0.4-SNAPSHOT.jar:na]
	at org.evosuite.TestSuiteGenerator.generateTests(TestSuiteGenerator.java:654) [evosuite-client-1.0.4-SNAPSHOT.jar:na]
	at org.evosuite.TestSuiteGenerator.generateTestSuite(TestSuiteGenerator.java:213) [evosuite-client-1.0.4-SNAPSHOT.jar:na]
	at org.evosuite.rmi.service.ClientNodeImpl$1.run(ClientNodeImpl.java:145) [evosuite-client-1.0.4-SNAPSHOT.jar:na]
	at java.util.concurrent.Executors$RunnableAdapter.call(Executors.java:511) [na:1.8.0_265]
	at java.util.concurrent.FutureTask.run(FutureTask.java:266) [na:1.8.0_265]
	at java.util.concurrent.ThreadPoolExecutor.runWorker(ThreadPoolExecutor.java:1149) [na:1.8.0_265]
	at java.util.concurrent.ThreadPoolExecutor$Worker.run(ThreadPoolExecutor.java:624) [na:1.8.0_265]
	at java.lang.Thread.run(Thread.java:748) [na:1.8.0_265]
Aug 20, 2020 6:26:29 AM org.openqa.selenium.remote.ProtocolHandshake createSession
[MASTER] 14:26:29.258 [Thread-3] ERROR ExternalProcessHandler - Aug 20, 2020 6:26:29 AM org.openqa.selenium.remote.ProtocolHandshake createSession

INFO: Detected dialect: OSS
[MASTER] 14:26:29.258 [Thread-3] ERROR ExternalProcessHandler - INFO: Detected dialect: OSS

Aug 20, 2020 6:26:31 AM po_utils.PageObjectLogging logInfo
[MASTER] 14:26:31.844 [Thread-3] ERROR ExternalProcessHandler - Aug 20, 2020 6:26:31 AM po_utils.PageObjectLogging logInfo

INFO: waitForElementBeingPresentOnPage timeout exception: unable to locate the element By.xpath: //button[text()="Create a new session"]
[MASTER] 14:26:31.845 [Thread-3] ERROR ExternalProcessHandler - INFO: waitForElementBeingPresentOnPage timeout exception: unable to locate the element By.xpath: //button[text()="Create a new session"]


[MASTER] 14:26:31.845 [Thread-3] ERROR ExternalProcessHandler - 


[MASTER] 14:26:31.845 [Thread-3] ERROR ExternalProcessHandler - 

Aug 20, 2020 6:26:32 AM org.openqa.selenium.remote.ProtocolHandshake createSession
[MASTER] 14:26:32.196 [Thread-3] ERROR ExternalProcessHandler - Aug 20, 2020 6:26:32 AM org.openqa.selenium.remote.ProtocolHandshake createSession

INFO: Detected dialect: OSS
[MASTER] 14:26:32.196 [Thread-3] ERROR ExternalProcessHandler - INFO: Detected dialect: OSS

Aug 20, 2020 6:26:33 AM org.openqa.selenium.remote.ProtocolHandshake createSession
[MASTER] 14:26:33.762 [Thread-3] ERROR ExternalProcessHandler - Aug 20, 2020 6:26:33 AM org.openqa.selenium.remote.ProtocolHandshake createSession

INFO: Detected dialect: OSS
[MASTER] 14:26:33.763 [Thread-3] ERROR ExternalProcessHandler - INFO: Detected dialect: OSS

Aug 20, 2020 6:26:40 AM org.openqa.selenium.remote.ProtocolHandshake createSession
[MASTER] 14:26:40.921 [Thread-3] ERROR ExternalProcessHandler - Aug 20, 2020 6:26:40 AM org.openqa.selenium.remote.ProtocolHandshake createSession

INFO: Detected dialect: OSS
[MASTER] 14:26:40.921 [Thread-3] ERROR ExternalProcessHandler - INFO: Detected dialect: OSS

Aug 20, 2020 6:26:56 AM org.openqa.selenium.remote.ProtocolHandshake createSession
[MASTER] 14:26:56.728 [Thread-3] ERROR ExternalProcessHandler - Aug 20, 2020 6:26:56 AM org.openqa.selenium.remote.ProtocolHandshake createSession

INFO: Detected dialect: OSS
[MASTER] 14:26:56.728 [Thread-3] ERROR ExternalProcessHandler - INFO: Detected dialect: OSS

Aug 20, 2020 6:27:20 AM org.openqa.selenium.remote.ProtocolHandshake createSession
[MASTER] 14:27:20.928 [Thread-3] ERROR ExternalProcessHandler - Aug 20, 2020 6:27:20 AM org.openqa.selenium.remote.ProtocolHandshake createSession

INFO: Detected dialect: OSS
[MASTER] 14:27:20.928 [Thread-3] ERROR ExternalProcessHandler - INFO: Detected dialect: OSS

[MASTER] 14:27:53.577 [logback-2] ERROR TestCaseExecutor - TG: Exception caught: 
java.lang.IllegalStateException: Test generation failed: page object bug.
	at org.evosuite.testcase.execution.TestCaseExecutor.runTest(TestCaseExecutor.java:322) ~[evosuite-client-1.0.4-SNAPSHOT.jar:na]
	at org.evosuite.testcase.TestFitnessFunction.runTest(TestFitnessFunction.java:91) [evosuite-client-1.0.4-SNAPSHOT.jar:na]
	at org.evosuite.testcase.TestFitnessFunction.getFitness(TestFitnessFunction.java:60) [evosuite-client-1.0.4-SNAPSHOT.jar:na]
	at org.evosuite.testcase.TestFitnessFunction.getFitness(TestFitnessFunction.java:34) [evosuite-client-1.0.4-SNAPSHOT.jar:na]
	at org.evosuite.ga.metaheuristics.mosa.MOSA.calculateFitness(MOSA.java:155) [evosuite-client-1.0.4-SNAPSHOT.jar:na]
	at org.evosuite.ga.metaheuristics.mosa.AbstractMOSA.breedNextGeneration(AbstractMOSA.java:144) [evosuite-client-1.0.4-SNAPSHOT.jar:na]
	at org.evosuite.ga.metaheuristics.mosa.MOSA.evolve(MOSA.java:89) [evosuite-client-1.0.4-SNAPSHOT.jar:na]
	at org.evosuite.ga.metaheuristics.mosa.MOSA.generateSolution(MOSA.java:205) [evosuite-client-1.0.4-SNAPSHOT.jar:na]
	at org.evosuite.strategy.MOSuiteStrategy.generateTests(MOSuiteStrategy.java:127) [evosuite-client-1.0.4-SNAPSHOT.jar:na]
	at org.evosuite.TestSuiteGenerator.generateTests(TestSuiteGenerator.java:654) [evosuite-client-1.0.4-SNAPSHOT.jar:na]
	at org.evosuite.TestSuiteGenerator.generateTestSuite(TestSuiteGenerator.java:213) [evosuite-client-1.0.4-SNAPSHOT.jar:na]
	at org.evosuite.rmi.service.ClientNodeImpl$1.run(ClientNodeImpl.java:145) [evosuite-client-1.0.4-SNAPSHOT.jar:na]
	at java.util.concurrent.Executors$RunnableAdapter.call(Executors.java:511) [na:1.8.0_265]
	at java.util.concurrent.FutureTask.run(FutureTask.java:266) [na:1.8.0_265]
	at java.util.concurrent.ThreadPoolExecutor.runWorker(ThreadPoolExecutor.java:1149) [na:1.8.0_265]
	at java.util.concurrent.ThreadPoolExecutor$Worker.run(ThreadPoolExecutor.java:624) [na:1.8.0_265]
	at java.lang.Thread.run(Thread.java:748) [na:1.8.0_265]
Aug 20, 2020 6:27:53 AM org.openqa.selenium.remote.ProtocolHandshake createSession
[MASTER] 14:27:53.727 [Thread-3] ERROR ExternalProcessHandler - Aug 20, 2020 6:27:53 AM org.openqa.selenium.remote.ProtocolHandshake createSession

INFO: Detected dialect: OSS
[MASTER] 14:27:53.727 [Thread-3] ERROR ExternalProcessHandler - INFO: Detected dialect: OSS

Aug 20, 2020 6:27:55 AM org.openqa.selenium.remote.ProtocolHandshake createSession
[MASTER] 14:27:55.049 [Thread-3] ERROR ExternalProcessHandler - Aug 20, 2020 6:27:55 AM org.openqa.selenium.remote.ProtocolHandshake createSession

INFO: Detected dialect: OSS
[MASTER] 14:27:55.049 [Thread-3] ERROR ExternalProcessHandler - INFO: Detected dialect: OSS

Aug 20, 2020 6:27:55 AM org.openqa.selenium.remote.ProtocolHandshake createSession
[MASTER] 14:27:55.850 [Thread-3] ERROR ExternalProcessHandler - Aug 20, 2020 6:27:55 AM org.openqa.selenium.remote.ProtocolHandshake createSession

INFO: Detected dialect: OSS
[MASTER] 14:27:55.850 [Thread-3] ERROR ExternalProcessHandler - INFO: Detected dialect: OSS

Aug 20, 2020 6:27:56 AM org.openqa.selenium.remote.ProtocolHandshake createSession
[MASTER] 14:27:56.757 [Thread-3] ERROR ExternalProcessHandler - Aug 20, 2020 6:27:56 AM org.openqa.selenium.remote.ProtocolHandshake createSession

INFO: Detected dialect: OSS
[MASTER] 14:27:56.757 [Thread-3] ERROR ExternalProcessHandler - INFO: Detected dialect: OSS

Aug 20, 2020 6:28:02 AM org.openqa.selenium.remote.ProtocolHandshake createSession
[MASTER] 14:28:02.732 [Thread-3] ERROR ExternalProcessHandler - Aug 20, 2020 6:28:02 AM org.openqa.selenium.remote.ProtocolHandshake createSession

INFO: Detected dialect: OSS
[MASTER] 14:28:02.732 [Thread-3] ERROR ExternalProcessHandler - INFO: Detected dialect: OSS

Aug 20, 2020 6:28:17 AM org.openqa.selenium.remote.ProtocolHandshake createSession
[MASTER] 14:28:17.608 [Thread-3] ERROR ExternalProcessHandler - Aug 20, 2020 6:28:17 AM org.openqa.selenium.remote.ProtocolHandshake createSession

INFO: Detected dialect: OSS
[MASTER] 14:28:17.608 [Thread-3] ERROR ExternalProcessHandler - INFO: Detected dialect: OSS

Aug 20, 2020 6:28:41 AM org.openqa.selenium.remote.ProtocolHandshake createSession
[MASTER] 14:28:41.109 [Thread-3] ERROR ExternalProcessHandler - Aug 20, 2020 6:28:41 AM org.openqa.selenium.remote.ProtocolHandshake createSession

INFO: Detected dialect: OSS
[MASTER] 14:28:41.109 [Thread-3] ERROR ExternalProcessHandler - INFO: Detected dialect: OSS

[MASTER] 14:29:13.330 [logback-2] ERROR TestCaseExecutor - TG: Exception caught: 
java.lang.IllegalStateException: Test generation failed: page object bug.
	at org.evosuite.testcase.execution.TestCaseExecutor.runTest(TestCaseExecutor.java:322) ~[evosuite-client-1.0.4-SNAPSHOT.jar:na]
	at org.evosuite.testcase.TestFitnessFunction.runTest(TestFitnessFunction.java:91) [evosuite-client-1.0.4-SNAPSHOT.jar:na]
	at org.evosuite.testcase.TestFitnessFunction.getFitness(TestFitnessFunction.java:60) [evosuite-client-1.0.4-SNAPSHOT.jar:na]
	at org.evosuite.testcase.TestFitnessFunction.getFitness(TestFitnessFunction.java:34) [evosuite-client-1.0.4-SNAPSHOT.jar:na]
	at org.evosuite.ga.metaheuristics.mosa.MOSA.calculateFitness(MOSA.java:155) [evosuite-client-1.0.4-SNAPSHOT.jar:na]
	at org.evosuite.ga.metaheuristics.mosa.AbstractMOSA.breedNextGeneration(AbstractMOSA.java:144) [evosuite-client-1.0.4-SNAPSHOT.jar:na]
	at org.evosuite.ga.metaheuristics.mosa.MOSA.evolve(MOSA.java:89) [evosuite-client-1.0.4-SNAPSHOT.jar:na]
	at org.evosuite.ga.metaheuristics.mosa.MOSA.generateSolution(MOSA.java:205) [evosuite-client-1.0.4-SNAPSHOT.jar:na]
	at org.evosuite.strategy.MOSuiteStrategy.generateTests(MOSuiteStrategy.java:127) [evosuite-client-1.0.4-SNAPSHOT.jar:na]
	at org.evosuite.TestSuiteGenerator.generateTests(TestSuiteGenerator.java:654) [evosuite-client-1.0.4-SNAPSHOT.jar:na]
	at org.evosuite.TestSuiteGenerator.generateTestSuite(TestSuiteGenerator.java:213) [evosuite-client-1.0.4-SNAPSHOT.jar:na]
	at org.evosuite.rmi.service.ClientNodeImpl$1.run(ClientNodeImpl.java:145) [evosuite-client-1.0.4-SNAPSHOT.jar:na]
	at java.util.concurrent.Executors$RunnableAdapter.call(Executors.java:511) [na:1.8.0_265]
	at java.util.concurrent.FutureTask.run(FutureTask.java:266) [na:1.8.0_265]
	at java.util.concurrent.ThreadPoolExecutor.runWorker(ThreadPoolExecutor.java:1149) [na:1.8.0_265]
	at java.util.concurrent.ThreadPoolExecutor$Worker.run(ThreadPoolExecutor.java:624) [na:1.8.0_265]
	at java.lang.Thread.run(Thread.java:748) [na:1.8.0_265]
Aug 20, 2020 6:29:13 AM org.openqa.selenium.remote.ProtocolHandshake createSession
[MASTER] 14:29:13.520 [Thread-3] ERROR ExternalProcessHandler - Aug 20, 2020 6:29:13 AM org.openqa.selenium.remote.ProtocolHandshake createSession

INFO: Detected dialect: OSS
[MASTER] 14:29:13.520 [Thread-3] ERROR ExternalProcessHandler - INFO: Detected dialect: OSS

Aug 20, 2020 6:29:16 AM org.openqa.selenium.remote.ProtocolHandshake createSession
[MASTER] 14:29:16.640 [Thread-3] ERROR ExternalProcessHandler - Aug 20, 2020 6:29:16 AM org.openqa.selenium.remote.ProtocolHandshake createSession

INFO: Detected dialect: OSS
[MASTER] 14:29:16.641 [Thread-3] ERROR ExternalProcessHandler - INFO: Detected dialect: OSS

Aug 20, 2020 6:29:18 AM org.openqa.selenium.remote.ProtocolHandshake createSession
[MASTER] 14:29:18.849 [Thread-3] ERROR ExternalProcessHandler - Aug 20, 2020 6:29:18 AM org.openqa.selenium.remote.ProtocolHandshake createSession

INFO: Detected dialect: OSS
[MASTER] 14:29:18.849 [Thread-3] ERROR ExternalProcessHandler - INFO: Detected dialect: OSS

Aug 20, 2020 6:29:21 AM org.openqa.selenium.remote.ProtocolHandshake createSession
[MASTER] 14:29:21.634 [Thread-3] ERROR ExternalProcessHandler - Aug 20, 2020 6:29:21 AM org.openqa.selenium.remote.ProtocolHandshake createSession

INFO: Detected dialect: OSS
[MASTER] 14:29:21.634 [Thread-3] ERROR ExternalProcessHandler - INFO: Detected dialect: OSS

Aug 20, 2020 6:29:24 AM org.openqa.selenium.remote.ProtocolHandshake createSession
[MASTER] 14:29:24.292 [Thread-3] ERROR ExternalProcessHandler - Aug 20, 2020 6:29:24 AM org.openqa.selenium.remote.ProtocolHandshake createSession

INFO: Detected dialect: OSS
[MASTER] 14:29:24.292 [Thread-3] ERROR ExternalProcessHandler - INFO: Detected dialect: OSS

Aug 20, 2020 6:29:30 AM org.openqa.selenium.remote.ProtocolHandshake createSession
[MASTER] 14:29:30.183 [Thread-3] ERROR ExternalProcessHandler - Aug 20, 2020 6:29:30 AM org.openqa.selenium.remote.ProtocolHandshake createSession

INFO: Detected dialect: OSS
[MASTER] 14:29:30.183 [Thread-3] ERROR ExternalProcessHandler - INFO: Detected dialect: OSS

Aug 20, 2020 6:29:38 AM org.openqa.selenium.remote.ProtocolHandshake createSession
[MASTER] 14:29:38.962 [Thread-3] ERROR ExternalProcessHandler - Aug 20, 2020 6:29:38 AM org.openqa.selenium.remote.ProtocolHandshake createSession

INFO: Detected dialect: OSS
[MASTER] 14:29:38.962 [Thread-3] ERROR ExternalProcessHandler - INFO: Detected dialect: OSS

[MASTER] 14:29:50.673 [logback-2] ERROR TestCaseExecutor - TG: Exception caught: 
java.lang.IllegalStateException: Test generation failed: page object bug.
	at org.evosuite.testcase.execution.TestCaseExecutor.runTest(TestCaseExecutor.java:322) ~[evosuite-client-1.0.4-SNAPSHOT.jar:na]
	at org.evosuite.testcase.TestFitnessFunction.runTest(TestFitnessFunction.java:91) [evosuite-client-1.0.4-SNAPSHOT.jar:na]
	at org.evosuite.testcase.TestFitnessFunction.getFitness(TestFitnessFunction.java:60) [evosuite-client-1.0.4-SNAPSHOT.jar:na]
	at org.evosuite.testcase.TestFitnessFunction.getFitness(TestFitnessFunction.java:34) [evosuite-client-1.0.4-SNAPSHOT.jar:na]
	at org.evosuite.ga.metaheuristics.mosa.MOSA.calculateFitness(MOSA.java:155) [evosuite-client-1.0.4-SNAPSHOT.jar:na]
	at org.evosuite.ga.metaheuristics.mosa.AbstractMOSA.breedNextGeneration(AbstractMOSA.java:144) [evosuite-client-1.0.4-SNAPSHOT.jar:na]
	at org.evosuite.ga.metaheuristics.mosa.MOSA.evolve(MOSA.java:89) [evosuite-client-1.0.4-SNAPSHOT.jar:na]
	at org.evosuite.ga.metaheuristics.mosa.MOSA.generateSolution(MOSA.java:205) [evosuite-client-1.0.4-SNAPSHOT.jar:na]
	at org.evosuite.strategy.MOSuiteStrategy.generateTests(MOSuiteStrategy.java:127) [evosuite-client-1.0.4-SNAPSHOT.jar:na]
	at org.evosuite.TestSuiteGenerator.generateTests(TestSuiteGenerator.java:654) [evosuite-client-1.0.4-SNAPSHOT.jar:na]
	at org.evosuite.TestSuiteGenerator.generateTestSuite(TestSuiteGenerator.java:213) [evosuite-client-1.0.4-SNAPSHOT.jar:na]
	at org.evosuite.rmi.service.ClientNodeImpl$1.run(ClientNodeImpl.java:145) [evosuite-client-1.0.4-SNAPSHOT.jar:na]
	at java.util.concurrent.Executors$RunnableAdapter.call(Executors.java:511) [na:1.8.0_265]
	at java.util.concurrent.FutureTask.run(FutureTask.java:266) [na:1.8.0_265]
	at java.util.concurrent.ThreadPoolExecutor.runWorker(ThreadPoolExecutor.java:1149) [na:1.8.0_265]
	at java.util.concurrent.ThreadPoolExecutor$Worker.run(ThreadPoolExecutor.java:624) [na:1.8.0_265]
	at java.lang.Thread.run(Thread.java:748) [na:1.8.0_265]
Aug 20, 2020 6:29:50 AM org.openqa.selenium.remote.ProtocolHandshake createSession
[MASTER] 14:29:50.864 [Thread-3] ERROR ExternalProcessHandler - Aug 20, 2020 6:29:50 AM org.openqa.selenium.remote.ProtocolHandshake createSession

INFO: Detected dialect: OSS
[MASTER] 14:29:50.864 [Thread-3] ERROR ExternalProcessHandler - INFO: Detected dialect: OSS

Aug 20, 2020 6:29:54 AM org.openqa.selenium.remote.ProtocolHandshake createSession
[MASTER] 14:29:54.478 [Thread-3] ERROR ExternalProcessHandler - Aug 20, 2020 6:29:54 AM org.openqa.selenium.remote.ProtocolHandshake createSession

INFO: Detected dialect: OSS
[MASTER] 14:29:54.479 [Thread-3] ERROR ExternalProcessHandler - INFO: Detected dialect: OSS

Aug 20, 2020 6:30:02 AM org.openqa.selenium.remote.ProtocolHandshake createSession
[MASTER] 14:30:02.664 [Thread-3] ERROR ExternalProcessHandler - Aug 20, 2020 6:30:02 AM org.openqa.selenium.remote.ProtocolHandshake createSession

INFO: Detected dialect: OSS
[MASTER] 14:30:02.664 [Thread-3] ERROR ExternalProcessHandler - INFO: Detected dialect: OSS

Aug 20, 2020 6:30:15 AM org.openqa.selenium.remote.ProtocolHandshake createSession
[MASTER] 14:30:15.219 [Thread-3] ERROR ExternalProcessHandler - Aug 20, 2020 6:30:15 AM org.openqa.selenium.remote.ProtocolHandshake createSession

INFO: Detected dialect: OSS
[MASTER] 14:30:15.219 [Thread-3] ERROR ExternalProcessHandler - INFO: Detected dialect: OSS

[MASTER] 14:30:31.889 [logback-2] ERROR TestCaseExecutor - TG: Exception caught: 
java.lang.IllegalStateException: Test generation failed: page object bug.
	at org.evosuite.testcase.execution.TestCaseExecutor.runTest(TestCaseExecutor.java:322) ~[evosuite-client-1.0.4-SNAPSHOT.jar:na]
	at org.evosuite.testcase.TestFitnessFunction.runTest(TestFitnessFunction.java:91) [evosuite-client-1.0.4-SNAPSHOT.jar:na]
	at org.evosuite.testcase.TestFitnessFunction.getFitness(TestFitnessFunction.java:60) [evosuite-client-1.0.4-SNAPSHOT.jar:na]
	at org.evosuite.testcase.TestFitnessFunction.getFitness(TestFitnessFunction.java:34) [evosuite-client-1.0.4-SNAPSHOT.jar:na]
	at org.evosuite.ga.metaheuristics.mosa.MOSA.calculateFitness(MOSA.java:155) [evosuite-client-1.0.4-SNAPSHOT.jar:na]
	at org.evosuite.ga.metaheuristics.mosa.AbstractMOSA.breedNextGeneration(AbstractMOSA.java:153) [evosuite-client-1.0.4-SNAPSHOT.jar:na]
	at org.evosuite.ga.metaheuristics.mosa.MOSA.evolve(MOSA.java:89) [evosuite-client-1.0.4-SNAPSHOT.jar:na]
	at org.evosuite.ga.metaheuristics.mosa.MOSA.generateSolution(MOSA.java:205) [evosuite-client-1.0.4-SNAPSHOT.jar:na]
	at org.evosuite.strategy.MOSuiteStrategy.generateTests(MOSuiteStrategy.java:127) [evosuite-client-1.0.4-SNAPSHOT.jar:na]
	at org.evosuite.TestSuiteGenerator.generateTests(TestSuiteGenerator.java:654) [evosuite-client-1.0.4-SNAPSHOT.jar:na]
	at org.evosuite.TestSuiteGenerator.generateTestSuite(TestSuiteGenerator.java:213) [evosuite-client-1.0.4-SNAPSHOT.jar:na]
	at org.evosuite.rmi.service.ClientNodeImpl$1.run(ClientNodeImpl.java:145) [evosuite-client-1.0.4-SNAPSHOT.jar:na]
	at java.util.concurrent.Executors$RunnableAdapter.call(Executors.java:511) [na:1.8.0_265]
	at java.util.concurrent.FutureTask.run(FutureTask.java:266) [na:1.8.0_265]
	at java.util.concurrent.ThreadPoolExecutor.runWorker(ThreadPoolExecutor.java:1149) [na:1.8.0_265]
	at java.util.concurrent.ThreadPoolExecutor$Worker.run(ThreadPoolExecutor.java:624) [na:1.8.0_265]
	at java.lang.Thread.run(Thread.java:748) [na:1.8.0_265]
Aug 20, 2020 6:30:32 AM org.openqa.selenium.remote.ProtocolHandshake createSession
[MASTER] 14:30:32.079 [Thread-3] ERROR ExternalProcessHandler - Aug 20, 2020 6:30:32 AM org.openqa.selenium.remote.ProtocolHandshake createSession

INFO: Detected dialect: OSS
[MASTER] 14:30:32.079 [Thread-3] ERROR ExternalProcessHandler - INFO: Detected dialect: OSS

Aug 20, 2020 6:30:32 AM org.openqa.selenium.remote.ProtocolHandshake createSession
[MASTER] 14:30:32.884 [Thread-3] ERROR ExternalProcessHandler - Aug 20, 2020 6:30:32 AM org.openqa.selenium.remote.ProtocolHandshake createSession

INFO: Detected dialect: OSS
[MASTER] 14:30:32.884 [Thread-3] ERROR ExternalProcessHandler - INFO: Detected dialect: OSS

Aug 20, 2020 6:30:33 AM org.openqa.selenium.remote.ProtocolHandshake createSession
[MASTER] 14:30:33.829 [Thread-3] ERROR ExternalProcessHandler - Aug 20, 2020 6:30:33 AM org.openqa.selenium.remote.ProtocolHandshake createSession

INFO: Detected dialect: OSS
[MASTER] 14:30:33.830 [Thread-3] ERROR ExternalProcessHandler - INFO: Detected dialect: OSS

Aug 20, 2020 6:30:35 AM org.openqa.selenium.remote.ProtocolHandshake createSession
[MASTER] 14:30:35.118 [Thread-3] ERROR ExternalProcessHandler - Aug 20, 2020 6:30:35 AM org.openqa.selenium.remote.ProtocolHandshake createSession

INFO: Detected dialect: OSS
[MASTER] 14:30:35.118 [Thread-3] ERROR ExternalProcessHandler - INFO: Detected dialect: OSS

Aug 20, 2020 6:30:37 AM org.openqa.selenium.remote.ProtocolHandshake createSession
[MASTER] 14:30:37.598 [Thread-3] ERROR ExternalProcessHandler - Aug 20, 2020 6:30:37 AM org.openqa.selenium.remote.ProtocolHandshake createSession

INFO: Detected dialect: OSS
[MASTER] 14:30:37.598 [Thread-3] ERROR ExternalProcessHandler - INFO: Detected dialect: OSS

Aug 20, 2020 6:30:44 AM org.openqa.selenium.remote.ProtocolHandshake createSession
[MASTER] 14:30:44.567 [Thread-3] ERROR ExternalProcessHandler - Aug 20, 2020 6:30:44 AM org.openqa.selenium.remote.ProtocolHandshake createSession

INFO: Detected dialect: OSS
[MASTER] 14:30:44.567 [Thread-3] ERROR ExternalProcessHandler - INFO: Detected dialect: OSS

Aug 20, 2020 6:30:55 AM org.openqa.selenium.remote.ProtocolHandshake createSession
[MASTER] 14:30:55.809 [Thread-3] ERROR ExternalProcessHandler - Aug 20, 2020 6:30:55 AM org.openqa.selenium.remote.ProtocolHandshake createSession

INFO: Detected dialect: OSS
[MASTER] 14:30:55.809 [Thread-3] ERROR ExternalProcessHandler - INFO: Detected dialect: OSS

[MASTER] 14:31:11.305 [logback-2] ERROR TestCaseExecutor - TG: Exception caught: 
java.lang.IllegalStateException: Test generation failed: page object bug.
	at org.evosuite.testcase.execution.TestCaseExecutor.runTest(TestCaseExecutor.java:322) ~[evosuite-client-1.0.4-SNAPSHOT.jar:na]
	at org.evosuite.testcase.TestFitnessFunction.runTest(TestFitnessFunction.java:91) [evosuite-client-1.0.4-SNAPSHOT.jar:na]
	at org.evosuite.testcase.TestFitnessFunction.getFitness(TestFitnessFunction.java:60) [evosuite-client-1.0.4-SNAPSHOT.jar:na]
	at org.evosuite.testcase.TestFitnessFunction.getFitness(TestFitnessFunction.java:34) [evosuite-client-1.0.4-SNAPSHOT.jar:na]
	at org.evosuite.ga.metaheuristics.mosa.MOSA.calculateFitness(MOSA.java:155) [evosuite-client-1.0.4-SNAPSHOT.jar:na]
	at org.evosuite.ga.metaheuristics.mosa.AbstractMOSA.breedNextGeneration(AbstractMOSA.java:144) [evosuite-client-1.0.4-SNAPSHOT.jar:na]
	at org.evosuite.ga.metaheuristics.mosa.MOSA.evolve(MOSA.java:89) [evosuite-client-1.0.4-SNAPSHOT.jar:na]
	at org.evosuite.ga.metaheuristics.mosa.MOSA.generateSolution(MOSA.java:205) [evosuite-client-1.0.4-SNAPSHOT.jar:na]
	at org.evosuite.strategy.MOSuiteStrategy.generateTests(MOSuiteStrategy.java:127) [evosuite-client-1.0.4-SNAPSHOT.jar:na]
	at org.evosuite.TestSuiteGenerator.generateTests(TestSuiteGenerator.java:654) [evosuite-client-1.0.4-SNAPSHOT.jar:na]
	at org.evosuite.TestSuiteGenerator.generateTestSuite(TestSuiteGenerator.java:213) [evosuite-client-1.0.4-SNAPSHOT.jar:na]
	at org.evosuite.rmi.service.ClientNodeImpl$1.run(ClientNodeImpl.java:145) [evosuite-client-1.0.4-SNAPSHOT.jar:na]
	at java.util.concurrent.Executors$RunnableAdapter.call(Executors.java:511) [na:1.8.0_265]
	at java.util.concurrent.FutureTask.run(FutureTask.java:266) [na:1.8.0_265]
	at java.util.concurrent.ThreadPoolExecutor.runWorker(ThreadPoolExecutor.java:1149) [na:1.8.0_265]
	at java.util.concurrent.ThreadPoolExecutor$Worker.run(ThreadPoolExecutor.java:624) [na:1.8.0_265]
	at java.lang.Thread.run(Thread.java:748) [na:1.8.0_265]
Aug 20, 2020 6:31:11 AM org.openqa.selenium.remote.ProtocolHandshake createSession
[MASTER] 14:31:11.491 [Thread-3] ERROR ExternalProcessHandler - Aug 20, 2020 6:31:11 AM org.openqa.selenium.remote.ProtocolHandshake createSession

INFO: Detected dialect: OSS
[MASTER] 14:31:11.491 [Thread-3] ERROR ExternalProcessHandler - INFO: Detected dialect: OSS

Aug 20, 2020 6:31:12 AM org.openqa.selenium.remote.ProtocolHandshake createSession
[MASTER] 14:31:12.884 [Thread-3] ERROR ExternalProcessHandler - Aug 20, 2020 6:31:12 AM org.openqa.selenium.remote.ProtocolHandshake createSession

INFO: Detected dialect: OSS
[MASTER] 14:31:12.884 [Thread-3] ERROR ExternalProcessHandler - INFO: Detected dialect: OSS

Aug 20, 2020 6:31:13 AM org.openqa.selenium.remote.ProtocolHandshake createSession
[MASTER] 14:31:13.836 [Thread-3] ERROR ExternalProcessHandler - Aug 20, 2020 6:31:13 AM org.openqa.selenium.remote.ProtocolHandshake createSession

INFO: Detected dialect: OSS
[MASTER] 14:31:13.836 [Thread-3] ERROR ExternalProcessHandler - INFO: Detected dialect: OSS

Aug 20, 2020 6:31:18 AM org.openqa.selenium.remote.ProtocolHandshake createSession
[MASTER] 14:31:18.366 [Thread-3] ERROR ExternalProcessHandler - Aug 20, 2020 6:31:18 AM org.openqa.selenium.remote.ProtocolHandshake createSession

INFO: Detected dialect: OSS
[MASTER] 14:31:18.366 [Thread-3] ERROR ExternalProcessHandler - INFO: Detected dialect: OSS

Aug 20, 2020 6:31:27 AM org.openqa.selenium.remote.ProtocolHandshake createSession
[MASTER] 14:31:27.276 [Thread-3] ERROR ExternalProcessHandler - Aug 20, 2020 6:31:27 AM org.openqa.selenium.remote.ProtocolHandshake createSession

INFO: Detected dialect: OSS
[MASTER] 14:31:27.277 [Thread-3] ERROR ExternalProcessHandler - INFO: Detected dialect: OSS

Aug 20, 2020 6:31:40 AM org.openqa.selenium.remote.ProtocolHandshake createSession
[MASTER] 14:31:40.438 [Thread-3] ERROR ExternalProcessHandler - Aug 20, 2020 6:31:40 AM org.openqa.selenium.remote.ProtocolHandshake createSession

INFO: Detected dialect: OSS
[MASTER] 14:31:40.438 [Thread-3] ERROR ExternalProcessHandler - INFO: Detected dialect: OSS

[MASTER] 14:31:57.876 [logback-2] ERROR TestCaseExecutor - TG: Exception caught: 
java.lang.IllegalStateException: Test generation failed: page object bug.
	at org.evosuite.testcase.execution.TestCaseExecutor.runTest(TestCaseExecutor.java:322) ~[evosuite-client-1.0.4-SNAPSHOT.jar:na]
	at org.evosuite.testcase.TestFitnessFunction.runTest(TestFitnessFunction.java:91) [evosuite-client-1.0.4-SNAPSHOT.jar:na]
	at org.evosuite.testcase.TestFitnessFunction.getFitness(TestFitnessFunction.java:60) [evosuite-client-1.0.4-SNAPSHOT.jar:na]
	at org.evosuite.testcase.TestFitnessFunction.getFitness(TestFitnessFunction.java:34) [evosuite-client-1.0.4-SNAPSHOT.jar:na]
	at org.evosuite.ga.metaheuristics.mosa.MOSA.calculateFitness(MOSA.java:155) [evosuite-client-1.0.4-SNAPSHOT.jar:na]
	at org.evosuite.ga.metaheuristics.mosa.AbstractMOSA.breedNextGeneration(AbstractMOSA.java:169) [evosuite-client-1.0.4-SNAPSHOT.jar:na]
	at org.evosuite.ga.metaheuristics.mosa.MOSA.evolve(MOSA.java:89) [evosuite-client-1.0.4-SNAPSHOT.jar:na]
	at org.evosuite.ga.metaheuristics.mosa.MOSA.generateSolution(MOSA.java:205) [evosuite-client-1.0.4-SNAPSHOT.jar:na]
	at org.evosuite.strategy.MOSuiteStrategy.generateTests(MOSuiteStrategy.java:127) [evosuite-client-1.0.4-SNAPSHOT.jar:na]
	at org.evosuite.TestSuiteGenerator.generateTests(TestSuiteGenerator.java:654) [evosuite-client-1.0.4-SNAPSHOT.jar:na]
	at org.evosuite.TestSuiteGenerator.generateTestSuite(TestSuiteGenerator.java:213) [evosuite-client-1.0.4-SNAPSHOT.jar:na]
	at org.evosuite.rmi.service.ClientNodeImpl$1.run(ClientNodeImpl.java:145) [evosuite-client-1.0.4-SNAPSHOT.jar:na]
	at java.util.concurrent.Executors$RunnableAdapter.call(Executors.java:511) [na:1.8.0_265]
	at java.util.concurrent.FutureTask.run(FutureTask.java:266) [na:1.8.0_265]
	at java.util.concurrent.ThreadPoolExecutor.runWorker(ThreadPoolExecutor.java:1149) [na:1.8.0_265]
	at java.util.concurrent.ThreadPoolExecutor$Worker.run(ThreadPoolExecutor.java:624) [na:1.8.0_265]
	at java.lang.Thread.run(Thread.java:748) [na:1.8.0_265]
Aug 20, 2020 6:31:58 AM org.openqa.selenium.remote.ProtocolHandshake createSession
[MASTER] 14:31:58.066 [Thread-3] ERROR ExternalProcessHandler - Aug 20, 2020 6:31:58 AM org.openqa.selenium.remote.ProtocolHandshake createSession

INFO: Detected dialect: OSS
[MASTER] 14:31:58.066 [Thread-3] ERROR ExternalProcessHandler - INFO: Detected dialect: OSS

Aug 20, 2020 6:31:58 AM org.openqa.selenium.remote.ProtocolHandshake createSession
[MASTER] 14:31:58.920 [Thread-3] ERROR ExternalProcessHandler - Aug 20, 2020 6:31:58 AM org.openqa.selenium.remote.ProtocolHandshake createSession

INFO: Detected dialect: OSS
[MASTER] 14:31:58.920 [Thread-3] ERROR ExternalProcessHandler - INFO: Detected dialect: OSS

Aug 20, 2020 6:32:00 AM po_utils.PageObjectLogging logInfo
[MASTER] 14:32:00.169 [Thread-3] ERROR ExternalProcessHandler - Aug 20, 2020 6:32:00 AM po_utils.PageObjectLogging logInfo

INFO: waitForElementBeingPresentOnPage timeout exception: unable to locate the element By.xpath: //button[text()="Create a new session"]
[MASTER] 14:32:00.169 [Thread-3] ERROR ExternalProcessHandler - INFO: waitForElementBeingPresentOnPage timeout exception: unable to locate the element By.xpath: //button[text()="Create a new session"]


[MASTER] 14:32:00.169 [Thread-3] ERROR ExternalProcessHandler - 


[MASTER] 14:32:00.169 [Thread-3] ERROR ExternalProcessHandler - 

Aug 20, 2020 6:32:01 AM org.openqa.selenium.remote.ProtocolHandshake createSession
[MASTER] 14:32:01.557 [Thread-3] ERROR ExternalProcessHandler - Aug 20, 2020 6:32:01 AM org.openqa.selenium.remote.ProtocolHandshake createSession

INFO: Detected dialect: OSS
[MASTER] 14:32:01.557 [Thread-3] ERROR ExternalProcessHandler - INFO: Detected dialect: OSS

Aug 20, 2020 6:32:02 AM org.openqa.selenium.remote.ProtocolHandshake createSession
[MASTER] 14:32:02.614 [Thread-3] ERROR ExternalProcessHandler - Aug 20, 2020 6:32:02 AM org.openqa.selenium.remote.ProtocolHandshake createSession

INFO: Detected dialect: OSS
[MASTER] 14:32:02.614 [Thread-3] ERROR ExternalProcessHandler - INFO: Detected dialect: OSS

Aug 20, 2020 6:32:05 AM org.openqa.selenium.remote.ProtocolHandshake createSession
[MASTER] 14:32:05.884 [Thread-3] ERROR ExternalProcessHandler - Aug 20, 2020 6:32:05 AM org.openqa.selenium.remote.ProtocolHandshake createSession

INFO: Detected dialect: OSS
[MASTER] 14:32:05.884 [Thread-3] ERROR ExternalProcessHandler - INFO: Detected dialect: OSS

Aug 20, 2020 6:32:13 AM org.openqa.selenium.remote.ProtocolHandshake createSession
[MASTER] 14:32:13.340 [Thread-3] ERROR ExternalProcessHandler - Aug 20, 2020 6:32:13 AM org.openqa.selenium.remote.ProtocolHandshake createSession

INFO: Detected dialect: OSS
[MASTER] 14:32:13.340 [Thread-3] ERROR ExternalProcessHandler - INFO: Detected dialect: OSS

Aug 20, 2020 6:32:24 AM org.openqa.selenium.remote.ProtocolHandshake createSession
[MASTER] 14:32:24.820 [Thread-3] ERROR ExternalProcessHandler - Aug 20, 2020 6:32:24 AM org.openqa.selenium.remote.ProtocolHandshake createSession

INFO: Detected dialect: OSS
[MASTER] 14:32:24.820 [Thread-3] ERROR ExternalProcessHandler - INFO: Detected dialect: OSS

[MASTER] 14:32:40.164 [logback-2] ERROR TestCaseExecutor - TG: Exception caught: 
java.lang.IllegalStateException: Test generation failed: page object bug.
	at org.evosuite.testcase.execution.TestCaseExecutor.runTest(TestCaseExecutor.java:322) ~[evosuite-client-1.0.4-SNAPSHOT.jar:na]
	at org.evosuite.testcase.TestFitnessFunction.runTest(TestFitnessFunction.java:91) [evosuite-client-1.0.4-SNAPSHOT.jar:na]
	at org.evosuite.testcase.TestFitnessFunction.isCovered(TestFitnessFunction.java:166) [evosuite-client-1.0.4-SNAPSHOT.jar:na]
	at org.evosuite.testsuite.TestSuiteMinimizer.minimizeTests(TestSuiteMinimizer.java:287) [evosuite-client-1.0.4-SNAPSHOT.jar:na]
	at org.evosuite.testsuite.TestSuiteMinimizer.minimize(TestSuiteMinimizer.java:111) [evosuite-client-1.0.4-SNAPSHOT.jar:na]
	at org.evosuite.TestSuiteGenerator.postProcessTests(TestSuiteGenerator.java:422) [evosuite-client-1.0.4-SNAPSHOT.jar:na]
	at org.evosuite.TestSuiteGenerator.generateTestSuite(TestSuiteGenerator.java:215) [evosuite-client-1.0.4-SNAPSHOT.jar:na]
	at org.evosuite.rmi.service.ClientNodeImpl$1.run(ClientNodeImpl.java:145) [evosuite-client-1.0.4-SNAPSHOT.jar:na]
	at java.util.concurrent.Executors$RunnableAdapter.call(Executors.java:511) [na:1.8.0_265]
	at java.util.concurrent.FutureTask.run(FutureTask.java:266) [na:1.8.0_265]
	at java.util.concurrent.ThreadPoolExecutor.runWorker(ThreadPoolExecutor.java:1149) [na:1.8.0_265]
	at java.util.concurrent.ThreadPoolExecutor$Worker.run(ThreadPoolExecutor.java:624) [na:1.8.0_265]
	at java.lang.Thread.run(Thread.java:748) [na:1.8.0_265]
Aug 20, 2020 6:32:40 AM org.openqa.selenium.remote.ProtocolHandshake createSession
[MASTER] 14:32:40.354 [Thread-3] ERROR ExternalProcessHandler - Aug 20, 2020 6:32:40 AM org.openqa.selenium.remote.ProtocolHandshake createSession

INFO: Detected dialect: OSS
[MASTER] 14:32:40.355 [Thread-3] ERROR ExternalProcessHandler - INFO: Detected dialect: OSS

Aug 20, 2020 6:32:44 AM org.openqa.selenium.remote.ProtocolHandshake createSession
[MASTER] 14:32:44.213 [Thread-3] ERROR ExternalProcessHandler - Aug 20, 2020 6:32:44 AM org.openqa.selenium.remote.ProtocolHandshake createSession

INFO: Detected dialect: OSS
[MASTER] 14:32:44.213 [Thread-3] ERROR ExternalProcessHandler - INFO: Detected dialect: OSS

Aug 20, 2020 6:32:48 AM org.openqa.selenium.remote.ProtocolHandshake createSession
[MASTER] 14:32:48.466 [Thread-3] ERROR ExternalProcessHandler - Aug 20, 2020 6:32:48 AM org.openqa.selenium.remote.ProtocolHandshake createSession

INFO: Detected dialect: OSS
[MASTER] 14:32:48.466 [Thread-3] ERROR ExternalProcessHandler - INFO: Detected dialect: OSS

Aug 20, 2020 6:32:57 AM org.openqa.selenium.remote.ProtocolHandshake createSession
[MASTER] 14:32:57.554 [Thread-3] ERROR ExternalProcessHandler - Aug 20, 2020 6:32:57 AM org.openqa.selenium.remote.ProtocolHandshake createSession

INFO: Detected dialect: OSS
[MASTER] 14:32:57.555 [Thread-3] ERROR ExternalProcessHandler - INFO: Detected dialect: OSS

Aug 20, 2020 6:33:11 AM org.openqa.selenium.remote.ProtocolHandshake createSession
[MASTER] 14:33:11.461 [Thread-3] ERROR ExternalProcessHandler - Aug 20, 2020 6:33:11 AM org.openqa.selenium.remote.ProtocolHandshake createSession

INFO: Detected dialect: OSS
[MASTER] 14:33:11.461 [Thread-3] ERROR ExternalProcessHandler - INFO: Detected dialect: OSS

[MASTER] 14:33:30.168 [logback-2] ERROR TestCaseExecutor - TG: Exception caught: 
java.lang.IllegalStateException: Test generation failed: page object bug.
	at org.evosuite.testcase.execution.TestCaseExecutor.runTest(TestCaseExecutor.java:322) ~[evosuite-client-1.0.4-SNAPSHOT.jar:na]
	at org.evosuite.testcase.TestFitnessFunction.runTest(TestFitnessFunction.java:91) [evosuite-client-1.0.4-SNAPSHOT.jar:na]
	at org.evosuite.testcase.TestFitnessFunction.isCovered(TestFitnessFunction.java:166) [evosuite-client-1.0.4-SNAPSHOT.jar:na]
	at org.evosuite.testsuite.TestSuiteMinimizer.minimizeTests(TestSuiteMinimizer.java:287) [evosuite-client-1.0.4-SNAPSHOT.jar:na]
	at org.evosuite.testsuite.TestSuiteMinimizer.minimize(TestSuiteMinimizer.java:111) [evosuite-client-1.0.4-SNAPSHOT.jar:na]
	at org.evosuite.TestSuiteGenerator.postProcessTests(TestSuiteGenerator.java:422) [evosuite-client-1.0.4-SNAPSHOT.jar:na]
	at org.evosuite.TestSuiteGenerator.generateTestSuite(TestSuiteGenerator.java:215) [evosuite-client-1.0.4-SNAPSHOT.jar:na]
	at org.evosuite.rmi.service.ClientNodeImpl$1.run(ClientNodeImpl.java:145) [evosuite-client-1.0.4-SNAPSHOT.jar:na]
	at java.util.concurrent.Executors$RunnableAdapter.call(Executors.java:511) [na:1.8.0_265]
	at java.util.concurrent.FutureTask.run(FutureTask.java:266) [na:1.8.0_265]
	at java.util.concurrent.ThreadPoolExecutor.runWorker(ThreadPoolExecutor.java:1149) [na:1.8.0_265]
	at java.util.concurrent.ThreadPoolExecutor$Worker.run(ThreadPoolExecutor.java:624) [na:1.8.0_265]
	at java.lang.Thread.run(Thread.java:748) [na:1.8.0_265]
Aug 20, 2020 6:33:30 AM org.openqa.selenium.remote.ProtocolHandshake createSession
[MASTER] 14:33:30.352 [Thread-3] ERROR ExternalProcessHandler - Aug 20, 2020 6:33:30 AM org.openqa.selenium.remote.ProtocolHandshake createSession

INFO: Detected dialect: OSS
[MASTER] 14:33:30.352 [Thread-3] ERROR ExternalProcessHandler - INFO: Detected dialect: OSS

Aug 20, 2020 6:33:33 AM po_utils.PageObjectLogging logInfo
[MASTER] 14:33:33.748 [Thread-3] ERROR ExternalProcessHandler - Aug 20, 2020 6:33:33 AM po_utils.PageObjectLogging logInfo

INFO: waitForElementBeingPresentOnPage timeout exception: unable to locate the element By.xpath: //button[text()="Create a new session"]
[MASTER] 14:33:33.749 [Thread-3] ERROR ExternalProcessHandler - INFO: waitForElementBeingPresentOnPage timeout exception: unable to locate the element By.xpath: //button[text()="Create a new session"]


[MASTER] 14:33:33.749 [Thread-3] ERROR ExternalProcessHandler - 


[MASTER] 14:33:33.749 [Thread-3] ERROR ExternalProcessHandler - 

Aug 20, 2020 6:33:34 AM org.openqa.selenium.remote.ProtocolHandshake createSession
[MASTER] 14:33:34.168 [Thread-3] ERROR ExternalProcessHandler - Aug 20, 2020 6:33:34 AM org.openqa.selenium.remote.ProtocolHandshake createSession

INFO: Detected dialect: OSS
[MASTER] 14:33:34.168 [Thread-3] ERROR ExternalProcessHandler - INFO: Detected dialect: OSS

Aug 20, 2020 6:33:41 AM po_utils.PageObjectLogging logInfo
[MASTER] 14:33:41.574 [Thread-3] ERROR ExternalProcessHandler - Aug 20, 2020 6:33:41 AM po_utils.PageObjectLogging logInfo

INFO: waitForElementBeingPresentOnPage timeout exception: unable to locate the element By.xpath: //button[text()="Create a new session"]
[MASTER] 14:33:41.575 [Thread-3] ERROR ExternalProcessHandler - INFO: waitForElementBeingPresentOnPage timeout exception: unable to locate the element By.xpath: //button[text()="Create a new session"]


[MASTER] 14:33:41.575 [Thread-3] ERROR ExternalProcessHandler - 


[MASTER] 14:33:41.575 [Thread-3] ERROR ExternalProcessHandler - 

Aug 20, 2020 6:33:42 AM org.openqa.selenium.remote.ProtocolHandshake createSession
[MASTER] 14:33:42.619 [Thread-3] ERROR ExternalProcessHandler - Aug 20, 2020 6:33:42 AM org.openqa.selenium.remote.ProtocolHandshake createSession

INFO: Detected dialect: OSS
[MASTER] 14:33:42.619 [Thread-3] ERROR ExternalProcessHandler - INFO: Detected dialect: OSS

Aug 20, 2020 6:33:53 AM po_utils.PageObjectLogging logInfo
[MASTER] 14:33:53.927 [Thread-3] ERROR ExternalProcessHandler - Aug 20, 2020 6:33:53 AM po_utils.PageObjectLogging logInfo

INFO: waitForElementBeingPresentOnPage timeout exception: unable to locate the element By.xpath: //button[text()="Create a new session"]
[MASTER] 14:33:53.928 [Thread-3] ERROR ExternalProcessHandler - INFO: waitForElementBeingPresentOnPage timeout exception: unable to locate the element By.xpath: //button[text()="Create a new session"]


[MASTER] 14:33:53.928 [Thread-3] ERROR ExternalProcessHandler - 


[MASTER] 14:33:53.928 [Thread-3] ERROR ExternalProcessHandler - 

Aug 20, 2020 6:33:55 AM org.openqa.selenium.remote.ProtocolHandshake createSession
[MASTER] 14:33:55.574 [Thread-3] ERROR ExternalProcessHandler - Aug 20, 2020 6:33:55 AM org.openqa.selenium.remote.ProtocolHandshake createSession

INFO: Detected dialect: OSS
[MASTER] 14:33:55.575 [Thread-3] ERROR ExternalProcessHandler - INFO: Detected dialect: OSS

Aug 20, 2020 6:34:10 AM po_utils.PageObjectLogging logInfo
[MASTER] 14:34:10.805 [Thread-3] ERROR ExternalProcessHandler - Aug 20, 2020 6:34:10 AM po_utils.PageObjectLogging logInfo

INFO: waitForElementBeingPresentOnPage timeout exception: unable to locate the element By.xpath: //button[text()="Create a new session"]
[MASTER] 14:34:10.806 [Thread-3] ERROR ExternalProcessHandler - INFO: waitForElementBeingPresentOnPage timeout exception: unable to locate the element By.xpath: //button[text()="Create a new session"]


[MASTER] 14:34:10.806 [Thread-3] ERROR ExternalProcessHandler - 


[MASTER] 14:34:10.806 [Thread-3] ERROR ExternalProcessHandler - 

[MASTER] 14:34:12.907 [logback-2] ERROR TestCaseExecutor - TG: Exception caught: 
java.lang.IllegalStateException: Test generation failed: page object bug.
	at org.evosuite.testcase.execution.TestCaseExecutor.runTest(TestCaseExecutor.java:322) ~[evosuite-client-1.0.4-SNAPSHOT.jar:na]
	at org.evosuite.testcase.TestFitnessFunction.runTest(TestFitnessFunction.java:91) [evosuite-client-1.0.4-SNAPSHOT.jar:na]
	at org.evosuite.testcase.TestFitnessFunction.isCovered(TestFitnessFunction.java:166) [evosuite-client-1.0.4-SNAPSHOT.jar:na]
	at org.evosuite.testsuite.TestSuiteMinimizer.minimizeTests(TestSuiteMinimizer.java:287) [evosuite-client-1.0.4-SNAPSHOT.jar:na]
	at org.evosuite.testsuite.TestSuiteMinimizer.minimize(TestSuiteMinimizer.java:111) [evosuite-client-1.0.4-SNAPSHOT.jar:na]
	at org.evosuite.TestSuiteGenerator.postProcessTests(TestSuiteGenerator.java:422) [evosuite-client-1.0.4-SNAPSHOT.jar:na]
	at org.evosuite.TestSuiteGenerator.generateTestSuite(TestSuiteGenerator.java:215) [evosuite-client-1.0.4-SNAPSHOT.jar:na]
	at org.evosuite.rmi.service.ClientNodeImpl$1.run(ClientNodeImpl.java:145) [evosuite-client-1.0.4-SNAPSHOT.jar:na]
	at java.util.concurrent.Executors$RunnableAdapter.call(Executors.java:511) [na:1.8.0_265]
	at java.util.concurrent.FutureTask.run(FutureTask.java:266) [na:1.8.0_265]
	at java.util.concurrent.ThreadPoolExecutor.runWorker(ThreadPoolExecutor.java:1149) [na:1.8.0_265]
	at java.util.concurrent.ThreadPoolExecutor$Worker.run(ThreadPoolExecutor.java:624) [na:1.8.0_265]
	at java.lang.Thread.run(Thread.java:748) [na:1.8.0_265]
Aug 20, 2020 6:34:13 AM org.openqa.selenium.remote.ProtocolHandshake createSession
[MASTER] 14:34:13.096 [Thread-3] ERROR ExternalProcessHandler - Aug 20, 2020 6:34:13 AM org.openqa.selenium.remote.ProtocolHandshake createSession

INFO: Detected dialect: OSS
[MASTER] 14:34:13.096 [Thread-3] ERROR ExternalProcessHandler - INFO: Detected dialect: OSS

Aug 20, 2020 6:34:17 AM org.openqa.selenium.remote.ProtocolHandshake createSession
[MASTER] 14:34:17.851 [Thread-3] ERROR ExternalProcessHandler - Aug 20, 2020 6:34:17 AM org.openqa.selenium.remote.ProtocolHandshake createSession

INFO: Detected dialect: OSS
[MASTER] 14:34:17.851 [Thread-3] ERROR ExternalProcessHandler - INFO: Detected dialect: OSS

Aug 20, 2020 6:34:27 AM org.openqa.selenium.remote.ProtocolHandshake createSession
[MASTER] 14:34:27.949 [Thread-3] ERROR ExternalProcessHandler - Aug 20, 2020 6:34:27 AM org.openqa.selenium.remote.ProtocolHandshake createSession

INFO: Detected dialect: OSS
[MASTER] 14:34:27.949 [Thread-3] ERROR ExternalProcessHandler - INFO: Detected dialect: OSS

Aug 20, 2020 6:34:43 AM org.openqa.selenium.remote.ProtocolHandshake createSession
[MASTER] 14:34:43.369 [Thread-3] ERROR ExternalProcessHandler - Aug 20, 2020 6:34:43 AM org.openqa.selenium.remote.ProtocolHandshake createSession

INFO: Detected dialect: OSS
[MASTER] 14:34:43.369 [Thread-3] ERROR ExternalProcessHandler - INFO: Detected dialect: OSS

[MASTER] 14:35:03.822 [logback-2] ERROR TestCaseExecutor - TG: Exception caught: 
java.lang.IllegalStateException: Test generation failed: page object bug.
	at org.evosuite.testcase.execution.TestCaseExecutor.runTest(TestCaseExecutor.java:322) ~[evosuite-client-1.0.4-SNAPSHOT.jar:na]
	at org.evosuite.testcase.TestFitnessFunction.runTest(TestFitnessFunction.java:91) [evosuite-client-1.0.4-SNAPSHOT.jar:na]
	at org.evosuite.testcase.TestFitnessFunction.isCovered(TestFitnessFunction.java:166) [evosuite-client-1.0.4-SNAPSHOT.jar:na]
	at org.evosuite.testsuite.TestSuiteMinimizer.minimizeTests(TestSuiteMinimizer.java:287) [evosuite-client-1.0.4-SNAPSHOT.jar:na]
	at org.evosuite.testsuite.TestSuiteMinimizer.minimize(TestSuiteMinimizer.java:111) [evosuite-client-1.0.4-SNAPSHOT.jar:na]
	at org.evosuite.TestSuiteGenerator.postProcessTests(TestSuiteGenerator.java:422) [evosuite-client-1.0.4-SNAPSHOT.jar:na]
	at org.evosuite.TestSuiteGenerator.generateTestSuite(TestSuiteGenerator.java:215) [evosuite-client-1.0.4-SNAPSHOT.jar:na]
	at org.evosuite.rmi.service.ClientNodeImpl$1.run(ClientNodeImpl.java:145) [evosuite-client-1.0.4-SNAPSHOT.jar:na]
	at java.util.concurrent.Executors$RunnableAdapter.call(Executors.java:511) [na:1.8.0_265]
	at java.util.concurrent.FutureTask.run(FutureTask.java:266) [na:1.8.0_265]
	at java.util.concurrent.ThreadPoolExecutor.runWorker(ThreadPoolExecutor.java:1149) [na:1.8.0_265]
	at java.util.concurrent.ThreadPoolExecutor$Worker.run(ThreadPoolExecutor.java:624) [na:1.8.0_265]
	at java.lang.Thread.run(Thread.java:748) [na:1.8.0_265]
Aug 20, 2020 6:35:04 AM org.openqa.selenium.remote.ProtocolHandshake createSession
[MASTER] 14:35:04.006 [Thread-3] ERROR ExternalProcessHandler - Aug 20, 2020 6:35:04 AM org.openqa.selenium.remote.ProtocolHandshake createSession

INFO: Detected dialect: OSS
[MASTER] 14:35:04.006 [Thread-3] ERROR ExternalProcessHandler - INFO: Detected dialect: OSS

Aug 20, 2020 6:35:07 AM po_utils.PageObjectLogging logInfo
[MASTER] 14:35:07.020 [Thread-3] ERROR ExternalProcessHandler - Aug 20, 2020 6:35:07 AM po_utils.PageObjectLogging logInfo

INFO: waitForElementBeingPresentOnPage timeout exception: unable to locate the element By.xpath: //button[text()="Create a new session"]
[MASTER] 14:35:07.021 [Thread-3] ERROR ExternalProcessHandler - INFO: waitForElementBeingPresentOnPage timeout exception: unable to locate the element By.xpath: //button[text()="Create a new session"]


[MASTER] 14:35:07.021 [Thread-3] ERROR ExternalProcessHandler - 


[MASTER] 14:35:07.021 [Thread-3] ERROR ExternalProcessHandler - 

Aug 20, 2020 6:35:08 AM org.openqa.selenium.remote.ProtocolHandshake createSession
[MASTER] 14:35:08.779 [Thread-3] ERROR ExternalProcessHandler - Aug 20, 2020 6:35:08 AM org.openqa.selenium.remote.ProtocolHandshake createSession

INFO: Detected dialect: OSS
[MASTER] 14:35:08.779 [Thread-3] ERROR ExternalProcessHandler - INFO: Detected dialect: OSS

Aug 20, 2020 6:35:15 AM po_utils.PageObjectLogging logInfo
[MASTER] 14:35:15.515 [Thread-3] ERROR ExternalProcessHandler - Aug 20, 2020 6:35:15 AM po_utils.PageObjectLogging logInfo

INFO: waitForElementBeingPresentOnPage timeout exception: unable to locate the element By.xpath: //button[text()="Create a new session"]
[MASTER] 14:35:15.516 [Thread-3] ERROR ExternalProcessHandler - INFO: waitForElementBeingPresentOnPage timeout exception: unable to locate the element By.xpath: //button[text()="Create a new session"]


[MASTER] 14:35:15.516 [Thread-3] ERROR ExternalProcessHandler - 


[MASTER] 14:35:15.516 [Thread-3] ERROR ExternalProcessHandler - 

Aug 20, 2020 6:35:20 AM org.openqa.selenium.remote.ProtocolHandshake createSession
[MASTER] 14:35:20.752 [Thread-3] ERROR ExternalProcessHandler - Aug 20, 2020 6:35:20 AM org.openqa.selenium.remote.ProtocolHandshake createSession

INFO: Detected dialect: OSS
[MASTER] 14:35:20.752 [Thread-3] ERROR ExternalProcessHandler - INFO: Detected dialect: OSS

Aug 20, 2020 6:35:31 AM po_utils.PageObjectLogging logInfo
[MASTER] 14:35:31.310 [Thread-3] ERROR ExternalProcessHandler - Aug 20, 2020 6:35:31 AM po_utils.PageObjectLogging logInfo

INFO: waitForElementBeingPresentOnPage timeout exception: unable to locate the element By.xpath: //button[text()="Create a new session"]
[MASTER] 14:35:31.311 [Thread-3] ERROR ExternalProcessHandler - INFO: waitForElementBeingPresentOnPage timeout exception: unable to locate the element By.xpath: //button[text()="Create a new session"]


[MASTER] 14:35:31.311 [Thread-3] ERROR ExternalProcessHandler - 


[MASTER] 14:35:31.311 [Thread-3] ERROR ExternalProcessHandler - 

Aug 20, 2020 6:35:39 AM org.openqa.selenium.remote.ProtocolHandshake createSession
[MASTER] 14:35:39.977 [Thread-3] ERROR ExternalProcessHandler - Aug 20, 2020 6:35:39 AM org.openqa.selenium.remote.ProtocolHandshake createSession

INFO: Detected dialect: OSS
[MASTER] 14:35:39.978 [Thread-3] ERROR ExternalProcessHandler - INFO: Detected dialect: OSS

Aug 20, 2020 6:35:54 AM po_utils.PageObjectLogging logInfo
[MASTER] 14:35:54.235 [Thread-3] ERROR ExternalProcessHandler - Aug 20, 2020 6:35:54 AM po_utils.PageObjectLogging logInfo

INFO: waitForElementBeingPresentOnPage timeout exception: unable to locate the element By.xpath: //button[text()="Create a new session"]
[MASTER] 14:35:54.236 [Thread-3] ERROR ExternalProcessHandler - INFO: waitForElementBeingPresentOnPage timeout exception: unable to locate the element By.xpath: //button[text()="Create a new session"]


[MASTER] 14:35:54.236 [Thread-3] ERROR ExternalProcessHandler - 


[MASTER] 14:35:54.236 [Thread-3] ERROR ExternalProcessHandler - 

[MASTER] 14:36:06.352 [logback-2] ERROR TestCaseExecutor - TG: Exception caught: 
java.lang.IllegalStateException: Test generation failed: page object bug.
	at org.evosuite.testcase.execution.TestCaseExecutor.runTest(TestCaseExecutor.java:322) ~[evosuite-client-1.0.4-SNAPSHOT.jar:na]
	at org.evosuite.testcase.TestFitnessFunction.runTest(TestFitnessFunction.java:91) [evosuite-client-1.0.4-SNAPSHOT.jar:na]
	at org.evosuite.testcase.TestFitnessFunction.isCovered(TestFitnessFunction.java:166) [evosuite-client-1.0.4-SNAPSHOT.jar:na]
	at org.evosuite.testsuite.TestSuiteMinimizer.minimizeTests(TestSuiteMinimizer.java:287) [evosuite-client-1.0.4-SNAPSHOT.jar:na]
	at org.evosuite.testsuite.TestSuiteMinimizer.minimize(TestSuiteMinimizer.java:111) [evosuite-client-1.0.4-SNAPSHOT.jar:na]
	at org.evosuite.TestSuiteGenerator.postProcessTests(TestSuiteGenerator.java:422) [evosuite-client-1.0.4-SNAPSHOT.jar:na]
	at org.evosuite.TestSuiteGenerator.generateTestSuite(TestSuiteGenerator.java:215) [evosuite-client-1.0.4-SNAPSHOT.jar:na]
	at org.evosuite.rmi.service.ClientNodeImpl$1.run(ClientNodeImpl.java:145) [evosuite-client-1.0.4-SNAPSHOT.jar:na]
	at java.util.concurrent.Executors$RunnableAdapter.call(Executors.java:511) [na:1.8.0_265]
	at java.util.concurrent.FutureTask.run(FutureTask.java:266) [na:1.8.0_265]
	at java.util.concurrent.ThreadPoolExecutor.runWorker(ThreadPoolExecutor.java:1149) [na:1.8.0_265]
	at java.util.concurrent.ThreadPoolExecutor$Worker.run(ThreadPoolExecutor.java:624) [na:1.8.0_265]
	at java.lang.Thread.run(Thread.java:748) [na:1.8.0_265]
Aug 20, 2020 6:36:06 AM org.openqa.selenium.remote.ProtocolHandshake createSession
[MASTER] 14:36:06.512 [Thread-3] ERROR ExternalProcessHandler - Aug 20, 2020 6:36:06 AM org.openqa.selenium.remote.ProtocolHandshake createSession

INFO: Detected dialect: OSS
[MASTER] 14:36:06.513 [Thread-3] ERROR ExternalProcessHandler - INFO: Detected dialect: OSS

Aug 20, 2020 6:36:09 AM po_utils.PageObjectLogging logInfo
[MASTER] 14:36:09.328 [Thread-3] ERROR ExternalProcessHandler - Aug 20, 2020 6:36:09 AM po_utils.PageObjectLogging logInfo

INFO: waitForElementBeingPresentOnPage timeout exception: unable to locate the element By.xpath: //button[text()="Create a new session"]
[MASTER] 14:36:09.329 [Thread-3] ERROR ExternalProcessHandler - INFO: waitForElementBeingPresentOnPage timeout exception: unable to locate the element By.xpath: //button[text()="Create a new session"]


[MASTER] 14:36:09.329 [Thread-3] ERROR ExternalProcessHandler - 


[MASTER] 14:36:09.329 [Thread-3] ERROR ExternalProcessHandler - 

Aug 20, 2020 6:36:09 AM org.openqa.selenium.remote.ProtocolHandshake createSession
[MASTER] 14:36:09.751 [Thread-3] ERROR ExternalProcessHandler - Aug 20, 2020 6:36:09 AM org.openqa.selenium.remote.ProtocolHandshake createSession

INFO: Detected dialect: OSS
[MASTER] 14:36:09.751 [Thread-3] ERROR ExternalProcessHandler - INFO: Detected dialect: OSS

Aug 20, 2020 6:36:12 AM po_utils.PageObjectLogging logInfo
[MASTER] 14:36:12.379 [Thread-3] ERROR ExternalProcessHandler - Aug 20, 2020 6:36:12 AM po_utils.PageObjectLogging logInfo

INFO: waitForElementBeingPresentOnPage timeout exception: unable to locate the element By.xpath: //button[text()="Create a new session"]
[MASTER] 14:36:12.380 [Thread-3] ERROR ExternalProcessHandler - INFO: waitForElementBeingPresentOnPage timeout exception: unable to locate the element By.xpath: //button[text()="Create a new session"]


[MASTER] 14:36:12.380 [Thread-3] ERROR ExternalProcessHandler - 


[MASTER] 14:36:12.380 [Thread-3] ERROR ExternalProcessHandler - 

Aug 20, 2020 6:36:13 AM org.openqa.selenium.remote.ProtocolHandshake createSession
[MASTER] 14:36:13.201 [Thread-3] ERROR ExternalProcessHandler - Aug 20, 2020 6:36:13 AM org.openqa.selenium.remote.ProtocolHandshake createSession

INFO: Detected dialect: OSS
[MASTER] 14:36:13.201 [Thread-3] ERROR ExternalProcessHandler - INFO: Detected dialect: OSS

Aug 20, 2020 6:36:16 AM org.openqa.selenium.remote.ProtocolHandshake createSession
[MASTER] 14:36:16.907 [Thread-3] ERROR ExternalProcessHandler - Aug 20, 2020 6:36:16 AM org.openqa.selenium.remote.ProtocolHandshake createSession

INFO: Detected dialect: OSS
[MASTER] 14:36:16.907 [Thread-3] ERROR ExternalProcessHandler - INFO: Detected dialect: OSS

Aug 20, 2020 6:36:21 AM org.openqa.selenium.remote.ProtocolHandshake createSession
[MASTER] 14:36:21.085 [Thread-3] ERROR ExternalProcessHandler - Aug 20, 2020 6:36:21 AM org.openqa.selenium.remote.ProtocolHandshake createSession

INFO: Detected dialect: OSS
[MASTER] 14:36:21.085 [Thread-3] ERROR ExternalProcessHandler - INFO: Detected dialect: OSS

Aug 20, 2020 6:36:24 AM org.openqa.selenium.remote.ProtocolHandshake createSession
[MASTER] 14:36:24.118 [Thread-3] ERROR ExternalProcessHandler - Aug 20, 2020 6:36:24 AM org.openqa.selenium.remote.ProtocolHandshake createSession

INFO: Detected dialect: OSS
[MASTER] 14:36:24.118 [Thread-3] ERROR ExternalProcessHandler - INFO: Detected dialect: OSS

Aug 20, 2020 6:36:27 AM org.openqa.selenium.remote.ProtocolHandshake createSession
[MASTER] 14:36:27.087 [Thread-3] ERROR ExternalProcessHandler - Aug 20, 2020 6:36:27 AM org.openqa.selenium.remote.ProtocolHandshake createSession

INFO: Detected dialect: OSS
[MASTER] 14:36:27.088 [Thread-3] ERROR ExternalProcessHandler - INFO: Detected dialect: OSS

Aug 20, 2020 6:36:31 AM org.openqa.selenium.remote.ProtocolHandshake createSession
[MASTER] 14:36:31.141 [Thread-3] ERROR ExternalProcessHandler - Aug 20, 2020 6:36:31 AM org.openqa.selenium.remote.ProtocolHandshake createSession

INFO: Detected dialect: OSS
[MASTER] 14:36:31.141 [Thread-3] ERROR ExternalProcessHandler - INFO: Detected dialect: OSS

Aug 20, 2020 6:36:34 AM org.openqa.selenium.remote.ProtocolHandshake createSession
[MASTER] 14:36:34.672 [Thread-3] ERROR ExternalProcessHandler - Aug 20, 2020 6:36:34 AM org.openqa.selenium.remote.ProtocolHandshake createSession

INFO: Detected dialect: OSS
[MASTER] 14:36:34.673 [Thread-3] ERROR ExternalProcessHandler - INFO: Detected dialect: OSS

Aug 20, 2020 6:36:37 AM po_utils.PageObjectLogging logInfo
[MASTER] 14:36:37.288 [Thread-3] ERROR ExternalProcessHandler - Aug 20, 2020 6:36:37 AM po_utils.PageObjectLogging logInfo

INFO: waitForElementBeingPresentOnPage timeout exception: unable to locate the element By.xpath: //button[text()="Create a new session"]
[MASTER] 14:36:37.289 [Thread-3] ERROR ExternalProcessHandler - INFO: waitForElementBeingPresentOnPage timeout exception: unable to locate the element By.xpath: //button[text()="Create a new session"]


[MASTER] 14:36:37.289 [Thread-3] ERROR ExternalProcessHandler - 


[MASTER] 14:36:37.289 [Thread-3] ERROR ExternalProcessHandler - 

Aug 20, 2020 6:36:38 AM org.openqa.selenium.remote.ProtocolHandshake createSession
[MASTER] 14:36:38.081 [Thread-3] ERROR ExternalProcessHandler - Aug 20, 2020 6:36:38 AM org.openqa.selenium.remote.ProtocolHandshake createSession

INFO: Detected dialect: OSS
[MASTER] 14:36:38.081 [Thread-3] ERROR ExternalProcessHandler - INFO: Detected dialect: OSS

Aug 20, 2020 6:36:40 AM po_utils.PageObjectLogging logInfo
[MASTER] 14:36:40.923 [Thread-3] ERROR ExternalProcessHandler - Aug 20, 2020 6:36:40 AM po_utils.PageObjectLogging logInfo

INFO: waitForElementBeingPresentOnPage timeout exception: unable to locate the element By.xpath: //button[text()="Create a new session"]
[MASTER] 14:36:40.923 [Thread-3] ERROR ExternalProcessHandler - INFO: waitForElementBeingPresentOnPage timeout exception: unable to locate the element By.xpath: //button[text()="Create a new session"]


[MASTER] 14:36:40.923 [Thread-3] ERROR ExternalProcessHandler - 


[MASTER] 14:36:40.923 [Thread-3] ERROR ExternalProcessHandler - 

