SLF4J: Class path contains multiple SLF4J bindings.
SLF4J: Found binding in [jar:file:/home/yw/.m2/repository/ch/qos/logback/logback-classic/1.1.3/logback-classic-1.1.3.jar!/org/slf4j/impl/StaticLoggerBinder.class]
SLF4J: Found binding in [jar:file:/home/yw/.m2/repository/org/evosuite/evosuite-master/1.0.4-SNAPSHOT/evosuite-master-1.0.4-SNAPSHOT.jar!/org/slf4j/impl/StaticLoggerBinder.class]
SLF4J: See http://www.slf4j.org/codes.html#multiple_bindings for an explanation.
SLF4J: Actual binding is of type [ch.qos.logback.classic.util.ContextSelectorStaticBinder]
SLF4J: Class path contains multiple SLF4J bindings.
[MASTER] 14:36:46.338 [Thread-3] ERROR ExternalProcessHandler - SLF4J: Class path contains multiple SLF4J bindings.

SLF4J: Found binding in [jar:file:/home/yw/.m2/repository/ch/qos/logback/logback-classic/1.1.3/logback-classic-1.1.3.jar!/org/slf4j/impl/StaticLoggerBinder.class]
[MASTER] 14:36:46.340 [Thread-3] ERROR ExternalProcessHandler - SLF4J: Found binding in [jar:file:/home/yw/.m2/repository/ch/qos/logback/logback-classic/1.1.3/logback-classic-1.1.3.jar!/org/slf4j/impl/StaticLoggerBinder.class]

SLF4J: Found binding in [jar:file:/home/yw/.m2/repository/org/evosuite/evosuite-master/1.0.4-SNAPSHOT/evosuite-master-1.0.4-SNAPSHOT.jar!/org/slf4j/impl/StaticLoggerBinder.class]
[MASTER] 14:36:46.342 [Thread-3] ERROR ExternalProcessHandler - SLF4J: Found binding in [jar:file:/home/yw/.m2/repository/org/evosuite/evosuite-master/1.0.4-SNAPSHOT/evosuite-master-1.0.4-SNAPSHOT.jar!/org/slf4j/impl/StaticLoggerBinder.class]

SLF4J: See http://www.slf4j.org/codes.html#multiple_bindings for an explanation.
[MASTER] 14:36:46.343 [Thread-3] ERROR ExternalProcessHandler - SLF4J: See http://www.slf4j.org/codes.html#multiple_bindings for an explanation.

SLF4J: Actual binding is of type [ch.qos.logback.classic.util.ContextSelectorStaticBinder]
[MASTER] 14:36:46.517 [Thread-3] ERROR ExternalProcessHandler - SLF4J: Actual binding is of type [ch.qos.logback.classic.util.ContextSelectorStaticBinder]

Aug 20, 2020 6:36:49 AM org.openqa.selenium.remote.ProtocolHandshake createSession
[MASTER] 14:36:49.884 [Thread-3] ERROR ExternalProcessHandler - Aug 20, 2020 6:36:49 AM org.openqa.selenium.remote.ProtocolHandshake createSession

INFO: Detected dialect: OSS
[MASTER] 14:36:49.885 [Thread-3] ERROR ExternalProcessHandler - INFO: Detected dialect: OSS

Aug 20, 2020 6:36:50 AM org.openqa.selenium.remote.ProtocolHandshake createSession
[MASTER] 14:36:50.757 [Thread-3] ERROR ExternalProcessHandler - Aug 20, 2020 6:36:50 AM org.openqa.selenium.remote.ProtocolHandshake createSession

INFO: Detected dialect: OSS
[MASTER] 14:36:50.757 [Thread-3] ERROR ExternalProcessHandler - INFO: Detected dialect: OSS

Exception in thread "Thread-3" java.lang.ClassCastException: org.evosuite.testcase.TestChromosome cannot be cast to org.evosuite.testsuite.TestSuiteChromosome
[MASTER] 14:36:50.928 [Thread-3] ERROR ExternalProcessHandler - Exception in thread "Thread-3" java.lang.ClassCastException: org.evosuite.testcase.TestChromosome cannot be cast to org.evosuite.testsuite.TestSuiteChromosome

	at org.evosuite.statistics.SearchStatistics.currentIndividual(SearchStatistics.java:181)
[MASTER] 14:36:50.928 [Thread-3] ERROR ExternalProcessHandler - 	at org.evosuite.statistics.SearchStatistics.currentIndividual(SearchStatistics.java:181)

	at org.evosuite.rmi.service.MasterNodeImpl.evosuite_collectStatistics(MasterNodeImpl.java:166)
[MASTER] 14:36:50.929 [Thread-3] ERROR ExternalProcessHandler - 	at org.evosuite.rmi.service.MasterNodeImpl.evosuite_collectStatistics(MasterNodeImpl.java:166)

	at sun.reflect.NativeMethodAccessorImpl.invoke0(Native Method)
[MASTER] 14:36:50.929 [Thread-3] ERROR ExternalProcessHandler - 	at sun.reflect.NativeMethodAccessorImpl.invoke0(Native Method)

	at sun.reflect.NativeMethodAccessorImpl.invoke(NativeMethodAccessorImpl.java:62)
[MASTER] 14:36:50.929 [Thread-3] ERROR ExternalProcessHandler - 	at sun.reflect.NativeMethodAccessorImpl.invoke(NativeMethodAccessorImpl.java:62)

	at sun.reflect.DelegatingMethodAccessorImpl.invoke(DelegatingMethodAccessorImpl.java:43)
[MASTER] 14:36:50.929 [Thread-3] ERROR ExternalProcessHandler - 	at sun.reflect.DelegatingMethodAccessorImpl.invoke(DelegatingMethodAccessorImpl.java:43)

	at java.lang.reflect.Method.invoke(Method.java:498)
[MASTER] 14:36:50.930 [Thread-3] ERROR ExternalProcessHandler - 	at java.lang.reflect.Method.invoke(Method.java:498)

	at sun.rmi.server.UnicastServerRef.dispatch(UnicastServerRef.java:357)
[MASTER] 14:36:50.930 [Thread-3] ERROR ExternalProcessHandler - 	at sun.rmi.server.UnicastServerRef.dispatch(UnicastServerRef.java:357)

	at sun.rmi.transport.Transport$1.run(Transport.java:200)
[MASTER] 14:36:50.930 [Thread-3] ERROR ExternalProcessHandler - 	at sun.rmi.transport.Transport$1.run(Transport.java:200)

	at sun.rmi.transport.Transport$1.run(Transport.java:197)
[MASTER] 14:36:50.930 [Thread-3] ERROR ExternalProcessHandler - 	at sun.rmi.transport.Transport$1.run(Transport.java:197)

	at java.security.AccessController.doPrivileged(Native Method)
[MASTER] 14:36:50.931 [Thread-3] ERROR ExternalProcessHandler - 	at java.security.AccessController.doPrivileged(Native Method)

	at sun.rmi.transport.Transport.serviceCall(Transport.java:196)
[MASTER] 14:36:50.931 [Thread-3] ERROR ExternalProcessHandler - 	at sun.rmi.transport.Transport.serviceCall(Transport.java:196)

	at sun.rmi.transport.tcp.TCPTransport.handleMessages(TCPTransport.java:573)
[MASTER] 14:36:50.931 [Thread-3] ERROR ExternalProcessHandler - 	at sun.rmi.transport.tcp.TCPTransport.handleMessages(TCPTransport.java:573)

	at sun.rmi.transport.tcp.TCPTransport$ConnectionHandler.run0(TCPTransport.java:834)
[MASTER] 14:36:50.931 [Thread-3] ERROR ExternalProcessHandler - 	at sun.rmi.transport.tcp.TCPTransport$ConnectionHandler.run0(TCPTransport.java:834)

	at sun.rmi.transport.tcp.TCPTransport$ConnectionHandler.lambda$run$0(TCPTransport.java:688)
[MASTER] 14:36:50.931 [Thread-3] ERROR ExternalProcessHandler - 	at sun.rmi.transport.tcp.TCPTransport$ConnectionHandler.lambda$run$0(TCPTransport.java:688)

	at java.security.AccessController.doPrivileged(Native Method)
[MASTER] 14:36:50.932 [Thread-3] ERROR ExternalProcessHandler - 	at java.security.AccessController.doPrivileged(Native Method)

	at sun.rmi.transport.tcp.TCPTransport$ConnectionHandler.run(TCPTransport.java:687)
[MASTER] 14:36:50.932 [Thread-3] ERROR ExternalProcessHandler - 	at sun.rmi.transport.tcp.TCPTransport$ConnectionHandler.run(TCPTransport.java:687)

	at java.util.concurrent.ThreadPoolExecutor.runWorker(ThreadPoolExecutor.java:1149)
[MASTER] 14:36:50.932 [Thread-3] ERROR ExternalProcessHandler - 	at java.util.concurrent.ThreadPoolExecutor.runWorker(ThreadPoolExecutor.java:1149)

	at java.util.concurrent.ThreadPoolExecutor$Worker.run(ThreadPoolExecutor.java:624)
[MASTER] 14:36:50.932 [Thread-3] ERROR ExternalProcessHandler - 	at java.util.concurrent.ThreadPoolExecutor$Worker.run(ThreadPoolExecutor.java:624)

	at java.lang.Thread.run(Thread.java:748)
[MASTER] 14:36:50.932 [Thread-3] ERROR ExternalProcessHandler - 	at java.lang.Thread.run(Thread.java:748)

	at sun.rmi.transport.StreamRemoteCall.exceptionReceivedFromServer(StreamRemoteCall.java:303)
[MASTER] 14:36:50.933 [Thread-3] ERROR ExternalProcessHandler - 	at sun.rmi.transport.StreamRemoteCall.exceptionReceivedFromServer(StreamRemoteCall.java:303)

	at sun.rmi.transport.StreamRemoteCall.executeCall(StreamRemoteCall.java:279)
[MASTER] 14:36:50.933 [Thread-3] ERROR ExternalProcessHandler - 	at sun.rmi.transport.StreamRemoteCall.executeCall(StreamRemoteCall.java:279)

	at sun.rmi.server.UnicastRef.invoke(UnicastRef.java:164)
[MASTER] 14:36:50.933 [Thread-3] ERROR ExternalProcessHandler - 	at sun.rmi.server.UnicastRef.invoke(UnicastRef.java:164)

	at java.rmi.server.RemoteObjectInvocationHandler.invokeRemoteMethod(RemoteObjectInvocationHandler.java:235)
[MASTER] 14:36:50.933 [Thread-3] ERROR ExternalProcessHandler - 	at java.rmi.server.RemoteObjectInvocationHandler.invokeRemoteMethod(RemoteObjectInvocationHandler.java:235)

	at java.rmi.server.RemoteObjectInvocationHandler.invoke(RemoteObjectInvocationHandler.java:180)
[MASTER] 14:36:50.933 [Thread-3] ERROR ExternalProcessHandler - 	at java.rmi.server.RemoteObjectInvocationHandler.invoke(RemoteObjectInvocationHandler.java:180)

	at com.sun.proxy.$Proxy7.evosuite_collectStatistics(Unknown Source)
[MASTER] 14:36:50.934 [Thread-3] ERROR ExternalProcessHandler - 	at com.sun.proxy.$Proxy7.evosuite_collectStatistics(Unknown Source)

	at org.evosuite.rmi.service.ClientNodeImpl.updateStatistics(ClientNodeImpl.java:237)
[MASTER] 14:36:50.934 [Thread-3] ERROR ExternalProcessHandler - 	at org.evosuite.rmi.service.ClientNodeImpl.updateStatistics(ClientNodeImpl.java:237)

	at org.evosuite.statistics.StatisticsSender.sendIndividualToMaster(StatisticsSender.java:75)
[MASTER] 14:36:50.934 [Thread-3] ERROR ExternalProcessHandler - 	at org.evosuite.statistics.StatisticsSender.sendIndividualToMaster(StatisticsSender.java:75)

	at org.evosuite.statistics.StatisticsListener$1.run(StatisticsListener.java:71)
[MASTER] 14:36:50.934 [Thread-3] ERROR ExternalProcessHandler - 	at org.evosuite.statistics.StatisticsListener$1.run(StatisticsListener.java:71)

Aug 20, 2020 6:36:52 AM org.openqa.selenium.remote.ProtocolHandshake createSession
[MASTER] 14:36:52.116 [Thread-3] ERROR ExternalProcessHandler - Aug 20, 2020 6:36:52 AM org.openqa.selenium.remote.ProtocolHandshake createSession

INFO: Detected dialect: OSS
[MASTER] 14:36:52.117 [Thread-3] ERROR ExternalProcessHandler - INFO: Detected dialect: OSS

Aug 20, 2020 6:36:53 AM org.openqa.selenium.remote.ProtocolHandshake createSession
[MASTER] 14:36:53.165 [Thread-3] ERROR ExternalProcessHandler - Aug 20, 2020 6:36:53 AM org.openqa.selenium.remote.ProtocolHandshake createSession

INFO: Detected dialect: OSS
[MASTER] 14:36:53.165 [Thread-3] ERROR ExternalProcessHandler - INFO: Detected dialect: OSS

Aug 20, 2020 6:36:54 AM org.openqa.selenium.remote.ProtocolHandshake createSession
[MASTER] 14:36:54.351 [Thread-3] ERROR ExternalProcessHandler - Aug 20, 2020 6:36:54 AM org.openqa.selenium.remote.ProtocolHandshake createSession

INFO: Detected dialect: OSS
[MASTER] 14:36:54.351 [Thread-3] ERROR ExternalProcessHandler - INFO: Detected dialect: OSS

Aug 20, 2020 6:36:55 AM po_utils.PageObjectLogging logInfo
[MASTER] 14:36:55.685 [Thread-3] ERROR ExternalProcessHandler - Aug 20, 2020 6:36:55 AM po_utils.PageObjectLogging logInfo

INFO: waitForElementBeingPresentOnPage timeout exception: unable to locate the element By.xpath: //button[text()="Create a new session"]
[MASTER] 14:36:55.686 [Thread-3] ERROR ExternalProcessHandler - INFO: waitForElementBeingPresentOnPage timeout exception: unable to locate the element By.xpath: //button[text()="Create a new session"]


[MASTER] 14:36:55.687 [Thread-3] ERROR ExternalProcessHandler - 


[MASTER] 14:36:55.687 [Thread-3] ERROR ExternalProcessHandler - 

Aug 20, 2020 6:36:58 AM org.openqa.selenium.remote.ProtocolHandshake createSession
[MASTER] 14:36:58.174 [Thread-3] ERROR ExternalProcessHandler - Aug 20, 2020 6:36:58 AM org.openqa.selenium.remote.ProtocolHandshake createSession

INFO: Detected dialect: OSS
[MASTER] 14:36:58.174 [Thread-3] ERROR ExternalProcessHandler - INFO: Detected dialect: OSS

Aug 20, 2020 6:37:00 AM po_utils.PageObjectLogging logInfo
[MASTER] 14:37:00.603 [Thread-3] ERROR ExternalProcessHandler - Aug 20, 2020 6:37:00 AM po_utils.PageObjectLogging logInfo

INFO: waitForElementBeingPresentOnPage timeout exception: unable to locate the element By.xpath: //button[text()="Create a new session"]
[MASTER] 14:37:00.604 [Thread-3] ERROR ExternalProcessHandler - INFO: waitForElementBeingPresentOnPage timeout exception: unable to locate the element By.xpath: //button[text()="Create a new session"]


[MASTER] 14:37:00.604 [Thread-3] ERROR ExternalProcessHandler - 


[MASTER] 14:37:00.604 [Thread-3] ERROR ExternalProcessHandler - 

Aug 20, 2020 6:37:07 AM org.openqa.selenium.remote.ProtocolHandshake createSession
[MASTER] 14:37:07.624 [Thread-3] ERROR ExternalProcessHandler - Aug 20, 2020 6:37:07 AM org.openqa.selenium.remote.ProtocolHandshake createSession

INFO: Detected dialect: OSS
[MASTER] 14:37:07.624 [Thread-3] ERROR ExternalProcessHandler - INFO: Detected dialect: OSS

Aug 20, 2020 6:37:11 AM po_utils.PageObjectLogging logInfo
[MASTER] 14:37:11.211 [Thread-3] ERROR ExternalProcessHandler - Aug 20, 2020 6:37:11 AM po_utils.PageObjectLogging logInfo

INFO: waitForElementBeingPresentOnPage timeout exception: unable to locate the element By.xpath: //button[text()="Create a new session"]
[MASTER] 14:37:11.212 [Thread-3] ERROR ExternalProcessHandler - INFO: waitForElementBeingPresentOnPage timeout exception: unable to locate the element By.xpath: //button[text()="Create a new session"]


[MASTER] 14:37:11.212 [Thread-3] ERROR ExternalProcessHandler - 


[MASTER] 14:37:11.212 [Thread-3] ERROR ExternalProcessHandler - 

Aug 20, 2020 6:37:22 AM org.openqa.selenium.remote.ProtocolHandshake createSession
[MASTER] 14:37:22.605 [Thread-3] ERROR ExternalProcessHandler - Aug 20, 2020 6:37:22 AM org.openqa.selenium.remote.ProtocolHandshake createSession

INFO: Detected dialect: OSS
[MASTER] 14:37:22.605 [Thread-3] ERROR ExternalProcessHandler - INFO: Detected dialect: OSS

Aug 20, 2020 6:37:27 AM po_utils.PageObjectLogging logInfo
[MASTER] 14:37:27.179 [Thread-3] ERROR ExternalProcessHandler - Aug 20, 2020 6:37:27 AM po_utils.PageObjectLogging logInfo

INFO: waitForElementBeingPresentOnPage timeout exception: unable to locate the element By.xpath: //button[text()="Create a new session"]
[MASTER] 14:37:27.180 [Thread-3] ERROR ExternalProcessHandler - INFO: waitForElementBeingPresentOnPage timeout exception: unable to locate the element By.xpath: //button[text()="Create a new session"]


[MASTER] 14:37:27.180 [Thread-3] ERROR ExternalProcessHandler - 


[MASTER] 14:37:27.180 [Thread-3] ERROR ExternalProcessHandler - 

[MASTER] 14:37:42.819 [logback-2] ERROR TestCaseExecutor - TG: Exception caught: 
java.lang.IllegalStateException: Test generation failed: page object bug.
	at org.evosuite.testcase.execution.TestCaseExecutor.runTest(TestCaseExecutor.java:322) ~[evosuite-client-1.0.4-SNAPSHOT.jar:na]
	at org.evosuite.testcase.TestFitnessFunction.runTest(TestFitnessFunction.java:91) [evosuite-client-1.0.4-SNAPSHOT.jar:na]
	at org.evosuite.testcase.TestFitnessFunction.getFitness(TestFitnessFunction.java:60) [evosuite-client-1.0.4-SNAPSHOT.jar:na]
	at org.evosuite.testcase.TestFitnessFunction.getFitness(TestFitnessFunction.java:34) [evosuite-client-1.0.4-SNAPSHOT.jar:na]
	at org.evosuite.ga.metaheuristics.mosa.MOSA.calculateFitness(MOSA.java:155) [evosuite-client-1.0.4-SNAPSHOT.jar:na]
	at org.evosuite.ga.metaheuristics.mosa.AbstractMOSA.calculateFitness(AbstractMOSA.java:327) [evosuite-client-1.0.4-SNAPSHOT.jar:na]
	at org.evosuite.ga.metaheuristics.mosa.AbstractMOSA.initializePopulation(AbstractMOSA.java:437) [evosuite-client-1.0.4-SNAPSHOT.jar:na]
	at org.evosuite.ga.metaheuristics.mosa.MOSA.generateSolution(MOSA.java:194) [evosuite-client-1.0.4-SNAPSHOT.jar:na]
	at org.evosuite.strategy.MOSuiteStrategy.generateTests(MOSuiteStrategy.java:127) [evosuite-client-1.0.4-SNAPSHOT.jar:na]
	at org.evosuite.TestSuiteGenerator.generateTests(TestSuiteGenerator.java:654) [evosuite-client-1.0.4-SNAPSHOT.jar:na]
	at org.evosuite.TestSuiteGenerator.generateTestSuite(TestSuiteGenerator.java:213) [evosuite-client-1.0.4-SNAPSHOT.jar:na]
	at org.evosuite.rmi.service.ClientNodeImpl$1.run(ClientNodeImpl.java:145) [evosuite-client-1.0.4-SNAPSHOT.jar:na]
	at java.util.concurrent.Executors$RunnableAdapter.call(Executors.java:511) [na:1.8.0_265]
	at java.util.concurrent.FutureTask.run(FutureTask.java:266) [na:1.8.0_265]
	at java.util.concurrent.ThreadPoolExecutor.runWorker(ThreadPoolExecutor.java:1149) [na:1.8.0_265]
	at java.util.concurrent.ThreadPoolExecutor$Worker.run(ThreadPoolExecutor.java:624) [na:1.8.0_265]
	at java.lang.Thread.run(Thread.java:748) [na:1.8.0_265]
Aug 20, 2020 6:37:42 AM org.openqa.selenium.remote.ProtocolHandshake createSession
[MASTER] 14:37:42.975 [Thread-3] ERROR ExternalProcessHandler - Aug 20, 2020 6:37:42 AM org.openqa.selenium.remote.ProtocolHandshake createSession

INFO: Detected dialect: OSS
[MASTER] 14:37:42.975 [Thread-3] ERROR ExternalProcessHandler - INFO: Detected dialect: OSS

Aug 20, 2020 6:37:44 AM org.openqa.selenium.remote.ProtocolHandshake createSession
[MASTER] 14:37:44.285 [Thread-3] ERROR ExternalProcessHandler - Aug 20, 2020 6:37:44 AM org.openqa.selenium.remote.ProtocolHandshake createSession

INFO: Detected dialect: OSS
[MASTER] 14:37:44.286 [Thread-3] ERROR ExternalProcessHandler - INFO: Detected dialect: OSS

Aug 20, 2020 6:37:45 AM org.openqa.selenium.remote.ProtocolHandshake createSession
[MASTER] 14:37:45.134 [Thread-3] ERROR ExternalProcessHandler - Aug 20, 2020 6:37:45 AM org.openqa.selenium.remote.ProtocolHandshake createSession

INFO: Detected dialect: OSS
[MASTER] 14:37:45.134 [Thread-3] ERROR ExternalProcessHandler - INFO: Detected dialect: OSS

Aug 20, 2020 6:37:46 AM org.openqa.selenium.remote.ProtocolHandshake createSession
[MASTER] 14:37:46.297 [Thread-3] ERROR ExternalProcessHandler - Aug 20, 2020 6:37:46 AM org.openqa.selenium.remote.ProtocolHandshake createSession

INFO: Detected dialect: OSS
[MASTER] 14:37:46.297 [Thread-3] ERROR ExternalProcessHandler - INFO: Detected dialect: OSS

Aug 20, 2020 6:37:47 AM org.openqa.selenium.remote.ProtocolHandshake createSession
[MASTER] 14:37:47.137 [Thread-3] ERROR ExternalProcessHandler - Aug 20, 2020 6:37:47 AM org.openqa.selenium.remote.ProtocolHandshake createSession

INFO: Detected dialect: OSS
[MASTER] 14:37:47.137 [Thread-3] ERROR ExternalProcessHandler - INFO: Detected dialect: OSS

Aug 20, 2020 6:37:48 AM org.openqa.selenium.remote.ProtocolHandshake createSession
[MASTER] 14:37:48.447 [Thread-3] ERROR ExternalProcessHandler - Aug 20, 2020 6:37:48 AM org.openqa.selenium.remote.ProtocolHandshake createSession

INFO: Detected dialect: OSS
[MASTER] 14:37:48.447 [Thread-3] ERROR ExternalProcessHandler - INFO: Detected dialect: OSS

Aug 20, 2020 6:37:49 AM org.openqa.selenium.remote.ProtocolHandshake createSession
[MASTER] 14:37:49.317 [Thread-3] ERROR ExternalProcessHandler - Aug 20, 2020 6:37:49 AM org.openqa.selenium.remote.ProtocolHandshake createSession

INFO: Detected dialect: OSS
[MASTER] 14:37:49.317 [Thread-3] ERROR ExternalProcessHandler - INFO: Detected dialect: OSS

Aug 20, 2020 6:37:50 AM org.openqa.selenium.remote.ProtocolHandshake createSession
[MASTER] 14:37:50.301 [Thread-3] ERROR ExternalProcessHandler - Aug 20, 2020 6:37:50 AM org.openqa.selenium.remote.ProtocolHandshake createSession

INFO: Detected dialect: OSS
[MASTER] 14:37:50.302 [Thread-3] ERROR ExternalProcessHandler - INFO: Detected dialect: OSS

Aug 20, 2020 6:37:51 AM org.openqa.selenium.remote.ProtocolHandshake createSession
[MASTER] 14:37:51.110 [Thread-3] ERROR ExternalProcessHandler - Aug 20, 2020 6:37:51 AM org.openqa.selenium.remote.ProtocolHandshake createSession

INFO: Detected dialect: OSS
[MASTER] 14:37:51.111 [Thread-3] ERROR ExternalProcessHandler - INFO: Detected dialect: OSS

Aug 20, 2020 6:37:52 AM org.openqa.selenium.remote.ProtocolHandshake createSession
[MASTER] 14:37:52.043 [Thread-3] ERROR ExternalProcessHandler - Aug 20, 2020 6:37:52 AM org.openqa.selenium.remote.ProtocolHandshake createSession

INFO: Detected dialect: OSS
[MASTER] 14:37:52.043 [Thread-3] ERROR ExternalProcessHandler - INFO: Detected dialect: OSS

Aug 20, 2020 6:37:53 AM org.openqa.selenium.remote.ProtocolHandshake createSession
[MASTER] 14:37:53.054 [Thread-3] ERROR ExternalProcessHandler - Aug 20, 2020 6:37:53 AM org.openqa.selenium.remote.ProtocolHandshake createSession

INFO: Detected dialect: OSS
[MASTER] 14:37:53.054 [Thread-3] ERROR ExternalProcessHandler - INFO: Detected dialect: OSS

Aug 20, 2020 6:37:56 AM org.openqa.selenium.remote.ProtocolHandshake createSession
[MASTER] 14:37:56.034 [Thread-3] ERROR ExternalProcessHandler - Aug 20, 2020 6:37:56 AM org.openqa.selenium.remote.ProtocolHandshake createSession

INFO: Detected dialect: OSS
[MASTER] 14:37:56.034 [Thread-3] ERROR ExternalProcessHandler - INFO: Detected dialect: OSS

Aug 20, 2020 6:38:04 AM org.openqa.selenium.remote.ProtocolHandshake createSession
[MASTER] 14:38:04.324 [Thread-3] ERROR ExternalProcessHandler - Aug 20, 2020 6:38:04 AM org.openqa.selenium.remote.ProtocolHandshake createSession

INFO: Detected dialect: OSS
[MASTER] 14:38:04.324 [Thread-3] ERROR ExternalProcessHandler - INFO: Detected dialect: OSS

Aug 20, 2020 6:38:17 AM org.openqa.selenium.remote.ProtocolHandshake createSession
[MASTER] 14:38:17.989 [Thread-3] ERROR ExternalProcessHandler - Aug 20, 2020 6:38:17 AM org.openqa.selenium.remote.ProtocolHandshake createSession

INFO: Detected dialect: OSS
[MASTER] 14:38:17.989 [Thread-3] ERROR ExternalProcessHandler - INFO: Detected dialect: OSS

[MASTER] 14:38:36.799 [logback-2] ERROR TestCaseExecutor - TG: Exception caught: 
java.lang.IllegalStateException: Test generation failed: page object bug.
	at org.evosuite.testcase.execution.TestCaseExecutor.runTest(TestCaseExecutor.java:322) ~[evosuite-client-1.0.4-SNAPSHOT.jar:na]
	at org.evosuite.testcase.TestFitnessFunction.runTest(TestFitnessFunction.java:91) [evosuite-client-1.0.4-SNAPSHOT.jar:na]
	at org.evosuite.testcase.TestFitnessFunction.getFitness(TestFitnessFunction.java:60) [evosuite-client-1.0.4-SNAPSHOT.jar:na]
	at org.evosuite.testcase.TestFitnessFunction.getFitness(TestFitnessFunction.java:34) [evosuite-client-1.0.4-SNAPSHOT.jar:na]
	at org.evosuite.ga.metaheuristics.mosa.MOSA.calculateFitness(MOSA.java:155) [evosuite-client-1.0.4-SNAPSHOT.jar:na]
	at org.evosuite.ga.metaheuristics.mosa.AbstractMOSA.calculateFitness(AbstractMOSA.java:327) [evosuite-client-1.0.4-SNAPSHOT.jar:na]
	at org.evosuite.ga.metaheuristics.mosa.AbstractMOSA.initializePopulation(AbstractMOSA.java:437) [evosuite-client-1.0.4-SNAPSHOT.jar:na]
	at org.evosuite.ga.metaheuristics.mosa.MOSA.generateSolution(MOSA.java:194) [evosuite-client-1.0.4-SNAPSHOT.jar:na]
	at org.evosuite.strategy.MOSuiteStrategy.generateTests(MOSuiteStrategy.java:127) [evosuite-client-1.0.4-SNAPSHOT.jar:na]
	at org.evosuite.TestSuiteGenerator.generateTests(TestSuiteGenerator.java:654) [evosuite-client-1.0.4-SNAPSHOT.jar:na]
	at org.evosuite.TestSuiteGenerator.generateTestSuite(TestSuiteGenerator.java:213) [evosuite-client-1.0.4-SNAPSHOT.jar:na]
	at org.evosuite.rmi.service.ClientNodeImpl$1.run(ClientNodeImpl.java:145) [evosuite-client-1.0.4-SNAPSHOT.jar:na]
	at java.util.concurrent.Executors$RunnableAdapter.call(Executors.java:511) [na:1.8.0_265]
	at java.util.concurrent.FutureTask.run(FutureTask.java:266) [na:1.8.0_265]
	at java.util.concurrent.ThreadPoolExecutor.runWorker(ThreadPoolExecutor.java:1149) [na:1.8.0_265]
	at java.util.concurrent.ThreadPoolExecutor$Worker.run(ThreadPoolExecutor.java:624) [na:1.8.0_265]
	at java.lang.Thread.run(Thread.java:748) [na:1.8.0_265]
Aug 20, 2020 6:38:36 AM org.openqa.selenium.remote.ProtocolHandshake createSession
[MASTER] 14:38:36.986 [Thread-3] ERROR ExternalProcessHandler - Aug 20, 2020 6:38:36 AM org.openqa.selenium.remote.ProtocolHandshake createSession

INFO: Detected dialect: OSS
[MASTER] 14:38:36.986 [Thread-3] ERROR ExternalProcessHandler - INFO: Detected dialect: OSS

Aug 20, 2020 6:38:38 AM org.openqa.selenium.remote.ProtocolHandshake createSession
[MASTER] 14:38:38.138 [Thread-3] ERROR ExternalProcessHandler - Aug 20, 2020 6:38:38 AM org.openqa.selenium.remote.ProtocolHandshake createSession

INFO: Detected dialect: OSS
[MASTER] 14:38:38.138 [Thread-3] ERROR ExternalProcessHandler - INFO: Detected dialect: OSS

Aug 20, 2020 6:38:39 AM org.openqa.selenium.remote.ProtocolHandshake createSession
[MASTER] 14:38:39.253 [Thread-3] ERROR ExternalProcessHandler - Aug 20, 2020 6:38:39 AM org.openqa.selenium.remote.ProtocolHandshake createSession

INFO: Detected dialect: OSS
[MASTER] 14:38:39.253 [Thread-3] ERROR ExternalProcessHandler - INFO: Detected dialect: OSS

Aug 20, 2020 6:38:40 AM org.openqa.selenium.remote.ProtocolHandshake createSession
[MASTER] 14:38:40.161 [Thread-3] ERROR ExternalProcessHandler - Aug 20, 2020 6:38:40 AM org.openqa.selenium.remote.ProtocolHandshake createSession

INFO: Detected dialect: OSS
[MASTER] 14:38:40.161 [Thread-3] ERROR ExternalProcessHandler - INFO: Detected dialect: OSS

Aug 20, 2020 6:38:44 AM org.openqa.selenium.remote.ProtocolHandshake createSession
[MASTER] 14:38:44.423 [Thread-3] ERROR ExternalProcessHandler - Aug 20, 2020 6:38:44 AM org.openqa.selenium.remote.ProtocolHandshake createSession

INFO: Detected dialect: OSS
[MASTER] 14:38:44.424 [Thread-3] ERROR ExternalProcessHandler - INFO: Detected dialect: OSS

Aug 20, 2020 6:38:52 AM org.openqa.selenium.remote.ProtocolHandshake createSession
[MASTER] 14:38:52.416 [Thread-3] ERROR ExternalProcessHandler - Aug 20, 2020 6:38:52 AM org.openqa.selenium.remote.ProtocolHandshake createSession

INFO: Detected dialect: OSS
[MASTER] 14:38:52.416 [Thread-3] ERROR ExternalProcessHandler - INFO: Detected dialect: OSS

Aug 20, 2020 6:39:04 AM org.openqa.selenium.remote.ProtocolHandshake createSession
[MASTER] 14:39:04.054 [Thread-3] ERROR ExternalProcessHandler - Aug 20, 2020 6:39:04 AM org.openqa.selenium.remote.ProtocolHandshake createSession

INFO: Detected dialect: OSS
[MASTER] 14:39:04.055 [Thread-3] ERROR ExternalProcessHandler - INFO: Detected dialect: OSS

[MASTER] 14:39:19.188 [logback-2] ERROR TestCaseExecutor - TG: Exception caught: 
java.lang.IllegalStateException: Test generation failed: page object bug.
	at org.evosuite.testcase.execution.TestCaseExecutor.runTest(TestCaseExecutor.java:322) ~[evosuite-client-1.0.4-SNAPSHOT.jar:na]
	at org.evosuite.testcase.TestFitnessFunction.runTest(TestFitnessFunction.java:91) [evosuite-client-1.0.4-SNAPSHOT.jar:na]
	at org.evosuite.testcase.TestFitnessFunction.getFitness(TestFitnessFunction.java:60) [evosuite-client-1.0.4-SNAPSHOT.jar:na]
	at org.evosuite.testcase.TestFitnessFunction.getFitness(TestFitnessFunction.java:34) [evosuite-client-1.0.4-SNAPSHOT.jar:na]
	at org.evosuite.ga.metaheuristics.mosa.MOSA.calculateFitness(MOSA.java:155) [evosuite-client-1.0.4-SNAPSHOT.jar:na]
	at org.evosuite.ga.metaheuristics.mosa.AbstractMOSA.calculateFitness(AbstractMOSA.java:327) [evosuite-client-1.0.4-SNAPSHOT.jar:na]
	at org.evosuite.ga.metaheuristics.mosa.AbstractMOSA.initializePopulation(AbstractMOSA.java:437) [evosuite-client-1.0.4-SNAPSHOT.jar:na]
	at org.evosuite.ga.metaheuristics.mosa.MOSA.generateSolution(MOSA.java:194) [evosuite-client-1.0.4-SNAPSHOT.jar:na]
	at org.evosuite.strategy.MOSuiteStrategy.generateTests(MOSuiteStrategy.java:127) [evosuite-client-1.0.4-SNAPSHOT.jar:na]
	at org.evosuite.TestSuiteGenerator.generateTests(TestSuiteGenerator.java:654) [evosuite-client-1.0.4-SNAPSHOT.jar:na]
	at org.evosuite.TestSuiteGenerator.generateTestSuite(TestSuiteGenerator.java:213) [evosuite-client-1.0.4-SNAPSHOT.jar:na]
	at org.evosuite.rmi.service.ClientNodeImpl$1.run(ClientNodeImpl.java:145) [evosuite-client-1.0.4-SNAPSHOT.jar:na]
	at java.util.concurrent.Executors$RunnableAdapter.call(Executors.java:511) [na:1.8.0_265]
	at java.util.concurrent.FutureTask.run(FutureTask.java:266) [na:1.8.0_265]
	at java.util.concurrent.ThreadPoolExecutor.runWorker(ThreadPoolExecutor.java:1149) [na:1.8.0_265]
	at java.util.concurrent.ThreadPoolExecutor$Worker.run(ThreadPoolExecutor.java:624) [na:1.8.0_265]
	at java.lang.Thread.run(Thread.java:748) [na:1.8.0_265]
Aug 20, 2020 6:39:19 AM org.openqa.selenium.remote.ProtocolHandshake createSession
[MASTER] 14:39:19.381 [Thread-3] ERROR ExternalProcessHandler - Aug 20, 2020 6:39:19 AM org.openqa.selenium.remote.ProtocolHandshake createSession

INFO: Detected dialect: OSS
[MASTER] 14:39:19.381 [Thread-3] ERROR ExternalProcessHandler - INFO: Detected dialect: OSS

Aug 20, 2020 6:39:21 AM org.openqa.selenium.remote.ProtocolHandshake createSession
[MASTER] 14:39:21.757 [Thread-3] ERROR ExternalProcessHandler - Aug 20, 2020 6:39:21 AM org.openqa.selenium.remote.ProtocolHandshake createSession

INFO: Detected dialect: OSS
[MASTER] 14:39:21.757 [Thread-3] ERROR ExternalProcessHandler - INFO: Detected dialect: OSS

Aug 20, 2020 6:39:22 AM org.openqa.selenium.remote.ProtocolHandshake createSession
[MASTER] 14:39:22.915 [Thread-3] ERROR ExternalProcessHandler - Aug 20, 2020 6:39:22 AM org.openqa.selenium.remote.ProtocolHandshake createSession

INFO: Detected dialect: OSS
[MASTER] 14:39:22.915 [Thread-3] ERROR ExternalProcessHandler - INFO: Detected dialect: OSS

Aug 20, 2020 6:39:24 AM org.openqa.selenium.remote.ProtocolHandshake createSession
[MASTER] 14:39:24.436 [Thread-3] ERROR ExternalProcessHandler - Aug 20, 2020 6:39:24 AM org.openqa.selenium.remote.ProtocolHandshake createSession

INFO: Detected dialect: OSS
[MASTER] 14:39:24.436 [Thread-3] ERROR ExternalProcessHandler - INFO: Detected dialect: OSS

Aug 20, 2020 6:39:26 AM org.openqa.selenium.remote.ProtocolHandshake createSession
[MASTER] 14:39:26.074 [Thread-3] ERROR ExternalProcessHandler - Aug 20, 2020 6:39:26 AM org.openqa.selenium.remote.ProtocolHandshake createSession

INFO: Detected dialect: OSS
[MASTER] 14:39:26.074 [Thread-3] ERROR ExternalProcessHandler - INFO: Detected dialect: OSS

Aug 20, 2020 6:39:28 AM org.openqa.selenium.remote.ProtocolHandshake createSession
[MASTER] 14:39:28.127 [Thread-3] ERROR ExternalProcessHandler - Aug 20, 2020 6:39:28 AM org.openqa.selenium.remote.ProtocolHandshake createSession

INFO: Detected dialect: OSS
[MASTER] 14:39:28.127 [Thread-3] ERROR ExternalProcessHandler - INFO: Detected dialect: OSS

Aug 20, 2020 6:39:29 AM org.openqa.selenium.remote.ProtocolHandshake createSession
[MASTER] 14:39:29.084 [Thread-3] ERROR ExternalProcessHandler - Aug 20, 2020 6:39:29 AM org.openqa.selenium.remote.ProtocolHandshake createSession

INFO: Detected dialect: OSS
[MASTER] 14:39:29.084 [Thread-3] ERROR ExternalProcessHandler - INFO: Detected dialect: OSS

Aug 20, 2020 6:39:30 AM org.openqa.selenium.remote.ProtocolHandshake createSession
[MASTER] 14:39:30.162 [Thread-3] ERROR ExternalProcessHandler - Aug 20, 2020 6:39:30 AM org.openqa.selenium.remote.ProtocolHandshake createSession

INFO: Detected dialect: OSS
[MASTER] 14:39:30.162 [Thread-3] ERROR ExternalProcessHandler - INFO: Detected dialect: OSS

Aug 20, 2020 6:39:31 AM org.openqa.selenium.remote.ProtocolHandshake createSession
[MASTER] 14:39:31.222 [Thread-3] ERROR ExternalProcessHandler - Aug 20, 2020 6:39:31 AM org.openqa.selenium.remote.ProtocolHandshake createSession

INFO: Detected dialect: OSS
[MASTER] 14:39:31.222 [Thread-3] ERROR ExternalProcessHandler - INFO: Detected dialect: OSS

Aug 20, 2020 6:39:32 AM org.openqa.selenium.remote.ProtocolHandshake createSession
[MASTER] 14:39:32.117 [Thread-3] ERROR ExternalProcessHandler - Aug 20, 2020 6:39:32 AM org.openqa.selenium.remote.ProtocolHandshake createSession

INFO: Detected dialect: OSS
[MASTER] 14:39:32.117 [Thread-3] ERROR ExternalProcessHandler - INFO: Detected dialect: OSS

Aug 20, 2020 6:39:33 AM org.openqa.selenium.remote.ProtocolHandshake createSession
[MASTER] 14:39:33.265 [Thread-3] ERROR ExternalProcessHandler - Aug 20, 2020 6:39:33 AM org.openqa.selenium.remote.ProtocolHandshake createSession

INFO: Detected dialect: OSS
[MASTER] 14:39:33.266 [Thread-3] ERROR ExternalProcessHandler - INFO: Detected dialect: OSS

Aug 20, 2020 6:39:34 AM org.openqa.selenium.remote.ProtocolHandshake createSession
[MASTER] 14:39:34.188 [Thread-3] ERROR ExternalProcessHandler - Aug 20, 2020 6:39:34 AM org.openqa.selenium.remote.ProtocolHandshake createSession

INFO: Detected dialect: OSS
[MASTER] 14:39:34.188 [Thread-3] ERROR ExternalProcessHandler - INFO: Detected dialect: OSS

Aug 20, 2020 6:39:35 AM org.openqa.selenium.remote.ProtocolHandshake createSession
[MASTER] 14:39:35.239 [Thread-3] ERROR ExternalProcessHandler - Aug 20, 2020 6:39:35 AM org.openqa.selenium.remote.ProtocolHandshake createSession

INFO: Detected dialect: OSS
[MASTER] 14:39:35.239 [Thread-3] ERROR ExternalProcessHandler - INFO: Detected dialect: OSS

Aug 20, 2020 6:39:37 AM org.openqa.selenium.remote.ProtocolHandshake createSession
[MASTER] 14:39:37.635 [Thread-3] ERROR ExternalProcessHandler - Aug 20, 2020 6:39:37 AM org.openqa.selenium.remote.ProtocolHandshake createSession

INFO: Detected dialect: OSS
[MASTER] 14:39:37.636 [Thread-3] ERROR ExternalProcessHandler - INFO: Detected dialect: OSS

Aug 20, 2020 6:39:43 AM org.openqa.selenium.remote.ProtocolHandshake createSession
[MASTER] 14:39:43.966 [Thread-3] ERROR ExternalProcessHandler - Aug 20, 2020 6:39:43 AM org.openqa.selenium.remote.ProtocolHandshake createSession

INFO: Detected dialect: OSS
[MASTER] 14:39:43.966 [Thread-3] ERROR ExternalProcessHandler - INFO: Detected dialect: OSS

Aug 20, 2020 6:39:54 AM org.openqa.selenium.remote.ProtocolHandshake createSession
[MASTER] 14:39:54.186 [Thread-3] ERROR ExternalProcessHandler - Aug 20, 2020 6:39:54 AM org.openqa.selenium.remote.ProtocolHandshake createSession

INFO: Detected dialect: OSS
[MASTER] 14:39:54.187 [Thread-3] ERROR ExternalProcessHandler - INFO: Detected dialect: OSS

[MASTER] 14:40:08.136 [logback-2] ERROR TestCaseExecutor - TG: Exception caught: 
java.lang.IllegalStateException: Test generation failed: page object bug.
	at org.evosuite.testcase.execution.TestCaseExecutor.runTest(TestCaseExecutor.java:322) ~[evosuite-client-1.0.4-SNAPSHOT.jar:na]
	at org.evosuite.testcase.TestFitnessFunction.runTest(TestFitnessFunction.java:91) [evosuite-client-1.0.4-SNAPSHOT.jar:na]
	at org.evosuite.testcase.TestFitnessFunction.getFitness(TestFitnessFunction.java:60) [evosuite-client-1.0.4-SNAPSHOT.jar:na]
	at org.evosuite.testcase.TestFitnessFunction.getFitness(TestFitnessFunction.java:34) [evosuite-client-1.0.4-SNAPSHOT.jar:na]
	at org.evosuite.ga.metaheuristics.mosa.MOSA.calculateFitness(MOSA.java:155) [evosuite-client-1.0.4-SNAPSHOT.jar:na]
	at org.evosuite.ga.metaheuristics.mosa.AbstractMOSA.calculateFitness(AbstractMOSA.java:327) [evosuite-client-1.0.4-SNAPSHOT.jar:na]
	at org.evosuite.ga.metaheuristics.mosa.AbstractMOSA.initializePopulation(AbstractMOSA.java:437) [evosuite-client-1.0.4-SNAPSHOT.jar:na]
	at org.evosuite.ga.metaheuristics.mosa.MOSA.generateSolution(MOSA.java:194) [evosuite-client-1.0.4-SNAPSHOT.jar:na]
	at org.evosuite.strategy.MOSuiteStrategy.generateTests(MOSuiteStrategy.java:127) [evosuite-client-1.0.4-SNAPSHOT.jar:na]
	at org.evosuite.TestSuiteGenerator.generateTests(TestSuiteGenerator.java:654) [evosuite-client-1.0.4-SNAPSHOT.jar:na]
	at org.evosuite.TestSuiteGenerator.generateTestSuite(TestSuiteGenerator.java:213) [evosuite-client-1.0.4-SNAPSHOT.jar:na]
	at org.evosuite.rmi.service.ClientNodeImpl$1.run(ClientNodeImpl.java:145) [evosuite-client-1.0.4-SNAPSHOT.jar:na]
	at java.util.concurrent.Executors$RunnableAdapter.call(Executors.java:511) [na:1.8.0_265]
	at java.util.concurrent.FutureTask.run(FutureTask.java:266) [na:1.8.0_265]
	at java.util.concurrent.ThreadPoolExecutor.runWorker(ThreadPoolExecutor.java:1149) [na:1.8.0_265]
	at java.util.concurrent.ThreadPoolExecutor$Worker.run(ThreadPoolExecutor.java:624) [na:1.8.0_265]
	at java.lang.Thread.run(Thread.java:748) [na:1.8.0_265]
Aug 20, 2020 6:40:08 AM org.openqa.selenium.remote.ProtocolHandshake createSession
[MASTER] 14:40:08.329 [Thread-3] ERROR ExternalProcessHandler - Aug 20, 2020 6:40:08 AM org.openqa.selenium.remote.ProtocolHandshake createSession

INFO: Detected dialect: OSS
[MASTER] 14:40:08.329 [Thread-3] ERROR ExternalProcessHandler - INFO: Detected dialect: OSS

Aug 20, 2020 6:40:09 AM org.openqa.selenium.remote.ProtocolHandshake createSession
[MASTER] 14:40:09.535 [Thread-3] ERROR ExternalProcessHandler - Aug 20, 2020 6:40:09 AM org.openqa.selenium.remote.ProtocolHandshake createSession

INFO: Detected dialect: OSS
[MASTER] 14:40:09.536 [Thread-3] ERROR ExternalProcessHandler - INFO: Detected dialect: OSS

Aug 20, 2020 6:40:10 AM org.openqa.selenium.remote.ProtocolHandshake createSession
[MASTER] 14:40:10.398 [Thread-3] ERROR ExternalProcessHandler - Aug 20, 2020 6:40:10 AM org.openqa.selenium.remote.ProtocolHandshake createSession

INFO: Detected dialect: OSS
[MASTER] 14:40:10.399 [Thread-3] ERROR ExternalProcessHandler - INFO: Detected dialect: OSS

Aug 20, 2020 6:40:11 AM org.openqa.selenium.remote.ProtocolHandshake createSession
[MASTER] 14:40:11.571 [Thread-3] ERROR ExternalProcessHandler - Aug 20, 2020 6:40:11 AM org.openqa.selenium.remote.ProtocolHandshake createSession

INFO: Detected dialect: OSS
[MASTER] 14:40:11.572 [Thread-3] ERROR ExternalProcessHandler - INFO: Detected dialect: OSS

Aug 20, 2020 6:40:15 AM org.openqa.selenium.remote.ProtocolHandshake createSession
[MASTER] 14:40:15.191 [Thread-3] ERROR ExternalProcessHandler - Aug 20, 2020 6:40:15 AM org.openqa.selenium.remote.ProtocolHandshake createSession

INFO: Detected dialect: OSS
[MASTER] 14:40:15.192 [Thread-3] ERROR ExternalProcessHandler - INFO: Detected dialect: OSS

Aug 20, 2020 6:40:23 AM org.openqa.selenium.remote.ProtocolHandshake createSession
[MASTER] 14:40:23.774 [Thread-3] ERROR ExternalProcessHandler - Aug 20, 2020 6:40:23 AM org.openqa.selenium.remote.ProtocolHandshake createSession

INFO: Detected dialect: OSS
[MASTER] 14:40:23.774 [Thread-3] ERROR ExternalProcessHandler - INFO: Detected dialect: OSS

Aug 20, 2020 6:40:37 AM org.openqa.selenium.remote.ProtocolHandshake createSession
[MASTER] 14:40:37.076 [Thread-3] ERROR ExternalProcessHandler - Aug 20, 2020 6:40:37 AM org.openqa.selenium.remote.ProtocolHandshake createSession

INFO: Detected dialect: OSS
[MASTER] 14:40:37.076 [Thread-3] ERROR ExternalProcessHandler - INFO: Detected dialect: OSS

[MASTER] 14:40:55.114 [logback-2] ERROR TestCaseExecutor - TG: Exception caught: 
java.lang.IllegalStateException: Test generation failed: page object bug.
	at org.evosuite.testcase.execution.TestCaseExecutor.runTest(TestCaseExecutor.java:322) ~[evosuite-client-1.0.4-SNAPSHOT.jar:na]
	at org.evosuite.testcase.TestFitnessFunction.runTest(TestFitnessFunction.java:91) [evosuite-client-1.0.4-SNAPSHOT.jar:na]
	at org.evosuite.testcase.TestFitnessFunction.getFitness(TestFitnessFunction.java:60) [evosuite-client-1.0.4-SNAPSHOT.jar:na]
	at org.evosuite.testcase.TestFitnessFunction.getFitness(TestFitnessFunction.java:34) [evosuite-client-1.0.4-SNAPSHOT.jar:na]
	at org.evosuite.ga.metaheuristics.mosa.MOSA.calculateFitness(MOSA.java:155) [evosuite-client-1.0.4-SNAPSHOT.jar:na]
	at org.evosuite.ga.metaheuristics.mosa.AbstractMOSA.calculateFitness(AbstractMOSA.java:327) [evosuite-client-1.0.4-SNAPSHOT.jar:na]
	at org.evosuite.ga.metaheuristics.mosa.AbstractMOSA.initializePopulation(AbstractMOSA.java:437) [evosuite-client-1.0.4-SNAPSHOT.jar:na]
	at org.evosuite.ga.metaheuristics.mosa.MOSA.generateSolution(MOSA.java:194) [evosuite-client-1.0.4-SNAPSHOT.jar:na]
	at org.evosuite.strategy.MOSuiteStrategy.generateTests(MOSuiteStrategy.java:127) [evosuite-client-1.0.4-SNAPSHOT.jar:na]
	at org.evosuite.TestSuiteGenerator.generateTests(TestSuiteGenerator.java:654) [evosuite-client-1.0.4-SNAPSHOT.jar:na]
	at org.evosuite.TestSuiteGenerator.generateTestSuite(TestSuiteGenerator.java:213) [evosuite-client-1.0.4-SNAPSHOT.jar:na]
	at org.evosuite.rmi.service.ClientNodeImpl$1.run(ClientNodeImpl.java:145) [evosuite-client-1.0.4-SNAPSHOT.jar:na]
	at java.util.concurrent.Executors$RunnableAdapter.call(Executors.java:511) [na:1.8.0_265]
	at java.util.concurrent.FutureTask.run(FutureTask.java:266) [na:1.8.0_265]
	at java.util.concurrent.ThreadPoolExecutor.runWorker(ThreadPoolExecutor.java:1149) [na:1.8.0_265]
	at java.util.concurrent.ThreadPoolExecutor$Worker.run(ThreadPoolExecutor.java:624) [na:1.8.0_265]
	at java.lang.Thread.run(Thread.java:748) [na:1.8.0_265]
Aug 20, 2020 6:40:55 AM org.openqa.selenium.remote.ProtocolHandshake createSession
[MASTER] 14:40:55.306 [Thread-3] ERROR ExternalProcessHandler - Aug 20, 2020 6:40:55 AM org.openqa.selenium.remote.ProtocolHandshake createSession

INFO: Detected dialect: OSS
[MASTER] 14:40:55.307 [Thread-3] ERROR ExternalProcessHandler - INFO: Detected dialect: OSS

Aug 20, 2020 6:40:57 AM org.openqa.selenium.remote.ProtocolHandshake createSession
[MASTER] 14:40:57.345 [Thread-3] ERROR ExternalProcessHandler - Aug 20, 2020 6:40:57 AM org.openqa.selenium.remote.ProtocolHandshake createSession

INFO: Detected dialect: OSS
[MASTER] 14:40:57.345 [Thread-3] ERROR ExternalProcessHandler - INFO: Detected dialect: OSS

Aug 20, 2020 6:40:58 AM org.openqa.selenium.remote.ProtocolHandshake createSession
[MASTER] 14:40:58.531 [Thread-3] ERROR ExternalProcessHandler - Aug 20, 2020 6:40:58 AM org.openqa.selenium.remote.ProtocolHandshake createSession

INFO: Detected dialect: OSS
[MASTER] 14:40:58.531 [Thread-3] ERROR ExternalProcessHandler - INFO: Detected dialect: OSS

Aug 20, 2020 6:40:59 AM org.openqa.selenium.remote.ProtocolHandshake createSession
[MASTER] 14:40:59.652 [Thread-3] ERROR ExternalProcessHandler - Aug 20, 2020 6:40:59 AM org.openqa.selenium.remote.ProtocolHandshake createSession

INFO: Detected dialect: OSS
[MASTER] 14:40:59.652 [Thread-3] ERROR ExternalProcessHandler - INFO: Detected dialect: OSS

Aug 20, 2020 6:41:00 AM org.openqa.selenium.remote.ProtocolHandshake createSession
[MASTER] 14:41:00.673 [Thread-3] ERROR ExternalProcessHandler - Aug 20, 2020 6:41:00 AM org.openqa.selenium.remote.ProtocolHandshake createSession

INFO: Detected dialect: OSS
[MASTER] 14:41:00.673 [Thread-3] ERROR ExternalProcessHandler - INFO: Detected dialect: OSS

Aug 20, 2020 6:41:02 AM po_utils.PageObjectLogging logInfo
[MASTER] 14:41:02.361 [Thread-3] ERROR ExternalProcessHandler - Aug 20, 2020 6:41:02 AM po_utils.PageObjectLogging logInfo

INFO: waitForElementBeingPresentOnPage timeout exception: unable to locate the element By.xpath: //button[text()="Create a new session"]
[MASTER] 14:41:02.361 [Thread-3] ERROR ExternalProcessHandler - INFO: waitForElementBeingPresentOnPage timeout exception: unable to locate the element By.xpath: //button[text()="Create a new session"]


[MASTER] 14:41:02.361 [Thread-3] ERROR ExternalProcessHandler - 


[MASTER] 14:41:02.362 [Thread-3] ERROR ExternalProcessHandler - 

Aug 20, 2020 6:41:04 AM org.openqa.selenium.remote.ProtocolHandshake createSession
[MASTER] 14:41:04.347 [Thread-3] ERROR ExternalProcessHandler - Aug 20, 2020 6:41:04 AM org.openqa.selenium.remote.ProtocolHandshake createSession

INFO: Detected dialect: OSS
[MASTER] 14:41:04.347 [Thread-3] ERROR ExternalProcessHandler - INFO: Detected dialect: OSS

Aug 20, 2020 6:41:05 AM org.openqa.selenium.remote.ProtocolHandshake createSession
[MASTER] 14:41:05.245 [Thread-3] ERROR ExternalProcessHandler - Aug 20, 2020 6:41:05 AM org.openqa.selenium.remote.ProtocolHandshake createSession

INFO: Detected dialect: OSS
[MASTER] 14:41:05.245 [Thread-3] ERROR ExternalProcessHandler - INFO: Detected dialect: OSS

Aug 20, 2020 6:41:07 AM org.openqa.selenium.remote.ProtocolHandshake createSession
[MASTER] 14:41:07.517 [Thread-3] ERROR ExternalProcessHandler - Aug 20, 2020 6:41:07 AM org.openqa.selenium.remote.ProtocolHandshake createSession

INFO: Detected dialect: OSS
[MASTER] 14:41:07.518 [Thread-3] ERROR ExternalProcessHandler - INFO: Detected dialect: OSS

Aug 20, 2020 6:41:08 AM org.openqa.selenium.remote.ProtocolHandshake createSession
[MASTER] 14:41:08.928 [Thread-3] ERROR ExternalProcessHandler - Aug 20, 2020 6:41:08 AM org.openqa.selenium.remote.ProtocolHandshake createSession

INFO: Detected dialect: OSS
[MASTER] 14:41:08.928 [Thread-3] ERROR ExternalProcessHandler - INFO: Detected dialect: OSS

Aug 20, 2020 6:41:09 AM org.openqa.selenium.remote.ProtocolHandshake createSession
[MASTER] 14:41:09.949 [Thread-3] ERROR ExternalProcessHandler - Aug 20, 2020 6:41:09 AM org.openqa.selenium.remote.ProtocolHandshake createSession

INFO: Detected dialect: OSS
[MASTER] 14:41:09.949 [Thread-3] ERROR ExternalProcessHandler - INFO: Detected dialect: OSS

Aug 20, 2020 6:41:11 AM org.openqa.selenium.remote.ProtocolHandshake createSession
[MASTER] 14:41:11.339 [Thread-3] ERROR ExternalProcessHandler - Aug 20, 2020 6:41:11 AM org.openqa.selenium.remote.ProtocolHandshake createSession

INFO: Detected dialect: OSS
[MASTER] 14:41:11.339 [Thread-3] ERROR ExternalProcessHandler - INFO: Detected dialect: OSS

Aug 20, 2020 6:41:12 AM org.openqa.selenium.remote.ProtocolHandshake createSession
[MASTER] 14:41:12.547 [Thread-3] ERROR ExternalProcessHandler - Aug 20, 2020 6:41:12 AM org.openqa.selenium.remote.ProtocolHandshake createSession

INFO: Detected dialect: OSS
[MASTER] 14:41:12.547 [Thread-3] ERROR ExternalProcessHandler - INFO: Detected dialect: OSS

Aug 20, 2020 6:41:13 AM org.openqa.selenium.remote.ProtocolHandshake createSession
[MASTER] 14:41:13.392 [Thread-3] ERROR ExternalProcessHandler - Aug 20, 2020 6:41:13 AM org.openqa.selenium.remote.ProtocolHandshake createSession

INFO: Detected dialect: OSS
[MASTER] 14:41:13.392 [Thread-3] ERROR ExternalProcessHandler - INFO: Detected dialect: OSS

Aug 20, 2020 6:41:14 AM org.openqa.selenium.remote.ProtocolHandshake createSession
[MASTER] 14:41:14.262 [Thread-3] ERROR ExternalProcessHandler - Aug 20, 2020 6:41:14 AM org.openqa.selenium.remote.ProtocolHandshake createSession

INFO: Detected dialect: OSS
[MASTER] 14:41:14.262 [Thread-3] ERROR ExternalProcessHandler - INFO: Detected dialect: OSS

Aug 20, 2020 6:41:17 AM org.openqa.selenium.remote.ProtocolHandshake createSession
[MASTER] 14:41:17.054 [Thread-3] ERROR ExternalProcessHandler - Aug 20, 2020 6:41:17 AM org.openqa.selenium.remote.ProtocolHandshake createSession

INFO: Detected dialect: OSS
[MASTER] 14:41:17.054 [Thread-3] ERROR ExternalProcessHandler - INFO: Detected dialect: OSS

Aug 20, 2020 6:41:18 AM org.openqa.selenium.remote.ProtocolHandshake createSession
[MASTER] 14:41:18.700 [Thread-3] ERROR ExternalProcessHandler - Aug 20, 2020 6:41:18 AM org.openqa.selenium.remote.ProtocolHandshake createSession

INFO: Detected dialect: OSS
[MASTER] 14:41:18.701 [Thread-3] ERROR ExternalProcessHandler - INFO: Detected dialect: OSS

Aug 20, 2020 6:41:21 AM org.openqa.selenium.remote.ProtocolHandshake createSession
[MASTER] 14:41:21.521 [Thread-3] ERROR ExternalProcessHandler - Aug 20, 2020 6:41:21 AM org.openqa.selenium.remote.ProtocolHandshake createSession

INFO: Detected dialect: OSS
[MASTER] 14:41:21.521 [Thread-3] ERROR ExternalProcessHandler - INFO: Detected dialect: OSS

Aug 20, 2020 6:41:24 AM org.openqa.selenium.remote.ProtocolHandshake createSession
[MASTER] 14:41:24.857 [Thread-3] ERROR ExternalProcessHandler - Aug 20, 2020 6:41:24 AM org.openqa.selenium.remote.ProtocolHandshake createSession

INFO: Detected dialect: OSS
[MASTER] 14:41:24.857 [Thread-3] ERROR ExternalProcessHandler - INFO: Detected dialect: OSS

Aug 20, 2020 6:41:31 AM org.openqa.selenium.remote.ProtocolHandshake createSession
[MASTER] 14:41:31.583 [Thread-3] ERROR ExternalProcessHandler - Aug 20, 2020 6:41:31 AM org.openqa.selenium.remote.ProtocolHandshake createSession

INFO: Detected dialect: OSS
[MASTER] 14:41:31.583 [Thread-3] ERROR ExternalProcessHandler - INFO: Detected dialect: OSS

Aug 20, 2020 6:41:41 AM org.openqa.selenium.remote.ProtocolHandshake createSession
[MASTER] 14:41:41.580 [Thread-3] ERROR ExternalProcessHandler - Aug 20, 2020 6:41:41 AM org.openqa.selenium.remote.ProtocolHandshake createSession

INFO: Detected dialect: OSS
[MASTER] 14:41:41.581 [Thread-3] ERROR ExternalProcessHandler - INFO: Detected dialect: OSS

[MASTER] 14:41:54.662 [logback-2] ERROR TestCaseExecutor - TG: Exception caught: 
java.lang.IllegalStateException: Test generation failed: page object bug.
	at org.evosuite.testcase.execution.TestCaseExecutor.runTest(TestCaseExecutor.java:322) ~[evosuite-client-1.0.4-SNAPSHOT.jar:na]
	at org.evosuite.testcase.TestFitnessFunction.runTest(TestFitnessFunction.java:91) [evosuite-client-1.0.4-SNAPSHOT.jar:na]
	at org.evosuite.testcase.TestFitnessFunction.getFitness(TestFitnessFunction.java:60) [evosuite-client-1.0.4-SNAPSHOT.jar:na]
	at org.evosuite.testcase.TestFitnessFunction.getFitness(TestFitnessFunction.java:34) [evosuite-client-1.0.4-SNAPSHOT.jar:na]
	at org.evosuite.ga.metaheuristics.mosa.MOSA.calculateFitness(MOSA.java:155) [evosuite-client-1.0.4-SNAPSHOT.jar:na]
	at org.evosuite.ga.metaheuristics.mosa.AbstractMOSA.breedNextGeneration(AbstractMOSA.java:153) [evosuite-client-1.0.4-SNAPSHOT.jar:na]
	at org.evosuite.ga.metaheuristics.mosa.MOSA.evolve(MOSA.java:89) [evosuite-client-1.0.4-SNAPSHOT.jar:na]
	at org.evosuite.ga.metaheuristics.mosa.MOSA.generateSolution(MOSA.java:205) [evosuite-client-1.0.4-SNAPSHOT.jar:na]
	at org.evosuite.strategy.MOSuiteStrategy.generateTests(MOSuiteStrategy.java:127) [evosuite-client-1.0.4-SNAPSHOT.jar:na]
	at org.evosuite.TestSuiteGenerator.generateTests(TestSuiteGenerator.java:654) [evosuite-client-1.0.4-SNAPSHOT.jar:na]
	at org.evosuite.TestSuiteGenerator.generateTestSuite(TestSuiteGenerator.java:213) [evosuite-client-1.0.4-SNAPSHOT.jar:na]
	at org.evosuite.rmi.service.ClientNodeImpl$1.run(ClientNodeImpl.java:145) [evosuite-client-1.0.4-SNAPSHOT.jar:na]
	at java.util.concurrent.Executors$RunnableAdapter.call(Executors.java:511) [na:1.8.0_265]
	at java.util.concurrent.FutureTask.run(FutureTask.java:266) [na:1.8.0_265]
	at java.util.concurrent.ThreadPoolExecutor.runWorker(ThreadPoolExecutor.java:1149) [na:1.8.0_265]
	at java.util.concurrent.ThreadPoolExecutor$Worker.run(ThreadPoolExecutor.java:624) [na:1.8.0_265]
	at java.lang.Thread.run(Thread.java:748) [na:1.8.0_265]
Aug 20, 2020 6:41:54 AM org.openqa.selenium.remote.ProtocolHandshake createSession
[MASTER] 14:41:54.852 [Thread-3] ERROR ExternalProcessHandler - Aug 20, 2020 6:41:54 AM org.openqa.selenium.remote.ProtocolHandshake createSession

INFO: Detected dialect: OSS
[MASTER] 14:41:54.852 [Thread-3] ERROR ExternalProcessHandler - INFO: Detected dialect: OSS

Aug 20, 2020 6:41:55 AM org.openqa.selenium.remote.ProtocolHandshake createSession
[MASTER] 14:41:55.792 [Thread-3] ERROR ExternalProcessHandler - Aug 20, 2020 6:41:55 AM org.openqa.selenium.remote.ProtocolHandshake createSession

INFO: Detected dialect: OSS
[MASTER] 14:41:55.792 [Thread-3] ERROR ExternalProcessHandler - INFO: Detected dialect: OSS

Aug 20, 2020 6:41:59 AM org.openqa.selenium.remote.ProtocolHandshake createSession
[MASTER] 14:41:59.467 [Thread-3] ERROR ExternalProcessHandler - Aug 20, 2020 6:41:59 AM org.openqa.selenium.remote.ProtocolHandshake createSession

INFO: Detected dialect: OSS
[MASTER] 14:41:59.467 [Thread-3] ERROR ExternalProcessHandler - INFO: Detected dialect: OSS

Aug 20, 2020 6:42:08 AM org.openqa.selenium.remote.ProtocolHandshake createSession
[MASTER] 14:42:08.100 [Thread-3] ERROR ExternalProcessHandler - Aug 20, 2020 6:42:08 AM org.openqa.selenium.remote.ProtocolHandshake createSession

INFO: Detected dialect: OSS
[MASTER] 14:42:08.100 [Thread-3] ERROR ExternalProcessHandler - INFO: Detected dialect: OSS

Aug 20, 2020 6:42:21 AM org.openqa.selenium.remote.ProtocolHandshake createSession
[MASTER] 14:42:21.553 [Thread-3] ERROR ExternalProcessHandler - Aug 20, 2020 6:42:21 AM org.openqa.selenium.remote.ProtocolHandshake createSession

INFO: Detected dialect: OSS
[MASTER] 14:42:21.553 [Thread-3] ERROR ExternalProcessHandler - INFO: Detected dialect: OSS

[MASTER] 14:42:39.546 [logback-2] ERROR TestCaseExecutor - TG: Exception caught: 
java.lang.IllegalStateException: Test generation failed: page object bug.
	at org.evosuite.testcase.execution.TestCaseExecutor.runTest(TestCaseExecutor.java:322) ~[evosuite-client-1.0.4-SNAPSHOT.jar:na]
	at org.evosuite.testcase.TestFitnessFunction.runTest(TestFitnessFunction.java:91) [evosuite-client-1.0.4-SNAPSHOT.jar:na]
	at org.evosuite.testcase.TestFitnessFunction.getFitness(TestFitnessFunction.java:60) [evosuite-client-1.0.4-SNAPSHOT.jar:na]
	at org.evosuite.testcase.TestFitnessFunction.getFitness(TestFitnessFunction.java:34) [evosuite-client-1.0.4-SNAPSHOT.jar:na]
	at org.evosuite.ga.metaheuristics.mosa.MOSA.calculateFitness(MOSA.java:155) [evosuite-client-1.0.4-SNAPSHOT.jar:na]
	at org.evosuite.ga.metaheuristics.mosa.AbstractMOSA.breedNextGeneration(AbstractMOSA.java:144) [evosuite-client-1.0.4-SNAPSHOT.jar:na]
	at org.evosuite.ga.metaheuristics.mosa.MOSA.evolve(MOSA.java:89) [evosuite-client-1.0.4-SNAPSHOT.jar:na]
	at org.evosuite.ga.metaheuristics.mosa.MOSA.generateSolution(MOSA.java:205) [evosuite-client-1.0.4-SNAPSHOT.jar:na]
	at org.evosuite.strategy.MOSuiteStrategy.generateTests(MOSuiteStrategy.java:127) [evosuite-client-1.0.4-SNAPSHOT.jar:na]
	at org.evosuite.TestSuiteGenerator.generateTests(TestSuiteGenerator.java:654) [evosuite-client-1.0.4-SNAPSHOT.jar:na]
	at org.evosuite.TestSuiteGenerator.generateTestSuite(TestSuiteGenerator.java:213) [evosuite-client-1.0.4-SNAPSHOT.jar:na]
	at org.evosuite.rmi.service.ClientNodeImpl$1.run(ClientNodeImpl.java:145) [evosuite-client-1.0.4-SNAPSHOT.jar:na]
	at java.util.concurrent.Executors$RunnableAdapter.call(Executors.java:511) [na:1.8.0_265]
	at java.util.concurrent.FutureTask.run(FutureTask.java:266) [na:1.8.0_265]
	at java.util.concurrent.ThreadPoolExecutor.runWorker(ThreadPoolExecutor.java:1149) [na:1.8.0_265]
	at java.util.concurrent.ThreadPoolExecutor$Worker.run(ThreadPoolExecutor.java:624) [na:1.8.0_265]
	at java.lang.Thread.run(Thread.java:748) [na:1.8.0_265]
Aug 20, 2020 6:42:39 AM org.openqa.selenium.remote.ProtocolHandshake createSession
[MASTER] 14:42:39.692 [Thread-3] ERROR ExternalProcessHandler - Aug 20, 2020 6:42:39 AM org.openqa.selenium.remote.ProtocolHandshake createSession

INFO: Detected dialect: OSS
[MASTER] 14:42:39.692 [Thread-3] ERROR ExternalProcessHandler - INFO: Detected dialect: OSS

Aug 20, 2020 6:42:42 AM org.openqa.selenium.remote.ProtocolHandshake createSession
[MASTER] 14:42:42.046 [Thread-3] ERROR ExternalProcessHandler - Aug 20, 2020 6:42:42 AM org.openqa.selenium.remote.ProtocolHandshake createSession

INFO: Detected dialect: OSS
[MASTER] 14:42:42.046 [Thread-3] ERROR ExternalProcessHandler - INFO: Detected dialect: OSS

Aug 20, 2020 6:42:46 AM org.openqa.selenium.remote.ProtocolHandshake createSession
[MASTER] 14:42:46.049 [Thread-3] ERROR ExternalProcessHandler - Aug 20, 2020 6:42:46 AM org.openqa.selenium.remote.ProtocolHandshake createSession

INFO: Detected dialect: OSS
[MASTER] 14:42:46.050 [Thread-3] ERROR ExternalProcessHandler - INFO: Detected dialect: OSS

Aug 20, 2020 6:42:57 AM org.openqa.selenium.remote.ProtocolHandshake createSession
[MASTER] 14:42:57.146 [Thread-3] ERROR ExternalProcessHandler - Aug 20, 2020 6:42:57 AM org.openqa.selenium.remote.ProtocolHandshake createSession

INFO: Detected dialect: OSS
[MASTER] 14:42:57.146 [Thread-3] ERROR ExternalProcessHandler - INFO: Detected dialect: OSS

Aug 20, 2020 6:43:15 AM org.openqa.selenium.remote.ProtocolHandshake createSession
[MASTER] 14:43:15.126 [Thread-3] ERROR ExternalProcessHandler - Aug 20, 2020 6:43:15 AM org.openqa.selenium.remote.ProtocolHandshake createSession

INFO: Detected dialect: OSS
[MASTER] 14:43:15.126 [Thread-3] ERROR ExternalProcessHandler - INFO: Detected dialect: OSS

[MASTER] 14:43:40.020 [logback-2] ERROR TestCaseExecutor - TG: Exception caught: 
java.lang.IllegalStateException: Test generation failed: page object bug.
	at org.evosuite.testcase.execution.TestCaseExecutor.runTest(TestCaseExecutor.java:322) ~[evosuite-client-1.0.4-SNAPSHOT.jar:na]
	at org.evosuite.testcase.TestFitnessFunction.runTest(TestFitnessFunction.java:91) [evosuite-client-1.0.4-SNAPSHOT.jar:na]
	at org.evosuite.testcase.TestFitnessFunction.getFitness(TestFitnessFunction.java:60) [evosuite-client-1.0.4-SNAPSHOT.jar:na]
	at org.evosuite.testcase.TestFitnessFunction.getFitness(TestFitnessFunction.java:34) [evosuite-client-1.0.4-SNAPSHOT.jar:na]
	at org.evosuite.ga.metaheuristics.mosa.MOSA.calculateFitness(MOSA.java:155) [evosuite-client-1.0.4-SNAPSHOT.jar:na]
	at org.evosuite.ga.metaheuristics.mosa.AbstractMOSA.breedNextGeneration(AbstractMOSA.java:144) [evosuite-client-1.0.4-SNAPSHOT.jar:na]
	at org.evosuite.ga.metaheuristics.mosa.MOSA.evolve(MOSA.java:89) [evosuite-client-1.0.4-SNAPSHOT.jar:na]
	at org.evosuite.ga.metaheuristics.mosa.MOSA.generateSolution(MOSA.java:205) [evosuite-client-1.0.4-SNAPSHOT.jar:na]
	at org.evosuite.strategy.MOSuiteStrategy.generateTests(MOSuiteStrategy.java:127) [evosuite-client-1.0.4-SNAPSHOT.jar:na]
	at org.evosuite.TestSuiteGenerator.generateTests(TestSuiteGenerator.java:654) [evosuite-client-1.0.4-SNAPSHOT.jar:na]
	at org.evosuite.TestSuiteGenerator.generateTestSuite(TestSuiteGenerator.java:213) [evosuite-client-1.0.4-SNAPSHOT.jar:na]
	at org.evosuite.rmi.service.ClientNodeImpl$1.run(ClientNodeImpl.java:145) [evosuite-client-1.0.4-SNAPSHOT.jar:na]
	at java.util.concurrent.Executors$RunnableAdapter.call(Executors.java:511) [na:1.8.0_265]
	at java.util.concurrent.FutureTask.run(FutureTask.java:266) [na:1.8.0_265]
	at java.util.concurrent.ThreadPoolExecutor.runWorker(ThreadPoolExecutor.java:1149) [na:1.8.0_265]
	at java.util.concurrent.ThreadPoolExecutor$Worker.run(ThreadPoolExecutor.java:624) [na:1.8.0_265]
	at java.lang.Thread.run(Thread.java:748) [na:1.8.0_265]
Aug 20, 2020 6:43:40 AM org.openqa.selenium.remote.ProtocolHandshake createSession
[MASTER] 14:43:40.213 [Thread-3] ERROR ExternalProcessHandler - Aug 20, 2020 6:43:40 AM org.openqa.selenium.remote.ProtocolHandshake createSession

INFO: Detected dialect: OSS
[MASTER] 14:43:40.213 [Thread-3] ERROR ExternalProcessHandler - INFO: Detected dialect: OSS

Aug 20, 2020 6:43:44 AM org.openqa.selenium.remote.ProtocolHandshake createSession
[MASTER] 14:43:44.462 [Thread-3] ERROR ExternalProcessHandler - Aug 20, 2020 6:43:44 AM org.openqa.selenium.remote.ProtocolHandshake createSession

INFO: Detected dialect: OSS
[MASTER] 14:43:44.462 [Thread-3] ERROR ExternalProcessHandler - INFO: Detected dialect: OSS

Aug 20, 2020 6:43:52 AM org.openqa.selenium.remote.ProtocolHandshake createSession
[MASTER] 14:43:52.454 [Thread-3] ERROR ExternalProcessHandler - Aug 20, 2020 6:43:52 AM org.openqa.selenium.remote.ProtocolHandshake createSession

INFO: Detected dialect: OSS
[MASTER] 14:43:52.454 [Thread-3] ERROR ExternalProcessHandler - INFO: Detected dialect: OSS

Aug 20, 2020 6:44:03 AM org.openqa.selenium.remote.ProtocolHandshake createSession
[MASTER] 14:44:03.985 [Thread-3] ERROR ExternalProcessHandler - Aug 20, 2020 6:44:03 AM org.openqa.selenium.remote.ProtocolHandshake createSession

INFO: Detected dialect: OSS
[MASTER] 14:44:03.985 [Thread-3] ERROR ExternalProcessHandler - INFO: Detected dialect: OSS

[MASTER] 14:44:19.035 [logback-2] ERROR TestCaseExecutor - TG: Exception caught: 
java.lang.IllegalStateException: Test generation failed: page object bug.
	at org.evosuite.testcase.execution.TestCaseExecutor.runTest(TestCaseExecutor.java:322) ~[evosuite-client-1.0.4-SNAPSHOT.jar:na]
	at org.evosuite.testcase.TestFitnessFunction.runTest(TestFitnessFunction.java:91) [evosuite-client-1.0.4-SNAPSHOT.jar:na]
	at org.evosuite.testcase.TestFitnessFunction.getFitness(TestFitnessFunction.java:60) [evosuite-client-1.0.4-SNAPSHOT.jar:na]
	at org.evosuite.testcase.TestFitnessFunction.getFitness(TestFitnessFunction.java:34) [evosuite-client-1.0.4-SNAPSHOT.jar:na]
	at org.evosuite.ga.metaheuristics.mosa.MOSA.calculateFitness(MOSA.java:155) [evosuite-client-1.0.4-SNAPSHOT.jar:na]
	at org.evosuite.ga.metaheuristics.mosa.AbstractMOSA.breedNextGeneration(AbstractMOSA.java:153) [evosuite-client-1.0.4-SNAPSHOT.jar:na]
	at org.evosuite.ga.metaheuristics.mosa.MOSA.evolve(MOSA.java:89) [evosuite-client-1.0.4-SNAPSHOT.jar:na]
	at org.evosuite.ga.metaheuristics.mosa.MOSA.generateSolution(MOSA.java:205) [evosuite-client-1.0.4-SNAPSHOT.jar:na]
	at org.evosuite.strategy.MOSuiteStrategy.generateTests(MOSuiteStrategy.java:127) [evosuite-client-1.0.4-SNAPSHOT.jar:na]
	at org.evosuite.TestSuiteGenerator.generateTests(TestSuiteGenerator.java:654) [evosuite-client-1.0.4-SNAPSHOT.jar:na]
	at org.evosuite.TestSuiteGenerator.generateTestSuite(TestSuiteGenerator.java:213) [evosuite-client-1.0.4-SNAPSHOT.jar:na]
	at org.evosuite.rmi.service.ClientNodeImpl$1.run(ClientNodeImpl.java:145) [evosuite-client-1.0.4-SNAPSHOT.jar:na]
	at java.util.concurrent.Executors$RunnableAdapter.call(Executors.java:511) [na:1.8.0_265]
	at java.util.concurrent.FutureTask.run(FutureTask.java:266) [na:1.8.0_265]
	at java.util.concurrent.ThreadPoolExecutor.runWorker(ThreadPoolExecutor.java:1149) [na:1.8.0_265]
	at java.util.concurrent.ThreadPoolExecutor$Worker.run(ThreadPoolExecutor.java:624) [na:1.8.0_265]
	at java.lang.Thread.run(Thread.java:748) [na:1.8.0_265]
Aug 20, 2020 6:44:19 AM org.openqa.selenium.remote.ProtocolHandshake createSession
[MASTER] 14:44:19.205 [Thread-3] ERROR ExternalProcessHandler - Aug 20, 2020 6:44:19 AM org.openqa.selenium.remote.ProtocolHandshake createSession

INFO: Detected dialect: OSS
[MASTER] 14:44:19.205 [Thread-3] ERROR ExternalProcessHandler - INFO: Detected dialect: OSS

Aug 20, 2020 6:44:20 AM org.openqa.selenium.remote.ProtocolHandshake createSession
[MASTER] 14:44:20.676 [Thread-3] ERROR ExternalProcessHandler - Aug 20, 2020 6:44:20 AM org.openqa.selenium.remote.ProtocolHandshake createSession

INFO: Detected dialect: OSS
[MASTER] 14:44:20.676 [Thread-3] ERROR ExternalProcessHandler - INFO: Detected dialect: OSS

Aug 20, 2020 6:44:21 AM org.openqa.selenium.remote.ProtocolHandshake createSession
[MASTER] 14:44:21.961 [Thread-3] ERROR ExternalProcessHandler - Aug 20, 2020 6:44:21 AM org.openqa.selenium.remote.ProtocolHandshake createSession

INFO: Detected dialect: OSS
[MASTER] 14:44:21.961 [Thread-3] ERROR ExternalProcessHandler - INFO: Detected dialect: OSS

Aug 20, 2020 6:44:23 AM org.openqa.selenium.remote.ProtocolHandshake createSession
[MASTER] 14:44:23.110 [Thread-3] ERROR ExternalProcessHandler - Aug 20, 2020 6:44:23 AM org.openqa.selenium.remote.ProtocolHandshake createSession

INFO: Detected dialect: OSS
[MASTER] 14:44:23.110 [Thread-3] ERROR ExternalProcessHandler - INFO: Detected dialect: OSS

Aug 20, 2020 6:44:25 AM org.openqa.selenium.remote.ProtocolHandshake createSession
[MASTER] 14:44:25.501 [Thread-3] ERROR ExternalProcessHandler - Aug 20, 2020 6:44:25 AM org.openqa.selenium.remote.ProtocolHandshake createSession

INFO: Detected dialect: OSS
[MASTER] 14:44:25.501 [Thread-3] ERROR ExternalProcessHandler - INFO: Detected dialect: OSS

Aug 20, 2020 6:44:26 AM org.openqa.selenium.remote.ProtocolHandshake createSession
[MASTER] 14:44:26.609 [Thread-3] ERROR ExternalProcessHandler - Aug 20, 2020 6:44:26 AM org.openqa.selenium.remote.ProtocolHandshake createSession

INFO: Detected dialect: OSS
[MASTER] 14:44:26.609 [Thread-3] ERROR ExternalProcessHandler - INFO: Detected dialect: OSS

Aug 20, 2020 6:44:28 AM org.openqa.selenium.remote.ProtocolHandshake createSession
[MASTER] 14:44:28.812 [Thread-3] ERROR ExternalProcessHandler - Aug 20, 2020 6:44:28 AM org.openqa.selenium.remote.ProtocolHandshake createSession

INFO: Detected dialect: OSS
[MASTER] 14:44:28.812 [Thread-3] ERROR ExternalProcessHandler - INFO: Detected dialect: OSS

Aug 20, 2020 6:44:33 AM org.openqa.selenium.remote.ProtocolHandshake createSession
[MASTER] 14:44:33.074 [Thread-3] ERROR ExternalProcessHandler - Aug 20, 2020 6:44:33 AM org.openqa.selenium.remote.ProtocolHandshake createSession

INFO: Detected dialect: OSS
[MASTER] 14:44:33.074 [Thread-3] ERROR ExternalProcessHandler - INFO: Detected dialect: OSS

Aug 20, 2020 6:44:41 AM org.openqa.selenium.remote.ProtocolHandshake createSession
[MASTER] 14:44:41.114 [Thread-3] ERROR ExternalProcessHandler - Aug 20, 2020 6:44:41 AM org.openqa.selenium.remote.ProtocolHandshake createSession

INFO: Detected dialect: OSS
[MASTER] 14:44:41.114 [Thread-3] ERROR ExternalProcessHandler - INFO: Detected dialect: OSS

Aug 20, 2020 6:44:52 AM org.openqa.selenium.remote.ProtocolHandshake createSession
[MASTER] 14:44:52.603 [Thread-3] ERROR ExternalProcessHandler - Aug 20, 2020 6:44:52 AM org.openqa.selenium.remote.ProtocolHandshake createSession

INFO: Detected dialect: OSS
[MASTER] 14:44:52.603 [Thread-3] ERROR ExternalProcessHandler - INFO: Detected dialect: OSS

[MASTER] 14:45:07.694 [logback-2] ERROR TestCaseExecutor - TG: Exception caught: 
java.lang.IllegalStateException: Test generation failed: page object bug.
	at org.evosuite.testcase.execution.TestCaseExecutor.runTest(TestCaseExecutor.java:322) ~[evosuite-client-1.0.4-SNAPSHOT.jar:na]
	at org.evosuite.testcase.TestFitnessFunction.runTest(TestFitnessFunction.java:91) [evosuite-client-1.0.4-SNAPSHOT.jar:na]
	at org.evosuite.testcase.TestFitnessFunction.getFitness(TestFitnessFunction.java:60) [evosuite-client-1.0.4-SNAPSHOT.jar:na]
	at org.evosuite.testcase.TestFitnessFunction.getFitness(TestFitnessFunction.java:34) [evosuite-client-1.0.4-SNAPSHOT.jar:na]
	at org.evosuite.ga.metaheuristics.mosa.MOSA.calculateFitness(MOSA.java:155) [evosuite-client-1.0.4-SNAPSHOT.jar:na]
	at org.evosuite.ga.metaheuristics.mosa.AbstractMOSA.breedNextGeneration(AbstractMOSA.java:153) [evosuite-client-1.0.4-SNAPSHOT.jar:na]
	at org.evosuite.ga.metaheuristics.mosa.MOSA.evolve(MOSA.java:89) [evosuite-client-1.0.4-SNAPSHOT.jar:na]
	at org.evosuite.ga.metaheuristics.mosa.MOSA.generateSolution(MOSA.java:205) [evosuite-client-1.0.4-SNAPSHOT.jar:na]
	at org.evosuite.strategy.MOSuiteStrategy.generateTests(MOSuiteStrategy.java:127) [evosuite-client-1.0.4-SNAPSHOT.jar:na]
	at org.evosuite.TestSuiteGenerator.generateTests(TestSuiteGenerator.java:654) [evosuite-client-1.0.4-SNAPSHOT.jar:na]
	at org.evosuite.TestSuiteGenerator.generateTestSuite(TestSuiteGenerator.java:213) [evosuite-client-1.0.4-SNAPSHOT.jar:na]
	at org.evosuite.rmi.service.ClientNodeImpl$1.run(ClientNodeImpl.java:145) [evosuite-client-1.0.4-SNAPSHOT.jar:na]
	at java.util.concurrent.Executors$RunnableAdapter.call(Executors.java:511) [na:1.8.0_265]
	at java.util.concurrent.FutureTask.run(FutureTask.java:266) [na:1.8.0_265]
	at java.util.concurrent.ThreadPoolExecutor.runWorker(ThreadPoolExecutor.java:1149) [na:1.8.0_265]
	at java.util.concurrent.ThreadPoolExecutor$Worker.run(ThreadPoolExecutor.java:624) [na:1.8.0_265]
	at java.lang.Thread.run(Thread.java:748) [na:1.8.0_265]
Aug 20, 2020 6:45:07 AM org.openqa.selenium.remote.ProtocolHandshake createSession
[MASTER] 14:45:07.881 [Thread-3] ERROR ExternalProcessHandler - Aug 20, 2020 6:45:07 AM org.openqa.selenium.remote.ProtocolHandshake createSession

INFO: Detected dialect: OSS
[MASTER] 14:45:07.881 [Thread-3] ERROR ExternalProcessHandler - INFO: Detected dialect: OSS

Aug 20, 2020 6:45:08 AM org.openqa.selenium.remote.ProtocolHandshake createSession
[MASTER] 14:45:08.762 [Thread-3] ERROR ExternalProcessHandler - Aug 20, 2020 6:45:08 AM org.openqa.selenium.remote.ProtocolHandshake createSession

INFO: Detected dialect: OSS
[MASTER] 14:45:08.762 [Thread-3] ERROR ExternalProcessHandler - INFO: Detected dialect: OSS

Aug 20, 2020 6:45:13 AM org.openqa.selenium.remote.ProtocolHandshake createSession
[MASTER] 14:45:13.561 [Thread-3] ERROR ExternalProcessHandler - Aug 20, 2020 6:45:13 AM org.openqa.selenium.remote.ProtocolHandshake createSession

INFO: Detected dialect: OSS
[MASTER] 14:45:13.561 [Thread-3] ERROR ExternalProcessHandler - INFO: Detected dialect: OSS

Aug 20, 2020 6:45:22 AM org.openqa.selenium.remote.ProtocolHandshake createSession
[MASTER] 14:45:22.803 [Thread-3] ERROR ExternalProcessHandler - Aug 20, 2020 6:45:22 AM org.openqa.selenium.remote.ProtocolHandshake createSession

INFO: Detected dialect: OSS
[MASTER] 14:45:22.803 [Thread-3] ERROR ExternalProcessHandler - INFO: Detected dialect: OSS

Aug 20, 2020 6:45:36 AM org.openqa.selenium.remote.ProtocolHandshake createSession
[MASTER] 14:45:36.244 [Thread-3] ERROR ExternalProcessHandler - Aug 20, 2020 6:45:36 AM org.openqa.selenium.remote.ProtocolHandshake createSession

INFO: Detected dialect: OSS
[MASTER] 14:45:36.244 [Thread-3] ERROR ExternalProcessHandler - INFO: Detected dialect: OSS

[MASTER] 14:45:53.618 [logback-2] ERROR TestCaseExecutor - TG: Exception caught: 
java.lang.IllegalStateException: Test generation failed: page object bug.
	at org.evosuite.testcase.execution.TestCaseExecutor.runTest(TestCaseExecutor.java:322) ~[evosuite-client-1.0.4-SNAPSHOT.jar:na]
	at org.evosuite.testcase.TestFitnessFunction.runTest(TestFitnessFunction.java:91) [evosuite-client-1.0.4-SNAPSHOT.jar:na]
	at org.evosuite.testcase.TestFitnessFunction.getFitness(TestFitnessFunction.java:60) [evosuite-client-1.0.4-SNAPSHOT.jar:na]
	at org.evosuite.testcase.TestFitnessFunction.getFitness(TestFitnessFunction.java:34) [evosuite-client-1.0.4-SNAPSHOT.jar:na]
	at org.evosuite.ga.metaheuristics.mosa.MOSA.calculateFitness(MOSA.java:155) [evosuite-client-1.0.4-SNAPSHOT.jar:na]
	at org.evosuite.ga.metaheuristics.mosa.AbstractMOSA.breedNextGeneration(AbstractMOSA.java:153) [evosuite-client-1.0.4-SNAPSHOT.jar:na]
	at org.evosuite.ga.metaheuristics.mosa.MOSA.evolve(MOSA.java:89) [evosuite-client-1.0.4-SNAPSHOT.jar:na]
	at org.evosuite.ga.metaheuristics.mosa.MOSA.generateSolution(MOSA.java:205) [evosuite-client-1.0.4-SNAPSHOT.jar:na]
	at org.evosuite.strategy.MOSuiteStrategy.generateTests(MOSuiteStrategy.java:127) [evosuite-client-1.0.4-SNAPSHOT.jar:na]
	at org.evosuite.TestSuiteGenerator.generateTests(TestSuiteGenerator.java:654) [evosuite-client-1.0.4-SNAPSHOT.jar:na]
	at org.evosuite.TestSuiteGenerator.generateTestSuite(TestSuiteGenerator.java:213) [evosuite-client-1.0.4-SNAPSHOT.jar:na]
	at org.evosuite.rmi.service.ClientNodeImpl$1.run(ClientNodeImpl.java:145) [evosuite-client-1.0.4-SNAPSHOT.jar:na]
	at java.util.concurrent.Executors$RunnableAdapter.call(Executors.java:511) [na:1.8.0_265]
	at java.util.concurrent.FutureTask.run(FutureTask.java:266) [na:1.8.0_265]
	at java.util.concurrent.ThreadPoolExecutor.runWorker(ThreadPoolExecutor.java:1149) [na:1.8.0_265]
	at java.util.concurrent.ThreadPoolExecutor$Worker.run(ThreadPoolExecutor.java:624) [na:1.8.0_265]
	at java.lang.Thread.run(Thread.java:748) [na:1.8.0_265]
Aug 20, 2020 6:45:53 AM org.openqa.selenium.remote.ProtocolHandshake createSession
[MASTER] 14:45:53.811 [Thread-3] ERROR ExternalProcessHandler - Aug 20, 2020 6:45:53 AM org.openqa.selenium.remote.ProtocolHandshake createSession

INFO: Detected dialect: OSS
[MASTER] 14:45:53.811 [Thread-3] ERROR ExternalProcessHandler - INFO: Detected dialect: OSS

Aug 20, 2020 6:45:55 AM org.openqa.selenium.remote.ProtocolHandshake createSession
[MASTER] 14:45:55.762 [Thread-3] ERROR ExternalProcessHandler - Aug 20, 2020 6:45:55 AM org.openqa.selenium.remote.ProtocolHandshake createSession

INFO: Detected dialect: OSS
[MASTER] 14:45:55.763 [Thread-3] ERROR ExternalProcessHandler - INFO: Detected dialect: OSS

Aug 20, 2020 6:46:00 AM org.openqa.selenium.remote.ProtocolHandshake createSession
[MASTER] 14:46:00.738 [Thread-3] ERROR ExternalProcessHandler - Aug 20, 2020 6:46:00 AM org.openqa.selenium.remote.ProtocolHandshake createSession

INFO: Detected dialect: OSS
[MASTER] 14:46:00.738 [Thread-3] ERROR ExternalProcessHandler - INFO: Detected dialect: OSS

Aug 20, 2020 6:46:08 AM org.openqa.selenium.remote.ProtocolHandshake createSession
[MASTER] 14:46:08.634 [Thread-3] ERROR ExternalProcessHandler - Aug 20, 2020 6:46:08 AM org.openqa.selenium.remote.ProtocolHandshake createSession

INFO: Detected dialect: OSS
[MASTER] 14:46:08.634 [Thread-3] ERROR ExternalProcessHandler - INFO: Detected dialect: OSS

[MASTER] 14:46:19.316 [logback-2] ERROR TestCaseExecutor - TG: Exception caught: 
java.lang.IllegalStateException: Test generation failed: page object bug.
	at org.evosuite.testcase.execution.TestCaseExecutor.runTest(TestCaseExecutor.java:322) ~[evosuite-client-1.0.4-SNAPSHOT.jar:na]
	at org.evosuite.testcase.TestFitnessFunction.runTest(TestFitnessFunction.java:91) [evosuite-client-1.0.4-SNAPSHOT.jar:na]
	at org.evosuite.testcase.TestFitnessFunction.getFitness(TestFitnessFunction.java:60) [evosuite-client-1.0.4-SNAPSHOT.jar:na]
	at org.evosuite.testcase.TestFitnessFunction.getFitness(TestFitnessFunction.java:34) [evosuite-client-1.0.4-SNAPSHOT.jar:na]
	at org.evosuite.ga.metaheuristics.mosa.MOSA.calculateFitness(MOSA.java:155) [evosuite-client-1.0.4-SNAPSHOT.jar:na]
	at org.evosuite.ga.metaheuristics.mosa.AbstractMOSA.breedNextGeneration(AbstractMOSA.java:144) [evosuite-client-1.0.4-SNAPSHOT.jar:na]
	at org.evosuite.ga.metaheuristics.mosa.MOSA.evolve(MOSA.java:89) [evosuite-client-1.0.4-SNAPSHOT.jar:na]
	at org.evosuite.ga.metaheuristics.mosa.MOSA.generateSolution(MOSA.java:205) [evosuite-client-1.0.4-SNAPSHOT.jar:na]
	at org.evosuite.strategy.MOSuiteStrategy.generateTests(MOSuiteStrategy.java:127) [evosuite-client-1.0.4-SNAPSHOT.jar:na]
	at org.evosuite.TestSuiteGenerator.generateTests(TestSuiteGenerator.java:654) [evosuite-client-1.0.4-SNAPSHOT.jar:na]
	at org.evosuite.TestSuiteGenerator.generateTestSuite(TestSuiteGenerator.java:213) [evosuite-client-1.0.4-SNAPSHOT.jar:na]
	at org.evosuite.rmi.service.ClientNodeImpl$1.run(ClientNodeImpl.java:145) [evosuite-client-1.0.4-SNAPSHOT.jar:na]
	at java.util.concurrent.Executors$RunnableAdapter.call(Executors.java:511) [na:1.8.0_265]
	at java.util.concurrent.FutureTask.run(FutureTask.java:266) [na:1.8.0_265]
	at java.util.concurrent.ThreadPoolExecutor.runWorker(ThreadPoolExecutor.java:1149) [na:1.8.0_265]
	at java.util.concurrent.ThreadPoolExecutor$Worker.run(ThreadPoolExecutor.java:624) [na:1.8.0_265]
	at java.lang.Thread.run(Thread.java:748) [na:1.8.0_265]
Aug 20, 2020 6:46:19 AM org.openqa.selenium.remote.ProtocolHandshake createSession
[MASTER] 14:46:19.511 [Thread-3] ERROR ExternalProcessHandler - Aug 20, 2020 6:46:19 AM org.openqa.selenium.remote.ProtocolHandshake createSession

INFO: Detected dialect: OSS
[MASTER] 14:46:19.511 [Thread-3] ERROR ExternalProcessHandler - INFO: Detected dialect: OSS

Aug 20, 2020 6:46:20 AM org.openqa.selenium.remote.ProtocolHandshake createSession
[MASTER] 14:46:20.782 [Thread-3] ERROR ExternalProcessHandler - Aug 20, 2020 6:46:20 AM org.openqa.selenium.remote.ProtocolHandshake createSession

INFO: Detected dialect: OSS
[MASTER] 14:46:20.782 [Thread-3] ERROR ExternalProcessHandler - INFO: Detected dialect: OSS

Aug 20, 2020 6:46:21 AM org.openqa.selenium.remote.ProtocolHandshake createSession
[MASTER] 14:46:21.815 [Thread-3] ERROR ExternalProcessHandler - Aug 20, 2020 6:46:21 AM org.openqa.selenium.remote.ProtocolHandshake createSession

INFO: Detected dialect: OSS
[MASTER] 14:46:21.815 [Thread-3] ERROR ExternalProcessHandler - INFO: Detected dialect: OSS

Aug 20, 2020 6:46:25 AM org.openqa.selenium.remote.ProtocolHandshake createSession
[MASTER] 14:46:25.337 [Thread-3] ERROR ExternalProcessHandler - Aug 20, 2020 6:46:25 AM org.openqa.selenium.remote.ProtocolHandshake createSession

INFO: Detected dialect: OSS
[MASTER] 14:46:25.338 [Thread-3] ERROR ExternalProcessHandler - INFO: Detected dialect: OSS

Aug 20, 2020 6:46:37 AM org.openqa.selenium.remote.ProtocolHandshake createSession
[MASTER] 14:46:37.081 [Thread-3] ERROR ExternalProcessHandler - Aug 20, 2020 6:46:37 AM org.openqa.selenium.remote.ProtocolHandshake createSession

INFO: Detected dialect: OSS
[MASTER] 14:46:37.081 [Thread-3] ERROR ExternalProcessHandler - INFO: Detected dialect: OSS

Aug 20, 2020 6:46:56 AM org.openqa.selenium.remote.ProtocolHandshake createSession
[MASTER] 14:46:56.830 [Thread-3] ERROR ExternalProcessHandler - Aug 20, 2020 6:46:56 AM org.openqa.selenium.remote.ProtocolHandshake createSession

INFO: Detected dialect: OSS
[MASTER] 14:46:56.831 [Thread-3] ERROR ExternalProcessHandler - INFO: Detected dialect: OSS

[MASTER] 14:47:24.504 [logback-2] ERROR TestCaseExecutor - TG: Exception caught: 
java.lang.IllegalStateException: Test generation failed: page object bug.
	at org.evosuite.testcase.execution.TestCaseExecutor.runTest(TestCaseExecutor.java:322) ~[evosuite-client-1.0.4-SNAPSHOT.jar:na]
	at org.evosuite.testcase.TestFitnessFunction.runTest(TestFitnessFunction.java:91) [evosuite-client-1.0.4-SNAPSHOT.jar:na]
	at org.evosuite.testcase.TestFitnessFunction.getFitness(TestFitnessFunction.java:60) [evosuite-client-1.0.4-SNAPSHOT.jar:na]
	at org.evosuite.testcase.TestFitnessFunction.getFitness(TestFitnessFunction.java:34) [evosuite-client-1.0.4-SNAPSHOT.jar:na]
	at org.evosuite.ga.metaheuristics.mosa.MOSA.calculateFitness(MOSA.java:155) [evosuite-client-1.0.4-SNAPSHOT.jar:na]
	at org.evosuite.ga.metaheuristics.mosa.AbstractMOSA.breedNextGeneration(AbstractMOSA.java:153) [evosuite-client-1.0.4-SNAPSHOT.jar:na]
	at org.evosuite.ga.metaheuristics.mosa.MOSA.evolve(MOSA.java:89) [evosuite-client-1.0.4-SNAPSHOT.jar:na]
	at org.evosuite.ga.metaheuristics.mosa.MOSA.generateSolution(MOSA.java:205) [evosuite-client-1.0.4-SNAPSHOT.jar:na]
	at org.evosuite.strategy.MOSuiteStrategy.generateTests(MOSuiteStrategy.java:127) [evosuite-client-1.0.4-SNAPSHOT.jar:na]
	at org.evosuite.TestSuiteGenerator.generateTests(TestSuiteGenerator.java:654) [evosuite-client-1.0.4-SNAPSHOT.jar:na]
	at org.evosuite.TestSuiteGenerator.generateTestSuite(TestSuiteGenerator.java:213) [evosuite-client-1.0.4-SNAPSHOT.jar:na]
	at org.evosuite.rmi.service.ClientNodeImpl$1.run(ClientNodeImpl.java:145) [evosuite-client-1.0.4-SNAPSHOT.jar:na]
	at java.util.concurrent.Executors$RunnableAdapter.call(Executors.java:511) [na:1.8.0_265]
	at java.util.concurrent.FutureTask.run(FutureTask.java:266) [na:1.8.0_265]
	at java.util.concurrent.ThreadPoolExecutor.runWorker(ThreadPoolExecutor.java:1149) [na:1.8.0_265]
	at java.util.concurrent.ThreadPoolExecutor$Worker.run(ThreadPoolExecutor.java:624) [na:1.8.0_265]
	at java.lang.Thread.run(Thread.java:748) [na:1.8.0_265]
Aug 20, 2020 6:47:24 AM org.openqa.selenium.remote.ProtocolHandshake createSession
[MASTER] 14:47:24.692 [Thread-3] ERROR ExternalProcessHandler - Aug 20, 2020 6:47:24 AM org.openqa.selenium.remote.ProtocolHandshake createSession

INFO: Detected dialect: OSS
[MASTER] 14:47:24.692 [Thread-3] ERROR ExternalProcessHandler - INFO: Detected dialect: OSS

Aug 20, 2020 6:47:26 AM org.openqa.selenium.remote.ProtocolHandshake createSession
[MASTER] 14:47:26.579 [Thread-3] ERROR ExternalProcessHandler - Aug 20, 2020 6:47:26 AM org.openqa.selenium.remote.ProtocolHandshake createSession

INFO: Detected dialect: OSS
[MASTER] 14:47:26.579 [Thread-3] ERROR ExternalProcessHandler - INFO: Detected dialect: OSS

Aug 20, 2020 6:47:27 AM org.openqa.selenium.remote.ProtocolHandshake createSession
[MASTER] 14:47:27.805 [Thread-3] ERROR ExternalProcessHandler - Aug 20, 2020 6:47:27 AM org.openqa.selenium.remote.ProtocolHandshake createSession

INFO: Detected dialect: OSS
[MASTER] 14:47:27.806 [Thread-3] ERROR ExternalProcessHandler - INFO: Detected dialect: OSS

Aug 20, 2020 6:47:28 AM org.openqa.selenium.remote.ProtocolHandshake createSession
[MASTER] 14:47:28.623 [Thread-3] ERROR ExternalProcessHandler - Aug 20, 2020 6:47:28 AM org.openqa.selenium.remote.ProtocolHandshake createSession

INFO: Detected dialect: OSS
[MASTER] 14:47:28.623 [Thread-3] ERROR ExternalProcessHandler - INFO: Detected dialect: OSS

Aug 20, 2020 6:47:29 AM org.openqa.selenium.remote.ProtocolHandshake createSession
[MASTER] 14:47:29.820 [Thread-3] ERROR ExternalProcessHandler - Aug 20, 2020 6:47:29 AM org.openqa.selenium.remote.ProtocolHandshake createSession

INFO: Detected dialect: OSS
[MASTER] 14:47:29.820 [Thread-3] ERROR ExternalProcessHandler - INFO: Detected dialect: OSS

Aug 20, 2020 6:47:31 AM org.openqa.selenium.remote.ProtocolHandshake createSession
[MASTER] 14:47:31.720 [Thread-3] ERROR ExternalProcessHandler - Aug 20, 2020 6:47:31 AM org.openqa.selenium.remote.ProtocolHandshake createSession

INFO: Detected dialect: OSS
[MASTER] 14:47:31.720 [Thread-3] ERROR ExternalProcessHandler - INFO: Detected dialect: OSS

Aug 20, 2020 6:47:34 AM org.openqa.selenium.remote.ProtocolHandshake createSession
[MASTER] 14:47:34.604 [Thread-3] ERROR ExternalProcessHandler - Aug 20, 2020 6:47:34 AM org.openqa.selenium.remote.ProtocolHandshake createSession

INFO: Detected dialect: OSS
[MASTER] 14:47:34.605 [Thread-3] ERROR ExternalProcessHandler - INFO: Detected dialect: OSS

Aug 20, 2020 6:47:40 AM org.openqa.selenium.remote.ProtocolHandshake createSession
[MASTER] 14:47:40.649 [Thread-3] ERROR ExternalProcessHandler - Aug 20, 2020 6:47:40 AM org.openqa.selenium.remote.ProtocolHandshake createSession

INFO: Detected dialect: OSS
[MASTER] 14:47:40.649 [Thread-3] ERROR ExternalProcessHandler - INFO: Detected dialect: OSS

Aug 20, 2020 6:47:49 AM org.openqa.selenium.remote.ProtocolHandshake createSession
[MASTER] 14:47:49.909 [Thread-3] ERROR ExternalProcessHandler - Aug 20, 2020 6:47:49 AM org.openqa.selenium.remote.ProtocolHandshake createSession

INFO: Detected dialect: OSS
[MASTER] 14:47:49.909 [Thread-3] ERROR ExternalProcessHandler - INFO: Detected dialect: OSS

[MASTER] 14:48:02.120 [logback-2] ERROR TestCaseExecutor - TG: Exception caught: 
java.lang.IllegalStateException: Test generation failed: page object bug.
	at org.evosuite.testcase.execution.TestCaseExecutor.runTest(TestCaseExecutor.java:322) ~[evosuite-client-1.0.4-SNAPSHOT.jar:na]
	at org.evosuite.testcase.TestFitnessFunction.runTest(TestFitnessFunction.java:91) [evosuite-client-1.0.4-SNAPSHOT.jar:na]
	at org.evosuite.testcase.TestFitnessFunction.getFitness(TestFitnessFunction.java:60) [evosuite-client-1.0.4-SNAPSHOT.jar:na]
	at org.evosuite.testcase.TestFitnessFunction.getFitness(TestFitnessFunction.java:34) [evosuite-client-1.0.4-SNAPSHOT.jar:na]
	at org.evosuite.ga.metaheuristics.mosa.MOSA.calculateFitness(MOSA.java:155) [evosuite-client-1.0.4-SNAPSHOT.jar:na]
	at org.evosuite.ga.metaheuristics.mosa.AbstractMOSA.breedNextGeneration(AbstractMOSA.java:153) [evosuite-client-1.0.4-SNAPSHOT.jar:na]
	at org.evosuite.ga.metaheuristics.mosa.MOSA.evolve(MOSA.java:89) [evosuite-client-1.0.4-SNAPSHOT.jar:na]
	at org.evosuite.ga.metaheuristics.mosa.MOSA.generateSolution(MOSA.java:205) [evosuite-client-1.0.4-SNAPSHOT.jar:na]
	at org.evosuite.strategy.MOSuiteStrategy.generateTests(MOSuiteStrategy.java:127) [evosuite-client-1.0.4-SNAPSHOT.jar:na]
	at org.evosuite.TestSuiteGenerator.generateTests(TestSuiteGenerator.java:654) [evosuite-client-1.0.4-SNAPSHOT.jar:na]
	at org.evosuite.TestSuiteGenerator.generateTestSuite(TestSuiteGenerator.java:213) [evosuite-client-1.0.4-SNAPSHOT.jar:na]
	at org.evosuite.rmi.service.ClientNodeImpl$1.run(ClientNodeImpl.java:145) [evosuite-client-1.0.4-SNAPSHOT.jar:na]
	at java.util.concurrent.Executors$RunnableAdapter.call(Executors.java:511) [na:1.8.0_265]
	at java.util.concurrent.FutureTask.run(FutureTask.java:266) [na:1.8.0_265]
	at java.util.concurrent.ThreadPoolExecutor.runWorker(ThreadPoolExecutor.java:1149) [na:1.8.0_265]
	at java.util.concurrent.ThreadPoolExecutor$Worker.run(ThreadPoolExecutor.java:624) [na:1.8.0_265]
	at java.lang.Thread.run(Thread.java:748) [na:1.8.0_265]
Aug 20, 2020 6:48:02 AM org.openqa.selenium.remote.ProtocolHandshake createSession
[MASTER] 14:48:02.311 [Thread-3] ERROR ExternalProcessHandler - Aug 20, 2020 6:48:02 AM org.openqa.selenium.remote.ProtocolHandshake createSession

INFO: Detected dialect: OSS
[MASTER] 14:48:02.311 [Thread-3] ERROR ExternalProcessHandler - INFO: Detected dialect: OSS

Aug 20, 2020 6:48:04 AM org.openqa.selenium.remote.ProtocolHandshake createSession
[MASTER] 14:48:04.575 [Thread-3] ERROR ExternalProcessHandler - Aug 20, 2020 6:48:04 AM org.openqa.selenium.remote.ProtocolHandshake createSession

INFO: Detected dialect: OSS
[MASTER] 14:48:04.575 [Thread-3] ERROR ExternalProcessHandler - INFO: Detected dialect: OSS

Aug 20, 2020 6:48:05 AM org.openqa.selenium.remote.ProtocolHandshake createSession
[MASTER] 14:48:05.263 [Thread-3] ERROR ExternalProcessHandler - Aug 20, 2020 6:48:05 AM org.openqa.selenium.remote.ProtocolHandshake createSession

INFO: Detected dialect: OSS
[MASTER] 14:48:05.263 [Thread-3] ERROR ExternalProcessHandler - INFO: Detected dialect: OSS

Aug 20, 2020 6:48:06 AM org.openqa.selenium.remote.ProtocolHandshake createSession
[MASTER] 14:48:06.309 [Thread-3] ERROR ExternalProcessHandler - Aug 20, 2020 6:48:06 AM org.openqa.selenium.remote.ProtocolHandshake createSession

INFO: Detected dialect: OSS
[MASTER] 14:48:06.309 [Thread-3] ERROR ExternalProcessHandler - INFO: Detected dialect: OSS

Aug 20, 2020 6:48:07 AM po_utils.PageObjectLogging logInfo
[MASTER] 14:48:07.595 [Thread-3] ERROR ExternalProcessHandler - Aug 20, 2020 6:48:07 AM po_utils.PageObjectLogging logInfo

INFO: waitForElementBeingPresentOnPage timeout exception: unable to locate the element By.xpath: //button[text()="Create a new session"]
[MASTER] 14:48:07.596 [Thread-3] ERROR ExternalProcessHandler - INFO: waitForElementBeingPresentOnPage timeout exception: unable to locate the element By.xpath: //button[text()="Create a new session"]


[MASTER] 14:48:07.596 [Thread-3] ERROR ExternalProcessHandler - 


[MASTER] 14:48:07.596 [Thread-3] ERROR ExternalProcessHandler - 

Aug 20, 2020 6:48:08 AM org.openqa.selenium.remote.ProtocolHandshake createSession
[MASTER] 14:48:08.261 [Thread-3] ERROR ExternalProcessHandler - Aug 20, 2020 6:48:08 AM org.openqa.selenium.remote.ProtocolHandshake createSession

INFO: Detected dialect: OSS
[MASTER] 14:48:08.261 [Thread-3] ERROR ExternalProcessHandler - INFO: Detected dialect: OSS

Aug 20, 2020 6:48:10 AM org.openqa.selenium.remote.ProtocolHandshake createSession
[MASTER] 14:48:10.525 [Thread-3] ERROR ExternalProcessHandler - Aug 20, 2020 6:48:10 AM org.openqa.selenium.remote.ProtocolHandshake createSession

INFO: Detected dialect: OSS
[MASTER] 14:48:10.525 [Thread-3] ERROR ExternalProcessHandler - INFO: Detected dialect: OSS

Aug 20, 2020 6:48:19 AM org.openqa.selenium.remote.ProtocolHandshake createSession
[MASTER] 14:48:19.043 [Thread-3] ERROR ExternalProcessHandler - Aug 20, 2020 6:48:19 AM org.openqa.selenium.remote.ProtocolHandshake createSession

INFO: Detected dialect: OSS
[MASTER] 14:48:19.043 [Thread-3] ERROR ExternalProcessHandler - INFO: Detected dialect: OSS

Aug 20, 2020 6:48:33 AM org.openqa.selenium.remote.ProtocolHandshake createSession
[MASTER] 14:48:33.614 [Thread-3] ERROR ExternalProcessHandler - Aug 20, 2020 6:48:33 AM org.openqa.selenium.remote.ProtocolHandshake createSession

INFO: Detected dialect: OSS
[MASTER] 14:48:33.614 [Thread-3] ERROR ExternalProcessHandler - INFO: Detected dialect: OSS

[MASTER] 14:48:54.236 [logback-2] ERROR TestCaseExecutor - TG: Exception caught: 
java.lang.IllegalStateException: Test generation failed: page object bug.
	at org.evosuite.testcase.execution.TestCaseExecutor.runTest(TestCaseExecutor.java:322) ~[evosuite-client-1.0.4-SNAPSHOT.jar:na]
	at org.evosuite.testcase.TestFitnessFunction.runTest(TestFitnessFunction.java:91) [evosuite-client-1.0.4-SNAPSHOT.jar:na]
	at org.evosuite.testcase.TestFitnessFunction.getFitness(TestFitnessFunction.java:60) [evosuite-client-1.0.4-SNAPSHOT.jar:na]
	at org.evosuite.testcase.TestFitnessFunction.getFitness(TestFitnessFunction.java:34) [evosuite-client-1.0.4-SNAPSHOT.jar:na]
	at org.evosuite.ga.metaheuristics.mosa.MOSA.calculateFitness(MOSA.java:155) [evosuite-client-1.0.4-SNAPSHOT.jar:na]
	at org.evosuite.ga.metaheuristics.mosa.AbstractMOSA.breedNextGeneration(AbstractMOSA.java:144) [evosuite-client-1.0.4-SNAPSHOT.jar:na]
	at org.evosuite.ga.metaheuristics.mosa.MOSA.evolve(MOSA.java:89) [evosuite-client-1.0.4-SNAPSHOT.jar:na]
	at org.evosuite.ga.metaheuristics.mosa.MOSA.generateSolution(MOSA.java:205) [evosuite-client-1.0.4-SNAPSHOT.jar:na]
	at org.evosuite.strategy.MOSuiteStrategy.generateTests(MOSuiteStrategy.java:127) [evosuite-client-1.0.4-SNAPSHOT.jar:na]
	at org.evosuite.TestSuiteGenerator.generateTests(TestSuiteGenerator.java:654) [evosuite-client-1.0.4-SNAPSHOT.jar:na]
	at org.evosuite.TestSuiteGenerator.generateTestSuite(TestSuiteGenerator.java:213) [evosuite-client-1.0.4-SNAPSHOT.jar:na]
	at org.evosuite.rmi.service.ClientNodeImpl$1.run(ClientNodeImpl.java:145) [evosuite-client-1.0.4-SNAPSHOT.jar:na]
	at java.util.concurrent.Executors$RunnableAdapter.call(Executors.java:511) [na:1.8.0_265]
	at java.util.concurrent.FutureTask.run(FutureTask.java:266) [na:1.8.0_265]
	at java.util.concurrent.ThreadPoolExecutor.runWorker(ThreadPoolExecutor.java:1149) [na:1.8.0_265]
	at java.util.concurrent.ThreadPoolExecutor$Worker.run(ThreadPoolExecutor.java:624) [na:1.8.0_265]
	at java.lang.Thread.run(Thread.java:748) [na:1.8.0_265]
Aug 20, 2020 6:48:54 AM org.openqa.selenium.remote.ProtocolHandshake createSession
[MASTER] 14:48:54.386 [Thread-3] ERROR ExternalProcessHandler - Aug 20, 2020 6:48:54 AM org.openqa.selenium.remote.ProtocolHandshake createSession

INFO: Detected dialect: OSS
[MASTER] 14:48:54.386 [Thread-3] ERROR ExternalProcessHandler - INFO: Detected dialect: OSS

Aug 20, 2020 6:48:55 AM po_utils.PageObjectLogging logInfo
[MASTER] 14:48:55.529 [Thread-3] ERROR ExternalProcessHandler - Aug 20, 2020 6:48:55 AM po_utils.PageObjectLogging logInfo

INFO: waitForElementBeingPresentOnPage timeout exception: unable to locate the element By.xpath: //button[text()="Create a new session"]
[MASTER] 14:48:55.530 [Thread-3] ERROR ExternalProcessHandler - INFO: waitForElementBeingPresentOnPage timeout exception: unable to locate the element By.xpath: //button[text()="Create a new session"]


[MASTER] 14:48:55.530 [Thread-3] ERROR ExternalProcessHandler - 


[MASTER] 14:48:55.530 [Thread-3] ERROR ExternalProcessHandler - 

Aug 20, 2020 6:48:57 AM org.openqa.selenium.remote.ProtocolHandshake createSession
[MASTER] 14:48:57.669 [Thread-3] ERROR ExternalProcessHandler - Aug 20, 2020 6:48:57 AM org.openqa.selenium.remote.ProtocolHandshake createSession

INFO: Detected dialect: OSS
[MASTER] 14:48:57.669 [Thread-3] ERROR ExternalProcessHandler - INFO: Detected dialect: OSS

Aug 20, 2020 6:49:00 AM po_utils.PageObjectLogging logInfo
[MASTER] 14:49:00.015 [Thread-3] ERROR ExternalProcessHandler - Aug 20, 2020 6:49:00 AM po_utils.PageObjectLogging logInfo

INFO: waitForElementBeingPresentOnPage timeout exception: unable to locate the element By.xpath: //button[text()="Create a new session"]
[MASTER] 14:49:00.016 [Thread-3] ERROR ExternalProcessHandler - INFO: waitForElementBeingPresentOnPage timeout exception: unable to locate the element By.xpath: //button[text()="Create a new session"]


[MASTER] 14:49:00.016 [Thread-3] ERROR ExternalProcessHandler - 


[MASTER] 14:49:00.016 [Thread-3] ERROR ExternalProcessHandler - 

Aug 20, 2020 6:49:07 AM org.openqa.selenium.remote.ProtocolHandshake createSession
[MASTER] 14:49:07.264 [Thread-3] ERROR ExternalProcessHandler - Aug 20, 2020 6:49:07 AM org.openqa.selenium.remote.ProtocolHandshake createSession

INFO: Detected dialect: OSS
[MASTER] 14:49:07.264 [Thread-3] ERROR ExternalProcessHandler - INFO: Detected dialect: OSS

Aug 20, 2020 6:49:10 AM po_utils.PageObjectLogging logInfo
[MASTER] 14:49:10.945 [Thread-3] ERROR ExternalProcessHandler - Aug 20, 2020 6:49:10 AM po_utils.PageObjectLogging logInfo

INFO: waitForElementBeingPresentOnPage timeout exception: unable to locate the element By.xpath: //button[text()="Create a new session"]
[MASTER] 14:49:10.946 [Thread-3] ERROR ExternalProcessHandler - INFO: waitForElementBeingPresentOnPage timeout exception: unable to locate the element By.xpath: //button[text()="Create a new session"]


[MASTER] 14:49:10.946 [Thread-3] ERROR ExternalProcessHandler - 


[MASTER] 14:49:10.946 [Thread-3] ERROR ExternalProcessHandler - 

Aug 20, 2020 6:49:23 AM org.openqa.selenium.remote.ProtocolHandshake createSession
[MASTER] 14:49:23.313 [Thread-3] ERROR ExternalProcessHandler - Aug 20, 2020 6:49:23 AM org.openqa.selenium.remote.ProtocolHandshake createSession

INFO: Detected dialect: OSS
[MASTER] 14:49:23.313 [Thread-3] ERROR ExternalProcessHandler - INFO: Detected dialect: OSS

Aug 20, 2020 6:49:28 AM po_utils.PageObjectLogging logInfo
[MASTER] 14:49:28.110 [Thread-3] ERROR ExternalProcessHandler - Aug 20, 2020 6:49:28 AM po_utils.PageObjectLogging logInfo

INFO: waitForElementBeingPresentOnPage timeout exception: unable to locate the element By.xpath: //button[text()="Create a new session"]
[MASTER] 14:49:28.111 [Thread-3] ERROR ExternalProcessHandler - INFO: waitForElementBeingPresentOnPage timeout exception: unable to locate the element By.xpath: //button[text()="Create a new session"]


[MASTER] 14:49:28.111 [Thread-3] ERROR ExternalProcessHandler - 


[MASTER] 14:49:28.111 [Thread-3] ERROR ExternalProcessHandler - 

[MASTER] 14:49:45.511 [logback-2] ERROR TestCaseExecutor - TG: Exception caught: 
java.lang.IllegalStateException: Test generation failed: page object bug.
	at org.evosuite.testcase.execution.TestCaseExecutor.runTest(TestCaseExecutor.java:322) ~[evosuite-client-1.0.4-SNAPSHOT.jar:na]
	at org.evosuite.testcase.TestFitnessFunction.runTest(TestFitnessFunction.java:91) [evosuite-client-1.0.4-SNAPSHOT.jar:na]
	at org.evosuite.testcase.TestFitnessFunction.getFitness(TestFitnessFunction.java:60) [evosuite-client-1.0.4-SNAPSHOT.jar:na]
	at org.evosuite.testcase.TestFitnessFunction.getFitness(TestFitnessFunction.java:34) [evosuite-client-1.0.4-SNAPSHOT.jar:na]
	at org.evosuite.ga.metaheuristics.mosa.MOSA.calculateFitness(MOSA.java:155) [evosuite-client-1.0.4-SNAPSHOT.jar:na]
	at org.evosuite.ga.metaheuristics.mosa.AbstractMOSA.breedNextGeneration(AbstractMOSA.java:153) [evosuite-client-1.0.4-SNAPSHOT.jar:na]
	at org.evosuite.ga.metaheuristics.mosa.MOSA.evolve(MOSA.java:89) [evosuite-client-1.0.4-SNAPSHOT.jar:na]
	at org.evosuite.ga.metaheuristics.mosa.MOSA.generateSolution(MOSA.java:205) [evosuite-client-1.0.4-SNAPSHOT.jar:na]
	at org.evosuite.strategy.MOSuiteStrategy.generateTests(MOSuiteStrategy.java:127) [evosuite-client-1.0.4-SNAPSHOT.jar:na]
	at org.evosuite.TestSuiteGenerator.generateTests(TestSuiteGenerator.java:654) [evosuite-client-1.0.4-SNAPSHOT.jar:na]
	at org.evosuite.TestSuiteGenerator.generateTestSuite(TestSuiteGenerator.java:213) [evosuite-client-1.0.4-SNAPSHOT.jar:na]
	at org.evosuite.rmi.service.ClientNodeImpl$1.run(ClientNodeImpl.java:145) [evosuite-client-1.0.4-SNAPSHOT.jar:na]
	at java.util.concurrent.Executors$RunnableAdapter.call(Executors.java:511) [na:1.8.0_265]
	at java.util.concurrent.FutureTask.run(FutureTask.java:266) [na:1.8.0_265]
	at java.util.concurrent.ThreadPoolExecutor.runWorker(ThreadPoolExecutor.java:1149) [na:1.8.0_265]
	at java.util.concurrent.ThreadPoolExecutor$Worker.run(ThreadPoolExecutor.java:624) [na:1.8.0_265]
	at java.lang.Thread.run(Thread.java:748) [na:1.8.0_265]
Aug 20, 2020 6:49:45 AM org.openqa.selenium.remote.ProtocolHandshake createSession
[MASTER] 14:49:45.698 [Thread-3] ERROR ExternalProcessHandler - Aug 20, 2020 6:49:45 AM org.openqa.selenium.remote.ProtocolHandshake createSession

INFO: Detected dialect: OSS
[MASTER] 14:49:45.699 [Thread-3] ERROR ExternalProcessHandler - INFO: Detected dialect: OSS

Aug 20, 2020 6:49:46 AM org.openqa.selenium.remote.ProtocolHandshake createSession
[MASTER] 14:49:46.718 [Thread-3] ERROR ExternalProcessHandler - Aug 20, 2020 6:49:46 AM org.openqa.selenium.remote.ProtocolHandshake createSession

INFO: Detected dialect: OSS
[MASTER] 14:49:46.718 [Thread-3] ERROR ExternalProcessHandler - INFO: Detected dialect: OSS

Aug 20, 2020 6:49:50 AM po_utils.PageObjectLogging logInfo
[MASTER] 14:49:50.964 [Thread-3] ERROR ExternalProcessHandler - Aug 20, 2020 6:49:50 AM po_utils.PageObjectLogging logInfo

INFO: waitForElementBeingPresentOnPage timeout exception: unable to locate the element By.xpath: //button[text()="Create a new session"]
[MASTER] 14:49:50.965 [Thread-3] ERROR ExternalProcessHandler - INFO: waitForElementBeingPresentOnPage timeout exception: unable to locate the element By.xpath: //button[text()="Create a new session"]


[MASTER] 14:49:50.965 [Thread-3] ERROR ExternalProcessHandler - 


[MASTER] 14:49:50.965 [Thread-3] ERROR ExternalProcessHandler - 

Aug 20, 2020 6:49:53 AM org.openqa.selenium.remote.ProtocolHandshake createSession
[MASTER] 14:49:53.925 [Thread-3] ERROR ExternalProcessHandler - Aug 20, 2020 6:49:53 AM org.openqa.selenium.remote.ProtocolHandshake createSession

INFO: Detected dialect: OSS
[MASTER] 14:49:53.925 [Thread-3] ERROR ExternalProcessHandler - INFO: Detected dialect: OSS

Aug 20, 2020 6:50:02 AM po_utils.PageObjectLogging logInfo
[MASTER] 14:50:02.128 [Thread-3] ERROR ExternalProcessHandler - Aug 20, 2020 6:50:02 AM po_utils.PageObjectLogging logInfo

INFO: waitForElementBeingPresentOnPage timeout exception: unable to locate the element By.xpath: //button[text()="Create a new session"]
[MASTER] 14:50:02.129 [Thread-3] ERROR ExternalProcessHandler - INFO: waitForElementBeingPresentOnPage timeout exception: unable to locate the element By.xpath: //button[text()="Create a new session"]


[MASTER] 14:50:02.129 [Thread-3] ERROR ExternalProcessHandler - 


[MASTER] 14:50:02.129 [Thread-3] ERROR ExternalProcessHandler - 

Aug 20, 2020 6:50:08 AM org.openqa.selenium.remote.ProtocolHandshake createSession
[MASTER] 14:50:08.158 [Thread-3] ERROR ExternalProcessHandler - Aug 20, 2020 6:50:08 AM org.openqa.selenium.remote.ProtocolHandshake createSession

INFO: Detected dialect: OSS
[MASTER] 14:50:08.158 [Thread-3] ERROR ExternalProcessHandler - INFO: Detected dialect: OSS

Aug 20, 2020 6:50:20 AM po_utils.PageObjectLogging logInfo
[MASTER] 14:50:20.096 [Thread-3] ERROR ExternalProcessHandler - Aug 20, 2020 6:50:20 AM po_utils.PageObjectLogging logInfo

INFO: waitForElementBeingPresentOnPage timeout exception: unable to locate the element By.xpath: //button[text()="Create a new session"]
[MASTER] 14:50:20.097 [Thread-3] ERROR ExternalProcessHandler - INFO: waitForElementBeingPresentOnPage timeout exception: unable to locate the element By.xpath: //button[text()="Create a new session"]


[MASTER] 14:50:20.097 [Thread-3] ERROR ExternalProcessHandler - 


[MASTER] 14:50:20.097 [Thread-3] ERROR ExternalProcessHandler - 

Aug 20, 2020 6:50:29 AM org.openqa.selenium.remote.ProtocolHandshake createSession
[MASTER] 14:50:29.146 [Thread-3] ERROR ExternalProcessHandler - Aug 20, 2020 6:50:29 AM org.openqa.selenium.remote.ProtocolHandshake createSession

INFO: Detected dialect: OSS
[MASTER] 14:50:29.146 [Thread-3] ERROR ExternalProcessHandler - INFO: Detected dialect: OSS

Aug 20, 2020 6:50:44 AM po_utils.PageObjectLogging logInfo
[MASTER] 14:50:44.742 [Thread-3] ERROR ExternalProcessHandler - Aug 20, 2020 6:50:44 AM po_utils.PageObjectLogging logInfo

INFO: waitForElementBeingPresentOnPage timeout exception: unable to locate the element By.xpath: //button[text()="Create a new session"]
[MASTER] 14:50:44.742 [Thread-3] ERROR ExternalProcessHandler - INFO: waitForElementBeingPresentOnPage timeout exception: unable to locate the element By.xpath: //button[text()="Create a new session"]


[MASTER] 14:50:44.742 [Thread-3] ERROR ExternalProcessHandler - 


[MASTER] 14:50:44.742 [Thread-3] ERROR ExternalProcessHandler - 

[MASTER] 14:50:56.810 [logback-2] ERROR TestCaseExecutor - TG: Exception caught: 
java.lang.IllegalStateException: Test generation failed: page object bug.
	at org.evosuite.testcase.execution.TestCaseExecutor.runTest(TestCaseExecutor.java:322) ~[evosuite-client-1.0.4-SNAPSHOT.jar:na]
	at org.evosuite.testcase.TestFitnessFunction.runTest(TestFitnessFunction.java:91) [evosuite-client-1.0.4-SNAPSHOT.jar:na]
	at org.evosuite.testcase.TestFitnessFunction.getFitness(TestFitnessFunction.java:60) [evosuite-client-1.0.4-SNAPSHOT.jar:na]
	at org.evosuite.testcase.TestFitnessFunction.getFitness(TestFitnessFunction.java:34) [evosuite-client-1.0.4-SNAPSHOT.jar:na]
	at org.evosuite.ga.metaheuristics.mosa.MOSA.calculateFitness(MOSA.java:155) [evosuite-client-1.0.4-SNAPSHOT.jar:na]
	at org.evosuite.ga.metaheuristics.mosa.AbstractMOSA.breedNextGeneration(AbstractMOSA.java:144) [evosuite-client-1.0.4-SNAPSHOT.jar:na]
	at org.evosuite.ga.metaheuristics.mosa.MOSA.evolve(MOSA.java:89) [evosuite-client-1.0.4-SNAPSHOT.jar:na]
	at org.evosuite.ga.metaheuristics.mosa.MOSA.generateSolution(MOSA.java:205) [evosuite-client-1.0.4-SNAPSHOT.jar:na]
	at org.evosuite.strategy.MOSuiteStrategy.generateTests(MOSuiteStrategy.java:127) [evosuite-client-1.0.4-SNAPSHOT.jar:na]
	at org.evosuite.TestSuiteGenerator.generateTests(TestSuiteGenerator.java:654) [evosuite-client-1.0.4-SNAPSHOT.jar:na]
	at org.evosuite.TestSuiteGenerator.generateTestSuite(TestSuiteGenerator.java:213) [evosuite-client-1.0.4-SNAPSHOT.jar:na]
	at org.evosuite.rmi.service.ClientNodeImpl$1.run(ClientNodeImpl.java:145) [evosuite-client-1.0.4-SNAPSHOT.jar:na]
	at java.util.concurrent.Executors$RunnableAdapter.call(Executors.java:511) [na:1.8.0_265]
	at java.util.concurrent.FutureTask.run(FutureTask.java:266) [na:1.8.0_265]
	at java.util.concurrent.ThreadPoolExecutor.runWorker(ThreadPoolExecutor.java:1149) [na:1.8.0_265]
	at java.util.concurrent.ThreadPoolExecutor$Worker.run(ThreadPoolExecutor.java:624) [na:1.8.0_265]
	at java.lang.Thread.run(Thread.java:748) [na:1.8.0_265]
Aug 20, 2020 6:50:56 AM org.openqa.selenium.remote.ProtocolHandshake createSession
[MASTER] 14:50:56.996 [Thread-3] ERROR ExternalProcessHandler - Aug 20, 2020 6:50:56 AM org.openqa.selenium.remote.ProtocolHandshake createSession

INFO: Detected dialect: OSS
[MASTER] 14:50:56.997 [Thread-3] ERROR ExternalProcessHandler - INFO: Detected dialect: OSS

Aug 20, 2020 6:50:58 AM org.openqa.selenium.remote.ProtocolHandshake createSession
[MASTER] 14:50:58.192 [Thread-3] ERROR ExternalProcessHandler - Aug 20, 2020 6:50:58 AM org.openqa.selenium.remote.ProtocolHandshake createSession

INFO: Detected dialect: OSS
[MASTER] 14:50:58.193 [Thread-3] ERROR ExternalProcessHandler - INFO: Detected dialect: OSS

Aug 20, 2020 6:51:00 AM org.openqa.selenium.remote.ProtocolHandshake createSession
[MASTER] 14:51:00.929 [Thread-3] ERROR ExternalProcessHandler - Aug 20, 2020 6:51:00 AM org.openqa.selenium.remote.ProtocolHandshake createSession

INFO: Detected dialect: OSS
[MASTER] 14:51:00.929 [Thread-3] ERROR ExternalProcessHandler - INFO: Detected dialect: OSS

Aug 20, 2020 6:51:05 AM org.openqa.selenium.remote.ProtocolHandshake createSession
[MASTER] 14:51:05.699 [Thread-3] ERROR ExternalProcessHandler - Aug 20, 2020 6:51:05 AM org.openqa.selenium.remote.ProtocolHandshake createSession

INFO: Detected dialect: OSS
[MASTER] 14:51:05.699 [Thread-3] ERROR ExternalProcessHandler - INFO: Detected dialect: OSS

Aug 20, 2020 6:51:12 AM org.openqa.selenium.remote.ProtocolHandshake createSession
[MASTER] 14:51:12.474 [Thread-3] ERROR ExternalProcessHandler - Aug 20, 2020 6:51:12 AM org.openqa.selenium.remote.ProtocolHandshake createSession

INFO: Detected dialect: OSS
[MASTER] 14:51:12.474 [Thread-3] ERROR ExternalProcessHandler - INFO: Detected dialect: OSS

[MASTER] 14:51:21.132 [logback-2] ERROR TestCaseExecutor - TG: Exception caught: 
java.lang.IllegalStateException: Test generation failed: page object bug.
	at org.evosuite.testcase.execution.TestCaseExecutor.runTest(TestCaseExecutor.java:322) ~[evosuite-client-1.0.4-SNAPSHOT.jar:na]
	at org.evosuite.testcase.TestFitnessFunction.runTest(TestFitnessFunction.java:91) [evosuite-client-1.0.4-SNAPSHOT.jar:na]
	at org.evosuite.testcase.TestFitnessFunction.getFitness(TestFitnessFunction.java:60) [evosuite-client-1.0.4-SNAPSHOT.jar:na]
	at org.evosuite.testcase.TestFitnessFunction.getFitness(TestFitnessFunction.java:34) [evosuite-client-1.0.4-SNAPSHOT.jar:na]
	at org.evosuite.ga.metaheuristics.mosa.MOSA.calculateFitness(MOSA.java:155) [evosuite-client-1.0.4-SNAPSHOT.jar:na]
	at org.evosuite.ga.metaheuristics.mosa.AbstractMOSA.breedNextGeneration(AbstractMOSA.java:169) [evosuite-client-1.0.4-SNAPSHOT.jar:na]
	at org.evosuite.ga.metaheuristics.mosa.MOSA.evolve(MOSA.java:89) [evosuite-client-1.0.4-SNAPSHOT.jar:na]
	at org.evosuite.ga.metaheuristics.mosa.MOSA.generateSolution(MOSA.java:205) [evosuite-client-1.0.4-SNAPSHOT.jar:na]
	at org.evosuite.strategy.MOSuiteStrategy.generateTests(MOSuiteStrategy.java:127) [evosuite-client-1.0.4-SNAPSHOT.jar:na]
	at org.evosuite.TestSuiteGenerator.generateTests(TestSuiteGenerator.java:654) [evosuite-client-1.0.4-SNAPSHOT.jar:na]
	at org.evosuite.TestSuiteGenerator.generateTestSuite(TestSuiteGenerator.java:213) [evosuite-client-1.0.4-SNAPSHOT.jar:na]
	at org.evosuite.rmi.service.ClientNodeImpl$1.run(ClientNodeImpl.java:145) [evosuite-client-1.0.4-SNAPSHOT.jar:na]
	at java.util.concurrent.Executors$RunnableAdapter.call(Executors.java:511) [na:1.8.0_265]
	at java.util.concurrent.FutureTask.run(FutureTask.java:266) [na:1.8.0_265]
	at java.util.concurrent.ThreadPoolExecutor.runWorker(ThreadPoolExecutor.java:1149) [na:1.8.0_265]
	at java.util.concurrent.ThreadPoolExecutor$Worker.run(ThreadPoolExecutor.java:624) [na:1.8.0_265]
	at java.lang.Thread.run(Thread.java:748) [na:1.8.0_265]
Aug 20, 2020 6:51:21 AM org.openqa.selenium.remote.ProtocolHandshake createSession
[MASTER] 14:51:21.299 [Thread-3] ERROR ExternalProcessHandler - Aug 20, 2020 6:51:21 AM org.openqa.selenium.remote.ProtocolHandshake createSession

INFO: Detected dialect: OSS
[MASTER] 14:51:21.299 [Thread-3] ERROR ExternalProcessHandler - INFO: Detected dialect: OSS

Aug 20, 2020 6:51:22 AM org.openqa.selenium.remote.ProtocolHandshake createSession
[MASTER] 14:51:22.191 [Thread-3] ERROR ExternalProcessHandler - Aug 20, 2020 6:51:22 AM org.openqa.selenium.remote.ProtocolHandshake createSession

INFO: Detected dialect: OSS
[MASTER] 14:51:22.191 [Thread-3] ERROR ExternalProcessHandler - INFO: Detected dialect: OSS

Aug 20, 2020 6:51:23 AM org.openqa.selenium.remote.ProtocolHandshake createSession
[MASTER] 14:51:23.059 [Thread-3] ERROR ExternalProcessHandler - Aug 20, 2020 6:51:23 AM org.openqa.selenium.remote.ProtocolHandshake createSession

INFO: Detected dialect: OSS
[MASTER] 14:51:23.059 [Thread-3] ERROR ExternalProcessHandler - INFO: Detected dialect: OSS

Aug 20, 2020 6:51:25 AM org.openqa.selenium.remote.ProtocolHandshake createSession
[MASTER] 14:51:25.269 [Thread-3] ERROR ExternalProcessHandler - Aug 20, 2020 6:51:25 AM org.openqa.selenium.remote.ProtocolHandshake createSession

INFO: Detected dialect: OSS
[MASTER] 14:51:25.269 [Thread-3] ERROR ExternalProcessHandler - INFO: Detected dialect: OSS

Aug 20, 2020 6:51:26 AM org.openqa.selenium.remote.ProtocolHandshake createSession
[MASTER] 14:51:26.082 [Thread-3] ERROR ExternalProcessHandler - Aug 20, 2020 6:51:26 AM org.openqa.selenium.remote.ProtocolHandshake createSession

INFO: Detected dialect: OSS
[MASTER] 14:51:26.082 [Thread-3] ERROR ExternalProcessHandler - INFO: Detected dialect: OSS

Aug 20, 2020 6:51:27 AM org.openqa.selenium.remote.ProtocolHandshake createSession
[MASTER] 14:51:27.007 [Thread-3] ERROR ExternalProcessHandler - Aug 20, 2020 6:51:27 AM org.openqa.selenium.remote.ProtocolHandshake createSession

INFO: Detected dialect: OSS
[MASTER] 14:51:27.007 [Thread-3] ERROR ExternalProcessHandler - INFO: Detected dialect: OSS

Aug 20, 2020 6:51:31 AM po_utils.PageObjectLogging logInfo
[MASTER] 14:51:31.697 [Thread-3] ERROR ExternalProcessHandler - Aug 20, 2020 6:51:31 AM po_utils.PageObjectLogging logInfo

INFO: waitForElementBeingPresentOnPage timeout exception: unable to locate the element By.xpath: //button[text()="Create a new session"]
[MASTER] 14:51:31.698 [Thread-3] ERROR ExternalProcessHandler - INFO: waitForElementBeingPresentOnPage timeout exception: unable to locate the element By.xpath: //button[text()="Create a new session"]


[MASTER] 14:51:31.698 [Thread-3] ERROR ExternalProcessHandler - 


[MASTER] 14:51:31.698 [Thread-3] ERROR ExternalProcessHandler - 

Aug 20, 2020 6:51:32 AM org.openqa.selenium.remote.ProtocolHandshake createSession
[MASTER] 14:51:32.515 [Thread-3] ERROR ExternalProcessHandler - Aug 20, 2020 6:51:32 AM org.openqa.selenium.remote.ProtocolHandshake createSession

INFO: Detected dialect: OSS
[MASTER] 14:51:32.515 [Thread-3] ERROR ExternalProcessHandler - INFO: Detected dialect: OSS

Aug 20, 2020 6:51:41 AM po_utils.PageObjectLogging logInfo
[MASTER] 14:51:41.765 [Thread-3] ERROR ExternalProcessHandler - Aug 20, 2020 6:51:41 AM po_utils.PageObjectLogging logInfo

INFO: waitForElementBeingPresentOnPage timeout exception: unable to locate the element By.xpath: //button[text()="Create a new session"]
[MASTER] 14:51:41.766 [Thread-3] ERROR ExternalProcessHandler - INFO: waitForElementBeingPresentOnPage timeout exception: unable to locate the element By.xpath: //button[text()="Create a new session"]


[MASTER] 14:51:41.766 [Thread-3] ERROR ExternalProcessHandler - 


[MASTER] 14:51:41.766 [Thread-3] ERROR ExternalProcessHandler - 

Aug 20, 2020 6:51:45 AM org.openqa.selenium.remote.ProtocolHandshake createSession
[MASTER] 14:51:45.165 [Thread-3] ERROR ExternalProcessHandler - Aug 20, 2020 6:51:45 AM org.openqa.selenium.remote.ProtocolHandshake createSession

INFO: Detected dialect: OSS
[MASTER] 14:51:45.165 [Thread-3] ERROR ExternalProcessHandler - INFO: Detected dialect: OSS

Aug 20, 2020 6:51:58 AM po_utils.PageObjectLogging logInfo
[MASTER] 14:51:58.979 [Thread-3] ERROR ExternalProcessHandler - Aug 20, 2020 6:51:58 AM po_utils.PageObjectLogging logInfo

INFO: waitForElementBeingPresentOnPage timeout exception: unable to locate the element By.xpath: //button[text()="Create a new session"]
[MASTER] 14:51:58.980 [Thread-3] ERROR ExternalProcessHandler - INFO: waitForElementBeingPresentOnPage timeout exception: unable to locate the element By.xpath: //button[text()="Create a new session"]


[MASTER] 14:51:58.980 [Thread-3] ERROR ExternalProcessHandler - 


[MASTER] 14:51:58.980 [Thread-3] ERROR ExternalProcessHandler - 

Aug 20, 2020 6:52:04 AM org.openqa.selenium.remote.ProtocolHandshake createSession
[MASTER] 14:52:04.975 [Thread-3] ERROR ExternalProcessHandler - Aug 20, 2020 6:52:04 AM org.openqa.selenium.remote.ProtocolHandshake createSession

INFO: Detected dialect: OSS
[MASTER] 14:52:04.975 [Thread-3] ERROR ExternalProcessHandler - INFO: Detected dialect: OSS

Aug 20, 2020 6:52:23 AM po_utils.PageObjectLogging logInfo
[MASTER] 14:52:23.340 [Thread-3] ERROR ExternalProcessHandler - Aug 20, 2020 6:52:23 AM po_utils.PageObjectLogging logInfo

INFO: waitForElementBeingPresentOnPage timeout exception: unable to locate the element By.xpath: //button[text()="Create a new session"]
[MASTER] 14:52:23.341 [Thread-3] ERROR ExternalProcessHandler - INFO: waitForElementBeingPresentOnPage timeout exception: unable to locate the element By.xpath: //button[text()="Create a new session"]


[MASTER] 14:52:23.341 [Thread-3] ERROR ExternalProcessHandler - 


[MASTER] 14:52:23.341 [Thread-3] ERROR ExternalProcessHandler - 

[MASTER] 14:52:31.757 [logback-2] ERROR TestCaseExecutor - TG: Exception caught: 
java.lang.IllegalStateException: Test generation failed: page object bug.
	at org.evosuite.testcase.execution.TestCaseExecutor.runTest(TestCaseExecutor.java:322) ~[evosuite-client-1.0.4-SNAPSHOT.jar:na]
	at org.evosuite.testcase.TestFitnessFunction.runTest(TestFitnessFunction.java:91) [evosuite-client-1.0.4-SNAPSHOT.jar:na]
	at org.evosuite.testcase.TestFitnessFunction.getFitness(TestFitnessFunction.java:60) [evosuite-client-1.0.4-SNAPSHOT.jar:na]
	at org.evosuite.testcase.TestFitnessFunction.getFitness(TestFitnessFunction.java:34) [evosuite-client-1.0.4-SNAPSHOT.jar:na]
	at org.evosuite.ga.metaheuristics.mosa.MOSA.calculateFitness(MOSA.java:155) [evosuite-client-1.0.4-SNAPSHOT.jar:na]
	at org.evosuite.ga.metaheuristics.mosa.AbstractMOSA.breedNextGeneration(AbstractMOSA.java:144) [evosuite-client-1.0.4-SNAPSHOT.jar:na]
	at org.evosuite.ga.metaheuristics.mosa.MOSA.evolve(MOSA.java:89) [evosuite-client-1.0.4-SNAPSHOT.jar:na]
	at org.evosuite.ga.metaheuristics.mosa.MOSA.generateSolution(MOSA.java:205) [evosuite-client-1.0.4-SNAPSHOT.jar:na]
	at org.evosuite.strategy.MOSuiteStrategy.generateTests(MOSuiteStrategy.java:127) [evosuite-client-1.0.4-SNAPSHOT.jar:na]
	at org.evosuite.TestSuiteGenerator.generateTests(TestSuiteGenerator.java:654) [evosuite-client-1.0.4-SNAPSHOT.jar:na]
	at org.evosuite.TestSuiteGenerator.generateTestSuite(TestSuiteGenerator.java:213) [evosuite-client-1.0.4-SNAPSHOT.jar:na]
	at org.evosuite.rmi.service.ClientNodeImpl$1.run(ClientNodeImpl.java:145) [evosuite-client-1.0.4-SNAPSHOT.jar:na]
	at java.util.concurrent.Executors$RunnableAdapter.call(Executors.java:511) [na:1.8.0_265]
	at java.util.concurrent.FutureTask.run(FutureTask.java:266) [na:1.8.0_265]
	at java.util.concurrent.ThreadPoolExecutor.runWorker(ThreadPoolExecutor.java:1149) [na:1.8.0_265]
	at java.util.concurrent.ThreadPoolExecutor$Worker.run(ThreadPoolExecutor.java:624) [na:1.8.0_265]
	at java.lang.Thread.run(Thread.java:748) [na:1.8.0_265]
Aug 20, 2020 6:52:31 AM org.openqa.selenium.remote.ProtocolHandshake createSession
[MASTER] 14:52:31.941 [Thread-3] ERROR ExternalProcessHandler - Aug 20, 2020 6:52:31 AM org.openqa.selenium.remote.ProtocolHandshake createSession

INFO: Detected dialect: OSS
[MASTER] 14:52:31.941 [Thread-3] ERROR ExternalProcessHandler - INFO: Detected dialect: OSS

Aug 20, 2020 6:52:32 AM org.openqa.selenium.remote.ProtocolHandshake createSession
[MASTER] 14:52:32.812 [Thread-3] ERROR ExternalProcessHandler - Aug 20, 2020 6:52:32 AM org.openqa.selenium.remote.ProtocolHandshake createSession

INFO: Detected dialect: OSS
[MASTER] 14:52:32.812 [Thread-3] ERROR ExternalProcessHandler - INFO: Detected dialect: OSS

Aug 20, 2020 6:52:35 AM org.openqa.selenium.remote.ProtocolHandshake createSession
[MASTER] 14:52:35.186 [Thread-3] ERROR ExternalProcessHandler - Aug 20, 2020 6:52:35 AM org.openqa.selenium.remote.ProtocolHandshake createSession

INFO: Detected dialect: OSS
[MASTER] 14:52:35.187 [Thread-3] ERROR ExternalProcessHandler - INFO: Detected dialect: OSS

Aug 20, 2020 6:52:39 AM org.openqa.selenium.remote.ProtocolHandshake createSession
[MASTER] 14:52:39.430 [Thread-3] ERROR ExternalProcessHandler - Aug 20, 2020 6:52:39 AM org.openqa.selenium.remote.ProtocolHandshake createSession

INFO: Detected dialect: OSS
[MASTER] 14:52:39.430 [Thread-3] ERROR ExternalProcessHandler - INFO: Detected dialect: OSS

Aug 20, 2020 6:52:45 AM org.openqa.selenium.remote.ProtocolHandshake createSession
[MASTER] 14:52:45.488 [Thread-3] ERROR ExternalProcessHandler - Aug 20, 2020 6:52:45 AM org.openqa.selenium.remote.ProtocolHandshake createSession

INFO: Detected dialect: OSS
[MASTER] 14:52:45.488 [Thread-3] ERROR ExternalProcessHandler - INFO: Detected dialect: OSS

[MASTER] 14:52:53.141 [logback-2] ERROR TestCaseExecutor - TG: Exception caught: 
java.lang.IllegalStateException: Test generation failed: page object bug.
	at org.evosuite.testcase.execution.TestCaseExecutor.runTest(TestCaseExecutor.java:322) ~[evosuite-client-1.0.4-SNAPSHOT.jar:na]
	at org.evosuite.testcase.TestFitnessFunction.runTest(TestFitnessFunction.java:91) [evosuite-client-1.0.4-SNAPSHOT.jar:na]
	at org.evosuite.testcase.TestFitnessFunction.getFitness(TestFitnessFunction.java:60) [evosuite-client-1.0.4-SNAPSHOT.jar:na]
	at org.evosuite.testcase.TestFitnessFunction.getFitness(TestFitnessFunction.java:34) [evosuite-client-1.0.4-SNAPSHOT.jar:na]
	at org.evosuite.ga.metaheuristics.mosa.MOSA.calculateFitness(MOSA.java:155) [evosuite-client-1.0.4-SNAPSHOT.jar:na]
	at org.evosuite.ga.metaheuristics.mosa.AbstractMOSA.breedNextGeneration(AbstractMOSA.java:144) [evosuite-client-1.0.4-SNAPSHOT.jar:na]
	at org.evosuite.ga.metaheuristics.mosa.MOSA.evolve(MOSA.java:89) [evosuite-client-1.0.4-SNAPSHOT.jar:na]
	at org.evosuite.ga.metaheuristics.mosa.MOSA.generateSolution(MOSA.java:205) [evosuite-client-1.0.4-SNAPSHOT.jar:na]
	at org.evosuite.strategy.MOSuiteStrategy.generateTests(MOSuiteStrategy.java:127) [evosuite-client-1.0.4-SNAPSHOT.jar:na]
	at org.evosuite.TestSuiteGenerator.generateTests(TestSuiteGenerator.java:654) [evosuite-client-1.0.4-SNAPSHOT.jar:na]
	at org.evosuite.TestSuiteGenerator.generateTestSuite(TestSuiteGenerator.java:213) [evosuite-client-1.0.4-SNAPSHOT.jar:na]
	at org.evosuite.rmi.service.ClientNodeImpl$1.run(ClientNodeImpl.java:145) [evosuite-client-1.0.4-SNAPSHOT.jar:na]
	at java.util.concurrent.Executors$RunnableAdapter.call(Executors.java:511) [na:1.8.0_265]
	at java.util.concurrent.FutureTask.run(FutureTask.java:266) [na:1.8.0_265]
	at java.util.concurrent.ThreadPoolExecutor.runWorker(ThreadPoolExecutor.java:1149) [na:1.8.0_265]
	at java.util.concurrent.ThreadPoolExecutor$Worker.run(ThreadPoolExecutor.java:624) [na:1.8.0_265]
	at java.lang.Thread.run(Thread.java:748) [na:1.8.0_265]
Aug 20, 2020 6:52:53 AM org.openqa.selenium.remote.ProtocolHandshake createSession
[MASTER] 14:52:53.332 [Thread-3] ERROR ExternalProcessHandler - Aug 20, 2020 6:52:53 AM org.openqa.selenium.remote.ProtocolHandshake createSession

INFO: Detected dialect: OSS
[MASTER] 14:52:53.333 [Thread-3] ERROR ExternalProcessHandler - INFO: Detected dialect: OSS

Aug 20, 2020 6:52:54 AM org.openqa.selenium.remote.ProtocolHandshake createSession
[MASTER] 14:52:54.193 [Thread-3] ERROR ExternalProcessHandler - Aug 20, 2020 6:52:54 AM org.openqa.selenium.remote.ProtocolHandshake createSession

INFO: Detected dialect: OSS
[MASTER] 14:52:54.193 [Thread-3] ERROR ExternalProcessHandler - INFO: Detected dialect: OSS

Aug 20, 2020 6:52:54 AM org.openqa.selenium.remote.ProtocolHandshake createSession
[MASTER] 14:52:54.987 [Thread-3] ERROR ExternalProcessHandler - Aug 20, 2020 6:52:54 AM org.openqa.selenium.remote.ProtocolHandshake createSession

INFO: Detected dialect: OSS
[MASTER] 14:52:54.988 [Thread-3] ERROR ExternalProcessHandler - INFO: Detected dialect: OSS

Aug 20, 2020 6:52:56 AM org.openqa.selenium.remote.ProtocolHandshake createSession
[MASTER] 14:52:56.506 [Thread-3] ERROR ExternalProcessHandler - Aug 20, 2020 6:52:56 AM org.openqa.selenium.remote.ProtocolHandshake createSession

INFO: Detected dialect: OSS
[MASTER] 14:52:56.507 [Thread-3] ERROR ExternalProcessHandler - INFO: Detected dialect: OSS

Aug 20, 2020 6:52:59 AM org.openqa.selenium.remote.ProtocolHandshake createSession
[MASTER] 14:52:59.705 [Thread-3] ERROR ExternalProcessHandler - Aug 20, 2020 6:52:59 AM org.openqa.selenium.remote.ProtocolHandshake createSession

INFO: Detected dialect: OSS
[MASTER] 14:52:59.706 [Thread-3] ERROR ExternalProcessHandler - INFO: Detected dialect: OSS

Aug 20, 2020 6:53:06 AM org.openqa.selenium.remote.ProtocolHandshake createSession
[MASTER] 14:53:06.835 [Thread-3] ERROR ExternalProcessHandler - Aug 20, 2020 6:53:06 AM org.openqa.selenium.remote.ProtocolHandshake createSession

INFO: Detected dialect: OSS
[MASTER] 14:53:06.836 [Thread-3] ERROR ExternalProcessHandler - INFO: Detected dialect: OSS

Aug 20, 2020 6:53:17 AM org.openqa.selenium.remote.ProtocolHandshake createSession
[MASTER] 14:53:17.779 [Thread-3] ERROR ExternalProcessHandler - Aug 20, 2020 6:53:17 AM org.openqa.selenium.remote.ProtocolHandshake createSession

INFO: Detected dialect: OSS
[MASTER] 14:53:17.780 [Thread-3] ERROR ExternalProcessHandler - INFO: Detected dialect: OSS

[MASTER] 14:53:32.490 [logback-2] ERROR TestCaseExecutor - TG: Exception caught: 
java.lang.IllegalStateException: Test generation failed: page object bug.
	at org.evosuite.testcase.execution.TestCaseExecutor.runTest(TestCaseExecutor.java:322) ~[evosuite-client-1.0.4-SNAPSHOT.jar:na]
	at org.evosuite.testcase.TestFitnessFunction.runTest(TestFitnessFunction.java:91) [evosuite-client-1.0.4-SNAPSHOT.jar:na]
	at org.evosuite.testcase.TestFitnessFunction.getFitness(TestFitnessFunction.java:60) [evosuite-client-1.0.4-SNAPSHOT.jar:na]
	at org.evosuite.testcase.TestFitnessFunction.getFitness(TestFitnessFunction.java:34) [evosuite-client-1.0.4-SNAPSHOT.jar:na]
	at org.evosuite.ga.metaheuristics.mosa.MOSA.calculateFitness(MOSA.java:155) [evosuite-client-1.0.4-SNAPSHOT.jar:na]
	at org.evosuite.ga.metaheuristics.mosa.AbstractMOSA.breedNextGeneration(AbstractMOSA.java:144) [evosuite-client-1.0.4-SNAPSHOT.jar:na]
	at org.evosuite.ga.metaheuristics.mosa.MOSA.evolve(MOSA.java:89) [evosuite-client-1.0.4-SNAPSHOT.jar:na]
	at org.evosuite.ga.metaheuristics.mosa.MOSA.generateSolution(MOSA.java:205) [evosuite-client-1.0.4-SNAPSHOT.jar:na]
	at org.evosuite.strategy.MOSuiteStrategy.generateTests(MOSuiteStrategy.java:127) [evosuite-client-1.0.4-SNAPSHOT.jar:na]
	at org.evosuite.TestSuiteGenerator.generateTests(TestSuiteGenerator.java:654) [evosuite-client-1.0.4-SNAPSHOT.jar:na]
	at org.evosuite.TestSuiteGenerator.generateTestSuite(TestSuiteGenerator.java:213) [evosuite-client-1.0.4-SNAPSHOT.jar:na]
	at org.evosuite.rmi.service.ClientNodeImpl$1.run(ClientNodeImpl.java:145) [evosuite-client-1.0.4-SNAPSHOT.jar:na]
	at java.util.concurrent.Executors$RunnableAdapter.call(Executors.java:511) [na:1.8.0_265]
	at java.util.concurrent.FutureTask.run(FutureTask.java:266) [na:1.8.0_265]
	at java.util.concurrent.ThreadPoolExecutor.runWorker(ThreadPoolExecutor.java:1149) [na:1.8.0_265]
	at java.util.concurrent.ThreadPoolExecutor$Worker.run(ThreadPoolExecutor.java:624) [na:1.8.0_265]
	at java.lang.Thread.run(Thread.java:748) [na:1.8.0_265]
Aug 20, 2020 6:53:32 AM org.openqa.selenium.remote.ProtocolHandshake createSession
[MASTER] 14:53:32.677 [Thread-3] ERROR ExternalProcessHandler - Aug 20, 2020 6:53:32 AM org.openqa.selenium.remote.ProtocolHandshake createSession

INFO: Detected dialect: OSS
[MASTER] 14:53:32.677 [Thread-3] ERROR ExternalProcessHandler - INFO: Detected dialect: OSS

Aug 20, 2020 6:53:34 AM org.openqa.selenium.remote.ProtocolHandshake createSession
[MASTER] 14:53:34.057 [Thread-3] ERROR ExternalProcessHandler - Aug 20, 2020 6:53:34 AM org.openqa.selenium.remote.ProtocolHandshake createSession

INFO: Detected dialect: OSS
[MASTER] 14:53:34.057 [Thread-3] ERROR ExternalProcessHandler - INFO: Detected dialect: OSS

Aug 20, 2020 6:53:35 AM org.openqa.selenium.remote.ProtocolHandshake createSession
[MASTER] 14:53:35.022 [Thread-3] ERROR ExternalProcessHandler - Aug 20, 2020 6:53:35 AM org.openqa.selenium.remote.ProtocolHandshake createSession

INFO: Detected dialect: OSS
[MASTER] 14:53:35.022 [Thread-3] ERROR ExternalProcessHandler - INFO: Detected dialect: OSS

Aug 20, 2020 6:53:35 AM org.openqa.selenium.remote.ProtocolHandshake createSession
[MASTER] 14:53:35.901 [Thread-3] ERROR ExternalProcessHandler - Aug 20, 2020 6:53:35 AM org.openqa.selenium.remote.ProtocolHandshake createSession

INFO: Detected dialect: OSS
[MASTER] 14:53:35.901 [Thread-3] ERROR ExternalProcessHandler - INFO: Detected dialect: OSS

Aug 20, 2020 6:53:38 AM org.openqa.selenium.remote.ProtocolHandshake createSession
[MASTER] 14:53:38.837 [Thread-3] ERROR ExternalProcessHandler - Aug 20, 2020 6:53:38 AM org.openqa.selenium.remote.ProtocolHandshake createSession

INFO: Detected dialect: OSS
[MASTER] 14:53:38.837 [Thread-3] ERROR ExternalProcessHandler - INFO: Detected dialect: OSS

Aug 20, 2020 6:53:45 AM org.openqa.selenium.remote.ProtocolHandshake createSession
[MASTER] 14:53:45.110 [Thread-3] ERROR ExternalProcessHandler - Aug 20, 2020 6:53:45 AM org.openqa.selenium.remote.ProtocolHandshake createSession

INFO: Detected dialect: OSS
[MASTER] 14:53:45.110 [Thread-3] ERROR ExternalProcessHandler - INFO: Detected dialect: OSS

Aug 20, 2020 6:53:54 AM org.openqa.selenium.remote.ProtocolHandshake createSession
[MASTER] 14:53:54.696 [Thread-3] ERROR ExternalProcessHandler - Aug 20, 2020 6:53:54 AM org.openqa.selenium.remote.ProtocolHandshake createSession

INFO: Detected dialect: OSS
[MASTER] 14:53:54.696 [Thread-3] ERROR ExternalProcessHandler - INFO: Detected dialect: OSS

[MASTER] 14:54:07.497 [logback-2] ERROR TestCaseExecutor - TG: Exception caught: 
java.lang.IllegalStateException: Test generation failed: page object bug.
	at org.evosuite.testcase.execution.TestCaseExecutor.runTest(TestCaseExecutor.java:322) ~[evosuite-client-1.0.4-SNAPSHOT.jar:na]
	at org.evosuite.testcase.TestFitnessFunction.runTest(TestFitnessFunction.java:91) [evosuite-client-1.0.4-SNAPSHOT.jar:na]
	at org.evosuite.testcase.TestFitnessFunction.getFitness(TestFitnessFunction.java:60) [evosuite-client-1.0.4-SNAPSHOT.jar:na]
	at org.evosuite.testcase.TestFitnessFunction.getFitness(TestFitnessFunction.java:34) [evosuite-client-1.0.4-SNAPSHOT.jar:na]
	at org.evosuite.ga.metaheuristics.mosa.MOSA.calculateFitness(MOSA.java:155) [evosuite-client-1.0.4-SNAPSHOT.jar:na]
	at org.evosuite.ga.metaheuristics.mosa.AbstractMOSA.breedNextGeneration(AbstractMOSA.java:153) [evosuite-client-1.0.4-SNAPSHOT.jar:na]
	at org.evosuite.ga.metaheuristics.mosa.MOSA.evolve(MOSA.java:89) [evosuite-client-1.0.4-SNAPSHOT.jar:na]
	at org.evosuite.ga.metaheuristics.mosa.MOSA.generateSolution(MOSA.java:205) [evosuite-client-1.0.4-SNAPSHOT.jar:na]
	at org.evosuite.strategy.MOSuiteStrategy.generateTests(MOSuiteStrategy.java:127) [evosuite-client-1.0.4-SNAPSHOT.jar:na]
	at org.evosuite.TestSuiteGenerator.generateTests(TestSuiteGenerator.java:654) [evosuite-client-1.0.4-SNAPSHOT.jar:na]
	at org.evosuite.TestSuiteGenerator.generateTestSuite(TestSuiteGenerator.java:213) [evosuite-client-1.0.4-SNAPSHOT.jar:na]
	at org.evosuite.rmi.service.ClientNodeImpl$1.run(ClientNodeImpl.java:145) [evosuite-client-1.0.4-SNAPSHOT.jar:na]
	at java.util.concurrent.Executors$RunnableAdapter.call(Executors.java:511) [na:1.8.0_265]
	at java.util.concurrent.FutureTask.run(FutureTask.java:266) [na:1.8.0_265]
	at java.util.concurrent.ThreadPoolExecutor.runWorker(ThreadPoolExecutor.java:1149) [na:1.8.0_265]
	at java.util.concurrent.ThreadPoolExecutor$Worker.run(ThreadPoolExecutor.java:624) [na:1.8.0_265]
	at java.lang.Thread.run(Thread.java:748) [na:1.8.0_265]
Aug 20, 2020 6:54:07 AM org.openqa.selenium.remote.ProtocolHandshake createSession
[MASTER] 14:54:07.691 [Thread-3] ERROR ExternalProcessHandler - Aug 20, 2020 6:54:07 AM org.openqa.selenium.remote.ProtocolHandshake createSession

INFO: Detected dialect: OSS
[MASTER] 14:54:07.691 [Thread-3] ERROR ExternalProcessHandler - INFO: Detected dialect: OSS

Aug 20, 2020 6:54:09 AM org.openqa.selenium.remote.ProtocolHandshake createSession
[MASTER] 14:54:09.687 [Thread-3] ERROR ExternalProcessHandler - Aug 20, 2020 6:54:09 AM org.openqa.selenium.remote.ProtocolHandshake createSession

INFO: Detected dialect: OSS
[MASTER] 14:54:09.687 [Thread-3] ERROR ExternalProcessHandler - INFO: Detected dialect: OSS

Aug 20, 2020 6:54:13 AM org.openqa.selenium.remote.ProtocolHandshake createSession
[MASTER] 14:54:13.699 [Thread-3] ERROR ExternalProcessHandler - Aug 20, 2020 6:54:13 AM org.openqa.selenium.remote.ProtocolHandshake createSession

INFO: Detected dialect: OSS
[MASTER] 14:54:13.699 [Thread-3] ERROR ExternalProcessHandler - INFO: Detected dialect: OSS

Aug 20, 2020 6:54:19 AM org.openqa.selenium.remote.ProtocolHandshake createSession
[MASTER] 14:54:19.739 [Thread-3] ERROR ExternalProcessHandler - Aug 20, 2020 6:54:19 AM org.openqa.selenium.remote.ProtocolHandshake createSession

INFO: Detected dialect: OSS
[MASTER] 14:54:19.739 [Thread-3] ERROR ExternalProcessHandler - INFO: Detected dialect: OSS

[MASTER] 14:54:27.485 [logback-2] ERROR TestCaseExecutor - TG: Exception caught: 
java.lang.IllegalStateException: Test generation failed: page object bug.
	at org.evosuite.testcase.execution.TestCaseExecutor.runTest(TestCaseExecutor.java:322) ~[evosuite-client-1.0.4-SNAPSHOT.jar:na]
	at org.evosuite.testcase.TestFitnessFunction.runTest(TestFitnessFunction.java:91) [evosuite-client-1.0.4-SNAPSHOT.jar:na]
	at org.evosuite.testcase.TestFitnessFunction.getFitness(TestFitnessFunction.java:60) [evosuite-client-1.0.4-SNAPSHOT.jar:na]
	at org.evosuite.testcase.TestFitnessFunction.getFitness(TestFitnessFunction.java:34) [evosuite-client-1.0.4-SNAPSHOT.jar:na]
	at org.evosuite.ga.metaheuristics.mosa.MOSA.calculateFitness(MOSA.java:155) [evosuite-client-1.0.4-SNAPSHOT.jar:na]
	at org.evosuite.ga.metaheuristics.mosa.AbstractMOSA.breedNextGeneration(AbstractMOSA.java:144) [evosuite-client-1.0.4-SNAPSHOT.jar:na]
	at org.evosuite.ga.metaheuristics.mosa.MOSA.evolve(MOSA.java:89) [evosuite-client-1.0.4-SNAPSHOT.jar:na]
	at org.evosuite.ga.metaheuristics.mosa.MOSA.generateSolution(MOSA.java:205) [evosuite-client-1.0.4-SNAPSHOT.jar:na]
	at org.evosuite.strategy.MOSuiteStrategy.generateTests(MOSuiteStrategy.java:127) [evosuite-client-1.0.4-SNAPSHOT.jar:na]
	at org.evosuite.TestSuiteGenerator.generateTests(TestSuiteGenerator.java:654) [evosuite-client-1.0.4-SNAPSHOT.jar:na]
	at org.evosuite.TestSuiteGenerator.generateTestSuite(TestSuiteGenerator.java:213) [evosuite-client-1.0.4-SNAPSHOT.jar:na]
	at org.evosuite.rmi.service.ClientNodeImpl$1.run(ClientNodeImpl.java:145) [evosuite-client-1.0.4-SNAPSHOT.jar:na]
	at java.util.concurrent.Executors$RunnableAdapter.call(Executors.java:511) [na:1.8.0_265]
	at java.util.concurrent.FutureTask.run(FutureTask.java:266) [na:1.8.0_265]
	at java.util.concurrent.ThreadPoolExecutor.runWorker(ThreadPoolExecutor.java:1149) [na:1.8.0_265]
	at java.util.concurrent.ThreadPoolExecutor$Worker.run(ThreadPoolExecutor.java:624) [na:1.8.0_265]
	at java.lang.Thread.run(Thread.java:748) [na:1.8.0_265]
Aug 20, 2020 6:54:27 AM org.openqa.selenium.remote.ProtocolHandshake createSession
[MASTER] 14:54:27.677 [Thread-3] ERROR ExternalProcessHandler - Aug 20, 2020 6:54:27 AM org.openqa.selenium.remote.ProtocolHandshake createSession

INFO: Detected dialect: OSS
[MASTER] 14:54:27.678 [Thread-3] ERROR ExternalProcessHandler - INFO: Detected dialect: OSS

Aug 20, 2020 6:54:28 AM org.openqa.selenium.remote.ProtocolHandshake createSession
[MASTER] 14:54:28.547 [Thread-3] ERROR ExternalProcessHandler - Aug 20, 2020 6:54:28 AM org.openqa.selenium.remote.ProtocolHandshake createSession

INFO: Detected dialect: OSS
[MASTER] 14:54:28.547 [Thread-3] ERROR ExternalProcessHandler - INFO: Detected dialect: OSS

Aug 20, 2020 6:54:30 AM org.openqa.selenium.remote.ProtocolHandshake createSession
[MASTER] 14:54:30.353 [Thread-3] ERROR ExternalProcessHandler - Aug 20, 2020 6:54:30 AM org.openqa.selenium.remote.ProtocolHandshake createSession

INFO: Detected dialect: OSS
[MASTER] 14:54:30.353 [Thread-3] ERROR ExternalProcessHandler - INFO: Detected dialect: OSS

Aug 20, 2020 6:54:31 AM org.openqa.selenium.remote.ProtocolHandshake createSession
[MASTER] 14:54:31.204 [Thread-3] ERROR ExternalProcessHandler - Aug 20, 2020 6:54:31 AM org.openqa.selenium.remote.ProtocolHandshake createSession

INFO: Detected dialect: OSS
[MASTER] 14:54:31.204 [Thread-3] ERROR ExternalProcessHandler - INFO: Detected dialect: OSS

Aug 20, 2020 6:54:33 AM po_utils.PageObjectLogging logInfo
[MASTER] 14:54:33.823 [Thread-3] ERROR ExternalProcessHandler - Aug 20, 2020 6:54:33 AM po_utils.PageObjectLogging logInfo

INFO: waitForElementBeingPresentOnPage timeout exception: unable to locate the element By.xpath: //button[text()="Create a new session"]
[MASTER] 14:54:33.824 [Thread-3] ERROR ExternalProcessHandler - INFO: waitForElementBeingPresentOnPage timeout exception: unable to locate the element By.xpath: //button[text()="Create a new session"]


[MASTER] 14:54:33.824 [Thread-3] ERROR ExternalProcessHandler - 


[MASTER] 14:54:33.824 [Thread-3] ERROR ExternalProcessHandler - 

Aug 20, 2020 6:54:34 AM org.openqa.selenium.remote.ProtocolHandshake createSession
[MASTER] 14:54:34.126 [Thread-3] ERROR ExternalProcessHandler - Aug 20, 2020 6:54:34 AM org.openqa.selenium.remote.ProtocolHandshake createSession

INFO: Detected dialect: OSS
[MASTER] 14:54:34.126 [Thread-3] ERROR ExternalProcessHandler - INFO: Detected dialect: OSS

Aug 20, 2020 6:54:39 AM po_utils.PageObjectLogging logInfo
[MASTER] 14:54:39.827 [Thread-3] ERROR ExternalProcessHandler - Aug 20, 2020 6:54:39 AM po_utils.PageObjectLogging logInfo

INFO: waitForElementBeingPresentOnPage timeout exception: unable to locate the element By.xpath: //button[text()="Create a new session"]
[MASTER] 14:54:39.828 [Thread-3] ERROR ExternalProcessHandler - INFO: waitForElementBeingPresentOnPage timeout exception: unable to locate the element By.xpath: //button[text()="Create a new session"]


[MASTER] 14:54:39.828 [Thread-3] ERROR ExternalProcessHandler - 


[MASTER] 14:54:39.828 [Thread-3] ERROR ExternalProcessHandler - 

Aug 20, 2020 6:54:43 AM org.openqa.selenium.remote.ProtocolHandshake createSession
[MASTER] 14:54:43.611 [Thread-3] ERROR ExternalProcessHandler - Aug 20, 2020 6:54:43 AM org.openqa.selenium.remote.ProtocolHandshake createSession

INFO: Detected dialect: OSS
[MASTER] 14:54:43.611 [Thread-3] ERROR ExternalProcessHandler - INFO: Detected dialect: OSS

Aug 20, 2020 6:54:52 AM po_utils.PageObjectLogging logInfo
[MASTER] 14:54:52.072 [Thread-3] ERROR ExternalProcessHandler - Aug 20, 2020 6:54:52 AM po_utils.PageObjectLogging logInfo

INFO: waitForElementBeingPresentOnPage timeout exception: unable to locate the element By.xpath: //button[text()="Create a new session"]
[MASTER] 14:54:52.072 [Thread-3] ERROR ExternalProcessHandler - INFO: waitForElementBeingPresentOnPage timeout exception: unable to locate the element By.xpath: //button[text()="Create a new session"]


[MASTER] 14:54:52.073 [Thread-3] ERROR ExternalProcessHandler - 


[MASTER] 14:54:52.073 [Thread-3] ERROR ExternalProcessHandler - 

Aug 20, 2020 6:54:59 AM org.openqa.selenium.remote.ProtocolHandshake createSession
[MASTER] 14:54:59.297 [Thread-3] ERROR ExternalProcessHandler - Aug 20, 2020 6:54:59 AM org.openqa.selenium.remote.ProtocolHandshake createSession

INFO: Detected dialect: OSS
[MASTER] 14:54:59.298 [Thread-3] ERROR ExternalProcessHandler - INFO: Detected dialect: OSS

Aug 20, 2020 6:55:10 AM po_utils.PageObjectLogging logInfo
[MASTER] 14:55:10.542 [Thread-3] ERROR ExternalProcessHandler - Aug 20, 2020 6:55:10 AM po_utils.PageObjectLogging logInfo

INFO: waitForElementBeingPresentOnPage timeout exception: unable to locate the element By.xpath: //button[text()="Create a new session"]
[MASTER] 14:55:10.543 [Thread-3] ERROR ExternalProcessHandler - INFO: waitForElementBeingPresentOnPage timeout exception: unable to locate the element By.xpath: //button[text()="Create a new session"]


[MASTER] 14:55:10.543 [Thread-3] ERROR ExternalProcessHandler - 


[MASTER] 14:55:10.543 [Thread-3] ERROR ExternalProcessHandler - 

[MASTER] 14:55:21.121 [logback-2] ERROR TestCaseExecutor - TG: Exception caught: 
java.lang.IllegalStateException: Test generation failed: page object bug.
	at org.evosuite.testcase.execution.TestCaseExecutor.runTest(TestCaseExecutor.java:322) ~[evosuite-client-1.0.4-SNAPSHOT.jar:na]
	at org.evosuite.testcase.TestFitnessFunction.runTest(TestFitnessFunction.java:91) [evosuite-client-1.0.4-SNAPSHOT.jar:na]
	at org.evosuite.testcase.TestFitnessFunction.getFitness(TestFitnessFunction.java:60) [evosuite-client-1.0.4-SNAPSHOT.jar:na]
	at org.evosuite.testcase.TestFitnessFunction.getFitness(TestFitnessFunction.java:34) [evosuite-client-1.0.4-SNAPSHOT.jar:na]
	at org.evosuite.ga.metaheuristics.mosa.MOSA.calculateFitness(MOSA.java:155) [evosuite-client-1.0.4-SNAPSHOT.jar:na]
	at org.evosuite.ga.metaheuristics.mosa.AbstractMOSA.breedNextGeneration(AbstractMOSA.java:153) [evosuite-client-1.0.4-SNAPSHOT.jar:na]
	at org.evosuite.ga.metaheuristics.mosa.MOSA.evolve(MOSA.java:89) [evosuite-client-1.0.4-SNAPSHOT.jar:na]
	at org.evosuite.ga.metaheuristics.mosa.MOSA.generateSolution(MOSA.java:205) [evosuite-client-1.0.4-SNAPSHOT.jar:na]
	at org.evosuite.strategy.MOSuiteStrategy.generateTests(MOSuiteStrategy.java:127) [evosuite-client-1.0.4-SNAPSHOT.jar:na]
	at org.evosuite.TestSuiteGenerator.generateTests(TestSuiteGenerator.java:654) [evosuite-client-1.0.4-SNAPSHOT.jar:na]
	at org.evosuite.TestSuiteGenerator.generateTestSuite(TestSuiteGenerator.java:213) [evosuite-client-1.0.4-SNAPSHOT.jar:na]
	at org.evosuite.rmi.service.ClientNodeImpl$1.run(ClientNodeImpl.java:145) [evosuite-client-1.0.4-SNAPSHOT.jar:na]
	at java.util.concurrent.Executors$RunnableAdapter.call(Executors.java:511) [na:1.8.0_265]
	at java.util.concurrent.FutureTask.run(FutureTask.java:266) [na:1.8.0_265]
	at java.util.concurrent.ThreadPoolExecutor.runWorker(ThreadPoolExecutor.java:1149) [na:1.8.0_265]
	at java.util.concurrent.ThreadPoolExecutor$Worker.run(ThreadPoolExecutor.java:624) [na:1.8.0_265]
	at java.lang.Thread.run(Thread.java:748) [na:1.8.0_265]
Aug 20, 2020 6:55:21 AM org.openqa.selenium.remote.ProtocolHandshake createSession
[MASTER] 14:55:21.309 [Thread-3] ERROR ExternalProcessHandler - Aug 20, 2020 6:55:21 AM org.openqa.selenium.remote.ProtocolHandshake createSession

INFO: Detected dialect: OSS
[MASTER] 14:55:21.309 [Thread-3] ERROR ExternalProcessHandler - INFO: Detected dialect: OSS

Aug 20, 2020 6:55:22 AM org.openqa.selenium.remote.ProtocolHandshake createSession
[MASTER] 14:55:22.496 [Thread-3] ERROR ExternalProcessHandler - Aug 20, 2020 6:55:22 AM org.openqa.selenium.remote.ProtocolHandshake createSession

INFO: Detected dialect: OSS
[MASTER] 14:55:22.496 [Thread-3] ERROR ExternalProcessHandler - INFO: Detected dialect: OSS

Aug 20, 2020 6:55:23 AM org.openqa.selenium.remote.ProtocolHandshake createSession
[MASTER] 14:55:23.498 [Thread-3] ERROR ExternalProcessHandler - Aug 20, 2020 6:55:23 AM org.openqa.selenium.remote.ProtocolHandshake createSession

INFO: Detected dialect: OSS
[MASTER] 14:55:23.499 [Thread-3] ERROR ExternalProcessHandler - INFO: Detected dialect: OSS

Aug 20, 2020 6:55:24 AM org.openqa.selenium.remote.ProtocolHandshake createSession
[MASTER] 14:55:24.709 [Thread-3] ERROR ExternalProcessHandler - Aug 20, 2020 6:55:24 AM org.openqa.selenium.remote.ProtocolHandshake createSession

INFO: Detected dialect: OSS
[MASTER] 14:55:24.709 [Thread-3] ERROR ExternalProcessHandler - INFO: Detected dialect: OSS

Aug 20, 2020 6:55:25 AM org.openqa.selenium.remote.ProtocolHandshake createSession
[MASTER] 14:55:25.548 [Thread-3] ERROR ExternalProcessHandler - Aug 20, 2020 6:55:25 AM org.openqa.selenium.remote.ProtocolHandshake createSession

INFO: Detected dialect: OSS
[MASTER] 14:55:25.548 [Thread-3] ERROR ExternalProcessHandler - INFO: Detected dialect: OSS

Aug 20, 2020 6:55:30 AM org.openqa.selenium.remote.ProtocolHandshake createSession
[MASTER] 14:55:30.167 [Thread-3] ERROR ExternalProcessHandler - Aug 20, 2020 6:55:30 AM org.openqa.selenium.remote.ProtocolHandshake createSession

INFO: Detected dialect: OSS
[MASTER] 14:55:30.167 [Thread-3] ERROR ExternalProcessHandler - INFO: Detected dialect: OSS

Aug 20, 2020 6:55:38 AM org.openqa.selenium.remote.ProtocolHandshake createSession
[MASTER] 14:55:38.935 [Thread-3] ERROR ExternalProcessHandler - Aug 20, 2020 6:55:38 AM org.openqa.selenium.remote.ProtocolHandshake createSession

INFO: Detected dialect: OSS
[MASTER] 14:55:38.935 [Thread-3] ERROR ExternalProcessHandler - INFO: Detected dialect: OSS

Aug 20, 2020 6:55:51 AM org.openqa.selenium.remote.ProtocolHandshake createSession
[MASTER] 14:55:51.710 [Thread-3] ERROR ExternalProcessHandler - Aug 20, 2020 6:55:51 AM org.openqa.selenium.remote.ProtocolHandshake createSession

INFO: Detected dialect: OSS
[MASTER] 14:55:51.710 [Thread-3] ERROR ExternalProcessHandler - INFO: Detected dialect: OSS

[MASTER] 14:56:08.366 [logback-2] ERROR TestCaseExecutor - TG: Exception caught: 
java.lang.IllegalStateException: Test generation failed: page object bug.
	at org.evosuite.testcase.execution.TestCaseExecutor.runTest(TestCaseExecutor.java:322) ~[evosuite-client-1.0.4-SNAPSHOT.jar:na]
	at org.evosuite.testcase.TestFitnessFunction.runTest(TestFitnessFunction.java:91) [evosuite-client-1.0.4-SNAPSHOT.jar:na]
	at org.evosuite.testcase.TestFitnessFunction.getFitness(TestFitnessFunction.java:60) [evosuite-client-1.0.4-SNAPSHOT.jar:na]
	at org.evosuite.testcase.TestFitnessFunction.getFitness(TestFitnessFunction.java:34) [evosuite-client-1.0.4-SNAPSHOT.jar:na]
	at org.evosuite.ga.metaheuristics.mosa.MOSA.calculateFitness(MOSA.java:155) [evosuite-client-1.0.4-SNAPSHOT.jar:na]
	at org.evosuite.ga.metaheuristics.mosa.AbstractMOSA.breedNextGeneration(AbstractMOSA.java:144) [evosuite-client-1.0.4-SNAPSHOT.jar:na]
	at org.evosuite.ga.metaheuristics.mosa.MOSA.evolve(MOSA.java:89) [evosuite-client-1.0.4-SNAPSHOT.jar:na]
	at org.evosuite.ga.metaheuristics.mosa.MOSA.generateSolution(MOSA.java:205) [evosuite-client-1.0.4-SNAPSHOT.jar:na]
	at org.evosuite.strategy.MOSuiteStrategy.generateTests(MOSuiteStrategy.java:127) [evosuite-client-1.0.4-SNAPSHOT.jar:na]
	at org.evosuite.TestSuiteGenerator.generateTests(TestSuiteGenerator.java:654) [evosuite-client-1.0.4-SNAPSHOT.jar:na]
	at org.evosuite.TestSuiteGenerator.generateTestSuite(TestSuiteGenerator.java:213) [evosuite-client-1.0.4-SNAPSHOT.jar:na]
	at org.evosuite.rmi.service.ClientNodeImpl$1.run(ClientNodeImpl.java:145) [evosuite-client-1.0.4-SNAPSHOT.jar:na]
	at java.util.concurrent.Executors$RunnableAdapter.call(Executors.java:511) [na:1.8.0_265]
	at java.util.concurrent.FutureTask.run(FutureTask.java:266) [na:1.8.0_265]
	at java.util.concurrent.ThreadPoolExecutor.runWorker(ThreadPoolExecutor.java:1149) [na:1.8.0_265]
	at java.util.concurrent.ThreadPoolExecutor$Worker.run(ThreadPoolExecutor.java:624) [na:1.8.0_265]
	at java.lang.Thread.run(Thread.java:748) [na:1.8.0_265]
Aug 20, 2020 6:56:08 AM org.openqa.selenium.remote.ProtocolHandshake createSession
[MASTER] 14:56:08.558 [Thread-3] ERROR ExternalProcessHandler - Aug 20, 2020 6:56:08 AM org.openqa.selenium.remote.ProtocolHandshake createSession

INFO: Detected dialect: OSS
[MASTER] 14:56:08.558 [Thread-3] ERROR ExternalProcessHandler - INFO: Detected dialect: OSS

Aug 20, 2020 6:56:11 AM org.openqa.selenium.remote.ProtocolHandshake createSession
[MASTER] 14:56:11.660 [Thread-3] ERROR ExternalProcessHandler - Aug 20, 2020 6:56:11 AM org.openqa.selenium.remote.ProtocolHandshake createSession

INFO: Detected dialect: OSS
[MASTER] 14:56:11.660 [Thread-3] ERROR ExternalProcessHandler - INFO: Detected dialect: OSS

Aug 20, 2020 6:56:19 AM org.openqa.selenium.remote.ProtocolHandshake createSession
[MASTER] 14:56:19.333 [Thread-3] ERROR ExternalProcessHandler - Aug 20, 2020 6:56:19 AM org.openqa.selenium.remote.ProtocolHandshake createSession

INFO: Detected dialect: OSS
[MASTER] 14:56:19.333 [Thread-3] ERROR ExternalProcessHandler - INFO: Detected dialect: OSS

Aug 20, 2020 6:56:31 AM org.openqa.selenium.remote.ProtocolHandshake createSession
[MASTER] 14:56:31.398 [Thread-3] ERROR ExternalProcessHandler - Aug 20, 2020 6:56:31 AM org.openqa.selenium.remote.ProtocolHandshake createSession

INFO: Detected dialect: OSS
[MASTER] 14:56:31.398 [Thread-3] ERROR ExternalProcessHandler - INFO: Detected dialect: OSS

[MASTER] 14:56:47.539 [logback-2] ERROR TestCaseExecutor - TG: Exception caught: 
java.lang.IllegalStateException: Test generation failed: page object bug.
	at org.evosuite.testcase.execution.TestCaseExecutor.runTest(TestCaseExecutor.java:322) ~[evosuite-client-1.0.4-SNAPSHOT.jar:na]
	at org.evosuite.testcase.TestFitnessFunction.runTest(TestFitnessFunction.java:91) [evosuite-client-1.0.4-SNAPSHOT.jar:na]
	at org.evosuite.testcase.TestFitnessFunction.getFitness(TestFitnessFunction.java:60) [evosuite-client-1.0.4-SNAPSHOT.jar:na]
	at org.evosuite.testcase.TestFitnessFunction.getFitness(TestFitnessFunction.java:34) [evosuite-client-1.0.4-SNAPSHOT.jar:na]
	at org.evosuite.ga.metaheuristics.mosa.MOSA.calculateFitness(MOSA.java:155) [evosuite-client-1.0.4-SNAPSHOT.jar:na]
	at org.evosuite.ga.metaheuristics.mosa.AbstractMOSA.breedNextGeneration(AbstractMOSA.java:144) [evosuite-client-1.0.4-SNAPSHOT.jar:na]
	at org.evosuite.ga.metaheuristics.mosa.MOSA.evolve(MOSA.java:89) [evosuite-client-1.0.4-SNAPSHOT.jar:na]
	at org.evosuite.ga.metaheuristics.mosa.MOSA.generateSolution(MOSA.java:205) [evosuite-client-1.0.4-SNAPSHOT.jar:na]
	at org.evosuite.strategy.MOSuiteStrategy.generateTests(MOSuiteStrategy.java:127) [evosuite-client-1.0.4-SNAPSHOT.jar:na]
	at org.evosuite.TestSuiteGenerator.generateTests(TestSuiteGenerator.java:654) [evosuite-client-1.0.4-SNAPSHOT.jar:na]
	at org.evosuite.TestSuiteGenerator.generateTestSuite(TestSuiteGenerator.java:213) [evosuite-client-1.0.4-SNAPSHOT.jar:na]
	at org.evosuite.rmi.service.ClientNodeImpl$1.run(ClientNodeImpl.java:145) [evosuite-client-1.0.4-SNAPSHOT.jar:na]
	at java.util.concurrent.Executors$RunnableAdapter.call(Executors.java:511) [na:1.8.0_265]
	at java.util.concurrent.FutureTask.run(FutureTask.java:266) [na:1.8.0_265]
	at java.util.concurrent.ThreadPoolExecutor.runWorker(ThreadPoolExecutor.java:1149) [na:1.8.0_265]
	at java.util.concurrent.ThreadPoolExecutor$Worker.run(ThreadPoolExecutor.java:624) [na:1.8.0_265]
	at java.lang.Thread.run(Thread.java:748) [na:1.8.0_265]
Aug 20, 2020 6:56:47 AM org.openqa.selenium.remote.ProtocolHandshake createSession
[MASTER] 14:56:47.704 [Thread-3] ERROR ExternalProcessHandler - Aug 20, 2020 6:56:47 AM org.openqa.selenium.remote.ProtocolHandshake createSession

INFO: Detected dialect: OSS
[MASTER] 14:56:47.704 [Thread-3] ERROR ExternalProcessHandler - INFO: Detected dialect: OSS

Aug 20, 2020 6:56:48 AM org.openqa.selenium.remote.ProtocolHandshake createSession
[MASTER] 14:56:48.777 [Thread-3] ERROR ExternalProcessHandler - Aug 20, 2020 6:56:48 AM org.openqa.selenium.remote.ProtocolHandshake createSession

INFO: Detected dialect: OSS
[MASTER] 14:56:48.778 [Thread-3] ERROR ExternalProcessHandler - INFO: Detected dialect: OSS

Aug 20, 2020 6:56:51 AM org.openqa.selenium.remote.ProtocolHandshake createSession
[MASTER] 14:56:51.892 [Thread-3] ERROR ExternalProcessHandler - Aug 20, 2020 6:56:51 AM org.openqa.selenium.remote.ProtocolHandshake createSession

INFO: Detected dialect: OSS
[MASTER] 14:56:51.892 [Thread-3] ERROR ExternalProcessHandler - INFO: Detected dialect: OSS

Aug 20, 2020 6:56:58 AM org.openqa.selenium.remote.ProtocolHandshake createSession
[MASTER] 14:56:58.522 [Thread-3] ERROR ExternalProcessHandler - Aug 20, 2020 6:56:58 AM org.openqa.selenium.remote.ProtocolHandshake createSession

INFO: Detected dialect: OSS
[MASTER] 14:56:58.522 [Thread-3] ERROR ExternalProcessHandler - INFO: Detected dialect: OSS

Aug 20, 2020 6:57:08 AM org.openqa.selenium.remote.ProtocolHandshake createSession
[MASTER] 14:57:08.390 [Thread-3] ERROR ExternalProcessHandler - Aug 20, 2020 6:57:08 AM org.openqa.selenium.remote.ProtocolHandshake createSession

INFO: Detected dialect: OSS
[MASTER] 14:57:08.390 [Thread-3] ERROR ExternalProcessHandler - INFO: Detected dialect: OSS

[MASTER] 14:57:21.458 [logback-2] ERROR TestCaseExecutor - TG: Exception caught: 
java.lang.IllegalStateException: Test generation failed: page object bug.
	at org.evosuite.testcase.execution.TestCaseExecutor.runTest(TestCaseExecutor.java:322) ~[evosuite-client-1.0.4-SNAPSHOT.jar:na]
	at org.evosuite.testcase.TestFitnessFunction.runTest(TestFitnessFunction.java:91) [evosuite-client-1.0.4-SNAPSHOT.jar:na]
	at org.evosuite.testcase.TestFitnessFunction.getFitness(TestFitnessFunction.java:60) [evosuite-client-1.0.4-SNAPSHOT.jar:na]
	at org.evosuite.testcase.TestFitnessFunction.getFitness(TestFitnessFunction.java:34) [evosuite-client-1.0.4-SNAPSHOT.jar:na]
	at org.evosuite.ga.metaheuristics.mosa.MOSA.calculateFitness(MOSA.java:155) [evosuite-client-1.0.4-SNAPSHOT.jar:na]
	at org.evosuite.ga.metaheuristics.mosa.AbstractMOSA.breedNextGeneration(AbstractMOSA.java:144) [evosuite-client-1.0.4-SNAPSHOT.jar:na]
	at org.evosuite.ga.metaheuristics.mosa.MOSA.evolve(MOSA.java:89) [evosuite-client-1.0.4-SNAPSHOT.jar:na]
	at org.evosuite.ga.metaheuristics.mosa.MOSA.generateSolution(MOSA.java:205) [evosuite-client-1.0.4-SNAPSHOT.jar:na]
	at org.evosuite.strategy.MOSuiteStrategy.generateTests(MOSuiteStrategy.java:127) [evosuite-client-1.0.4-SNAPSHOT.jar:na]
	at org.evosuite.TestSuiteGenerator.generateTests(TestSuiteGenerator.java:654) [evosuite-client-1.0.4-SNAPSHOT.jar:na]
	at org.evosuite.TestSuiteGenerator.generateTestSuite(TestSuiteGenerator.java:213) [evosuite-client-1.0.4-SNAPSHOT.jar:na]
	at org.evosuite.rmi.service.ClientNodeImpl$1.run(ClientNodeImpl.java:145) [evosuite-client-1.0.4-SNAPSHOT.jar:na]
	at java.util.concurrent.Executors$RunnableAdapter.call(Executors.java:511) [na:1.8.0_265]
	at java.util.concurrent.FutureTask.run(FutureTask.java:266) [na:1.8.0_265]
	at java.util.concurrent.ThreadPoolExecutor.runWorker(ThreadPoolExecutor.java:1149) [na:1.8.0_265]
	at java.util.concurrent.ThreadPoolExecutor$Worker.run(ThreadPoolExecutor.java:624) [na:1.8.0_265]
	at java.lang.Thread.run(Thread.java:748) [na:1.8.0_265]
Aug 20, 2020 6:57:21 AM org.openqa.selenium.remote.ProtocolHandshake createSession
[MASTER] 14:57:21.645 [Thread-3] ERROR ExternalProcessHandler - Aug 20, 2020 6:57:21 AM org.openqa.selenium.remote.ProtocolHandshake createSession

INFO: Detected dialect: OSS
[MASTER] 14:57:21.645 [Thread-3] ERROR ExternalProcessHandler - INFO: Detected dialect: OSS

Aug 20, 2020 6:57:22 AM org.openqa.selenium.remote.ProtocolHandshake createSession
[MASTER] 14:57:22.965 [Thread-3] ERROR ExternalProcessHandler - Aug 20, 2020 6:57:22 AM org.openqa.selenium.remote.ProtocolHandshake createSession

INFO: Detected dialect: OSS
[MASTER] 14:57:22.966 [Thread-3] ERROR ExternalProcessHandler - INFO: Detected dialect: OSS

Aug 20, 2020 6:57:23 AM org.openqa.selenium.remote.ProtocolHandshake createSession
[MASTER] 14:57:23.981 [Thread-3] ERROR ExternalProcessHandler - Aug 20, 2020 6:57:23 AM org.openqa.selenium.remote.ProtocolHandshake createSession

INFO: Detected dialect: OSS
[MASTER] 14:57:23.981 [Thread-3] ERROR ExternalProcessHandler - INFO: Detected dialect: OSS

Aug 20, 2020 6:57:25 AM org.openqa.selenium.remote.ProtocolHandshake createSession
[MASTER] 14:57:25.047 [Thread-3] ERROR ExternalProcessHandler - Aug 20, 2020 6:57:25 AM org.openqa.selenium.remote.ProtocolHandshake createSession

INFO: Detected dialect: OSS
[MASTER] 14:57:25.047 [Thread-3] ERROR ExternalProcessHandler - INFO: Detected dialect: OSS

Aug 20, 2020 6:57:26 AM org.openqa.selenium.remote.ProtocolHandshake createSession
[MASTER] 14:57:26.534 [Thread-3] ERROR ExternalProcessHandler - Aug 20, 2020 6:57:26 AM org.openqa.selenium.remote.ProtocolHandshake createSession

INFO: Detected dialect: OSS
[MASTER] 14:57:26.534 [Thread-3] ERROR ExternalProcessHandler - INFO: Detected dialect: OSS

Aug 20, 2020 6:57:27 AM org.openqa.selenium.remote.ProtocolHandshake createSession
[MASTER] 14:57:27.453 [Thread-3] ERROR ExternalProcessHandler - Aug 20, 2020 6:57:27 AM org.openqa.selenium.remote.ProtocolHandshake createSession

INFO: Detected dialect: OSS
[MASTER] 14:57:27.454 [Thread-3] ERROR ExternalProcessHandler - INFO: Detected dialect: OSS

Aug 20, 2020 6:57:29 AM org.openqa.selenium.remote.ProtocolHandshake createSession
[MASTER] 14:57:29.962 [Thread-3] ERROR ExternalProcessHandler - Aug 20, 2020 6:57:29 AM org.openqa.selenium.remote.ProtocolHandshake createSession

INFO: Detected dialect: OSS
[MASTER] 14:57:29.962 [Thread-3] ERROR ExternalProcessHandler - INFO: Detected dialect: OSS

Aug 20, 2020 6:57:39 AM org.openqa.selenium.remote.ProtocolHandshake createSession
[MASTER] 14:57:39.503 [Thread-3] ERROR ExternalProcessHandler - Aug 20, 2020 6:57:39 AM org.openqa.selenium.remote.ProtocolHandshake createSession

INFO: Detected dialect: OSS
[MASTER] 14:57:39.503 [Thread-3] ERROR ExternalProcessHandler - INFO: Detected dialect: OSS

Aug 20, 2020 6:57:55 AM org.openqa.selenium.remote.ProtocolHandshake createSession
[MASTER] 14:57:55.799 [Thread-3] ERROR ExternalProcessHandler - Aug 20, 2020 6:57:55 AM org.openqa.selenium.remote.ProtocolHandshake createSession

INFO: Detected dialect: OSS
[MASTER] 14:57:55.799 [Thread-3] ERROR ExternalProcessHandler - INFO: Detected dialect: OSS

[MASTER] 14:58:19.081 [logback-2] ERROR TestCaseExecutor - TG: Exception caught: 
java.lang.IllegalStateException: Test generation failed: page object bug.
	at org.evosuite.testcase.execution.TestCaseExecutor.runTest(TestCaseExecutor.java:322) ~[evosuite-client-1.0.4-SNAPSHOT.jar:na]
	at org.evosuite.testcase.TestFitnessFunction.runTest(TestFitnessFunction.java:91) [evosuite-client-1.0.4-SNAPSHOT.jar:na]
	at org.evosuite.testcase.TestFitnessFunction.getFitness(TestFitnessFunction.java:60) [evosuite-client-1.0.4-SNAPSHOT.jar:na]
	at org.evosuite.testcase.TestFitnessFunction.getFitness(TestFitnessFunction.java:34) [evosuite-client-1.0.4-SNAPSHOT.jar:na]
	at org.evosuite.ga.metaheuristics.mosa.MOSA.calculateFitness(MOSA.java:155) [evosuite-client-1.0.4-SNAPSHOT.jar:na]
	at org.evosuite.ga.metaheuristics.mosa.AbstractMOSA.breedNextGeneration(AbstractMOSA.java:153) [evosuite-client-1.0.4-SNAPSHOT.jar:na]
	at org.evosuite.ga.metaheuristics.mosa.MOSA.evolve(MOSA.java:89) [evosuite-client-1.0.4-SNAPSHOT.jar:na]
	at org.evosuite.ga.metaheuristics.mosa.MOSA.generateSolution(MOSA.java:205) [evosuite-client-1.0.4-SNAPSHOT.jar:na]
	at org.evosuite.strategy.MOSuiteStrategy.generateTests(MOSuiteStrategy.java:127) [evosuite-client-1.0.4-SNAPSHOT.jar:na]
	at org.evosuite.TestSuiteGenerator.generateTests(TestSuiteGenerator.java:654) [evosuite-client-1.0.4-SNAPSHOT.jar:na]
	at org.evosuite.TestSuiteGenerator.generateTestSuite(TestSuiteGenerator.java:213) [evosuite-client-1.0.4-SNAPSHOT.jar:na]
	at org.evosuite.rmi.service.ClientNodeImpl$1.run(ClientNodeImpl.java:145) [evosuite-client-1.0.4-SNAPSHOT.jar:na]
	at java.util.concurrent.Executors$RunnableAdapter.call(Executors.java:511) [na:1.8.0_265]
	at java.util.concurrent.FutureTask.run(FutureTask.java:266) [na:1.8.0_265]
	at java.util.concurrent.ThreadPoolExecutor.runWorker(ThreadPoolExecutor.java:1149) [na:1.8.0_265]
	at java.util.concurrent.ThreadPoolExecutor$Worker.run(ThreadPoolExecutor.java:624) [na:1.8.0_265]
	at java.lang.Thread.run(Thread.java:748) [na:1.8.0_265]
Aug 20, 2020 6:58:19 AM org.openqa.selenium.remote.ProtocolHandshake createSession
[MASTER] 14:58:19.280 [Thread-3] ERROR ExternalProcessHandler - Aug 20, 2020 6:58:19 AM org.openqa.selenium.remote.ProtocolHandshake createSession

INFO: Detected dialect: OSS
[MASTER] 14:58:19.280 [Thread-3] ERROR ExternalProcessHandler - INFO: Detected dialect: OSS

Aug 20, 2020 6:58:21 AM org.openqa.selenium.remote.ProtocolHandshake createSession
[MASTER] 14:58:21.977 [Thread-3] ERROR ExternalProcessHandler - Aug 20, 2020 6:58:21 AM org.openqa.selenium.remote.ProtocolHandshake createSession

INFO: Detected dialect: OSS
[MASTER] 14:58:21.978 [Thread-3] ERROR ExternalProcessHandler - INFO: Detected dialect: OSS

Aug 20, 2020 6:58:22 AM org.openqa.selenium.remote.ProtocolHandshake createSession
[MASTER] 14:58:22.914 [Thread-3] ERROR ExternalProcessHandler - Aug 20, 2020 6:58:22 AM org.openqa.selenium.remote.ProtocolHandshake createSession

INFO: Detected dialect: OSS
[MASTER] 14:58:22.914 [Thread-3] ERROR ExternalProcessHandler - INFO: Detected dialect: OSS

Aug 20, 2020 6:58:23 AM org.openqa.selenium.remote.ProtocolHandshake createSession
[MASTER] 14:58:23.919 [Thread-3] ERROR ExternalProcessHandler - Aug 20, 2020 6:58:23 AM org.openqa.selenium.remote.ProtocolHandshake createSession

INFO: Detected dialect: OSS
[MASTER] 14:58:23.919 [Thread-3] ERROR ExternalProcessHandler - INFO: Detected dialect: OSS

Aug 20, 2020 6:58:24 AM org.openqa.selenium.remote.ProtocolHandshake createSession
[MASTER] 14:58:24.822 [Thread-3] ERROR ExternalProcessHandler - Aug 20, 2020 6:58:24 AM org.openqa.selenium.remote.ProtocolHandshake createSession

INFO: Detected dialect: OSS
[MASTER] 14:58:24.822 [Thread-3] ERROR ExternalProcessHandler - INFO: Detected dialect: OSS

Aug 20, 2020 6:58:29 AM po_utils.PageObjectLogging logInfo
[MASTER] 14:58:29.198 [Thread-3] ERROR ExternalProcessHandler - Aug 20, 2020 6:58:29 AM po_utils.PageObjectLogging logInfo

INFO: waitForElementBeingPresentOnPage timeout exception: unable to locate the element By.xpath: //button[text()="Create a new session"]
[MASTER] 14:58:29.199 [Thread-3] ERROR ExternalProcessHandler - INFO: waitForElementBeingPresentOnPage timeout exception: unable to locate the element By.xpath: //button[text()="Create a new session"]


[MASTER] 14:58:29.199 [Thread-3] ERROR ExternalProcessHandler - 


[MASTER] 14:58:29.199 [Thread-3] ERROR ExternalProcessHandler - 

Aug 20, 2020 6:58:29 AM po_utils.PageObjectLogging logInfo
[MASTER] 14:58:29.865 [Thread-3] ERROR ExternalProcessHandler - Aug 20, 2020 6:58:29 AM po_utils.PageObjectLogging logInfo

INFO: waitForElementBeingPresentOnPage timeout exception: unable to locate the element By.xpath: //button[text()="Create a new session"]
[MASTER] 14:58:29.865 [Thread-3] ERROR ExternalProcessHandler - INFO: waitForElementBeingPresentOnPage timeout exception: unable to locate the element By.xpath: //button[text()="Create a new session"]


[MASTER] 14:58:29.865 [Thread-3] ERROR ExternalProcessHandler - 


[MASTER] 14:58:29.865 [Thread-3] ERROR ExternalProcessHandler - 

Aug 20, 2020 6:58:30 AM org.openqa.selenium.remote.ProtocolHandshake createSession
[MASTER] 14:58:30.176 [Thread-3] ERROR ExternalProcessHandler - Aug 20, 2020 6:58:30 AM org.openqa.selenium.remote.ProtocolHandshake createSession

INFO: Detected dialect: OSS
[MASTER] 14:58:30.176 [Thread-3] ERROR ExternalProcessHandler - INFO: Detected dialect: OSS

Aug 20, 2020 6:58:38 AM po_utils.PageObjectLogging logInfo
[MASTER] 14:58:38.428 [Thread-3] ERROR ExternalProcessHandler - Aug 20, 2020 6:58:38 AM po_utils.PageObjectLogging logInfo

INFO: waitForElementBeingPresentOnPage timeout exception: unable to locate the element By.xpath: //button[text()="Create a new session"]
[MASTER] 14:58:38.429 [Thread-3] ERROR ExternalProcessHandler - INFO: waitForElementBeingPresentOnPage timeout exception: unable to locate the element By.xpath: //button[text()="Create a new session"]


[MASTER] 14:58:38.429 [Thread-3] ERROR ExternalProcessHandler - 


[MASTER] 14:58:38.429 [Thread-3] ERROR ExternalProcessHandler - 

Aug 20, 2020 6:58:39 AM po_utils.PageObjectLogging logInfo
[MASTER] 14:58:39.846 [Thread-3] ERROR ExternalProcessHandler - Aug 20, 2020 6:58:39 AM po_utils.PageObjectLogging logInfo

INFO: waitForElementBeingPresentOnPage timeout exception: unable to locate the element By.xpath: //button[text()="Create a new session"]
[MASTER] 14:58:39.846 [Thread-3] ERROR ExternalProcessHandler - INFO: waitForElementBeingPresentOnPage timeout exception: unable to locate the element By.xpath: //button[text()="Create a new session"]


[MASTER] 14:58:39.846 [Thread-3] ERROR ExternalProcessHandler - 


[MASTER] 14:58:39.846 [Thread-3] ERROR ExternalProcessHandler - 

Aug 20, 2020 6:58:40 AM org.openqa.selenium.remote.ProtocolHandshake createSession
[MASTER] 14:58:40.637 [Thread-3] ERROR ExternalProcessHandler - Aug 20, 2020 6:58:40 AM org.openqa.selenium.remote.ProtocolHandshake createSession

INFO: Detected dialect: OSS
[MASTER] 14:58:40.637 [Thread-3] ERROR ExternalProcessHandler - INFO: Detected dialect: OSS

Aug 20, 2020 6:58:52 AM po_utils.PageObjectLogging logInfo
[MASTER] 14:58:52.534 [Thread-3] ERROR ExternalProcessHandler - Aug 20, 2020 6:58:52 AM po_utils.PageObjectLogging logInfo

INFO: waitForElementBeingPresentOnPage timeout exception: unable to locate the element By.xpath: //button[text()="Create a new session"]
[MASTER] 14:58:52.534 [Thread-3] ERROR ExternalProcessHandler - INFO: waitForElementBeingPresentOnPage timeout exception: unable to locate the element By.xpath: //button[text()="Create a new session"]


[MASTER] 14:58:52.534 [Thread-3] ERROR ExternalProcessHandler - 


[MASTER] 14:58:52.534 [Thread-3] ERROR ExternalProcessHandler - 

Aug 20, 2020 6:58:54 AM po_utils.PageObjectLogging logInfo
[MASTER] 14:58:54.695 [Thread-3] ERROR ExternalProcessHandler - Aug 20, 2020 6:58:54 AM po_utils.PageObjectLogging logInfo

INFO: waitForElementBeingPresentOnPage timeout exception: unable to locate the element By.xpath: //button[text()="Create a new session"]
[MASTER] 14:58:54.696 [Thread-3] ERROR ExternalProcessHandler - INFO: waitForElementBeingPresentOnPage timeout exception: unable to locate the element By.xpath: //button[text()="Create a new session"]


[MASTER] 14:58:54.696 [Thread-3] ERROR ExternalProcessHandler - 


[MASTER] 14:58:54.696 [Thread-3] ERROR ExternalProcessHandler - 

Aug 20, 2020 6:58:55 AM org.openqa.selenium.remote.ProtocolHandshake createSession
[MASTER] 14:58:55.933 [Thread-3] ERROR ExternalProcessHandler - Aug 20, 2020 6:58:55 AM org.openqa.selenium.remote.ProtocolHandshake createSession

INFO: Detected dialect: OSS
[MASTER] 14:58:55.933 [Thread-3] ERROR ExternalProcessHandler - INFO: Detected dialect: OSS

Aug 20, 2020 6:59:11 AM po_utils.PageObjectLogging logInfo
[MASTER] 14:59:11.612 [Thread-3] ERROR ExternalProcessHandler - Aug 20, 2020 6:59:11 AM po_utils.PageObjectLogging logInfo

INFO: waitForElementBeingPresentOnPage timeout exception: unable to locate the element By.xpath: //button[text()="Create a new session"]
[MASTER] 14:59:11.613 [Thread-3] ERROR ExternalProcessHandler - INFO: waitForElementBeingPresentOnPage timeout exception: unable to locate the element By.xpath: //button[text()="Create a new session"]


[MASTER] 14:59:11.613 [Thread-3] ERROR ExternalProcessHandler - 


[MASTER] 14:59:11.613 [Thread-3] ERROR ExternalProcessHandler - 

Aug 20, 2020 6:59:14 AM po_utils.PageObjectLogging logInfo
[MASTER] 14:59:14.514 [Thread-3] ERROR ExternalProcessHandler - Aug 20, 2020 6:59:14 AM po_utils.PageObjectLogging logInfo

INFO: waitForElementBeingPresentOnPage timeout exception: unable to locate the element By.xpath: //button[text()="Create a new session"]
[MASTER] 14:59:14.515 [Thread-3] ERROR ExternalProcessHandler - INFO: waitForElementBeingPresentOnPage timeout exception: unable to locate the element By.xpath: //button[text()="Create a new session"]


[MASTER] 14:59:14.515 [Thread-3] ERROR ExternalProcessHandler - 


[MASTER] 14:59:14.515 [Thread-3] ERROR ExternalProcessHandler - 

[MASTER] 14:59:16.096 [logback-2] ERROR TestCaseExecutor - TG: Exception caught: 
java.lang.IllegalStateException: Test generation failed: page object bug.
	at org.evosuite.testcase.execution.TestCaseExecutor.runTest(TestCaseExecutor.java:322) ~[evosuite-client-1.0.4-SNAPSHOT.jar:na]
	at org.evosuite.testcase.TestFitnessFunction.runTest(TestFitnessFunction.java:91) [evosuite-client-1.0.4-SNAPSHOT.jar:na]
	at org.evosuite.testcase.TestFitnessFunction.getFitness(TestFitnessFunction.java:60) [evosuite-client-1.0.4-SNAPSHOT.jar:na]
	at org.evosuite.testcase.TestFitnessFunction.getFitness(TestFitnessFunction.java:34) [evosuite-client-1.0.4-SNAPSHOT.jar:na]
	at org.evosuite.ga.metaheuristics.mosa.MOSA.calculateFitness(MOSA.java:155) [evosuite-client-1.0.4-SNAPSHOT.jar:na]
	at org.evosuite.ga.metaheuristics.mosa.AbstractMOSA.breedNextGeneration(AbstractMOSA.java:169) [evosuite-client-1.0.4-SNAPSHOT.jar:na]
	at org.evosuite.ga.metaheuristics.mosa.MOSA.evolve(MOSA.java:89) [evosuite-client-1.0.4-SNAPSHOT.jar:na]
	at org.evosuite.ga.metaheuristics.mosa.MOSA.generateSolution(MOSA.java:205) [evosuite-client-1.0.4-SNAPSHOT.jar:na]
	at org.evosuite.strategy.MOSuiteStrategy.generateTests(MOSuiteStrategy.java:127) [evosuite-client-1.0.4-SNAPSHOT.jar:na]
	at org.evosuite.TestSuiteGenerator.generateTests(TestSuiteGenerator.java:654) [evosuite-client-1.0.4-SNAPSHOT.jar:na]
	at org.evosuite.TestSuiteGenerator.generateTestSuite(TestSuiteGenerator.java:213) [evosuite-client-1.0.4-SNAPSHOT.jar:na]
	at org.evosuite.rmi.service.ClientNodeImpl$1.run(ClientNodeImpl.java:145) [evosuite-client-1.0.4-SNAPSHOT.jar:na]
	at java.util.concurrent.Executors$RunnableAdapter.call(Executors.java:511) [na:1.8.0_265]
	at java.util.concurrent.FutureTask.run(FutureTask.java:266) [na:1.8.0_265]
	at java.util.concurrent.ThreadPoolExecutor.runWorker(ThreadPoolExecutor.java:1149) [na:1.8.0_265]
	at java.util.concurrent.ThreadPoolExecutor$Worker.run(ThreadPoolExecutor.java:624) [na:1.8.0_265]
	at java.lang.Thread.run(Thread.java:748) [na:1.8.0_265]
Aug 20, 2020 6:59:16 AM org.openqa.selenium.remote.ProtocolHandshake createSession
[MASTER] 14:59:16.253 [Thread-3] ERROR ExternalProcessHandler - Aug 20, 2020 6:59:16 AM org.openqa.selenium.remote.ProtocolHandshake createSession

INFO: Detected dialect: OSS
[MASTER] 14:59:16.253 [Thread-3] ERROR ExternalProcessHandler - INFO: Detected dialect: OSS

Aug 20, 2020 6:59:17 AM org.openqa.selenium.remote.ProtocolHandshake createSession
[MASTER] 14:59:17.055 [Thread-3] ERROR ExternalProcessHandler - Aug 20, 2020 6:59:17 AM org.openqa.selenium.remote.ProtocolHandshake createSession

INFO: Detected dialect: OSS
[MASTER] 14:59:17.055 [Thread-3] ERROR ExternalProcessHandler - INFO: Detected dialect: OSS

Aug 20, 2020 6:59:18 AM org.openqa.selenium.remote.ProtocolHandshake createSession
[MASTER] 14:59:18.044 [Thread-3] ERROR ExternalProcessHandler - Aug 20, 2020 6:59:18 AM org.openqa.selenium.remote.ProtocolHandshake createSession

INFO: Detected dialect: OSS
[MASTER] 14:59:18.044 [Thread-3] ERROR ExternalProcessHandler - INFO: Detected dialect: OSS

Aug 20, 2020 6:59:19 AM org.openqa.selenium.remote.ProtocolHandshake createSession
[MASTER] 14:59:19.053 [Thread-3] ERROR ExternalProcessHandler - Aug 20, 2020 6:59:19 AM org.openqa.selenium.remote.ProtocolHandshake createSession

INFO: Detected dialect: OSS
[MASTER] 14:59:19.053 [Thread-3] ERROR ExternalProcessHandler - INFO: Detected dialect: OSS

Aug 20, 2020 6:59:19 AM org.openqa.selenium.remote.ProtocolHandshake createSession
[MASTER] 14:59:19.943 [Thread-3] ERROR ExternalProcessHandler - Aug 20, 2020 6:59:19 AM org.openqa.selenium.remote.ProtocolHandshake createSession

INFO: Detected dialect: OSS
[MASTER] 14:59:19.944 [Thread-3] ERROR ExternalProcessHandler - INFO: Detected dialect: OSS

Aug 20, 2020 6:59:21 AM org.openqa.selenium.remote.ProtocolHandshake createSession
[MASTER] 14:59:21.584 [Thread-3] ERROR ExternalProcessHandler - Aug 20, 2020 6:59:21 AM org.openqa.selenium.remote.ProtocolHandshake createSession

INFO: Detected dialect: OSS
[MASTER] 14:59:21.585 [Thread-3] ERROR ExternalProcessHandler - INFO: Detected dialect: OSS

Aug 20, 2020 6:59:23 AM org.openqa.selenium.remote.ProtocolHandshake createSession
[MASTER] 14:59:23.591 [Thread-3] ERROR ExternalProcessHandler - Aug 20, 2020 6:59:23 AM org.openqa.selenium.remote.ProtocolHandshake createSession

INFO: Detected dialect: OSS
[MASTER] 14:59:23.591 [Thread-3] ERROR ExternalProcessHandler - INFO: Detected dialect: OSS

Aug 20, 2020 6:59:28 AM org.openqa.selenium.remote.ProtocolHandshake createSession
[MASTER] 14:59:28.528 [Thread-3] ERROR ExternalProcessHandler - Aug 20, 2020 6:59:28 AM org.openqa.selenium.remote.ProtocolHandshake createSession

INFO: Detected dialect: OSS
[MASTER] 14:59:28.528 [Thread-3] ERROR ExternalProcessHandler - INFO: Detected dialect: OSS

Aug 20, 2020 6:59:36 AM org.openqa.selenium.remote.ProtocolHandshake createSession
[MASTER] 14:59:36.377 [Thread-3] ERROR ExternalProcessHandler - Aug 20, 2020 6:59:36 AM org.openqa.selenium.remote.ProtocolHandshake createSession

INFO: Detected dialect: OSS
[MASTER] 14:59:36.377 [Thread-3] ERROR ExternalProcessHandler - INFO: Detected dialect: OSS

[MASTER] 14:59:46.885 [logback-2] ERROR TestCaseExecutor - TG: Exception caught: 
java.lang.IllegalStateException: Test generation failed: page object bug.
	at org.evosuite.testcase.execution.TestCaseExecutor.runTest(TestCaseExecutor.java:322) ~[evosuite-client-1.0.4-SNAPSHOT.jar:na]
	at org.evosuite.testcase.TestFitnessFunction.runTest(TestFitnessFunction.java:91) [evosuite-client-1.0.4-SNAPSHOT.jar:na]
	at org.evosuite.testcase.TestFitnessFunction.getFitness(TestFitnessFunction.java:60) [evosuite-client-1.0.4-SNAPSHOT.jar:na]
	at org.evosuite.testcase.TestFitnessFunction.getFitness(TestFitnessFunction.java:34) [evosuite-client-1.0.4-SNAPSHOT.jar:na]
	at org.evosuite.ga.metaheuristics.mosa.MOSA.calculateFitness(MOSA.java:155) [evosuite-client-1.0.4-SNAPSHOT.jar:na]
	at org.evosuite.ga.metaheuristics.mosa.AbstractMOSA.breedNextGeneration(AbstractMOSA.java:144) [evosuite-client-1.0.4-SNAPSHOT.jar:na]
	at org.evosuite.ga.metaheuristics.mosa.MOSA.evolve(MOSA.java:89) [evosuite-client-1.0.4-SNAPSHOT.jar:na]
	at org.evosuite.ga.metaheuristics.mosa.MOSA.generateSolution(MOSA.java:205) [evosuite-client-1.0.4-SNAPSHOT.jar:na]
	at org.evosuite.strategy.MOSuiteStrategy.generateTests(MOSuiteStrategy.java:127) [evosuite-client-1.0.4-SNAPSHOT.jar:na]
	at org.evosuite.TestSuiteGenerator.generateTests(TestSuiteGenerator.java:654) [evosuite-client-1.0.4-SNAPSHOT.jar:na]
	at org.evosuite.TestSuiteGenerator.generateTestSuite(TestSuiteGenerator.java:213) [evosuite-client-1.0.4-SNAPSHOT.jar:na]
	at org.evosuite.rmi.service.ClientNodeImpl$1.run(ClientNodeImpl.java:145) [evosuite-client-1.0.4-SNAPSHOT.jar:na]
	at java.util.concurrent.Executors$RunnableAdapter.call(Executors.java:511) [na:1.8.0_265]
	at java.util.concurrent.FutureTask.run(FutureTask.java:266) [na:1.8.0_265]
	at java.util.concurrent.ThreadPoolExecutor.runWorker(ThreadPoolExecutor.java:1149) [na:1.8.0_265]
	at java.util.concurrent.ThreadPoolExecutor$Worker.run(ThreadPoolExecutor.java:624) [na:1.8.0_265]
	at java.lang.Thread.run(Thread.java:748) [na:1.8.0_265]
Aug 20, 2020 6:59:47 AM org.openqa.selenium.remote.ProtocolHandshake createSession
[MASTER] 14:59:47.069 [Thread-3] ERROR ExternalProcessHandler - Aug 20, 2020 6:59:47 AM org.openqa.selenium.remote.ProtocolHandshake createSession

INFO: Detected dialect: OSS
[MASTER] 14:59:47.069 [Thread-3] ERROR ExternalProcessHandler - INFO: Detected dialect: OSS

Aug 20, 2020 6:59:48 AM po_utils.PageObjectLogging logInfo
[MASTER] 14:59:48.945 [Thread-3] ERROR ExternalProcessHandler - Aug 20, 2020 6:59:48 AM po_utils.PageObjectLogging logInfo

INFO: waitForElementBeingPresentOnPage timeout exception: unable to locate the element By.xpath: //button[text()="Create a new session"]
[MASTER] 14:59:48.946 [Thread-3] ERROR ExternalProcessHandler - INFO: waitForElementBeingPresentOnPage timeout exception: unable to locate the element By.xpath: //button[text()="Create a new session"]


[MASTER] 14:59:48.946 [Thread-3] ERROR ExternalProcessHandler - 


[MASTER] 14:59:48.946 [Thread-3] ERROR ExternalProcessHandler - 

Aug 20, 2020 6:59:49 AM org.openqa.selenium.remote.ProtocolHandshake createSession
[MASTER] 14:59:49.305 [Thread-3] ERROR ExternalProcessHandler - Aug 20, 2020 6:59:49 AM org.openqa.selenium.remote.ProtocolHandshake createSession

INFO: Detected dialect: OSS
[MASTER] 14:59:49.306 [Thread-3] ERROR ExternalProcessHandler - INFO: Detected dialect: OSS

Aug 20, 2020 6:59:52 AM org.openqa.selenium.remote.ProtocolHandshake createSession
[MASTER] 14:59:52.074 [Thread-3] ERROR ExternalProcessHandler - Aug 20, 2020 6:59:52 AM org.openqa.selenium.remote.ProtocolHandshake createSession

INFO: Detected dialect: OSS
[MASTER] 14:59:52.074 [Thread-3] ERROR ExternalProcessHandler - INFO: Detected dialect: OSS

Aug 20, 2020 7:00:01 AM org.openqa.selenium.remote.ProtocolHandshake createSession
[MASTER] 15:00:01.263 [Thread-3] ERROR ExternalProcessHandler - Aug 20, 2020 7:00:01 AM org.openqa.selenium.remote.ProtocolHandshake createSession

INFO: Detected dialect: OSS
[MASTER] 15:00:01.263 [Thread-3] ERROR ExternalProcessHandler - INFO: Detected dialect: OSS

Aug 20, 2020 7:00:16 AM org.openqa.selenium.remote.ProtocolHandshake createSession
[MASTER] 15:00:16.630 [Thread-3] ERROR ExternalProcessHandler - Aug 20, 2020 7:00:16 AM org.openqa.selenium.remote.ProtocolHandshake createSession

INFO: Detected dialect: OSS
[MASTER] 15:00:16.630 [Thread-3] ERROR ExternalProcessHandler - INFO: Detected dialect: OSS

[MASTER] 15:00:37.936 [logback-2] ERROR TestCaseExecutor - TG: Exception caught: 
java.lang.IllegalStateException: Test generation failed: page object bug.
	at org.evosuite.testcase.execution.TestCaseExecutor.runTest(TestCaseExecutor.java:322) ~[evosuite-client-1.0.4-SNAPSHOT.jar:na]
	at org.evosuite.testcase.TestFitnessFunction.runTest(TestFitnessFunction.java:91) [evosuite-client-1.0.4-SNAPSHOT.jar:na]
	at org.evosuite.testcase.TestFitnessFunction.getFitness(TestFitnessFunction.java:60) [evosuite-client-1.0.4-SNAPSHOT.jar:na]
	at org.evosuite.testcase.TestFitnessFunction.getFitness(TestFitnessFunction.java:34) [evosuite-client-1.0.4-SNAPSHOT.jar:na]
	at org.evosuite.ga.metaheuristics.mosa.MOSA.calculateFitness(MOSA.java:155) [evosuite-client-1.0.4-SNAPSHOT.jar:na]
	at org.evosuite.ga.metaheuristics.mosa.AbstractMOSA.breedNextGeneration(AbstractMOSA.java:144) [evosuite-client-1.0.4-SNAPSHOT.jar:na]
	at org.evosuite.ga.metaheuristics.mosa.MOSA.evolve(MOSA.java:89) [evosuite-client-1.0.4-SNAPSHOT.jar:na]
	at org.evosuite.ga.metaheuristics.mosa.MOSA.generateSolution(MOSA.java:205) [evosuite-client-1.0.4-SNAPSHOT.jar:na]
	at org.evosuite.strategy.MOSuiteStrategy.generateTests(MOSuiteStrategy.java:127) [evosuite-client-1.0.4-SNAPSHOT.jar:na]
	at org.evosuite.TestSuiteGenerator.generateTests(TestSuiteGenerator.java:654) [evosuite-client-1.0.4-SNAPSHOT.jar:na]
	at org.evosuite.TestSuiteGenerator.generateTestSuite(TestSuiteGenerator.java:213) [evosuite-client-1.0.4-SNAPSHOT.jar:na]
	at org.evosuite.rmi.service.ClientNodeImpl$1.run(ClientNodeImpl.java:145) [evosuite-client-1.0.4-SNAPSHOT.jar:na]
	at java.util.concurrent.Executors$RunnableAdapter.call(Executors.java:511) [na:1.8.0_265]
	at java.util.concurrent.FutureTask.run(FutureTask.java:266) [na:1.8.0_265]
	at java.util.concurrent.ThreadPoolExecutor.runWorker(ThreadPoolExecutor.java:1149) [na:1.8.0_265]
	at java.util.concurrent.ThreadPoolExecutor$Worker.run(ThreadPoolExecutor.java:624) [na:1.8.0_265]
	at java.lang.Thread.run(Thread.java:748) [na:1.8.0_265]
Aug 20, 2020 7:00:38 AM org.openqa.selenium.remote.ProtocolHandshake createSession
[MASTER] 15:00:38.130 [Thread-3] ERROR ExternalProcessHandler - Aug 20, 2020 7:00:38 AM org.openqa.selenium.remote.ProtocolHandshake createSession

INFO: Detected dialect: OSS
[MASTER] 15:00:38.130 [Thread-3] ERROR ExternalProcessHandler - INFO: Detected dialect: OSS

Aug 20, 2020 7:00:39 AM org.openqa.selenium.remote.ProtocolHandshake createSession
[MASTER] 15:00:39.056 [Thread-3] ERROR ExternalProcessHandler - Aug 20, 2020 7:00:39 AM org.openqa.selenium.remote.ProtocolHandshake createSession

INFO: Detected dialect: OSS
[MASTER] 15:00:39.056 [Thread-3] ERROR ExternalProcessHandler - INFO: Detected dialect: OSS

Aug 20, 2020 7:00:41 AM org.openqa.selenium.remote.ProtocolHandshake createSession
[MASTER] 15:00:41.755 [Thread-3] ERROR ExternalProcessHandler - Aug 20, 2020 7:00:41 AM org.openqa.selenium.remote.ProtocolHandshake createSession

INFO: Detected dialect: OSS
[MASTER] 15:00:41.755 [Thread-3] ERROR ExternalProcessHandler - INFO: Detected dialect: OSS

Aug 20, 2020 7:00:46 AM org.openqa.selenium.remote.ProtocolHandshake createSession
[MASTER] 15:00:46.062 [Thread-3] ERROR ExternalProcessHandler - Aug 20, 2020 7:00:46 AM org.openqa.selenium.remote.ProtocolHandshake createSession

INFO: Detected dialect: OSS
[MASTER] 15:00:46.062 [Thread-3] ERROR ExternalProcessHandler - INFO: Detected dialect: OSS

Aug 20, 2020 7:00:47 AM org.openqa.selenium.remote.ProtocolHandshake createSession
[MASTER] 15:00:47.246 [Thread-3] ERROR ExternalProcessHandler - Aug 20, 2020 7:00:47 AM org.openqa.selenium.remote.ProtocolHandshake createSession

INFO: Detected dialect: OSS
[MASTER] 15:00:47.247 [Thread-3] ERROR ExternalProcessHandler - INFO: Detected dialect: OSS

Aug 20, 2020 7:00:48 AM org.openqa.selenium.remote.ProtocolHandshake createSession
[MASTER] 15:00:48.416 [Thread-3] ERROR ExternalProcessHandler - Aug 20, 2020 7:00:48 AM org.openqa.selenium.remote.ProtocolHandshake createSession

INFO: Detected dialect: OSS
[MASTER] 15:00:48.416 [Thread-3] ERROR ExternalProcessHandler - INFO: Detected dialect: OSS

Aug 20, 2020 7:00:52 AM org.openqa.selenium.remote.ProtocolHandshake createSession
[MASTER] 15:00:52.743 [Thread-3] ERROR ExternalProcessHandler - Aug 20, 2020 7:00:52 AM org.openqa.selenium.remote.ProtocolHandshake createSession

INFO: Detected dialect: OSS
[MASTER] 15:00:52.743 [Thread-3] ERROR ExternalProcessHandler - INFO: Detected dialect: OSS

Aug 20, 2020 7:01:00 AM org.openqa.selenium.remote.ProtocolHandshake createSession
[MASTER] 15:01:00.566 [Thread-3] ERROR ExternalProcessHandler - Aug 20, 2020 7:01:00 AM org.openqa.selenium.remote.ProtocolHandshake createSession

INFO: Detected dialect: OSS
[MASTER] 15:01:00.566 [Thread-3] ERROR ExternalProcessHandler - INFO: Detected dialect: OSS

Aug 20, 2020 7:01:11 AM org.openqa.selenium.remote.ProtocolHandshake createSession
[MASTER] 15:01:11.906 [Thread-3] ERROR ExternalProcessHandler - Aug 20, 2020 7:01:11 AM org.openqa.selenium.remote.ProtocolHandshake createSession

INFO: Detected dialect: OSS
[MASTER] 15:01:11.906 [Thread-3] ERROR ExternalProcessHandler - INFO: Detected dialect: OSS

[MASTER] 15:01:26.459 [logback-2] ERROR TestCaseExecutor - TG: Exception caught: 
java.lang.IllegalStateException: Test generation failed: page object bug.
	at org.evosuite.testcase.execution.TestCaseExecutor.runTest(TestCaseExecutor.java:322) ~[evosuite-client-1.0.4-SNAPSHOT.jar:na]
	at org.evosuite.testcase.TestFitnessFunction.runTest(TestFitnessFunction.java:91) [evosuite-client-1.0.4-SNAPSHOT.jar:na]
	at org.evosuite.testcase.TestFitnessFunction.getFitness(TestFitnessFunction.java:60) [evosuite-client-1.0.4-SNAPSHOT.jar:na]
	at org.evosuite.testcase.TestFitnessFunction.getFitness(TestFitnessFunction.java:34) [evosuite-client-1.0.4-SNAPSHOT.jar:na]
	at org.evosuite.ga.metaheuristics.mosa.MOSA.calculateFitness(MOSA.java:155) [evosuite-client-1.0.4-SNAPSHOT.jar:na]
	at org.evosuite.ga.metaheuristics.mosa.AbstractMOSA.breedNextGeneration(AbstractMOSA.java:144) [evosuite-client-1.0.4-SNAPSHOT.jar:na]
	at org.evosuite.ga.metaheuristics.mosa.MOSA.evolve(MOSA.java:89) [evosuite-client-1.0.4-SNAPSHOT.jar:na]
	at org.evosuite.ga.metaheuristics.mosa.MOSA.generateSolution(MOSA.java:205) [evosuite-client-1.0.4-SNAPSHOT.jar:na]
	at org.evosuite.strategy.MOSuiteStrategy.generateTests(MOSuiteStrategy.java:127) [evosuite-client-1.0.4-SNAPSHOT.jar:na]
	at org.evosuite.TestSuiteGenerator.generateTests(TestSuiteGenerator.java:654) [evosuite-client-1.0.4-SNAPSHOT.jar:na]
	at org.evosuite.TestSuiteGenerator.generateTestSuite(TestSuiteGenerator.java:213) [evosuite-client-1.0.4-SNAPSHOT.jar:na]
	at org.evosuite.rmi.service.ClientNodeImpl$1.run(ClientNodeImpl.java:145) [evosuite-client-1.0.4-SNAPSHOT.jar:na]
	at java.util.concurrent.Executors$RunnableAdapter.call(Executors.java:511) [na:1.8.0_265]
	at java.util.concurrent.FutureTask.run(FutureTask.java:266) [na:1.8.0_265]
	at java.util.concurrent.ThreadPoolExecutor.runWorker(ThreadPoolExecutor.java:1149) [na:1.8.0_265]
	at java.util.concurrent.ThreadPoolExecutor$Worker.run(ThreadPoolExecutor.java:624) [na:1.8.0_265]
	at java.lang.Thread.run(Thread.java:748) [na:1.8.0_265]
Aug 20, 2020 7:01:26 AM org.openqa.selenium.remote.ProtocolHandshake createSession
[MASTER] 15:01:26.651 [Thread-3] ERROR ExternalProcessHandler - Aug 20, 2020 7:01:26 AM org.openqa.selenium.remote.ProtocolHandshake createSession

INFO: Detected dialect: OSS
[MASTER] 15:01:26.651 [Thread-3] ERROR ExternalProcessHandler - INFO: Detected dialect: OSS

Aug 20, 2020 7:01:30 AM org.openqa.selenium.remote.ProtocolHandshake createSession
[MASTER] 15:01:30.001 [Thread-3] ERROR ExternalProcessHandler - Aug 20, 2020 7:01:30 AM org.openqa.selenium.remote.ProtocolHandshake createSession

INFO: Detected dialect: OSS
[MASTER] 15:01:30.002 [Thread-3] ERROR ExternalProcessHandler - INFO: Detected dialect: OSS

Aug 20, 2020 7:01:41 AM org.openqa.selenium.remote.ProtocolHandshake createSession
[MASTER] 15:01:41.230 [Thread-3] ERROR ExternalProcessHandler - Aug 20, 2020 7:01:41 AM org.openqa.selenium.remote.ProtocolHandshake createSession

INFO: Detected dialect: OSS
[MASTER] 15:01:41.230 [Thread-3] ERROR ExternalProcessHandler - INFO: Detected dialect: OSS

Aug 20, 2020 7:02:00 AM org.openqa.selenium.remote.ProtocolHandshake createSession
[MASTER] 15:02:00.078 [Thread-3] ERROR ExternalProcessHandler - Aug 20, 2020 7:02:00 AM org.openqa.selenium.remote.ProtocolHandshake createSession

INFO: Detected dialect: OSS
[MASTER] 15:02:00.078 [Thread-3] ERROR ExternalProcessHandler - INFO: Detected dialect: OSS

[MASTER] 15:02:26.611 [logback-2] ERROR TestCaseExecutor - TG: Exception caught: 
java.lang.IllegalStateException: Test generation failed: page object bug.
	at org.evosuite.testcase.execution.TestCaseExecutor.runTest(TestCaseExecutor.java:322) ~[evosuite-client-1.0.4-SNAPSHOT.jar:na]
	at org.evosuite.testcase.TestFitnessFunction.runTest(TestFitnessFunction.java:91) [evosuite-client-1.0.4-SNAPSHOT.jar:na]
	at org.evosuite.testcase.TestFitnessFunction.getFitness(TestFitnessFunction.java:60) [evosuite-client-1.0.4-SNAPSHOT.jar:na]
	at org.evosuite.testcase.TestFitnessFunction.getFitness(TestFitnessFunction.java:34) [evosuite-client-1.0.4-SNAPSHOT.jar:na]
	at org.evosuite.ga.metaheuristics.mosa.MOSA.calculateFitness(MOSA.java:155) [evosuite-client-1.0.4-SNAPSHOT.jar:na]
	at org.evosuite.ga.metaheuristics.mosa.AbstractMOSA.breedNextGeneration(AbstractMOSA.java:153) [evosuite-client-1.0.4-SNAPSHOT.jar:na]
	at org.evosuite.ga.metaheuristics.mosa.MOSA.evolve(MOSA.java:89) [evosuite-client-1.0.4-SNAPSHOT.jar:na]
	at org.evosuite.ga.metaheuristics.mosa.MOSA.generateSolution(MOSA.java:205) [evosuite-client-1.0.4-SNAPSHOT.jar:na]
	at org.evosuite.strategy.MOSuiteStrategy.generateTests(MOSuiteStrategy.java:127) [evosuite-client-1.0.4-SNAPSHOT.jar:na]
	at org.evosuite.TestSuiteGenerator.generateTests(TestSuiteGenerator.java:654) [evosuite-client-1.0.4-SNAPSHOT.jar:na]
	at org.evosuite.TestSuiteGenerator.generateTestSuite(TestSuiteGenerator.java:213) [evosuite-client-1.0.4-SNAPSHOT.jar:na]
	at org.evosuite.rmi.service.ClientNodeImpl$1.run(ClientNodeImpl.java:145) [evosuite-client-1.0.4-SNAPSHOT.jar:na]
	at java.util.concurrent.Executors$RunnableAdapter.call(Executors.java:511) [na:1.8.0_265]
	at java.util.concurrent.FutureTask.run(FutureTask.java:266) [na:1.8.0_265]
	at java.util.concurrent.ThreadPoolExecutor.runWorker(ThreadPoolExecutor.java:1149) [na:1.8.0_265]
	at java.util.concurrent.ThreadPoolExecutor$Worker.run(ThreadPoolExecutor.java:624) [na:1.8.0_265]
	at java.lang.Thread.run(Thread.java:748) [na:1.8.0_265]
Aug 20, 2020 7:02:26 AM org.openqa.selenium.remote.ProtocolHandshake createSession
[MASTER] 15:02:26.752 [Thread-3] ERROR ExternalProcessHandler - Aug 20, 2020 7:02:26 AM org.openqa.selenium.remote.ProtocolHandshake createSession

INFO: Detected dialect: OSS
[MASTER] 15:02:26.753 [Thread-3] ERROR ExternalProcessHandler - INFO: Detected dialect: OSS

Aug 20, 2020 7:02:30 AM org.openqa.selenium.remote.ProtocolHandshake createSession
[MASTER] 15:02:30.513 [Thread-3] ERROR ExternalProcessHandler - Aug 20, 2020 7:02:30 AM org.openqa.selenium.remote.ProtocolHandshake createSession

INFO: Detected dialect: OSS
[MASTER] 15:02:30.513 [Thread-3] ERROR ExternalProcessHandler - INFO: Detected dialect: OSS

Aug 20, 2020 7:02:37 AM org.openqa.selenium.remote.ProtocolHandshake createSession
[MASTER] 15:02:37.279 [Thread-3] ERROR ExternalProcessHandler - Aug 20, 2020 7:02:37 AM org.openqa.selenium.remote.ProtocolHandshake createSession

INFO: Detected dialect: OSS
[MASTER] 15:02:37.279 [Thread-3] ERROR ExternalProcessHandler - INFO: Detected dialect: OSS

Aug 20, 2020 7:02:46 AM org.openqa.selenium.remote.ProtocolHandshake createSession
[MASTER] 15:02:46.778 [Thread-3] ERROR ExternalProcessHandler - Aug 20, 2020 7:02:46 AM org.openqa.selenium.remote.ProtocolHandshake createSession

INFO: Detected dialect: OSS
[MASTER] 15:02:46.779 [Thread-3] ERROR ExternalProcessHandler - INFO: Detected dialect: OSS

[MASTER] 15:02:59.042 [logback-2] ERROR TestCaseExecutor - TG: Exception caught: 
java.lang.IllegalStateException: Test generation failed: page object bug.
	at org.evosuite.testcase.execution.TestCaseExecutor.runTest(TestCaseExecutor.java:322) ~[evosuite-client-1.0.4-SNAPSHOT.jar:na]
	at org.evosuite.testcase.TestFitnessFunction.runTest(TestFitnessFunction.java:91) [evosuite-client-1.0.4-SNAPSHOT.jar:na]
	at org.evosuite.testcase.TestFitnessFunction.getFitness(TestFitnessFunction.java:60) [evosuite-client-1.0.4-SNAPSHOT.jar:na]
	at org.evosuite.testcase.TestFitnessFunction.getFitness(TestFitnessFunction.java:34) [evosuite-client-1.0.4-SNAPSHOT.jar:na]
	at org.evosuite.ga.metaheuristics.mosa.MOSA.calculateFitness(MOSA.java:155) [evosuite-client-1.0.4-SNAPSHOT.jar:na]
	at org.evosuite.ga.metaheuristics.mosa.AbstractMOSA.breedNextGeneration(AbstractMOSA.java:144) [evosuite-client-1.0.4-SNAPSHOT.jar:na]
	at org.evosuite.ga.metaheuristics.mosa.MOSA.evolve(MOSA.java:89) [evosuite-client-1.0.4-SNAPSHOT.jar:na]
	at org.evosuite.ga.metaheuristics.mosa.MOSA.generateSolution(MOSA.java:205) [evosuite-client-1.0.4-SNAPSHOT.jar:na]
	at org.evosuite.strategy.MOSuiteStrategy.generateTests(MOSuiteStrategy.java:127) [evosuite-client-1.0.4-SNAPSHOT.jar:na]
	at org.evosuite.TestSuiteGenerator.generateTests(TestSuiteGenerator.java:654) [evosuite-client-1.0.4-SNAPSHOT.jar:na]
	at org.evosuite.TestSuiteGenerator.generateTestSuite(TestSuiteGenerator.java:213) [evosuite-client-1.0.4-SNAPSHOT.jar:na]
	at org.evosuite.rmi.service.ClientNodeImpl$1.run(ClientNodeImpl.java:145) [evosuite-client-1.0.4-SNAPSHOT.jar:na]
	at java.util.concurrent.Executors$RunnableAdapter.call(Executors.java:511) [na:1.8.0_265]
	at java.util.concurrent.FutureTask.run(FutureTask.java:266) [na:1.8.0_265]
	at java.util.concurrent.ThreadPoolExecutor.runWorker(ThreadPoolExecutor.java:1149) [na:1.8.0_265]
	at java.util.concurrent.ThreadPoolExecutor$Worker.run(ThreadPoolExecutor.java:624) [na:1.8.0_265]
	at java.lang.Thread.run(Thread.java:748) [na:1.8.0_265]
Aug 20, 2020 7:02:59 AM org.openqa.selenium.remote.ProtocolHandshake createSession
[MASTER] 15:02:59.231 [Thread-3] ERROR ExternalProcessHandler - Aug 20, 2020 7:02:59 AM org.openqa.selenium.remote.ProtocolHandshake createSession

INFO: Detected dialect: OSS
[MASTER] 15:02:59.231 [Thread-3] ERROR ExternalProcessHandler - INFO: Detected dialect: OSS

Aug 20, 2020 7:03:00 AM org.openqa.selenium.remote.ProtocolHandshake createSession
[MASTER] 15:03:00.654 [Thread-3] ERROR ExternalProcessHandler - Aug 20, 2020 7:03:00 AM org.openqa.selenium.remote.ProtocolHandshake createSession

INFO: Detected dialect: OSS
[MASTER] 15:03:00.654 [Thread-3] ERROR ExternalProcessHandler - INFO: Detected dialect: OSS

Aug 20, 2020 7:03:02 AM po_utils.PageObjectLogging logInfo
[MASTER] 15:03:02.828 [Thread-3] ERROR ExternalProcessHandler - Aug 20, 2020 7:03:02 AM po_utils.PageObjectLogging logInfo

INFO: waitForElementBeingPresentOnPage timeout exception: unable to locate the element By.xpath: //button[text()="Create a new session"]
[MASTER] 15:03:02.829 [Thread-3] ERROR ExternalProcessHandler - INFO: waitForElementBeingPresentOnPage timeout exception: unable to locate the element By.xpath: //button[text()="Create a new session"]


[MASTER] 15:03:02.829 [Thread-3] ERROR ExternalProcessHandler - 


[MASTER] 15:03:02.829 [Thread-3] ERROR ExternalProcessHandler - 

Aug 20, 2020 7:03:04 AM org.openqa.selenium.remote.ProtocolHandshake createSession
[MASTER] 15:03:04.137 [Thread-3] ERROR ExternalProcessHandler - Aug 20, 2020 7:03:04 AM org.openqa.selenium.remote.ProtocolHandshake createSession

INFO: Detected dialect: OSS
[MASTER] 15:03:04.138 [Thread-3] ERROR ExternalProcessHandler - INFO: Detected dialect: OSS

Aug 20, 2020 7:03:07 AM po_utils.PageObjectLogging logInfo
[MASTER] 15:03:07.883 [Thread-3] ERROR ExternalProcessHandler - Aug 20, 2020 7:03:07 AM po_utils.PageObjectLogging logInfo

INFO: waitForElementBeingPresentOnPage timeout exception: unable to locate the element By.xpath: //button[text()="Create a new session"]
[MASTER] 15:03:07.884 [Thread-3] ERROR ExternalProcessHandler - INFO: waitForElementBeingPresentOnPage timeout exception: unable to locate the element By.xpath: //button[text()="Create a new session"]


[MASTER] 15:03:07.884 [Thread-3] ERROR ExternalProcessHandler - 


[MASTER] 15:03:07.884 [Thread-3] ERROR ExternalProcessHandler - 

Aug 20, 2020 7:03:12 AM org.openqa.selenium.remote.ProtocolHandshake createSession
[MASTER] 15:03:12.705 [Thread-3] ERROR ExternalProcessHandler - Aug 20, 2020 7:03:12 AM org.openqa.selenium.remote.ProtocolHandshake createSession

INFO: Detected dialect: OSS
[MASTER] 15:03:12.705 [Thread-3] ERROR ExternalProcessHandler - INFO: Detected dialect: OSS

Aug 20, 2020 7:03:18 AM po_utils.PageObjectLogging logInfo
[MASTER] 15:03:18.109 [Thread-3] ERROR ExternalProcessHandler - Aug 20, 2020 7:03:18 AM po_utils.PageObjectLogging logInfo

INFO: waitForElementBeingPresentOnPage timeout exception: unable to locate the element By.xpath: //button[text()="Create a new session"]
[MASTER] 15:03:18.110 [Thread-3] ERROR ExternalProcessHandler - INFO: waitForElementBeingPresentOnPage timeout exception: unable to locate the element By.xpath: //button[text()="Create a new session"]


[MASTER] 15:03:18.110 [Thread-3] ERROR ExternalProcessHandler - 


[MASTER] 15:03:18.110 [Thread-3] ERROR ExternalProcessHandler - 

Aug 20, 2020 7:03:26 AM org.openqa.selenium.remote.ProtocolHandshake createSession
[MASTER] 15:03:26.379 [Thread-3] ERROR ExternalProcessHandler - Aug 20, 2020 7:03:26 AM org.openqa.selenium.remote.ProtocolHandshake createSession

INFO: Detected dialect: OSS
[MASTER] 15:03:26.379 [Thread-3] ERROR ExternalProcessHandler - INFO: Detected dialect: OSS

Aug 20, 2020 7:03:33 AM po_utils.PageObjectLogging logInfo
[MASTER] 15:03:33.504 [Thread-3] ERROR ExternalProcessHandler - Aug 20, 2020 7:03:33 AM po_utils.PageObjectLogging logInfo

INFO: waitForElementBeingPresentOnPage timeout exception: unable to locate the element By.xpath: //button[text()="Create a new session"]
[MASTER] 15:03:33.505 [Thread-3] ERROR ExternalProcessHandler - INFO: waitForElementBeingPresentOnPage timeout exception: unable to locate the element By.xpath: //button[text()="Create a new session"]


[MASTER] 15:03:33.505 [Thread-3] ERROR ExternalProcessHandler - 


[MASTER] 15:03:33.505 [Thread-3] ERROR ExternalProcessHandler - 

[MASTER] 15:03:45.158 [logback-2] ERROR TestCaseExecutor - TG: Exception caught: 
java.lang.IllegalStateException: Test generation failed: page object bug.
	at org.evosuite.testcase.execution.TestCaseExecutor.runTest(TestCaseExecutor.java:322) ~[evosuite-client-1.0.4-SNAPSHOT.jar:na]
	at org.evosuite.testcase.TestFitnessFunction.runTest(TestFitnessFunction.java:91) [evosuite-client-1.0.4-SNAPSHOT.jar:na]
	at org.evosuite.testcase.TestFitnessFunction.getFitness(TestFitnessFunction.java:60) [evosuite-client-1.0.4-SNAPSHOT.jar:na]
	at org.evosuite.testcase.TestFitnessFunction.getFitness(TestFitnessFunction.java:34) [evosuite-client-1.0.4-SNAPSHOT.jar:na]
	at org.evosuite.ga.metaheuristics.mosa.MOSA.calculateFitness(MOSA.java:155) [evosuite-client-1.0.4-SNAPSHOT.jar:na]
	at org.evosuite.ga.metaheuristics.mosa.AbstractMOSA.breedNextGeneration(AbstractMOSA.java:153) [evosuite-client-1.0.4-SNAPSHOT.jar:na]
	at org.evosuite.ga.metaheuristics.mosa.MOSA.evolve(MOSA.java:89) [evosuite-client-1.0.4-SNAPSHOT.jar:na]
	at org.evosuite.ga.metaheuristics.mosa.MOSA.generateSolution(MOSA.java:205) [evosuite-client-1.0.4-SNAPSHOT.jar:na]
	at org.evosuite.strategy.MOSuiteStrategy.generateTests(MOSuiteStrategy.java:127) [evosuite-client-1.0.4-SNAPSHOT.jar:na]
	at org.evosuite.TestSuiteGenerator.generateTests(TestSuiteGenerator.java:654) [evosuite-client-1.0.4-SNAPSHOT.jar:na]
	at org.evosuite.TestSuiteGenerator.generateTestSuite(TestSuiteGenerator.java:213) [evosuite-client-1.0.4-SNAPSHOT.jar:na]
	at org.evosuite.rmi.service.ClientNodeImpl$1.run(ClientNodeImpl.java:145) [evosuite-client-1.0.4-SNAPSHOT.jar:na]
	at java.util.concurrent.Executors$RunnableAdapter.call(Executors.java:511) [na:1.8.0_265]
	at java.util.concurrent.FutureTask.run(FutureTask.java:266) [na:1.8.0_265]
	at java.util.concurrent.ThreadPoolExecutor.runWorker(ThreadPoolExecutor.java:1149) [na:1.8.0_265]
	at java.util.concurrent.ThreadPoolExecutor$Worker.run(ThreadPoolExecutor.java:624) [na:1.8.0_265]
	at java.lang.Thread.run(Thread.java:748) [na:1.8.0_265]
Aug 20, 2020 7:03:45 AM org.openqa.selenium.remote.ProtocolHandshake createSession
[MASTER] 15:03:45.328 [Thread-3] ERROR ExternalProcessHandler - Aug 20, 2020 7:03:45 AM org.openqa.selenium.remote.ProtocolHandshake createSession

INFO: Detected dialect: OSS
[MASTER] 15:03:45.328 [Thread-3] ERROR ExternalProcessHandler - INFO: Detected dialect: OSS

Aug 20, 2020 7:03:47 AM org.openqa.selenium.remote.ProtocolHandshake createSession
[MASTER] 15:03:47.739 [Thread-3] ERROR ExternalProcessHandler - Aug 20, 2020 7:03:47 AM org.openqa.selenium.remote.ProtocolHandshake createSession

INFO: Detected dialect: OSS
[MASTER] 15:03:47.739 [Thread-3] ERROR ExternalProcessHandler - INFO: Detected dialect: OSS

Aug 20, 2020 7:03:52 AM org.openqa.selenium.remote.ProtocolHandshake createSession
[MASTER] 15:03:52.391 [Thread-3] ERROR ExternalProcessHandler - Aug 20, 2020 7:03:52 AM org.openqa.selenium.remote.ProtocolHandshake createSession

INFO: Detected dialect: OSS
[MASTER] 15:03:52.391 [Thread-3] ERROR ExternalProcessHandler - INFO: Detected dialect: OSS

Aug 20, 2020 7:04:01 AM org.openqa.selenium.remote.ProtocolHandshake createSession
[MASTER] 15:04:01.116 [Thread-3] ERROR ExternalProcessHandler - Aug 20, 2020 7:04:01 AM org.openqa.selenium.remote.ProtocolHandshake createSession

INFO: Detected dialect: OSS
[MASTER] 15:04:01.116 [Thread-3] ERROR ExternalProcessHandler - INFO: Detected dialect: OSS

Aug 20, 2020 7:04:13 AM org.openqa.selenium.remote.ProtocolHandshake createSession
[MASTER] 15:04:13.876 [Thread-3] ERROR ExternalProcessHandler - Aug 20, 2020 7:04:13 AM org.openqa.selenium.remote.ProtocolHandshake createSession

INFO: Detected dialect: OSS
[MASTER] 15:04:13.876 [Thread-3] ERROR ExternalProcessHandler - INFO: Detected dialect: OSS

[MASTER] 15:04:30.511 [logback-2] ERROR TestCaseExecutor - TG: Exception caught: 
java.lang.IllegalStateException: Test generation failed: page object bug.
	at org.evosuite.testcase.execution.TestCaseExecutor.runTest(TestCaseExecutor.java:322) ~[evosuite-client-1.0.4-SNAPSHOT.jar:na]
	at org.evosuite.testcase.TestFitnessFunction.runTest(TestFitnessFunction.java:91) [evosuite-client-1.0.4-SNAPSHOT.jar:na]
	at org.evosuite.testcase.TestFitnessFunction.getFitness(TestFitnessFunction.java:60) [evosuite-client-1.0.4-SNAPSHOT.jar:na]
	at org.evosuite.testcase.TestFitnessFunction.getFitness(TestFitnessFunction.java:34) [evosuite-client-1.0.4-SNAPSHOT.jar:na]
	at org.evosuite.ga.metaheuristics.mosa.MOSA.calculateFitness(MOSA.java:155) [evosuite-client-1.0.4-SNAPSHOT.jar:na]
	at org.evosuite.ga.metaheuristics.mosa.AbstractMOSA.breedNextGeneration(AbstractMOSA.java:153) [evosuite-client-1.0.4-SNAPSHOT.jar:na]
	at org.evosuite.ga.metaheuristics.mosa.MOSA.evolve(MOSA.java:89) [evosuite-client-1.0.4-SNAPSHOT.jar:na]
	at org.evosuite.ga.metaheuristics.mosa.MOSA.generateSolution(MOSA.java:205) [evosuite-client-1.0.4-SNAPSHOT.jar:na]
	at org.evosuite.strategy.MOSuiteStrategy.generateTests(MOSuiteStrategy.java:127) [evosuite-client-1.0.4-SNAPSHOT.jar:na]
	at org.evosuite.TestSuiteGenerator.generateTests(TestSuiteGenerator.java:654) [evosuite-client-1.0.4-SNAPSHOT.jar:na]
	at org.evosuite.TestSuiteGenerator.generateTestSuite(TestSuiteGenerator.java:213) [evosuite-client-1.0.4-SNAPSHOT.jar:na]
	at org.evosuite.rmi.service.ClientNodeImpl$1.run(ClientNodeImpl.java:145) [evosuite-client-1.0.4-SNAPSHOT.jar:na]
	at java.util.concurrent.Executors$RunnableAdapter.call(Executors.java:511) [na:1.8.0_265]
	at java.util.concurrent.FutureTask.run(FutureTask.java:266) [na:1.8.0_265]
	at java.util.concurrent.ThreadPoolExecutor.runWorker(ThreadPoolExecutor.java:1149) [na:1.8.0_265]
	at java.util.concurrent.ThreadPoolExecutor$Worker.run(ThreadPoolExecutor.java:624) [na:1.8.0_265]
	at java.lang.Thread.run(Thread.java:748) [na:1.8.0_265]
Aug 20, 2020 7:04:30 AM org.openqa.selenium.remote.ProtocolHandshake createSession
[MASTER] 15:04:30.709 [Thread-3] ERROR ExternalProcessHandler - Aug 20, 2020 7:04:30 AM org.openqa.selenium.remote.ProtocolHandshake createSession

INFO: Detected dialect: OSS
[MASTER] 15:04:30.709 [Thread-3] ERROR ExternalProcessHandler - INFO: Detected dialect: OSS

Aug 20, 2020 7:04:33 AM org.openqa.selenium.remote.ProtocolHandshake createSession
[MASTER] 15:04:33.124 [Thread-3] ERROR ExternalProcessHandler - Aug 20, 2020 7:04:33 AM org.openqa.selenium.remote.ProtocolHandshake createSession

INFO: Detected dialect: OSS
[MASTER] 15:04:33.124 [Thread-3] ERROR ExternalProcessHandler - INFO: Detected dialect: OSS

Aug 20, 2020 7:04:39 AM org.openqa.selenium.remote.ProtocolHandshake createSession
[MASTER] 15:04:39.297 [Thread-3] ERROR ExternalProcessHandler - Aug 20, 2020 7:04:39 AM org.openqa.selenium.remote.ProtocolHandshake createSession

INFO: Detected dialect: OSS
[MASTER] 15:04:39.297 [Thread-3] ERROR ExternalProcessHandler - INFO: Detected dialect: OSS

Aug 20, 2020 7:04:49 AM org.openqa.selenium.remote.ProtocolHandshake createSession
[MASTER] 15:04:49.160 [Thread-3] ERROR ExternalProcessHandler - Aug 20, 2020 7:04:49 AM org.openqa.selenium.remote.ProtocolHandshake createSession

INFO: Detected dialect: OSS
[MASTER] 15:04:49.160 [Thread-3] ERROR ExternalProcessHandler - INFO: Detected dialect: OSS

[MASTER] 15:05:02.380 [logback-2] ERROR TestCaseExecutor - TG: Exception caught: 
java.lang.IllegalStateException: Test generation failed: page object bug.
	at org.evosuite.testcase.execution.TestCaseExecutor.runTest(TestCaseExecutor.java:322) ~[evosuite-client-1.0.4-SNAPSHOT.jar:na]
	at org.evosuite.testcase.TestFitnessFunction.runTest(TestFitnessFunction.java:91) [evosuite-client-1.0.4-SNAPSHOT.jar:na]
	at org.evosuite.testcase.TestFitnessFunction.getFitness(TestFitnessFunction.java:60) [evosuite-client-1.0.4-SNAPSHOT.jar:na]
	at org.evosuite.testcase.TestFitnessFunction.getFitness(TestFitnessFunction.java:34) [evosuite-client-1.0.4-SNAPSHOT.jar:na]
	at org.evosuite.ga.metaheuristics.mosa.MOSA.calculateFitness(MOSA.java:155) [evosuite-client-1.0.4-SNAPSHOT.jar:na]
	at org.evosuite.ga.metaheuristics.mosa.AbstractMOSA.breedNextGeneration(AbstractMOSA.java:144) [evosuite-client-1.0.4-SNAPSHOT.jar:na]
	at org.evosuite.ga.metaheuristics.mosa.MOSA.evolve(MOSA.java:89) [evosuite-client-1.0.4-SNAPSHOT.jar:na]
	at org.evosuite.ga.metaheuristics.mosa.MOSA.generateSolution(MOSA.java:205) [evosuite-client-1.0.4-SNAPSHOT.jar:na]
	at org.evosuite.strategy.MOSuiteStrategy.generateTests(MOSuiteStrategy.java:127) [evosuite-client-1.0.4-SNAPSHOT.jar:na]
	at org.evosuite.TestSuiteGenerator.generateTests(TestSuiteGenerator.java:654) [evosuite-client-1.0.4-SNAPSHOT.jar:na]
	at org.evosuite.TestSuiteGenerator.generateTestSuite(TestSuiteGenerator.java:213) [evosuite-client-1.0.4-SNAPSHOT.jar:na]
	at org.evosuite.rmi.service.ClientNodeImpl$1.run(ClientNodeImpl.java:145) [evosuite-client-1.0.4-SNAPSHOT.jar:na]
	at java.util.concurrent.Executors$RunnableAdapter.call(Executors.java:511) [na:1.8.0_265]
	at java.util.concurrent.FutureTask.run(FutureTask.java:266) [na:1.8.0_265]
	at java.util.concurrent.ThreadPoolExecutor.runWorker(ThreadPoolExecutor.java:1149) [na:1.8.0_265]
	at java.util.concurrent.ThreadPoolExecutor$Worker.run(ThreadPoolExecutor.java:624) [na:1.8.0_265]
	at java.lang.Thread.run(Thread.java:748) [na:1.8.0_265]
Aug 20, 2020 7:05:02 AM org.openqa.selenium.remote.ProtocolHandshake createSession
[MASTER] 15:05:02.561 [Thread-3] ERROR ExternalProcessHandler - Aug 20, 2020 7:05:02 AM org.openqa.selenium.remote.ProtocolHandshake createSession

INFO: Detected dialect: OSS
[MASTER] 15:05:02.561 [Thread-3] ERROR ExternalProcessHandler - INFO: Detected dialect: OSS

Aug 20, 2020 7:05:08 AM org.openqa.selenium.remote.ProtocolHandshake createSession
[MASTER] 15:05:08.127 [Thread-3] ERROR ExternalProcessHandler - Aug 20, 2020 7:05:08 AM org.openqa.selenium.remote.ProtocolHandshake createSession

INFO: Detected dialect: OSS
[MASTER] 15:05:08.127 [Thread-3] ERROR ExternalProcessHandler - INFO: Detected dialect: OSS

Aug 20, 2020 7:05:21 AM org.openqa.selenium.remote.ProtocolHandshake createSession
[MASTER] 15:05:21.089 [Thread-3] ERROR ExternalProcessHandler - Aug 20, 2020 7:05:21 AM org.openqa.selenium.remote.ProtocolHandshake createSession

INFO: Detected dialect: OSS
[MASTER] 15:05:21.089 [Thread-3] ERROR ExternalProcessHandler - INFO: Detected dialect: OSS

Aug 20, 2020 7:05:41 AM org.openqa.selenium.remote.ProtocolHandshake createSession
[MASTER] 15:05:41.215 [Thread-3] ERROR ExternalProcessHandler - Aug 20, 2020 7:05:41 AM org.openqa.selenium.remote.ProtocolHandshake createSession

INFO: Detected dialect: OSS
[MASTER] 15:05:41.215 [Thread-3] ERROR ExternalProcessHandler - INFO: Detected dialect: OSS

[MASTER] 15:06:08.429 [logback-2] ERROR TestCaseExecutor - TG: Exception caught: 
java.lang.IllegalStateException: Test generation failed: page object bug.
	at org.evosuite.testcase.execution.TestCaseExecutor.runTest(TestCaseExecutor.java:322) ~[evosuite-client-1.0.4-SNAPSHOT.jar:na]
	at org.evosuite.testcase.TestFitnessFunction.runTest(TestFitnessFunction.java:91) [evosuite-client-1.0.4-SNAPSHOT.jar:na]
	at org.evosuite.testcase.TestFitnessFunction.getFitness(TestFitnessFunction.java:60) [evosuite-client-1.0.4-SNAPSHOT.jar:na]
	at org.evosuite.testcase.TestFitnessFunction.getFitness(TestFitnessFunction.java:34) [evosuite-client-1.0.4-SNAPSHOT.jar:na]
	at org.evosuite.ga.metaheuristics.mosa.MOSA.calculateFitness(MOSA.java:155) [evosuite-client-1.0.4-SNAPSHOT.jar:na]
	at org.evosuite.ga.metaheuristics.mosa.AbstractMOSA.breedNextGeneration(AbstractMOSA.java:153) [evosuite-client-1.0.4-SNAPSHOT.jar:na]
	at org.evosuite.ga.metaheuristics.mosa.MOSA.evolve(MOSA.java:89) [evosuite-client-1.0.4-SNAPSHOT.jar:na]
	at org.evosuite.ga.metaheuristics.mosa.MOSA.generateSolution(MOSA.java:205) [evosuite-client-1.0.4-SNAPSHOT.jar:na]
	at org.evosuite.strategy.MOSuiteStrategy.generateTests(MOSuiteStrategy.java:127) [evosuite-client-1.0.4-SNAPSHOT.jar:na]
	at org.evosuite.TestSuiteGenerator.generateTests(TestSuiteGenerator.java:654) [evosuite-client-1.0.4-SNAPSHOT.jar:na]
	at org.evosuite.TestSuiteGenerator.generateTestSuite(TestSuiteGenerator.java:213) [evosuite-client-1.0.4-SNAPSHOT.jar:na]
	at org.evosuite.rmi.service.ClientNodeImpl$1.run(ClientNodeImpl.java:145) [evosuite-client-1.0.4-SNAPSHOT.jar:na]
	at java.util.concurrent.Executors$RunnableAdapter.call(Executors.java:511) [na:1.8.0_265]
	at java.util.concurrent.FutureTask.run(FutureTask.java:266) [na:1.8.0_265]
	at java.util.concurrent.ThreadPoolExecutor.runWorker(ThreadPoolExecutor.java:1149) [na:1.8.0_265]
	at java.util.concurrent.ThreadPoolExecutor$Worker.run(ThreadPoolExecutor.java:624) [na:1.8.0_265]
	at java.lang.Thread.run(Thread.java:748) [na:1.8.0_265]
Aug 20, 2020 7:06:08 AM org.openqa.selenium.remote.ProtocolHandshake createSession
[MASTER] 15:06:08.610 [Thread-3] ERROR ExternalProcessHandler - Aug 20, 2020 7:06:08 AM org.openqa.selenium.remote.ProtocolHandshake createSession

INFO: Detected dialect: OSS
[MASTER] 15:06:08.610 [Thread-3] ERROR ExternalProcessHandler - INFO: Detected dialect: OSS

Aug 20, 2020 7:06:10 AM po_utils.PageObjectLogging logInfo
[MASTER] 15:06:10.355 [Thread-3] ERROR ExternalProcessHandler - Aug 20, 2020 7:06:10 AM po_utils.PageObjectLogging logInfo

INFO: waitForElementBeingPresentOnPage timeout exception: unable to locate the element By.xpath: //button[text()="Create a new session"]
[MASTER] 15:06:10.356 [Thread-3] ERROR ExternalProcessHandler - INFO: waitForElementBeingPresentOnPage timeout exception: unable to locate the element By.xpath: //button[text()="Create a new session"]


[MASTER] 15:06:10.356 [Thread-3] ERROR ExternalProcessHandler - 


[MASTER] 15:06:10.356 [Thread-3] ERROR ExternalProcessHandler - 

Aug 20, 2020 7:06:11 AM org.openqa.selenium.remote.ProtocolHandshake createSession
[MASTER] 15:06:11.317 [Thread-3] ERROR ExternalProcessHandler - Aug 20, 2020 7:06:11 AM org.openqa.selenium.remote.ProtocolHandshake createSession

INFO: Detected dialect: OSS
[MASTER] 15:06:11.317 [Thread-3] ERROR ExternalProcessHandler - INFO: Detected dialect: OSS

Aug 20, 2020 7:06:12 AM org.openqa.selenium.remote.ProtocolHandshake createSession
[MASTER] 15:06:12.282 [Thread-3] ERROR ExternalProcessHandler - Aug 20, 2020 7:06:12 AM org.openqa.selenium.remote.ProtocolHandshake createSession

INFO: Detected dialect: OSS
[MASTER] 15:06:12.282 [Thread-3] ERROR ExternalProcessHandler - INFO: Detected dialect: OSS

Aug 20, 2020 7:06:15 AM org.openqa.selenium.remote.ProtocolHandshake createSession
[MASTER] 15:06:15.083 [Thread-3] ERROR ExternalProcessHandler - Aug 20, 2020 7:06:15 AM org.openqa.selenium.remote.ProtocolHandshake createSession

INFO: Detected dialect: OSS
[MASTER] 15:06:15.083 [Thread-3] ERROR ExternalProcessHandler - INFO: Detected dialect: OSS

Aug 20, 2020 7:06:24 AM org.openqa.selenium.remote.ProtocolHandshake createSession
[MASTER] 15:06:24.813 [Thread-3] ERROR ExternalProcessHandler - Aug 20, 2020 7:06:24 AM org.openqa.selenium.remote.ProtocolHandshake createSession

INFO: Detected dialect: OSS
[MASTER] 15:06:24.813 [Thread-3] ERROR ExternalProcessHandler - INFO: Detected dialect: OSS

Aug 20, 2020 7:06:41 AM org.openqa.selenium.remote.ProtocolHandshake createSession
[MASTER] 15:06:41.340 [Thread-3] ERROR ExternalProcessHandler - Aug 20, 2020 7:06:41 AM org.openqa.selenium.remote.ProtocolHandshake createSession

INFO: Detected dialect: OSS
[MASTER] 15:06:41.340 [Thread-3] ERROR ExternalProcessHandler - INFO: Detected dialect: OSS

[MASTER] 15:07:04.589 [logback-2] ERROR TestCaseExecutor - TG: Exception caught: 
java.lang.IllegalStateException: Test generation failed: page object bug.
	at org.evosuite.testcase.execution.TestCaseExecutor.runTest(TestCaseExecutor.java:322) ~[evosuite-client-1.0.4-SNAPSHOT.jar:na]
	at org.evosuite.testcase.TestFitnessFunction.runTest(TestFitnessFunction.java:91) [evosuite-client-1.0.4-SNAPSHOT.jar:na]
	at org.evosuite.testcase.TestFitnessFunction.getFitness(TestFitnessFunction.java:60) [evosuite-client-1.0.4-SNAPSHOT.jar:na]
	at org.evosuite.testcase.TestFitnessFunction.getFitness(TestFitnessFunction.java:34) [evosuite-client-1.0.4-SNAPSHOT.jar:na]
	at org.evosuite.ga.metaheuristics.mosa.MOSA.calculateFitness(MOSA.java:155) [evosuite-client-1.0.4-SNAPSHOT.jar:na]
	at org.evosuite.ga.metaheuristics.mosa.AbstractMOSA.breedNextGeneration(AbstractMOSA.java:144) [evosuite-client-1.0.4-SNAPSHOT.jar:na]
	at org.evosuite.ga.metaheuristics.mosa.MOSA.evolve(MOSA.java:89) [evosuite-client-1.0.4-SNAPSHOT.jar:na]
	at org.evosuite.ga.metaheuristics.mosa.MOSA.generateSolution(MOSA.java:205) [evosuite-client-1.0.4-SNAPSHOT.jar:na]
	at org.evosuite.strategy.MOSuiteStrategy.generateTests(MOSuiteStrategy.java:127) [evosuite-client-1.0.4-SNAPSHOT.jar:na]
	at org.evosuite.TestSuiteGenerator.generateTests(TestSuiteGenerator.java:654) [evosuite-client-1.0.4-SNAPSHOT.jar:na]
	at org.evosuite.TestSuiteGenerator.generateTestSuite(TestSuiteGenerator.java:213) [evosuite-client-1.0.4-SNAPSHOT.jar:na]
	at org.evosuite.rmi.service.ClientNodeImpl$1.run(ClientNodeImpl.java:145) [evosuite-client-1.0.4-SNAPSHOT.jar:na]
	at java.util.concurrent.Executors$RunnableAdapter.call(Executors.java:511) [na:1.8.0_265]
	at java.util.concurrent.FutureTask.run(FutureTask.java:266) [na:1.8.0_265]
	at java.util.concurrent.ThreadPoolExecutor.runWorker(ThreadPoolExecutor.java:1149) [na:1.8.0_265]
	at java.util.concurrent.ThreadPoolExecutor$Worker.run(ThreadPoolExecutor.java:624) [na:1.8.0_265]
	at java.lang.Thread.run(Thread.java:748) [na:1.8.0_265]
Aug 20, 2020 7:07:04 AM org.openqa.selenium.remote.ProtocolHandshake createSession
[MASTER] 15:07:04.774 [Thread-3] ERROR ExternalProcessHandler - Aug 20, 2020 7:07:04 AM org.openqa.selenium.remote.ProtocolHandshake createSession

INFO: Detected dialect: OSS
[MASTER] 15:07:04.774 [Thread-3] ERROR ExternalProcessHandler - INFO: Detected dialect: OSS

Aug 20, 2020 7:07:07 AM org.openqa.selenium.remote.ProtocolHandshake createSession
[MASTER] 15:07:07.005 [Thread-3] ERROR ExternalProcessHandler - Aug 20, 2020 7:07:07 AM org.openqa.selenium.remote.ProtocolHandshake createSession

INFO: Detected dialect: OSS
[MASTER] 15:07:07.005 [Thread-3] ERROR ExternalProcessHandler - INFO: Detected dialect: OSS

Aug 20, 2020 7:07:13 AM org.openqa.selenium.remote.ProtocolHandshake createSession
[MASTER] 15:07:13.717 [Thread-3] ERROR ExternalProcessHandler - Aug 20, 2020 7:07:13 AM org.openqa.selenium.remote.ProtocolHandshake createSession

INFO: Detected dialect: OSS
[MASTER] 15:07:13.717 [Thread-3] ERROR ExternalProcessHandler - INFO: Detected dialect: OSS

Aug 20, 2020 7:07:24 AM org.openqa.selenium.remote.ProtocolHandshake createSession
[MASTER] 15:07:24.699 [Thread-3] ERROR ExternalProcessHandler - Aug 20, 2020 7:07:24 AM org.openqa.selenium.remote.ProtocolHandshake createSession

INFO: Detected dialect: OSS
[MASTER] 15:07:24.699 [Thread-3] ERROR ExternalProcessHandler - INFO: Detected dialect: OSS

[MASTER] 15:07:39.966 [logback-2] ERROR TestCaseExecutor - TG: Exception caught: 
java.lang.IllegalStateException: Test generation failed: page object bug.
	at org.evosuite.testcase.execution.TestCaseExecutor.runTest(TestCaseExecutor.java:322) ~[evosuite-client-1.0.4-SNAPSHOT.jar:na]
	at org.evosuite.testcase.TestFitnessFunction.runTest(TestFitnessFunction.java:91) [evosuite-client-1.0.4-SNAPSHOT.jar:na]
	at org.evosuite.testcase.TestFitnessFunction.getFitness(TestFitnessFunction.java:60) [evosuite-client-1.0.4-SNAPSHOT.jar:na]
	at org.evosuite.testcase.TestFitnessFunction.getFitness(TestFitnessFunction.java:34) [evosuite-client-1.0.4-SNAPSHOT.jar:na]
	at org.evosuite.ga.metaheuristics.mosa.MOSA.calculateFitness(MOSA.java:155) [evosuite-client-1.0.4-SNAPSHOT.jar:na]
	at org.evosuite.ga.metaheuristics.mosa.AbstractMOSA.breedNextGeneration(AbstractMOSA.java:153) [evosuite-client-1.0.4-SNAPSHOT.jar:na]
	at org.evosuite.ga.metaheuristics.mosa.MOSA.evolve(MOSA.java:89) [evosuite-client-1.0.4-SNAPSHOT.jar:na]
	at org.evosuite.ga.metaheuristics.mosa.MOSA.generateSolution(MOSA.java:205) [evosuite-client-1.0.4-SNAPSHOT.jar:na]
	at org.evosuite.strategy.MOSuiteStrategy.generateTests(MOSuiteStrategy.java:127) [evosuite-client-1.0.4-SNAPSHOT.jar:na]
	at org.evosuite.TestSuiteGenerator.generateTests(TestSuiteGenerator.java:654) [evosuite-client-1.0.4-SNAPSHOT.jar:na]
	at org.evosuite.TestSuiteGenerator.generateTestSuite(TestSuiteGenerator.java:213) [evosuite-client-1.0.4-SNAPSHOT.jar:na]
	at org.evosuite.rmi.service.ClientNodeImpl$1.run(ClientNodeImpl.java:145) [evosuite-client-1.0.4-SNAPSHOT.jar:na]
	at java.util.concurrent.Executors$RunnableAdapter.call(Executors.java:511) [na:1.8.0_265]
	at java.util.concurrent.FutureTask.run(FutureTask.java:266) [na:1.8.0_265]
	at java.util.concurrent.ThreadPoolExecutor.runWorker(ThreadPoolExecutor.java:1149) [na:1.8.0_265]
	at java.util.concurrent.ThreadPoolExecutor$Worker.run(ThreadPoolExecutor.java:624) [na:1.8.0_265]
	at java.lang.Thread.run(Thread.java:748) [na:1.8.0_265]
Aug 20, 2020 7:07:40 AM org.openqa.selenium.remote.ProtocolHandshake createSession
[MASTER] 15:07:40.153 [Thread-3] ERROR ExternalProcessHandler - Aug 20, 2020 7:07:40 AM org.openqa.selenium.remote.ProtocolHandshake createSession

INFO: Detected dialect: OSS
[MASTER] 15:07:40.153 [Thread-3] ERROR ExternalProcessHandler - INFO: Detected dialect: OSS

Aug 20, 2020 7:07:42 AM org.openqa.selenium.remote.ProtocolHandshake createSession
[MASTER] 15:07:42.189 [Thread-3] ERROR ExternalProcessHandler - Aug 20, 2020 7:07:42 AM org.openqa.selenium.remote.ProtocolHandshake createSession

INFO: Detected dialect: OSS
[MASTER] 15:07:42.190 [Thread-3] ERROR ExternalProcessHandler - INFO: Detected dialect: OSS

Aug 20, 2020 7:07:43 AM po_utils.PageObjectLogging logInfo
[MASTER] 15:07:43.928 [Thread-3] ERROR ExternalProcessHandler - Aug 20, 2020 7:07:43 AM po_utils.PageObjectLogging logInfo

INFO: waitForElementBeingPresentOnPage timeout exception: unable to locate the element By.xpath: //button[text()="Create a new session"]
[MASTER] 15:07:43.929 [Thread-3] ERROR ExternalProcessHandler - INFO: waitForElementBeingPresentOnPage timeout exception: unable to locate the element By.xpath: //button[text()="Create a new session"]


[MASTER] 15:07:43.929 [Thread-3] ERROR ExternalProcessHandler - 


[MASTER] 15:07:43.929 [Thread-3] ERROR ExternalProcessHandler - 

Aug 20, 2020 7:07:44 AM org.openqa.selenium.remote.ProtocolHandshake createSession
[MASTER] 15:07:44.193 [Thread-3] ERROR ExternalProcessHandler - Aug 20, 2020 7:07:44 AM org.openqa.selenium.remote.ProtocolHandshake createSession

INFO: Detected dialect: OSS
[MASTER] 15:07:44.193 [Thread-3] ERROR ExternalProcessHandler - INFO: Detected dialect: OSS

Aug 20, 2020 7:07:45 AM org.openqa.selenium.remote.ProtocolHandshake createSession
[MASTER] 15:07:45.067 [Thread-3] ERROR ExternalProcessHandler - Aug 20, 2020 7:07:45 AM org.openqa.selenium.remote.ProtocolHandshake createSession

INFO: Detected dialect: OSS
[MASTER] 15:07:45.067 [Thread-3] ERROR ExternalProcessHandler - INFO: Detected dialect: OSS

Aug 20, 2020 7:07:46 AM org.openqa.selenium.remote.ProtocolHandshake createSession
[MASTER] 15:07:46.759 [Thread-3] ERROR ExternalProcessHandler - Aug 20, 2020 7:07:46 AM org.openqa.selenium.remote.ProtocolHandshake createSession

INFO: Detected dialect: OSS
[MASTER] 15:07:46.759 [Thread-3] ERROR ExternalProcessHandler - INFO: Detected dialect: OSS

Aug 20, 2020 7:07:49 AM org.openqa.selenium.remote.ProtocolHandshake createSession
[MASTER] 15:07:49.948 [Thread-3] ERROR ExternalProcessHandler - Aug 20, 2020 7:07:49 AM org.openqa.selenium.remote.ProtocolHandshake createSession

INFO: Detected dialect: OSS
[MASTER] 15:07:49.948 [Thread-3] ERROR ExternalProcessHandler - INFO: Detected dialect: OSS

Aug 20, 2020 7:07:51 AM po_utils.PageObjectLogging logInfo
[MASTER] 15:07:51.274 [Thread-3] ERROR ExternalProcessHandler - Aug 20, 2020 7:07:51 AM po_utils.PageObjectLogging logInfo

INFO: waitForElementBeingPresentOnPage timeout exception: unable to locate the element By.xpath: //button[text()="Create a new session"]
[MASTER] 15:07:51.275 [Thread-3] ERROR ExternalProcessHandler - INFO: waitForElementBeingPresentOnPage timeout exception: unable to locate the element By.xpath: //button[text()="Create a new session"]


[MASTER] 15:07:51.275 [Thread-3] ERROR ExternalProcessHandler - 


[MASTER] 15:07:51.275 [Thread-3] ERROR ExternalProcessHandler - 

Aug 20, 2020 7:07:53 AM org.openqa.selenium.remote.ProtocolHandshake createSession
[MASTER] 15:07:53.754 [Thread-3] ERROR ExternalProcessHandler - Aug 20, 2020 7:07:53 AM org.openqa.selenium.remote.ProtocolHandshake createSession

INFO: Detected dialect: OSS
[MASTER] 15:07:53.754 [Thread-3] ERROR ExternalProcessHandler - INFO: Detected dialect: OSS

Aug 20, 2020 7:07:56 AM po_utils.PageObjectLogging logInfo
[MASTER] 15:07:56.174 [Thread-3] ERROR ExternalProcessHandler - Aug 20, 2020 7:07:56 AM po_utils.PageObjectLogging logInfo

INFO: waitForElementBeingPresentOnPage timeout exception: unable to locate the element By.xpath: //button[text()="Create a new session"]
[MASTER] 15:07:56.175 [Thread-3] ERROR ExternalProcessHandler - INFO: waitForElementBeingPresentOnPage timeout exception: unable to locate the element By.xpath: //button[text()="Create a new session"]


[MASTER] 15:07:56.175 [Thread-3] ERROR ExternalProcessHandler - 


[MASTER] 15:07:56.175 [Thread-3] ERROR ExternalProcessHandler - 

Aug 20, 2020 7:08:03 AM org.openqa.selenium.remote.ProtocolHandshake createSession
[MASTER] 15:08:03.082 [Thread-3] ERROR ExternalProcessHandler - Aug 20, 2020 7:08:03 AM org.openqa.selenium.remote.ProtocolHandshake createSession

INFO: Detected dialect: OSS
[MASTER] 15:08:03.082 [Thread-3] ERROR ExternalProcessHandler - INFO: Detected dialect: OSS

Aug 20, 2020 7:08:06 AM po_utils.PageObjectLogging logInfo
[MASTER] 15:08:06.532 [Thread-3] ERROR ExternalProcessHandler - Aug 20, 2020 7:08:06 AM po_utils.PageObjectLogging logInfo

INFO: waitForElementBeingPresentOnPage timeout exception: unable to locate the element By.xpath: //button[text()="Create a new session"]
[MASTER] 15:08:06.533 [Thread-3] ERROR ExternalProcessHandler - INFO: waitForElementBeingPresentOnPage timeout exception: unable to locate the element By.xpath: //button[text()="Create a new session"]


[MASTER] 15:08:06.533 [Thread-3] ERROR ExternalProcessHandler - 


[MASTER] 15:08:06.533 [Thread-3] ERROR ExternalProcessHandler - 

Aug 20, 2020 7:08:17 AM org.openqa.selenium.remote.ProtocolHandshake createSession
[MASTER] 15:08:17.791 [Thread-3] ERROR ExternalProcessHandler - Aug 20, 2020 7:08:17 AM org.openqa.selenium.remote.ProtocolHandshake createSession

INFO: Detected dialect: OSS
[MASTER] 15:08:17.791 [Thread-3] ERROR ExternalProcessHandler - INFO: Detected dialect: OSS

Aug 20, 2020 7:08:22 AM po_utils.PageObjectLogging logInfo
[MASTER] 15:08:22.339 [Thread-3] ERROR ExternalProcessHandler - Aug 20, 2020 7:08:22 AM po_utils.PageObjectLogging logInfo

INFO: waitForElementBeingPresentOnPage timeout exception: unable to locate the element By.xpath: //button[text()="Create a new session"]
[MASTER] 15:08:22.340 [Thread-3] ERROR ExternalProcessHandler - INFO: waitForElementBeingPresentOnPage timeout exception: unable to locate the element By.xpath: //button[text()="Create a new session"]


[MASTER] 15:08:22.340 [Thread-3] ERROR ExternalProcessHandler - 


[MASTER] 15:08:22.340 [Thread-3] ERROR ExternalProcessHandler - 

[MASTER] 15:08:37.807 [logback-2] ERROR TestCaseExecutor - TG: Exception caught: 
java.lang.IllegalStateException: Test generation failed: page object bug.
	at org.evosuite.testcase.execution.TestCaseExecutor.runTest(TestCaseExecutor.java:322) ~[evosuite-client-1.0.4-SNAPSHOT.jar:na]
	at org.evosuite.testcase.TestFitnessFunction.runTest(TestFitnessFunction.java:91) [evosuite-client-1.0.4-SNAPSHOT.jar:na]
	at org.evosuite.testcase.TestFitnessFunction.isCovered(TestFitnessFunction.java:166) [evosuite-client-1.0.4-SNAPSHOT.jar:na]
	at org.evosuite.testsuite.TestSuiteMinimizer.minimizeTests(TestSuiteMinimizer.java:287) [evosuite-client-1.0.4-SNAPSHOT.jar:na]
	at org.evosuite.testsuite.TestSuiteMinimizer.minimize(TestSuiteMinimizer.java:111) [evosuite-client-1.0.4-SNAPSHOT.jar:na]
	at org.evosuite.TestSuiteGenerator.postProcessTests(TestSuiteGenerator.java:422) [evosuite-client-1.0.4-SNAPSHOT.jar:na]
	at org.evosuite.TestSuiteGenerator.generateTestSuite(TestSuiteGenerator.java:215) [evosuite-client-1.0.4-SNAPSHOT.jar:na]
	at org.evosuite.rmi.service.ClientNodeImpl$1.run(ClientNodeImpl.java:145) [evosuite-client-1.0.4-SNAPSHOT.jar:na]
	at java.util.concurrent.Executors$RunnableAdapter.call(Executors.java:511) [na:1.8.0_265]
	at java.util.concurrent.FutureTask.run(FutureTask.java:266) [na:1.8.0_265]
	at java.util.concurrent.ThreadPoolExecutor.runWorker(ThreadPoolExecutor.java:1149) [na:1.8.0_265]
	at java.util.concurrent.ThreadPoolExecutor$Worker.run(ThreadPoolExecutor.java:624) [na:1.8.0_265]
	at java.lang.Thread.run(Thread.java:748) [na:1.8.0_265]
Aug 20, 2020 7:08:37 AM org.openqa.selenium.remote.ProtocolHandshake createSession
[MASTER] 15:08:37.997 [Thread-3] ERROR ExternalProcessHandler - Aug 20, 2020 7:08:37 AM org.openqa.selenium.remote.ProtocolHandshake createSession

INFO: Detected dialect: OSS
[MASTER] 15:08:37.997 [Thread-3] ERROR ExternalProcessHandler - INFO: Detected dialect: OSS

Aug 20, 2020 7:08:42 AM org.openqa.selenium.remote.ProtocolHandshake createSession
[MASTER] 15:08:42.144 [Thread-3] ERROR ExternalProcessHandler - Aug 20, 2020 7:08:42 AM org.openqa.selenium.remote.ProtocolHandshake createSession

INFO: Detected dialect: OSS
[MASTER] 15:08:42.144 [Thread-3] ERROR ExternalProcessHandler - INFO: Detected dialect: OSS

Aug 20, 2020 7:08:49 AM org.openqa.selenium.remote.ProtocolHandshake createSession
[MASTER] 15:08:49.984 [Thread-3] ERROR ExternalProcessHandler - Aug 20, 2020 7:08:49 AM org.openqa.selenium.remote.ProtocolHandshake createSession

INFO: Detected dialect: OSS
[MASTER] 15:08:49.984 [Thread-3] ERROR ExternalProcessHandler - INFO: Detected dialect: OSS

Aug 20, 2020 7:09:01 AM org.openqa.selenium.remote.ProtocolHandshake createSession
[MASTER] 15:09:01.575 [Thread-3] ERROR ExternalProcessHandler - Aug 20, 2020 7:09:01 AM org.openqa.selenium.remote.ProtocolHandshake createSession

INFO: Detected dialect: OSS
[MASTER] 15:09:01.576 [Thread-3] ERROR ExternalProcessHandler - INFO: Detected dialect: OSS

[MASTER] 15:09:16.572 [logback-2] ERROR TestCaseExecutor - TG: Exception caught: 
java.lang.IllegalStateException: Test generation failed: page object bug.
	at org.evosuite.testcase.execution.TestCaseExecutor.runTest(TestCaseExecutor.java:322) ~[evosuite-client-1.0.4-SNAPSHOT.jar:na]
	at org.evosuite.testcase.TestFitnessFunction.runTest(TestFitnessFunction.java:91) [evosuite-client-1.0.4-SNAPSHOT.jar:na]
	at org.evosuite.testcase.TestFitnessFunction.isCovered(TestFitnessFunction.java:166) [evosuite-client-1.0.4-SNAPSHOT.jar:na]
	at org.evosuite.testsuite.TestSuiteMinimizer.minimizeTests(TestSuiteMinimizer.java:287) [evosuite-client-1.0.4-SNAPSHOT.jar:na]
	at org.evosuite.testsuite.TestSuiteMinimizer.minimize(TestSuiteMinimizer.java:111) [evosuite-client-1.0.4-SNAPSHOT.jar:na]
	at org.evosuite.TestSuiteGenerator.postProcessTests(TestSuiteGenerator.java:422) [evosuite-client-1.0.4-SNAPSHOT.jar:na]
	at org.evosuite.TestSuiteGenerator.generateTestSuite(TestSuiteGenerator.java:215) [evosuite-client-1.0.4-SNAPSHOT.jar:na]
	at org.evosuite.rmi.service.ClientNodeImpl$1.run(ClientNodeImpl.java:145) [evosuite-client-1.0.4-SNAPSHOT.jar:na]
	at java.util.concurrent.Executors$RunnableAdapter.call(Executors.java:511) [na:1.8.0_265]
	at java.util.concurrent.FutureTask.run(FutureTask.java:266) [na:1.8.0_265]
	at java.util.concurrent.ThreadPoolExecutor.runWorker(ThreadPoolExecutor.java:1149) [na:1.8.0_265]
	at java.util.concurrent.ThreadPoolExecutor$Worker.run(ThreadPoolExecutor.java:624) [na:1.8.0_265]
	at java.lang.Thread.run(Thread.java:748) [na:1.8.0_265]
Aug 20, 2020 7:09:16 AM org.openqa.selenium.remote.ProtocolHandshake createSession
[MASTER] 15:09:16.763 [Thread-3] ERROR ExternalProcessHandler - Aug 20, 2020 7:09:16 AM org.openqa.selenium.remote.ProtocolHandshake createSession

INFO: Detected dialect: OSS
[MASTER] 15:09:16.763 [Thread-3] ERROR ExternalProcessHandler - INFO: Detected dialect: OSS

Aug 20, 2020 7:09:19 AM org.openqa.selenium.remote.ProtocolHandshake createSession
[MASTER] 15:09:19.044 [Thread-3] ERROR ExternalProcessHandler - Aug 20, 2020 7:09:19 AM org.openqa.selenium.remote.ProtocolHandshake createSession

INFO: Detected dialect: OSS
[MASTER] 15:09:19.044 [Thread-3] ERROR ExternalProcessHandler - INFO: Detected dialect: OSS

Aug 20, 2020 7:09:20 AM org.openqa.selenium.remote.ProtocolHandshake createSession
[MASTER] 15:09:20.465 [Thread-3] ERROR ExternalProcessHandler - Aug 20, 2020 7:09:20 AM org.openqa.selenium.remote.ProtocolHandshake createSession

INFO: Detected dialect: OSS
[MASTER] 15:09:20.466 [Thread-3] ERROR ExternalProcessHandler - INFO: Detected dialect: OSS

Aug 20, 2020 7:09:22 AM org.openqa.selenium.remote.ProtocolHandshake createSession
[MASTER] 15:09:22.761 [Thread-3] ERROR ExternalProcessHandler - Aug 20, 2020 7:09:22 AM org.openqa.selenium.remote.ProtocolHandshake createSession

INFO: Detected dialect: OSS
[MASTER] 15:09:22.761 [Thread-3] ERROR ExternalProcessHandler - INFO: Detected dialect: OSS

Aug 20, 2020 7:09:29 AM org.openqa.selenium.remote.ProtocolHandshake createSession
[MASTER] 15:09:29.133 [Thread-3] ERROR ExternalProcessHandler - Aug 20, 2020 7:09:29 AM org.openqa.selenium.remote.ProtocolHandshake createSession

INFO: Detected dialect: OSS
[MASTER] 15:09:29.133 [Thread-3] ERROR ExternalProcessHandler - INFO: Detected dialect: OSS

Aug 20, 2020 7:09:39 AM org.openqa.selenium.remote.ProtocolHandshake createSession
[MASTER] 15:09:39.311 [Thread-3] ERROR ExternalProcessHandler - Aug 20, 2020 7:09:39 AM org.openqa.selenium.remote.ProtocolHandshake createSession

INFO: Detected dialect: OSS
[MASTER] 15:09:39.311 [Thread-3] ERROR ExternalProcessHandler - INFO: Detected dialect: OSS

[MASTER] 15:09:53.324 [logback-2] ERROR TestCaseExecutor - TG: Exception caught: 
java.lang.IllegalStateException: Test generation failed: page object bug.
	at org.evosuite.testcase.execution.TestCaseExecutor.runTest(TestCaseExecutor.java:322) ~[evosuite-client-1.0.4-SNAPSHOT.jar:na]
	at org.evosuite.testcase.TestFitnessFunction.runTest(TestFitnessFunction.java:91) [evosuite-client-1.0.4-SNAPSHOT.jar:na]
	at org.evosuite.testcase.TestFitnessFunction.isCovered(TestFitnessFunction.java:166) [evosuite-client-1.0.4-SNAPSHOT.jar:na]
	at org.evosuite.testsuite.TestSuiteMinimizer.minimizeTests(TestSuiteMinimizer.java:287) [evosuite-client-1.0.4-SNAPSHOT.jar:na]
	at org.evosuite.testsuite.TestSuiteMinimizer.minimize(TestSuiteMinimizer.java:111) [evosuite-client-1.0.4-SNAPSHOT.jar:na]
	at org.evosuite.TestSuiteGenerator.postProcessTests(TestSuiteGenerator.java:422) [evosuite-client-1.0.4-SNAPSHOT.jar:na]
	at org.evosuite.TestSuiteGenerator.generateTestSuite(TestSuiteGenerator.java:215) [evosuite-client-1.0.4-SNAPSHOT.jar:na]
	at org.evosuite.rmi.service.ClientNodeImpl$1.run(ClientNodeImpl.java:145) [evosuite-client-1.0.4-SNAPSHOT.jar:na]
	at java.util.concurrent.Executors$RunnableAdapter.call(Executors.java:511) [na:1.8.0_265]
	at java.util.concurrent.FutureTask.run(FutureTask.java:266) [na:1.8.0_265]
	at java.util.concurrent.ThreadPoolExecutor.runWorker(ThreadPoolExecutor.java:1149) [na:1.8.0_265]
	at java.util.concurrent.ThreadPoolExecutor$Worker.run(ThreadPoolExecutor.java:624) [na:1.8.0_265]
	at java.lang.Thread.run(Thread.java:748) [na:1.8.0_265]
Aug 20, 2020 7:09:53 AM org.openqa.selenium.remote.ProtocolHandshake createSession
[MASTER] 15:09:53.511 [Thread-3] ERROR ExternalProcessHandler - Aug 20, 2020 7:09:53 AM org.openqa.selenium.remote.ProtocolHandshake createSession

INFO: Detected dialect: OSS
[MASTER] 15:09:53.511 [Thread-3] ERROR ExternalProcessHandler - INFO: Detected dialect: OSS

Aug 20, 2020 7:09:57 AM org.openqa.selenium.remote.ProtocolHandshake createSession
[MASTER] 15:09:57.049 [Thread-3] ERROR ExternalProcessHandler - Aug 20, 2020 7:09:57 AM org.openqa.selenium.remote.ProtocolHandshake createSession

INFO: Detected dialect: OSS
[MASTER] 15:09:57.049 [Thread-3] ERROR ExternalProcessHandler - INFO: Detected dialect: OSS

Aug 20, 2020 7:10:05 AM org.openqa.selenium.remote.ProtocolHandshake createSession
[MASTER] 15:10:05.557 [Thread-3] ERROR ExternalProcessHandler - Aug 20, 2020 7:10:05 AM org.openqa.selenium.remote.ProtocolHandshake createSession

INFO: Detected dialect: OSS
[MASTER] 15:10:05.558 [Thread-3] ERROR ExternalProcessHandler - INFO: Detected dialect: OSS

Aug 20, 2020 7:10:18 AM org.openqa.selenium.remote.ProtocolHandshake createSession
[MASTER] 15:10:18.670 [Thread-3] ERROR ExternalProcessHandler - Aug 20, 2020 7:10:18 AM org.openqa.selenium.remote.ProtocolHandshake createSession

INFO: Detected dialect: OSS
[MASTER] 15:10:18.670 [Thread-3] ERROR ExternalProcessHandler - INFO: Detected dialect: OSS

[MASTER] 15:10:36.448 [logback-2] ERROR TestCaseExecutor - TG: Exception caught: 
java.lang.IllegalStateException: Test generation failed: page object bug.
	at org.evosuite.testcase.execution.TestCaseExecutor.runTest(TestCaseExecutor.java:322) ~[evosuite-client-1.0.4-SNAPSHOT.jar:na]
	at org.evosuite.testcase.TestFitnessFunction.runTest(TestFitnessFunction.java:91) [evosuite-client-1.0.4-SNAPSHOT.jar:na]
	at org.evosuite.testcase.TestFitnessFunction.isCovered(TestFitnessFunction.java:166) [evosuite-client-1.0.4-SNAPSHOT.jar:na]
	at org.evosuite.testsuite.TestSuiteMinimizer.minimizeTests(TestSuiteMinimizer.java:287) [evosuite-client-1.0.4-SNAPSHOT.jar:na]
	at org.evosuite.testsuite.TestSuiteMinimizer.minimize(TestSuiteMinimizer.java:111) [evosuite-client-1.0.4-SNAPSHOT.jar:na]
	at org.evosuite.TestSuiteGenerator.postProcessTests(TestSuiteGenerator.java:422) [evosuite-client-1.0.4-SNAPSHOT.jar:na]
	at org.evosuite.TestSuiteGenerator.generateTestSuite(TestSuiteGenerator.java:215) [evosuite-client-1.0.4-SNAPSHOT.jar:na]
	at org.evosuite.rmi.service.ClientNodeImpl$1.run(ClientNodeImpl.java:145) [evosuite-client-1.0.4-SNAPSHOT.jar:na]
	at java.util.concurrent.Executors$RunnableAdapter.call(Executors.java:511) [na:1.8.0_265]
	at java.util.concurrent.FutureTask.run(FutureTask.java:266) [na:1.8.0_265]
	at java.util.concurrent.ThreadPoolExecutor.runWorker(ThreadPoolExecutor.java:1149) [na:1.8.0_265]
	at java.util.concurrent.ThreadPoolExecutor$Worker.run(ThreadPoolExecutor.java:624) [na:1.8.0_265]
	at java.lang.Thread.run(Thread.java:748) [na:1.8.0_265]
Aug 20, 2020 7:10:36 AM org.openqa.selenium.remote.ProtocolHandshake createSession
[MASTER] 15:10:36.631 [Thread-3] ERROR ExternalProcessHandler - Aug 20, 2020 7:10:36 AM org.openqa.selenium.remote.ProtocolHandshake createSession

INFO: Detected dialect: OSS
[MASTER] 15:10:36.631 [Thread-3] ERROR ExternalProcessHandler - INFO: Detected dialect: OSS

Aug 20, 2020 7:10:39 AM org.openqa.selenium.remote.ProtocolHandshake createSession
[MASTER] 15:10:39.330 [Thread-3] ERROR ExternalProcessHandler - Aug 20, 2020 7:10:39 AM org.openqa.selenium.remote.ProtocolHandshake createSession

INFO: Detected dialect: OSS
[MASTER] 15:10:39.330 [Thread-3] ERROR ExternalProcessHandler - INFO: Detected dialect: OSS

Aug 20, 2020 7:10:41 AM org.openqa.selenium.remote.ProtocolHandshake createSession
[MASTER] 15:10:41.834 [Thread-3] ERROR ExternalProcessHandler - Aug 20, 2020 7:10:41 AM org.openqa.selenium.remote.ProtocolHandshake createSession

INFO: Detected dialect: OSS
[MASTER] 15:10:41.834 [Thread-3] ERROR ExternalProcessHandler - INFO: Detected dialect: OSS

Aug 20, 2020 7:10:46 AM po_utils.PageObjectLogging logInfo
[MASTER] 15:10:46.630 [Thread-3] ERROR ExternalProcessHandler - Aug 20, 2020 7:10:46 AM po_utils.PageObjectLogging logInfo

INFO: waitForElementBeingPresentOnPage timeout exception: unable to locate the element By.xpath: //button[text()="Create a new session"]
[MASTER] 15:10:46.631 [Thread-3] ERROR ExternalProcessHandler - INFO: waitForElementBeingPresentOnPage timeout exception: unable to locate the element By.xpath: //button[text()="Create a new session"]


[MASTER] 15:10:46.631 [Thread-3] ERROR ExternalProcessHandler - 


[MASTER] 15:10:46.631 [Thread-3] ERROR ExternalProcessHandler - 

Aug 20, 2020 7:10:47 AM org.openqa.selenium.remote.ProtocolHandshake createSession
[MASTER] 15:10:47.445 [Thread-3] ERROR ExternalProcessHandler - Aug 20, 2020 7:10:47 AM org.openqa.selenium.remote.ProtocolHandshake createSession

INFO: Detected dialect: OSS
[MASTER] 15:10:47.446 [Thread-3] ERROR ExternalProcessHandler - INFO: Detected dialect: OSS

Aug 20, 2020 7:10:56 AM po_utils.PageObjectLogging logInfo
[MASTER] 15:10:56.693 [Thread-3] ERROR ExternalProcessHandler - Aug 20, 2020 7:10:56 AM po_utils.PageObjectLogging logInfo

INFO: waitForElementBeingPresentOnPage timeout exception: unable to locate the element By.xpath: //button[text()="Create a new session"]
[MASTER] 15:10:56.694 [Thread-3] ERROR ExternalProcessHandler - INFO: waitForElementBeingPresentOnPage timeout exception: unable to locate the element By.xpath: //button[text()="Create a new session"]


[MASTER] 15:10:56.694 [Thread-3] ERROR ExternalProcessHandler - 


[MASTER] 15:10:56.694 [Thread-3] ERROR ExternalProcessHandler - 

Aug 20, 2020 7:11:00 AM org.openqa.selenium.remote.ProtocolHandshake createSession
[MASTER] 15:11:00.103 [Thread-3] ERROR ExternalProcessHandler - Aug 20, 2020 7:11:00 AM org.openqa.selenium.remote.ProtocolHandshake createSession

INFO: Detected dialect: OSS
[MASTER] 15:11:00.103 [Thread-3] ERROR ExternalProcessHandler - INFO: Detected dialect: OSS

Aug 20, 2020 7:11:13 AM po_utils.PageObjectLogging logInfo
[MASTER] 15:11:13.992 [Thread-3] ERROR ExternalProcessHandler - Aug 20, 2020 7:11:13 AM po_utils.PageObjectLogging logInfo

INFO: waitForElementBeingPresentOnPage timeout exception: unable to locate the element By.xpath: //button[text()="Create a new session"]
[MASTER] 15:11:13.993 [Thread-3] ERROR ExternalProcessHandler - INFO: waitForElementBeingPresentOnPage timeout exception: unable to locate the element By.xpath: //button[text()="Create a new session"]


[MASTER] 15:11:13.993 [Thread-3] ERROR ExternalProcessHandler - 


[MASTER] 15:11:13.993 [Thread-3] ERROR ExternalProcessHandler - 

Aug 20, 2020 7:11:19 AM org.openqa.selenium.remote.ProtocolHandshake createSession
[MASTER] 15:11:19.993 [Thread-3] ERROR ExternalProcessHandler - Aug 20, 2020 7:11:19 AM org.openqa.selenium.remote.ProtocolHandshake createSession

INFO: Detected dialect: OSS
[MASTER] 15:11:19.994 [Thread-3] ERROR ExternalProcessHandler - INFO: Detected dialect: OSS

Aug 20, 2020 7:11:38 AM po_utils.PageObjectLogging logInfo
[MASTER] 15:11:38.327 [Thread-3] ERROR ExternalProcessHandler - Aug 20, 2020 7:11:38 AM po_utils.PageObjectLogging logInfo

INFO: waitForElementBeingPresentOnPage timeout exception: unable to locate the element By.xpath: //button[text()="Create a new session"]
[MASTER] 15:11:38.328 [Thread-3] ERROR ExternalProcessHandler - INFO: waitForElementBeingPresentOnPage timeout exception: unable to locate the element By.xpath: //button[text()="Create a new session"]


[MASTER] 15:11:38.328 [Thread-3] ERROR ExternalProcessHandler - 


[MASTER] 15:11:38.329 [Thread-3] ERROR ExternalProcessHandler - 

[MASTER] 15:11:46.777 [logback-2] ERROR TestCaseExecutor - TG: Exception caught: 
java.lang.IllegalStateException: Test generation failed: page object bug.
	at org.evosuite.testcase.execution.TestCaseExecutor.runTest(TestCaseExecutor.java:322) ~[evosuite-client-1.0.4-SNAPSHOT.jar:na]
	at org.evosuite.testcase.TestFitnessFunction.runTest(TestFitnessFunction.java:91) [evosuite-client-1.0.4-SNAPSHOT.jar:na]
	at org.evosuite.testcase.TestFitnessFunction.isCovered(TestFitnessFunction.java:166) [evosuite-client-1.0.4-SNAPSHOT.jar:na]
	at org.evosuite.testsuite.TestSuiteMinimizer.minimizeTests(TestSuiteMinimizer.java:287) [evosuite-client-1.0.4-SNAPSHOT.jar:na]
	at org.evosuite.testsuite.TestSuiteMinimizer.minimize(TestSuiteMinimizer.java:111) [evosuite-client-1.0.4-SNAPSHOT.jar:na]
	at org.evosuite.TestSuiteGenerator.postProcessTests(TestSuiteGenerator.java:422) [evosuite-client-1.0.4-SNAPSHOT.jar:na]
	at org.evosuite.TestSuiteGenerator.generateTestSuite(TestSuiteGenerator.java:215) [evosuite-client-1.0.4-SNAPSHOT.jar:na]
	at org.evosuite.rmi.service.ClientNodeImpl$1.run(ClientNodeImpl.java:145) [evosuite-client-1.0.4-SNAPSHOT.jar:na]
	at java.util.concurrent.Executors$RunnableAdapter.call(Executors.java:511) [na:1.8.0_265]
	at java.util.concurrent.FutureTask.run(FutureTask.java:266) [na:1.8.0_265]
	at java.util.concurrent.ThreadPoolExecutor.runWorker(ThreadPoolExecutor.java:1149) [na:1.8.0_265]
	at java.util.concurrent.ThreadPoolExecutor$Worker.run(ThreadPoolExecutor.java:624) [na:1.8.0_265]
	at java.lang.Thread.run(Thread.java:748) [na:1.8.0_265]
Aug 20, 2020 7:11:46 AM org.openqa.selenium.remote.ProtocolHandshake createSession
[MASTER] 15:11:46.973 [Thread-3] ERROR ExternalProcessHandler - Aug 20, 2020 7:11:46 AM org.openqa.selenium.remote.ProtocolHandshake createSession

INFO: Detected dialect: OSS
[MASTER] 15:11:46.973 [Thread-3] ERROR ExternalProcessHandler - INFO: Detected dialect: OSS

Aug 20, 2020 7:11:50 AM po_utils.PageObjectLogging logInfo
[MASTER] 15:11:50.944 [Thread-3] ERROR ExternalProcessHandler - Aug 20, 2020 7:11:50 AM po_utils.PageObjectLogging logInfo

INFO: waitForElementBeingPresentOnPage timeout exception: unable to locate the element By.xpath: //button[text()="Create a new session"]
[MASTER] 15:11:50.945 [Thread-3] ERROR ExternalProcessHandler - INFO: waitForElementBeingPresentOnPage timeout exception: unable to locate the element By.xpath: //button[text()="Create a new session"]


[MASTER] 15:11:50.945 [Thread-3] ERROR ExternalProcessHandler - 


[MASTER] 15:11:50.945 [Thread-3] ERROR ExternalProcessHandler - 

Aug 20, 2020 7:11:51 AM org.openqa.selenium.remote.ProtocolHandshake createSession
[MASTER] 15:11:51.604 [Thread-3] ERROR ExternalProcessHandler - Aug 20, 2020 7:11:51 AM org.openqa.selenium.remote.ProtocolHandshake createSession

INFO: Detected dialect: OSS
[MASTER] 15:11:51.604 [Thread-3] ERROR ExternalProcessHandler - INFO: Detected dialect: OSS

Aug 20, 2020 7:11:54 AM org.openqa.selenium.remote.ProtocolHandshake createSession
[MASTER] 15:11:54.404 [Thread-3] ERROR ExternalProcessHandler - Aug 20, 2020 7:11:54 AM org.openqa.selenium.remote.ProtocolHandshake createSession

INFO: Detected dialect: OSS
[MASTER] 15:11:54.404 [Thread-3] ERROR ExternalProcessHandler - INFO: Detected dialect: OSS

Aug 20, 2020 7:11:57 AM org.openqa.selenium.remote.ProtocolHandshake createSession
[MASTER] 15:11:57.791 [Thread-3] ERROR ExternalProcessHandler - Aug 20, 2020 7:11:57 AM org.openqa.selenium.remote.ProtocolHandshake createSession

INFO: Detected dialect: OSS
[MASTER] 15:11:57.792 [Thread-3] ERROR ExternalProcessHandler - INFO: Detected dialect: OSS

Aug 20, 2020 7:12:00 AM org.openqa.selenium.remote.ProtocolHandshake createSession
[MASTER] 15:12:00.273 [Thread-3] ERROR ExternalProcessHandler - Aug 20, 2020 7:12:00 AM org.openqa.selenium.remote.ProtocolHandshake createSession

INFO: Detected dialect: OSS
[MASTER] 15:12:00.273 [Thread-3] ERROR ExternalProcessHandler - INFO: Detected dialect: OSS

Aug 20, 2020 7:12:02 AM org.openqa.selenium.remote.ProtocolHandshake createSession
[MASTER] 15:12:02.552 [Thread-3] ERROR ExternalProcessHandler - Aug 20, 2020 7:12:02 AM org.openqa.selenium.remote.ProtocolHandshake createSession

INFO: Detected dialect: OSS
[MASTER] 15:12:02.552 [Thread-3] ERROR ExternalProcessHandler - INFO: Detected dialect: OSS

Aug 20, 2020 7:12:05 AM org.openqa.selenium.remote.ProtocolHandshake createSession
[MASTER] 15:12:05.811 [Thread-3] ERROR ExternalProcessHandler - Aug 20, 2020 7:12:05 AM org.openqa.selenium.remote.ProtocolHandshake createSession

INFO: Detected dialect: OSS
[MASTER] 15:12:05.811 [Thread-3] ERROR ExternalProcessHandler - INFO: Detected dialect: OSS

Aug 20, 2020 7:12:08 AM org.openqa.selenium.remote.ProtocolHandshake createSession
[MASTER] 15:12:08.331 [Thread-3] ERROR ExternalProcessHandler - Aug 20, 2020 7:12:08 AM org.openqa.selenium.remote.ProtocolHandshake createSession

INFO: Detected dialect: OSS
[MASTER] 15:12:08.331 [Thread-3] ERROR ExternalProcessHandler - INFO: Detected dialect: OSS

Aug 20, 2020 7:12:12 AM po_utils.PageObjectLogging logInfo
[MASTER] 15:12:12.039 [Thread-3] ERROR ExternalProcessHandler - Aug 20, 2020 7:12:12 AM po_utils.PageObjectLogging logInfo

INFO: waitForElementBeingPresentOnPage timeout exception: unable to locate the element By.xpath: //button[text()="Create a new session"]
[MASTER] 15:12:12.040 [Thread-3] ERROR ExternalProcessHandler - INFO: waitForElementBeingPresentOnPage timeout exception: unable to locate the element By.xpath: //button[text()="Create a new session"]


[MASTER] 15:12:12.040 [Thread-3] ERROR ExternalProcessHandler - 


[MASTER] 15:12:12.040 [Thread-3] ERROR ExternalProcessHandler - 

