SLF4J: Class path contains multiple SLF4J bindings.
SLF4J: Found binding in [jar:file:/home/yw/.m2/repository/ch/qos/logback/logback-classic/1.1.3/logback-classic-1.1.3.jar!/org/slf4j/impl/StaticLoggerBinder.class]
SLF4J: Found binding in [jar:file:/home/yw/.m2/repository/org/evosuite/evosuite-master/1.0.4-SNAPSHOT/evosuite-master-1.0.4-SNAPSHOT.jar!/org/slf4j/impl/StaticLoggerBinder.class]
SLF4J: See http://www.slf4j.org/codes.html#multiple_bindings for an explanation.
SLF4J: Actual binding is of type [ch.qos.logback.classic.util.ContextSelectorStaticBinder]
SLF4J: Class path contains multiple SLF4J bindings.
[MASTER] 10:56:56.978 [Thread-3] ERROR ExternalProcessHandler - SLF4J: Class path contains multiple SLF4J bindings.

SLF4J: Found binding in [jar:file:/home/yw/.m2/repository/ch/qos/logback/logback-classic/1.1.3/logback-classic-1.1.3.jar!/org/slf4j/impl/StaticLoggerBinder.class]
[MASTER] 10:56:56.980 [Thread-3] ERROR ExternalProcessHandler - SLF4J: Found binding in [jar:file:/home/yw/.m2/repository/ch/qos/logback/logback-classic/1.1.3/logback-classic-1.1.3.jar!/org/slf4j/impl/StaticLoggerBinder.class]

SLF4J: Found binding in [jar:file:/home/yw/.m2/repository/org/evosuite/evosuite-master/1.0.4-SNAPSHOT/evosuite-master-1.0.4-SNAPSHOT.jar!/org/slf4j/impl/StaticLoggerBinder.class]
[MASTER] 10:56:56.982 [Thread-3] ERROR ExternalProcessHandler - SLF4J: Found binding in [jar:file:/home/yw/.m2/repository/org/evosuite/evosuite-master/1.0.4-SNAPSHOT/evosuite-master-1.0.4-SNAPSHOT.jar!/org/slf4j/impl/StaticLoggerBinder.class]

SLF4J: See http://www.slf4j.org/codes.html#multiple_bindings for an explanation.
[MASTER] 10:56:56.983 [Thread-3] ERROR ExternalProcessHandler - SLF4J: See http://www.slf4j.org/codes.html#multiple_bindings for an explanation.

SLF4J: Actual binding is of type [ch.qos.logback.classic.util.ContextSelectorStaticBinder]
[MASTER] 10:56:57.157 [Thread-3] ERROR ExternalProcessHandler - SLF4J: Actual binding is of type [ch.qos.logback.classic.util.ContextSelectorStaticBinder]

Aug 14, 2020 2:57:00 AM org.openqa.selenium.remote.ProtocolHandshake createSession
[MASTER] 10:57:00.020 [Thread-3] ERROR ExternalProcessHandler - Aug 14, 2020 2:57:00 AM org.openqa.selenium.remote.ProtocolHandshake createSession

INFO: Detected dialect: OSS
[MASTER] 10:57:00.020 [Thread-3] ERROR ExternalProcessHandler - INFO: Detected dialect: OSS

Aug 14, 2020 2:57:02 AM org.openqa.selenium.remote.ProtocolHandshake createSession
[MASTER] 10:57:02.003 [Thread-3] ERROR ExternalProcessHandler - Aug 14, 2020 2:57:02 AM org.openqa.selenium.remote.ProtocolHandshake createSession

INFO: Detected dialect: OSS
[MASTER] 10:57:02.003 [Thread-3] ERROR ExternalProcessHandler - INFO: Detected dialect: OSS

Aug 14, 2020 2:57:05 AM org.openqa.selenium.remote.ProtocolHandshake createSession
[MASTER] 10:57:05.652 [Thread-3] ERROR ExternalProcessHandler - Aug 14, 2020 2:57:05 AM org.openqa.selenium.remote.ProtocolHandshake createSession

INFO: Detected dialect: OSS
[MASTER] 10:57:05.652 [Thread-3] ERROR ExternalProcessHandler - INFO: Detected dialect: OSS

Aug 14, 2020 2:57:10 AM org.openqa.selenium.remote.ProtocolHandshake createSession
[MASTER] 10:57:10.684 [Thread-3] ERROR ExternalProcessHandler - Aug 14, 2020 2:57:10 AM org.openqa.selenium.remote.ProtocolHandshake createSession

INFO: Detected dialect: OSS
[MASTER] 10:57:10.684 [Thread-3] ERROR ExternalProcessHandler - INFO: Detected dialect: OSS

[MASTER] 10:57:17.127 [logback-2] ERROR TestCaseExecutor - TG: Exception caught: 
java.lang.IllegalStateException: Test generation failed: page object bug.
	at org.evosuite.testcase.execution.TestCaseExecutor.runTest(TestCaseExecutor.java:322) ~[evosuite-client-1.0.4-SNAPSHOT.jar:na]
	at org.evosuite.testcase.TestFitnessFunction.runTest(TestFitnessFunction.java:91) [evosuite-client-1.0.4-SNAPSHOT.jar:na]
	at org.evosuite.testcase.TestFitnessFunction.getFitness(TestFitnessFunction.java:60) [evosuite-client-1.0.4-SNAPSHOT.jar:na]
	at org.evosuite.testcase.TestFitnessFunction.getFitness(TestFitnessFunction.java:34) [evosuite-client-1.0.4-SNAPSHOT.jar:na]
	at org.evosuite.ga.metaheuristics.art.AdaptiveRandomSearch.calculateFitness(AdaptiveRandomSearch.java:312) [evosuite-client-1.0.4-SNAPSHOT.jar:na]
	at org.evosuite.ga.metaheuristics.art.AdaptiveRandomSearch.calculateFitness(AdaptiveRandomSearch.java:344) [evosuite-client-1.0.4-SNAPSHOT.jar:na]
	at org.evosuite.ga.metaheuristics.art.AdaptiveRandomSearch.createAndMinimizeFirstIndividual(AdaptiveRandomSearch.java:222) [evosuite-client-1.0.4-SNAPSHOT.jar:na]
	at org.evosuite.ga.metaheuristics.art.AdaptiveRandomSearch.initializePopulation(AdaptiveRandomSearch.java:206) [evosuite-client-1.0.4-SNAPSHOT.jar:na]
	at org.evosuite.ga.metaheuristics.art.AdaptiveRandomSearch.generateSolution(AdaptiveRandomSearch.java:262) [evosuite-client-1.0.4-SNAPSHOT.jar:na]
	at org.evosuite.strategy.AdaptiveRandomTestStrategy.generateTests(AdaptiveRandomTestStrategy.java:118) [evosuite-client-1.0.4-SNAPSHOT.jar:na]
	at org.evosuite.TestSuiteGenerator.generateTests(TestSuiteGenerator.java:654) [evosuite-client-1.0.4-SNAPSHOT.jar:na]
	at org.evosuite.TestSuiteGenerator.generateTestSuite(TestSuiteGenerator.java:213) [evosuite-client-1.0.4-SNAPSHOT.jar:na]
	at org.evosuite.rmi.service.ClientNodeImpl$1.run(ClientNodeImpl.java:145) [evosuite-client-1.0.4-SNAPSHOT.jar:na]
	at java.util.concurrent.Executors$RunnableAdapter.call(Executors.java:511) [na:1.8.0_265]
	at java.util.concurrent.FutureTask.run(FutureTask.java:266) [na:1.8.0_265]
	at java.util.concurrent.ThreadPoolExecutor.runWorker(ThreadPoolExecutor.java:1149) [na:1.8.0_265]
	at java.util.concurrent.ThreadPoolExecutor$Worker.run(ThreadPoolExecutor.java:624) [na:1.8.0_265]
	at java.lang.Thread.run(Thread.java:748) [na:1.8.0_265]
Aug 14, 2020 2:57:17 AM org.openqa.selenium.remote.ProtocolHandshake createSession
[MASTER] 10:57:17.474 [Thread-3] ERROR ExternalProcessHandler - Aug 14, 2020 2:57:17 AM org.openqa.selenium.remote.ProtocolHandshake createSession

INFO: Detected dialect: OSS
[MASTER] 10:57:17.475 [Thread-3] ERROR ExternalProcessHandler - INFO: Detected dialect: OSS

Exception in thread "Thread-3" java.lang.ClassCastException: org.evosuite.testcase.TestChromosome cannot be cast to org.evosuite.testsuite.TestSuiteChromosome
[MASTER] 10:57:17.503 [Thread-3] ERROR ExternalProcessHandler - Exception in thread "Thread-3" java.lang.ClassCastException: org.evosuite.testcase.TestChromosome cannot be cast to org.evosuite.testsuite.TestSuiteChromosome

	at org.evosuite.statistics.SearchStatistics.currentIndividual(SearchStatistics.java:181)
[MASTER] 10:57:17.503 [Thread-3] ERROR ExternalProcessHandler - 	at org.evosuite.statistics.SearchStatistics.currentIndividual(SearchStatistics.java:181)

	at org.evosuite.rmi.service.MasterNodeImpl.evosuite_collectStatistics(MasterNodeImpl.java:166)
[MASTER] 10:57:17.503 [Thread-3] ERROR ExternalProcessHandler - 	at org.evosuite.rmi.service.MasterNodeImpl.evosuite_collectStatistics(MasterNodeImpl.java:166)

	at sun.reflect.NativeMethodAccessorImpl.invoke0(Native Method)
[MASTER] 10:57:17.504 [Thread-3] ERROR ExternalProcessHandler - 	at sun.reflect.NativeMethodAccessorImpl.invoke0(Native Method)

	at sun.reflect.NativeMethodAccessorImpl.invoke(NativeMethodAccessorImpl.java:62)
[MASTER] 10:57:17.504 [Thread-3] ERROR ExternalProcessHandler - 	at sun.reflect.NativeMethodAccessorImpl.invoke(NativeMethodAccessorImpl.java:62)

	at sun.reflect.DelegatingMethodAccessorImpl.invoke(DelegatingMethodAccessorImpl.java:43)
[MASTER] 10:57:17.504 [Thread-3] ERROR ExternalProcessHandler - 	at sun.reflect.DelegatingMethodAccessorImpl.invoke(DelegatingMethodAccessorImpl.java:43)

	at java.lang.reflect.Method.invoke(Method.java:498)
[MASTER] 10:57:17.504 [Thread-3] ERROR ExternalProcessHandler - 	at java.lang.reflect.Method.invoke(Method.java:498)

	at sun.rmi.server.UnicastServerRef.dispatch(UnicastServerRef.java:357)
[MASTER] 10:57:17.505 [Thread-3] ERROR ExternalProcessHandler - 	at sun.rmi.server.UnicastServerRef.dispatch(UnicastServerRef.java:357)

	at sun.rmi.transport.Transport$1.run(Transport.java:200)
[MASTER] 10:57:17.505 [Thread-3] ERROR ExternalProcessHandler - 	at sun.rmi.transport.Transport$1.run(Transport.java:200)

	at sun.rmi.transport.Transport$1.run(Transport.java:197)
[MASTER] 10:57:17.505 [Thread-3] ERROR ExternalProcessHandler - 	at sun.rmi.transport.Transport$1.run(Transport.java:197)

	at java.security.AccessController.doPrivileged(Native Method)
[MASTER] 10:57:17.505 [Thread-3] ERROR ExternalProcessHandler - 	at java.security.AccessController.doPrivileged(Native Method)

	at sun.rmi.transport.Transport.serviceCall(Transport.java:196)
[MASTER] 10:57:17.506 [Thread-3] ERROR ExternalProcessHandler - 	at sun.rmi.transport.Transport.serviceCall(Transport.java:196)

	at sun.rmi.transport.tcp.TCPTransport.handleMessages(TCPTransport.java:573)
[MASTER] 10:57:17.506 [Thread-3] ERROR ExternalProcessHandler - 	at sun.rmi.transport.tcp.TCPTransport.handleMessages(TCPTransport.java:573)

	at sun.rmi.transport.tcp.TCPTransport$ConnectionHandler.run0(TCPTransport.java:834)
[MASTER] 10:57:17.506 [Thread-3] ERROR ExternalProcessHandler - 	at sun.rmi.transport.tcp.TCPTransport$ConnectionHandler.run0(TCPTransport.java:834)

	at sun.rmi.transport.tcp.TCPTransport$ConnectionHandler.lambda$run$0(TCPTransport.java:688)
[MASTER] 10:57:17.507 [Thread-3] ERROR ExternalProcessHandler - 	at sun.rmi.transport.tcp.TCPTransport$ConnectionHandler.lambda$run$0(TCPTransport.java:688)

	at java.security.AccessController.doPrivileged(Native Method)
[MASTER] 10:57:17.507 [Thread-3] ERROR ExternalProcessHandler - 	at java.security.AccessController.doPrivileged(Native Method)

	at sun.rmi.transport.tcp.TCPTransport$ConnectionHandler.run(TCPTransport.java:687)
[MASTER] 10:57:17.507 [Thread-3] ERROR ExternalProcessHandler - 	at sun.rmi.transport.tcp.TCPTransport$ConnectionHandler.run(TCPTransport.java:687)

	at java.util.concurrent.ThreadPoolExecutor.runWorker(ThreadPoolExecutor.java:1149)
[MASTER] 10:57:17.507 [Thread-3] ERROR ExternalProcessHandler - 	at java.util.concurrent.ThreadPoolExecutor.runWorker(ThreadPoolExecutor.java:1149)

	at java.util.concurrent.ThreadPoolExecutor$Worker.run(ThreadPoolExecutor.java:624)
[MASTER] 10:57:17.508 [Thread-3] ERROR ExternalProcessHandler - 	at java.util.concurrent.ThreadPoolExecutor$Worker.run(ThreadPoolExecutor.java:624)

	at java.lang.Thread.run(Thread.java:748)
[MASTER] 10:57:17.508 [Thread-3] ERROR ExternalProcessHandler - 	at java.lang.Thread.run(Thread.java:748)

	at sun.rmi.transport.StreamRemoteCall.exceptionReceivedFromServer(StreamRemoteCall.java:303)
[MASTER] 10:57:17.508 [Thread-3] ERROR ExternalProcessHandler - 	at sun.rmi.transport.StreamRemoteCall.exceptionReceivedFromServer(StreamRemoteCall.java:303)

	at sun.rmi.transport.StreamRemoteCall.executeCall(StreamRemoteCall.java:279)
[MASTER] 10:57:17.508 [Thread-3] ERROR ExternalProcessHandler - 	at sun.rmi.transport.StreamRemoteCall.executeCall(StreamRemoteCall.java:279)

	at sun.rmi.server.UnicastRef.invoke(UnicastRef.java:164)
[MASTER] 10:57:17.509 [Thread-3] ERROR ExternalProcessHandler - 	at sun.rmi.server.UnicastRef.invoke(UnicastRef.java:164)

	at java.rmi.server.RemoteObjectInvocationHandler.invokeRemoteMethod(RemoteObjectInvocationHandler.java:235)
[MASTER] 10:57:17.509 [Thread-3] ERROR ExternalProcessHandler - 	at java.rmi.server.RemoteObjectInvocationHandler.invokeRemoteMethod(RemoteObjectInvocationHandler.java:235)

	at java.rmi.server.RemoteObjectInvocationHandler.invoke(RemoteObjectInvocationHandler.java:180)
[MASTER] 10:57:17.509 [Thread-3] ERROR ExternalProcessHandler - 	at java.rmi.server.RemoteObjectInvocationHandler.invoke(RemoteObjectInvocationHandler.java:180)

	at com.sun.proxy.$Proxy7.evosuite_collectStatistics(Unknown Source)
[MASTER] 10:57:17.510 [Thread-3] ERROR ExternalProcessHandler - 	at com.sun.proxy.$Proxy7.evosuite_collectStatistics(Unknown Source)

	at org.evosuite.rmi.service.ClientNodeImpl.updateStatistics(ClientNodeImpl.java:237)
[MASTER] 10:57:17.510 [Thread-3] ERROR ExternalProcessHandler - 	at org.evosuite.rmi.service.ClientNodeImpl.updateStatistics(ClientNodeImpl.java:237)

	at org.evosuite.statistics.StatisticsSender.sendIndividualToMaster(StatisticsSender.java:75)
[MASTER] 10:57:17.510 [Thread-3] ERROR ExternalProcessHandler - 	at org.evosuite.statistics.StatisticsSender.sendIndividualToMaster(StatisticsSender.java:75)

	at org.evosuite.statistics.StatisticsListener$1.run(StatisticsListener.java:71)
[MASTER] 10:57:17.511 [Thread-3] ERROR ExternalProcessHandler - 	at org.evosuite.statistics.StatisticsListener$1.run(StatisticsListener.java:71)

Aug 14, 2020 2:57:18 AM po_utils.PageObjectLogging logInfo
[MASTER] 10:57:18.857 [Thread-3] ERROR ExternalProcessHandler - Aug 14, 2020 2:57:18 AM po_utils.PageObjectLogging logInfo

INFO: waitForElementBeingPresentOnPage timeout exception: unable to locate the element By.xpath: //button[text()="Create a new session"]
[MASTER] 10:57:18.858 [Thread-3] ERROR ExternalProcessHandler - INFO: waitForElementBeingPresentOnPage timeout exception: unable to locate the element By.xpath: //button[text()="Create a new session"]


[MASTER] 10:57:18.858 [Thread-3] ERROR ExternalProcessHandler - 


[MASTER] 10:57:18.858 [Thread-3] ERROR ExternalProcessHandler - 

Aug 14, 2020 2:57:21 AM org.openqa.selenium.remote.ProtocolHandshake createSession
[MASTER] 10:57:21.137 [Thread-3] ERROR ExternalProcessHandler - Aug 14, 2020 2:57:21 AM org.openqa.selenium.remote.ProtocolHandshake createSession

INFO: Detected dialect: OSS
[MASTER] 10:57:21.138 [Thread-3] ERROR ExternalProcessHandler - INFO: Detected dialect: OSS

Aug 14, 2020 2:57:25 AM po_utils.PageObjectLogging logInfo
[MASTER] 10:57:25.866 [Thread-3] ERROR ExternalProcessHandler - Aug 14, 2020 2:57:25 AM po_utils.PageObjectLogging logInfo

INFO: waitForElementBeingPresentOnPage timeout exception: unable to locate the element By.xpath: //button[text()="Create a new session"]
[MASTER] 10:57:25.866 [Thread-3] ERROR ExternalProcessHandler - INFO: waitForElementBeingPresentOnPage timeout exception: unable to locate the element By.xpath: //button[text()="Create a new session"]


[MASTER] 10:57:25.866 [Thread-3] ERROR ExternalProcessHandler - 


[MASTER] 10:57:25.867 [Thread-3] ERROR ExternalProcessHandler - 

Aug 14, 2020 2:57:30 AM org.openqa.selenium.remote.ProtocolHandshake createSession
[MASTER] 10:57:30.637 [Thread-3] ERROR ExternalProcessHandler - Aug 14, 2020 2:57:30 AM org.openqa.selenium.remote.ProtocolHandshake createSession

INFO: Detected dialect: OSS
[MASTER] 10:57:30.637 [Thread-3] ERROR ExternalProcessHandler - INFO: Detected dialect: OSS

Aug 14, 2020 2:57:38 AM po_utils.PageObjectLogging logInfo
[MASTER] 10:57:38.665 [Thread-3] ERROR ExternalProcessHandler - Aug 14, 2020 2:57:38 AM po_utils.PageObjectLogging logInfo

INFO: waitForElementBeingPresentOnPage timeout exception: unable to locate the element By.xpath: //button[text()="Create a new session"]
[MASTER] 10:57:38.666 [Thread-3] ERROR ExternalProcessHandler - INFO: waitForElementBeingPresentOnPage timeout exception: unable to locate the element By.xpath: //button[text()="Create a new session"]


[MASTER] 10:57:38.666 [Thread-3] ERROR ExternalProcessHandler - 


[MASTER] 10:57:38.666 [Thread-3] ERROR ExternalProcessHandler - 

Aug 14, 2020 2:57:45 AM org.openqa.selenium.remote.ProtocolHandshake createSession
[MASTER] 10:57:45.787 [Thread-3] ERROR ExternalProcessHandler - Aug 14, 2020 2:57:45 AM org.openqa.selenium.remote.ProtocolHandshake createSession

INFO: Detected dialect: OSS
[MASTER] 10:57:45.787 [Thread-3] ERROR ExternalProcessHandler - INFO: Detected dialect: OSS

Aug 14, 2020 2:57:57 AM po_utils.PageObjectLogging logInfo
[MASTER] 10:57:57.000 [Thread-3] ERROR ExternalProcessHandler - Aug 14, 2020 2:57:57 AM po_utils.PageObjectLogging logInfo

INFO: waitForElementBeingPresentOnPage timeout exception: unable to locate the element By.xpath: //button[text()="Create a new session"]
[MASTER] 10:57:57.001 [Thread-3] ERROR ExternalProcessHandler - INFO: waitForElementBeingPresentOnPage timeout exception: unable to locate the element By.xpath: //button[text()="Create a new session"]


[MASTER] 10:57:57.001 [Thread-3] ERROR ExternalProcessHandler - 


[MASTER] 10:57:57.001 [Thread-3] ERROR ExternalProcessHandler - 

[MASTER] 10:58:06.532 [logback-2] ERROR TestCaseExecutor - TG: Exception caught: 
java.lang.IllegalStateException: Test generation failed: page object bug.
	at org.evosuite.testcase.execution.TestCaseExecutor.runTest(TestCaseExecutor.java:322) ~[evosuite-client-1.0.4-SNAPSHOT.jar:na]
	at org.evosuite.testcase.TestFitnessFunction.runTest(TestFitnessFunction.java:91) [evosuite-client-1.0.4-SNAPSHOT.jar:na]
	at org.evosuite.testcase.TestFitnessFunction.getFitness(TestFitnessFunction.java:60) [evosuite-client-1.0.4-SNAPSHOT.jar:na]
	at org.evosuite.testcase.TestFitnessFunction.getFitness(TestFitnessFunction.java:34) [evosuite-client-1.0.4-SNAPSHOT.jar:na]
	at org.evosuite.ga.metaheuristics.art.AdaptiveRandomSearch.calculateFitness(AdaptiveRandomSearch.java:312) [evosuite-client-1.0.4-SNAPSHOT.jar:na]
	at org.evosuite.ga.metaheuristics.art.AdaptiveRandomSearch.evolve(AdaptiveRandomSearch.java:139) [evosuite-client-1.0.4-SNAPSHOT.jar:na]
	at org.evosuite.ga.metaheuristics.art.AdaptiveRandomSearch.generateSolution(AdaptiveRandomSearch.java:270) [evosuite-client-1.0.4-SNAPSHOT.jar:na]
	at org.evosuite.strategy.AdaptiveRandomTestStrategy.generateTests(AdaptiveRandomTestStrategy.java:118) [evosuite-client-1.0.4-SNAPSHOT.jar:na]
	at org.evosuite.TestSuiteGenerator.generateTests(TestSuiteGenerator.java:654) [evosuite-client-1.0.4-SNAPSHOT.jar:na]
	at org.evosuite.TestSuiteGenerator.generateTestSuite(TestSuiteGenerator.java:213) [evosuite-client-1.0.4-SNAPSHOT.jar:na]
	at org.evosuite.rmi.service.ClientNodeImpl$1.run(ClientNodeImpl.java:145) [evosuite-client-1.0.4-SNAPSHOT.jar:na]
	at java.util.concurrent.Executors$RunnableAdapter.call(Executors.java:511) [na:1.8.0_265]
	at java.util.concurrent.FutureTask.run(FutureTask.java:266) [na:1.8.0_265]
	at java.util.concurrent.ThreadPoolExecutor.runWorker(ThreadPoolExecutor.java:1149) [na:1.8.0_265]
	at java.util.concurrent.ThreadPoolExecutor$Worker.run(ThreadPoolExecutor.java:624) [na:1.8.0_265]
	at java.lang.Thread.run(Thread.java:748) [na:1.8.0_265]
Aug 14, 2020 2:58:06 AM org.openqa.selenium.remote.ProtocolHandshake createSession
[MASTER] 10:58:06.742 [Thread-3] ERROR ExternalProcessHandler - Aug 14, 2020 2:58:06 AM org.openqa.selenium.remote.ProtocolHandshake createSession

INFO: Detected dialect: OSS
[MASTER] 10:58:06.742 [Thread-3] ERROR ExternalProcessHandler - INFO: Detected dialect: OSS

Aug 14, 2020 2:58:09 AM org.openqa.selenium.remote.ProtocolHandshake createSession
[MASTER] 10:58:09.772 [Thread-3] ERROR ExternalProcessHandler - Aug 14, 2020 2:58:09 AM org.openqa.selenium.remote.ProtocolHandshake createSession

INFO: Detected dialect: OSS
[MASTER] 10:58:09.772 [Thread-3] ERROR ExternalProcessHandler - INFO: Detected dialect: OSS

Aug 14, 2020 2:58:13 AM org.openqa.selenium.remote.ProtocolHandshake createSession
[MASTER] 10:58:13.384 [Thread-3] ERROR ExternalProcessHandler - Aug 14, 2020 2:58:13 AM org.openqa.selenium.remote.ProtocolHandshake createSession

INFO: Detected dialect: OSS
[MASTER] 10:58:13.384 [Thread-3] ERROR ExternalProcessHandler - INFO: Detected dialect: OSS

Aug 14, 2020 2:58:15 AM org.openqa.selenium.remote.ProtocolHandshake createSession
[MASTER] 10:58:15.891 [Thread-3] ERROR ExternalProcessHandler - Aug 14, 2020 2:58:15 AM org.openqa.selenium.remote.ProtocolHandshake createSession

INFO: Detected dialect: OSS
[MASTER] 10:58:15.891 [Thread-3] ERROR ExternalProcessHandler - INFO: Detected dialect: OSS

Aug 14, 2020 2:58:19 AM org.openqa.selenium.remote.ProtocolHandshake createSession
[MASTER] 10:58:19.439 [Thread-3] ERROR ExternalProcessHandler - Aug 14, 2020 2:58:19 AM org.openqa.selenium.remote.ProtocolHandshake createSession

INFO: Detected dialect: OSS
[MASTER] 10:58:19.439 [Thread-3] ERROR ExternalProcessHandler - INFO: Detected dialect: OSS

Aug 14, 2020 2:58:20 AM org.openqa.selenium.remote.ProtocolHandshake createSession
[MASTER] 10:58:20.866 [Thread-3] ERROR ExternalProcessHandler - Aug 14, 2020 2:58:20 AM org.openqa.selenium.remote.ProtocolHandshake createSession

INFO: Detected dialect: OSS
[MASTER] 10:58:20.866 [Thread-3] ERROR ExternalProcessHandler - INFO: Detected dialect: OSS

Aug 14, 2020 2:58:22 AM po_utils.PageObjectLogging logInfo
[MASTER] 10:58:22.590 [Thread-3] ERROR ExternalProcessHandler - Aug 14, 2020 2:58:22 AM po_utils.PageObjectLogging logInfo

INFO: waitForElementBeingPresentOnPage timeout exception: unable to locate the element By.xpath: //button[text()="Create a new session"]
[MASTER] 10:58:22.590 [Thread-3] ERROR ExternalProcessHandler - INFO: waitForElementBeingPresentOnPage timeout exception: unable to locate the element By.xpath: //button[text()="Create a new session"]


[MASTER] 10:58:22.590 [Thread-3] ERROR ExternalProcessHandler - 


[MASTER] 10:58:22.590 [Thread-3] ERROR ExternalProcessHandler - 

Aug 14, 2020 2:58:24 AM org.openqa.selenium.remote.ProtocolHandshake createSession
[MASTER] 10:58:24.079 [Thread-3] ERROR ExternalProcessHandler - Aug 14, 2020 2:58:24 AM org.openqa.selenium.remote.ProtocolHandshake createSession

INFO: Detected dialect: OSS
[MASTER] 10:58:24.079 [Thread-3] ERROR ExternalProcessHandler - INFO: Detected dialect: OSS

Aug 14, 2020 2:58:30 AM po_utils.PageObjectLogging logInfo
[MASTER] 10:58:30.491 [Thread-3] ERROR ExternalProcessHandler - Aug 14, 2020 2:58:30 AM po_utils.PageObjectLogging logInfo

INFO: waitForElementBeingPresentOnPage timeout exception: unable to locate the element By.xpath: //button[text()="Create a new session"]
[MASTER] 10:58:30.492 [Thread-3] ERROR ExternalProcessHandler - INFO: waitForElementBeingPresentOnPage timeout exception: unable to locate the element By.xpath: //button[text()="Create a new session"]


[MASTER] 10:58:30.492 [Thread-3] ERROR ExternalProcessHandler - 


[MASTER] 10:58:30.492 [Thread-3] ERROR ExternalProcessHandler - 

Aug 14, 2020 2:58:33 AM org.openqa.selenium.remote.ProtocolHandshake createSession
[MASTER] 10:58:33.365 [Thread-3] ERROR ExternalProcessHandler - Aug 14, 2020 2:58:33 AM org.openqa.selenium.remote.ProtocolHandshake createSession

INFO: Detected dialect: OSS
[MASTER] 10:58:33.365 [Thread-3] ERROR ExternalProcessHandler - INFO: Detected dialect: OSS

Aug 14, 2020 2:58:44 AM po_utils.PageObjectLogging logInfo
[MASTER] 10:58:44.463 [Thread-3] ERROR ExternalProcessHandler - Aug 14, 2020 2:58:44 AM po_utils.PageObjectLogging logInfo

INFO: waitForElementBeingPresentOnPage timeout exception: unable to locate the element By.xpath: //button[text()="Create a new session"]
[MASTER] 10:58:44.463 [Thread-3] ERROR ExternalProcessHandler - INFO: waitForElementBeingPresentOnPage timeout exception: unable to locate the element By.xpath: //button[text()="Create a new session"]


[MASTER] 10:58:44.463 [Thread-3] ERROR ExternalProcessHandler - 


[MASTER] 10:58:44.463 [Thread-3] ERROR ExternalProcessHandler - 

Aug 14, 2020 2:58:48 AM org.openqa.selenium.remote.ProtocolHandshake createSession
[MASTER] 10:58:48.653 [Thread-3] ERROR ExternalProcessHandler - Aug 14, 2020 2:58:48 AM org.openqa.selenium.remote.ProtocolHandshake createSession

INFO: Detected dialect: OSS
[MASTER] 10:58:48.653 [Thread-3] ERROR ExternalProcessHandler - INFO: Detected dialect: OSS

Aug 14, 2020 2:59:04 AM po_utils.PageObjectLogging logInfo
[MASTER] 10:59:04.340 [Thread-3] ERROR ExternalProcessHandler - Aug 14, 2020 2:59:04 AM po_utils.PageObjectLogging logInfo

INFO: waitForElementBeingPresentOnPage timeout exception: unable to locate the element By.xpath: //button[text()="Create a new session"]
[MASTER] 10:59:04.341 [Thread-3] ERROR ExternalProcessHandler - INFO: waitForElementBeingPresentOnPage timeout exception: unable to locate the element By.xpath: //button[text()="Create a new session"]


[MASTER] 10:59:04.341 [Thread-3] ERROR ExternalProcessHandler - 


[MASTER] 10:59:04.341 [Thread-3] ERROR ExternalProcessHandler - 

[MASTER] 10:59:09.779 [logback-2] ERROR TestCaseExecutor - TG: Exception caught: 
java.lang.IllegalStateException: Test generation failed: page object bug.
	at org.evosuite.testcase.execution.TestCaseExecutor.runTest(TestCaseExecutor.java:322) ~[evosuite-client-1.0.4-SNAPSHOT.jar:na]
	at org.evosuite.testcase.TestFitnessFunction.runTest(TestFitnessFunction.java:91) [evosuite-client-1.0.4-SNAPSHOT.jar:na]
	at org.evosuite.testcase.TestFitnessFunction.getFitness(TestFitnessFunction.java:60) [evosuite-client-1.0.4-SNAPSHOT.jar:na]
	at org.evosuite.testcase.TestFitnessFunction.getFitness(TestFitnessFunction.java:34) [evosuite-client-1.0.4-SNAPSHOT.jar:na]
	at org.evosuite.ga.metaheuristics.art.AdaptiveRandomSearch.calculateFitness(AdaptiveRandomSearch.java:312) [evosuite-client-1.0.4-SNAPSHOT.jar:na]
	at org.evosuite.ga.metaheuristics.art.AdaptiveRandomSearch.evolve(AdaptiveRandomSearch.java:139) [evosuite-client-1.0.4-SNAPSHOT.jar:na]
	at org.evosuite.ga.metaheuristics.art.AdaptiveRandomSearch.generateSolution(AdaptiveRandomSearch.java:270) [evosuite-client-1.0.4-SNAPSHOT.jar:na]
	at org.evosuite.strategy.AdaptiveRandomTestStrategy.generateTests(AdaptiveRandomTestStrategy.java:118) [evosuite-client-1.0.4-SNAPSHOT.jar:na]
	at org.evosuite.TestSuiteGenerator.generateTests(TestSuiteGenerator.java:654) [evosuite-client-1.0.4-SNAPSHOT.jar:na]
	at org.evosuite.TestSuiteGenerator.generateTestSuite(TestSuiteGenerator.java:213) [evosuite-client-1.0.4-SNAPSHOT.jar:na]
	at org.evosuite.rmi.service.ClientNodeImpl$1.run(ClientNodeImpl.java:145) [evosuite-client-1.0.4-SNAPSHOT.jar:na]
	at java.util.concurrent.Executors$RunnableAdapter.call(Executors.java:511) [na:1.8.0_265]
	at java.util.concurrent.FutureTask.run(FutureTask.java:266) [na:1.8.0_265]
	at java.util.concurrent.ThreadPoolExecutor.runWorker(ThreadPoolExecutor.java:1149) [na:1.8.0_265]
	at java.util.concurrent.ThreadPoolExecutor$Worker.run(ThreadPoolExecutor.java:624) [na:1.8.0_265]
	at java.lang.Thread.run(Thread.java:748) [na:1.8.0_265]
Aug 14, 2020 2:59:09 AM org.openqa.selenium.remote.ProtocolHandshake createSession
[MASTER] 10:59:09.969 [Thread-3] ERROR ExternalProcessHandler - Aug 14, 2020 2:59:09 AM org.openqa.selenium.remote.ProtocolHandshake createSession

INFO: Detected dialect: OSS
[MASTER] 10:59:09.969 [Thread-3] ERROR ExternalProcessHandler - INFO: Detected dialect: OSS

Aug 14, 2020 2:59:14 AM org.openqa.selenium.remote.ProtocolHandshake createSession
[MASTER] 10:59:14.116 [Thread-3] ERROR ExternalProcessHandler - Aug 14, 2020 2:59:14 AM org.openqa.selenium.remote.ProtocolHandshake createSession

INFO: Detected dialect: OSS
[MASTER] 10:59:14.116 [Thread-3] ERROR ExternalProcessHandler - INFO: Detected dialect: OSS

Aug 14, 2020 2:59:24 AM org.openqa.selenium.remote.ProtocolHandshake createSession
[MASTER] 10:59:24.463 [Thread-3] ERROR ExternalProcessHandler - Aug 14, 2020 2:59:24 AM org.openqa.selenium.remote.ProtocolHandshake createSession

INFO: Detected dialect: OSS
[MASTER] 10:59:24.463 [Thread-3] ERROR ExternalProcessHandler - INFO: Detected dialect: OSS

Aug 14, 2020 2:59:40 AM org.openqa.selenium.remote.ProtocolHandshake createSession
[MASTER] 10:59:40.700 [Thread-3] ERROR ExternalProcessHandler - Aug 14, 2020 2:59:40 AM org.openqa.selenium.remote.ProtocolHandshake createSession

INFO: Detected dialect: OSS
[MASTER] 10:59:40.700 [Thread-3] ERROR ExternalProcessHandler - INFO: Detected dialect: OSS

[MASTER] 11:00:02.872 [logback-2] ERROR TestCaseExecutor - TG: Exception caught: 
java.lang.IllegalStateException: Test generation failed: page object bug.
	at org.evosuite.testcase.execution.TestCaseExecutor.runTest(TestCaseExecutor.java:322) ~[evosuite-client-1.0.4-SNAPSHOT.jar:na]
	at org.evosuite.testcase.TestFitnessFunction.runTest(TestFitnessFunction.java:91) [evosuite-client-1.0.4-SNAPSHOT.jar:na]
	at org.evosuite.testcase.TestFitnessFunction.getFitness(TestFitnessFunction.java:60) [evosuite-client-1.0.4-SNAPSHOT.jar:na]
	at org.evosuite.testcase.TestFitnessFunction.getFitness(TestFitnessFunction.java:34) [evosuite-client-1.0.4-SNAPSHOT.jar:na]
	at org.evosuite.ga.metaheuristics.art.AdaptiveRandomSearch.calculateFitness(AdaptiveRandomSearch.java:312) [evosuite-client-1.0.4-SNAPSHOT.jar:na]
	at org.evosuite.ga.metaheuristics.art.AdaptiveRandomSearch.evolve(AdaptiveRandomSearch.java:139) [evosuite-client-1.0.4-SNAPSHOT.jar:na]
	at org.evosuite.ga.metaheuristics.art.AdaptiveRandomSearch.generateSolution(AdaptiveRandomSearch.java:270) [evosuite-client-1.0.4-SNAPSHOT.jar:na]
	at org.evosuite.strategy.AdaptiveRandomTestStrategy.generateTests(AdaptiveRandomTestStrategy.java:118) [evosuite-client-1.0.4-SNAPSHOT.jar:na]
	at org.evosuite.TestSuiteGenerator.generateTests(TestSuiteGenerator.java:654) [evosuite-client-1.0.4-SNAPSHOT.jar:na]
	at org.evosuite.TestSuiteGenerator.generateTestSuite(TestSuiteGenerator.java:213) [evosuite-client-1.0.4-SNAPSHOT.jar:na]
	at org.evosuite.rmi.service.ClientNodeImpl$1.run(ClientNodeImpl.java:145) [evosuite-client-1.0.4-SNAPSHOT.jar:na]
	at java.util.concurrent.Executors$RunnableAdapter.call(Executors.java:511) [na:1.8.0_265]
	at java.util.concurrent.FutureTask.run(FutureTask.java:266) [na:1.8.0_265]
	at java.util.concurrent.ThreadPoolExecutor.runWorker(ThreadPoolExecutor.java:1149) [na:1.8.0_265]
	at java.util.concurrent.ThreadPoolExecutor$Worker.run(ThreadPoolExecutor.java:624) [na:1.8.0_265]
	at java.lang.Thread.run(Thread.java:748) [na:1.8.0_265]
Aug 14, 2020 3:00:03 AM org.openqa.selenium.remote.ProtocolHandshake createSession
[MASTER] 11:00:03.069 [Thread-3] ERROR ExternalProcessHandler - Aug 14, 2020 3:00:03 AM org.openqa.selenium.remote.ProtocolHandshake createSession

INFO: Detected dialect: OSS
[MASTER] 11:00:03.069 [Thread-3] ERROR ExternalProcessHandler - INFO: Detected dialect: OSS

Aug 14, 2020 3:00:05 AM org.openqa.selenium.remote.ProtocolHandshake createSession
[MASTER] 11:00:05.001 [Thread-3] ERROR ExternalProcessHandler - Aug 14, 2020 3:00:05 AM org.openqa.selenium.remote.ProtocolHandshake createSession

INFO: Detected dialect: OSS
[MASTER] 11:00:05.001 [Thread-3] ERROR ExternalProcessHandler - INFO: Detected dialect: OSS

Aug 14, 2020 3:00:06 AM org.openqa.selenium.remote.ProtocolHandshake createSession
[MASTER] 11:00:06.209 [Thread-3] ERROR ExternalProcessHandler - Aug 14, 2020 3:00:06 AM org.openqa.selenium.remote.ProtocolHandshake createSession

INFO: Detected dialect: OSS
[MASTER] 11:00:06.210 [Thread-3] ERROR ExternalProcessHandler - INFO: Detected dialect: OSS

Aug 14, 2020 3:00:07 AM po_utils.PageObjectLogging logInfo
[MASTER] 11:00:07.529 [Thread-3] ERROR ExternalProcessHandler - Aug 14, 2020 3:00:07 AM po_utils.PageObjectLogging logInfo

INFO: waitForElementBeingPresentOnPage timeout exception: unable to locate the element By.xpath: //button[text()="Create a new session"]
[MASTER] 11:00:07.530 [Thread-3] ERROR ExternalProcessHandler - INFO: waitForElementBeingPresentOnPage timeout exception: unable to locate the element By.xpath: //button[text()="Create a new session"]


[MASTER] 11:00:07.530 [Thread-3] ERROR ExternalProcessHandler - 


[MASTER] 11:00:07.530 [Thread-3] ERROR ExternalProcessHandler - 

Aug 14, 2020 3:00:08 AM org.openqa.selenium.remote.ProtocolHandshake createSession
[MASTER] 11:00:08.846 [Thread-3] ERROR ExternalProcessHandler - Aug 14, 2020 3:00:08 AM org.openqa.selenium.remote.ProtocolHandshake createSession

INFO: Detected dialect: OSS
[MASTER] 11:00:08.846 [Thread-3] ERROR ExternalProcessHandler - INFO: Detected dialect: OSS

Aug 14, 2020 3:00:10 AM org.openqa.selenium.remote.ProtocolHandshake createSession
[MASTER] 11:00:10.293 [Thread-3] ERROR ExternalProcessHandler - Aug 14, 2020 3:00:10 AM org.openqa.selenium.remote.ProtocolHandshake createSession

INFO: Detected dialect: OSS
[MASTER] 11:00:10.293 [Thread-3] ERROR ExternalProcessHandler - INFO: Detected dialect: OSS

Aug 14, 2020 3:00:11 AM org.openqa.selenium.remote.ProtocolHandshake createSession
[MASTER] 11:00:11.303 [Thread-3] ERROR ExternalProcessHandler - Aug 14, 2020 3:00:11 AM org.openqa.selenium.remote.ProtocolHandshake createSession

INFO: Detected dialect: OSS
[MASTER] 11:00:11.303 [Thread-3] ERROR ExternalProcessHandler - INFO: Detected dialect: OSS

Aug 14, 2020 3:00:12 AM org.openqa.selenium.remote.ProtocolHandshake createSession
[MASTER] 11:00:12.244 [Thread-3] ERROR ExternalProcessHandler - Aug 14, 2020 3:00:12 AM org.openqa.selenium.remote.ProtocolHandshake createSession

INFO: Detected dialect: OSS
[MASTER] 11:00:12.244 [Thread-3] ERROR ExternalProcessHandler - INFO: Detected dialect: OSS

Aug 14, 2020 3:00:15 AM org.openqa.selenium.remote.ProtocolHandshake createSession
[MASTER] 11:00:15.438 [Thread-3] ERROR ExternalProcessHandler - Aug 14, 2020 3:00:15 AM org.openqa.selenium.remote.ProtocolHandshake createSession

INFO: Detected dialect: OSS
[MASTER] 11:00:15.438 [Thread-3] ERROR ExternalProcessHandler - INFO: Detected dialect: OSS

Aug 14, 2020 3:00:24 AM org.openqa.selenium.remote.ProtocolHandshake createSession
[MASTER] 11:00:24.465 [Thread-3] ERROR ExternalProcessHandler - Aug 14, 2020 3:00:24 AM org.openqa.selenium.remote.ProtocolHandshake createSession

INFO: Detected dialect: OSS
[MASTER] 11:00:24.465 [Thread-3] ERROR ExternalProcessHandler - INFO: Detected dialect: OSS

Aug 14, 2020 3:00:39 AM org.openqa.selenium.remote.ProtocolHandshake createSession
[MASTER] 11:00:39.475 [Thread-3] ERROR ExternalProcessHandler - Aug 14, 2020 3:00:39 AM org.openqa.selenium.remote.ProtocolHandshake createSession

INFO: Detected dialect: OSS
[MASTER] 11:00:39.475 [Thread-3] ERROR ExternalProcessHandler - INFO: Detected dialect: OSS

Aug 14, 2020 3:00:40 AM org.openqa.selenium.remote.ProtocolHandshake createSession
[MASTER] 11:00:40.974 [Thread-3] ERROR ExternalProcessHandler - Aug 14, 2020 3:00:40 AM org.openqa.selenium.remote.ProtocolHandshake createSession

INFO: Detected dialect: OSS
[MASTER] 11:00:40.975 [Thread-3] ERROR ExternalProcessHandler - INFO: Detected dialect: OSS

Aug 14, 2020 3:00:42 AM po_utils.PageObjectLogging logInfo
[MASTER] 11:00:42.240 [Thread-3] ERROR ExternalProcessHandler - Aug 14, 2020 3:00:42 AM po_utils.PageObjectLogging logInfo

INFO: waitForElementBeingPresentOnPage timeout exception: unable to locate the element By.xpath: //button[text()="Create a new session"]
[MASTER] 11:00:42.241 [Thread-3] ERROR ExternalProcessHandler - INFO: waitForElementBeingPresentOnPage timeout exception: unable to locate the element By.xpath: //button[text()="Create a new session"]


[MASTER] 11:00:42.241 [Thread-3] ERROR ExternalProcessHandler - 


[MASTER] 11:00:42.241 [Thread-3] ERROR ExternalProcessHandler - 

Aug 14, 2020 3:00:43 AM org.openqa.selenium.remote.ProtocolHandshake createSession
[MASTER] 11:00:43.206 [Thread-3] ERROR ExternalProcessHandler - Aug 14, 2020 3:00:43 AM org.openqa.selenium.remote.ProtocolHandshake createSession

INFO: Detected dialect: OSS
[MASTER] 11:00:43.206 [Thread-3] ERROR ExternalProcessHandler - INFO: Detected dialect: OSS

Aug 14, 2020 3:00:45 AM po_utils.PageObjectLogging logInfo
[MASTER] 11:00:45.359 [Thread-3] ERROR ExternalProcessHandler - Aug 14, 2020 3:00:45 AM po_utils.PageObjectLogging logInfo

INFO: waitForElementBeingPresentOnPage timeout exception: unable to locate the element By.xpath: //button[text()="Create a new session"]
[MASTER] 11:00:45.360 [Thread-3] ERROR ExternalProcessHandler - INFO: waitForElementBeingPresentOnPage timeout exception: unable to locate the element By.xpath: //button[text()="Create a new session"]


[MASTER] 11:00:45.360 [Thread-3] ERROR ExternalProcessHandler - 


[MASTER] 11:00:45.360 [Thread-3] ERROR ExternalProcessHandler - 

Aug 14, 2020 3:00:45 AM po_utils.PageObjectLogging logInfo
[MASTER] 11:00:45.764 [Thread-3] ERROR ExternalProcessHandler - Aug 14, 2020 3:00:45 AM po_utils.PageObjectLogging logInfo

INFO: waitForElementBeingPresentOnPage timeout exception: unable to locate the element By.xpath: //button[text()="Create a new session"]
[MASTER] 11:00:45.765 [Thread-3] ERROR ExternalProcessHandler - INFO: waitForElementBeingPresentOnPage timeout exception: unable to locate the element By.xpath: //button[text()="Create a new session"]


[MASTER] 11:00:45.765 [Thread-3] ERROR ExternalProcessHandler - 


[MASTER] 11:00:45.765 [Thread-3] ERROR ExternalProcessHandler - 

Aug 14, 2020 3:00:47 AM org.openqa.selenium.remote.ProtocolHandshake createSession
[MASTER] 11:00:47.398 [Thread-3] ERROR ExternalProcessHandler - Aug 14, 2020 3:00:47 AM org.openqa.selenium.remote.ProtocolHandshake createSession

INFO: Detected dialect: OSS
[MASTER] 11:00:47.398 [Thread-3] ERROR ExternalProcessHandler - INFO: Detected dialect: OSS

Aug 14, 2020 3:00:52 AM org.openqa.selenium.remote.ProtocolHandshake createSession
[MASTER] 11:00:52.375 [Thread-3] ERROR ExternalProcessHandler - Aug 14, 2020 3:00:52 AM org.openqa.selenium.remote.ProtocolHandshake createSession

INFO: Detected dialect: OSS
[MASTER] 11:00:52.375 [Thread-3] ERROR ExternalProcessHandler - INFO: Detected dialect: OSS

Aug 14, 2020 3:01:03 AM org.openqa.selenium.remote.ProtocolHandshake createSession
[MASTER] 11:01:03.209 [Thread-3] ERROR ExternalProcessHandler - Aug 14, 2020 3:01:03 AM org.openqa.selenium.remote.ProtocolHandshake createSession

INFO: Detected dialect: OSS
[MASTER] 11:01:03.210 [Thread-3] ERROR ExternalProcessHandler - INFO: Detected dialect: OSS

Aug 14, 2020 3:01:19 AM org.openqa.selenium.remote.ProtocolHandshake createSession
[MASTER] 11:01:19.982 [Thread-3] ERROR ExternalProcessHandler - Aug 14, 2020 3:01:19 AM org.openqa.selenium.remote.ProtocolHandshake createSession

INFO: Detected dialect: OSS
[MASTER] 11:01:19.982 [Thread-3] ERROR ExternalProcessHandler - INFO: Detected dialect: OSS

[MASTER] 11:01:42.508 [logback-2] ERROR TestCaseExecutor - TG: Exception caught: 
java.lang.IllegalStateException: Test generation failed: page object bug.
	at org.evosuite.testcase.execution.TestCaseExecutor.runTest(TestCaseExecutor.java:322) ~[evosuite-client-1.0.4-SNAPSHOT.jar:na]
	at org.evosuite.testcase.TestFitnessFunction.runTest(TestFitnessFunction.java:91) [evosuite-client-1.0.4-SNAPSHOT.jar:na]
	at org.evosuite.testcase.TestFitnessFunction.getFitness(TestFitnessFunction.java:60) [evosuite-client-1.0.4-SNAPSHOT.jar:na]
	at org.evosuite.testcase.TestFitnessFunction.getFitness(TestFitnessFunction.java:34) [evosuite-client-1.0.4-SNAPSHOT.jar:na]
	at org.evosuite.ga.metaheuristics.art.AdaptiveRandomSearch.calculateFitness(AdaptiveRandomSearch.java:312) [evosuite-client-1.0.4-SNAPSHOT.jar:na]
	at org.evosuite.ga.metaheuristics.art.AdaptiveRandomSearch.evolve(AdaptiveRandomSearch.java:139) [evosuite-client-1.0.4-SNAPSHOT.jar:na]
	at org.evosuite.ga.metaheuristics.art.AdaptiveRandomSearch.generateSolution(AdaptiveRandomSearch.java:270) [evosuite-client-1.0.4-SNAPSHOT.jar:na]
	at org.evosuite.strategy.AdaptiveRandomTestStrategy.generateTests(AdaptiveRandomTestStrategy.java:118) [evosuite-client-1.0.4-SNAPSHOT.jar:na]
	at org.evosuite.TestSuiteGenerator.generateTests(TestSuiteGenerator.java:654) [evosuite-client-1.0.4-SNAPSHOT.jar:na]
	at org.evosuite.TestSuiteGenerator.generateTestSuite(TestSuiteGenerator.java:213) [evosuite-client-1.0.4-SNAPSHOT.jar:na]
	at org.evosuite.rmi.service.ClientNodeImpl$1.run(ClientNodeImpl.java:145) [evosuite-client-1.0.4-SNAPSHOT.jar:na]
	at java.util.concurrent.Executors$RunnableAdapter.call(Executors.java:511) [na:1.8.0_265]
	at java.util.concurrent.FutureTask.run(FutureTask.java:266) [na:1.8.0_265]
	at java.util.concurrent.ThreadPoolExecutor.runWorker(ThreadPoolExecutor.java:1149) [na:1.8.0_265]
	at java.util.concurrent.ThreadPoolExecutor$Worker.run(ThreadPoolExecutor.java:624) [na:1.8.0_265]
	at java.lang.Thread.run(Thread.java:748) [na:1.8.0_265]
Aug 14, 2020 3:01:42 AM org.openqa.selenium.remote.ProtocolHandshake createSession
[MASTER] 11:01:42.697 [Thread-3] ERROR ExternalProcessHandler - Aug 14, 2020 3:01:42 AM org.openqa.selenium.remote.ProtocolHandshake createSession

INFO: Detected dialect: OSS
[MASTER] 11:01:42.697 [Thread-3] ERROR ExternalProcessHandler - INFO: Detected dialect: OSS

Aug 14, 2020 3:01:43 AM org.openqa.selenium.remote.ProtocolHandshake createSession
[MASTER] 11:01:43.783 [Thread-3] ERROR ExternalProcessHandler - Aug 14, 2020 3:01:43 AM org.openqa.selenium.remote.ProtocolHandshake createSession

INFO: Detected dialect: OSS
[MASTER] 11:01:43.783 [Thread-3] ERROR ExternalProcessHandler - INFO: Detected dialect: OSS

Aug 14, 2020 3:01:44 AM org.openqa.selenium.remote.ProtocolHandshake createSession
[MASTER] 11:01:44.736 [Thread-3] ERROR ExternalProcessHandler - Aug 14, 2020 3:01:44 AM org.openqa.selenium.remote.ProtocolHandshake createSession

INFO: Detected dialect: OSS
[MASTER] 11:01:44.736 [Thread-3] ERROR ExternalProcessHandler - INFO: Detected dialect: OSS

Aug 14, 2020 3:01:45 AM org.openqa.selenium.remote.ProtocolHandshake createSession
[MASTER] 11:01:45.976 [Thread-3] ERROR ExternalProcessHandler - Aug 14, 2020 3:01:45 AM org.openqa.selenium.remote.ProtocolHandshake createSession

INFO: Detected dialect: OSS
[MASTER] 11:01:45.976 [Thread-3] ERROR ExternalProcessHandler - INFO: Detected dialect: OSS

Aug 14, 2020 3:01:46 AM org.openqa.selenium.remote.ProtocolHandshake createSession
[MASTER] 11:01:46.923 [Thread-3] ERROR ExternalProcessHandler - Aug 14, 2020 3:01:46 AM org.openqa.selenium.remote.ProtocolHandshake createSession

INFO: Detected dialect: OSS
[MASTER] 11:01:46.923 [Thread-3] ERROR ExternalProcessHandler - INFO: Detected dialect: OSS

Aug 14, 2020 3:01:50 AM org.openqa.selenium.remote.ProtocolHandshake createSession
[MASTER] 11:01:50.151 [Thread-3] ERROR ExternalProcessHandler - Aug 14, 2020 3:01:50 AM org.openqa.selenium.remote.ProtocolHandshake createSession

INFO: Detected dialect: OSS
[MASTER] 11:01:50.151 [Thread-3] ERROR ExternalProcessHandler - INFO: Detected dialect: OSS

Aug 14, 2020 3:01:52 AM org.openqa.selenium.remote.ProtocolHandshake createSession
[MASTER] 11:01:52.544 [Thread-3] ERROR ExternalProcessHandler - Aug 14, 2020 3:01:52 AM org.openqa.selenium.remote.ProtocolHandshake createSession

INFO: Detected dialect: OSS
[MASTER] 11:01:52.544 [Thread-3] ERROR ExternalProcessHandler - INFO: Detected dialect: OSS

Aug 14, 2020 3:02:01 AM org.openqa.selenium.remote.ProtocolHandshake createSession
[MASTER] 11:02:01.245 [Thread-3] ERROR ExternalProcessHandler - Aug 14, 2020 3:02:01 AM org.openqa.selenium.remote.ProtocolHandshake createSession

INFO: Detected dialect: OSS
[MASTER] 11:02:01.245 [Thread-3] ERROR ExternalProcessHandler - INFO: Detected dialect: OSS

Aug 14, 2020 3:02:16 AM org.openqa.selenium.remote.ProtocolHandshake createSession
[MASTER] 11:02:16.153 [Thread-3] ERROR ExternalProcessHandler - Aug 14, 2020 3:02:16 AM org.openqa.selenium.remote.ProtocolHandshake createSession

INFO: Detected dialect: OSS
[MASTER] 11:02:16.154 [Thread-3] ERROR ExternalProcessHandler - INFO: Detected dialect: OSS

[MASTER] 11:02:37.170 [logback-2] ERROR TestCaseExecutor - TG: Exception caught: 
java.lang.IllegalStateException: Test generation failed: page object bug.
	at org.evosuite.testcase.execution.TestCaseExecutor.runTest(TestCaseExecutor.java:322) ~[evosuite-client-1.0.4-SNAPSHOT.jar:na]
	at org.evosuite.testcase.TestFitnessFunction.runTest(TestFitnessFunction.java:91) [evosuite-client-1.0.4-SNAPSHOT.jar:na]
	at org.evosuite.testcase.TestFitnessFunction.getFitness(TestFitnessFunction.java:60) [evosuite-client-1.0.4-SNAPSHOT.jar:na]
	at org.evosuite.testcase.TestFitnessFunction.getFitness(TestFitnessFunction.java:34) [evosuite-client-1.0.4-SNAPSHOT.jar:na]
	at org.evosuite.ga.metaheuristics.art.AdaptiveRandomSearch.calculateFitness(AdaptiveRandomSearch.java:312) [evosuite-client-1.0.4-SNAPSHOT.jar:na]
	at org.evosuite.ga.metaheuristics.art.AdaptiveRandomSearch.evolve(AdaptiveRandomSearch.java:139) [evosuite-client-1.0.4-SNAPSHOT.jar:na]
	at org.evosuite.ga.metaheuristics.art.AdaptiveRandomSearch.generateSolution(AdaptiveRandomSearch.java:270) [evosuite-client-1.0.4-SNAPSHOT.jar:na]
	at org.evosuite.strategy.AdaptiveRandomTestStrategy.generateTests(AdaptiveRandomTestStrategy.java:118) [evosuite-client-1.0.4-SNAPSHOT.jar:na]
	at org.evosuite.TestSuiteGenerator.generateTests(TestSuiteGenerator.java:654) [evosuite-client-1.0.4-SNAPSHOT.jar:na]
	at org.evosuite.TestSuiteGenerator.generateTestSuite(TestSuiteGenerator.java:213) [evosuite-client-1.0.4-SNAPSHOT.jar:na]
	at org.evosuite.rmi.service.ClientNodeImpl$1.run(ClientNodeImpl.java:145) [evosuite-client-1.0.4-SNAPSHOT.jar:na]
	at java.util.concurrent.Executors$RunnableAdapter.call(Executors.java:511) [na:1.8.0_265]
	at java.util.concurrent.FutureTask.run(FutureTask.java:266) [na:1.8.0_265]
	at java.util.concurrent.ThreadPoolExecutor.runWorker(ThreadPoolExecutor.java:1149) [na:1.8.0_265]
	at java.util.concurrent.ThreadPoolExecutor$Worker.run(ThreadPoolExecutor.java:624) [na:1.8.0_265]
	at java.lang.Thread.run(Thread.java:748) [na:1.8.0_265]
Aug 14, 2020 3:02:37 AM org.openqa.selenium.remote.ProtocolHandshake createSession
[MASTER] 11:02:37.379 [Thread-3] ERROR ExternalProcessHandler - Aug 14, 2020 3:02:37 AM org.openqa.selenium.remote.ProtocolHandshake createSession

INFO: Detected dialect: OSS
[MASTER] 11:02:37.379 [Thread-3] ERROR ExternalProcessHandler - INFO: Detected dialect: OSS

Aug 14, 2020 3:02:39 AM org.openqa.selenium.remote.ProtocolHandshake createSession
[MASTER] 11:02:39.262 [Thread-3] ERROR ExternalProcessHandler - Aug 14, 2020 3:02:39 AM org.openqa.selenium.remote.ProtocolHandshake createSession

INFO: Detected dialect: OSS
[MASTER] 11:02:39.262 [Thread-3] ERROR ExternalProcessHandler - INFO: Detected dialect: OSS

Aug 14, 2020 3:02:41 AM org.openqa.selenium.remote.ProtocolHandshake createSession
[MASTER] 11:02:41.565 [Thread-3] ERROR ExternalProcessHandler - Aug 14, 2020 3:02:41 AM org.openqa.selenium.remote.ProtocolHandshake createSession

INFO: Detected dialect: OSS
[MASTER] 11:02:41.566 [Thread-3] ERROR ExternalProcessHandler - INFO: Detected dialect: OSS

Aug 14, 2020 3:02:43 AM org.openqa.selenium.remote.ProtocolHandshake createSession
[MASTER] 11:02:43.004 [Thread-3] ERROR ExternalProcessHandler - Aug 14, 2020 3:02:43 AM org.openqa.selenium.remote.ProtocolHandshake createSession

INFO: Detected dialect: OSS
[MASTER] 11:02:43.004 [Thread-3] ERROR ExternalProcessHandler - INFO: Detected dialect: OSS

Aug 14, 2020 3:02:43 AM org.openqa.selenium.remote.ProtocolHandshake createSession
[MASTER] 11:02:43.989 [Thread-3] ERROR ExternalProcessHandler - Aug 14, 2020 3:02:43 AM org.openqa.selenium.remote.ProtocolHandshake createSession

INFO: Detected dialect: OSS
[MASTER] 11:02:43.989 [Thread-3] ERROR ExternalProcessHandler - INFO: Detected dialect: OSS

Aug 14, 2020 3:02:45 AM org.openqa.selenium.remote.ProtocolHandshake createSession
[MASTER] 11:02:45.154 [Thread-3] ERROR ExternalProcessHandler - Aug 14, 2020 3:02:45 AM org.openqa.selenium.remote.ProtocolHandshake createSession

INFO: Detected dialect: OSS
[MASTER] 11:02:45.154 [Thread-3] ERROR ExternalProcessHandler - INFO: Detected dialect: OSS

Aug 14, 2020 3:02:46 AM org.openqa.selenium.remote.ProtocolHandshake createSession
[MASTER] 11:02:46.117 [Thread-3] ERROR ExternalProcessHandler - Aug 14, 2020 3:02:46 AM org.openqa.selenium.remote.ProtocolHandshake createSession

INFO: Detected dialect: OSS
[MASTER] 11:02:46.117 [Thread-3] ERROR ExternalProcessHandler - INFO: Detected dialect: OSS

Aug 14, 2020 3:02:47 AM org.openqa.selenium.remote.ProtocolHandshake createSession
[MASTER] 11:02:47.371 [Thread-3] ERROR ExternalProcessHandler - Aug 14, 2020 3:02:47 AM org.openqa.selenium.remote.ProtocolHandshake createSession

INFO: Detected dialect: OSS
[MASTER] 11:02:47.371 [Thread-3] ERROR ExternalProcessHandler - INFO: Detected dialect: OSS

Aug 14, 2020 3:02:48 AM org.openqa.selenium.remote.ProtocolHandshake createSession
[MASTER] 11:02:48.866 [Thread-3] ERROR ExternalProcessHandler - Aug 14, 2020 3:02:48 AM org.openqa.selenium.remote.ProtocolHandshake createSession

INFO: Detected dialect: OSS
[MASTER] 11:02:48.866 [Thread-3] ERROR ExternalProcessHandler - INFO: Detected dialect: OSS

Aug 14, 2020 3:02:51 AM org.openqa.selenium.remote.ProtocolHandshake createSession
[MASTER] 11:02:51.319 [Thread-3] ERROR ExternalProcessHandler - Aug 14, 2020 3:02:51 AM org.openqa.selenium.remote.ProtocolHandshake createSession

INFO: Detected dialect: OSS
[MASTER] 11:02:51.319 [Thread-3] ERROR ExternalProcessHandler - INFO: Detected dialect: OSS

Aug 14, 2020 3:02:54 AM po_utils.PageObjectLogging logInfo
[MASTER] 11:02:54.774 [Thread-3] ERROR ExternalProcessHandler - Aug 14, 2020 3:02:54 AM po_utils.PageObjectLogging logInfo

INFO: waitForElementBeingPresentOnPage timeout exception: unable to locate the element By.xpath: //button[text()="Create a new session"]
[MASTER] 11:02:54.775 [Thread-3] ERROR ExternalProcessHandler - INFO: waitForElementBeingPresentOnPage timeout exception: unable to locate the element By.xpath: //button[text()="Create a new session"]


[MASTER] 11:02:54.775 [Thread-3] ERROR ExternalProcessHandler - 


[MASTER] 11:02:54.775 [Thread-3] ERROR ExternalProcessHandler - 

Aug 14, 2020 3:02:55 AM org.openqa.selenium.remote.ProtocolHandshake createSession
[MASTER] 11:02:55.542 [Thread-3] ERROR ExternalProcessHandler - Aug 14, 2020 3:02:55 AM org.openqa.selenium.remote.ProtocolHandshake createSession

INFO: Detected dialect: OSS
[MASTER] 11:02:55.542 [Thread-3] ERROR ExternalProcessHandler - INFO: Detected dialect: OSS

Aug 14, 2020 3:03:03 AM po_utils.PageObjectLogging logInfo
[MASTER] 11:03:03.143 [Thread-3] ERROR ExternalProcessHandler - Aug 14, 2020 3:03:03 AM po_utils.PageObjectLogging logInfo

INFO: waitForElementBeingPresentOnPage timeout exception: unable to locate the element By.xpath: //button[text()="Create a new session"]
[MASTER] 11:03:03.144 [Thread-3] ERROR ExternalProcessHandler - INFO: waitForElementBeingPresentOnPage timeout exception: unable to locate the element By.xpath: //button[text()="Create a new session"]


[MASTER] 11:03:03.144 [Thread-3] ERROR ExternalProcessHandler - 


[MASTER] 11:03:03.144 [Thread-3] ERROR ExternalProcessHandler - 

Aug 14, 2020 3:03:06 AM org.openqa.selenium.remote.ProtocolHandshake createSession
[MASTER] 11:03:06.046 [Thread-3] ERROR ExternalProcessHandler - Aug 14, 2020 3:03:06 AM org.openqa.selenium.remote.ProtocolHandshake createSession

INFO: Detected dialect: OSS
[MASTER] 11:03:06.046 [Thread-3] ERROR ExternalProcessHandler - INFO: Detected dialect: OSS

Aug 14, 2020 3:03:17 AM po_utils.PageObjectLogging logInfo
[MASTER] 11:03:17.794 [Thread-3] ERROR ExternalProcessHandler - Aug 14, 2020 3:03:17 AM po_utils.PageObjectLogging logInfo

INFO: waitForElementBeingPresentOnPage timeout exception: unable to locate the element By.xpath: //button[text()="Create a new session"]
[MASTER] 11:03:17.794 [Thread-3] ERROR ExternalProcessHandler - INFO: waitForElementBeingPresentOnPage timeout exception: unable to locate the element By.xpath: //button[text()="Create a new session"]


[MASTER] 11:03:17.794 [Thread-3] ERROR ExternalProcessHandler - 


[MASTER] 11:03:17.794 [Thread-3] ERROR ExternalProcessHandler - 

Aug 14, 2020 3:03:22 AM org.openqa.selenium.remote.ProtocolHandshake createSession
[MASTER] 11:03:22.811 [Thread-3] ERROR ExternalProcessHandler - Aug 14, 2020 3:03:22 AM org.openqa.selenium.remote.ProtocolHandshake createSession

INFO: Detected dialect: OSS
[MASTER] 11:03:22.811 [Thread-3] ERROR ExternalProcessHandler - INFO: Detected dialect: OSS

Aug 14, 2020 3:03:38 AM po_utils.PageObjectLogging logInfo
[MASTER] 11:03:38.497 [Thread-3] ERROR ExternalProcessHandler - Aug 14, 2020 3:03:38 AM po_utils.PageObjectLogging logInfo

INFO: waitForElementBeingPresentOnPage timeout exception: unable to locate the element By.xpath: //button[text()="Create a new session"]
[MASTER] 11:03:38.498 [Thread-3] ERROR ExternalProcessHandler - INFO: waitForElementBeingPresentOnPage timeout exception: unable to locate the element By.xpath: //button[text()="Create a new session"]


[MASTER] 11:03:38.498 [Thread-3] ERROR ExternalProcessHandler - 


[MASTER] 11:03:38.498 [Thread-3] ERROR ExternalProcessHandler - 

[MASTER] 11:03:45.544 [logback-2] ERROR TestCaseExecutor - TG: Exception caught: 
java.lang.IllegalStateException: Test generation failed: page object bug.
	at org.evosuite.testcase.execution.TestCaseExecutor.runTest(TestCaseExecutor.java:322) ~[evosuite-client-1.0.4-SNAPSHOT.jar:na]
	at org.evosuite.testcase.TestFitnessFunction.runTest(TestFitnessFunction.java:91) [evosuite-client-1.0.4-SNAPSHOT.jar:na]
	at org.evosuite.testcase.TestFitnessFunction.getFitness(TestFitnessFunction.java:60) [evosuite-client-1.0.4-SNAPSHOT.jar:na]
	at org.evosuite.testcase.TestFitnessFunction.getFitness(TestFitnessFunction.java:34) [evosuite-client-1.0.4-SNAPSHOT.jar:na]
	at org.evosuite.ga.metaheuristics.art.AdaptiveRandomSearch.calculateFitness(AdaptiveRandomSearch.java:312) [evosuite-client-1.0.4-SNAPSHOT.jar:na]
	at org.evosuite.ga.metaheuristics.art.AdaptiveRandomSearch.evolve(AdaptiveRandomSearch.java:139) [evosuite-client-1.0.4-SNAPSHOT.jar:na]
	at org.evosuite.ga.metaheuristics.art.AdaptiveRandomSearch.generateSolution(AdaptiveRandomSearch.java:270) [evosuite-client-1.0.4-SNAPSHOT.jar:na]
	at org.evosuite.strategy.AdaptiveRandomTestStrategy.generateTests(AdaptiveRandomTestStrategy.java:118) [evosuite-client-1.0.4-SNAPSHOT.jar:na]
	at org.evosuite.TestSuiteGenerator.generateTests(TestSuiteGenerator.java:654) [evosuite-client-1.0.4-SNAPSHOT.jar:na]
	at org.evosuite.TestSuiteGenerator.generateTestSuite(TestSuiteGenerator.java:213) [evosuite-client-1.0.4-SNAPSHOT.jar:na]
	at org.evosuite.rmi.service.ClientNodeImpl$1.run(ClientNodeImpl.java:145) [evosuite-client-1.0.4-SNAPSHOT.jar:na]
	at java.util.concurrent.Executors$RunnableAdapter.call(Executors.java:511) [na:1.8.0_265]
	at java.util.concurrent.FutureTask.run(FutureTask.java:266) [na:1.8.0_265]
	at java.util.concurrent.ThreadPoolExecutor.runWorker(ThreadPoolExecutor.java:1149) [na:1.8.0_265]
	at java.util.concurrent.ThreadPoolExecutor$Worker.run(ThreadPoolExecutor.java:624) [na:1.8.0_265]
	at java.lang.Thread.run(Thread.java:748) [na:1.8.0_265]
Aug 14, 2020 3:03:45 AM org.openqa.selenium.remote.ProtocolHandshake createSession
[MASTER] 11:03:45.766 [Thread-3] ERROR ExternalProcessHandler - Aug 14, 2020 3:03:45 AM org.openqa.selenium.remote.ProtocolHandshake createSession

INFO: Detected dialect: OSS
[MASTER] 11:03:45.767 [Thread-3] ERROR ExternalProcessHandler - INFO: Detected dialect: OSS

Aug 14, 2020 3:03:47 AM org.openqa.selenium.remote.ProtocolHandshake createSession
[MASTER] 11:03:47.097 [Thread-3] ERROR ExternalProcessHandler - Aug 14, 2020 3:03:47 AM org.openqa.selenium.remote.ProtocolHandshake createSession

INFO: Detected dialect: OSS
[MASTER] 11:03:47.097 [Thread-3] ERROR ExternalProcessHandler - INFO: Detected dialect: OSS

Aug 14, 2020 3:03:50 AM po_utils.PageObjectLogging logInfo
[MASTER] 11:03:50.103 [Thread-3] ERROR ExternalProcessHandler - Aug 14, 2020 3:03:50 AM po_utils.PageObjectLogging logInfo

INFO: waitForElementBeingPresentOnPage timeout exception: unable to locate the element By.xpath: //button[text()="Create a new session"]
[MASTER] 11:03:50.104 [Thread-3] ERROR ExternalProcessHandler - INFO: waitForElementBeingPresentOnPage timeout exception: unable to locate the element By.xpath: //button[text()="Create a new session"]


[MASTER] 11:03:50.104 [Thread-3] ERROR ExternalProcessHandler - 


[MASTER] 11:03:50.104 [Thread-3] ERROR ExternalProcessHandler - 

Aug 14, 2020 3:03:52 AM org.openqa.selenium.remote.ProtocolHandshake createSession
[MASTER] 11:03:52.107 [Thread-3] ERROR ExternalProcessHandler - Aug 14, 2020 3:03:52 AM org.openqa.selenium.remote.ProtocolHandshake createSession

INFO: Detected dialect: OSS
[MASTER] 11:03:52.107 [Thread-3] ERROR ExternalProcessHandler - INFO: Detected dialect: OSS

Aug 14, 2020 3:03:59 AM po_utils.PageObjectLogging logInfo
[MASTER] 11:03:59.417 [Thread-3] ERROR ExternalProcessHandler - Aug 14, 2020 3:03:59 AM po_utils.PageObjectLogging logInfo

INFO: waitForElementBeingPresentOnPage timeout exception: unable to locate the element By.xpath: //button[text()="Create a new session"]
[MASTER] 11:03:59.418 [Thread-3] ERROR ExternalProcessHandler - INFO: waitForElementBeingPresentOnPage timeout exception: unable to locate the element By.xpath: //button[text()="Create a new session"]


[MASTER] 11:03:59.418 [Thread-3] ERROR ExternalProcessHandler - 


[MASTER] 11:03:59.418 [Thread-3] ERROR ExternalProcessHandler - 

Aug 14, 2020 3:04:03 AM org.openqa.selenium.remote.ProtocolHandshake createSession
[MASTER] 11:04:03.255 [Thread-3] ERROR ExternalProcessHandler - Aug 14, 2020 3:04:03 AM org.openqa.selenium.remote.ProtocolHandshake createSession

INFO: Detected dialect: OSS
[MASTER] 11:04:03.255 [Thread-3] ERROR ExternalProcessHandler - INFO: Detected dialect: OSS

Aug 14, 2020 3:04:14 AM po_utils.PageObjectLogging logInfo
[MASTER] 11:04:14.714 [Thread-3] ERROR ExternalProcessHandler - Aug 14, 2020 3:04:14 AM po_utils.PageObjectLogging logInfo

INFO: waitForElementBeingPresentOnPage timeout exception: unable to locate the element By.xpath: //button[text()="Create a new session"]
[MASTER] 11:04:14.715 [Thread-3] ERROR ExternalProcessHandler - INFO: waitForElementBeingPresentOnPage timeout exception: unable to locate the element By.xpath: //button[text()="Create a new session"]


[MASTER] 11:04:14.715 [Thread-3] ERROR ExternalProcessHandler - 


[MASTER] 11:04:14.715 [Thread-3] ERROR ExternalProcessHandler - 

Aug 14, 2020 3:04:20 AM org.openqa.selenium.remote.ProtocolHandshake createSession
[MASTER] 11:04:20.276 [Thread-3] ERROR ExternalProcessHandler - Aug 14, 2020 3:04:20 AM org.openqa.selenium.remote.ProtocolHandshake createSession

INFO: Detected dialect: OSS
[MASTER] 11:04:20.276 [Thread-3] ERROR ExternalProcessHandler - INFO: Detected dialect: OSS

Aug 14, 2020 3:04:35 AM po_utils.PageObjectLogging logInfo
[MASTER] 11:04:35.925 [Thread-3] ERROR ExternalProcessHandler - Aug 14, 2020 3:04:35 AM po_utils.PageObjectLogging logInfo

INFO: waitForElementBeingPresentOnPage timeout exception: unable to locate the element By.xpath: //button[text()="Create a new session"]
[MASTER] 11:04:35.926 [Thread-3] ERROR ExternalProcessHandler - INFO: waitForElementBeingPresentOnPage timeout exception: unable to locate the element By.xpath: //button[text()="Create a new session"]


[MASTER] 11:04:35.926 [Thread-3] ERROR ExternalProcessHandler - 


[MASTER] 11:04:35.926 [Thread-3] ERROR ExternalProcessHandler - 

[MASTER] 11:04:43.202 [logback-2] ERROR TestCaseExecutor - TG: Exception caught: 
java.lang.IllegalStateException: Test generation failed: page object bug.
	at org.evosuite.testcase.execution.TestCaseExecutor.runTest(TestCaseExecutor.java:322) ~[evosuite-client-1.0.4-SNAPSHOT.jar:na]
	at org.evosuite.testcase.TestFitnessFunction.runTest(TestFitnessFunction.java:91) [evosuite-client-1.0.4-SNAPSHOT.jar:na]
	at org.evosuite.testcase.TestFitnessFunction.getFitness(TestFitnessFunction.java:60) [evosuite-client-1.0.4-SNAPSHOT.jar:na]
	at org.evosuite.testcase.TestFitnessFunction.getFitness(TestFitnessFunction.java:34) [evosuite-client-1.0.4-SNAPSHOT.jar:na]
	at org.evosuite.ga.metaheuristics.art.AdaptiveRandomSearch.calculateFitness(AdaptiveRandomSearch.java:312) [evosuite-client-1.0.4-SNAPSHOT.jar:na]
	at org.evosuite.ga.metaheuristics.art.AdaptiveRandomSearch.evolve(AdaptiveRandomSearch.java:139) [evosuite-client-1.0.4-SNAPSHOT.jar:na]
	at org.evosuite.ga.metaheuristics.art.AdaptiveRandomSearch.generateSolution(AdaptiveRandomSearch.java:270) [evosuite-client-1.0.4-SNAPSHOT.jar:na]
	at org.evosuite.strategy.AdaptiveRandomTestStrategy.generateTests(AdaptiveRandomTestStrategy.java:118) [evosuite-client-1.0.4-SNAPSHOT.jar:na]
	at org.evosuite.TestSuiteGenerator.generateTests(TestSuiteGenerator.java:654) [evosuite-client-1.0.4-SNAPSHOT.jar:na]
	at org.evosuite.TestSuiteGenerator.generateTestSuite(TestSuiteGenerator.java:213) [evosuite-client-1.0.4-SNAPSHOT.jar:na]
	at org.evosuite.rmi.service.ClientNodeImpl$1.run(ClientNodeImpl.java:145) [evosuite-client-1.0.4-SNAPSHOT.jar:na]
	at java.util.concurrent.Executors$RunnableAdapter.call(Executors.java:511) [na:1.8.0_265]
	at java.util.concurrent.FutureTask.run(FutureTask.java:266) [na:1.8.0_265]
	at java.util.concurrent.ThreadPoolExecutor.runWorker(ThreadPoolExecutor.java:1149) [na:1.8.0_265]
	at java.util.concurrent.ThreadPoolExecutor$Worker.run(ThreadPoolExecutor.java:624) [na:1.8.0_265]
	at java.lang.Thread.run(Thread.java:748) [na:1.8.0_265]
Aug 14, 2020 3:04:43 AM org.openqa.selenium.remote.ProtocolHandshake createSession
[MASTER] 11:04:43.394 [Thread-3] ERROR ExternalProcessHandler - Aug 14, 2020 3:04:43 AM org.openqa.selenium.remote.ProtocolHandshake createSession

INFO: Detected dialect: OSS
[MASTER] 11:04:43.394 [Thread-3] ERROR ExternalProcessHandler - INFO: Detected dialect: OSS

Aug 14, 2020 3:04:45 AM org.openqa.selenium.remote.ProtocolHandshake createSession
[MASTER] 11:04:45.088 [Thread-3] ERROR ExternalProcessHandler - Aug 14, 2020 3:04:45 AM org.openqa.selenium.remote.ProtocolHandshake createSession

INFO: Detected dialect: OSS
[MASTER] 11:04:45.088 [Thread-3] ERROR ExternalProcessHandler - INFO: Detected dialect: OSS

Aug 14, 2020 3:04:51 AM org.openqa.selenium.remote.ProtocolHandshake createSession
[MASTER] 11:04:51.065 [Thread-3] ERROR ExternalProcessHandler - Aug 14, 2020 3:04:51 AM org.openqa.selenium.remote.ProtocolHandshake createSession

INFO: Detected dialect: OSS
[MASTER] 11:04:51.065 [Thread-3] ERROR ExternalProcessHandler - INFO: Detected dialect: OSS

Aug 14, 2020 3:05:03 AM org.openqa.selenium.remote.ProtocolHandshake createSession
[MASTER] 11:05:03.083 [Thread-3] ERROR ExternalProcessHandler - Aug 14, 2020 3:05:03 AM org.openqa.selenium.remote.ProtocolHandshake createSession

INFO: Detected dialect: OSS
[MASTER] 11:05:03.083 [Thread-3] ERROR ExternalProcessHandler - INFO: Detected dialect: OSS

Aug 14, 2020 3:05:21 AM org.openqa.selenium.remote.ProtocolHandshake createSession
[MASTER] 11:05:21.163 [Thread-3] ERROR ExternalProcessHandler - Aug 14, 2020 3:05:21 AM org.openqa.selenium.remote.ProtocolHandshake createSession

INFO: Detected dialect: OSS
[MASTER] 11:05:21.164 [Thread-3] ERROR ExternalProcessHandler - INFO: Detected dialect: OSS

[MASTER] 11:05:45.110 [logback-2] ERROR TestCaseExecutor - TG: Exception caught: 
java.lang.IllegalStateException: Test generation failed: page object bug.
	at org.evosuite.testcase.execution.TestCaseExecutor.runTest(TestCaseExecutor.java:322) ~[evosuite-client-1.0.4-SNAPSHOT.jar:na]
	at org.evosuite.testcase.TestFitnessFunction.runTest(TestFitnessFunction.java:91) [evosuite-client-1.0.4-SNAPSHOT.jar:na]
	at org.evosuite.testcase.TestFitnessFunction.getFitness(TestFitnessFunction.java:60) [evosuite-client-1.0.4-SNAPSHOT.jar:na]
	at org.evosuite.testcase.TestFitnessFunction.getFitness(TestFitnessFunction.java:34) [evosuite-client-1.0.4-SNAPSHOT.jar:na]
	at org.evosuite.ga.metaheuristics.art.AdaptiveRandomSearch.calculateFitness(AdaptiveRandomSearch.java:312) [evosuite-client-1.0.4-SNAPSHOT.jar:na]
	at org.evosuite.ga.metaheuristics.art.AdaptiveRandomSearch.evolve(AdaptiveRandomSearch.java:139) [evosuite-client-1.0.4-SNAPSHOT.jar:na]
	at org.evosuite.ga.metaheuristics.art.AdaptiveRandomSearch.generateSolution(AdaptiveRandomSearch.java:270) [evosuite-client-1.0.4-SNAPSHOT.jar:na]
	at org.evosuite.strategy.AdaptiveRandomTestStrategy.generateTests(AdaptiveRandomTestStrategy.java:118) [evosuite-client-1.0.4-SNAPSHOT.jar:na]
	at org.evosuite.TestSuiteGenerator.generateTests(TestSuiteGenerator.java:654) [evosuite-client-1.0.4-SNAPSHOT.jar:na]
	at org.evosuite.TestSuiteGenerator.generateTestSuite(TestSuiteGenerator.java:213) [evosuite-client-1.0.4-SNAPSHOT.jar:na]
	at org.evosuite.rmi.service.ClientNodeImpl$1.run(ClientNodeImpl.java:145) [evosuite-client-1.0.4-SNAPSHOT.jar:na]
	at java.util.concurrent.Executors$RunnableAdapter.call(Executors.java:511) [na:1.8.0_265]
	at java.util.concurrent.FutureTask.run(FutureTask.java:266) [na:1.8.0_265]
	at java.util.concurrent.ThreadPoolExecutor.runWorker(ThreadPoolExecutor.java:1149) [na:1.8.0_265]
	at java.util.concurrent.ThreadPoolExecutor$Worker.run(ThreadPoolExecutor.java:624) [na:1.8.0_265]
	at java.lang.Thread.run(Thread.java:748) [na:1.8.0_265]
Aug 14, 2020 3:05:45 AM org.openqa.selenium.remote.ProtocolHandshake createSession
[MASTER] 11:05:45.331 [Thread-3] ERROR ExternalProcessHandler - Aug 14, 2020 3:05:45 AM org.openqa.selenium.remote.ProtocolHandshake createSession

INFO: Detected dialect: OSS
[MASTER] 11:05:45.331 [Thread-3] ERROR ExternalProcessHandler - INFO: Detected dialect: OSS

Aug 14, 2020 3:05:47 AM org.openqa.selenium.remote.ProtocolHandshake createSession
[MASTER] 11:05:47.221 [Thread-3] ERROR ExternalProcessHandler - Aug 14, 2020 3:05:47 AM org.openqa.selenium.remote.ProtocolHandshake createSession

INFO: Detected dialect: OSS
[MASTER] 11:05:47.221 [Thread-3] ERROR ExternalProcessHandler - INFO: Detected dialect: OSS

Aug 14, 2020 3:05:51 AM po_utils.PageObjectLogging logInfo
[MASTER] 11:05:51.569 [Thread-3] ERROR ExternalProcessHandler - Aug 14, 2020 3:05:51 AM po_utils.PageObjectLogging logInfo

INFO: waitForElementBeingPresentOnPage timeout exception: unable to locate the element By.xpath: //button[text()="Create a new session"]
[MASTER] 11:05:51.570 [Thread-3] ERROR ExternalProcessHandler - INFO: waitForElementBeingPresentOnPage timeout exception: unable to locate the element By.xpath: //button[text()="Create a new session"]


[MASTER] 11:05:51.570 [Thread-3] ERROR ExternalProcessHandler - 


[MASTER] 11:05:51.570 [Thread-3] ERROR ExternalProcessHandler - 

Aug 14, 2020 3:05:53 AM org.openqa.selenium.remote.ProtocolHandshake createSession
[MASTER] 11:05:53.650 [Thread-3] ERROR ExternalProcessHandler - Aug 14, 2020 3:05:53 AM org.openqa.selenium.remote.ProtocolHandshake createSession

INFO: Detected dialect: OSS
[MASTER] 11:05:53.651 [Thread-3] ERROR ExternalProcessHandler - INFO: Detected dialect: OSS

Aug 14, 2020 3:06:02 AM po_utils.PageObjectLogging logInfo
[MASTER] 11:06:02.175 [Thread-3] ERROR ExternalProcessHandler - Aug 14, 2020 3:06:02 AM po_utils.PageObjectLogging logInfo

INFO: waitForElementBeingPresentOnPage timeout exception: unable to locate the element By.xpath: //button[text()="Create a new session"]
[MASTER] 11:06:02.176 [Thread-3] ERROR ExternalProcessHandler - INFO: waitForElementBeingPresentOnPage timeout exception: unable to locate the element By.xpath: //button[text()="Create a new session"]


[MASTER] 11:06:02.176 [Thread-3] ERROR ExternalProcessHandler - 


[MASTER] 11:06:02.176 [Thread-3] ERROR ExternalProcessHandler - 

Aug 14, 2020 3:06:06 AM org.openqa.selenium.remote.ProtocolHandshake createSession
[MASTER] 11:06:06.336 [Thread-3] ERROR ExternalProcessHandler - Aug 14, 2020 3:06:06 AM org.openqa.selenium.remote.ProtocolHandshake createSession

INFO: Detected dialect: OSS
[MASTER] 11:06:06.337 [Thread-3] ERROR ExternalProcessHandler - INFO: Detected dialect: OSS

Aug 14, 2020 3:06:18 AM po_utils.PageObjectLogging logInfo
[MASTER] 11:06:18.972 [Thread-3] ERROR ExternalProcessHandler - Aug 14, 2020 3:06:18 AM po_utils.PageObjectLogging logInfo

INFO: waitForElementBeingPresentOnPage timeout exception: unable to locate the element By.xpath: //button[text()="Create a new session"]
[MASTER] 11:06:18.973 [Thread-3] ERROR ExternalProcessHandler - INFO: waitForElementBeingPresentOnPage timeout exception: unable to locate the element By.xpath: //button[text()="Create a new session"]


[MASTER] 11:06:18.973 [Thread-3] ERROR ExternalProcessHandler - 


[MASTER] 11:06:18.974 [Thread-3] ERROR ExternalProcessHandler - 

Aug 14, 2020 3:06:25 AM org.openqa.selenium.remote.ProtocolHandshake createSession
[MASTER] 11:06:25.281 [Thread-3] ERROR ExternalProcessHandler - Aug 14, 2020 3:06:25 AM org.openqa.selenium.remote.ProtocolHandshake createSession

INFO: Detected dialect: OSS
[MASTER] 11:06:25.282 [Thread-3] ERROR ExternalProcessHandler - INFO: Detected dialect: OSS

Aug 14, 2020 3:06:42 AM po_utils.PageObjectLogging logInfo
[MASTER] 11:06:42.154 [Thread-3] ERROR ExternalProcessHandler - Aug 14, 2020 3:06:42 AM po_utils.PageObjectLogging logInfo

INFO: waitForElementBeingPresentOnPage timeout exception: unable to locate the element By.xpath: //button[text()="Create a new session"]
[MASTER] 11:06:42.155 [Thread-3] ERROR ExternalProcessHandler - INFO: waitForElementBeingPresentOnPage timeout exception: unable to locate the element By.xpath: //button[text()="Create a new session"]


[MASTER] 11:06:42.155 [Thread-3] ERROR ExternalProcessHandler - 


[MASTER] 11:06:42.155 [Thread-3] ERROR ExternalProcessHandler - 

[MASTER] 11:06:50.449 [logback-2] ERROR TestCaseExecutor - TG: Exception caught: 
java.lang.IllegalStateException: Test generation failed: page object bug.
	at org.evosuite.testcase.execution.TestCaseExecutor.runTest(TestCaseExecutor.java:322) ~[evosuite-client-1.0.4-SNAPSHOT.jar:na]
	at org.evosuite.testcase.TestFitnessFunction.runTest(TestFitnessFunction.java:91) [evosuite-client-1.0.4-SNAPSHOT.jar:na]
	at org.evosuite.testcase.TestFitnessFunction.getFitness(TestFitnessFunction.java:60) [evosuite-client-1.0.4-SNAPSHOT.jar:na]
	at org.evosuite.testcase.TestFitnessFunction.getFitness(TestFitnessFunction.java:34) [evosuite-client-1.0.4-SNAPSHOT.jar:na]
	at org.evosuite.ga.metaheuristics.art.AdaptiveRandomSearch.calculateFitness(AdaptiveRandomSearch.java:312) [evosuite-client-1.0.4-SNAPSHOT.jar:na]
	at org.evosuite.ga.metaheuristics.art.AdaptiveRandomSearch.evolve(AdaptiveRandomSearch.java:139) [evosuite-client-1.0.4-SNAPSHOT.jar:na]
	at org.evosuite.ga.metaheuristics.art.AdaptiveRandomSearch.generateSolution(AdaptiveRandomSearch.java:270) [evosuite-client-1.0.4-SNAPSHOT.jar:na]
	at org.evosuite.strategy.AdaptiveRandomTestStrategy.generateTests(AdaptiveRandomTestStrategy.java:118) [evosuite-client-1.0.4-SNAPSHOT.jar:na]
	at org.evosuite.TestSuiteGenerator.generateTests(TestSuiteGenerator.java:654) [evosuite-client-1.0.4-SNAPSHOT.jar:na]
	at org.evosuite.TestSuiteGenerator.generateTestSuite(TestSuiteGenerator.java:213) [evosuite-client-1.0.4-SNAPSHOT.jar:na]
	at org.evosuite.rmi.service.ClientNodeImpl$1.run(ClientNodeImpl.java:145) [evosuite-client-1.0.4-SNAPSHOT.jar:na]
	at java.util.concurrent.Executors$RunnableAdapter.call(Executors.java:511) [na:1.8.0_265]
	at java.util.concurrent.FutureTask.run(FutureTask.java:266) [na:1.8.0_265]
	at java.util.concurrent.ThreadPoolExecutor.runWorker(ThreadPoolExecutor.java:1149) [na:1.8.0_265]
	at java.util.concurrent.ThreadPoolExecutor$Worker.run(ThreadPoolExecutor.java:624) [na:1.8.0_265]
	at java.lang.Thread.run(Thread.java:748) [na:1.8.0_265]
Aug 14, 2020 3:06:50 AM org.openqa.selenium.remote.ProtocolHandshake createSession
[MASTER] 11:06:50.671 [Thread-3] ERROR ExternalProcessHandler - Aug 14, 2020 3:06:50 AM org.openqa.selenium.remote.ProtocolHandshake createSession

INFO: Detected dialect: OSS
[MASTER] 11:06:50.671 [Thread-3] ERROR ExternalProcessHandler - INFO: Detected dialect: OSS

Aug 14, 2020 3:06:51 AM org.openqa.selenium.remote.ProtocolHandshake createSession
[MASTER] 11:06:51.691 [Thread-3] ERROR ExternalProcessHandler - Aug 14, 2020 3:06:51 AM org.openqa.selenium.remote.ProtocolHandshake createSession

INFO: Detected dialect: OSS
[MASTER] 11:06:51.691 [Thread-3] ERROR ExternalProcessHandler - INFO: Detected dialect: OSS

Aug 14, 2020 3:06:56 AM org.openqa.selenium.remote.ProtocolHandshake createSession
[MASTER] 11:06:56.481 [Thread-3] ERROR ExternalProcessHandler - Aug 14, 2020 3:06:56 AM org.openqa.selenium.remote.ProtocolHandshake createSession

INFO: Detected dialect: OSS
[MASTER] 11:06:56.481 [Thread-3] ERROR ExternalProcessHandler - INFO: Detected dialect: OSS

Aug 14, 2020 3:07:07 AM org.openqa.selenium.remote.ProtocolHandshake createSession
[MASTER] 11:07:07.798 [Thread-3] ERROR ExternalProcessHandler - Aug 14, 2020 3:07:07 AM org.openqa.selenium.remote.ProtocolHandshake createSession

INFO: Detected dialect: OSS
[MASTER] 11:07:07.798 [Thread-3] ERROR ExternalProcessHandler - INFO: Detected dialect: OSS

Aug 14, 2020 3:07:25 AM org.openqa.selenium.remote.ProtocolHandshake createSession
[MASTER] 11:07:25.488 [Thread-3] ERROR ExternalProcessHandler - Aug 14, 2020 3:07:25 AM org.openqa.selenium.remote.ProtocolHandshake createSession

INFO: Detected dialect: OSS
[MASTER] 11:07:25.488 [Thread-3] ERROR ExternalProcessHandler - INFO: Detected dialect: OSS

[MASTER] 11:07:49.368 [logback-2] ERROR TestCaseExecutor - TG: Exception caught: 
java.lang.IllegalStateException: Test generation failed: page object bug.
	at org.evosuite.testcase.execution.TestCaseExecutor.runTest(TestCaseExecutor.java:322) ~[evosuite-client-1.0.4-SNAPSHOT.jar:na]
	at org.evosuite.testcase.TestFitnessFunction.runTest(TestFitnessFunction.java:91) [evosuite-client-1.0.4-SNAPSHOT.jar:na]
	at org.evosuite.testcase.TestFitnessFunction.getFitness(TestFitnessFunction.java:60) [evosuite-client-1.0.4-SNAPSHOT.jar:na]
	at org.evosuite.testcase.TestFitnessFunction.getFitness(TestFitnessFunction.java:34) [evosuite-client-1.0.4-SNAPSHOT.jar:na]
	at org.evosuite.ga.metaheuristics.art.AdaptiveRandomSearch.calculateFitness(AdaptiveRandomSearch.java:312) [evosuite-client-1.0.4-SNAPSHOT.jar:na]
	at org.evosuite.ga.metaheuristics.art.AdaptiveRandomSearch.evolve(AdaptiveRandomSearch.java:139) [evosuite-client-1.0.4-SNAPSHOT.jar:na]
	at org.evosuite.ga.metaheuristics.art.AdaptiveRandomSearch.generateSolution(AdaptiveRandomSearch.java:270) [evosuite-client-1.0.4-SNAPSHOT.jar:na]
	at org.evosuite.strategy.AdaptiveRandomTestStrategy.generateTests(AdaptiveRandomTestStrategy.java:118) [evosuite-client-1.0.4-SNAPSHOT.jar:na]
	at org.evosuite.TestSuiteGenerator.generateTests(TestSuiteGenerator.java:654) [evosuite-client-1.0.4-SNAPSHOT.jar:na]
	at org.evosuite.TestSuiteGenerator.generateTestSuite(TestSuiteGenerator.java:213) [evosuite-client-1.0.4-SNAPSHOT.jar:na]
	at org.evosuite.rmi.service.ClientNodeImpl$1.run(ClientNodeImpl.java:145) [evosuite-client-1.0.4-SNAPSHOT.jar:na]
	at java.util.concurrent.Executors$RunnableAdapter.call(Executors.java:511) [na:1.8.0_265]
	at java.util.concurrent.FutureTask.run(FutureTask.java:266) [na:1.8.0_265]
	at java.util.concurrent.ThreadPoolExecutor.runWorker(ThreadPoolExecutor.java:1149) [na:1.8.0_265]
	at java.util.concurrent.ThreadPoolExecutor$Worker.run(ThreadPoolExecutor.java:624) [na:1.8.0_265]
	at java.lang.Thread.run(Thread.java:748) [na:1.8.0_265]
Aug 14, 2020 3:07:49 AM org.openqa.selenium.remote.ProtocolHandshake createSession
[MASTER] 11:07:49.557 [Thread-3] ERROR ExternalProcessHandler - Aug 14, 2020 3:07:49 AM org.openqa.selenium.remote.ProtocolHandshake createSession

INFO: Detected dialect: OSS
[MASTER] 11:07:49.558 [Thread-3] ERROR ExternalProcessHandler - INFO: Detected dialect: OSS

Aug 14, 2020 3:07:50 AM org.openqa.selenium.remote.ProtocolHandshake createSession
[MASTER] 11:07:50.560 [Thread-3] ERROR ExternalProcessHandler - Aug 14, 2020 3:07:50 AM org.openqa.selenium.remote.ProtocolHandshake createSession

INFO: Detected dialect: OSS
[MASTER] 11:07:50.560 [Thread-3] ERROR ExternalProcessHandler - INFO: Detected dialect: OSS

Aug 14, 2020 3:07:51 AM org.openqa.selenium.remote.ProtocolHandshake createSession
[MASTER] 11:07:51.825 [Thread-3] ERROR ExternalProcessHandler - Aug 14, 2020 3:07:51 AM org.openqa.selenium.remote.ProtocolHandshake createSession

INFO: Detected dialect: OSS
[MASTER] 11:07:51.825 [Thread-3] ERROR ExternalProcessHandler - INFO: Detected dialect: OSS

Aug 14, 2020 3:07:53 AM org.openqa.selenium.remote.ProtocolHandshake createSession
[MASTER] 11:07:53.150 [Thread-3] ERROR ExternalProcessHandler - Aug 14, 2020 3:07:53 AM org.openqa.selenium.remote.ProtocolHandshake createSession

INFO: Detected dialect: OSS
[MASTER] 11:07:53.150 [Thread-3] ERROR ExternalProcessHandler - INFO: Detected dialect: OSS

Aug 14, 2020 3:07:57 AM org.openqa.selenium.remote.ProtocolHandshake createSession
[MASTER] 11:07:57.333 [Thread-3] ERROR ExternalProcessHandler - Aug 14, 2020 3:07:57 AM org.openqa.selenium.remote.ProtocolHandshake createSession

INFO: Detected dialect: OSS
[MASTER] 11:07:57.333 [Thread-3] ERROR ExternalProcessHandler - INFO: Detected dialect: OSS

Aug 14, 2020 3:08:07 AM org.openqa.selenium.remote.ProtocolHandshake createSession
[MASTER] 11:08:07.137 [Thread-3] ERROR ExternalProcessHandler - Aug 14, 2020 3:08:07 AM org.openqa.selenium.remote.ProtocolHandshake createSession

INFO: Detected dialect: OSS
[MASTER] 11:08:07.138 [Thread-3] ERROR ExternalProcessHandler - INFO: Detected dialect: OSS

Aug 14, 2020 3:08:22 AM org.openqa.selenium.remote.ProtocolHandshake createSession
[MASTER] 11:08:22.297 [Thread-3] ERROR ExternalProcessHandler - Aug 14, 2020 3:08:22 AM org.openqa.selenium.remote.ProtocolHandshake createSession

INFO: Detected dialect: OSS
[MASTER] 11:08:22.297 [Thread-3] ERROR ExternalProcessHandler - INFO: Detected dialect: OSS

[MASTER] 11:08:42.781 [logback-2] ERROR TestCaseExecutor - TG: Exception caught: 
java.lang.IllegalStateException: Test generation failed: page object bug.
	at org.evosuite.testcase.execution.TestCaseExecutor.runTest(TestCaseExecutor.java:322) ~[evosuite-client-1.0.4-SNAPSHOT.jar:na]
	at org.evosuite.testcase.TestFitnessFunction.runTest(TestFitnessFunction.java:91) [evosuite-client-1.0.4-SNAPSHOT.jar:na]
	at org.evosuite.testcase.TestFitnessFunction.getFitness(TestFitnessFunction.java:60) [evosuite-client-1.0.4-SNAPSHOT.jar:na]
	at org.evosuite.testcase.TestFitnessFunction.getFitness(TestFitnessFunction.java:34) [evosuite-client-1.0.4-SNAPSHOT.jar:na]
	at org.evosuite.ga.metaheuristics.art.AdaptiveRandomSearch.calculateFitness(AdaptiveRandomSearch.java:312) [evosuite-client-1.0.4-SNAPSHOT.jar:na]
	at org.evosuite.ga.metaheuristics.art.AdaptiveRandomSearch.evolve(AdaptiveRandomSearch.java:139) [evosuite-client-1.0.4-SNAPSHOT.jar:na]
	at org.evosuite.ga.metaheuristics.art.AdaptiveRandomSearch.generateSolution(AdaptiveRandomSearch.java:270) [evosuite-client-1.0.4-SNAPSHOT.jar:na]
	at org.evosuite.strategy.AdaptiveRandomTestStrategy.generateTests(AdaptiveRandomTestStrategy.java:118) [evosuite-client-1.0.4-SNAPSHOT.jar:na]
	at org.evosuite.TestSuiteGenerator.generateTests(TestSuiteGenerator.java:654) [evosuite-client-1.0.4-SNAPSHOT.jar:na]
	at org.evosuite.TestSuiteGenerator.generateTestSuite(TestSuiteGenerator.java:213) [evosuite-client-1.0.4-SNAPSHOT.jar:na]
	at org.evosuite.rmi.service.ClientNodeImpl$1.run(ClientNodeImpl.java:145) [evosuite-client-1.0.4-SNAPSHOT.jar:na]
	at java.util.concurrent.Executors$RunnableAdapter.call(Executors.java:511) [na:1.8.0_265]
	at java.util.concurrent.FutureTask.run(FutureTask.java:266) [na:1.8.0_265]
	at java.util.concurrent.ThreadPoolExecutor.runWorker(ThreadPoolExecutor.java:1149) [na:1.8.0_265]
	at java.util.concurrent.ThreadPoolExecutor$Worker.run(ThreadPoolExecutor.java:624) [na:1.8.0_265]
	at java.lang.Thread.run(Thread.java:748) [na:1.8.0_265]
Aug 14, 2020 3:08:42 AM org.openqa.selenium.remote.ProtocolHandshake createSession
[MASTER] 11:08:42.961 [Thread-3] ERROR ExternalProcessHandler - Aug 14, 2020 3:08:42 AM org.openqa.selenium.remote.ProtocolHandshake createSession

INFO: Detected dialect: OSS
[MASTER] 11:08:42.961 [Thread-3] ERROR ExternalProcessHandler - INFO: Detected dialect: OSS

Aug 14, 2020 3:08:44 AM org.openqa.selenium.remote.ProtocolHandshake createSession
[MASTER] 11:08:44.796 [Thread-3] ERROR ExternalProcessHandler - Aug 14, 2020 3:08:44 AM org.openqa.selenium.remote.ProtocolHandshake createSession

INFO: Detected dialect: OSS
[MASTER] 11:08:44.796 [Thread-3] ERROR ExternalProcessHandler - INFO: Detected dialect: OSS

Aug 14, 2020 3:08:45 AM org.openqa.selenium.remote.ProtocolHandshake createSession
[MASTER] 11:08:45.789 [Thread-3] ERROR ExternalProcessHandler - Aug 14, 2020 3:08:45 AM org.openqa.selenium.remote.ProtocolHandshake createSession

INFO: Detected dialect: OSS
[MASTER] 11:08:45.789 [Thread-3] ERROR ExternalProcessHandler - INFO: Detected dialect: OSS

Aug 14, 2020 3:08:49 AM org.openqa.selenium.remote.ProtocolHandshake createSession
[MASTER] 11:08:49.313 [Thread-3] ERROR ExternalProcessHandler - Aug 14, 2020 3:08:49 AM org.openqa.selenium.remote.ProtocolHandshake createSession

INFO: Detected dialect: OSS
[MASTER] 11:08:49.313 [Thread-3] ERROR ExternalProcessHandler - INFO: Detected dialect: OSS

Aug 14, 2020 3:08:58 AM org.openqa.selenium.remote.ProtocolHandshake createSession
[MASTER] 11:08:58.785 [Thread-3] ERROR ExternalProcessHandler - Aug 14, 2020 3:08:58 AM org.openqa.selenium.remote.ProtocolHandshake createSession

INFO: Detected dialect: OSS
[MASTER] 11:08:58.785 [Thread-3] ERROR ExternalProcessHandler - INFO: Detected dialect: OSS

Aug 14, 2020 3:09:14 AM org.openqa.selenium.remote.ProtocolHandshake createSession
[MASTER] 11:09:14.063 [Thread-3] ERROR ExternalProcessHandler - Aug 14, 2020 3:09:14 AM org.openqa.selenium.remote.ProtocolHandshake createSession

INFO: Detected dialect: OSS
[MASTER] 11:09:14.063 [Thread-3] ERROR ExternalProcessHandler - INFO: Detected dialect: OSS

[MASTER] 11:09:35.106 [logback-2] ERROR TestCaseExecutor - TG: Exception caught: 
java.lang.IllegalStateException: Test generation failed: page object bug.
	at org.evosuite.testcase.execution.TestCaseExecutor.runTest(TestCaseExecutor.java:322) ~[evosuite-client-1.0.4-SNAPSHOT.jar:na]
	at org.evosuite.testcase.TestFitnessFunction.runTest(TestFitnessFunction.java:91) [evosuite-client-1.0.4-SNAPSHOT.jar:na]
	at org.evosuite.testcase.TestFitnessFunction.getFitness(TestFitnessFunction.java:60) [evosuite-client-1.0.4-SNAPSHOT.jar:na]
	at org.evosuite.testcase.TestFitnessFunction.getFitness(TestFitnessFunction.java:34) [evosuite-client-1.0.4-SNAPSHOT.jar:na]
	at org.evosuite.ga.metaheuristics.art.AdaptiveRandomSearch.calculateFitness(AdaptiveRandomSearch.java:312) [evosuite-client-1.0.4-SNAPSHOT.jar:na]
	at org.evosuite.ga.metaheuristics.art.AdaptiveRandomSearch.evolve(AdaptiveRandomSearch.java:139) [evosuite-client-1.0.4-SNAPSHOT.jar:na]
	at org.evosuite.ga.metaheuristics.art.AdaptiveRandomSearch.generateSolution(AdaptiveRandomSearch.java:270) [evosuite-client-1.0.4-SNAPSHOT.jar:na]
	at org.evosuite.strategy.AdaptiveRandomTestStrategy.generateTests(AdaptiveRandomTestStrategy.java:118) [evosuite-client-1.0.4-SNAPSHOT.jar:na]
	at org.evosuite.TestSuiteGenerator.generateTests(TestSuiteGenerator.java:654) [evosuite-client-1.0.4-SNAPSHOT.jar:na]
	at org.evosuite.TestSuiteGenerator.generateTestSuite(TestSuiteGenerator.java:213) [evosuite-client-1.0.4-SNAPSHOT.jar:na]
	at org.evosuite.rmi.service.ClientNodeImpl$1.run(ClientNodeImpl.java:145) [evosuite-client-1.0.4-SNAPSHOT.jar:na]
	at java.util.concurrent.Executors$RunnableAdapter.call(Executors.java:511) [na:1.8.0_265]
	at java.util.concurrent.FutureTask.run(FutureTask.java:266) [na:1.8.0_265]
	at java.util.concurrent.ThreadPoolExecutor.runWorker(ThreadPoolExecutor.java:1149) [na:1.8.0_265]
	at java.util.concurrent.ThreadPoolExecutor$Worker.run(ThreadPoolExecutor.java:624) [na:1.8.0_265]
	at java.lang.Thread.run(Thread.java:748) [na:1.8.0_265]
Aug 14, 2020 3:09:35 AM org.openqa.selenium.remote.ProtocolHandshake createSession
[MASTER] 11:09:35.315 [Thread-3] ERROR ExternalProcessHandler - Aug 14, 2020 3:09:35 AM org.openqa.selenium.remote.ProtocolHandshake createSession

INFO: Detected dialect: OSS
[MASTER] 11:09:35.315 [Thread-3] ERROR ExternalProcessHandler - INFO: Detected dialect: OSS

Aug 14, 2020 3:09:36 AM org.openqa.selenium.remote.ProtocolHandshake createSession
[MASTER] 11:09:36.290 [Thread-3] ERROR ExternalProcessHandler - Aug 14, 2020 3:09:36 AM org.openqa.selenium.remote.ProtocolHandshake createSession

INFO: Detected dialect: OSS
[MASTER] 11:09:36.290 [Thread-3] ERROR ExternalProcessHandler - INFO: Detected dialect: OSS

Aug 14, 2020 3:09:37 AM org.openqa.selenium.remote.ProtocolHandshake createSession
[MASTER] 11:09:37.191 [Thread-3] ERROR ExternalProcessHandler - Aug 14, 2020 3:09:37 AM org.openqa.selenium.remote.ProtocolHandshake createSession

INFO: Detected dialect: OSS
[MASTER] 11:09:37.191 [Thread-3] ERROR ExternalProcessHandler - INFO: Detected dialect: OSS

Aug 14, 2020 3:09:38 AM org.openqa.selenium.remote.ProtocolHandshake createSession
[MASTER] 11:09:38.510 [Thread-3] ERROR ExternalProcessHandler - Aug 14, 2020 3:09:38 AM org.openqa.selenium.remote.ProtocolHandshake createSession

INFO: Detected dialect: OSS
[MASTER] 11:09:38.510 [Thread-3] ERROR ExternalProcessHandler - INFO: Detected dialect: OSS

Aug 14, 2020 3:09:39 AM org.openqa.selenium.remote.ProtocolHandshake createSession
[MASTER] 11:09:39.829 [Thread-3] ERROR ExternalProcessHandler - Aug 14, 2020 3:09:39 AM org.openqa.selenium.remote.ProtocolHandshake createSession

INFO: Detected dialect: OSS
[MASTER] 11:09:39.829 [Thread-3] ERROR ExternalProcessHandler - INFO: Detected dialect: OSS

Aug 14, 2020 3:09:40 AM org.openqa.selenium.remote.ProtocolHandshake createSession
[MASTER] 11:09:40.950 [Thread-3] ERROR ExternalProcessHandler - Aug 14, 2020 3:09:40 AM org.openqa.selenium.remote.ProtocolHandshake createSession

INFO: Detected dialect: OSS
[MASTER] 11:09:40.950 [Thread-3] ERROR ExternalProcessHandler - INFO: Detected dialect: OSS

Aug 14, 2020 3:09:41 AM org.openqa.selenium.remote.ProtocolHandshake createSession
[MASTER] 11:09:41.941 [Thread-3] ERROR ExternalProcessHandler - Aug 14, 2020 3:09:41 AM org.openqa.selenium.remote.ProtocolHandshake createSession

INFO: Detected dialect: OSS
[MASTER] 11:09:41.941 [Thread-3] ERROR ExternalProcessHandler - INFO: Detected dialect: OSS

Aug 14, 2020 3:09:43 AM org.openqa.selenium.remote.ProtocolHandshake createSession
[MASTER] 11:09:43.216 [Thread-3] ERROR ExternalProcessHandler - Aug 14, 2020 3:09:43 AM org.openqa.selenium.remote.ProtocolHandshake createSession

INFO: Detected dialect: OSS
[MASTER] 11:09:43.216 [Thread-3] ERROR ExternalProcessHandler - INFO: Detected dialect: OSS

Aug 14, 2020 3:09:45 AM po_utils.PageObjectLogging logInfo
[MASTER] 11:09:45.039 [Thread-3] ERROR ExternalProcessHandler - Aug 14, 2020 3:09:45 AM po_utils.PageObjectLogging logInfo

INFO: waitForElementBeingPresentOnPage timeout exception: unable to locate the element By.xpath: //button[text()="Create a new session"]
[MASTER] 11:09:45.040 [Thread-3] ERROR ExternalProcessHandler - INFO: waitForElementBeingPresentOnPage timeout exception: unable to locate the element By.xpath: //button[text()="Create a new session"]


[MASTER] 11:09:45.040 [Thread-3] ERROR ExternalProcessHandler - 


[MASTER] 11:09:45.040 [Thread-3] ERROR ExternalProcessHandler - 

Aug 14, 2020 3:09:47 AM org.openqa.selenium.remote.ProtocolHandshake createSession
[MASTER] 11:09:47.913 [Thread-3] ERROR ExternalProcessHandler - Aug 14, 2020 3:09:47 AM org.openqa.selenium.remote.ProtocolHandshake createSession

INFO: Detected dialect: OSS
[MASTER] 11:09:47.913 [Thread-3] ERROR ExternalProcessHandler - INFO: Detected dialect: OSS

Aug 14, 2020 3:09:52 AM po_utils.PageObjectLogging logInfo
[MASTER] 11:09:52.034 [Thread-3] ERROR ExternalProcessHandler - Aug 14, 2020 3:09:52 AM po_utils.PageObjectLogging logInfo

INFO: waitForElementBeingPresentOnPage timeout exception: unable to locate the element By.xpath: //button[text()="Create a new session"]
[MASTER] 11:09:52.035 [Thread-3] ERROR ExternalProcessHandler - INFO: waitForElementBeingPresentOnPage timeout exception: unable to locate the element By.xpath: //button[text()="Create a new session"]


[MASTER] 11:09:52.035 [Thread-3] ERROR ExternalProcessHandler - 


[MASTER] 11:09:52.035 [Thread-3] ERROR ExternalProcessHandler - 

Aug 14, 2020 3:09:58 AM org.openqa.selenium.remote.ProtocolHandshake createSession
[MASTER] 11:09:58.881 [Thread-3] ERROR ExternalProcessHandler - Aug 14, 2020 3:09:58 AM org.openqa.selenium.remote.ProtocolHandshake createSession

INFO: Detected dialect: OSS
[MASTER] 11:09:58.881 [Thread-3] ERROR ExternalProcessHandler - INFO: Detected dialect: OSS

Aug 14, 2020 3:10:05 AM po_utils.PageObjectLogging logInfo
[MASTER] 11:10:05.205 [Thread-3] ERROR ExternalProcessHandler - Aug 14, 2020 3:10:05 AM po_utils.PageObjectLogging logInfo

INFO: waitForElementBeingPresentOnPage timeout exception: unable to locate the element By.xpath: //button[text()="Create a new session"]
[MASTER] 11:10:05.206 [Thread-3] ERROR ExternalProcessHandler - INFO: waitForElementBeingPresentOnPage timeout exception: unable to locate the element By.xpath: //button[text()="Create a new session"]


[MASTER] 11:10:05.206 [Thread-3] ERROR ExternalProcessHandler - 


[MASTER] 11:10:05.206 [Thread-3] ERROR ExternalProcessHandler - 

Aug 14, 2020 3:10:15 AM org.openqa.selenium.remote.ProtocolHandshake createSession
[MASTER] 11:10:15.897 [Thread-3] ERROR ExternalProcessHandler - Aug 14, 2020 3:10:15 AM org.openqa.selenium.remote.ProtocolHandshake createSession

INFO: Detected dialect: OSS
[MASTER] 11:10:15.897 [Thread-3] ERROR ExternalProcessHandler - INFO: Detected dialect: OSS

Aug 14, 2020 3:10:24 AM po_utils.PageObjectLogging logInfo
[MASTER] 11:10:24.496 [Thread-3] ERROR ExternalProcessHandler - Aug 14, 2020 3:10:24 AM po_utils.PageObjectLogging logInfo

INFO: waitForElementBeingPresentOnPage timeout exception: unable to locate the element By.xpath: //button[text()="Create a new session"]
[MASTER] 11:10:24.497 [Thread-3] ERROR ExternalProcessHandler - INFO: waitForElementBeingPresentOnPage timeout exception: unable to locate the element By.xpath: //button[text()="Create a new session"]


[MASTER] 11:10:24.497 [Thread-3] ERROR ExternalProcessHandler - 


[MASTER] 11:10:24.497 [Thread-3] ERROR ExternalProcessHandler - 

[MASTER] 11:10:39.032 [logback-2] ERROR TestCaseExecutor - TG: Exception caught: 
java.lang.IllegalStateException: Test generation failed: page object bug.
	at org.evosuite.testcase.execution.TestCaseExecutor.runTest(TestCaseExecutor.java:322) ~[evosuite-client-1.0.4-SNAPSHOT.jar:na]
	at org.evosuite.testcase.TestFitnessFunction.runTest(TestFitnessFunction.java:91) [evosuite-client-1.0.4-SNAPSHOT.jar:na]
	at org.evosuite.testcase.TestFitnessFunction.getFitness(TestFitnessFunction.java:60) [evosuite-client-1.0.4-SNAPSHOT.jar:na]
	at org.evosuite.testcase.TestFitnessFunction.getFitness(TestFitnessFunction.java:34) [evosuite-client-1.0.4-SNAPSHOT.jar:na]
	at org.evosuite.ga.metaheuristics.art.AdaptiveRandomSearch.calculateFitness(AdaptiveRandomSearch.java:312) [evosuite-client-1.0.4-SNAPSHOT.jar:na]
	at org.evosuite.ga.metaheuristics.art.AdaptiveRandomSearch.evolve(AdaptiveRandomSearch.java:139) [evosuite-client-1.0.4-SNAPSHOT.jar:na]
	at org.evosuite.ga.metaheuristics.art.AdaptiveRandomSearch.generateSolution(AdaptiveRandomSearch.java:270) [evosuite-client-1.0.4-SNAPSHOT.jar:na]
	at org.evosuite.strategy.AdaptiveRandomTestStrategy.generateTests(AdaptiveRandomTestStrategy.java:118) [evosuite-client-1.0.4-SNAPSHOT.jar:na]
	at org.evosuite.TestSuiteGenerator.generateTests(TestSuiteGenerator.java:654) [evosuite-client-1.0.4-SNAPSHOT.jar:na]
	at org.evosuite.TestSuiteGenerator.generateTestSuite(TestSuiteGenerator.java:213) [evosuite-client-1.0.4-SNAPSHOT.jar:na]
	at org.evosuite.rmi.service.ClientNodeImpl$1.run(ClientNodeImpl.java:145) [evosuite-client-1.0.4-SNAPSHOT.jar:na]
	at java.util.concurrent.Executors$RunnableAdapter.call(Executors.java:511) [na:1.8.0_265]
	at java.util.concurrent.FutureTask.run(FutureTask.java:266) [na:1.8.0_265]
	at java.util.concurrent.ThreadPoolExecutor.runWorker(ThreadPoolExecutor.java:1149) [na:1.8.0_265]
	at java.util.concurrent.ThreadPoolExecutor$Worker.run(ThreadPoolExecutor.java:624) [na:1.8.0_265]
	at java.lang.Thread.run(Thread.java:748) [na:1.8.0_265]
Aug 14, 2020 3:10:39 AM org.openqa.selenium.remote.ProtocolHandshake createSession
[MASTER] 11:10:39.260 [Thread-3] ERROR ExternalProcessHandler - Aug 14, 2020 3:10:39 AM org.openqa.selenium.remote.ProtocolHandshake createSession

INFO: Detected dialect: OSS
[MASTER] 11:10:39.260 [Thread-3] ERROR ExternalProcessHandler - INFO: Detected dialect: OSS

Aug 14, 2020 3:10:42 AM org.openqa.selenium.remote.ProtocolHandshake createSession
[MASTER] 11:10:42.027 [Thread-3] ERROR ExternalProcessHandler - Aug 14, 2020 3:10:42 AM org.openqa.selenium.remote.ProtocolHandshake createSession

INFO: Detected dialect: OSS
[MASTER] 11:10:42.027 [Thread-3] ERROR ExternalProcessHandler - INFO: Detected dialect: OSS

Aug 14, 2020 3:10:43 AM org.openqa.selenium.remote.ProtocolHandshake createSession
[MASTER] 11:10:43.760 [Thread-3] ERROR ExternalProcessHandler - Aug 14, 2020 3:10:43 AM org.openqa.selenium.remote.ProtocolHandshake createSession

INFO: Detected dialect: OSS
[MASTER] 11:10:43.760 [Thread-3] ERROR ExternalProcessHandler - INFO: Detected dialect: OSS

Aug 14, 2020 3:10:44 AM org.openqa.selenium.remote.ProtocolHandshake createSession
[MASTER] 11:10:44.777 [Thread-3] ERROR ExternalProcessHandler - Aug 14, 2020 3:10:44 AM org.openqa.selenium.remote.ProtocolHandshake createSession

INFO: Detected dialect: OSS
[MASTER] 11:10:44.777 [Thread-3] ERROR ExternalProcessHandler - INFO: Detected dialect: OSS

Aug 14, 2020 3:10:46 AM po_utils.PageObjectLogging logInfo
[MASTER] 11:10:46.551 [Thread-3] ERROR ExternalProcessHandler - Aug 14, 2020 3:10:46 AM po_utils.PageObjectLogging logInfo

INFO: waitForElementBeingPresentOnPage timeout exception: unable to locate the element By.xpath: //button[text()="Create a new session"]
[MASTER] 11:10:46.552 [Thread-3] ERROR ExternalProcessHandler - INFO: waitForElementBeingPresentOnPage timeout exception: unable to locate the element By.xpath: //button[text()="Create a new session"]


[MASTER] 11:10:46.552 [Thread-3] ERROR ExternalProcessHandler - 


[MASTER] 11:10:46.552 [Thread-3] ERROR ExternalProcessHandler - 

Aug 14, 2020 3:10:46 AM org.openqa.selenium.remote.ProtocolHandshake createSession
[MASTER] 11:10:46.979 [Thread-3] ERROR ExternalProcessHandler - Aug 14, 2020 3:10:46 AM org.openqa.selenium.remote.ProtocolHandshake createSession

INFO: Detected dialect: OSS
[MASTER] 11:10:46.979 [Thread-3] ERROR ExternalProcessHandler - INFO: Detected dialect: OSS

Aug 14, 2020 3:10:48 AM org.openqa.selenium.remote.ProtocolHandshake createSession
[MASTER] 11:10:48.362 [Thread-3] ERROR ExternalProcessHandler - Aug 14, 2020 3:10:48 AM org.openqa.selenium.remote.ProtocolHandshake createSession

INFO: Detected dialect: OSS
[MASTER] 11:10:48.363 [Thread-3] ERROR ExternalProcessHandler - INFO: Detected dialect: OSS

Aug 14, 2020 3:10:49 AM org.openqa.selenium.remote.ProtocolHandshake createSession
[MASTER] 11:10:49.350 [Thread-3] ERROR ExternalProcessHandler - Aug 14, 2020 3:10:49 AM org.openqa.selenium.remote.ProtocolHandshake createSession

INFO: Detected dialect: OSS
[MASTER] 11:10:49.350 [Thread-3] ERROR ExternalProcessHandler - INFO: Detected dialect: OSS

Aug 14, 2020 3:10:50 AM org.openqa.selenium.remote.ProtocolHandshake createSession
[MASTER] 11:10:50.623 [Thread-3] ERROR ExternalProcessHandler - Aug 14, 2020 3:10:50 AM org.openqa.selenium.remote.ProtocolHandshake createSession

INFO: Detected dialect: OSS
[MASTER] 11:10:50.623 [Thread-3] ERROR ExternalProcessHandler - INFO: Detected dialect: OSS

Aug 14, 2020 3:10:51 AM org.openqa.selenium.remote.ProtocolHandshake createSession
[MASTER] 11:10:51.646 [Thread-3] ERROR ExternalProcessHandler - Aug 14, 2020 3:10:51 AM org.openqa.selenium.remote.ProtocolHandshake createSession

INFO: Detected dialect: OSS
[MASTER] 11:10:51.646 [Thread-3] ERROR ExternalProcessHandler - INFO: Detected dialect: OSS

Aug 14, 2020 3:10:52 AM org.openqa.selenium.remote.ProtocolHandshake createSession
[MASTER] 11:10:52.837 [Thread-3] ERROR ExternalProcessHandler - Aug 14, 2020 3:10:52 AM org.openqa.selenium.remote.ProtocolHandshake createSession

INFO: Detected dialect: OSS
[MASTER] 11:10:52.837 [Thread-3] ERROR ExternalProcessHandler - INFO: Detected dialect: OSS

Aug 14, 2020 3:10:54 AM org.openqa.selenium.remote.ProtocolHandshake createSession
[MASTER] 11:10:54.600 [Thread-3] ERROR ExternalProcessHandler - Aug 14, 2020 3:10:54 AM org.openqa.selenium.remote.ProtocolHandshake createSession

INFO: Detected dialect: OSS
[MASTER] 11:10:54.600 [Thread-3] ERROR ExternalProcessHandler - INFO: Detected dialect: OSS

Aug 14, 2020 3:10:56 AM po_utils.PageObjectLogging logInfo
[MASTER] 11:10:56.498 [Thread-3] ERROR ExternalProcessHandler - Aug 14, 2020 3:10:56 AM po_utils.PageObjectLogging logInfo

INFO: waitForElementBeingPresentOnPage timeout exception: unable to locate the element By.xpath: //button[text()="Create a new session"]
[MASTER] 11:10:56.499 [Thread-3] ERROR ExternalProcessHandler - INFO: waitForElementBeingPresentOnPage timeout exception: unable to locate the element By.xpath: //button[text()="Create a new session"]


[MASTER] 11:10:56.499 [Thread-3] ERROR ExternalProcessHandler - 


[MASTER] 11:10:56.499 [Thread-3] ERROR ExternalProcessHandler - 

Aug 14, 2020 3:10:56 AM org.openqa.selenium.remote.ProtocolHandshake createSession
[MASTER] 11:10:56.882 [Thread-3] ERROR ExternalProcessHandler - Aug 14, 2020 3:10:56 AM org.openqa.selenium.remote.ProtocolHandshake createSession

INFO: Detected dialect: OSS
[MASTER] 11:10:56.883 [Thread-3] ERROR ExternalProcessHandler - INFO: Detected dialect: OSS

Aug 14, 2020 3:10:58 AM org.openqa.selenium.remote.ProtocolHandshake createSession
[MASTER] 11:10:58.228 [Thread-3] ERROR ExternalProcessHandler - Aug 14, 2020 3:10:58 AM org.openqa.selenium.remote.ProtocolHandshake createSession

INFO: Detected dialect: OSS
[MASTER] 11:10:58.229 [Thread-3] ERROR ExternalProcessHandler - INFO: Detected dialect: OSS

Aug 14, 2020 3:11:00 AM org.openqa.selenium.remote.ProtocolHandshake createSession
[MASTER] 11:11:00.020 [Thread-3] ERROR ExternalProcessHandler - Aug 14, 2020 3:11:00 AM org.openqa.selenium.remote.ProtocolHandshake createSession

INFO: Detected dialect: OSS
[MASTER] 11:11:00.021 [Thread-3] ERROR ExternalProcessHandler - INFO: Detected dialect: OSS

Aug 14, 2020 3:11:05 AM org.openqa.selenium.remote.ProtocolHandshake createSession
[MASTER] 11:11:05.716 [Thread-3] ERROR ExternalProcessHandler - Aug 14, 2020 3:11:05 AM org.openqa.selenium.remote.ProtocolHandshake createSession

INFO: Detected dialect: OSS
[MASTER] 11:11:05.716 [Thread-3] ERROR ExternalProcessHandler - INFO: Detected dialect: OSS

Aug 14, 2020 3:11:17 AM org.openqa.selenium.remote.ProtocolHandshake createSession
[MASTER] 11:11:17.429 [Thread-3] ERROR ExternalProcessHandler - Aug 14, 2020 3:11:17 AM org.openqa.selenium.remote.ProtocolHandshake createSession

INFO: Detected dialect: OSS
[MASTER] 11:11:17.429 [Thread-3] ERROR ExternalProcessHandler - INFO: Detected dialect: OSS

Aug 14, 2020 3:11:34 AM org.openqa.selenium.remote.ProtocolHandshake createSession
[MASTER] 11:11:34.895 [Thread-3] ERROR ExternalProcessHandler - Aug 14, 2020 3:11:34 AM org.openqa.selenium.remote.ProtocolHandshake createSession

INFO: Detected dialect: OSS
[MASTER] 11:11:34.895 [Thread-3] ERROR ExternalProcessHandler - INFO: Detected dialect: OSS

[MASTER] 11:11:58.189 [logback-2] ERROR TestCaseExecutor - TG: Exception caught: 
java.lang.IllegalStateException: Test generation failed: page object bug.
	at org.evosuite.testcase.execution.TestCaseExecutor.runTest(TestCaseExecutor.java:322) ~[evosuite-client-1.0.4-SNAPSHOT.jar:na]
	at org.evosuite.testcase.TestFitnessFunction.runTest(TestFitnessFunction.java:91) [evosuite-client-1.0.4-SNAPSHOT.jar:na]
	at org.evosuite.testcase.TestFitnessFunction.getFitness(TestFitnessFunction.java:60) [evosuite-client-1.0.4-SNAPSHOT.jar:na]
	at org.evosuite.testcase.TestFitnessFunction.getFitness(TestFitnessFunction.java:34) [evosuite-client-1.0.4-SNAPSHOT.jar:na]
	at org.evosuite.ga.metaheuristics.art.AdaptiveRandomSearch.calculateFitness(AdaptiveRandomSearch.java:312) [evosuite-client-1.0.4-SNAPSHOT.jar:na]
	at org.evosuite.ga.metaheuristics.art.AdaptiveRandomSearch.evolve(AdaptiveRandomSearch.java:139) [evosuite-client-1.0.4-SNAPSHOT.jar:na]
	at org.evosuite.ga.metaheuristics.art.AdaptiveRandomSearch.generateSolution(AdaptiveRandomSearch.java:270) [evosuite-client-1.0.4-SNAPSHOT.jar:na]
	at org.evosuite.strategy.AdaptiveRandomTestStrategy.generateTests(AdaptiveRandomTestStrategy.java:118) [evosuite-client-1.0.4-SNAPSHOT.jar:na]
	at org.evosuite.TestSuiteGenerator.generateTests(TestSuiteGenerator.java:654) [evosuite-client-1.0.4-SNAPSHOT.jar:na]
	at org.evosuite.TestSuiteGenerator.generateTestSuite(TestSuiteGenerator.java:213) [evosuite-client-1.0.4-SNAPSHOT.jar:na]
	at org.evosuite.rmi.service.ClientNodeImpl$1.run(ClientNodeImpl.java:145) [evosuite-client-1.0.4-SNAPSHOT.jar:na]
	at java.util.concurrent.Executors$RunnableAdapter.call(Executors.java:511) [na:1.8.0_265]
	at java.util.concurrent.FutureTask.run(FutureTask.java:266) [na:1.8.0_265]
	at java.util.concurrent.ThreadPoolExecutor.runWorker(ThreadPoolExecutor.java:1149) [na:1.8.0_265]
	at java.util.concurrent.ThreadPoolExecutor$Worker.run(ThreadPoolExecutor.java:624) [na:1.8.0_265]
	at java.lang.Thread.run(Thread.java:748) [na:1.8.0_265]
Aug 14, 2020 3:11:58 AM org.openqa.selenium.remote.ProtocolHandshake createSession
[MASTER] 11:11:58.390 [Thread-3] ERROR ExternalProcessHandler - Aug 14, 2020 3:11:58 AM org.openqa.selenium.remote.ProtocolHandshake createSession

INFO: Detected dialect: OSS
[MASTER] 11:11:58.390 [Thread-3] ERROR ExternalProcessHandler - INFO: Detected dialect: OSS

Aug 14, 2020 3:12:02 AM org.openqa.selenium.remote.ProtocolHandshake createSession
[MASTER] 11:12:02.314 [Thread-3] ERROR ExternalProcessHandler - Aug 14, 2020 3:12:02 AM org.openqa.selenium.remote.ProtocolHandshake createSession

INFO: Detected dialect: OSS
[MASTER] 11:12:02.314 [Thread-3] ERROR ExternalProcessHandler - INFO: Detected dialect: OSS

Aug 14, 2020 3:12:12 AM org.openqa.selenium.remote.ProtocolHandshake createSession
[MASTER] 11:12:12.412 [Thread-3] ERROR ExternalProcessHandler - Aug 14, 2020 3:12:12 AM org.openqa.selenium.remote.ProtocolHandshake createSession

INFO: Detected dialect: OSS
[MASTER] 11:12:12.412 [Thread-3] ERROR ExternalProcessHandler - INFO: Detected dialect: OSS

Aug 14, 2020 3:12:28 AM org.openqa.selenium.remote.ProtocolHandshake createSession
[MASTER] 11:12:28.599 [Thread-3] ERROR ExternalProcessHandler - Aug 14, 2020 3:12:28 AM org.openqa.selenium.remote.ProtocolHandshake createSession

INFO: Detected dialect: OSS
[MASTER] 11:12:28.599 [Thread-3] ERROR ExternalProcessHandler - INFO: Detected dialect: OSS

[MASTER] 11:12:50.642 [logback-2] ERROR TestCaseExecutor - TG: Exception caught: 
java.lang.IllegalStateException: Test generation failed: page object bug.
	at org.evosuite.testcase.execution.TestCaseExecutor.runTest(TestCaseExecutor.java:322) ~[evosuite-client-1.0.4-SNAPSHOT.jar:na]
	at org.evosuite.testcase.TestFitnessFunction.runTest(TestFitnessFunction.java:91) [evosuite-client-1.0.4-SNAPSHOT.jar:na]
	at org.evosuite.testcase.TestFitnessFunction.getFitness(TestFitnessFunction.java:60) [evosuite-client-1.0.4-SNAPSHOT.jar:na]
	at org.evosuite.testcase.TestFitnessFunction.getFitness(TestFitnessFunction.java:34) [evosuite-client-1.0.4-SNAPSHOT.jar:na]
	at org.evosuite.ga.metaheuristics.art.AdaptiveRandomSearch.calculateFitness(AdaptiveRandomSearch.java:312) [evosuite-client-1.0.4-SNAPSHOT.jar:na]
	at org.evosuite.ga.metaheuristics.art.AdaptiveRandomSearch.evolve(AdaptiveRandomSearch.java:139) [evosuite-client-1.0.4-SNAPSHOT.jar:na]
	at org.evosuite.ga.metaheuristics.art.AdaptiveRandomSearch.generateSolution(AdaptiveRandomSearch.java:270) [evosuite-client-1.0.4-SNAPSHOT.jar:na]
	at org.evosuite.strategy.AdaptiveRandomTestStrategy.generateTests(AdaptiveRandomTestStrategy.java:118) [evosuite-client-1.0.4-SNAPSHOT.jar:na]
	at org.evosuite.TestSuiteGenerator.generateTests(TestSuiteGenerator.java:654) [evosuite-client-1.0.4-SNAPSHOT.jar:na]
	at org.evosuite.TestSuiteGenerator.generateTestSuite(TestSuiteGenerator.java:213) [evosuite-client-1.0.4-SNAPSHOT.jar:na]
	at org.evosuite.rmi.service.ClientNodeImpl$1.run(ClientNodeImpl.java:145) [evosuite-client-1.0.4-SNAPSHOT.jar:na]
	at java.util.concurrent.Executors$RunnableAdapter.call(Executors.java:511) [na:1.8.0_265]
	at java.util.concurrent.FutureTask.run(FutureTask.java:266) [na:1.8.0_265]
	at java.util.concurrent.ThreadPoolExecutor.runWorker(ThreadPoolExecutor.java:1149) [na:1.8.0_265]
	at java.util.concurrent.ThreadPoolExecutor$Worker.run(ThreadPoolExecutor.java:624) [na:1.8.0_265]
	at java.lang.Thread.run(Thread.java:748) [na:1.8.0_265]
Aug 14, 2020 3:12:50 AM org.openqa.selenium.remote.ProtocolHandshake createSession
[MASTER] 11:12:50.865 [Thread-3] ERROR ExternalProcessHandler - Aug 14, 2020 3:12:50 AM org.openqa.selenium.remote.ProtocolHandshake createSession

INFO: Detected dialect: OSS
[MASTER] 11:12:50.865 [Thread-3] ERROR ExternalProcessHandler - INFO: Detected dialect: OSS

Aug 14, 2020 3:12:51 AM org.openqa.selenium.remote.ProtocolHandshake createSession
[MASTER] 11:12:51.824 [Thread-3] ERROR ExternalProcessHandler - Aug 14, 2020 3:12:51 AM org.openqa.selenium.remote.ProtocolHandshake createSession

INFO: Detected dialect: OSS
[MASTER] 11:12:51.824 [Thread-3] ERROR ExternalProcessHandler - INFO: Detected dialect: OSS

Aug 14, 2020 3:12:53 AM org.openqa.selenium.remote.ProtocolHandshake createSession
[MASTER] 11:12:53.575 [Thread-3] ERROR ExternalProcessHandler - Aug 14, 2020 3:12:53 AM org.openqa.selenium.remote.ProtocolHandshake createSession

INFO: Detected dialect: OSS
[MASTER] 11:12:53.575 [Thread-3] ERROR ExternalProcessHandler - INFO: Detected dialect: OSS

Aug 14, 2020 3:12:57 AM org.openqa.selenium.remote.ProtocolHandshake createSession
[MASTER] 11:12:57.132 [Thread-3] ERROR ExternalProcessHandler - Aug 14, 2020 3:12:57 AM org.openqa.selenium.remote.ProtocolHandshake createSession

INFO: Detected dialect: OSS
[MASTER] 11:12:57.132 [Thread-3] ERROR ExternalProcessHandler - INFO: Detected dialect: OSS

Aug 14, 2020 3:13:06 AM org.openqa.selenium.remote.ProtocolHandshake createSession
[MASTER] 11:13:06.955 [Thread-3] ERROR ExternalProcessHandler - Aug 14, 2020 3:13:06 AM org.openqa.selenium.remote.ProtocolHandshake createSession

INFO: Detected dialect: OSS
[MASTER] 11:13:06.955 [Thread-3] ERROR ExternalProcessHandler - INFO: Detected dialect: OSS

Aug 14, 2020 3:13:22 AM org.openqa.selenium.remote.ProtocolHandshake createSession
[MASTER] 11:13:22.790 [Thread-3] ERROR ExternalProcessHandler - Aug 14, 2020 3:13:22 AM org.openqa.selenium.remote.ProtocolHandshake createSession

INFO: Detected dialect: OSS
[MASTER] 11:13:22.791 [Thread-3] ERROR ExternalProcessHandler - INFO: Detected dialect: OSS

[MASTER] 11:13:44.459 [logback-2] ERROR TestCaseExecutor - TG: Exception caught: 
java.lang.IllegalStateException: Test generation failed: page object bug.
	at org.evosuite.testcase.execution.TestCaseExecutor.runTest(TestCaseExecutor.java:322) ~[evosuite-client-1.0.4-SNAPSHOT.jar:na]
	at org.evosuite.testcase.TestFitnessFunction.runTest(TestFitnessFunction.java:91) [evosuite-client-1.0.4-SNAPSHOT.jar:na]
	at org.evosuite.testcase.TestFitnessFunction.getFitness(TestFitnessFunction.java:60) [evosuite-client-1.0.4-SNAPSHOT.jar:na]
	at org.evosuite.testcase.TestFitnessFunction.getFitness(TestFitnessFunction.java:34) [evosuite-client-1.0.4-SNAPSHOT.jar:na]
	at org.evosuite.ga.metaheuristics.art.AdaptiveRandomSearch.calculateFitness(AdaptiveRandomSearch.java:312) [evosuite-client-1.0.4-SNAPSHOT.jar:na]
	at org.evosuite.ga.metaheuristics.art.AdaptiveRandomSearch.evolve(AdaptiveRandomSearch.java:139) [evosuite-client-1.0.4-SNAPSHOT.jar:na]
	at org.evosuite.ga.metaheuristics.art.AdaptiveRandomSearch.generateSolution(AdaptiveRandomSearch.java:270) [evosuite-client-1.0.4-SNAPSHOT.jar:na]
	at org.evosuite.strategy.AdaptiveRandomTestStrategy.generateTests(AdaptiveRandomTestStrategy.java:118) [evosuite-client-1.0.4-SNAPSHOT.jar:na]
	at org.evosuite.TestSuiteGenerator.generateTests(TestSuiteGenerator.java:654) [evosuite-client-1.0.4-SNAPSHOT.jar:na]
	at org.evosuite.TestSuiteGenerator.generateTestSuite(TestSuiteGenerator.java:213) [evosuite-client-1.0.4-SNAPSHOT.jar:na]
	at org.evosuite.rmi.service.ClientNodeImpl$1.run(ClientNodeImpl.java:145) [evosuite-client-1.0.4-SNAPSHOT.jar:na]
	at java.util.concurrent.Executors$RunnableAdapter.call(Executors.java:511) [na:1.8.0_265]
	at java.util.concurrent.FutureTask.run(FutureTask.java:266) [na:1.8.0_265]
	at java.util.concurrent.ThreadPoolExecutor.runWorker(ThreadPoolExecutor.java:1149) [na:1.8.0_265]
	at java.util.concurrent.ThreadPoolExecutor$Worker.run(ThreadPoolExecutor.java:624) [na:1.8.0_265]
	at java.lang.Thread.run(Thread.java:748) [na:1.8.0_265]
Aug 14, 2020 3:13:44 AM org.openqa.selenium.remote.ProtocolHandshake createSession
[MASTER] 11:13:44.685 [Thread-3] ERROR ExternalProcessHandler - Aug 14, 2020 3:13:44 AM org.openqa.selenium.remote.ProtocolHandshake createSession

INFO: Detected dialect: OSS
[MASTER] 11:13:44.685 [Thread-3] ERROR ExternalProcessHandler - INFO: Detected dialect: OSS

Aug 14, 2020 3:13:45 AM org.openqa.selenium.remote.ProtocolHandshake createSession
[MASTER] 11:13:45.953 [Thread-3] ERROR ExternalProcessHandler - Aug 14, 2020 3:13:45 AM org.openqa.selenium.remote.ProtocolHandshake createSession

INFO: Detected dialect: OSS
[MASTER] 11:13:45.953 [Thread-3] ERROR ExternalProcessHandler - INFO: Detected dialect: OSS

Aug 14, 2020 3:13:46 AM org.openqa.selenium.remote.ProtocolHandshake createSession
[MASTER] 11:13:46.953 [Thread-3] ERROR ExternalProcessHandler - Aug 14, 2020 3:13:46 AM org.openqa.selenium.remote.ProtocolHandshake createSession

INFO: Detected dialect: OSS
[MASTER] 11:13:46.953 [Thread-3] ERROR ExternalProcessHandler - INFO: Detected dialect: OSS

Aug 14, 2020 3:13:48 AM org.openqa.selenium.remote.ProtocolHandshake createSession
[MASTER] 11:13:48.326 [Thread-3] ERROR ExternalProcessHandler - Aug 14, 2020 3:13:48 AM org.openqa.selenium.remote.ProtocolHandshake createSession

INFO: Detected dialect: OSS
[MASTER] 11:13:48.326 [Thread-3] ERROR ExternalProcessHandler - INFO: Detected dialect: OSS

Aug 14, 2020 3:13:51 AM org.openqa.selenium.remote.ProtocolHandshake createSession
[MASTER] 11:13:51.743 [Thread-3] ERROR ExternalProcessHandler - Aug 14, 2020 3:13:51 AM org.openqa.selenium.remote.ProtocolHandshake createSession

INFO: Detected dialect: OSS
[MASTER] 11:13:51.743 [Thread-3] ERROR ExternalProcessHandler - INFO: Detected dialect: OSS

Aug 14, 2020 3:14:01 AM org.openqa.selenium.remote.ProtocolHandshake createSession
[MASTER] 11:14:01.658 [Thread-3] ERROR ExternalProcessHandler - Aug 14, 2020 3:14:01 AM org.openqa.selenium.remote.ProtocolHandshake createSession

INFO: Detected dialect: OSS
[MASTER] 11:14:01.658 [Thread-3] ERROR ExternalProcessHandler - INFO: Detected dialect: OSS

Aug 14, 2020 3:14:17 AM org.openqa.selenium.remote.ProtocolHandshake createSession
[MASTER] 11:14:17.911 [Thread-3] ERROR ExternalProcessHandler - Aug 14, 2020 3:14:17 AM org.openqa.selenium.remote.ProtocolHandshake createSession

INFO: Detected dialect: OSS
[MASTER] 11:14:17.911 [Thread-3] ERROR ExternalProcessHandler - INFO: Detected dialect: OSS

[MASTER] 11:14:40.351 [logback-2] ERROR TestCaseExecutor - TG: Exception caught: 
java.lang.IllegalStateException: Test generation failed: page object bug.
	at org.evosuite.testcase.execution.TestCaseExecutor.runTest(TestCaseExecutor.java:322) ~[evosuite-client-1.0.4-SNAPSHOT.jar:na]
	at org.evosuite.testcase.TestFitnessFunction.runTest(TestFitnessFunction.java:91) [evosuite-client-1.0.4-SNAPSHOT.jar:na]
	at org.evosuite.testcase.TestFitnessFunction.getFitness(TestFitnessFunction.java:60) [evosuite-client-1.0.4-SNAPSHOT.jar:na]
	at org.evosuite.testcase.TestFitnessFunction.getFitness(TestFitnessFunction.java:34) [evosuite-client-1.0.4-SNAPSHOT.jar:na]
	at org.evosuite.ga.metaheuristics.art.AdaptiveRandomSearch.calculateFitness(AdaptiveRandomSearch.java:312) [evosuite-client-1.0.4-SNAPSHOT.jar:na]
	at org.evosuite.ga.metaheuristics.art.AdaptiveRandomSearch.evolve(AdaptiveRandomSearch.java:139) [evosuite-client-1.0.4-SNAPSHOT.jar:na]
	at org.evosuite.ga.metaheuristics.art.AdaptiveRandomSearch.generateSolution(AdaptiveRandomSearch.java:270) [evosuite-client-1.0.4-SNAPSHOT.jar:na]
	at org.evosuite.strategy.AdaptiveRandomTestStrategy.generateTests(AdaptiveRandomTestStrategy.java:118) [evosuite-client-1.0.4-SNAPSHOT.jar:na]
	at org.evosuite.TestSuiteGenerator.generateTests(TestSuiteGenerator.java:654) [evosuite-client-1.0.4-SNAPSHOT.jar:na]
	at org.evosuite.TestSuiteGenerator.generateTestSuite(TestSuiteGenerator.java:213) [evosuite-client-1.0.4-SNAPSHOT.jar:na]
	at org.evosuite.rmi.service.ClientNodeImpl$1.run(ClientNodeImpl.java:145) [evosuite-client-1.0.4-SNAPSHOT.jar:na]
	at java.util.concurrent.Executors$RunnableAdapter.call(Executors.java:511) [na:1.8.0_265]
	at java.util.concurrent.FutureTask.run(FutureTask.java:266) [na:1.8.0_265]
	at java.util.concurrent.ThreadPoolExecutor.runWorker(ThreadPoolExecutor.java:1149) [na:1.8.0_265]
	at java.util.concurrent.ThreadPoolExecutor$Worker.run(ThreadPoolExecutor.java:624) [na:1.8.0_265]
	at java.lang.Thread.run(Thread.java:748) [na:1.8.0_265]
Aug 14, 2020 3:14:40 AM org.openqa.selenium.remote.ProtocolHandshake createSession
[MASTER] 11:14:40.574 [Thread-3] ERROR ExternalProcessHandler - Aug 14, 2020 3:14:40 AM org.openqa.selenium.remote.ProtocolHandshake createSession

INFO: Detected dialect: OSS
[MASTER] 11:14:40.574 [Thread-3] ERROR ExternalProcessHandler - INFO: Detected dialect: OSS

Aug 14, 2020 3:14:42 AM org.openqa.selenium.remote.ProtocolHandshake createSession
[MASTER] 11:14:42.920 [Thread-3] ERROR ExternalProcessHandler - Aug 14, 2020 3:14:42 AM org.openqa.selenium.remote.ProtocolHandshake createSession

INFO: Detected dialect: OSS
[MASTER] 11:14:42.920 [Thread-3] ERROR ExternalProcessHandler - INFO: Detected dialect: OSS

Aug 14, 2020 3:14:44 AM org.openqa.selenium.remote.ProtocolHandshake createSession
[MASTER] 11:14:44.116 [Thread-3] ERROR ExternalProcessHandler - Aug 14, 2020 3:14:44 AM org.openqa.selenium.remote.ProtocolHandshake createSession

INFO: Detected dialect: OSS
[MASTER] 11:14:44.117 [Thread-3] ERROR ExternalProcessHandler - INFO: Detected dialect: OSS

Aug 14, 2020 3:14:46 AM org.openqa.selenium.remote.ProtocolHandshake createSession
[MASTER] 11:14:46.916 [Thread-3] ERROR ExternalProcessHandler - Aug 14, 2020 3:14:46 AM org.openqa.selenium.remote.ProtocolHandshake createSession

INFO: Detected dialect: OSS
[MASTER] 11:14:46.916 [Thread-3] ERROR ExternalProcessHandler - INFO: Detected dialect: OSS

Aug 14, 2020 3:14:48 AM org.openqa.selenium.remote.ProtocolHandshake createSession
[MASTER] 11:14:48.317 [Thread-3] ERROR ExternalProcessHandler - Aug 14, 2020 3:14:48 AM org.openqa.selenium.remote.ProtocolHandshake createSession

INFO: Detected dialect: OSS
[MASTER] 11:14:48.317 [Thread-3] ERROR ExternalProcessHandler - INFO: Detected dialect: OSS

Aug 14, 2020 3:14:49 AM org.openqa.selenium.remote.ProtocolHandshake createSession
[MASTER] 11:14:49.490 [Thread-3] ERROR ExternalProcessHandler - Aug 14, 2020 3:14:49 AM org.openqa.selenium.remote.ProtocolHandshake createSession

INFO: Detected dialect: OSS
[MASTER] 11:14:49.490 [Thread-3] ERROR ExternalProcessHandler - INFO: Detected dialect: OSS

Aug 14, 2020 3:14:54 AM org.openqa.selenium.remote.ProtocolHandshake createSession
[MASTER] 11:14:54.369 [Thread-3] ERROR ExternalProcessHandler - Aug 14, 2020 3:14:54 AM org.openqa.selenium.remote.ProtocolHandshake createSession

INFO: Detected dialect: OSS
[MASTER] 11:14:54.369 [Thread-3] ERROR ExternalProcessHandler - INFO: Detected dialect: OSS

Aug 14, 2020 3:15:04 AM org.openqa.selenium.remote.ProtocolHandshake createSession
[MASTER] 11:15:04.941 [Thread-3] ERROR ExternalProcessHandler - Aug 14, 2020 3:15:04 AM org.openqa.selenium.remote.ProtocolHandshake createSession

INFO: Detected dialect: OSS
[MASTER] 11:15:04.941 [Thread-3] ERROR ExternalProcessHandler - INFO: Detected dialect: OSS

Aug 14, 2020 3:15:20 AM org.openqa.selenium.remote.ProtocolHandshake createSession
[MASTER] 11:15:20.987 [Thread-3] ERROR ExternalProcessHandler - Aug 14, 2020 3:15:20 AM org.openqa.selenium.remote.ProtocolHandshake createSession

INFO: Detected dialect: OSS
[MASTER] 11:15:20.987 [Thread-3] ERROR ExternalProcessHandler - INFO: Detected dialect: OSS

[MASTER] 11:15:42.563 [logback-2] ERROR TestCaseExecutor - TG: Exception caught: 
java.lang.IllegalStateException: Test generation failed: page object bug.
	at org.evosuite.testcase.execution.TestCaseExecutor.runTest(TestCaseExecutor.java:322) ~[evosuite-client-1.0.4-SNAPSHOT.jar:na]
	at org.evosuite.testcase.TestFitnessFunction.runTest(TestFitnessFunction.java:91) [evosuite-client-1.0.4-SNAPSHOT.jar:na]
	at org.evosuite.testcase.TestFitnessFunction.getFitness(TestFitnessFunction.java:60) [evosuite-client-1.0.4-SNAPSHOT.jar:na]
	at org.evosuite.testcase.TestFitnessFunction.getFitness(TestFitnessFunction.java:34) [evosuite-client-1.0.4-SNAPSHOT.jar:na]
	at org.evosuite.ga.metaheuristics.art.AdaptiveRandomSearch.calculateFitness(AdaptiveRandomSearch.java:312) [evosuite-client-1.0.4-SNAPSHOT.jar:na]
	at org.evosuite.ga.metaheuristics.art.AdaptiveRandomSearch.evolve(AdaptiveRandomSearch.java:139) [evosuite-client-1.0.4-SNAPSHOT.jar:na]
	at org.evosuite.ga.metaheuristics.art.AdaptiveRandomSearch.generateSolution(AdaptiveRandomSearch.java:270) [evosuite-client-1.0.4-SNAPSHOT.jar:na]
	at org.evosuite.strategy.AdaptiveRandomTestStrategy.generateTests(AdaptiveRandomTestStrategy.java:118) [evosuite-client-1.0.4-SNAPSHOT.jar:na]
	at org.evosuite.TestSuiteGenerator.generateTests(TestSuiteGenerator.java:654) [evosuite-client-1.0.4-SNAPSHOT.jar:na]
	at org.evosuite.TestSuiteGenerator.generateTestSuite(TestSuiteGenerator.java:213) [evosuite-client-1.0.4-SNAPSHOT.jar:na]
	at org.evosuite.rmi.service.ClientNodeImpl$1.run(ClientNodeImpl.java:145) [evosuite-client-1.0.4-SNAPSHOT.jar:na]
	at java.util.concurrent.Executors$RunnableAdapter.call(Executors.java:511) [na:1.8.0_265]
	at java.util.concurrent.FutureTask.run(FutureTask.java:266) [na:1.8.0_265]
	at java.util.concurrent.ThreadPoolExecutor.runWorker(ThreadPoolExecutor.java:1149) [na:1.8.0_265]
	at java.util.concurrent.ThreadPoolExecutor$Worker.run(ThreadPoolExecutor.java:624) [na:1.8.0_265]
	at java.lang.Thread.run(Thread.java:748) [na:1.8.0_265]
Aug 14, 2020 3:15:42 AM org.openqa.selenium.remote.ProtocolHandshake createSession
[MASTER] 11:15:42.797 [Thread-3] ERROR ExternalProcessHandler - Aug 14, 2020 3:15:42 AM org.openqa.selenium.remote.ProtocolHandshake createSession

INFO: Detected dialect: OSS
[MASTER] 11:15:42.797 [Thread-3] ERROR ExternalProcessHandler - INFO: Detected dialect: OSS

Aug 14, 2020 3:15:45 AM org.openqa.selenium.remote.ProtocolHandshake createSession
[MASTER] 11:15:45.526 [Thread-3] ERROR ExternalProcessHandler - Aug 14, 2020 3:15:45 AM org.openqa.selenium.remote.ProtocolHandshake createSession

INFO: Detected dialect: OSS
[MASTER] 11:15:45.526 [Thread-3] ERROR ExternalProcessHandler - INFO: Detected dialect: OSS

Aug 14, 2020 3:15:54 AM org.openqa.selenium.remote.ProtocolHandshake createSession
[MASTER] 11:15:54.069 [Thread-3] ERROR ExternalProcessHandler - Aug 14, 2020 3:15:54 AM org.openqa.selenium.remote.ProtocolHandshake createSession

INFO: Detected dialect: OSS
[MASTER] 11:15:54.069 [Thread-3] ERROR ExternalProcessHandler - INFO: Detected dialect: OSS

Aug 14, 2020 3:16:08 AM org.openqa.selenium.remote.ProtocolHandshake createSession
[MASTER] 11:16:08.309 [Thread-3] ERROR ExternalProcessHandler - Aug 14, 2020 3:16:08 AM org.openqa.selenium.remote.ProtocolHandshake createSession

INFO: Detected dialect: OSS
[MASTER] 11:16:08.310 [Thread-3] ERROR ExternalProcessHandler - INFO: Detected dialect: OSS

[MASTER] 11:16:28.089 [logback-2] ERROR TestCaseExecutor - TG: Exception caught: 
java.lang.IllegalStateException: Test generation failed: page object bug.
	at org.evosuite.testcase.execution.TestCaseExecutor.runTest(TestCaseExecutor.java:322) ~[evosuite-client-1.0.4-SNAPSHOT.jar:na]
	at org.evosuite.testcase.TestFitnessFunction.runTest(TestFitnessFunction.java:91) [evosuite-client-1.0.4-SNAPSHOT.jar:na]
	at org.evosuite.testcase.TestFitnessFunction.getFitness(TestFitnessFunction.java:60) [evosuite-client-1.0.4-SNAPSHOT.jar:na]
	at org.evosuite.testcase.TestFitnessFunction.getFitness(TestFitnessFunction.java:34) [evosuite-client-1.0.4-SNAPSHOT.jar:na]
	at org.evosuite.ga.metaheuristics.art.AdaptiveRandomSearch.calculateFitness(AdaptiveRandomSearch.java:312) [evosuite-client-1.0.4-SNAPSHOT.jar:na]
	at org.evosuite.ga.metaheuristics.art.AdaptiveRandomSearch.evolve(AdaptiveRandomSearch.java:139) [evosuite-client-1.0.4-SNAPSHOT.jar:na]
	at org.evosuite.ga.metaheuristics.art.AdaptiveRandomSearch.generateSolution(AdaptiveRandomSearch.java:270) [evosuite-client-1.0.4-SNAPSHOT.jar:na]
	at org.evosuite.strategy.AdaptiveRandomTestStrategy.generateTests(AdaptiveRandomTestStrategy.java:118) [evosuite-client-1.0.4-SNAPSHOT.jar:na]
	at org.evosuite.TestSuiteGenerator.generateTests(TestSuiteGenerator.java:654) [evosuite-client-1.0.4-SNAPSHOT.jar:na]
	at org.evosuite.TestSuiteGenerator.generateTestSuite(TestSuiteGenerator.java:213) [evosuite-client-1.0.4-SNAPSHOT.jar:na]
	at org.evosuite.rmi.service.ClientNodeImpl$1.run(ClientNodeImpl.java:145) [evosuite-client-1.0.4-SNAPSHOT.jar:na]
	at java.util.concurrent.Executors$RunnableAdapter.call(Executors.java:511) [na:1.8.0_265]
	at java.util.concurrent.FutureTask.run(FutureTask.java:266) [na:1.8.0_265]
	at java.util.concurrent.ThreadPoolExecutor.runWorker(ThreadPoolExecutor.java:1149) [na:1.8.0_265]
	at java.util.concurrent.ThreadPoolExecutor$Worker.run(ThreadPoolExecutor.java:624) [na:1.8.0_265]
	at java.lang.Thread.run(Thread.java:748) [na:1.8.0_265]
Aug 14, 2020 3:16:28 AM org.openqa.selenium.remote.ProtocolHandshake createSession
[MASTER] 11:16:28.317 [Thread-3] ERROR ExternalProcessHandler - Aug 14, 2020 3:16:28 AM org.openqa.selenium.remote.ProtocolHandshake createSession

INFO: Detected dialect: OSS
[MASTER] 11:16:28.317 [Thread-3] ERROR ExternalProcessHandler - INFO: Detected dialect: OSS

Aug 14, 2020 3:16:29 AM org.openqa.selenium.remote.ProtocolHandshake createSession
[MASTER] 11:16:29.497 [Thread-3] ERROR ExternalProcessHandler - Aug 14, 2020 3:16:29 AM org.openqa.selenium.remote.ProtocolHandshake createSession

INFO: Detected dialect: OSS
[MASTER] 11:16:29.498 [Thread-3] ERROR ExternalProcessHandler - INFO: Detected dialect: OSS

Aug 14, 2020 3:16:31 AM org.openqa.selenium.remote.ProtocolHandshake createSession
[MASTER] 11:16:31.149 [Thread-3] ERROR ExternalProcessHandler - Aug 14, 2020 3:16:31 AM org.openqa.selenium.remote.ProtocolHandshake createSession

INFO: Detected dialect: OSS
[MASTER] 11:16:31.149 [Thread-3] ERROR ExternalProcessHandler - INFO: Detected dialect: OSS

Aug 14, 2020 3:16:33 AM org.openqa.selenium.remote.ProtocolHandshake createSession
[MASTER] 11:16:33.240 [Thread-3] ERROR ExternalProcessHandler - Aug 14, 2020 3:16:33 AM org.openqa.selenium.remote.ProtocolHandshake createSession

INFO: Detected dialect: OSS
[MASTER] 11:16:33.240 [Thread-3] ERROR ExternalProcessHandler - INFO: Detected dialect: OSS

Aug 14, 2020 3:16:35 AM org.openqa.selenium.remote.ProtocolHandshake createSession
[MASTER] 11:16:35.015 [Thread-3] ERROR ExternalProcessHandler - Aug 14, 2020 3:16:35 AM org.openqa.selenium.remote.ProtocolHandshake createSession

INFO: Detected dialect: OSS
[MASTER] 11:16:35.016 [Thread-3] ERROR ExternalProcessHandler - INFO: Detected dialect: OSS

Aug 14, 2020 3:16:35 AM org.openqa.selenium.remote.ProtocolHandshake createSession
[MASTER] 11:16:35.930 [Thread-3] ERROR ExternalProcessHandler - Aug 14, 2020 3:16:35 AM org.openqa.selenium.remote.ProtocolHandshake createSession

INFO: Detected dialect: OSS
[MASTER] 11:16:35.930 [Thread-3] ERROR ExternalProcessHandler - INFO: Detected dialect: OSS

Aug 14, 2020 3:16:40 AM org.openqa.selenium.remote.ProtocolHandshake createSession
[MASTER] 11:16:40.160 [Thread-3] ERROR ExternalProcessHandler - Aug 14, 2020 3:16:40 AM org.openqa.selenium.remote.ProtocolHandshake createSession

INFO: Detected dialect: OSS
[MASTER] 11:16:40.160 [Thread-3] ERROR ExternalProcessHandler - INFO: Detected dialect: OSS

Aug 14, 2020 3:16:50 AM org.openqa.selenium.remote.ProtocolHandshake createSession
[MASTER] 11:16:50.757 [Thread-3] ERROR ExternalProcessHandler - Aug 14, 2020 3:16:50 AM org.openqa.selenium.remote.ProtocolHandshake createSession

INFO: Detected dialect: OSS
[MASTER] 11:16:50.758 [Thread-3] ERROR ExternalProcessHandler - INFO: Detected dialect: OSS

Aug 14, 2020 3:16:51 AM org.openqa.selenium.remote.ProtocolHandshake createSession
[MASTER] 11:16:51.758 [Thread-3] ERROR ExternalProcessHandler - Aug 14, 2020 3:16:51 AM org.openqa.selenium.remote.ProtocolHandshake createSession

INFO: Detected dialect: OSS
[MASTER] 11:16:51.758 [Thread-3] ERROR ExternalProcessHandler - INFO: Detected dialect: OSS

Aug 14, 2020 3:16:53 AM org.openqa.selenium.remote.ProtocolHandshake createSession
[MASTER] 11:16:53.324 [Thread-3] ERROR ExternalProcessHandler - Aug 14, 2020 3:16:53 AM org.openqa.selenium.remote.ProtocolHandshake createSession

INFO: Detected dialect: OSS
[MASTER] 11:16:53.324 [Thread-3] ERROR ExternalProcessHandler - INFO: Detected dialect: OSS

Aug 14, 2020 3:16:54 AM org.openqa.selenium.remote.ProtocolHandshake createSession
[MASTER] 11:16:54.235 [Thread-3] ERROR ExternalProcessHandler - Aug 14, 2020 3:16:54 AM org.openqa.selenium.remote.ProtocolHandshake createSession

INFO: Detected dialect: OSS
[MASTER] 11:16:54.236 [Thread-3] ERROR ExternalProcessHandler - INFO: Detected dialect: OSS

Aug 14, 2020 3:16:58 AM org.openqa.selenium.remote.ProtocolHandshake createSession
[MASTER] 11:16:58.806 [Thread-3] ERROR ExternalProcessHandler - Aug 14, 2020 3:16:58 AM org.openqa.selenium.remote.ProtocolHandshake createSession

INFO: Detected dialect: OSS
[MASTER] 11:16:58.806 [Thread-3] ERROR ExternalProcessHandler - INFO: Detected dialect: OSS

Aug 14, 2020 3:17:09 AM org.openqa.selenium.remote.ProtocolHandshake createSession
[MASTER] 11:17:09.767 [Thread-3] ERROR ExternalProcessHandler - Aug 14, 2020 3:17:09 AM org.openqa.selenium.remote.ProtocolHandshake createSession

INFO: Detected dialect: OSS
[MASTER] 11:17:09.767 [Thread-3] ERROR ExternalProcessHandler - INFO: Detected dialect: OSS

Aug 14, 2020 3:17:26 AM org.openqa.selenium.remote.ProtocolHandshake createSession
[MASTER] 11:17:26.925 [Thread-3] ERROR ExternalProcessHandler - Aug 14, 2020 3:17:26 AM org.openqa.selenium.remote.ProtocolHandshake createSession

INFO: Detected dialect: OSS
[MASTER] 11:17:26.925 [Thread-3] ERROR ExternalProcessHandler - INFO: Detected dialect: OSS

[MASTER] 11:17:50.364 [logback-2] ERROR TestCaseExecutor - TG: Exception caught: 
java.lang.IllegalStateException: Test generation failed: page object bug.
	at org.evosuite.testcase.execution.TestCaseExecutor.runTest(TestCaseExecutor.java:322) ~[evosuite-client-1.0.4-SNAPSHOT.jar:na]
	at org.evosuite.testcase.TestFitnessFunction.runTest(TestFitnessFunction.java:91) [evosuite-client-1.0.4-SNAPSHOT.jar:na]
	at org.evosuite.testcase.TestFitnessFunction.getFitness(TestFitnessFunction.java:60) [evosuite-client-1.0.4-SNAPSHOT.jar:na]
	at org.evosuite.testcase.TestFitnessFunction.getFitness(TestFitnessFunction.java:34) [evosuite-client-1.0.4-SNAPSHOT.jar:na]
	at org.evosuite.ga.metaheuristics.art.AdaptiveRandomSearch.calculateFitness(AdaptiveRandomSearch.java:312) [evosuite-client-1.0.4-SNAPSHOT.jar:na]
	at org.evosuite.ga.metaheuristics.art.AdaptiveRandomSearch.evolve(AdaptiveRandomSearch.java:139) [evosuite-client-1.0.4-SNAPSHOT.jar:na]
	at org.evosuite.ga.metaheuristics.art.AdaptiveRandomSearch.generateSolution(AdaptiveRandomSearch.java:270) [evosuite-client-1.0.4-SNAPSHOT.jar:na]
	at org.evosuite.strategy.AdaptiveRandomTestStrategy.generateTests(AdaptiveRandomTestStrategy.java:118) [evosuite-client-1.0.4-SNAPSHOT.jar:na]
	at org.evosuite.TestSuiteGenerator.generateTests(TestSuiteGenerator.java:654) [evosuite-client-1.0.4-SNAPSHOT.jar:na]
	at org.evosuite.TestSuiteGenerator.generateTestSuite(TestSuiteGenerator.java:213) [evosuite-client-1.0.4-SNAPSHOT.jar:na]
	at org.evosuite.rmi.service.ClientNodeImpl$1.run(ClientNodeImpl.java:145) [evosuite-client-1.0.4-SNAPSHOT.jar:na]
	at java.util.concurrent.Executors$RunnableAdapter.call(Executors.java:511) [na:1.8.0_265]
	at java.util.concurrent.FutureTask.run(FutureTask.java:266) [na:1.8.0_265]
	at java.util.concurrent.ThreadPoolExecutor.runWorker(ThreadPoolExecutor.java:1149) [na:1.8.0_265]
	at java.util.concurrent.ThreadPoolExecutor$Worker.run(ThreadPoolExecutor.java:624) [na:1.8.0_265]
	at java.lang.Thread.run(Thread.java:748) [na:1.8.0_265]
Aug 14, 2020 3:17:50 AM org.openqa.selenium.remote.ProtocolHandshake createSession
[MASTER] 11:17:50.570 [Thread-3] ERROR ExternalProcessHandler - Aug 14, 2020 3:17:50 AM org.openqa.selenium.remote.ProtocolHandshake createSession

INFO: Detected dialect: OSS
[MASTER] 11:17:50.570 [Thread-3] ERROR ExternalProcessHandler - INFO: Detected dialect: OSS

Aug 14, 2020 3:17:53 AM org.openqa.selenium.remote.ProtocolHandshake createSession
[MASTER] 11:17:53.064 [Thread-3] ERROR ExternalProcessHandler - Aug 14, 2020 3:17:53 AM org.openqa.selenium.remote.ProtocolHandshake createSession

INFO: Detected dialect: OSS
[MASTER] 11:17:53.064 [Thread-3] ERROR ExternalProcessHandler - INFO: Detected dialect: OSS

Aug 14, 2020 3:17:54 AM org.openqa.selenium.remote.ProtocolHandshake createSession
[MASTER] 11:17:54.462 [Thread-3] ERROR ExternalProcessHandler - Aug 14, 2020 3:17:54 AM org.openqa.selenium.remote.ProtocolHandshake createSession

INFO: Detected dialect: OSS
[MASTER] 11:17:54.462 [Thread-3] ERROR ExternalProcessHandler - INFO: Detected dialect: OSS

Aug 14, 2020 3:17:56 AM org.openqa.selenium.remote.ProtocolHandshake createSession
[MASTER] 11:17:56.132 [Thread-3] ERROR ExternalProcessHandler - Aug 14, 2020 3:17:56 AM org.openqa.selenium.remote.ProtocolHandshake createSession

INFO: Detected dialect: OSS
[MASTER] 11:17:56.132 [Thread-3] ERROR ExternalProcessHandler - INFO: Detected dialect: OSS

Aug 14, 2020 3:17:58 AM org.openqa.selenium.remote.ProtocolHandshake createSession
[MASTER] 11:17:58.220 [Thread-3] ERROR ExternalProcessHandler - Aug 14, 2020 3:17:58 AM org.openqa.selenium.remote.ProtocolHandshake createSession

INFO: Detected dialect: OSS
[MASTER] 11:17:58.220 [Thread-3] ERROR ExternalProcessHandler - INFO: Detected dialect: OSS

Aug 14, 2020 3:18:07 AM org.openqa.selenium.remote.ProtocolHandshake createSession
[MASTER] 11:18:07.273 [Thread-3] ERROR ExternalProcessHandler - Aug 14, 2020 3:18:07 AM org.openqa.selenium.remote.ProtocolHandshake createSession

INFO: Detected dialect: OSS
[MASTER] 11:18:07.274 [Thread-3] ERROR ExternalProcessHandler - INFO: Detected dialect: OSS

Aug 14, 2020 3:18:22 AM org.openqa.selenium.remote.ProtocolHandshake createSession
[MASTER] 11:18:22.079 [Thread-3] ERROR ExternalProcessHandler - Aug 14, 2020 3:18:22 AM org.openqa.selenium.remote.ProtocolHandshake createSession

INFO: Detected dialect: OSS
[MASTER] 11:18:22.079 [Thread-3] ERROR ExternalProcessHandler - INFO: Detected dialect: OSS

Aug 14, 2020 3:18:42 AM org.openqa.selenium.remote.ProtocolHandshake createSession
[MASTER] 11:18:42.746 [Thread-3] ERROR ExternalProcessHandler - Aug 14, 2020 3:18:42 AM org.openqa.selenium.remote.ProtocolHandshake createSession

INFO: Detected dialect: OSS
[MASTER] 11:18:42.746 [Thread-3] ERROR ExternalProcessHandler - INFO: Detected dialect: OSS

[MASTER] 11:19:08.899 [logback-2] ERROR TestCaseExecutor - TG: Exception caught: 
java.lang.IllegalStateException: Test generation failed: page object bug.
	at org.evosuite.testcase.execution.TestCaseExecutor.runTest(TestCaseExecutor.java:322) ~[evosuite-client-1.0.4-SNAPSHOT.jar:na]
	at org.evosuite.testcase.TestFitnessFunction.runTest(TestFitnessFunction.java:91) [evosuite-client-1.0.4-SNAPSHOT.jar:na]
	at org.evosuite.testcase.TestFitnessFunction.getFitness(TestFitnessFunction.java:60) [evosuite-client-1.0.4-SNAPSHOT.jar:na]
	at org.evosuite.testcase.TestFitnessFunction.getFitness(TestFitnessFunction.java:34) [evosuite-client-1.0.4-SNAPSHOT.jar:na]
	at org.evosuite.ga.metaheuristics.art.AdaptiveRandomSearch.calculateFitness(AdaptiveRandomSearch.java:312) [evosuite-client-1.0.4-SNAPSHOT.jar:na]
	at org.evosuite.ga.metaheuristics.art.AdaptiveRandomSearch.evolve(AdaptiveRandomSearch.java:139) [evosuite-client-1.0.4-SNAPSHOT.jar:na]
	at org.evosuite.ga.metaheuristics.art.AdaptiveRandomSearch.generateSolution(AdaptiveRandomSearch.java:270) [evosuite-client-1.0.4-SNAPSHOT.jar:na]
	at org.evosuite.strategy.AdaptiveRandomTestStrategy.generateTests(AdaptiveRandomTestStrategy.java:118) [evosuite-client-1.0.4-SNAPSHOT.jar:na]
	at org.evosuite.TestSuiteGenerator.generateTests(TestSuiteGenerator.java:654) [evosuite-client-1.0.4-SNAPSHOT.jar:na]
	at org.evosuite.TestSuiteGenerator.generateTestSuite(TestSuiteGenerator.java:213) [evosuite-client-1.0.4-SNAPSHOT.jar:na]
	at org.evosuite.rmi.service.ClientNodeImpl$1.run(ClientNodeImpl.java:145) [evosuite-client-1.0.4-SNAPSHOT.jar:na]
	at java.util.concurrent.Executors$RunnableAdapter.call(Executors.java:511) [na:1.8.0_265]
	at java.util.concurrent.FutureTask.run(FutureTask.java:266) [na:1.8.0_265]
	at java.util.concurrent.ThreadPoolExecutor.runWorker(ThreadPoolExecutor.java:1149) [na:1.8.0_265]
	at java.util.concurrent.ThreadPoolExecutor$Worker.run(ThreadPoolExecutor.java:624) [na:1.8.0_265]
	at java.lang.Thread.run(Thread.java:748) [na:1.8.0_265]
Aug 14, 2020 3:19:09 AM org.openqa.selenium.remote.ProtocolHandshake createSession
[MASTER] 11:19:09.102 [Thread-3] ERROR ExternalProcessHandler - Aug 14, 2020 3:19:09 AM org.openqa.selenium.remote.ProtocolHandshake createSession

INFO: Detected dialect: OSS
[MASTER] 11:19:09.102 [Thread-3] ERROR ExternalProcessHandler - INFO: Detected dialect: OSS

Aug 14, 2020 3:19:10 AM org.openqa.selenium.remote.ProtocolHandshake createSession
[MASTER] 11:19:10.468 [Thread-3] ERROR ExternalProcessHandler - Aug 14, 2020 3:19:10 AM org.openqa.selenium.remote.ProtocolHandshake createSession

INFO: Detected dialect: OSS
[MASTER] 11:19:10.468 [Thread-3] ERROR ExternalProcessHandler - INFO: Detected dialect: OSS

Aug 14, 2020 3:19:11 AM org.openqa.selenium.remote.ProtocolHandshake createSession
[MASTER] 11:19:11.509 [Thread-3] ERROR ExternalProcessHandler - Aug 14, 2020 3:19:11 AM org.openqa.selenium.remote.ProtocolHandshake createSession

INFO: Detected dialect: OSS
[MASTER] 11:19:11.509 [Thread-3] ERROR ExternalProcessHandler - INFO: Detected dialect: OSS

Aug 14, 2020 3:19:14 AM org.openqa.selenium.remote.ProtocolHandshake createSession
[MASTER] 11:19:14.154 [Thread-3] ERROR ExternalProcessHandler - Aug 14, 2020 3:19:14 AM org.openqa.selenium.remote.ProtocolHandshake createSession

INFO: Detected dialect: OSS
[MASTER] 11:19:14.154 [Thread-3] ERROR ExternalProcessHandler - INFO: Detected dialect: OSS

Aug 14, 2020 3:19:23 AM org.openqa.selenium.remote.ProtocolHandshake createSession
[MASTER] 11:19:23.297 [Thread-3] ERROR ExternalProcessHandler - Aug 14, 2020 3:19:23 AM org.openqa.selenium.remote.ProtocolHandshake createSession

INFO: Detected dialect: OSS
[MASTER] 11:19:23.297 [Thread-3] ERROR ExternalProcessHandler - INFO: Detected dialect: OSS

Aug 14, 2020 3:19:38 AM org.openqa.selenium.remote.ProtocolHandshake createSession
[MASTER] 11:19:38.730 [Thread-3] ERROR ExternalProcessHandler - Aug 14, 2020 3:19:38 AM org.openqa.selenium.remote.ProtocolHandshake createSession

INFO: Detected dialect: OSS
[MASTER] 11:19:38.730 [Thread-3] ERROR ExternalProcessHandler - INFO: Detected dialect: OSS

[MASTER] 11:20:00.444 [logback-2] ERROR TestCaseExecutor - TG: Exception caught: 
java.lang.IllegalStateException: Test generation failed: page object bug.
	at org.evosuite.testcase.execution.TestCaseExecutor.runTest(TestCaseExecutor.java:322) ~[evosuite-client-1.0.4-SNAPSHOT.jar:na]
	at org.evosuite.testcase.TestFitnessFunction.runTest(TestFitnessFunction.java:91) [evosuite-client-1.0.4-SNAPSHOT.jar:na]
	at org.evosuite.testcase.TestFitnessFunction.getFitness(TestFitnessFunction.java:60) [evosuite-client-1.0.4-SNAPSHOT.jar:na]
	at org.evosuite.testcase.TestFitnessFunction.getFitness(TestFitnessFunction.java:34) [evosuite-client-1.0.4-SNAPSHOT.jar:na]
	at org.evosuite.ga.metaheuristics.art.AdaptiveRandomSearch.calculateFitness(AdaptiveRandomSearch.java:312) [evosuite-client-1.0.4-SNAPSHOT.jar:na]
	at org.evosuite.ga.metaheuristics.art.AdaptiveRandomSearch.evolve(AdaptiveRandomSearch.java:139) [evosuite-client-1.0.4-SNAPSHOT.jar:na]
	at org.evosuite.ga.metaheuristics.art.AdaptiveRandomSearch.generateSolution(AdaptiveRandomSearch.java:270) [evosuite-client-1.0.4-SNAPSHOT.jar:na]
	at org.evosuite.strategy.AdaptiveRandomTestStrategy.generateTests(AdaptiveRandomTestStrategy.java:118) [evosuite-client-1.0.4-SNAPSHOT.jar:na]
	at org.evosuite.TestSuiteGenerator.generateTests(TestSuiteGenerator.java:654) [evosuite-client-1.0.4-SNAPSHOT.jar:na]
	at org.evosuite.TestSuiteGenerator.generateTestSuite(TestSuiteGenerator.java:213) [evosuite-client-1.0.4-SNAPSHOT.jar:na]
	at org.evosuite.rmi.service.ClientNodeImpl$1.run(ClientNodeImpl.java:145) [evosuite-client-1.0.4-SNAPSHOT.jar:na]
	at java.util.concurrent.Executors$RunnableAdapter.call(Executors.java:511) [na:1.8.0_265]
	at java.util.concurrent.FutureTask.run(FutureTask.java:266) [na:1.8.0_265]
	at java.util.concurrent.ThreadPoolExecutor.runWorker(ThreadPoolExecutor.java:1149) [na:1.8.0_265]
	at java.util.concurrent.ThreadPoolExecutor$Worker.run(ThreadPoolExecutor.java:624) [na:1.8.0_265]
	at java.lang.Thread.run(Thread.java:748) [na:1.8.0_265]
Aug 14, 2020 3:20:00 AM org.openqa.selenium.remote.ProtocolHandshake createSession
[MASTER] 11:20:00.637 [Thread-3] ERROR ExternalProcessHandler - Aug 14, 2020 3:20:00 AM org.openqa.selenium.remote.ProtocolHandshake createSession

INFO: Detected dialect: OSS
[MASTER] 11:20:00.637 [Thread-3] ERROR ExternalProcessHandler - INFO: Detected dialect: OSS

Aug 14, 2020 3:20:01 AM org.openqa.selenium.remote.ProtocolHandshake createSession
[MASTER] 11:20:01.572 [Thread-3] ERROR ExternalProcessHandler - Aug 14, 2020 3:20:01 AM org.openqa.selenium.remote.ProtocolHandshake createSession

INFO: Detected dialect: OSS
[MASTER] 11:20:01.572 [Thread-3] ERROR ExternalProcessHandler - INFO: Detected dialect: OSS

Aug 14, 2020 3:20:04 AM org.openqa.selenium.remote.ProtocolHandshake createSession
[MASTER] 11:20:04.688 [Thread-3] ERROR ExternalProcessHandler - Aug 14, 2020 3:20:04 AM org.openqa.selenium.remote.ProtocolHandshake createSession

INFO: Detected dialect: OSS
[MASTER] 11:20:04.688 [Thread-3] ERROR ExternalProcessHandler - INFO: Detected dialect: OSS

Aug 14, 2020 3:20:13 AM org.openqa.selenium.remote.ProtocolHandshake createSession
[MASTER] 11:20:13.819 [Thread-3] ERROR ExternalProcessHandler - Aug 14, 2020 3:20:13 AM org.openqa.selenium.remote.ProtocolHandshake createSession

INFO: Detected dialect: OSS
[MASTER] 11:20:13.819 [Thread-3] ERROR ExternalProcessHandler - INFO: Detected dialect: OSS

Aug 14, 2020 3:20:29 AM org.openqa.selenium.remote.ProtocolHandshake createSession
[MASTER] 11:20:29.076 [Thread-3] ERROR ExternalProcessHandler - Aug 14, 2020 3:20:29 AM org.openqa.selenium.remote.ProtocolHandshake createSession

INFO: Detected dialect: OSS
[MASTER] 11:20:29.076 [Thread-3] ERROR ExternalProcessHandler - INFO: Detected dialect: OSS

[MASTER] 11:20:50.156 [logback-2] ERROR TestCaseExecutor - TG: Exception caught: 
java.lang.IllegalStateException: Test generation failed: page object bug.
	at org.evosuite.testcase.execution.TestCaseExecutor.runTest(TestCaseExecutor.java:322) ~[evosuite-client-1.0.4-SNAPSHOT.jar:na]
	at org.evosuite.testcase.TestFitnessFunction.runTest(TestFitnessFunction.java:91) [evosuite-client-1.0.4-SNAPSHOT.jar:na]
	at org.evosuite.testcase.TestFitnessFunction.getFitness(TestFitnessFunction.java:60) [evosuite-client-1.0.4-SNAPSHOT.jar:na]
	at org.evosuite.testcase.TestFitnessFunction.getFitness(TestFitnessFunction.java:34) [evosuite-client-1.0.4-SNAPSHOT.jar:na]
	at org.evosuite.ga.metaheuristics.art.AdaptiveRandomSearch.calculateFitness(AdaptiveRandomSearch.java:312) [evosuite-client-1.0.4-SNAPSHOT.jar:na]
	at org.evosuite.ga.metaheuristics.art.AdaptiveRandomSearch.evolve(AdaptiveRandomSearch.java:139) [evosuite-client-1.0.4-SNAPSHOT.jar:na]
	at org.evosuite.ga.metaheuristics.art.AdaptiveRandomSearch.generateSolution(AdaptiveRandomSearch.java:270) [evosuite-client-1.0.4-SNAPSHOT.jar:na]
	at org.evosuite.strategy.AdaptiveRandomTestStrategy.generateTests(AdaptiveRandomTestStrategy.java:118) [evosuite-client-1.0.4-SNAPSHOT.jar:na]
	at org.evosuite.TestSuiteGenerator.generateTests(TestSuiteGenerator.java:654) [evosuite-client-1.0.4-SNAPSHOT.jar:na]
	at org.evosuite.TestSuiteGenerator.generateTestSuite(TestSuiteGenerator.java:213) [evosuite-client-1.0.4-SNAPSHOT.jar:na]
	at org.evosuite.rmi.service.ClientNodeImpl$1.run(ClientNodeImpl.java:145) [evosuite-client-1.0.4-SNAPSHOT.jar:na]
	at java.util.concurrent.Executors$RunnableAdapter.call(Executors.java:511) [na:1.8.0_265]
	at java.util.concurrent.FutureTask.run(FutureTask.java:266) [na:1.8.0_265]
	at java.util.concurrent.ThreadPoolExecutor.runWorker(ThreadPoolExecutor.java:1149) [na:1.8.0_265]
	at java.util.concurrent.ThreadPoolExecutor$Worker.run(ThreadPoolExecutor.java:624) [na:1.8.0_265]
	at java.lang.Thread.run(Thread.java:748) [na:1.8.0_265]
Aug 14, 2020 3:20:50 AM org.openqa.selenium.remote.ProtocolHandshake createSession
[MASTER] 11:20:50.343 [Thread-3] ERROR ExternalProcessHandler - Aug 14, 2020 3:20:50 AM org.openqa.selenium.remote.ProtocolHandshake createSession

INFO: Detected dialect: OSS
[MASTER] 11:20:50.343 [Thread-3] ERROR ExternalProcessHandler - INFO: Detected dialect: OSS

Aug 14, 2020 3:20:53 AM org.openqa.selenium.remote.ProtocolHandshake createSession
[MASTER] 11:20:53.613 [Thread-3] ERROR ExternalProcessHandler - Aug 14, 2020 3:20:53 AM org.openqa.selenium.remote.ProtocolHandshake createSession

INFO: Detected dialect: OSS
[MASTER] 11:20:53.613 [Thread-3] ERROR ExternalProcessHandler - INFO: Detected dialect: OSS

Aug 14, 2020 3:20:54 AM org.openqa.selenium.remote.ProtocolHandshake createSession
[MASTER] 11:20:54.827 [Thread-3] ERROR ExternalProcessHandler - Aug 14, 2020 3:20:54 AM org.openqa.selenium.remote.ProtocolHandshake createSession

INFO: Detected dialect: OSS
[MASTER] 11:20:54.827 [Thread-3] ERROR ExternalProcessHandler - INFO: Detected dialect: OSS

Aug 14, 2020 3:20:56 AM org.openqa.selenium.remote.ProtocolHandshake createSession
[MASTER] 11:20:56.250 [Thread-3] ERROR ExternalProcessHandler - Aug 14, 2020 3:20:56 AM org.openqa.selenium.remote.ProtocolHandshake createSession

INFO: Detected dialect: OSS
[MASTER] 11:20:56.250 [Thread-3] ERROR ExternalProcessHandler - INFO: Detected dialect: OSS

Aug 14, 2020 3:20:57 AM org.openqa.selenium.remote.ProtocolHandshake createSession
[MASTER] 11:20:57.221 [Thread-3] ERROR ExternalProcessHandler - Aug 14, 2020 3:20:57 AM org.openqa.selenium.remote.ProtocolHandshake createSession

INFO: Detected dialect: OSS
[MASTER] 11:20:57.222 [Thread-3] ERROR ExternalProcessHandler - INFO: Detected dialect: OSS

Aug 14, 2020 3:20:58 AM org.openqa.selenium.remote.ProtocolHandshake createSession
[MASTER] 11:20:58.497 [Thread-3] ERROR ExternalProcessHandler - Aug 14, 2020 3:20:58 AM org.openqa.selenium.remote.ProtocolHandshake createSession

INFO: Detected dialect: OSS
[MASTER] 11:20:58.498 [Thread-3] ERROR ExternalProcessHandler - INFO: Detected dialect: OSS

Aug 14, 2020 3:20:59 AM org.openqa.selenium.remote.ProtocolHandshake createSession
[MASTER] 11:20:59.971 [Thread-3] ERROR ExternalProcessHandler - Aug 14, 2020 3:20:59 AM org.openqa.selenium.remote.ProtocolHandshake createSession

INFO: Detected dialect: OSS
[MASTER] 11:20:59.971 [Thread-3] ERROR ExternalProcessHandler - INFO: Detected dialect: OSS

Aug 14, 2020 3:21:07 AM org.openqa.selenium.remote.ProtocolHandshake createSession
[MASTER] 11:21:07.512 [Thread-3] ERROR ExternalProcessHandler - Aug 14, 2020 3:21:07 AM org.openqa.selenium.remote.ProtocolHandshake createSession

INFO: Detected dialect: OSS
[MASTER] 11:21:07.512 [Thread-3] ERROR ExternalProcessHandler - INFO: Detected dialect: OSS

Aug 14, 2020 3:21:09 AM org.openqa.selenium.remote.ProtocolHandshake createSession
[MASTER] 11:21:09.162 [Thread-3] ERROR ExternalProcessHandler - Aug 14, 2020 3:21:09 AM org.openqa.selenium.remote.ProtocolHandshake createSession

INFO: Detected dialect: OSS
[MASTER] 11:21:09.162 [Thread-3] ERROR ExternalProcessHandler - INFO: Detected dialect: OSS

Aug 14, 2020 3:21:10 AM org.openqa.selenium.remote.ProtocolHandshake createSession
[MASTER] 11:21:10.127 [Thread-3] ERROR ExternalProcessHandler - Aug 14, 2020 3:21:10 AM org.openqa.selenium.remote.ProtocolHandshake createSession

INFO: Detected dialect: OSS
[MASTER] 11:21:10.127 [Thread-3] ERROR ExternalProcessHandler - INFO: Detected dialect: OSS

Aug 14, 2020 3:21:11 AM org.openqa.selenium.remote.ProtocolHandshake createSession
[MASTER] 11:21:11.656 [Thread-3] ERROR ExternalProcessHandler - Aug 14, 2020 3:21:11 AM org.openqa.selenium.remote.ProtocolHandshake createSession

INFO: Detected dialect: OSS
[MASTER] 11:21:11.656 [Thread-3] ERROR ExternalProcessHandler - INFO: Detected dialect: OSS

Aug 14, 2020 3:21:12 AM org.openqa.selenium.remote.ProtocolHandshake createSession
[MASTER] 11:21:12.839 [Thread-3] ERROR ExternalProcessHandler - Aug 14, 2020 3:21:12 AM org.openqa.selenium.remote.ProtocolHandshake createSession

INFO: Detected dialect: OSS
[MASTER] 11:21:12.839 [Thread-3] ERROR ExternalProcessHandler - INFO: Detected dialect: OSS

Aug 14, 2020 3:21:15 AM org.openqa.selenium.remote.ProtocolHandshake createSession
[MASTER] 11:21:15.204 [Thread-3] ERROR ExternalProcessHandler - Aug 14, 2020 3:21:15 AM org.openqa.selenium.remote.ProtocolHandshake createSession

INFO: Detected dialect: OSS
[MASTER] 11:21:15.204 [Thread-3] ERROR ExternalProcessHandler - INFO: Detected dialect: OSS

Aug 14, 2020 3:21:17 AM org.openqa.selenium.remote.ProtocolHandshake createSession
[MASTER] 11:21:17.225 [Thread-3] ERROR ExternalProcessHandler - Aug 14, 2020 3:21:17 AM org.openqa.selenium.remote.ProtocolHandshake createSession

INFO: Detected dialect: OSS
[MASTER] 11:21:17.225 [Thread-3] ERROR ExternalProcessHandler - INFO: Detected dialect: OSS

Aug 14, 2020 3:21:21 AM org.openqa.selenium.remote.ProtocolHandshake createSession
[MASTER] 11:21:21.058 [Thread-3] ERROR ExternalProcessHandler - Aug 14, 2020 3:21:21 AM org.openqa.selenium.remote.ProtocolHandshake createSession

INFO: Detected dialect: OSS
[MASTER] 11:21:21.058 [Thread-3] ERROR ExternalProcessHandler - INFO: Detected dialect: OSS

Aug 14, 2020 3:21:22 AM org.openqa.selenium.remote.ProtocolHandshake createSession
[MASTER] 11:21:22.270 [Thread-3] ERROR ExternalProcessHandler - Aug 14, 2020 3:21:22 AM org.openqa.selenium.remote.ProtocolHandshake createSession

INFO: Detected dialect: OSS
[MASTER] 11:21:22.270 [Thread-3] ERROR ExternalProcessHandler - INFO: Detected dialect: OSS

Aug 14, 2020 3:21:23 AM org.openqa.selenium.remote.ProtocolHandshake createSession
[MASTER] 11:21:23.213 [Thread-3] ERROR ExternalProcessHandler - Aug 14, 2020 3:21:23 AM org.openqa.selenium.remote.ProtocolHandshake createSession

INFO: Detected dialect: OSS
[MASTER] 11:21:23.213 [Thread-3] ERROR ExternalProcessHandler - INFO: Detected dialect: OSS

Aug 14, 2020 3:21:28 AM org.openqa.selenium.remote.ProtocolHandshake createSession
[MASTER] 11:21:28.979 [Thread-3] ERROR ExternalProcessHandler - Aug 14, 2020 3:21:28 AM org.openqa.selenium.remote.ProtocolHandshake createSession

INFO: Detected dialect: OSS
[MASTER] 11:21:28.979 [Thread-3] ERROR ExternalProcessHandler - INFO: Detected dialect: OSS

Aug 14, 2020 3:21:40 AM org.openqa.selenium.remote.ProtocolHandshake createSession
[MASTER] 11:21:40.853 [Thread-3] ERROR ExternalProcessHandler - Aug 14, 2020 3:21:40 AM org.openqa.selenium.remote.ProtocolHandshake createSession

INFO: Detected dialect: OSS
[MASTER] 11:21:40.853 [Thread-3] ERROR ExternalProcessHandler - INFO: Detected dialect: OSS

Aug 14, 2020 3:21:58 AM org.openqa.selenium.remote.ProtocolHandshake createSession
[MASTER] 11:21:58.634 [Thread-3] ERROR ExternalProcessHandler - Aug 14, 2020 3:21:58 AM org.openqa.selenium.remote.ProtocolHandshake createSession

INFO: Detected dialect: OSS
[MASTER] 11:21:58.634 [Thread-3] ERROR ExternalProcessHandler - INFO: Detected dialect: OSS

[MASTER] 11:22:22.045 [logback-2] ERROR TestCaseExecutor - TG: Exception caught: 
java.lang.IllegalStateException: Test generation failed: page object bug.
	at org.evosuite.testcase.execution.TestCaseExecutor.runTest(TestCaseExecutor.java:322) ~[evosuite-client-1.0.4-SNAPSHOT.jar:na]
	at org.evosuite.testcase.TestFitnessFunction.runTest(TestFitnessFunction.java:91) [evosuite-client-1.0.4-SNAPSHOT.jar:na]
	at org.evosuite.testcase.TestFitnessFunction.getFitness(TestFitnessFunction.java:60) [evosuite-client-1.0.4-SNAPSHOT.jar:na]
	at org.evosuite.testcase.TestFitnessFunction.getFitness(TestFitnessFunction.java:34) [evosuite-client-1.0.4-SNAPSHOT.jar:na]
	at org.evosuite.ga.metaheuristics.art.AdaptiveRandomSearch.calculateFitness(AdaptiveRandomSearch.java:312) [evosuite-client-1.0.4-SNAPSHOT.jar:na]
	at org.evosuite.ga.metaheuristics.art.AdaptiveRandomSearch.evolve(AdaptiveRandomSearch.java:139) [evosuite-client-1.0.4-SNAPSHOT.jar:na]
	at org.evosuite.ga.metaheuristics.art.AdaptiveRandomSearch.generateSolution(AdaptiveRandomSearch.java:270) [evosuite-client-1.0.4-SNAPSHOT.jar:na]
	at org.evosuite.strategy.AdaptiveRandomTestStrategy.generateTests(AdaptiveRandomTestStrategy.java:118) [evosuite-client-1.0.4-SNAPSHOT.jar:na]
	at org.evosuite.TestSuiteGenerator.generateTests(TestSuiteGenerator.java:654) [evosuite-client-1.0.4-SNAPSHOT.jar:na]
	at org.evosuite.TestSuiteGenerator.generateTestSuite(TestSuiteGenerator.java:213) [evosuite-client-1.0.4-SNAPSHOT.jar:na]
	at org.evosuite.rmi.service.ClientNodeImpl$1.run(ClientNodeImpl.java:145) [evosuite-client-1.0.4-SNAPSHOT.jar:na]
	at java.util.concurrent.Executors$RunnableAdapter.call(Executors.java:511) [na:1.8.0_265]
	at java.util.concurrent.FutureTask.run(FutureTask.java:266) [na:1.8.0_265]
	at java.util.concurrent.ThreadPoolExecutor.runWorker(ThreadPoolExecutor.java:1149) [na:1.8.0_265]
	at java.util.concurrent.ThreadPoolExecutor$Worker.run(ThreadPoolExecutor.java:624) [na:1.8.0_265]
	at java.lang.Thread.run(Thread.java:748) [na:1.8.0_265]
Aug 14, 2020 3:22:22 AM org.openqa.selenium.remote.ProtocolHandshake createSession
[MASTER] 11:22:22.247 [Thread-3] ERROR ExternalProcessHandler - Aug 14, 2020 3:22:22 AM org.openqa.selenium.remote.ProtocolHandshake createSession

INFO: Detected dialect: OSS
[MASTER] 11:22:22.247 [Thread-3] ERROR ExternalProcessHandler - INFO: Detected dialect: OSS

Aug 14, 2020 3:22:23 AM org.openqa.selenium.remote.ProtocolHandshake createSession
[MASTER] 11:22:23.791 [Thread-3] ERROR ExternalProcessHandler - Aug 14, 2020 3:22:23 AM org.openqa.selenium.remote.ProtocolHandshake createSession

INFO: Detected dialect: OSS
[MASTER] 11:22:23.791 [Thread-3] ERROR ExternalProcessHandler - INFO: Detected dialect: OSS

Aug 14, 2020 3:22:31 AM org.openqa.selenium.remote.ProtocolHandshake createSession
[MASTER] 11:22:31.686 [Thread-3] ERROR ExternalProcessHandler - Aug 14, 2020 3:22:31 AM org.openqa.selenium.remote.ProtocolHandshake createSession

INFO: Detected dialect: OSS
[MASTER] 11:22:31.686 [Thread-3] ERROR ExternalProcessHandler - INFO: Detected dialect: OSS

Aug 14, 2020 3:22:45 AM org.openqa.selenium.remote.ProtocolHandshake createSession
[MASTER] 11:22:45.738 [Thread-3] ERROR ExternalProcessHandler - Aug 14, 2020 3:22:45 AM org.openqa.selenium.remote.ProtocolHandshake createSession

INFO: Detected dialect: OSS
[MASTER] 11:22:45.738 [Thread-3] ERROR ExternalProcessHandler - INFO: Detected dialect: OSS

[MASTER] 11:23:05.803 [logback-2] ERROR TestCaseExecutor - TG: Exception caught: 
java.lang.IllegalStateException: Test generation failed: page object bug.
	at org.evosuite.testcase.execution.TestCaseExecutor.runTest(TestCaseExecutor.java:322) ~[evosuite-client-1.0.4-SNAPSHOT.jar:na]
	at org.evosuite.testcase.TestFitnessFunction.runTest(TestFitnessFunction.java:91) [evosuite-client-1.0.4-SNAPSHOT.jar:na]
	at org.evosuite.testcase.TestFitnessFunction.getFitness(TestFitnessFunction.java:60) [evosuite-client-1.0.4-SNAPSHOT.jar:na]
	at org.evosuite.testcase.TestFitnessFunction.getFitness(TestFitnessFunction.java:34) [evosuite-client-1.0.4-SNAPSHOT.jar:na]
	at org.evosuite.ga.metaheuristics.art.AdaptiveRandomSearch.calculateFitness(AdaptiveRandomSearch.java:312) [evosuite-client-1.0.4-SNAPSHOT.jar:na]
	at org.evosuite.ga.metaheuristics.art.AdaptiveRandomSearch.evolve(AdaptiveRandomSearch.java:139) [evosuite-client-1.0.4-SNAPSHOT.jar:na]
	at org.evosuite.ga.metaheuristics.art.AdaptiveRandomSearch.generateSolution(AdaptiveRandomSearch.java:270) [evosuite-client-1.0.4-SNAPSHOT.jar:na]
	at org.evosuite.strategy.AdaptiveRandomTestStrategy.generateTests(AdaptiveRandomTestStrategy.java:118) [evosuite-client-1.0.4-SNAPSHOT.jar:na]
	at org.evosuite.TestSuiteGenerator.generateTests(TestSuiteGenerator.java:654) [evosuite-client-1.0.4-SNAPSHOT.jar:na]
	at org.evosuite.TestSuiteGenerator.generateTestSuite(TestSuiteGenerator.java:213) [evosuite-client-1.0.4-SNAPSHOT.jar:na]
	at org.evosuite.rmi.service.ClientNodeImpl$1.run(ClientNodeImpl.java:145) [evosuite-client-1.0.4-SNAPSHOT.jar:na]
	at java.util.concurrent.Executors$RunnableAdapter.call(Executors.java:511) [na:1.8.0_265]
	at java.util.concurrent.FutureTask.run(FutureTask.java:266) [na:1.8.0_265]
	at java.util.concurrent.ThreadPoolExecutor.runWorker(ThreadPoolExecutor.java:1149) [na:1.8.0_265]
	at java.util.concurrent.ThreadPoolExecutor$Worker.run(ThreadPoolExecutor.java:624) [na:1.8.0_265]
	at java.lang.Thread.run(Thread.java:748) [na:1.8.0_265]
Aug 14, 2020 3:23:06 AM org.openqa.selenium.remote.ProtocolHandshake createSession
[MASTER] 11:23:06.008 [Thread-3] ERROR ExternalProcessHandler - Aug 14, 2020 3:23:06 AM org.openqa.selenium.remote.ProtocolHandshake createSession

INFO: Detected dialect: OSS
[MASTER] 11:23:06.008 [Thread-3] ERROR ExternalProcessHandler - INFO: Detected dialect: OSS

Aug 14, 2020 3:23:07 AM org.openqa.selenium.remote.ProtocolHandshake createSession
[MASTER] 11:23:07.374 [Thread-3] ERROR ExternalProcessHandler - Aug 14, 2020 3:23:07 AM org.openqa.selenium.remote.ProtocolHandshake createSession

INFO: Detected dialect: OSS
[MASTER] 11:23:07.375 [Thread-3] ERROR ExternalProcessHandler - INFO: Detected dialect: OSS

Aug 14, 2020 3:23:11 AM org.openqa.selenium.remote.ProtocolHandshake createSession
[MASTER] 11:23:11.260 [Thread-3] ERROR ExternalProcessHandler - Aug 14, 2020 3:23:11 AM org.openqa.selenium.remote.ProtocolHandshake createSession

INFO: Detected dialect: OSS
[MASTER] 11:23:11.260 [Thread-3] ERROR ExternalProcessHandler - INFO: Detected dialect: OSS

Aug 14, 2020 3:23:20 AM org.openqa.selenium.remote.ProtocolHandshake createSession
[MASTER] 11:23:20.414 [Thread-3] ERROR ExternalProcessHandler - Aug 14, 2020 3:23:20 AM org.openqa.selenium.remote.ProtocolHandshake createSession

INFO: Detected dialect: OSS
[MASTER] 11:23:20.414 [Thread-3] ERROR ExternalProcessHandler - INFO: Detected dialect: OSS

Aug 14, 2020 3:23:34 AM org.openqa.selenium.remote.ProtocolHandshake createSession
[MASTER] 11:23:34.572 [Thread-3] ERROR ExternalProcessHandler - Aug 14, 2020 3:23:34 AM org.openqa.selenium.remote.ProtocolHandshake createSession

INFO: Detected dialect: OSS
[MASTER] 11:23:34.572 [Thread-3] ERROR ExternalProcessHandler - INFO: Detected dialect: OSS

[MASTER] 11:23:53.663 [logback-2] ERROR TestCaseExecutor - TG: Exception caught: 
java.lang.IllegalStateException: Test generation failed: page object bug.
	at org.evosuite.testcase.execution.TestCaseExecutor.runTest(TestCaseExecutor.java:322) ~[evosuite-client-1.0.4-SNAPSHOT.jar:na]
	at org.evosuite.testcase.TestFitnessFunction.runTest(TestFitnessFunction.java:91) [evosuite-client-1.0.4-SNAPSHOT.jar:na]
	at org.evosuite.testcase.TestFitnessFunction.getFitness(TestFitnessFunction.java:60) [evosuite-client-1.0.4-SNAPSHOT.jar:na]
	at org.evosuite.testcase.TestFitnessFunction.getFitness(TestFitnessFunction.java:34) [evosuite-client-1.0.4-SNAPSHOT.jar:na]
	at org.evosuite.ga.metaheuristics.art.AdaptiveRandomSearch.calculateFitness(AdaptiveRandomSearch.java:312) [evosuite-client-1.0.4-SNAPSHOT.jar:na]
	at org.evosuite.ga.metaheuristics.art.AdaptiveRandomSearch.evolve(AdaptiveRandomSearch.java:139) [evosuite-client-1.0.4-SNAPSHOT.jar:na]
	at org.evosuite.ga.metaheuristics.art.AdaptiveRandomSearch.generateSolution(AdaptiveRandomSearch.java:270) [evosuite-client-1.0.4-SNAPSHOT.jar:na]
	at org.evosuite.strategy.AdaptiveRandomTestStrategy.generateTests(AdaptiveRandomTestStrategy.java:118) [evosuite-client-1.0.4-SNAPSHOT.jar:na]
	at org.evosuite.TestSuiteGenerator.generateTests(TestSuiteGenerator.java:654) [evosuite-client-1.0.4-SNAPSHOT.jar:na]
	at org.evosuite.TestSuiteGenerator.generateTestSuite(TestSuiteGenerator.java:213) [evosuite-client-1.0.4-SNAPSHOT.jar:na]
	at org.evosuite.rmi.service.ClientNodeImpl$1.run(ClientNodeImpl.java:145) [evosuite-client-1.0.4-SNAPSHOT.jar:na]
	at java.util.concurrent.Executors$RunnableAdapter.call(Executors.java:511) [na:1.8.0_265]
	at java.util.concurrent.FutureTask.run(FutureTask.java:266) [na:1.8.0_265]
	at java.util.concurrent.ThreadPoolExecutor.runWorker(ThreadPoolExecutor.java:1149) [na:1.8.0_265]
	at java.util.concurrent.ThreadPoolExecutor$Worker.run(ThreadPoolExecutor.java:624) [na:1.8.0_265]
	at java.lang.Thread.run(Thread.java:748) [na:1.8.0_265]
Aug 14, 2020 3:23:53 AM org.openqa.selenium.remote.ProtocolHandshake createSession
[MASTER] 11:23:53.908 [Thread-3] ERROR ExternalProcessHandler - Aug 14, 2020 3:23:53 AM org.openqa.selenium.remote.ProtocolHandshake createSession

INFO: Detected dialect: OSS
[MASTER] 11:23:53.908 [Thread-3] ERROR ExternalProcessHandler - INFO: Detected dialect: OSS

Aug 14, 2020 3:23:56 AM org.openqa.selenium.remote.ProtocolHandshake createSession
[MASTER] 11:23:56.848 [Thread-3] ERROR ExternalProcessHandler - Aug 14, 2020 3:23:56 AM org.openqa.selenium.remote.ProtocolHandshake createSession

INFO: Detected dialect: OSS
[MASTER] 11:23:56.848 [Thread-3] ERROR ExternalProcessHandler - INFO: Detected dialect: OSS

Aug 14, 2020 3:24:00 AM org.openqa.selenium.remote.ProtocolHandshake createSession
[MASTER] 11:24:00.848 [Thread-3] ERROR ExternalProcessHandler - Aug 14, 2020 3:24:00 AM org.openqa.selenium.remote.ProtocolHandshake createSession

INFO: Detected dialect: OSS
[MASTER] 11:24:00.848 [Thread-3] ERROR ExternalProcessHandler - INFO: Detected dialect: OSS

Aug 14, 2020 3:24:10 AM org.openqa.selenium.remote.ProtocolHandshake createSession
[MASTER] 11:24:10.987 [Thread-3] ERROR ExternalProcessHandler - Aug 14, 2020 3:24:10 AM org.openqa.selenium.remote.ProtocolHandshake createSession

INFO: Detected dialect: OSS
[MASTER] 11:24:10.987 [Thread-3] ERROR ExternalProcessHandler - INFO: Detected dialect: OSS

Aug 14, 2020 3:24:27 AM org.openqa.selenium.remote.ProtocolHandshake createSession
[MASTER] 11:24:27.374 [Thread-3] ERROR ExternalProcessHandler - Aug 14, 2020 3:24:27 AM org.openqa.selenium.remote.ProtocolHandshake createSession

INFO: Detected dialect: OSS
[MASTER] 11:24:27.375 [Thread-3] ERROR ExternalProcessHandler - INFO: Detected dialect: OSS

[MASTER] 11:24:49.785 [logback-2] ERROR TestCaseExecutor - TG: Exception caught: 
java.lang.IllegalStateException: Test generation failed: page object bug.
	at org.evosuite.testcase.execution.TestCaseExecutor.runTest(TestCaseExecutor.java:322) ~[evosuite-client-1.0.4-SNAPSHOT.jar:na]
	at org.evosuite.testcase.TestFitnessFunction.runTest(TestFitnessFunction.java:91) [evosuite-client-1.0.4-SNAPSHOT.jar:na]
	at org.evosuite.testcase.TestFitnessFunction.getFitness(TestFitnessFunction.java:60) [evosuite-client-1.0.4-SNAPSHOT.jar:na]
	at org.evosuite.testcase.TestFitnessFunction.getFitness(TestFitnessFunction.java:34) [evosuite-client-1.0.4-SNAPSHOT.jar:na]
	at org.evosuite.ga.metaheuristics.art.AdaptiveRandomSearch.calculateFitness(AdaptiveRandomSearch.java:312) [evosuite-client-1.0.4-SNAPSHOT.jar:na]
	at org.evosuite.ga.metaheuristics.art.AdaptiveRandomSearch.evolve(AdaptiveRandomSearch.java:139) [evosuite-client-1.0.4-SNAPSHOT.jar:na]
	at org.evosuite.ga.metaheuristics.art.AdaptiveRandomSearch.generateSolution(AdaptiveRandomSearch.java:270) [evosuite-client-1.0.4-SNAPSHOT.jar:na]
	at org.evosuite.strategy.AdaptiveRandomTestStrategy.generateTests(AdaptiveRandomTestStrategy.java:118) [evosuite-client-1.0.4-SNAPSHOT.jar:na]
	at org.evosuite.TestSuiteGenerator.generateTests(TestSuiteGenerator.java:654) [evosuite-client-1.0.4-SNAPSHOT.jar:na]
	at org.evosuite.TestSuiteGenerator.generateTestSuite(TestSuiteGenerator.java:213) [evosuite-client-1.0.4-SNAPSHOT.jar:na]
	at org.evosuite.rmi.service.ClientNodeImpl$1.run(ClientNodeImpl.java:145) [evosuite-client-1.0.4-SNAPSHOT.jar:na]
	at java.util.concurrent.Executors$RunnableAdapter.call(Executors.java:511) [na:1.8.0_265]
	at java.util.concurrent.FutureTask.run(FutureTask.java:266) [na:1.8.0_265]
	at java.util.concurrent.ThreadPoolExecutor.runWorker(ThreadPoolExecutor.java:1149) [na:1.8.0_265]
	at java.util.concurrent.ThreadPoolExecutor$Worker.run(ThreadPoolExecutor.java:624) [na:1.8.0_265]
	at java.lang.Thread.run(Thread.java:748) [na:1.8.0_265]
Aug 14, 2020 3:24:49 AM org.openqa.selenium.remote.ProtocolHandshake createSession
[MASTER] 11:24:49.987 [Thread-3] ERROR ExternalProcessHandler - Aug 14, 2020 3:24:49 AM org.openqa.selenium.remote.ProtocolHandshake createSession

INFO: Detected dialect: OSS
[MASTER] 11:24:49.987 [Thread-3] ERROR ExternalProcessHandler - INFO: Detected dialect: OSS

Aug 14, 2020 3:24:50 AM org.openqa.selenium.remote.ProtocolHandshake createSession
[MASTER] 11:24:50.958 [Thread-3] ERROR ExternalProcessHandler - Aug 14, 2020 3:24:50 AM org.openqa.selenium.remote.ProtocolHandshake createSession

INFO: Detected dialect: OSS
[MASTER] 11:24:50.958 [Thread-3] ERROR ExternalProcessHandler - INFO: Detected dialect: OSS

Aug 14, 2020 3:24:53 AM org.openqa.selenium.remote.ProtocolHandshake createSession
[MASTER] 11:24:53.943 [Thread-3] ERROR ExternalProcessHandler - Aug 14, 2020 3:24:53 AM org.openqa.selenium.remote.ProtocolHandshake createSession

INFO: Detected dialect: OSS
[MASTER] 11:24:53.943 [Thread-3] ERROR ExternalProcessHandler - INFO: Detected dialect: OSS

Aug 14, 2020 3:24:56 AM org.openqa.selenium.remote.ProtocolHandshake createSession
[MASTER] 11:24:56.993 [Thread-3] ERROR ExternalProcessHandler - Aug 14, 2020 3:24:56 AM org.openqa.selenium.remote.ProtocolHandshake createSession

INFO: Detected dialect: OSS
[MASTER] 11:24:56.993 [Thread-3] ERROR ExternalProcessHandler - INFO: Detected dialect: OSS

Aug 14, 2020 3:24:58 AM org.openqa.selenium.remote.ProtocolHandshake createSession
[MASTER] 11:24:58.120 [Thread-3] ERROR ExternalProcessHandler - Aug 14, 2020 3:24:58 AM org.openqa.selenium.remote.ProtocolHandshake createSession

INFO: Detected dialect: OSS
[MASTER] 11:24:58.120 [Thread-3] ERROR ExternalProcessHandler - INFO: Detected dialect: OSS

Aug 14, 2020 3:24:59 AM org.openqa.selenium.remote.ProtocolHandshake createSession
[MASTER] 11:24:59.420 [Thread-3] ERROR ExternalProcessHandler - Aug 14, 2020 3:24:59 AM org.openqa.selenium.remote.ProtocolHandshake createSession

INFO: Detected dialect: OSS
[MASTER] 11:24:59.420 [Thread-3] ERROR ExternalProcessHandler - INFO: Detected dialect: OSS

Aug 14, 2020 3:25:01 AM po_utils.PageObjectLogging logInfo
[MASTER] 11:25:01.584 [Thread-3] ERROR ExternalProcessHandler - Aug 14, 2020 3:25:01 AM po_utils.PageObjectLogging logInfo

INFO: waitForElementBeingPresentOnPage timeout exception: unable to locate the element By.xpath: //button[text()="Create a new session"]
[MASTER] 11:25:01.585 [Thread-3] ERROR ExternalProcessHandler - INFO: waitForElementBeingPresentOnPage timeout exception: unable to locate the element By.xpath: //button[text()="Create a new session"]


[MASTER] 11:25:01.585 [Thread-3] ERROR ExternalProcessHandler - 


[MASTER] 11:25:01.585 [Thread-3] ERROR ExternalProcessHandler - 

Aug 14, 2020 3:25:02 AM org.openqa.selenium.remote.ProtocolHandshake createSession
[MASTER] 11:25:02.132 [Thread-3] ERROR ExternalProcessHandler - Aug 14, 2020 3:25:02 AM org.openqa.selenium.remote.ProtocolHandshake createSession

INFO: Detected dialect: OSS
[MASTER] 11:25:02.133 [Thread-3] ERROR ExternalProcessHandler - INFO: Detected dialect: OSS

Aug 14, 2020 3:25:03 AM org.openqa.selenium.remote.ProtocolHandshake createSession
[MASTER] 11:25:03.990 [Thread-3] ERROR ExternalProcessHandler - Aug 14, 2020 3:25:03 AM org.openqa.selenium.remote.ProtocolHandshake createSession

INFO: Detected dialect: OSS
[MASTER] 11:25:03.991 [Thread-3] ERROR ExternalProcessHandler - INFO: Detected dialect: OSS

Aug 14, 2020 3:25:06 AM org.openqa.selenium.remote.ProtocolHandshake createSession
[MASTER] 11:25:06.216 [Thread-3] ERROR ExternalProcessHandler - Aug 14, 2020 3:25:06 AM org.openqa.selenium.remote.ProtocolHandshake createSession

INFO: Detected dialect: OSS
[MASTER] 11:25:06.216 [Thread-3] ERROR ExternalProcessHandler - INFO: Detected dialect: OSS

Aug 14, 2020 3:25:07 AM org.openqa.selenium.remote.ProtocolHandshake createSession
[MASTER] 11:25:07.943 [Thread-3] ERROR ExternalProcessHandler - Aug 14, 2020 3:25:07 AM org.openqa.selenium.remote.ProtocolHandshake createSession

INFO: Detected dialect: OSS
[MASTER] 11:25:07.943 [Thread-3] ERROR ExternalProcessHandler - INFO: Detected dialect: OSS

Aug 14, 2020 3:25:15 AM org.openqa.selenium.remote.ProtocolHandshake createSession
[MASTER] 11:25:15.523 [Thread-3] ERROR ExternalProcessHandler - Aug 14, 2020 3:25:15 AM org.openqa.selenium.remote.ProtocolHandshake createSession

INFO: Detected dialect: OSS
[MASTER] 11:25:15.524 [Thread-3] ERROR ExternalProcessHandler - INFO: Detected dialect: OSS

Aug 14, 2020 3:25:28 AM org.openqa.selenium.remote.ProtocolHandshake createSession
[MASTER] 11:25:28.860 [Thread-3] ERROR ExternalProcessHandler - Aug 14, 2020 3:25:28 AM org.openqa.selenium.remote.ProtocolHandshake createSession

INFO: Detected dialect: OSS
[MASTER] 11:25:28.861 [Thread-3] ERROR ExternalProcessHandler - INFO: Detected dialect: OSS

Aug 14, 2020 3:25:30 AM org.openqa.selenium.remote.ProtocolHandshake createSession
[MASTER] 11:25:30.173 [Thread-3] ERROR ExternalProcessHandler - Aug 14, 2020 3:25:30 AM org.openqa.selenium.remote.ProtocolHandshake createSession

INFO: Detected dialect: OSS
[MASTER] 11:25:30.173 [Thread-3] ERROR ExternalProcessHandler - INFO: Detected dialect: OSS

Aug 14, 2020 3:25:31 AM org.openqa.selenium.remote.ProtocolHandshake createSession
[MASTER] 11:25:31.205 [Thread-3] ERROR ExternalProcessHandler - Aug 14, 2020 3:25:31 AM org.openqa.selenium.remote.ProtocolHandshake createSession

INFO: Detected dialect: OSS
[MASTER] 11:25:31.205 [Thread-3] ERROR ExternalProcessHandler - INFO: Detected dialect: OSS

Aug 14, 2020 3:25:32 AM org.openqa.selenium.remote.ProtocolHandshake createSession
[MASTER] 11:25:32.498 [Thread-3] ERROR ExternalProcessHandler - Aug 14, 2020 3:25:32 AM org.openqa.selenium.remote.ProtocolHandshake createSession

INFO: Detected dialect: OSS
[MASTER] 11:25:32.498 [Thread-3] ERROR ExternalProcessHandler - INFO: Detected dialect: OSS

Aug 14, 2020 3:25:33 AM org.openqa.selenium.remote.ProtocolHandshake createSession
[MASTER] 11:25:33.721 [Thread-3] ERROR ExternalProcessHandler - Aug 14, 2020 3:25:33 AM org.openqa.selenium.remote.ProtocolHandshake createSession

INFO: Detected dialect: OSS
[MASTER] 11:25:33.721 [Thread-3] ERROR ExternalProcessHandler - INFO: Detected dialect: OSS

Aug 14, 2020 3:25:36 AM org.openqa.selenium.remote.ProtocolHandshake createSession
[MASTER] 11:25:36.461 [Thread-3] ERROR ExternalProcessHandler - Aug 14, 2020 3:25:36 AM org.openqa.selenium.remote.ProtocolHandshake createSession

INFO: Detected dialect: OSS
[MASTER] 11:25:36.461 [Thread-3] ERROR ExternalProcessHandler - INFO: Detected dialect: OSS

Aug 14, 2020 3:25:39 AM org.openqa.selenium.remote.ProtocolHandshake createSession
[MASTER] 11:25:39.460 [Thread-3] ERROR ExternalProcessHandler - Aug 14, 2020 3:25:39 AM org.openqa.selenium.remote.ProtocolHandshake createSession

INFO: Detected dialect: OSS
[MASTER] 11:25:39.460 [Thread-3] ERROR ExternalProcessHandler - INFO: Detected dialect: OSS

Aug 14, 2020 3:25:42 AM org.openqa.selenium.remote.ProtocolHandshake createSession
[MASTER] 11:25:42.875 [Thread-3] ERROR ExternalProcessHandler - Aug 14, 2020 3:25:42 AM org.openqa.selenium.remote.ProtocolHandshake createSession

INFO: Detected dialect: OSS
[MASTER] 11:25:42.875 [Thread-3] ERROR ExternalProcessHandler - INFO: Detected dialect: OSS

Aug 14, 2020 3:25:52 AM org.openqa.selenium.remote.ProtocolHandshake createSession
[MASTER] 11:25:52.442 [Thread-3] ERROR ExternalProcessHandler - Aug 14, 2020 3:25:52 AM org.openqa.selenium.remote.ProtocolHandshake createSession

INFO: Detected dialect: OSS
[MASTER] 11:25:52.442 [Thread-3] ERROR ExternalProcessHandler - INFO: Detected dialect: OSS

Aug 14, 2020 3:26:08 AM org.openqa.selenium.remote.ProtocolHandshake createSession
[MASTER] 11:26:08.044 [Thread-3] ERROR ExternalProcessHandler - Aug 14, 2020 3:26:08 AM org.openqa.selenium.remote.ProtocolHandshake createSession

INFO: Detected dialect: OSS
[MASTER] 11:26:08.045 [Thread-3] ERROR ExternalProcessHandler - INFO: Detected dialect: OSS

[MASTER] 11:26:29.860 [logback-2] ERROR TestCaseExecutor - TG: Exception caught: 
java.lang.IllegalStateException: Test generation failed: page object bug.
	at org.evosuite.testcase.execution.TestCaseExecutor.runTest(TestCaseExecutor.java:322) ~[evosuite-client-1.0.4-SNAPSHOT.jar:na]
	at org.evosuite.testcase.TestFitnessFunction.runTest(TestFitnessFunction.java:91) [evosuite-client-1.0.4-SNAPSHOT.jar:na]
	at org.evosuite.testcase.TestFitnessFunction.getFitness(TestFitnessFunction.java:60) [evosuite-client-1.0.4-SNAPSHOT.jar:na]
	at org.evosuite.testcase.TestFitnessFunction.getFitness(TestFitnessFunction.java:34) [evosuite-client-1.0.4-SNAPSHOT.jar:na]
	at org.evosuite.ga.metaheuristics.art.AdaptiveRandomSearch.calculateFitness(AdaptiveRandomSearch.java:312) [evosuite-client-1.0.4-SNAPSHOT.jar:na]
	at org.evosuite.ga.metaheuristics.art.AdaptiveRandomSearch.evolve(AdaptiveRandomSearch.java:139) [evosuite-client-1.0.4-SNAPSHOT.jar:na]
	at org.evosuite.ga.metaheuristics.art.AdaptiveRandomSearch.generateSolution(AdaptiveRandomSearch.java:270) [evosuite-client-1.0.4-SNAPSHOT.jar:na]
	at org.evosuite.strategy.AdaptiveRandomTestStrategy.generateTests(AdaptiveRandomTestStrategy.java:118) [evosuite-client-1.0.4-SNAPSHOT.jar:na]
	at org.evosuite.TestSuiteGenerator.generateTests(TestSuiteGenerator.java:654) [evosuite-client-1.0.4-SNAPSHOT.jar:na]
	at org.evosuite.TestSuiteGenerator.generateTestSuite(TestSuiteGenerator.java:213) [evosuite-client-1.0.4-SNAPSHOT.jar:na]
	at org.evosuite.rmi.service.ClientNodeImpl$1.run(ClientNodeImpl.java:145) [evosuite-client-1.0.4-SNAPSHOT.jar:na]
	at java.util.concurrent.Executors$RunnableAdapter.call(Executors.java:511) [na:1.8.0_265]
	at java.util.concurrent.FutureTask.run(FutureTask.java:266) [na:1.8.0_265]
	at java.util.concurrent.ThreadPoolExecutor.runWorker(ThreadPoolExecutor.java:1149) [na:1.8.0_265]
	at java.util.concurrent.ThreadPoolExecutor$Worker.run(ThreadPoolExecutor.java:624) [na:1.8.0_265]
	at java.lang.Thread.run(Thread.java:748) [na:1.8.0_265]
Aug 14, 2020 3:26:30 AM org.openqa.selenium.remote.ProtocolHandshake createSession
[MASTER] 11:26:30.105 [Thread-3] ERROR ExternalProcessHandler - Aug 14, 2020 3:26:30 AM org.openqa.selenium.remote.ProtocolHandshake createSession

INFO: Detected dialect: OSS
[MASTER] 11:26:30.105 [Thread-3] ERROR ExternalProcessHandler - INFO: Detected dialect: OSS

Aug 14, 2020 3:26:31 AM org.openqa.selenium.remote.ProtocolHandshake createSession
[MASTER] 11:26:31.223 [Thread-3] ERROR ExternalProcessHandler - Aug 14, 2020 3:26:31 AM org.openqa.selenium.remote.ProtocolHandshake createSession

INFO: Detected dialect: OSS
[MASTER] 11:26:31.224 [Thread-3] ERROR ExternalProcessHandler - INFO: Detected dialect: OSS

Aug 14, 2020 3:26:32 AM org.openqa.selenium.remote.ProtocolHandshake createSession
[MASTER] 11:26:32.234 [Thread-3] ERROR ExternalProcessHandler - Aug 14, 2020 3:26:32 AM org.openqa.selenium.remote.ProtocolHandshake createSession

INFO: Detected dialect: OSS
[MASTER] 11:26:32.234 [Thread-3] ERROR ExternalProcessHandler - INFO: Detected dialect: OSS

Aug 14, 2020 3:26:33 AM org.openqa.selenium.remote.ProtocolHandshake createSession
[MASTER] 11:26:33.627 [Thread-3] ERROR ExternalProcessHandler - Aug 14, 2020 3:26:33 AM org.openqa.selenium.remote.ProtocolHandshake createSession

INFO: Detected dialect: OSS
[MASTER] 11:26:33.627 [Thread-3] ERROR ExternalProcessHandler - INFO: Detected dialect: OSS

Aug 14, 2020 3:26:34 AM org.openqa.selenium.remote.ProtocolHandshake createSession
[MASTER] 11:26:34.758 [Thread-3] ERROR ExternalProcessHandler - Aug 14, 2020 3:26:34 AM org.openqa.selenium.remote.ProtocolHandshake createSession

INFO: Detected dialect: OSS
[MASTER] 11:26:34.758 [Thread-3] ERROR ExternalProcessHandler - INFO: Detected dialect: OSS

Aug 14, 2020 3:26:36 AM org.openqa.selenium.remote.ProtocolHandshake createSession
[MASTER] 11:26:36.708 [Thread-3] ERROR ExternalProcessHandler - Aug 14, 2020 3:26:36 AM org.openqa.selenium.remote.ProtocolHandshake createSession

INFO: Detected dialect: OSS
[MASTER] 11:26:36.708 [Thread-3] ERROR ExternalProcessHandler - INFO: Detected dialect: OSS

Aug 14, 2020 3:26:42 AM org.openqa.selenium.remote.ProtocolHandshake createSession
[MASTER] 11:26:42.046 [Thread-3] ERROR ExternalProcessHandler - Aug 14, 2020 3:26:42 AM org.openqa.selenium.remote.ProtocolHandshake createSession

INFO: Detected dialect: OSS
[MASTER] 11:26:42.046 [Thread-3] ERROR ExternalProcessHandler - INFO: Detected dialect: OSS

Aug 14, 2020 3:26:53 AM org.openqa.selenium.remote.ProtocolHandshake createSession
[MASTER] 11:26:53.871 [Thread-3] ERROR ExternalProcessHandler - Aug 14, 2020 3:26:53 AM org.openqa.selenium.remote.ProtocolHandshake createSession

INFO: Detected dialect: OSS
[MASTER] 11:26:53.871 [Thread-3] ERROR ExternalProcessHandler - INFO: Detected dialect: OSS

Aug 14, 2020 3:27:12 AM org.openqa.selenium.remote.ProtocolHandshake createSession
[MASTER] 11:27:12.073 [Thread-3] ERROR ExternalProcessHandler - Aug 14, 2020 3:27:12 AM org.openqa.selenium.remote.ProtocolHandshake createSession

INFO: Detected dialect: OSS
[MASTER] 11:27:12.073 [Thread-3] ERROR ExternalProcessHandler - INFO: Detected dialect: OSS

[MASTER] 11:27:36.497 [logback-2] ERROR TestCaseExecutor - TG: Exception caught: 
java.lang.IllegalStateException: Test generation failed: page object bug.
	at org.evosuite.testcase.execution.TestCaseExecutor.runTest(TestCaseExecutor.java:322) ~[evosuite-client-1.0.4-SNAPSHOT.jar:na]
	at org.evosuite.testcase.TestFitnessFunction.runTest(TestFitnessFunction.java:91) [evosuite-client-1.0.4-SNAPSHOT.jar:na]
	at org.evosuite.testcase.TestFitnessFunction.getFitness(TestFitnessFunction.java:60) [evosuite-client-1.0.4-SNAPSHOT.jar:na]
	at org.evosuite.testcase.TestFitnessFunction.getFitness(TestFitnessFunction.java:34) [evosuite-client-1.0.4-SNAPSHOT.jar:na]
	at org.evosuite.ga.metaheuristics.art.AdaptiveRandomSearch.calculateFitness(AdaptiveRandomSearch.java:312) [evosuite-client-1.0.4-SNAPSHOT.jar:na]
	at org.evosuite.ga.metaheuristics.art.AdaptiveRandomSearch.evolve(AdaptiveRandomSearch.java:139) [evosuite-client-1.0.4-SNAPSHOT.jar:na]
	at org.evosuite.ga.metaheuristics.art.AdaptiveRandomSearch.generateSolution(AdaptiveRandomSearch.java:270) [evosuite-client-1.0.4-SNAPSHOT.jar:na]
	at org.evosuite.strategy.AdaptiveRandomTestStrategy.generateTests(AdaptiveRandomTestStrategy.java:118) [evosuite-client-1.0.4-SNAPSHOT.jar:na]
	at org.evosuite.TestSuiteGenerator.generateTests(TestSuiteGenerator.java:654) [evosuite-client-1.0.4-SNAPSHOT.jar:na]
	at org.evosuite.TestSuiteGenerator.generateTestSuite(TestSuiteGenerator.java:213) [evosuite-client-1.0.4-SNAPSHOT.jar:na]
	at org.evosuite.rmi.service.ClientNodeImpl$1.run(ClientNodeImpl.java:145) [evosuite-client-1.0.4-SNAPSHOT.jar:na]
	at java.util.concurrent.Executors$RunnableAdapter.call(Executors.java:511) [na:1.8.0_265]
	at java.util.concurrent.FutureTask.run(FutureTask.java:266) [na:1.8.0_265]
	at java.util.concurrent.ThreadPoolExecutor.runWorker(ThreadPoolExecutor.java:1149) [na:1.8.0_265]
	at java.util.concurrent.ThreadPoolExecutor$Worker.run(ThreadPoolExecutor.java:624) [na:1.8.0_265]
	at java.lang.Thread.run(Thread.java:748) [na:1.8.0_265]
Aug 14, 2020 3:27:36 AM org.openqa.selenium.remote.ProtocolHandshake createSession
[MASTER] 11:27:36.742 [Thread-3] ERROR ExternalProcessHandler - Aug 14, 2020 3:27:36 AM org.openqa.selenium.remote.ProtocolHandshake createSession

INFO: Detected dialect: OSS
[MASTER] 11:27:36.743 [Thread-3] ERROR ExternalProcessHandler - INFO: Detected dialect: OSS

Aug 14, 2020 3:27:40 AM org.openqa.selenium.remote.ProtocolHandshake createSession
[MASTER] 11:27:40.158 [Thread-3] ERROR ExternalProcessHandler - Aug 14, 2020 3:27:40 AM org.openqa.selenium.remote.ProtocolHandshake createSession

INFO: Detected dialect: OSS
[MASTER] 11:27:40.158 [Thread-3] ERROR ExternalProcessHandler - INFO: Detected dialect: OSS

Aug 14, 2020 3:27:41 AM po_utils.PageObjectLogging logInfo
[MASTER] 11:27:41.469 [Thread-3] ERROR ExternalProcessHandler - Aug 14, 2020 3:27:41 AM po_utils.PageObjectLogging logInfo

INFO: waitForElementBeingPresentOnPage timeout exception: unable to locate the element By.xpath: //button[text()="Create a new session"]
[MASTER] 11:27:41.470 [Thread-3] ERROR ExternalProcessHandler - INFO: waitForElementBeingPresentOnPage timeout exception: unable to locate the element By.xpath: //button[text()="Create a new session"]


[MASTER] 11:27:41.470 [Thread-3] ERROR ExternalProcessHandler - 


[MASTER] 11:27:41.470 [Thread-3] ERROR ExternalProcessHandler - 

Aug 14, 2020 3:27:43 AM org.openqa.selenium.remote.ProtocolHandshake createSession
[MASTER] 11:27:43.668 [Thread-3] ERROR ExternalProcessHandler - Aug 14, 2020 3:27:43 AM org.openqa.selenium.remote.ProtocolHandshake createSession

INFO: Detected dialect: OSS
[MASTER] 11:27:43.668 [Thread-3] ERROR ExternalProcessHandler - INFO: Detected dialect: OSS

Aug 14, 2020 3:27:48 AM po_utils.PageObjectLogging logInfo
[MASTER] 11:27:48.271 [Thread-3] ERROR ExternalProcessHandler - Aug 14, 2020 3:27:48 AM po_utils.PageObjectLogging logInfo

INFO: waitForElementBeingPresentOnPage timeout exception: unable to locate the element By.xpath: //button[text()="Create a new session"]
[MASTER] 11:27:48.272 [Thread-3] ERROR ExternalProcessHandler - INFO: waitForElementBeingPresentOnPage timeout exception: unable to locate the element By.xpath: //button[text()="Create a new session"]


[MASTER] 11:27:48.272 [Thread-3] ERROR ExternalProcessHandler - 


[MASTER] 11:27:48.272 [Thread-3] ERROR ExternalProcessHandler - 

Aug 14, 2020 3:27:52 AM org.openqa.selenium.remote.ProtocolHandshake createSession
[MASTER] 11:27:52.889 [Thread-3] ERROR ExternalProcessHandler - Aug 14, 2020 3:27:52 AM org.openqa.selenium.remote.ProtocolHandshake createSession

INFO: Detected dialect: OSS
[MASTER] 11:27:52.889 [Thread-3] ERROR ExternalProcessHandler - INFO: Detected dialect: OSS

Aug 14, 2020 3:28:00 AM po_utils.PageObjectLogging logInfo
[MASTER] 11:28:00.885 [Thread-3] ERROR ExternalProcessHandler - Aug 14, 2020 3:28:00 AM po_utils.PageObjectLogging logInfo

INFO: waitForElementBeingPresentOnPage timeout exception: unable to locate the element By.xpath: //button[text()="Create a new session"]
[MASTER] 11:28:00.885 [Thread-3] ERROR ExternalProcessHandler - INFO: waitForElementBeingPresentOnPage timeout exception: unable to locate the element By.xpath: //button[text()="Create a new session"]


[MASTER] 11:28:00.885 [Thread-3] ERROR ExternalProcessHandler - 


[MASTER] 11:28:00.885 [Thread-3] ERROR ExternalProcessHandler - 

Aug 14, 2020 3:28:07 AM org.openqa.selenium.remote.ProtocolHandshake createSession
[MASTER] 11:28:07.911 [Thread-3] ERROR ExternalProcessHandler - Aug 14, 2020 3:28:07 AM org.openqa.selenium.remote.ProtocolHandshake createSession

INFO: Detected dialect: OSS
[MASTER] 11:28:07.912 [Thread-3] ERROR ExternalProcessHandler - INFO: Detected dialect: OSS

Aug 14, 2020 3:28:19 AM po_utils.PageObjectLogging logInfo
[MASTER] 11:28:19.239 [Thread-3] ERROR ExternalProcessHandler - Aug 14, 2020 3:28:19 AM po_utils.PageObjectLogging logInfo

INFO: waitForElementBeingPresentOnPage timeout exception: unable to locate the element By.xpath: //button[text()="Create a new session"]
[MASTER] 11:28:19.240 [Thread-3] ERROR ExternalProcessHandler - INFO: waitForElementBeingPresentOnPage timeout exception: unable to locate the element By.xpath: //button[text()="Create a new session"]


[MASTER] 11:28:19.240 [Thread-3] ERROR ExternalProcessHandler - 


[MASTER] 11:28:19.240 [Thread-3] ERROR ExternalProcessHandler - 

[MASTER] 11:28:28.507 [logback-2] ERROR TestCaseExecutor - TG: Exception caught: 
java.lang.IllegalStateException: Test generation failed: page object bug.
	at org.evosuite.testcase.execution.TestCaseExecutor.runTest(TestCaseExecutor.java:322) ~[evosuite-client-1.0.4-SNAPSHOT.jar:na]
	at org.evosuite.testcase.TestFitnessFunction.runTest(TestFitnessFunction.java:91) [evosuite-client-1.0.4-SNAPSHOT.jar:na]
	at org.evosuite.testcase.TestFitnessFunction.isCovered(TestFitnessFunction.java:166) [evosuite-client-1.0.4-SNAPSHOT.jar:na]
	at org.evosuite.testsuite.TestSuiteMinimizer.minimizeTests(TestSuiteMinimizer.java:287) [evosuite-client-1.0.4-SNAPSHOT.jar:na]
	at org.evosuite.testsuite.TestSuiteMinimizer.minimize(TestSuiteMinimizer.java:111) [evosuite-client-1.0.4-SNAPSHOT.jar:na]
	at org.evosuite.TestSuiteGenerator.postProcessTests(TestSuiteGenerator.java:422) [evosuite-client-1.0.4-SNAPSHOT.jar:na]
	at org.evosuite.TestSuiteGenerator.generateTestSuite(TestSuiteGenerator.java:215) [evosuite-client-1.0.4-SNAPSHOT.jar:na]
	at org.evosuite.rmi.service.ClientNodeImpl$1.run(ClientNodeImpl.java:145) [evosuite-client-1.0.4-SNAPSHOT.jar:na]
	at java.util.concurrent.Executors$RunnableAdapter.call(Executors.java:511) [na:1.8.0_265]
	at java.util.concurrent.FutureTask.run(FutureTask.java:266) [na:1.8.0_265]
	at java.util.concurrent.ThreadPoolExecutor.runWorker(ThreadPoolExecutor.java:1149) [na:1.8.0_265]
	at java.util.concurrent.ThreadPoolExecutor$Worker.run(ThreadPoolExecutor.java:624) [na:1.8.0_265]
	at java.lang.Thread.run(Thread.java:748) [na:1.8.0_265]
Aug 14, 2020 3:28:28 AM org.openqa.selenium.remote.ProtocolHandshake createSession
[MASTER] 11:28:28.693 [Thread-3] ERROR ExternalProcessHandler - Aug 14, 2020 3:28:28 AM org.openqa.selenium.remote.ProtocolHandshake createSession

INFO: Detected dialect: OSS
[MASTER] 11:28:28.693 [Thread-3] ERROR ExternalProcessHandler - INFO: Detected dialect: OSS

Aug 14, 2020 3:28:31 AM org.openqa.selenium.remote.ProtocolHandshake createSession
[MASTER] 11:28:31.803 [Thread-3] ERROR ExternalProcessHandler - Aug 14, 2020 3:28:31 AM org.openqa.selenium.remote.ProtocolHandshake createSession

INFO: Detected dialect: OSS
[MASTER] 11:28:31.803 [Thread-3] ERROR ExternalProcessHandler - INFO: Detected dialect: OSS

Aug 14, 2020 3:28:33 AM org.openqa.selenium.remote.ProtocolHandshake createSession
[MASTER] 11:28:33.786 [Thread-3] ERROR ExternalProcessHandler - Aug 14, 2020 3:28:33 AM org.openqa.selenium.remote.ProtocolHandshake createSession

INFO: Detected dialect: OSS
[MASTER] 11:28:33.786 [Thread-3] ERROR ExternalProcessHandler - INFO: Detected dialect: OSS

Aug 14, 2020 3:28:37 AM org.openqa.selenium.remote.ProtocolHandshake createSession
[MASTER] 11:28:37.214 [Thread-3] ERROR ExternalProcessHandler - Aug 14, 2020 3:28:37 AM org.openqa.selenium.remote.ProtocolHandshake createSession

INFO: Detected dialect: OSS
[MASTER] 11:28:37.214 [Thread-3] ERROR ExternalProcessHandler - INFO: Detected dialect: OSS

Aug 14, 2020 3:28:42 AM org.openqa.selenium.remote.ProtocolHandshake createSession
[MASTER] 11:28:42.196 [Thread-3] ERROR ExternalProcessHandler - Aug 14, 2020 3:28:42 AM org.openqa.selenium.remote.ProtocolHandshake createSession

INFO: Detected dialect: OSS
[MASTER] 11:28:42.196 [Thread-3] ERROR ExternalProcessHandler - INFO: Detected dialect: OSS

[MASTER] 11:28:48.527 [logback-2] ERROR TestCaseExecutor - TG: Exception caught: 
java.lang.IllegalStateException: Test generation failed: page object bug.
	at org.evosuite.testcase.execution.TestCaseExecutor.runTest(TestCaseExecutor.java:322) ~[evosuite-client-1.0.4-SNAPSHOT.jar:na]
	at org.evosuite.testcase.TestFitnessFunction.runTest(TestFitnessFunction.java:91) [evosuite-client-1.0.4-SNAPSHOT.jar:na]
	at org.evosuite.testcase.TestFitnessFunction.isCovered(TestFitnessFunction.java:166) [evosuite-client-1.0.4-SNAPSHOT.jar:na]
	at org.evosuite.testsuite.TestSuiteMinimizer.minimizeTests(TestSuiteMinimizer.java:287) [evosuite-client-1.0.4-SNAPSHOT.jar:na]
	at org.evosuite.testsuite.TestSuiteMinimizer.minimize(TestSuiteMinimizer.java:111) [evosuite-client-1.0.4-SNAPSHOT.jar:na]
	at org.evosuite.TestSuiteGenerator.postProcessTests(TestSuiteGenerator.java:422) [evosuite-client-1.0.4-SNAPSHOT.jar:na]
	at org.evosuite.TestSuiteGenerator.generateTestSuite(TestSuiteGenerator.java:215) [evosuite-client-1.0.4-SNAPSHOT.jar:na]
	at org.evosuite.rmi.service.ClientNodeImpl$1.run(ClientNodeImpl.java:145) [evosuite-client-1.0.4-SNAPSHOT.jar:na]
	at java.util.concurrent.Executors$RunnableAdapter.call(Executors.java:511) [na:1.8.0_265]
	at java.util.concurrent.FutureTask.run(FutureTask.java:266) [na:1.8.0_265]
	at java.util.concurrent.ThreadPoolExecutor.runWorker(ThreadPoolExecutor.java:1149) [na:1.8.0_265]
	at java.util.concurrent.ThreadPoolExecutor$Worker.run(ThreadPoolExecutor.java:624) [na:1.8.0_265]
	at java.lang.Thread.run(Thread.java:748) [na:1.8.0_265]
Aug 14, 2020 3:28:48 AM org.openqa.selenium.remote.ProtocolHandshake createSession
[MASTER] 11:28:48.710 [Thread-3] ERROR ExternalProcessHandler - Aug 14, 2020 3:28:48 AM org.openqa.selenium.remote.ProtocolHandshake createSession

INFO: Detected dialect: OSS
[MASTER] 11:28:48.710 [Thread-3] ERROR ExternalProcessHandler - INFO: Detected dialect: OSS

Aug 14, 2020 3:28:52 AM org.openqa.selenium.remote.ProtocolHandshake createSession
[MASTER] 11:28:52.128 [Thread-3] ERROR ExternalProcessHandler - Aug 14, 2020 3:28:52 AM org.openqa.selenium.remote.ProtocolHandshake createSession

INFO: Detected dialect: OSS
[MASTER] 11:28:52.128 [Thread-3] ERROR ExternalProcessHandler - INFO: Detected dialect: OSS

Aug 14, 2020 3:28:54 AM org.openqa.selenium.remote.ProtocolHandshake createSession
[MASTER] 11:28:54.077 [Thread-3] ERROR ExternalProcessHandler - Aug 14, 2020 3:28:54 AM org.openqa.selenium.remote.ProtocolHandshake createSession

INFO: Detected dialect: OSS
[MASTER] 11:28:54.077 [Thread-3] ERROR ExternalProcessHandler - INFO: Detected dialect: OSS

Aug 14, 2020 3:28:58 AM org.openqa.selenium.remote.ProtocolHandshake createSession
[MASTER] 11:28:58.005 [Thread-3] ERROR ExternalProcessHandler - Aug 14, 2020 3:28:58 AM org.openqa.selenium.remote.ProtocolHandshake createSession

INFO: Detected dialect: OSS
[MASTER] 11:28:58.005 [Thread-3] ERROR ExternalProcessHandler - INFO: Detected dialect: OSS

Aug 14, 2020 3:29:08 AM org.openqa.selenium.remote.ProtocolHandshake createSession
[MASTER] 11:29:08.191 [Thread-3] ERROR ExternalProcessHandler - Aug 14, 2020 3:29:08 AM org.openqa.selenium.remote.ProtocolHandshake createSession

INFO: Detected dialect: OSS
[MASTER] 11:29:08.191 [Thread-3] ERROR ExternalProcessHandler - INFO: Detected dialect: OSS

Aug 14, 2020 3:29:24 AM org.openqa.selenium.remote.ProtocolHandshake createSession
[MASTER] 11:29:24.344 [Thread-3] ERROR ExternalProcessHandler - Aug 14, 2020 3:29:24 AM org.openqa.selenium.remote.ProtocolHandshake createSession

INFO: Detected dialect: OSS
[MASTER] 11:29:24.344 [Thread-3] ERROR ExternalProcessHandler - INFO: Detected dialect: OSS

[MASTER] 11:29:46.469 [logback-2] ERROR TestCaseExecutor - TG: Exception caught: 
java.lang.IllegalStateException: Test generation failed: page object bug.
	at org.evosuite.testcase.execution.TestCaseExecutor.runTest(TestCaseExecutor.java:322) ~[evosuite-client-1.0.4-SNAPSHOT.jar:na]
	at org.evosuite.testcase.TestFitnessFunction.runTest(TestFitnessFunction.java:91) [evosuite-client-1.0.4-SNAPSHOT.jar:na]
	at org.evosuite.testcase.TestFitnessFunction.isCovered(TestFitnessFunction.java:166) [evosuite-client-1.0.4-SNAPSHOT.jar:na]
	at org.evosuite.testsuite.TestSuiteMinimizer.minimizeTests(TestSuiteMinimizer.java:287) [evosuite-client-1.0.4-SNAPSHOT.jar:na]
	at org.evosuite.testsuite.TestSuiteMinimizer.minimize(TestSuiteMinimizer.java:111) [evosuite-client-1.0.4-SNAPSHOT.jar:na]
	at org.evosuite.TestSuiteGenerator.postProcessTests(TestSuiteGenerator.java:422) [evosuite-client-1.0.4-SNAPSHOT.jar:na]
	at org.evosuite.TestSuiteGenerator.generateTestSuite(TestSuiteGenerator.java:215) [evosuite-client-1.0.4-SNAPSHOT.jar:na]
	at org.evosuite.rmi.service.ClientNodeImpl$1.run(ClientNodeImpl.java:145) [evosuite-client-1.0.4-SNAPSHOT.jar:na]
	at java.util.concurrent.Executors$RunnableAdapter.call(Executors.java:511) [na:1.8.0_265]
	at java.util.concurrent.FutureTask.run(FutureTask.java:266) [na:1.8.0_265]
	at java.util.concurrent.ThreadPoolExecutor.runWorker(ThreadPoolExecutor.java:1149) [na:1.8.0_265]
	at java.util.concurrent.ThreadPoolExecutor$Worker.run(ThreadPoolExecutor.java:624) [na:1.8.0_265]
	at java.lang.Thread.run(Thread.java:748) [na:1.8.0_265]
Aug 14, 2020 3:29:46 AM org.openqa.selenium.remote.ProtocolHandshake createSession
[MASTER] 11:29:46.653 [Thread-3] ERROR ExternalProcessHandler - Aug 14, 2020 3:29:46 AM org.openqa.selenium.remote.ProtocolHandshake createSession

INFO: Detected dialect: OSS
[MASTER] 11:29:46.653 [Thread-3] ERROR ExternalProcessHandler - INFO: Detected dialect: OSS

Aug 14, 2020 3:29:47 AM po_utils.PageObjectLogging logInfo
[MASTER] 11:29:47.944 [Thread-3] ERROR ExternalProcessHandler - Aug 14, 2020 3:29:47 AM po_utils.PageObjectLogging logInfo

INFO: waitForElementBeingPresentOnPage timeout exception: unable to locate the element By.xpath: //button[text()="Create a new session"]
[MASTER] 11:29:47.945 [Thread-3] ERROR ExternalProcessHandler - INFO: waitForElementBeingPresentOnPage timeout exception: unable to locate the element By.xpath: //button[text()="Create a new session"]


[MASTER] 11:29:47.945 [Thread-3] ERROR ExternalProcessHandler - 


[MASTER] 11:29:47.945 [Thread-3] ERROR ExternalProcessHandler - 

Aug 14, 2020 3:29:48 AM org.openqa.selenium.remote.ProtocolHandshake createSession
[MASTER] 11:29:48.829 [Thread-3] ERROR ExternalProcessHandler - Aug 14, 2020 3:29:48 AM org.openqa.selenium.remote.ProtocolHandshake createSession

INFO: Detected dialect: OSS
[MASTER] 11:29:48.829 [Thread-3] ERROR ExternalProcessHandler - INFO: Detected dialect: OSS

Aug 14, 2020 3:29:53 AM org.openqa.selenium.remote.ProtocolHandshake createSession
[MASTER] 11:29:53.570 [Thread-3] ERROR ExternalProcessHandler - Aug 14, 2020 3:29:53 AM org.openqa.selenium.remote.ProtocolHandshake createSession

INFO: Detected dialect: OSS
[MASTER] 11:29:53.570 [Thread-3] ERROR ExternalProcessHandler - INFO: Detected dialect: OSS

Aug 14, 2020 3:30:04 AM org.openqa.selenium.remote.ProtocolHandshake createSession
[MASTER] 11:30:04.457 [Thread-3] ERROR ExternalProcessHandler - Aug 14, 2020 3:30:04 AM org.openqa.selenium.remote.ProtocolHandshake createSession

INFO: Detected dialect: OSS
[MASTER] 11:30:04.457 [Thread-3] ERROR ExternalProcessHandler - INFO: Detected dialect: OSS

Aug 14, 2020 3:30:21 AM org.openqa.selenium.remote.ProtocolHandshake createSession
[MASTER] 11:30:21.075 [Thread-3] ERROR ExternalProcessHandler - Aug 14, 2020 3:30:21 AM org.openqa.selenium.remote.ProtocolHandshake createSession

INFO: Detected dialect: OSS
[MASTER] 11:30:21.075 [Thread-3] ERROR ExternalProcessHandler - INFO: Detected dialect: OSS

[MASTER] 11:30:43.390 [logback-2] ERROR TestCaseExecutor - TG: Exception caught: 
java.lang.IllegalStateException: Test generation failed: page object bug.
	at org.evosuite.testcase.execution.TestCaseExecutor.runTest(TestCaseExecutor.java:322) ~[evosuite-client-1.0.4-SNAPSHOT.jar:na]
	at org.evosuite.testcase.TestFitnessFunction.runTest(TestFitnessFunction.java:91) [evosuite-client-1.0.4-SNAPSHOT.jar:na]
	at org.evosuite.testcase.TestFitnessFunction.isCovered(TestFitnessFunction.java:166) [evosuite-client-1.0.4-SNAPSHOT.jar:na]
	at org.evosuite.testsuite.TestSuiteMinimizer.minimizeTests(TestSuiteMinimizer.java:287) [evosuite-client-1.0.4-SNAPSHOT.jar:na]
	at org.evosuite.testsuite.TestSuiteMinimizer.minimize(TestSuiteMinimizer.java:111) [evosuite-client-1.0.4-SNAPSHOT.jar:na]
	at org.evosuite.TestSuiteGenerator.postProcessTests(TestSuiteGenerator.java:422) [evosuite-client-1.0.4-SNAPSHOT.jar:na]
	at org.evosuite.TestSuiteGenerator.generateTestSuite(TestSuiteGenerator.java:215) [evosuite-client-1.0.4-SNAPSHOT.jar:na]
	at org.evosuite.rmi.service.ClientNodeImpl$1.run(ClientNodeImpl.java:145) [evosuite-client-1.0.4-SNAPSHOT.jar:na]
	at java.util.concurrent.Executors$RunnableAdapter.call(Executors.java:511) [na:1.8.0_265]
	at java.util.concurrent.FutureTask.run(FutureTask.java:266) [na:1.8.0_265]
	at java.util.concurrent.ThreadPoolExecutor.runWorker(ThreadPoolExecutor.java:1149) [na:1.8.0_265]
	at java.util.concurrent.ThreadPoolExecutor$Worker.run(ThreadPoolExecutor.java:624) [na:1.8.0_265]
	at java.lang.Thread.run(Thread.java:748) [na:1.8.0_265]
Aug 14, 2020 3:30:43 AM org.openqa.selenium.remote.ProtocolHandshake createSession
[MASTER] 11:30:43.576 [Thread-3] ERROR ExternalProcessHandler - Aug 14, 2020 3:30:43 AM org.openqa.selenium.remote.ProtocolHandshake createSession

INFO: Detected dialect: OSS
[MASTER] 11:30:43.576 [Thread-3] ERROR ExternalProcessHandler - INFO: Detected dialect: OSS

Aug 14, 2020 3:30:44 AM po_utils.PageObjectLogging logInfo
[MASTER] 11:30:44.855 [Thread-3] ERROR ExternalProcessHandler - Aug 14, 2020 3:30:44 AM po_utils.PageObjectLogging logInfo

INFO: waitForElementBeingPresentOnPage timeout exception: unable to locate the element By.xpath: //button[text()="Create a new session"]
[MASTER] 11:30:44.856 [Thread-3] ERROR ExternalProcessHandler - INFO: waitForElementBeingPresentOnPage timeout exception: unable to locate the element By.xpath: //button[text()="Create a new session"]


[MASTER] 11:30:44.856 [Thread-3] ERROR ExternalProcessHandler - 


[MASTER] 11:30:44.856 [Thread-3] ERROR ExternalProcessHandler - 

Aug 14, 2020 3:30:46 AM org.openqa.selenium.remote.ProtocolHandshake createSession
[MASTER] 11:30:46.117 [Thread-3] ERROR ExternalProcessHandler - Aug 14, 2020 3:30:46 AM org.openqa.selenium.remote.ProtocolHandshake createSession

INFO: Detected dialect: OSS
[MASTER] 11:30:46.117 [Thread-3] ERROR ExternalProcessHandler - INFO: Detected dialect: OSS

Aug 14, 2020 3:30:49 AM po_utils.PageObjectLogging logInfo
[MASTER] 11:30:49.514 [Thread-3] ERROR ExternalProcessHandler - Aug 14, 2020 3:30:49 AM po_utils.PageObjectLogging logInfo

INFO: waitForElementBeingPresentOnPage timeout exception: unable to locate the element By.xpath: //button[text()="Create a new session"]
[MASTER] 11:30:49.515 [Thread-3] ERROR ExternalProcessHandler - INFO: waitForElementBeingPresentOnPage timeout exception: unable to locate the element By.xpath: //button[text()="Create a new session"]


[MASTER] 11:30:49.515 [Thread-3] ERROR ExternalProcessHandler - 


[MASTER] 11:30:49.515 [Thread-3] ERROR ExternalProcessHandler - 

Aug 14, 2020 3:30:50 AM org.openqa.selenium.remote.ProtocolHandshake createSession
[MASTER] 11:30:50.263 [Thread-3] ERROR ExternalProcessHandler - Aug 14, 2020 3:30:50 AM org.openqa.selenium.remote.ProtocolHandshake createSession

INFO: Detected dialect: OSS
[MASTER] 11:30:50.263 [Thread-3] ERROR ExternalProcessHandler - INFO: Detected dialect: OSS

Aug 14, 2020 3:30:57 AM po_utils.PageObjectLogging logInfo
[MASTER] 11:30:57.936 [Thread-3] ERROR ExternalProcessHandler - Aug 14, 2020 3:30:57 AM po_utils.PageObjectLogging logInfo

INFO: waitForElementBeingPresentOnPage timeout exception: unable to locate the element By.xpath: //button[text()="Create a new session"]
[MASTER] 11:30:57.938 [Thread-3] ERROR ExternalProcessHandler - INFO: waitForElementBeingPresentOnPage timeout exception: unable to locate the element By.xpath: //button[text()="Create a new session"]


[MASTER] 11:30:57.938 [Thread-3] ERROR ExternalProcessHandler - 


[MASTER] 11:30:57.938 [Thread-3] ERROR ExternalProcessHandler - 

Aug 14, 2020 3:31:00 AM org.openqa.selenium.remote.ProtocolHandshake createSession
[MASTER] 11:31:00.842 [Thread-3] ERROR ExternalProcessHandler - Aug 14, 2020 3:31:00 AM org.openqa.selenium.remote.ProtocolHandshake createSession

INFO: Detected dialect: OSS
[MASTER] 11:31:00.842 [Thread-3] ERROR ExternalProcessHandler - INFO: Detected dialect: OSS

Aug 14, 2020 3:31:12 AM po_utils.PageObjectLogging logInfo
[MASTER] 11:31:12.441 [Thread-3] ERROR ExternalProcessHandler - Aug 14, 2020 3:31:12 AM po_utils.PageObjectLogging logInfo

INFO: waitForElementBeingPresentOnPage timeout exception: unable to locate the element By.xpath: //button[text()="Create a new session"]
[MASTER] 11:31:12.442 [Thread-3] ERROR ExternalProcessHandler - INFO: waitForElementBeingPresentOnPage timeout exception: unable to locate the element By.xpath: //button[text()="Create a new session"]


[MASTER] 11:31:12.442 [Thread-3] ERROR ExternalProcessHandler - 


[MASTER] 11:31:12.442 [Thread-3] ERROR ExternalProcessHandler - 

Aug 14, 2020 3:31:17 AM org.openqa.selenium.remote.ProtocolHandshake createSession
[MASTER] 11:31:17.414 [Thread-3] ERROR ExternalProcessHandler - Aug 14, 2020 3:31:17 AM org.openqa.selenium.remote.ProtocolHandshake createSession

INFO: Detected dialect: OSS
[MASTER] 11:31:17.414 [Thread-3] ERROR ExternalProcessHandler - INFO: Detected dialect: OSS

Aug 14, 2020 3:31:33 AM po_utils.PageObjectLogging logInfo
[MASTER] 11:31:33.025 [Thread-3] ERROR ExternalProcessHandler - Aug 14, 2020 3:31:33 AM po_utils.PageObjectLogging logInfo

INFO: waitForElementBeingPresentOnPage timeout exception: unable to locate the element By.xpath: //button[text()="Create a new session"]
[MASTER] 11:31:33.026 [Thread-3] ERROR ExternalProcessHandler - INFO: waitForElementBeingPresentOnPage timeout exception: unable to locate the element By.xpath: //button[text()="Create a new session"]


[MASTER] 11:31:33.026 [Thread-3] ERROR ExternalProcessHandler - 


[MASTER] 11:31:33.026 [Thread-3] ERROR ExternalProcessHandler - 

[MASTER] 11:31:40.017 [logback-2] ERROR TestCaseExecutor - TG: Exception caught: 
java.lang.IllegalStateException: Test generation failed: page object bug.
	at org.evosuite.testcase.execution.TestCaseExecutor.runTest(TestCaseExecutor.java:322) ~[evosuite-client-1.0.4-SNAPSHOT.jar:na]
	at org.evosuite.testcase.TestFitnessFunction.runTest(TestFitnessFunction.java:91) [evosuite-client-1.0.4-SNAPSHOT.jar:na]
	at org.evosuite.testcase.TestFitnessFunction.isCovered(TestFitnessFunction.java:166) [evosuite-client-1.0.4-SNAPSHOT.jar:na]
	at org.evosuite.testsuite.TestSuiteMinimizer.minimizeTests(TestSuiteMinimizer.java:287) [evosuite-client-1.0.4-SNAPSHOT.jar:na]
	at org.evosuite.testsuite.TestSuiteMinimizer.minimize(TestSuiteMinimizer.java:111) [evosuite-client-1.0.4-SNAPSHOT.jar:na]
	at org.evosuite.TestSuiteGenerator.postProcessTests(TestSuiteGenerator.java:422) [evosuite-client-1.0.4-SNAPSHOT.jar:na]
	at org.evosuite.TestSuiteGenerator.generateTestSuite(TestSuiteGenerator.java:215) [evosuite-client-1.0.4-SNAPSHOT.jar:na]
	at org.evosuite.rmi.service.ClientNodeImpl$1.run(ClientNodeImpl.java:145) [evosuite-client-1.0.4-SNAPSHOT.jar:na]
	at java.util.concurrent.Executors$RunnableAdapter.call(Executors.java:511) [na:1.8.0_265]
	at java.util.concurrent.FutureTask.run(FutureTask.java:266) [na:1.8.0_265]
	at java.util.concurrent.ThreadPoolExecutor.runWorker(ThreadPoolExecutor.java:1149) [na:1.8.0_265]
	at java.util.concurrent.ThreadPoolExecutor$Worker.run(ThreadPoolExecutor.java:624) [na:1.8.0_265]
	at java.lang.Thread.run(Thread.java:748) [na:1.8.0_265]
Aug 14, 2020 3:31:40 AM org.openqa.selenium.remote.ProtocolHandshake createSession
[MASTER] 11:31:40.213 [Thread-3] ERROR ExternalProcessHandler - Aug 14, 2020 3:31:40 AM org.openqa.selenium.remote.ProtocolHandshake createSession

INFO: Detected dialect: OSS
[MASTER] 11:31:40.214 [Thread-3] ERROR ExternalProcessHandler - INFO: Detected dialect: OSS

Aug 14, 2020 3:31:44 AM org.openqa.selenium.remote.ProtocolHandshake createSession
[MASTER] 11:31:44.536 [Thread-3] ERROR ExternalProcessHandler - Aug 14, 2020 3:31:44 AM org.openqa.selenium.remote.ProtocolHandshake createSession

INFO: Detected dialect: OSS
[MASTER] 11:31:44.536 [Thread-3] ERROR ExternalProcessHandler - INFO: Detected dialect: OSS

Aug 14, 2020 3:31:47 AM po_utils.PageObjectLogging logInfo
[MASTER] 11:31:47.386 [Thread-3] ERROR ExternalProcessHandler - Aug 14, 2020 3:31:47 AM po_utils.PageObjectLogging logInfo

INFO: waitForElementBeingPresentOnPage timeout exception: unable to locate the element By.xpath: //button[text()="Create a new session"]
[MASTER] 11:31:47.386 [Thread-3] ERROR ExternalProcessHandler - INFO: waitForElementBeingPresentOnPage timeout exception: unable to locate the element By.xpath: //button[text()="Create a new session"]


[MASTER] 11:31:47.386 [Thread-3] ERROR ExternalProcessHandler - 


[MASTER] 11:31:47.386 [Thread-3] ERROR ExternalProcessHandler - 

Aug 14, 2020 3:31:47 AM org.openqa.selenium.remote.ProtocolHandshake createSession
[MASTER] 11:31:47.837 [Thread-3] ERROR ExternalProcessHandler - Aug 14, 2020 3:31:47 AM org.openqa.selenium.remote.ProtocolHandshake createSession

INFO: Detected dialect: OSS
[MASTER] 11:31:47.837 [Thread-3] ERROR ExternalProcessHandler - INFO: Detected dialect: OSS

Aug 14, 2020 3:31:51 AM org.openqa.selenium.remote.ProtocolHandshake createSession
[MASTER] 11:31:51.260 [Thread-3] ERROR ExternalProcessHandler - Aug 14, 2020 3:31:51 AM org.openqa.selenium.remote.ProtocolHandshake createSession

INFO: Detected dialect: OSS
[MASTER] 11:31:51.260 [Thread-3] ERROR ExternalProcessHandler - INFO: Detected dialect: OSS

Aug 14, 2020 3:31:52 AM po_utils.PageObjectLogging logInfo
[MASTER] 11:31:52.430 [Thread-3] ERROR ExternalProcessHandler - Aug 14, 2020 3:31:52 AM po_utils.PageObjectLogging logInfo

INFO: waitForElementBeingPresentOnPage timeout exception: unable to locate the element By.xpath: //button[text()="Create a new session"]
[MASTER] 11:31:52.430 [Thread-3] ERROR ExternalProcessHandler - INFO: waitForElementBeingPresentOnPage timeout exception: unable to locate the element By.xpath: //button[text()="Create a new session"]


[MASTER] 11:31:52.430 [Thread-3] ERROR ExternalProcessHandler - 


[MASTER] 11:31:52.430 [Thread-3] ERROR ExternalProcessHandler - 

Aug 14, 2020 3:31:53 AM org.openqa.selenium.remote.ProtocolHandshake createSession
[MASTER] 11:31:53.182 [Thread-3] ERROR ExternalProcessHandler - Aug 14, 2020 3:31:53 AM org.openqa.selenium.remote.ProtocolHandshake createSession

INFO: Detected dialect: OSS
[MASTER] 11:31:53.182 [Thread-3] ERROR ExternalProcessHandler - INFO: Detected dialect: OSS

Aug 14, 2020 3:31:54 AM org.openqa.selenium.remote.ProtocolHandshake createSession
[MASTER] 11:31:54.385 [Thread-3] ERROR ExternalProcessHandler - Aug 14, 2020 3:31:54 AM org.openqa.selenium.remote.ProtocolHandshake createSession

INFO: Detected dialect: OSS
[MASTER] 11:31:54.386 [Thread-3] ERROR ExternalProcessHandler - INFO: Detected dialect: OSS

Aug 14, 2020 3:31:55 AM org.openqa.selenium.remote.ProtocolHandshake createSession
[MASTER] 11:31:55.584 [Thread-3] ERROR ExternalProcessHandler - Aug 14, 2020 3:31:55 AM org.openqa.selenium.remote.ProtocolHandshake createSession

INFO: Detected dialect: OSS
[MASTER] 11:31:55.584 [Thread-3] ERROR ExternalProcessHandler - INFO: Detected dialect: OSS

Aug 14, 2020 3:31:56 AM po_utils.PageObjectLogging logInfo
[MASTER] 11:31:56.803 [Thread-3] ERROR ExternalProcessHandler - Aug 14, 2020 3:31:56 AM po_utils.PageObjectLogging logInfo

INFO: waitForElementBeingPresentOnPage timeout exception: unable to locate the element By.xpath: //button[text()="Create a new session"]
[MASTER] 11:31:56.804 [Thread-3] ERROR ExternalProcessHandler - INFO: waitForElementBeingPresentOnPage timeout exception: unable to locate the element By.xpath: //button[text()="Create a new session"]


[MASTER] 11:31:56.804 [Thread-3] ERROR ExternalProcessHandler - 


[MASTER] 11:31:56.804 [Thread-3] ERROR ExternalProcessHandler - 

Aug 14, 2020 3:31:57 AM org.openqa.selenium.remote.ProtocolHandshake createSession
[MASTER] 11:31:57.544 [Thread-3] ERROR ExternalProcessHandler - Aug 14, 2020 3:31:57 AM org.openqa.selenium.remote.ProtocolHandshake createSession

INFO: Detected dialect: OSS
[MASTER] 11:31:57.544 [Thread-3] ERROR ExternalProcessHandler - INFO: Detected dialect: OSS

Aug 14, 2020 3:32:00 AM org.openqa.selenium.remote.ProtocolHandshake createSession
[MASTER] 11:32:00.960 [Thread-3] ERROR ExternalProcessHandler - Aug 14, 2020 3:32:00 AM org.openqa.selenium.remote.ProtocolHandshake createSession

INFO: Detected dialect: OSS
[MASTER] 11:32:00.960 [Thread-3] ERROR ExternalProcessHandler - INFO: Detected dialect: OSS

Aug 14, 2020 3:32:03 AM po_utils.PageObjectLogging logInfo
[MASTER] 11:32:03.754 [Thread-3] ERROR ExternalProcessHandler - Aug 14, 2020 3:32:03 AM po_utils.PageObjectLogging logInfo

INFO: waitForElementBeingPresentOnPage timeout exception: unable to locate the element By.xpath: //button[text()="Create a new session"]
[MASTER] 11:32:03.754 [Thread-3] ERROR ExternalProcessHandler - INFO: waitForElementBeingPresentOnPage timeout exception: unable to locate the element By.xpath: //button[text()="Create a new session"]


[MASTER] 11:32:03.754 [Thread-3] ERROR ExternalProcessHandler - 


[MASTER] 11:32:03.754 [Thread-3] ERROR ExternalProcessHandler - 

Aug 14, 2020 3:32:04 AM org.openqa.selenium.remote.ProtocolHandshake createSession
[MASTER] 11:32:04.202 [Thread-3] ERROR ExternalProcessHandler - Aug 14, 2020 3:32:04 AM org.openqa.selenium.remote.ProtocolHandshake createSession

INFO: Detected dialect: OSS
[MASTER] 11:32:04.202 [Thread-3] ERROR ExternalProcessHandler - INFO: Detected dialect: OSS

