SLF4J: Class path contains multiple SLF4J bindings.
SLF4J: Found binding in [jar:file:/home/yw/.m2/repository/ch/qos/logback/logback-classic/1.1.3/logback-classic-1.1.3.jar!/org/slf4j/impl/StaticLoggerBinder.class]
SLF4J: Found binding in [jar:file:/home/yw/.m2/repository/org/evosuite/evosuite-master/1.0.4-SNAPSHOT/evosuite-master-1.0.4-SNAPSHOT.jar!/org/slf4j/impl/StaticLoggerBinder.class]
SLF4J: See http://www.slf4j.org/codes.html#multiple_bindings for an explanation.
SLF4J: Actual binding is of type [ch.qos.logback.classic.util.ContextSelectorStaticBinder]
SLF4J: Class path contains multiple SLF4J bindings.
[MASTER] 18:01:48.869 [Thread-3] ERROR ExternalProcessHandler - SLF4J: Class path contains multiple SLF4J bindings.

SLF4J: Found binding in [jar:file:/home/yw/.m2/repository/ch/qos/logback/logback-classic/1.1.3/logback-classic-1.1.3.jar!/org/slf4j/impl/StaticLoggerBinder.class]
[MASTER] 18:01:48.872 [Thread-3] ERROR ExternalProcessHandler - SLF4J: Found binding in [jar:file:/home/yw/.m2/repository/ch/qos/logback/logback-classic/1.1.3/logback-classic-1.1.3.jar!/org/slf4j/impl/StaticLoggerBinder.class]

SLF4J: Found binding in [jar:file:/home/yw/.m2/repository/org/evosuite/evosuite-master/1.0.4-SNAPSHOT/evosuite-master-1.0.4-SNAPSHOT.jar!/org/slf4j/impl/StaticLoggerBinder.class]
[MASTER] 18:01:48.875 [Thread-3] ERROR ExternalProcessHandler - SLF4J: Found binding in [jar:file:/home/yw/.m2/repository/org/evosuite/evosuite-master/1.0.4-SNAPSHOT/evosuite-master-1.0.4-SNAPSHOT.jar!/org/slf4j/impl/StaticLoggerBinder.class]

SLF4J: See http://www.slf4j.org/codes.html#multiple_bindings for an explanation.
[MASTER] 18:01:48.876 [Thread-3] ERROR ExternalProcessHandler - SLF4J: See http://www.slf4j.org/codes.html#multiple_bindings for an explanation.

SLF4J: Actual binding is of type [ch.qos.logback.classic.util.ContextSelectorStaticBinder]
[MASTER] 18:01:49.046 [Thread-3] ERROR ExternalProcessHandler - SLF4J: Actual binding is of type [ch.qos.logback.classic.util.ContextSelectorStaticBinder]

Aug 20, 2020 10:01:52 AM org.openqa.selenium.remote.ProtocolHandshake createSession
[MASTER] 18:01:52.263 [Thread-3] ERROR ExternalProcessHandler - Aug 20, 2020 10:01:52 AM org.openqa.selenium.remote.ProtocolHandshake createSession

INFO: Detected dialect: OSS
[MASTER] 18:01:52.263 [Thread-3] ERROR ExternalProcessHandler - INFO: Detected dialect: OSS

Aug 20, 2020 10:01:53 AM org.openqa.selenium.remote.ProtocolHandshake createSession
[MASTER] 18:01:53.937 [Thread-3] ERROR ExternalProcessHandler - Aug 20, 2020 10:01:53 AM org.openqa.selenium.remote.ProtocolHandshake createSession

INFO: Detected dialect: OSS
[MASTER] 18:01:53.938 [Thread-3] ERROR ExternalProcessHandler - INFO: Detected dialect: OSS

Exception in thread "Thread-3" java.lang.ClassCastException: org.evosuite.testcase.TestChromosome cannot be cast to org.evosuite.testsuite.TestSuiteChromosome
[MASTER] 18:01:54.094 [Thread-3] ERROR ExternalProcessHandler - Exception in thread "Thread-3" java.lang.ClassCastException: org.evosuite.testcase.TestChromosome cannot be cast to org.evosuite.testsuite.TestSuiteChromosome

	at org.evosuite.statistics.SearchStatistics.currentIndividual(SearchStatistics.java:181)
[MASTER] 18:01:54.095 [Thread-3] ERROR ExternalProcessHandler - 	at org.evosuite.statistics.SearchStatistics.currentIndividual(SearchStatistics.java:181)

	at org.evosuite.rmi.service.MasterNodeImpl.evosuite_collectStatistics(MasterNodeImpl.java:166)
[MASTER] 18:01:54.095 [Thread-3] ERROR ExternalProcessHandler - 	at org.evosuite.rmi.service.MasterNodeImpl.evosuite_collectStatistics(MasterNodeImpl.java:166)

	at sun.reflect.NativeMethodAccessorImpl.invoke0(Native Method)
[MASTER] 18:01:54.095 [Thread-3] ERROR ExternalProcessHandler - 	at sun.reflect.NativeMethodAccessorImpl.invoke0(Native Method)

	at sun.reflect.NativeMethodAccessorImpl.invoke(NativeMethodAccessorImpl.java:62)
[MASTER] 18:01:54.096 [Thread-3] ERROR ExternalProcessHandler - 	at sun.reflect.NativeMethodAccessorImpl.invoke(NativeMethodAccessorImpl.java:62)

	at sun.reflect.DelegatingMethodAccessorImpl.invoke(DelegatingMethodAccessorImpl.java:43)
[MASTER] 18:01:54.096 [Thread-3] ERROR ExternalProcessHandler - 	at sun.reflect.DelegatingMethodAccessorImpl.invoke(DelegatingMethodAccessorImpl.java:43)

	at java.lang.reflect.Method.invoke(Method.java:498)
[MASTER] 18:01:54.096 [Thread-3] ERROR ExternalProcessHandler - 	at java.lang.reflect.Method.invoke(Method.java:498)

	at sun.rmi.server.UnicastServerRef.dispatch(UnicastServerRef.java:357)
[MASTER] 18:01:54.097 [Thread-3] ERROR ExternalProcessHandler - 	at sun.rmi.server.UnicastServerRef.dispatch(UnicastServerRef.java:357)

	at sun.rmi.transport.Transport$1.run(Transport.java:200)
[MASTER] 18:01:54.097 [Thread-3] ERROR ExternalProcessHandler - 	at sun.rmi.transport.Transport$1.run(Transport.java:200)

	at sun.rmi.transport.Transport$1.run(Transport.java:197)
[MASTER] 18:01:54.097 [Thread-3] ERROR ExternalProcessHandler - 	at sun.rmi.transport.Transport$1.run(Transport.java:197)

	at java.security.AccessController.doPrivileged(Native Method)
[MASTER] 18:01:54.097 [Thread-3] ERROR ExternalProcessHandler - 	at java.security.AccessController.doPrivileged(Native Method)

	at sun.rmi.transport.Transport.serviceCall(Transport.java:196)
[MASTER] 18:01:54.098 [Thread-3] ERROR ExternalProcessHandler - 	at sun.rmi.transport.Transport.serviceCall(Transport.java:196)

	at sun.rmi.transport.tcp.TCPTransport.handleMessages(TCPTransport.java:573)
[MASTER] 18:01:54.098 [Thread-3] ERROR ExternalProcessHandler - 	at sun.rmi.transport.tcp.TCPTransport.handleMessages(TCPTransport.java:573)

	at sun.rmi.transport.tcp.TCPTransport$ConnectionHandler.run0(TCPTransport.java:834)
[MASTER] 18:01:54.098 [Thread-3] ERROR ExternalProcessHandler - 	at sun.rmi.transport.tcp.TCPTransport$ConnectionHandler.run0(TCPTransport.java:834)

	at sun.rmi.transport.tcp.TCPTransport$ConnectionHandler.lambda$run$0(TCPTransport.java:688)
[MASTER] 18:01:54.098 [Thread-3] ERROR ExternalProcessHandler - 	at sun.rmi.transport.tcp.TCPTransport$ConnectionHandler.lambda$run$0(TCPTransport.java:688)

	at java.security.AccessController.doPrivileged(Native Method)
[MASTER] 18:01:54.099 [Thread-3] ERROR ExternalProcessHandler - 	at java.security.AccessController.doPrivileged(Native Method)

	at sun.rmi.transport.tcp.TCPTransport$ConnectionHandler.run(TCPTransport.java:687)
[MASTER] 18:01:54.099 [Thread-3] ERROR ExternalProcessHandler - 	at sun.rmi.transport.tcp.TCPTransport$ConnectionHandler.run(TCPTransport.java:687)

	at java.util.concurrent.ThreadPoolExecutor.runWorker(ThreadPoolExecutor.java:1149)
[MASTER] 18:01:54.099 [Thread-3] ERROR ExternalProcessHandler - 	at java.util.concurrent.ThreadPoolExecutor.runWorker(ThreadPoolExecutor.java:1149)

	at java.util.concurrent.ThreadPoolExecutor$Worker.run(ThreadPoolExecutor.java:624)
[MASTER] 18:01:54.100 [Thread-3] ERROR ExternalProcessHandler - 	at java.util.concurrent.ThreadPoolExecutor$Worker.run(ThreadPoolExecutor.java:624)

	at java.lang.Thread.run(Thread.java:748)
[MASTER] 18:01:54.100 [Thread-3] ERROR ExternalProcessHandler - 	at java.lang.Thread.run(Thread.java:748)

	at sun.rmi.transport.StreamRemoteCall.exceptionReceivedFromServer(StreamRemoteCall.java:303)
[MASTER] 18:01:54.100 [Thread-3] ERROR ExternalProcessHandler - 	at sun.rmi.transport.StreamRemoteCall.exceptionReceivedFromServer(StreamRemoteCall.java:303)

	at sun.rmi.transport.StreamRemoteCall.executeCall(StreamRemoteCall.java:279)
[MASTER] 18:01:54.100 [Thread-3] ERROR ExternalProcessHandler - 	at sun.rmi.transport.StreamRemoteCall.executeCall(StreamRemoteCall.java:279)

	at sun.rmi.server.UnicastRef.invoke(UnicastRef.java:164)
[MASTER] 18:01:54.101 [Thread-3] ERROR ExternalProcessHandler - 	at sun.rmi.server.UnicastRef.invoke(UnicastRef.java:164)

	at java.rmi.server.RemoteObjectInvocationHandler.invokeRemoteMethod(RemoteObjectInvocationHandler.java:235)
[MASTER] 18:01:54.101 [Thread-3] ERROR ExternalProcessHandler - 	at java.rmi.server.RemoteObjectInvocationHandler.invokeRemoteMethod(RemoteObjectInvocationHandler.java:235)

	at java.rmi.server.RemoteObjectInvocationHandler.invoke(RemoteObjectInvocationHandler.java:180)
[MASTER] 18:01:54.101 [Thread-3] ERROR ExternalProcessHandler - 	at java.rmi.server.RemoteObjectInvocationHandler.invoke(RemoteObjectInvocationHandler.java:180)

	at com.sun.proxy.$Proxy7.evosuite_collectStatistics(Unknown Source)
[MASTER] 18:01:54.102 [Thread-3] ERROR ExternalProcessHandler - 	at com.sun.proxy.$Proxy7.evosuite_collectStatistics(Unknown Source)

	at org.evosuite.rmi.service.ClientNodeImpl.updateStatistics(ClientNodeImpl.java:237)
[MASTER] 18:01:54.102 [Thread-3] ERROR ExternalProcessHandler - 	at org.evosuite.rmi.service.ClientNodeImpl.updateStatistics(ClientNodeImpl.java:237)

	at org.evosuite.statistics.StatisticsSender.sendIndividualToMaster(StatisticsSender.java:75)
[MASTER] 18:01:54.102 [Thread-3] ERROR ExternalProcessHandler - 	at org.evosuite.statistics.StatisticsSender.sendIndividualToMaster(StatisticsSender.java:75)

	at org.evosuite.statistics.StatisticsListener$1.run(StatisticsListener.java:71)
[MASTER] 18:01:54.103 [Thread-3] ERROR ExternalProcessHandler - 	at org.evosuite.statistics.StatisticsListener$1.run(StatisticsListener.java:71)

Aug 20, 2020 10:01:55 AM org.openqa.selenium.remote.ProtocolHandshake createSession
[MASTER] 18:01:55.506 [Thread-3] ERROR ExternalProcessHandler - Aug 20, 2020 10:01:55 AM org.openqa.selenium.remote.ProtocolHandshake createSession

INFO: Detected dialect: OSS
[MASTER] 18:01:55.506 [Thread-3] ERROR ExternalProcessHandler - INFO: Detected dialect: OSS

Aug 20, 2020 10:01:56 AM org.openqa.selenium.remote.ProtocolHandshake createSession
[MASTER] 18:01:56.384 [Thread-3] ERROR ExternalProcessHandler - Aug 20, 2020 10:01:56 AM org.openqa.selenium.remote.ProtocolHandshake createSession

INFO: Detected dialect: OSS
[MASTER] 18:01:56.384 [Thread-3] ERROR ExternalProcessHandler - INFO: Detected dialect: OSS

Aug 20, 2020 10:01:57 AM org.openqa.selenium.remote.ProtocolHandshake createSession
[MASTER] 18:01:57.257 [Thread-3] ERROR ExternalProcessHandler - Aug 20, 2020 10:01:57 AM org.openqa.selenium.remote.ProtocolHandshake createSession

INFO: Detected dialect: OSS
[MASTER] 18:01:57.257 [Thread-3] ERROR ExternalProcessHandler - INFO: Detected dialect: OSS

Aug 20, 2020 10:01:58 AM org.openqa.selenium.remote.ProtocolHandshake createSession
[MASTER] 18:01:58.741 [Thread-3] ERROR ExternalProcessHandler - Aug 20, 2020 10:01:58 AM org.openqa.selenium.remote.ProtocolHandshake createSession

INFO: Detected dialect: OSS
[MASTER] 18:01:58.741 [Thread-3] ERROR ExternalProcessHandler - INFO: Detected dialect: OSS

Aug 20, 2020 10:01:59 AM org.openqa.selenium.remote.ProtocolHandshake createSession
[MASTER] 18:01:59.916 [Thread-3] ERROR ExternalProcessHandler - Aug 20, 2020 10:01:59 AM org.openqa.selenium.remote.ProtocolHandshake createSession

INFO: Detected dialect: OSS
[MASTER] 18:01:59.916 [Thread-3] ERROR ExternalProcessHandler - INFO: Detected dialect: OSS

Aug 20, 2020 10:02:00 AM org.openqa.selenium.remote.ProtocolHandshake createSession
[MASTER] 18:02:00.760 [Thread-3] ERROR ExternalProcessHandler - Aug 20, 2020 10:02:00 AM org.openqa.selenium.remote.ProtocolHandshake createSession

INFO: Detected dialect: OSS
[MASTER] 18:02:00.760 [Thread-3] ERROR ExternalProcessHandler - INFO: Detected dialect: OSS

Aug 20, 2020 10:02:02 AM po_utils.PageObjectLogging logInfo
[MASTER] 18:02:02.626 [Thread-3] ERROR ExternalProcessHandler - Aug 20, 2020 10:02:02 AM po_utils.PageObjectLogging logInfo

INFO: waitForElementBeingPresentOnPage timeout exception: unable to locate the element By.xpath: //button[text()="Create a new session"]
[MASTER] 18:02:02.627 [Thread-3] ERROR ExternalProcessHandler - INFO: waitForElementBeingPresentOnPage timeout exception: unable to locate the element By.xpath: //button[text()="Create a new session"]


[MASTER] 18:02:02.627 [Thread-3] ERROR ExternalProcessHandler - 


[MASTER] 18:02:02.627 [Thread-3] ERROR ExternalProcessHandler - 

Aug 20, 2020 10:02:04 AM org.openqa.selenium.remote.ProtocolHandshake createSession
[MASTER] 18:02:04.140 [Thread-3] ERROR ExternalProcessHandler - Aug 20, 2020 10:02:04 AM org.openqa.selenium.remote.ProtocolHandshake createSession

INFO: Detected dialect: OSS
[MASTER] 18:02:04.141 [Thread-3] ERROR ExternalProcessHandler - INFO: Detected dialect: OSS

Aug 20, 2020 10:02:04 AM org.openqa.selenium.remote.ProtocolHandshake createSession
[MASTER] 18:02:04.991 [Thread-3] ERROR ExternalProcessHandler - Aug 20, 2020 10:02:04 AM org.openqa.selenium.remote.ProtocolHandshake createSession

INFO: Detected dialect: OSS
[MASTER] 18:02:04.991 [Thread-3] ERROR ExternalProcessHandler - INFO: Detected dialect: OSS

Aug 20, 2020 10:02:05 AM org.openqa.selenium.remote.ProtocolHandshake createSession
[MASTER] 18:02:05.937 [Thread-3] ERROR ExternalProcessHandler - Aug 20, 2020 10:02:05 AM org.openqa.selenium.remote.ProtocolHandshake createSession

INFO: Detected dialect: OSS
[MASTER] 18:02:05.937 [Thread-3] ERROR ExternalProcessHandler - INFO: Detected dialect: OSS

Aug 20, 2020 10:02:08 AM org.openqa.selenium.remote.ProtocolHandshake createSession
[MASTER] 18:02:08.920 [Thread-3] ERROR ExternalProcessHandler - Aug 20, 2020 10:02:08 AM org.openqa.selenium.remote.ProtocolHandshake createSession

INFO: Detected dialect: OSS
[MASTER] 18:02:08.920 [Thread-3] ERROR ExternalProcessHandler - INFO: Detected dialect: OSS

Aug 20, 2020 10:02:15 AM org.openqa.selenium.remote.ProtocolHandshake createSession
[MASTER] 18:02:15.129 [Thread-3] ERROR ExternalProcessHandler - Aug 20, 2020 10:02:15 AM org.openqa.selenium.remote.ProtocolHandshake createSession

INFO: Detected dialect: OSS
[MASTER] 18:02:15.130 [Thread-3] ERROR ExternalProcessHandler - INFO: Detected dialect: OSS

Aug 20, 2020 10:02:24 AM org.openqa.selenium.remote.ProtocolHandshake createSession
[MASTER] 18:02:24.363 [Thread-3] ERROR ExternalProcessHandler - Aug 20, 2020 10:02:24 AM org.openqa.selenium.remote.ProtocolHandshake createSession

INFO: Detected dialect: OSS
[MASTER] 18:02:24.363 [Thread-3] ERROR ExternalProcessHandler - INFO: Detected dialect: OSS

[MASTER] 18:02:36.364 [logback-2] ERROR TestCaseExecutor - TG: Exception caught: 
java.lang.IllegalStateException: Test generation failed: page object bug.
	at org.evosuite.testcase.execution.TestCaseExecutor.runTest(TestCaseExecutor.java:322) ~[evosuite-client-1.0.4-SNAPSHOT.jar:na]
	at org.evosuite.testcase.TestFitnessFunction.runTest(TestFitnessFunction.java:91) [evosuite-client-1.0.4-SNAPSHOT.jar:na]
	at org.evosuite.testcase.TestFitnessFunction.getFitness(TestFitnessFunction.java:60) [evosuite-client-1.0.4-SNAPSHOT.jar:na]
	at org.evosuite.testcase.TestFitnessFunction.getFitness(TestFitnessFunction.java:34) [evosuite-client-1.0.4-SNAPSHOT.jar:na]
	at org.evosuite.ga.metaheuristics.mosa.MOSA.calculateFitness(MOSA.java:155) [evosuite-client-1.0.4-SNAPSHOT.jar:na]
	at org.evosuite.ga.metaheuristics.mosa.AbstractMOSA.calculateFitness(AbstractMOSA.java:327) [evosuite-client-1.0.4-SNAPSHOT.jar:na]
	at org.evosuite.ga.metaheuristics.mosa.AbstractMOSA.initializePopulation(AbstractMOSA.java:437) [evosuite-client-1.0.4-SNAPSHOT.jar:na]
	at org.evosuite.ga.metaheuristics.mosa.MOSA.generateSolution(MOSA.java:194) [evosuite-client-1.0.4-SNAPSHOT.jar:na]
	at org.evosuite.strategy.MOSuiteStrategy.generateTests(MOSuiteStrategy.java:127) [evosuite-client-1.0.4-SNAPSHOT.jar:na]
	at org.evosuite.TestSuiteGenerator.generateTests(TestSuiteGenerator.java:654) [evosuite-client-1.0.4-SNAPSHOT.jar:na]
	at org.evosuite.TestSuiteGenerator.generateTestSuite(TestSuiteGenerator.java:213) [evosuite-client-1.0.4-SNAPSHOT.jar:na]
	at org.evosuite.rmi.service.ClientNodeImpl$1.run(ClientNodeImpl.java:145) [evosuite-client-1.0.4-SNAPSHOT.jar:na]
	at java.util.concurrent.Executors$RunnableAdapter.call(Executors.java:511) [na:1.8.0_265]
	at java.util.concurrent.FutureTask.run(FutureTask.java:266) [na:1.8.0_265]
	at java.util.concurrent.ThreadPoolExecutor.runWorker(ThreadPoolExecutor.java:1149) [na:1.8.0_265]
	at java.util.concurrent.ThreadPoolExecutor$Worker.run(ThreadPoolExecutor.java:624) [na:1.8.0_265]
	at java.lang.Thread.run(Thread.java:748) [na:1.8.0_265]
Aug 20, 2020 10:02:36 AM org.openqa.selenium.remote.ProtocolHandshake createSession
[MASTER] 18:02:36.562 [Thread-3] ERROR ExternalProcessHandler - Aug 20, 2020 10:02:36 AM org.openqa.selenium.remote.ProtocolHandshake createSession

INFO: Detected dialect: OSS
[MASTER] 18:02:36.562 [Thread-3] ERROR ExternalProcessHandler - INFO: Detected dialect: OSS

Aug 20, 2020 10:02:37 AM org.openqa.selenium.remote.ProtocolHandshake createSession
[MASTER] 18:02:37.900 [Thread-3] ERROR ExternalProcessHandler - Aug 20, 2020 10:02:37 AM org.openqa.selenium.remote.ProtocolHandshake createSession

INFO: Detected dialect: OSS
[MASTER] 18:02:37.900 [Thread-3] ERROR ExternalProcessHandler - INFO: Detected dialect: OSS

Aug 20, 2020 10:02:38 AM org.openqa.selenium.remote.ProtocolHandshake createSession
[MASTER] 18:02:38.731 [Thread-3] ERROR ExternalProcessHandler - Aug 20, 2020 10:02:38 AM org.openqa.selenium.remote.ProtocolHandshake createSession

INFO: Detected dialect: OSS
[MASTER] 18:02:38.731 [Thread-3] ERROR ExternalProcessHandler - INFO: Detected dialect: OSS

Aug 20, 2020 10:02:39 AM org.openqa.selenium.remote.ProtocolHandshake createSession
[MASTER] 18:02:39.580 [Thread-3] ERROR ExternalProcessHandler - Aug 20, 2020 10:02:39 AM org.openqa.selenium.remote.ProtocolHandshake createSession

INFO: Detected dialect: OSS
[MASTER] 18:02:39.580 [Thread-3] ERROR ExternalProcessHandler - INFO: Detected dialect: OSS

Aug 20, 2020 10:02:40 AM org.openqa.selenium.remote.ProtocolHandshake createSession
[MASTER] 18:02:40.379 [Thread-3] ERROR ExternalProcessHandler - Aug 20, 2020 10:02:40 AM org.openqa.selenium.remote.ProtocolHandshake createSession

INFO: Detected dialect: OSS
[MASTER] 18:02:40.379 [Thread-3] ERROR ExternalProcessHandler - INFO: Detected dialect: OSS

Aug 20, 2020 10:02:41 AM org.openqa.selenium.remote.ProtocolHandshake createSession
[MASTER] 18:02:41.259 [Thread-3] ERROR ExternalProcessHandler - Aug 20, 2020 10:02:41 AM org.openqa.selenium.remote.ProtocolHandshake createSession

INFO: Detected dialect: OSS
[MASTER] 18:02:41.260 [Thread-3] ERROR ExternalProcessHandler - INFO: Detected dialect: OSS

Aug 20, 2020 10:02:42 AM org.openqa.selenium.remote.ProtocolHandshake createSession
[MASTER] 18:02:42.178 [Thread-3] ERROR ExternalProcessHandler - Aug 20, 2020 10:02:42 AM org.openqa.selenium.remote.ProtocolHandshake createSession

INFO: Detected dialect: OSS
[MASTER] 18:02:42.178 [Thread-3] ERROR ExternalProcessHandler - INFO: Detected dialect: OSS

Aug 20, 2020 10:02:43 AM org.openqa.selenium.remote.ProtocolHandshake createSession
[MASTER] 18:02:43.360 [Thread-3] ERROR ExternalProcessHandler - Aug 20, 2020 10:02:43 AM org.openqa.selenium.remote.ProtocolHandshake createSession

INFO: Detected dialect: OSS
[MASTER] 18:02:43.360 [Thread-3] ERROR ExternalProcessHandler - INFO: Detected dialect: OSS

Aug 20, 2020 10:02:44 AM org.openqa.selenium.remote.ProtocolHandshake createSession
[MASTER] 18:02:44.835 [Thread-3] ERROR ExternalProcessHandler - Aug 20, 2020 10:02:44 AM org.openqa.selenium.remote.ProtocolHandshake createSession

INFO: Detected dialect: OSS
[MASTER] 18:02:44.836 [Thread-3] ERROR ExternalProcessHandler - INFO: Detected dialect: OSS

Aug 20, 2020 10:02:45 AM org.openqa.selenium.remote.ProtocolHandshake createSession
[MASTER] 18:02:45.740 [Thread-3] ERROR ExternalProcessHandler - Aug 20, 2020 10:02:45 AM org.openqa.selenium.remote.ProtocolHandshake createSession

INFO: Detected dialect: OSS
[MASTER] 18:02:45.740 [Thread-3] ERROR ExternalProcessHandler - INFO: Detected dialect: OSS

Aug 20, 2020 10:02:46 AM org.openqa.selenium.remote.ProtocolHandshake createSession
[MASTER] 18:02:46.618 [Thread-3] ERROR ExternalProcessHandler - Aug 20, 2020 10:02:46 AM org.openqa.selenium.remote.ProtocolHandshake createSession

INFO: Detected dialect: OSS
[MASTER] 18:02:46.618 [Thread-3] ERROR ExternalProcessHandler - INFO: Detected dialect: OSS

Aug 20, 2020 10:02:47 AM po_utils.PageObjectLogging logInfo
[MASTER] 18:02:47.892 [Thread-3] ERROR ExternalProcessHandler - Aug 20, 2020 10:02:47 AM po_utils.PageObjectLogging logInfo

INFO: waitForElementBeingPresentOnPage timeout exception: unable to locate the element By.xpath: //button[text()="Create a new session"]
[MASTER] 18:02:47.893 [Thread-3] ERROR ExternalProcessHandler - INFO: waitForElementBeingPresentOnPage timeout exception: unable to locate the element By.xpath: //button[text()="Create a new session"]


[MASTER] 18:02:47.893 [Thread-3] ERROR ExternalProcessHandler - 


[MASTER] 18:02:47.893 [Thread-3] ERROR ExternalProcessHandler - 

Aug 20, 2020 10:02:48 AM org.openqa.selenium.remote.ProtocolHandshake createSession
[MASTER] 18:02:48.295 [Thread-3] ERROR ExternalProcessHandler - Aug 20, 2020 10:02:48 AM org.openqa.selenium.remote.ProtocolHandshake createSession

INFO: Detected dialect: OSS
[MASTER] 18:02:48.295 [Thread-3] ERROR ExternalProcessHandler - INFO: Detected dialect: OSS

Aug 20, 2020 10:02:49 AM org.openqa.selenium.remote.ProtocolHandshake createSession
[MASTER] 18:02:49.411 [Thread-3] ERROR ExternalProcessHandler - Aug 20, 2020 10:02:49 AM org.openqa.selenium.remote.ProtocolHandshake createSession

INFO: Detected dialect: OSS
[MASTER] 18:02:49.411 [Thread-3] ERROR ExternalProcessHandler - INFO: Detected dialect: OSS

Aug 20, 2020 10:02:50 AM org.openqa.selenium.remote.ProtocolHandshake createSession
[MASTER] 18:02:50.982 [Thread-3] ERROR ExternalProcessHandler - Aug 20, 2020 10:02:50 AM org.openqa.selenium.remote.ProtocolHandshake createSession

INFO: Detected dialect: OSS
[MASTER] 18:02:50.982 [Thread-3] ERROR ExternalProcessHandler - INFO: Detected dialect: OSS

Aug 20, 2020 10:02:51 AM org.openqa.selenium.remote.ProtocolHandshake createSession
[MASTER] 18:02:51.822 [Thread-3] ERROR ExternalProcessHandler - Aug 20, 2020 10:02:51 AM org.openqa.selenium.remote.ProtocolHandshake createSession

INFO: Detected dialect: OSS
[MASTER] 18:02:51.822 [Thread-3] ERROR ExternalProcessHandler - INFO: Detected dialect: OSS

Aug 20, 2020 10:02:56 AM org.openqa.selenium.remote.ProtocolHandshake createSession
[MASTER] 18:02:56.471 [Thread-3] ERROR ExternalProcessHandler - Aug 20, 2020 10:02:56 AM org.openqa.selenium.remote.ProtocolHandshake createSession

INFO: Detected dialect: OSS
[MASTER] 18:02:56.472 [Thread-3] ERROR ExternalProcessHandler - INFO: Detected dialect: OSS

Aug 20, 2020 10:03:05 AM org.openqa.selenium.remote.ProtocolHandshake createSession
[MASTER] 18:03:05.617 [Thread-3] ERROR ExternalProcessHandler - Aug 20, 2020 10:03:05 AM org.openqa.selenium.remote.ProtocolHandshake createSession

INFO: Detected dialect: OSS
[MASTER] 18:03:05.617 [Thread-3] ERROR ExternalProcessHandler - INFO: Detected dialect: OSS

Aug 20, 2020 10:03:18 AM org.openqa.selenium.remote.ProtocolHandshake createSession
[MASTER] 18:03:18.855 [Thread-3] ERROR ExternalProcessHandler - Aug 20, 2020 10:03:18 AM org.openqa.selenium.remote.ProtocolHandshake createSession

INFO: Detected dialect: OSS
[MASTER] 18:03:18.855 [Thread-3] ERROR ExternalProcessHandler - INFO: Detected dialect: OSS

[MASTER] 18:03:36.092 [logback-2] ERROR TestCaseExecutor - TG: Exception caught: 
java.lang.IllegalStateException: Test generation failed: page object bug.
	at org.evosuite.testcase.execution.TestCaseExecutor.runTest(TestCaseExecutor.java:322) ~[evosuite-client-1.0.4-SNAPSHOT.jar:na]
	at org.evosuite.testcase.TestFitnessFunction.runTest(TestFitnessFunction.java:91) [evosuite-client-1.0.4-SNAPSHOT.jar:na]
	at org.evosuite.testcase.TestFitnessFunction.getFitness(TestFitnessFunction.java:60) [evosuite-client-1.0.4-SNAPSHOT.jar:na]
	at org.evosuite.testcase.TestFitnessFunction.getFitness(TestFitnessFunction.java:34) [evosuite-client-1.0.4-SNAPSHOT.jar:na]
	at org.evosuite.ga.metaheuristics.mosa.MOSA.calculateFitness(MOSA.java:155) [evosuite-client-1.0.4-SNAPSHOT.jar:na]
	at org.evosuite.ga.metaheuristics.mosa.AbstractMOSA.calculateFitness(AbstractMOSA.java:327) [evosuite-client-1.0.4-SNAPSHOT.jar:na]
	at org.evosuite.ga.metaheuristics.mosa.AbstractMOSA.initializePopulation(AbstractMOSA.java:437) [evosuite-client-1.0.4-SNAPSHOT.jar:na]
	at org.evosuite.ga.metaheuristics.mosa.MOSA.generateSolution(MOSA.java:194) [evosuite-client-1.0.4-SNAPSHOT.jar:na]
	at org.evosuite.strategy.MOSuiteStrategy.generateTests(MOSuiteStrategy.java:127) [evosuite-client-1.0.4-SNAPSHOT.jar:na]
	at org.evosuite.TestSuiteGenerator.generateTests(TestSuiteGenerator.java:654) [evosuite-client-1.0.4-SNAPSHOT.jar:na]
	at org.evosuite.TestSuiteGenerator.generateTestSuite(TestSuiteGenerator.java:213) [evosuite-client-1.0.4-SNAPSHOT.jar:na]
	at org.evosuite.rmi.service.ClientNodeImpl$1.run(ClientNodeImpl.java:145) [evosuite-client-1.0.4-SNAPSHOT.jar:na]
	at java.util.concurrent.Executors$RunnableAdapter.call(Executors.java:511) [na:1.8.0_265]
	at java.util.concurrent.FutureTask.run(FutureTask.java:266) [na:1.8.0_265]
	at java.util.concurrent.ThreadPoolExecutor.runWorker(ThreadPoolExecutor.java:1149) [na:1.8.0_265]
	at java.util.concurrent.ThreadPoolExecutor$Worker.run(ThreadPoolExecutor.java:624) [na:1.8.0_265]
	at java.lang.Thread.run(Thread.java:748) [na:1.8.0_265]
Aug 20, 2020 10:03:36 AM org.openqa.selenium.remote.ProtocolHandshake createSession
[MASTER] 18:03:36.247 [Thread-3] ERROR ExternalProcessHandler - Aug 20, 2020 10:03:36 AM org.openqa.selenium.remote.ProtocolHandshake createSession

INFO: Detected dialect: OSS
[MASTER] 18:03:36.247 [Thread-3] ERROR ExternalProcessHandler - INFO: Detected dialect: OSS

Aug 20, 2020 10:03:37 AM org.openqa.selenium.remote.ProtocolHandshake createSession
[MASTER] 18:03:37.265 [Thread-3] ERROR ExternalProcessHandler - Aug 20, 2020 10:03:37 AM org.openqa.selenium.remote.ProtocolHandshake createSession

INFO: Detected dialect: OSS
[MASTER] 18:03:37.266 [Thread-3] ERROR ExternalProcessHandler - INFO: Detected dialect: OSS

Aug 20, 2020 10:03:41 AM org.openqa.selenium.remote.ProtocolHandshake createSession
[MASTER] 18:03:41.428 [Thread-3] ERROR ExternalProcessHandler - Aug 20, 2020 10:03:41 AM org.openqa.selenium.remote.ProtocolHandshake createSession

INFO: Detected dialect: OSS
[MASTER] 18:03:41.428 [Thread-3] ERROR ExternalProcessHandler - INFO: Detected dialect: OSS

Aug 20, 2020 10:03:48 AM org.openqa.selenium.remote.ProtocolHandshake createSession
[MASTER] 18:03:48.551 [Thread-3] ERROR ExternalProcessHandler - Aug 20, 2020 10:03:48 AM org.openqa.selenium.remote.ProtocolHandshake createSession

INFO: Detected dialect: OSS
[MASTER] 18:03:48.551 [Thread-3] ERROR ExternalProcessHandler - INFO: Detected dialect: OSS

Aug 20, 2020 10:03:58 AM org.openqa.selenium.remote.ProtocolHandshake createSession
[MASTER] 18:03:58.574 [Thread-3] ERROR ExternalProcessHandler - Aug 20, 2020 10:03:58 AM org.openqa.selenium.remote.ProtocolHandshake createSession

INFO: Detected dialect: OSS
[MASTER] 18:03:58.574 [Thread-3] ERROR ExternalProcessHandler - INFO: Detected dialect: OSS

[MASTER] 18:04:11.206 [logback-2] ERROR TestCaseExecutor - TG: Exception caught: 
java.lang.IllegalStateException: Test generation failed: page object bug.
	at org.evosuite.testcase.execution.TestCaseExecutor.runTest(TestCaseExecutor.java:322) ~[evosuite-client-1.0.4-SNAPSHOT.jar:na]
	at org.evosuite.testcase.TestFitnessFunction.runTest(TestFitnessFunction.java:91) [evosuite-client-1.0.4-SNAPSHOT.jar:na]
	at org.evosuite.testcase.TestFitnessFunction.getFitness(TestFitnessFunction.java:60) [evosuite-client-1.0.4-SNAPSHOT.jar:na]
	at org.evosuite.testcase.TestFitnessFunction.getFitness(TestFitnessFunction.java:34) [evosuite-client-1.0.4-SNAPSHOT.jar:na]
	at org.evosuite.ga.metaheuristics.mosa.MOSA.calculateFitness(MOSA.java:155) [evosuite-client-1.0.4-SNAPSHOT.jar:na]
	at org.evosuite.ga.metaheuristics.mosa.AbstractMOSA.calculateFitness(AbstractMOSA.java:327) [evosuite-client-1.0.4-SNAPSHOT.jar:na]
	at org.evosuite.ga.metaheuristics.mosa.AbstractMOSA.initializePopulation(AbstractMOSA.java:437) [evosuite-client-1.0.4-SNAPSHOT.jar:na]
	at org.evosuite.ga.metaheuristics.mosa.MOSA.generateSolution(MOSA.java:194) [evosuite-client-1.0.4-SNAPSHOT.jar:na]
	at org.evosuite.strategy.MOSuiteStrategy.generateTests(MOSuiteStrategy.java:127) [evosuite-client-1.0.4-SNAPSHOT.jar:na]
	at org.evosuite.TestSuiteGenerator.generateTests(TestSuiteGenerator.java:654) [evosuite-client-1.0.4-SNAPSHOT.jar:na]
	at org.evosuite.TestSuiteGenerator.generateTestSuite(TestSuiteGenerator.java:213) [evosuite-client-1.0.4-SNAPSHOT.jar:na]
	at org.evosuite.rmi.service.ClientNodeImpl$1.run(ClientNodeImpl.java:145) [evosuite-client-1.0.4-SNAPSHOT.jar:na]
	at java.util.concurrent.Executors$RunnableAdapter.call(Executors.java:511) [na:1.8.0_265]
	at java.util.concurrent.FutureTask.run(FutureTask.java:266) [na:1.8.0_265]
	at java.util.concurrent.ThreadPoolExecutor.runWorker(ThreadPoolExecutor.java:1149) [na:1.8.0_265]
	at java.util.concurrent.ThreadPoolExecutor$Worker.run(ThreadPoolExecutor.java:624) [na:1.8.0_265]
	at java.lang.Thread.run(Thread.java:748) [na:1.8.0_265]
Aug 20, 2020 10:04:11 AM org.openqa.selenium.remote.ProtocolHandshake createSession
[MASTER] 18:04:11.400 [Thread-3] ERROR ExternalProcessHandler - Aug 20, 2020 10:04:11 AM org.openqa.selenium.remote.ProtocolHandshake createSession

INFO: Detected dialect: OSS
[MASTER] 18:04:11.401 [Thread-3] ERROR ExternalProcessHandler - INFO: Detected dialect: OSS

Aug 20, 2020 10:04:12 AM po_utils.PageObjectLogging logInfo
[MASTER] 18:04:12.952 [Thread-3] ERROR ExternalProcessHandler - Aug 20, 2020 10:04:12 AM po_utils.PageObjectLogging logInfo

INFO: waitForElementBeingPresentOnPage timeout exception: unable to locate the element By.xpath: //button[text()="Create a new session"]
[MASTER] 18:04:12.953 [Thread-3] ERROR ExternalProcessHandler - INFO: waitForElementBeingPresentOnPage timeout exception: unable to locate the element By.xpath: //button[text()="Create a new session"]


[MASTER] 18:04:12.953 [Thread-3] ERROR ExternalProcessHandler - 


[MASTER] 18:04:12.953 [Thread-3] ERROR ExternalProcessHandler - 

Aug 20, 2020 10:04:14 AM po_utils.PageObjectLogging logInfo
[MASTER] 18:04:14.140 [Thread-3] ERROR ExternalProcessHandler - Aug 20, 2020 10:04:14 AM po_utils.PageObjectLogging logInfo

INFO: waitForElementBeingPresentOnPage timeout exception: unable to locate the element By.xpath: //button[text()="Create a new session"]
[MASTER] 18:04:14.141 [Thread-3] ERROR ExternalProcessHandler - INFO: waitForElementBeingPresentOnPage timeout exception: unable to locate the element By.xpath: //button[text()="Create a new session"]


[MASTER] 18:04:14.141 [Thread-3] ERROR ExternalProcessHandler - 


[MASTER] 18:04:14.141 [Thread-3] ERROR ExternalProcessHandler - 

Aug 20, 2020 10:04:14 AM org.openqa.selenium.remote.ProtocolHandshake createSession
[MASTER] 18:04:14.886 [Thread-3] ERROR ExternalProcessHandler - Aug 20, 2020 10:04:14 AM org.openqa.selenium.remote.ProtocolHandshake createSession

INFO: Detected dialect: OSS
[MASTER] 18:04:14.886 [Thread-3] ERROR ExternalProcessHandler - INFO: Detected dialect: OSS

Aug 20, 2020 10:04:16 AM org.openqa.selenium.remote.ProtocolHandshake createSession
[MASTER] 18:04:16.323 [Thread-3] ERROR ExternalProcessHandler - Aug 20, 2020 10:04:16 AM org.openqa.selenium.remote.ProtocolHandshake createSession

INFO: Detected dialect: OSS
[MASTER] 18:04:16.323 [Thread-3] ERROR ExternalProcessHandler - INFO: Detected dialect: OSS

Aug 20, 2020 10:04:17 AM org.openqa.selenium.remote.ProtocolHandshake createSession
[MASTER] 18:04:17.791 [Thread-3] ERROR ExternalProcessHandler - Aug 20, 2020 10:04:17 AM org.openqa.selenium.remote.ProtocolHandshake createSession

INFO: Detected dialect: OSS
[MASTER] 18:04:17.791 [Thread-3] ERROR ExternalProcessHandler - INFO: Detected dialect: OSS

Aug 20, 2020 10:04:18 AM org.openqa.selenium.remote.ProtocolHandshake createSession
[MASTER] 18:04:18.746 [Thread-3] ERROR ExternalProcessHandler - Aug 20, 2020 10:04:18 AM org.openqa.selenium.remote.ProtocolHandshake createSession

INFO: Detected dialect: OSS
[MASTER] 18:04:18.746 [Thread-3] ERROR ExternalProcessHandler - INFO: Detected dialect: OSS

Aug 20, 2020 10:04:21 AM org.openqa.selenium.remote.ProtocolHandshake createSession
[MASTER] 18:04:21.471 [Thread-3] ERROR ExternalProcessHandler - Aug 20, 2020 10:04:21 AM org.openqa.selenium.remote.ProtocolHandshake createSession

INFO: Detected dialect: OSS
[MASTER] 18:04:21.471 [Thread-3] ERROR ExternalProcessHandler - INFO: Detected dialect: OSS

Aug 20, 2020 10:04:22 AM org.openqa.selenium.remote.ProtocolHandshake createSession
[MASTER] 18:04:22.963 [Thread-3] ERROR ExternalProcessHandler - Aug 20, 2020 10:04:22 AM org.openqa.selenium.remote.ProtocolHandshake createSession

INFO: Detected dialect: OSS
[MASTER] 18:04:22.963 [Thread-3] ERROR ExternalProcessHandler - INFO: Detected dialect: OSS

Aug 20, 2020 10:04:23 AM org.openqa.selenium.remote.ProtocolHandshake createSession
[MASTER] 18:04:23.839 [Thread-3] ERROR ExternalProcessHandler - Aug 20, 2020 10:04:23 AM org.openqa.selenium.remote.ProtocolHandshake createSession

INFO: Detected dialect: OSS
[MASTER] 18:04:23.839 [Thread-3] ERROR ExternalProcessHandler - INFO: Detected dialect: OSS

Aug 20, 2020 10:04:24 AM org.openqa.selenium.remote.ProtocolHandshake createSession
[MASTER] 18:04:24.952 [Thread-3] ERROR ExternalProcessHandler - Aug 20, 2020 10:04:24 AM org.openqa.selenium.remote.ProtocolHandshake createSession

INFO: Detected dialect: OSS
[MASTER] 18:04:24.952 [Thread-3] ERROR ExternalProcessHandler - INFO: Detected dialect: OSS

Aug 20, 2020 10:04:26 AM org.openqa.selenium.remote.ProtocolHandshake createSession
[MASTER] 18:04:26.100 [Thread-3] ERROR ExternalProcessHandler - Aug 20, 2020 10:04:26 AM org.openqa.selenium.remote.ProtocolHandshake createSession

INFO: Detected dialect: OSS
[MASTER] 18:04:26.100 [Thread-3] ERROR ExternalProcessHandler - INFO: Detected dialect: OSS

Aug 20, 2020 10:04:27 AM org.openqa.selenium.remote.ProtocolHandshake createSession
[MASTER] 18:04:27.223 [Thread-3] ERROR ExternalProcessHandler - Aug 20, 2020 10:04:27 AM org.openqa.selenium.remote.ProtocolHandshake createSession

INFO: Detected dialect: OSS
[MASTER] 18:04:27.223 [Thread-3] ERROR ExternalProcessHandler - INFO: Detected dialect: OSS

Aug 20, 2020 10:04:28 AM org.openqa.selenium.remote.ProtocolHandshake createSession
[MASTER] 18:04:28.076 [Thread-3] ERROR ExternalProcessHandler - Aug 20, 2020 10:04:28 AM org.openqa.selenium.remote.ProtocolHandshake createSession

INFO: Detected dialect: OSS
[MASTER] 18:04:28.076 [Thread-3] ERROR ExternalProcessHandler - INFO: Detected dialect: OSS

Aug 20, 2020 10:04:29 AM org.openqa.selenium.remote.ProtocolHandshake createSession
[MASTER] 18:04:29.414 [Thread-3] ERROR ExternalProcessHandler - Aug 20, 2020 10:04:29 AM org.openqa.selenium.remote.ProtocolHandshake createSession

INFO: Detected dialect: OSS
[MASTER] 18:04:29.414 [Thread-3] ERROR ExternalProcessHandler - INFO: Detected dialect: OSS

Aug 20, 2020 10:04:30 AM org.openqa.selenium.remote.ProtocolHandshake createSession
[MASTER] 18:04:30.358 [Thread-3] ERROR ExternalProcessHandler - Aug 20, 2020 10:04:30 AM org.openqa.selenium.remote.ProtocolHandshake createSession

INFO: Detected dialect: OSS
[MASTER] 18:04:30.358 [Thread-3] ERROR ExternalProcessHandler - INFO: Detected dialect: OSS

Aug 20, 2020 10:04:31 AM org.openqa.selenium.remote.ProtocolHandshake createSession
[MASTER] 18:04:31.378 [Thread-3] ERROR ExternalProcessHandler - Aug 20, 2020 10:04:31 AM org.openqa.selenium.remote.ProtocolHandshake createSession

INFO: Detected dialect: OSS
[MASTER] 18:04:31.378 [Thread-3] ERROR ExternalProcessHandler - INFO: Detected dialect: OSS

Aug 20, 2020 10:04:32 AM org.openqa.selenium.remote.ProtocolHandshake createSession
[MASTER] 18:04:32.367 [Thread-3] ERROR ExternalProcessHandler - Aug 20, 2020 10:04:32 AM org.openqa.selenium.remote.ProtocolHandshake createSession

INFO: Detected dialect: OSS
[MASTER] 18:04:32.367 [Thread-3] ERROR ExternalProcessHandler - INFO: Detected dialect: OSS

Aug 20, 2020 10:04:36 AM org.openqa.selenium.remote.ProtocolHandshake createSession
[MASTER] 18:04:36.299 [Thread-3] ERROR ExternalProcessHandler - Aug 20, 2020 10:04:36 AM org.openqa.selenium.remote.ProtocolHandshake createSession

INFO: Detected dialect: OSS
[MASTER] 18:04:36.299 [Thread-3] ERROR ExternalProcessHandler - INFO: Detected dialect: OSS

Aug 20, 2020 10:04:39 AM org.openqa.selenium.remote.ProtocolHandshake createSession
[MASTER] 18:04:39.013 [Thread-3] ERROR ExternalProcessHandler - Aug 20, 2020 10:04:39 AM org.openqa.selenium.remote.ProtocolHandshake createSession

INFO: Detected dialect: OSS
[MASTER] 18:04:39.013 [Thread-3] ERROR ExternalProcessHandler - INFO: Detected dialect: OSS

Aug 20, 2020 10:04:39 AM org.openqa.selenium.remote.ProtocolHandshake createSession
[MASTER] 18:04:39.954 [Thread-3] ERROR ExternalProcessHandler - Aug 20, 2020 10:04:39 AM org.openqa.selenium.remote.ProtocolHandshake createSession

INFO: Detected dialect: OSS
[MASTER] 18:04:39.954 [Thread-3] ERROR ExternalProcessHandler - INFO: Detected dialect: OSS

Aug 20, 2020 10:04:41 AM po_utils.PageObjectLogging logInfo
[MASTER] 18:04:41.222 [Thread-3] ERROR ExternalProcessHandler - Aug 20, 2020 10:04:41 AM po_utils.PageObjectLogging logInfo

INFO: waitForElementBeingPresentOnPage timeout exception: unable to locate the element By.xpath: //button[text()="Create a new session"]
[MASTER] 18:04:41.222 [Thread-3] ERROR ExternalProcessHandler - INFO: waitForElementBeingPresentOnPage timeout exception: unable to locate the element By.xpath: //button[text()="Create a new session"]


[MASTER] 18:04:41.222 [Thread-3] ERROR ExternalProcessHandler - 


[MASTER] 18:04:41.222 [Thread-3] ERROR ExternalProcessHandler - 

Aug 20, 2020 10:04:42 AM org.openqa.selenium.remote.ProtocolHandshake createSession
[MASTER] 18:04:42.484 [Thread-3] ERROR ExternalProcessHandler - Aug 20, 2020 10:04:42 AM org.openqa.selenium.remote.ProtocolHandshake createSession

INFO: Detected dialect: OSS
[MASTER] 18:04:42.484 [Thread-3] ERROR ExternalProcessHandler - INFO: Detected dialect: OSS

Aug 20, 2020 10:04:43 AM org.openqa.selenium.remote.ProtocolHandshake createSession
[MASTER] 18:04:43.405 [Thread-3] ERROR ExternalProcessHandler - Aug 20, 2020 10:04:43 AM org.openqa.selenium.remote.ProtocolHandshake createSession

INFO: Detected dialect: OSS
[MASTER] 18:04:43.405 [Thread-3] ERROR ExternalProcessHandler - INFO: Detected dialect: OSS

Aug 20, 2020 10:04:44 AM org.openqa.selenium.remote.ProtocolHandshake createSession
[MASTER] 18:04:44.606 [Thread-3] ERROR ExternalProcessHandler - Aug 20, 2020 10:04:44 AM org.openqa.selenium.remote.ProtocolHandshake createSession

INFO: Detected dialect: OSS
[MASTER] 18:04:44.606 [Thread-3] ERROR ExternalProcessHandler - INFO: Detected dialect: OSS

Aug 20, 2020 10:04:45 AM org.openqa.selenium.remote.ProtocolHandshake createSession
[MASTER] 18:04:45.561 [Thread-3] ERROR ExternalProcessHandler - Aug 20, 2020 10:04:45 AM org.openqa.selenium.remote.ProtocolHandshake createSession

INFO: Detected dialect: OSS
[MASTER] 18:04:45.561 [Thread-3] ERROR ExternalProcessHandler - INFO: Detected dialect: OSS

Aug 20, 2020 10:04:50 AM org.openqa.selenium.remote.ProtocolHandshake createSession
[MASTER] 18:04:50.559 [Thread-3] ERROR ExternalProcessHandler - Aug 20, 2020 10:04:50 AM org.openqa.selenium.remote.ProtocolHandshake createSession

INFO: Detected dialect: OSS
[MASTER] 18:04:50.560 [Thread-3] ERROR ExternalProcessHandler - INFO: Detected dialect: OSS

Aug 20, 2020 10:05:01 AM org.openqa.selenium.remote.ProtocolHandshake createSession
[MASTER] 18:05:01.777 [Thread-3] ERROR ExternalProcessHandler - Aug 20, 2020 10:05:01 AM org.openqa.selenium.remote.ProtocolHandshake createSession

INFO: Detected dialect: OSS
[MASTER] 18:05:01.778 [Thread-3] ERROR ExternalProcessHandler - INFO: Detected dialect: OSS

Aug 20, 2020 10:05:18 AM org.openqa.selenium.remote.ProtocolHandshake createSession
[MASTER] 18:05:18.911 [Thread-3] ERROR ExternalProcessHandler - Aug 20, 2020 10:05:18 AM org.openqa.selenium.remote.ProtocolHandshake createSession

INFO: Detected dialect: OSS
[MASTER] 18:05:18.911 [Thread-3] ERROR ExternalProcessHandler - INFO: Detected dialect: OSS

[MASTER] 18:05:42.112 [logback-2] ERROR TestCaseExecutor - TG: Exception caught: 
java.lang.IllegalStateException: Test generation failed: page object bug.
	at org.evosuite.testcase.execution.TestCaseExecutor.runTest(TestCaseExecutor.java:322) ~[evosuite-client-1.0.4-SNAPSHOT.jar:na]
	at org.evosuite.testcase.TestFitnessFunction.runTest(TestFitnessFunction.java:91) [evosuite-client-1.0.4-SNAPSHOT.jar:na]
	at org.evosuite.testcase.TestFitnessFunction.getFitness(TestFitnessFunction.java:60) [evosuite-client-1.0.4-SNAPSHOT.jar:na]
	at org.evosuite.testcase.TestFitnessFunction.getFitness(TestFitnessFunction.java:34) [evosuite-client-1.0.4-SNAPSHOT.jar:na]
	at org.evosuite.ga.metaheuristics.mosa.MOSA.calculateFitness(MOSA.java:155) [evosuite-client-1.0.4-SNAPSHOT.jar:na]
	at org.evosuite.ga.metaheuristics.mosa.AbstractMOSA.breedNextGeneration(AbstractMOSA.java:144) [evosuite-client-1.0.4-SNAPSHOT.jar:na]
	at org.evosuite.ga.metaheuristics.mosa.MOSA.evolve(MOSA.java:89) [evosuite-client-1.0.4-SNAPSHOT.jar:na]
	at org.evosuite.ga.metaheuristics.mosa.MOSA.generateSolution(MOSA.java:205) [evosuite-client-1.0.4-SNAPSHOT.jar:na]
	at org.evosuite.strategy.MOSuiteStrategy.generateTests(MOSuiteStrategy.java:127) [evosuite-client-1.0.4-SNAPSHOT.jar:na]
	at org.evosuite.TestSuiteGenerator.generateTests(TestSuiteGenerator.java:654) [evosuite-client-1.0.4-SNAPSHOT.jar:na]
	at org.evosuite.TestSuiteGenerator.generateTestSuite(TestSuiteGenerator.java:213) [evosuite-client-1.0.4-SNAPSHOT.jar:na]
	at org.evosuite.rmi.service.ClientNodeImpl$1.run(ClientNodeImpl.java:145) [evosuite-client-1.0.4-SNAPSHOT.jar:na]
	at java.util.concurrent.Executors$RunnableAdapter.call(Executors.java:511) [na:1.8.0_265]
	at java.util.concurrent.FutureTask.run(FutureTask.java:266) [na:1.8.0_265]
	at java.util.concurrent.ThreadPoolExecutor.runWorker(ThreadPoolExecutor.java:1149) [na:1.8.0_265]
	at java.util.concurrent.ThreadPoolExecutor$Worker.run(ThreadPoolExecutor.java:624) [na:1.8.0_265]
	at java.lang.Thread.run(Thread.java:748) [na:1.8.0_265]
Aug 20, 2020 10:05:42 AM org.openqa.selenium.remote.ProtocolHandshake createSession
[MASTER] 18:05:42.299 [Thread-3] ERROR ExternalProcessHandler - Aug 20, 2020 10:05:42 AM org.openqa.selenium.remote.ProtocolHandshake createSession

INFO: Detected dialect: OSS
[MASTER] 18:05:42.300 [Thread-3] ERROR ExternalProcessHandler - INFO: Detected dialect: OSS

Aug 20, 2020 10:05:43 AM org.openqa.selenium.remote.ProtocolHandshake createSession
[MASTER] 18:05:43.149 [Thread-3] ERROR ExternalProcessHandler - Aug 20, 2020 10:05:43 AM org.openqa.selenium.remote.ProtocolHandshake createSession

INFO: Detected dialect: OSS
[MASTER] 18:05:43.149 [Thread-3] ERROR ExternalProcessHandler - INFO: Detected dialect: OSS

Aug 20, 2020 10:05:44 AM org.openqa.selenium.remote.ProtocolHandshake createSession
[MASTER] 18:05:44.057 [Thread-3] ERROR ExternalProcessHandler - Aug 20, 2020 10:05:44 AM org.openqa.selenium.remote.ProtocolHandshake createSession

INFO: Detected dialect: OSS
[MASTER] 18:05:44.057 [Thread-3] ERROR ExternalProcessHandler - INFO: Detected dialect: OSS

Aug 20, 2020 10:05:45 AM org.openqa.selenium.remote.ProtocolHandshake createSession
[MASTER] 18:05:45.579 [Thread-3] ERROR ExternalProcessHandler - Aug 20, 2020 10:05:45 AM org.openqa.selenium.remote.ProtocolHandshake createSession

INFO: Detected dialect: OSS
[MASTER] 18:05:45.579 [Thread-3] ERROR ExternalProcessHandler - INFO: Detected dialect: OSS

Aug 20, 2020 10:05:49 AM org.openqa.selenium.remote.ProtocolHandshake createSession
[MASTER] 18:05:49.378 [Thread-3] ERROR ExternalProcessHandler - Aug 20, 2020 10:05:49 AM org.openqa.selenium.remote.ProtocolHandshake createSession

INFO: Detected dialect: OSS
[MASTER] 18:05:49.378 [Thread-3] ERROR ExternalProcessHandler - INFO: Detected dialect: OSS

Aug 20, 2020 10:05:59 AM org.openqa.selenium.remote.ProtocolHandshake createSession
[MASTER] 18:05:59.363 [Thread-3] ERROR ExternalProcessHandler - Aug 20, 2020 10:05:59 AM org.openqa.selenium.remote.ProtocolHandshake createSession

INFO: Detected dialect: OSS
[MASTER] 18:05:59.363 [Thread-3] ERROR ExternalProcessHandler - INFO: Detected dialect: OSS

Aug 20, 2020 10:06:15 AM org.openqa.selenium.remote.ProtocolHandshake createSession
[MASTER] 18:06:15.247 [Thread-3] ERROR ExternalProcessHandler - Aug 20, 2020 10:06:15 AM org.openqa.selenium.remote.ProtocolHandshake createSession

INFO: Detected dialect: OSS
[MASTER] 18:06:15.247 [Thread-3] ERROR ExternalProcessHandler - INFO: Detected dialect: OSS

[MASTER] 18:06:37.139 [logback-2] ERROR TestCaseExecutor - TG: Exception caught: 
java.lang.IllegalStateException: Test generation failed: page object bug.
	at org.evosuite.testcase.execution.TestCaseExecutor.runTest(TestCaseExecutor.java:322) ~[evosuite-client-1.0.4-SNAPSHOT.jar:na]
	at org.evosuite.testcase.TestFitnessFunction.runTest(TestFitnessFunction.java:91) [evosuite-client-1.0.4-SNAPSHOT.jar:na]
	at org.evosuite.testcase.TestFitnessFunction.getFitness(TestFitnessFunction.java:60) [evosuite-client-1.0.4-SNAPSHOT.jar:na]
	at org.evosuite.testcase.TestFitnessFunction.getFitness(TestFitnessFunction.java:34) [evosuite-client-1.0.4-SNAPSHOT.jar:na]
	at org.evosuite.ga.metaheuristics.mosa.MOSA.calculateFitness(MOSA.java:155) [evosuite-client-1.0.4-SNAPSHOT.jar:na]
	at org.evosuite.ga.metaheuristics.mosa.AbstractMOSA.breedNextGeneration(AbstractMOSA.java:144) [evosuite-client-1.0.4-SNAPSHOT.jar:na]
	at org.evosuite.ga.metaheuristics.mosa.MOSA.evolve(MOSA.java:89) [evosuite-client-1.0.4-SNAPSHOT.jar:na]
	at org.evosuite.ga.metaheuristics.mosa.MOSA.generateSolution(MOSA.java:205) [evosuite-client-1.0.4-SNAPSHOT.jar:na]
	at org.evosuite.strategy.MOSuiteStrategy.generateTests(MOSuiteStrategy.java:127) [evosuite-client-1.0.4-SNAPSHOT.jar:na]
	at org.evosuite.TestSuiteGenerator.generateTests(TestSuiteGenerator.java:654) [evosuite-client-1.0.4-SNAPSHOT.jar:na]
	at org.evosuite.TestSuiteGenerator.generateTestSuite(TestSuiteGenerator.java:213) [evosuite-client-1.0.4-SNAPSHOT.jar:na]
	at org.evosuite.rmi.service.ClientNodeImpl$1.run(ClientNodeImpl.java:145) [evosuite-client-1.0.4-SNAPSHOT.jar:na]
	at java.util.concurrent.Executors$RunnableAdapter.call(Executors.java:511) [na:1.8.0_265]
	at java.util.concurrent.FutureTask.run(FutureTask.java:266) [na:1.8.0_265]
	at java.util.concurrent.ThreadPoolExecutor.runWorker(ThreadPoolExecutor.java:1149) [na:1.8.0_265]
	at java.util.concurrent.ThreadPoolExecutor$Worker.run(ThreadPoolExecutor.java:624) [na:1.8.0_265]
	at java.lang.Thread.run(Thread.java:748) [na:1.8.0_265]
Aug 20, 2020 10:06:37 AM org.openqa.selenium.remote.ProtocolHandshake createSession
[MASTER] 18:06:37.330 [Thread-3] ERROR ExternalProcessHandler - Aug 20, 2020 10:06:37 AM org.openqa.selenium.remote.ProtocolHandshake createSession

INFO: Detected dialect: OSS
[MASTER] 18:06:37.331 [Thread-3] ERROR ExternalProcessHandler - INFO: Detected dialect: OSS

Aug 20, 2020 10:06:39 AM org.openqa.selenium.remote.ProtocolHandshake createSession
[MASTER] 18:06:39.633 [Thread-3] ERROR ExternalProcessHandler - Aug 20, 2020 10:06:39 AM org.openqa.selenium.remote.ProtocolHandshake createSession

INFO: Detected dialect: OSS
[MASTER] 18:06:39.634 [Thread-3] ERROR ExternalProcessHandler - INFO: Detected dialect: OSS

Aug 20, 2020 10:06:40 AM org.openqa.selenium.remote.ProtocolHandshake createSession
[MASTER] 18:06:40.846 [Thread-3] ERROR ExternalProcessHandler - Aug 20, 2020 10:06:40 AM org.openqa.selenium.remote.ProtocolHandshake createSession

INFO: Detected dialect: OSS
[MASTER] 18:06:40.846 [Thread-3] ERROR ExternalProcessHandler - INFO: Detected dialect: OSS

Aug 20, 2020 10:06:45 AM org.openqa.selenium.remote.ProtocolHandshake createSession
[MASTER] 18:06:45.113 [Thread-3] ERROR ExternalProcessHandler - Aug 20, 2020 10:06:45 AM org.openqa.selenium.remote.ProtocolHandshake createSession

INFO: Detected dialect: OSS
[MASTER] 18:06:45.114 [Thread-3] ERROR ExternalProcessHandler - INFO: Detected dialect: OSS

Aug 20, 2020 10:06:54 AM org.openqa.selenium.remote.ProtocolHandshake createSession
[MASTER] 18:06:54.371 [Thread-3] ERROR ExternalProcessHandler - Aug 20, 2020 10:06:54 AM org.openqa.selenium.remote.ProtocolHandshake createSession

INFO: Detected dialect: OSS
[MASTER] 18:06:54.371 [Thread-3] ERROR ExternalProcessHandler - INFO: Detected dialect: OSS

Aug 20, 2020 10:07:08 AM org.openqa.selenium.remote.ProtocolHandshake createSession
[MASTER] 18:07:08.636 [Thread-3] ERROR ExternalProcessHandler - Aug 20, 2020 10:07:08 AM org.openqa.selenium.remote.ProtocolHandshake createSession

INFO: Detected dialect: OSS
[MASTER] 18:07:08.637 [Thread-3] ERROR ExternalProcessHandler - INFO: Detected dialect: OSS

[MASTER] 18:07:27.823 [logback-2] ERROR TestCaseExecutor - TG: Exception caught: 
java.lang.IllegalStateException: Test generation failed: page object bug.
	at org.evosuite.testcase.execution.TestCaseExecutor.runTest(TestCaseExecutor.java:322) ~[evosuite-client-1.0.4-SNAPSHOT.jar:na]
	at org.evosuite.testcase.TestFitnessFunction.runTest(TestFitnessFunction.java:91) [evosuite-client-1.0.4-SNAPSHOT.jar:na]
	at org.evosuite.testcase.TestFitnessFunction.getFitness(TestFitnessFunction.java:60) [evosuite-client-1.0.4-SNAPSHOT.jar:na]
	at org.evosuite.testcase.TestFitnessFunction.getFitness(TestFitnessFunction.java:34) [evosuite-client-1.0.4-SNAPSHOT.jar:na]
	at org.evosuite.ga.metaheuristics.mosa.MOSA.calculateFitness(MOSA.java:155) [evosuite-client-1.0.4-SNAPSHOT.jar:na]
	at org.evosuite.ga.metaheuristics.mosa.AbstractMOSA.breedNextGeneration(AbstractMOSA.java:153) [evosuite-client-1.0.4-SNAPSHOT.jar:na]
	at org.evosuite.ga.metaheuristics.mosa.MOSA.evolve(MOSA.java:89) [evosuite-client-1.0.4-SNAPSHOT.jar:na]
	at org.evosuite.ga.metaheuristics.mosa.MOSA.generateSolution(MOSA.java:205) [evosuite-client-1.0.4-SNAPSHOT.jar:na]
	at org.evosuite.strategy.MOSuiteStrategy.generateTests(MOSuiteStrategy.java:127) [evosuite-client-1.0.4-SNAPSHOT.jar:na]
	at org.evosuite.TestSuiteGenerator.generateTests(TestSuiteGenerator.java:654) [evosuite-client-1.0.4-SNAPSHOT.jar:na]
	at org.evosuite.TestSuiteGenerator.generateTestSuite(TestSuiteGenerator.java:213) [evosuite-client-1.0.4-SNAPSHOT.jar:na]
	at org.evosuite.rmi.service.ClientNodeImpl$1.run(ClientNodeImpl.java:145) [evosuite-client-1.0.4-SNAPSHOT.jar:na]
	at java.util.concurrent.Executors$RunnableAdapter.call(Executors.java:511) [na:1.8.0_265]
	at java.util.concurrent.FutureTask.run(FutureTask.java:266) [na:1.8.0_265]
	at java.util.concurrent.ThreadPoolExecutor.runWorker(ThreadPoolExecutor.java:1149) [na:1.8.0_265]
	at java.util.concurrent.ThreadPoolExecutor$Worker.run(ThreadPoolExecutor.java:624) [na:1.8.0_265]
	at java.lang.Thread.run(Thread.java:748) [na:1.8.0_265]
Aug 20, 2020 10:07:27 AM org.openqa.selenium.remote.ProtocolHandshake createSession
[MASTER] 18:07:27.981 [Thread-3] ERROR ExternalProcessHandler - Aug 20, 2020 10:07:27 AM org.openqa.selenium.remote.ProtocolHandshake createSession

INFO: Detected dialect: OSS
[MASTER] 18:07:27.982 [Thread-3] ERROR ExternalProcessHandler - INFO: Detected dialect: OSS

Aug 20, 2020 10:07:31 AM org.openqa.selenium.remote.ProtocolHandshake createSession
[MASTER] 18:07:31.046 [Thread-3] ERROR ExternalProcessHandler - Aug 20, 2020 10:07:31 AM org.openqa.selenium.remote.ProtocolHandshake createSession

INFO: Detected dialect: OSS
[MASTER] 18:07:31.046 [Thread-3] ERROR ExternalProcessHandler - INFO: Detected dialect: OSS

Aug 20, 2020 10:07:37 AM org.openqa.selenium.remote.ProtocolHandshake createSession
[MASTER] 18:07:37.710 [Thread-3] ERROR ExternalProcessHandler - Aug 20, 2020 10:07:37 AM org.openqa.selenium.remote.ProtocolHandshake createSession

INFO: Detected dialect: OSS
[MASTER] 18:07:37.710 [Thread-3] ERROR ExternalProcessHandler - INFO: Detected dialect: OSS

Aug 20, 2020 10:07:47 AM org.openqa.selenium.remote.ProtocolHandshake createSession
[MASTER] 18:07:47.897 [Thread-3] ERROR ExternalProcessHandler - Aug 20, 2020 10:07:47 AM org.openqa.selenium.remote.ProtocolHandshake createSession

INFO: Detected dialect: OSS
[MASTER] 18:07:47.897 [Thread-3] ERROR ExternalProcessHandler - INFO: Detected dialect: OSS

[MASTER] 18:08:01.325 [logback-2] ERROR TestCaseExecutor - TG: Exception caught: 
java.lang.IllegalStateException: Test generation failed: page object bug.
	at org.evosuite.testcase.execution.TestCaseExecutor.runTest(TestCaseExecutor.java:322) ~[evosuite-client-1.0.4-SNAPSHOT.jar:na]
	at org.evosuite.testcase.TestFitnessFunction.runTest(TestFitnessFunction.java:91) [evosuite-client-1.0.4-SNAPSHOT.jar:na]
	at org.evosuite.testcase.TestFitnessFunction.getFitness(TestFitnessFunction.java:60) [evosuite-client-1.0.4-SNAPSHOT.jar:na]
	at org.evosuite.testcase.TestFitnessFunction.getFitness(TestFitnessFunction.java:34) [evosuite-client-1.0.4-SNAPSHOT.jar:na]
	at org.evosuite.ga.metaheuristics.mosa.MOSA.calculateFitness(MOSA.java:155) [evosuite-client-1.0.4-SNAPSHOT.jar:na]
	at org.evosuite.ga.metaheuristics.mosa.AbstractMOSA.breedNextGeneration(AbstractMOSA.java:144) [evosuite-client-1.0.4-SNAPSHOT.jar:na]
	at org.evosuite.ga.metaheuristics.mosa.MOSA.evolve(MOSA.java:89) [evosuite-client-1.0.4-SNAPSHOT.jar:na]
	at org.evosuite.ga.metaheuristics.mosa.MOSA.generateSolution(MOSA.java:205) [evosuite-client-1.0.4-SNAPSHOT.jar:na]
	at org.evosuite.strategy.MOSuiteStrategy.generateTests(MOSuiteStrategy.java:127) [evosuite-client-1.0.4-SNAPSHOT.jar:na]
	at org.evosuite.TestSuiteGenerator.generateTests(TestSuiteGenerator.java:654) [evosuite-client-1.0.4-SNAPSHOT.jar:na]
	at org.evosuite.TestSuiteGenerator.generateTestSuite(TestSuiteGenerator.java:213) [evosuite-client-1.0.4-SNAPSHOT.jar:na]
	at org.evosuite.rmi.service.ClientNodeImpl$1.run(ClientNodeImpl.java:145) [evosuite-client-1.0.4-SNAPSHOT.jar:na]
	at java.util.concurrent.Executors$RunnableAdapter.call(Executors.java:511) [na:1.8.0_265]
	at java.util.concurrent.FutureTask.run(FutureTask.java:266) [na:1.8.0_265]
	at java.util.concurrent.ThreadPoolExecutor.runWorker(ThreadPoolExecutor.java:1149) [na:1.8.0_265]
	at java.util.concurrent.ThreadPoolExecutor$Worker.run(ThreadPoolExecutor.java:624) [na:1.8.0_265]
	at java.lang.Thread.run(Thread.java:748) [na:1.8.0_265]
Aug 20, 2020 10:08:01 AM org.openqa.selenium.remote.ProtocolHandshake createSession
[MASTER] 18:08:01.516 [Thread-3] ERROR ExternalProcessHandler - Aug 20, 2020 10:08:01 AM org.openqa.selenium.remote.ProtocolHandshake createSession

INFO: Detected dialect: OSS
[MASTER] 18:08:01.516 [Thread-3] ERROR ExternalProcessHandler - INFO: Detected dialect: OSS

Aug 20, 2020 10:08:04 AM org.openqa.selenium.remote.ProtocolHandshake createSession
[MASTER] 18:08:04.667 [Thread-3] ERROR ExternalProcessHandler - Aug 20, 2020 10:08:04 AM org.openqa.selenium.remote.ProtocolHandshake createSession

INFO: Detected dialect: OSS
[MASTER] 18:08:04.667 [Thread-3] ERROR ExternalProcessHandler - INFO: Detected dialect: OSS

Aug 20, 2020 10:08:11 AM org.openqa.selenium.remote.ProtocolHandshake createSession
[MASTER] 18:08:11.795 [Thread-3] ERROR ExternalProcessHandler - Aug 20, 2020 10:08:11 AM org.openqa.selenium.remote.ProtocolHandshake createSession

INFO: Detected dialect: OSS
[MASTER] 18:08:11.795 [Thread-3] ERROR ExternalProcessHandler - INFO: Detected dialect: OSS

Aug 20, 2020 10:08:22 AM org.openqa.selenium.remote.ProtocolHandshake createSession
[MASTER] 18:08:22.814 [Thread-3] ERROR ExternalProcessHandler - Aug 20, 2020 10:08:22 AM org.openqa.selenium.remote.ProtocolHandshake createSession

INFO: Detected dialect: OSS
[MASTER] 18:08:22.814 [Thread-3] ERROR ExternalProcessHandler - INFO: Detected dialect: OSS

[MASTER] 18:08:37.597 [logback-2] ERROR TestCaseExecutor - TG: Exception caught: 
java.lang.IllegalStateException: Test generation failed: page object bug.
	at org.evosuite.testcase.execution.TestCaseExecutor.runTest(TestCaseExecutor.java:322) ~[evosuite-client-1.0.4-SNAPSHOT.jar:na]
	at org.evosuite.testcase.TestFitnessFunction.runTest(TestFitnessFunction.java:91) [evosuite-client-1.0.4-SNAPSHOT.jar:na]
	at org.evosuite.testcase.TestFitnessFunction.getFitness(TestFitnessFunction.java:60) [evosuite-client-1.0.4-SNAPSHOT.jar:na]
	at org.evosuite.testcase.TestFitnessFunction.getFitness(TestFitnessFunction.java:34) [evosuite-client-1.0.4-SNAPSHOT.jar:na]
	at org.evosuite.ga.metaheuristics.mosa.MOSA.calculateFitness(MOSA.java:155) [evosuite-client-1.0.4-SNAPSHOT.jar:na]
	at org.evosuite.ga.metaheuristics.mosa.AbstractMOSA.breedNextGeneration(AbstractMOSA.java:153) [evosuite-client-1.0.4-SNAPSHOT.jar:na]
	at org.evosuite.ga.metaheuristics.mosa.MOSA.evolve(MOSA.java:89) [evosuite-client-1.0.4-SNAPSHOT.jar:na]
	at org.evosuite.ga.metaheuristics.mosa.MOSA.generateSolution(MOSA.java:205) [evosuite-client-1.0.4-SNAPSHOT.jar:na]
	at org.evosuite.strategy.MOSuiteStrategy.generateTests(MOSuiteStrategy.java:127) [evosuite-client-1.0.4-SNAPSHOT.jar:na]
	at org.evosuite.TestSuiteGenerator.generateTests(TestSuiteGenerator.java:654) [evosuite-client-1.0.4-SNAPSHOT.jar:na]
	at org.evosuite.TestSuiteGenerator.generateTestSuite(TestSuiteGenerator.java:213) [evosuite-client-1.0.4-SNAPSHOT.jar:na]
	at org.evosuite.rmi.service.ClientNodeImpl$1.run(ClientNodeImpl.java:145) [evosuite-client-1.0.4-SNAPSHOT.jar:na]
	at java.util.concurrent.Executors$RunnableAdapter.call(Executors.java:511) [na:1.8.0_265]
	at java.util.concurrent.FutureTask.run(FutureTask.java:266) [na:1.8.0_265]
	at java.util.concurrent.ThreadPoolExecutor.runWorker(ThreadPoolExecutor.java:1149) [na:1.8.0_265]
	at java.util.concurrent.ThreadPoolExecutor$Worker.run(ThreadPoolExecutor.java:624) [na:1.8.0_265]
	at java.lang.Thread.run(Thread.java:748) [na:1.8.0_265]
Aug 20, 2020 10:08:37 AM org.openqa.selenium.remote.ProtocolHandshake createSession
[MASTER] 18:08:37.789 [Thread-3] ERROR ExternalProcessHandler - Aug 20, 2020 10:08:37 AM org.openqa.selenium.remote.ProtocolHandshake createSession

INFO: Detected dialect: OSS
[MASTER] 18:08:37.789 [Thread-3] ERROR ExternalProcessHandler - INFO: Detected dialect: OSS

Aug 20, 2020 10:08:41 AM org.openqa.selenium.remote.ProtocolHandshake createSession
[MASTER] 18:08:41.589 [Thread-3] ERROR ExternalProcessHandler - Aug 20, 2020 10:08:41 AM org.openqa.selenium.remote.ProtocolHandshake createSession

INFO: Detected dialect: OSS
[MASTER] 18:08:41.589 [Thread-3] ERROR ExternalProcessHandler - INFO: Detected dialect: OSS

Aug 20, 2020 10:08:53 AM org.openqa.selenium.remote.ProtocolHandshake createSession
[MASTER] 18:08:53.656 [Thread-3] ERROR ExternalProcessHandler - Aug 20, 2020 10:08:53 AM org.openqa.selenium.remote.ProtocolHandshake createSession

INFO: Detected dialect: OSS
[MASTER] 18:08:53.656 [Thread-3] ERROR ExternalProcessHandler - INFO: Detected dialect: OSS

Aug 20, 2020 10:09:13 AM org.openqa.selenium.remote.ProtocolHandshake createSession
[MASTER] 18:09:13.637 [Thread-3] ERROR ExternalProcessHandler - Aug 20, 2020 10:09:13 AM org.openqa.selenium.remote.ProtocolHandshake createSession

INFO: Detected dialect: OSS
[MASTER] 18:09:13.638 [Thread-3] ERROR ExternalProcessHandler - INFO: Detected dialect: OSS

[MASTER] 18:09:41.571 [logback-2] ERROR TestCaseExecutor - TG: Exception caught: 
java.lang.IllegalStateException: Test generation failed: page object bug.
	at org.evosuite.testcase.execution.TestCaseExecutor.runTest(TestCaseExecutor.java:322) ~[evosuite-client-1.0.4-SNAPSHOT.jar:na]
	at org.evosuite.testcase.TestFitnessFunction.runTest(TestFitnessFunction.java:91) [evosuite-client-1.0.4-SNAPSHOT.jar:na]
	at org.evosuite.testcase.TestFitnessFunction.getFitness(TestFitnessFunction.java:60) [evosuite-client-1.0.4-SNAPSHOT.jar:na]
	at org.evosuite.testcase.TestFitnessFunction.getFitness(TestFitnessFunction.java:34) [evosuite-client-1.0.4-SNAPSHOT.jar:na]
	at org.evosuite.ga.metaheuristics.mosa.MOSA.calculateFitness(MOSA.java:155) [evosuite-client-1.0.4-SNAPSHOT.jar:na]
	at org.evosuite.ga.metaheuristics.mosa.AbstractMOSA.breedNextGeneration(AbstractMOSA.java:144) [evosuite-client-1.0.4-SNAPSHOT.jar:na]
	at org.evosuite.ga.metaheuristics.mosa.MOSA.evolve(MOSA.java:89) [evosuite-client-1.0.4-SNAPSHOT.jar:na]
	at org.evosuite.ga.metaheuristics.mosa.MOSA.generateSolution(MOSA.java:205) [evosuite-client-1.0.4-SNAPSHOT.jar:na]
	at org.evosuite.strategy.MOSuiteStrategy.generateTests(MOSuiteStrategy.java:127) [evosuite-client-1.0.4-SNAPSHOT.jar:na]
	at org.evosuite.TestSuiteGenerator.generateTests(TestSuiteGenerator.java:654) [evosuite-client-1.0.4-SNAPSHOT.jar:na]
	at org.evosuite.TestSuiteGenerator.generateTestSuite(TestSuiteGenerator.java:213) [evosuite-client-1.0.4-SNAPSHOT.jar:na]
	at org.evosuite.rmi.service.ClientNodeImpl$1.run(ClientNodeImpl.java:145) [evosuite-client-1.0.4-SNAPSHOT.jar:na]
	at java.util.concurrent.Executors$RunnableAdapter.call(Executors.java:511) [na:1.8.0_265]
	at java.util.concurrent.FutureTask.run(FutureTask.java:266) [na:1.8.0_265]
	at java.util.concurrent.ThreadPoolExecutor.runWorker(ThreadPoolExecutor.java:1149) [na:1.8.0_265]
	at java.util.concurrent.ThreadPoolExecutor$Worker.run(ThreadPoolExecutor.java:624) [na:1.8.0_265]
	at java.lang.Thread.run(Thread.java:748) [na:1.8.0_265]
Aug 20, 2020 10:09:41 AM org.openqa.selenium.remote.ProtocolHandshake createSession
[MASTER] 18:09:41.757 [Thread-3] ERROR ExternalProcessHandler - Aug 20, 2020 10:09:41 AM org.openqa.selenium.remote.ProtocolHandshake createSession

INFO: Detected dialect: OSS
[MASTER] 18:09:41.758 [Thread-3] ERROR ExternalProcessHandler - INFO: Detected dialect: OSS

Aug 20, 2020 10:09:44 AM org.openqa.selenium.remote.ProtocolHandshake createSession
[MASTER] 18:09:44.801 [Thread-3] ERROR ExternalProcessHandler - Aug 20, 2020 10:09:44 AM org.openqa.selenium.remote.ProtocolHandshake createSession

INFO: Detected dialect: OSS
[MASTER] 18:09:44.801 [Thread-3] ERROR ExternalProcessHandler - INFO: Detected dialect: OSS

Aug 20, 2020 10:09:53 AM org.openqa.selenium.remote.ProtocolHandshake createSession
[MASTER] 18:09:53.235 [Thread-3] ERROR ExternalProcessHandler - Aug 20, 2020 10:09:53 AM org.openqa.selenium.remote.ProtocolHandshake createSession

INFO: Detected dialect: OSS
[MASTER] 18:09:53.235 [Thread-3] ERROR ExternalProcessHandler - INFO: Detected dialect: OSS

Aug 20, 2020 10:10:06 AM org.openqa.selenium.remote.ProtocolHandshake createSession
[MASTER] 18:10:06.848 [Thread-3] ERROR ExternalProcessHandler - Aug 20, 2020 10:10:06 AM org.openqa.selenium.remote.ProtocolHandshake createSession

INFO: Detected dialect: OSS
[MASTER] 18:10:06.848 [Thread-3] ERROR ExternalProcessHandler - INFO: Detected dialect: OSS

[MASTER] 18:10:25.679 [logback-2] ERROR TestCaseExecutor - TG: Exception caught: 
java.lang.IllegalStateException: Test generation failed: page object bug.
	at org.evosuite.testcase.execution.TestCaseExecutor.runTest(TestCaseExecutor.java:322) ~[evosuite-client-1.0.4-SNAPSHOT.jar:na]
	at org.evosuite.testcase.TestFitnessFunction.runTest(TestFitnessFunction.java:91) [evosuite-client-1.0.4-SNAPSHOT.jar:na]
	at org.evosuite.testcase.TestFitnessFunction.getFitness(TestFitnessFunction.java:60) [evosuite-client-1.0.4-SNAPSHOT.jar:na]
	at org.evosuite.testcase.TestFitnessFunction.getFitness(TestFitnessFunction.java:34) [evosuite-client-1.0.4-SNAPSHOT.jar:na]
	at org.evosuite.ga.metaheuristics.mosa.MOSA.calculateFitness(MOSA.java:155) [evosuite-client-1.0.4-SNAPSHOT.jar:na]
	at org.evosuite.ga.metaheuristics.mosa.AbstractMOSA.breedNextGeneration(AbstractMOSA.java:144) [evosuite-client-1.0.4-SNAPSHOT.jar:na]
	at org.evosuite.ga.metaheuristics.mosa.MOSA.evolve(MOSA.java:89) [evosuite-client-1.0.4-SNAPSHOT.jar:na]
	at org.evosuite.ga.metaheuristics.mosa.MOSA.generateSolution(MOSA.java:205) [evosuite-client-1.0.4-SNAPSHOT.jar:na]
	at org.evosuite.strategy.MOSuiteStrategy.generateTests(MOSuiteStrategy.java:127) [evosuite-client-1.0.4-SNAPSHOT.jar:na]
	at org.evosuite.TestSuiteGenerator.generateTests(TestSuiteGenerator.java:654) [evosuite-client-1.0.4-SNAPSHOT.jar:na]
	at org.evosuite.TestSuiteGenerator.generateTestSuite(TestSuiteGenerator.java:213) [evosuite-client-1.0.4-SNAPSHOT.jar:na]
	at org.evosuite.rmi.service.ClientNodeImpl$1.run(ClientNodeImpl.java:145) [evosuite-client-1.0.4-SNAPSHOT.jar:na]
	at java.util.concurrent.Executors$RunnableAdapter.call(Executors.java:511) [na:1.8.0_265]
	at java.util.concurrent.FutureTask.run(FutureTask.java:266) [na:1.8.0_265]
	at java.util.concurrent.ThreadPoolExecutor.runWorker(ThreadPoolExecutor.java:1149) [na:1.8.0_265]
	at java.util.concurrent.ThreadPoolExecutor$Worker.run(ThreadPoolExecutor.java:624) [na:1.8.0_265]
	at java.lang.Thread.run(Thread.java:748) [na:1.8.0_265]
Aug 20, 2020 10:10:25 AM org.openqa.selenium.remote.ProtocolHandshake createSession
[MASTER] 18:10:25.837 [Thread-3] ERROR ExternalProcessHandler - Aug 20, 2020 10:10:25 AM org.openqa.selenium.remote.ProtocolHandshake createSession

INFO: Detected dialect: OSS
[MASTER] 18:10:25.837 [Thread-3] ERROR ExternalProcessHandler - INFO: Detected dialect: OSS

Aug 20, 2020 10:10:26 AM org.openqa.selenium.remote.ProtocolHandshake createSession
[MASTER] 18:10:26.917 [Thread-3] ERROR ExternalProcessHandler - Aug 20, 2020 10:10:26 AM org.openqa.selenium.remote.ProtocolHandshake createSession

INFO: Detected dialect: OSS
[MASTER] 18:10:26.918 [Thread-3] ERROR ExternalProcessHandler - INFO: Detected dialect: OSS

Aug 20, 2020 10:10:27 AM org.openqa.selenium.remote.ProtocolHandshake createSession
[MASTER] 18:10:27.825 [Thread-3] ERROR ExternalProcessHandler - Aug 20, 2020 10:10:27 AM org.openqa.selenium.remote.ProtocolHandshake createSession

INFO: Detected dialect: OSS
[MASTER] 18:10:27.825 [Thread-3] ERROR ExternalProcessHandler - INFO: Detected dialect: OSS

Aug 20, 2020 10:10:30 AM org.openqa.selenium.remote.ProtocolHandshake createSession
[MASTER] 18:10:30.727 [Thread-3] ERROR ExternalProcessHandler - Aug 20, 2020 10:10:30 AM org.openqa.selenium.remote.ProtocolHandshake createSession

INFO: Detected dialect: OSS
[MASTER] 18:10:30.727 [Thread-3] ERROR ExternalProcessHandler - INFO: Detected dialect: OSS

Aug 20, 2020 10:10:36 AM org.openqa.selenium.remote.ProtocolHandshake createSession
[MASTER] 18:10:36.730 [Thread-3] ERROR ExternalProcessHandler - Aug 20, 2020 10:10:36 AM org.openqa.selenium.remote.ProtocolHandshake createSession

INFO: Detected dialect: OSS
[MASTER] 18:10:36.730 [Thread-3] ERROR ExternalProcessHandler - INFO: Detected dialect: OSS

Aug 20, 2020 10:10:45 AM org.openqa.selenium.remote.ProtocolHandshake createSession
[MASTER] 18:10:45.835 [Thread-3] ERROR ExternalProcessHandler - Aug 20, 2020 10:10:45 AM org.openqa.selenium.remote.ProtocolHandshake createSession

INFO: Detected dialect: OSS
[MASTER] 18:10:45.835 [Thread-3] ERROR ExternalProcessHandler - INFO: Detected dialect: OSS

[MASTER] 18:10:57.691 [logback-2] ERROR TestCaseExecutor - TG: Exception caught: 
java.lang.IllegalStateException: Test generation failed: page object bug.
	at org.evosuite.testcase.execution.TestCaseExecutor.runTest(TestCaseExecutor.java:322) ~[evosuite-client-1.0.4-SNAPSHOT.jar:na]
	at org.evosuite.testcase.TestFitnessFunction.runTest(TestFitnessFunction.java:91) [evosuite-client-1.0.4-SNAPSHOT.jar:na]
	at org.evosuite.testcase.TestFitnessFunction.getFitness(TestFitnessFunction.java:60) [evosuite-client-1.0.4-SNAPSHOT.jar:na]
	at org.evosuite.testcase.TestFitnessFunction.getFitness(TestFitnessFunction.java:34) [evosuite-client-1.0.4-SNAPSHOT.jar:na]
	at org.evosuite.ga.metaheuristics.mosa.MOSA.calculateFitness(MOSA.java:155) [evosuite-client-1.0.4-SNAPSHOT.jar:na]
	at org.evosuite.ga.metaheuristics.mosa.AbstractMOSA.breedNextGeneration(AbstractMOSA.java:153) [evosuite-client-1.0.4-SNAPSHOT.jar:na]
	at org.evosuite.ga.metaheuristics.mosa.MOSA.evolve(MOSA.java:89) [evosuite-client-1.0.4-SNAPSHOT.jar:na]
	at org.evosuite.ga.metaheuristics.mosa.MOSA.generateSolution(MOSA.java:205) [evosuite-client-1.0.4-SNAPSHOT.jar:na]
	at org.evosuite.strategy.MOSuiteStrategy.generateTests(MOSuiteStrategy.java:127) [evosuite-client-1.0.4-SNAPSHOT.jar:na]
	at org.evosuite.TestSuiteGenerator.generateTests(TestSuiteGenerator.java:654) [evosuite-client-1.0.4-SNAPSHOT.jar:na]
	at org.evosuite.TestSuiteGenerator.generateTestSuite(TestSuiteGenerator.java:213) [evosuite-client-1.0.4-SNAPSHOT.jar:na]
	at org.evosuite.rmi.service.ClientNodeImpl$1.run(ClientNodeImpl.java:145) [evosuite-client-1.0.4-SNAPSHOT.jar:na]
	at java.util.concurrent.Executors$RunnableAdapter.call(Executors.java:511) [na:1.8.0_265]
	at java.util.concurrent.FutureTask.run(FutureTask.java:266) [na:1.8.0_265]
	at java.util.concurrent.ThreadPoolExecutor.runWorker(ThreadPoolExecutor.java:1149) [na:1.8.0_265]
	at java.util.concurrent.ThreadPoolExecutor$Worker.run(ThreadPoolExecutor.java:624) [na:1.8.0_265]
	at java.lang.Thread.run(Thread.java:748) [na:1.8.0_265]
Aug 20, 2020 10:10:57 AM org.openqa.selenium.remote.ProtocolHandshake createSession
[MASTER] 18:10:57.884 [Thread-3] ERROR ExternalProcessHandler - Aug 20, 2020 10:10:57 AM org.openqa.selenium.remote.ProtocolHandshake createSession

INFO: Detected dialect: OSS
[MASTER] 18:10:57.884 [Thread-3] ERROR ExternalProcessHandler - INFO: Detected dialect: OSS

Aug 20, 2020 10:10:58 AM org.openqa.selenium.remote.ProtocolHandshake createSession
[MASTER] 18:10:58.766 [Thread-3] ERROR ExternalProcessHandler - Aug 20, 2020 10:10:58 AM org.openqa.selenium.remote.ProtocolHandshake createSession

INFO: Detected dialect: OSS
[MASTER] 18:10:58.766 [Thread-3] ERROR ExternalProcessHandler - INFO: Detected dialect: OSS

Aug 20, 2020 10:11:01 AM org.openqa.selenium.remote.ProtocolHandshake createSession
[MASTER] 18:11:01.026 [Thread-3] ERROR ExternalProcessHandler - Aug 20, 2020 10:11:01 AM org.openqa.selenium.remote.ProtocolHandshake createSession

INFO: Detected dialect: OSS
[MASTER] 18:11:01.026 [Thread-3] ERROR ExternalProcessHandler - INFO: Detected dialect: OSS

Aug 20, 2020 10:11:02 AM org.openqa.selenium.remote.ProtocolHandshake createSession
[MASTER] 18:11:02.252 [Thread-3] ERROR ExternalProcessHandler - Aug 20, 2020 10:11:02 AM org.openqa.selenium.remote.ProtocolHandshake createSession

INFO: Detected dialect: OSS
[MASTER] 18:11:02.252 [Thread-3] ERROR ExternalProcessHandler - INFO: Detected dialect: OSS

Aug 20, 2020 10:11:03 AM org.openqa.selenium.remote.ProtocolHandshake createSession
[MASTER] 18:11:03.057 [Thread-3] ERROR ExternalProcessHandler - Aug 20, 2020 10:11:03 AM org.openqa.selenium.remote.ProtocolHandshake createSession

INFO: Detected dialect: OSS
[MASTER] 18:11:03.057 [Thread-3] ERROR ExternalProcessHandler - INFO: Detected dialect: OSS

Aug 20, 2020 10:11:06 AM org.openqa.selenium.remote.ProtocolHandshake createSession
[MASTER] 18:11:06.673 [Thread-3] ERROR ExternalProcessHandler - Aug 20, 2020 10:11:06 AM org.openqa.selenium.remote.ProtocolHandshake createSession

INFO: Detected dialect: OSS
[MASTER] 18:11:06.673 [Thread-3] ERROR ExternalProcessHandler - INFO: Detected dialect: OSS

Aug 20, 2020 10:11:13 AM org.openqa.selenium.remote.ProtocolHandshake createSession
[MASTER] 18:11:13.982 [Thread-3] ERROR ExternalProcessHandler - Aug 20, 2020 10:11:13 AM org.openqa.selenium.remote.ProtocolHandshake createSession

INFO: Detected dialect: OSS
[MASTER] 18:11:13.982 [Thread-3] ERROR ExternalProcessHandler - INFO: Detected dialect: OSS

Aug 20, 2020 10:11:25 AM org.openqa.selenium.remote.ProtocolHandshake createSession
[MASTER] 18:11:25.008 [Thread-3] ERROR ExternalProcessHandler - Aug 20, 2020 10:11:25 AM org.openqa.selenium.remote.ProtocolHandshake createSession

INFO: Detected dialect: OSS
[MASTER] 18:11:25.008 [Thread-3] ERROR ExternalProcessHandler - INFO: Detected dialect: OSS

[MASTER] 18:11:39.295 [logback-2] ERROR TestCaseExecutor - TG: Exception caught: 
java.lang.IllegalStateException: Test generation failed: page object bug.
	at org.evosuite.testcase.execution.TestCaseExecutor.runTest(TestCaseExecutor.java:322) ~[evosuite-client-1.0.4-SNAPSHOT.jar:na]
	at org.evosuite.testcase.TestFitnessFunction.runTest(TestFitnessFunction.java:91) [evosuite-client-1.0.4-SNAPSHOT.jar:na]
	at org.evosuite.testcase.TestFitnessFunction.getFitness(TestFitnessFunction.java:60) [evosuite-client-1.0.4-SNAPSHOT.jar:na]
	at org.evosuite.testcase.TestFitnessFunction.getFitness(TestFitnessFunction.java:34) [evosuite-client-1.0.4-SNAPSHOT.jar:na]
	at org.evosuite.ga.metaheuristics.mosa.MOSA.calculateFitness(MOSA.java:155) [evosuite-client-1.0.4-SNAPSHOT.jar:na]
	at org.evosuite.ga.metaheuristics.mosa.AbstractMOSA.breedNextGeneration(AbstractMOSA.java:153) [evosuite-client-1.0.4-SNAPSHOT.jar:na]
	at org.evosuite.ga.metaheuristics.mosa.MOSA.evolve(MOSA.java:89) [evosuite-client-1.0.4-SNAPSHOT.jar:na]
	at org.evosuite.ga.metaheuristics.mosa.MOSA.generateSolution(MOSA.java:205) [evosuite-client-1.0.4-SNAPSHOT.jar:na]
	at org.evosuite.strategy.MOSuiteStrategy.generateTests(MOSuiteStrategy.java:127) [evosuite-client-1.0.4-SNAPSHOT.jar:na]
	at org.evosuite.TestSuiteGenerator.generateTests(TestSuiteGenerator.java:654) [evosuite-client-1.0.4-SNAPSHOT.jar:na]
	at org.evosuite.TestSuiteGenerator.generateTestSuite(TestSuiteGenerator.java:213) [evosuite-client-1.0.4-SNAPSHOT.jar:na]
	at org.evosuite.rmi.service.ClientNodeImpl$1.run(ClientNodeImpl.java:145) [evosuite-client-1.0.4-SNAPSHOT.jar:na]
	at java.util.concurrent.Executors$RunnableAdapter.call(Executors.java:511) [na:1.8.0_265]
	at java.util.concurrent.FutureTask.run(FutureTask.java:266) [na:1.8.0_265]
	at java.util.concurrent.ThreadPoolExecutor.runWorker(ThreadPoolExecutor.java:1149) [na:1.8.0_265]
	at java.util.concurrent.ThreadPoolExecutor$Worker.run(ThreadPoolExecutor.java:624) [na:1.8.0_265]
	at java.lang.Thread.run(Thread.java:748) [na:1.8.0_265]
Aug 20, 2020 10:11:39 AM org.openqa.selenium.remote.ProtocolHandshake createSession
[MASTER] 18:11:39.482 [Thread-3] ERROR ExternalProcessHandler - Aug 20, 2020 10:11:39 AM org.openqa.selenium.remote.ProtocolHandshake createSession

INFO: Detected dialect: OSS
[MASTER] 18:11:39.482 [Thread-3] ERROR ExternalProcessHandler - INFO: Detected dialect: OSS

Aug 20, 2020 10:11:44 AM org.openqa.selenium.remote.ProtocolHandshake createSession
[MASTER] 18:11:44.604 [Thread-3] ERROR ExternalProcessHandler - Aug 20, 2020 10:11:44 AM org.openqa.selenium.remote.ProtocolHandshake createSession

INFO: Detected dialect: OSS
[MASTER] 18:11:44.604 [Thread-3] ERROR ExternalProcessHandler - INFO: Detected dialect: OSS

Aug 20, 2020 10:11:53 AM org.openqa.selenium.remote.ProtocolHandshake createSession
[MASTER] 18:11:53.239 [Thread-3] ERROR ExternalProcessHandler - Aug 20, 2020 10:11:53 AM org.openqa.selenium.remote.ProtocolHandshake createSession

INFO: Detected dialect: OSS
[MASTER] 18:11:53.240 [Thread-3] ERROR ExternalProcessHandler - INFO: Detected dialect: OSS

Aug 20, 2020 10:12:05 AM org.openqa.selenium.remote.ProtocolHandshake createSession
[MASTER] 18:12:05.175 [Thread-3] ERROR ExternalProcessHandler - Aug 20, 2020 10:12:05 AM org.openqa.selenium.remote.ProtocolHandshake createSession

INFO: Detected dialect: OSS
[MASTER] 18:12:05.176 [Thread-3] ERROR ExternalProcessHandler - INFO: Detected dialect: OSS

[MASTER] 18:12:20.523 [logback-2] ERROR TestCaseExecutor - TG: Exception caught: 
java.lang.IllegalStateException: Test generation failed: page object bug.
	at org.evosuite.testcase.execution.TestCaseExecutor.runTest(TestCaseExecutor.java:322) ~[evosuite-client-1.0.4-SNAPSHOT.jar:na]
	at org.evosuite.testcase.TestFitnessFunction.runTest(TestFitnessFunction.java:91) [evosuite-client-1.0.4-SNAPSHOT.jar:na]
	at org.evosuite.testcase.TestFitnessFunction.getFitness(TestFitnessFunction.java:60) [evosuite-client-1.0.4-SNAPSHOT.jar:na]
	at org.evosuite.testcase.TestFitnessFunction.getFitness(TestFitnessFunction.java:34) [evosuite-client-1.0.4-SNAPSHOT.jar:na]
	at org.evosuite.ga.metaheuristics.mosa.MOSA.calculateFitness(MOSA.java:155) [evosuite-client-1.0.4-SNAPSHOT.jar:na]
	at org.evosuite.ga.metaheuristics.mosa.AbstractMOSA.breedNextGeneration(AbstractMOSA.java:144) [evosuite-client-1.0.4-SNAPSHOT.jar:na]
	at org.evosuite.ga.metaheuristics.mosa.MOSA.evolve(MOSA.java:89) [evosuite-client-1.0.4-SNAPSHOT.jar:na]
	at org.evosuite.ga.metaheuristics.mosa.MOSA.generateSolution(MOSA.java:205) [evosuite-client-1.0.4-SNAPSHOT.jar:na]
	at org.evosuite.strategy.MOSuiteStrategy.generateTests(MOSuiteStrategy.java:127) [evosuite-client-1.0.4-SNAPSHOT.jar:na]
	at org.evosuite.TestSuiteGenerator.generateTests(TestSuiteGenerator.java:654) [evosuite-client-1.0.4-SNAPSHOT.jar:na]
	at org.evosuite.TestSuiteGenerator.generateTestSuite(TestSuiteGenerator.java:213) [evosuite-client-1.0.4-SNAPSHOT.jar:na]
	at org.evosuite.rmi.service.ClientNodeImpl$1.run(ClientNodeImpl.java:145) [evosuite-client-1.0.4-SNAPSHOT.jar:na]
	at java.util.concurrent.Executors$RunnableAdapter.call(Executors.java:511) [na:1.8.0_265]
	at java.util.concurrent.FutureTask.run(FutureTask.java:266) [na:1.8.0_265]
	at java.util.concurrent.ThreadPoolExecutor.runWorker(ThreadPoolExecutor.java:1149) [na:1.8.0_265]
	at java.util.concurrent.ThreadPoolExecutor$Worker.run(ThreadPoolExecutor.java:624) [na:1.8.0_265]
	at java.lang.Thread.run(Thread.java:748) [na:1.8.0_265]
Aug 20, 2020 10:12:20 AM org.openqa.selenium.remote.ProtocolHandshake createSession
[MASTER] 18:12:20.715 [Thread-3] ERROR ExternalProcessHandler - Aug 20, 2020 10:12:20 AM org.openqa.selenium.remote.ProtocolHandshake createSession

INFO: Detected dialect: OSS
[MASTER] 18:12:20.716 [Thread-3] ERROR ExternalProcessHandler - INFO: Detected dialect: OSS

Aug 20, 2020 10:12:23 AM org.openqa.selenium.remote.ProtocolHandshake createSession
[MASTER] 18:12:23.823 [Thread-3] ERROR ExternalProcessHandler - Aug 20, 2020 10:12:23 AM org.openqa.selenium.remote.ProtocolHandshake createSession

INFO: Detected dialect: OSS
[MASTER] 18:12:23.823 [Thread-3] ERROR ExternalProcessHandler - INFO: Detected dialect: OSS

Aug 20, 2020 10:12:31 AM org.openqa.selenium.remote.ProtocolHandshake createSession
[MASTER] 18:12:31.722 [Thread-3] ERROR ExternalProcessHandler - Aug 20, 2020 10:12:31 AM org.openqa.selenium.remote.ProtocolHandshake createSession

INFO: Detected dialect: OSS
[MASTER] 18:12:31.722 [Thread-3] ERROR ExternalProcessHandler - INFO: Detected dialect: OSS

Aug 20, 2020 10:12:44 AM org.openqa.selenium.remote.ProtocolHandshake createSession
[MASTER] 18:12:44.266 [Thread-3] ERROR ExternalProcessHandler - Aug 20, 2020 10:12:44 AM org.openqa.selenium.remote.ProtocolHandshake createSession

INFO: Detected dialect: OSS
[MASTER] 18:12:44.266 [Thread-3] ERROR ExternalProcessHandler - INFO: Detected dialect: OSS

[MASTER] 18:13:01.334 [logback-2] ERROR TestCaseExecutor - TG: Exception caught: 
java.lang.IllegalStateException: Test generation failed: page object bug.
	at org.evosuite.testcase.execution.TestCaseExecutor.runTest(TestCaseExecutor.java:322) ~[evosuite-client-1.0.4-SNAPSHOT.jar:na]
	at org.evosuite.testcase.TestFitnessFunction.runTest(TestFitnessFunction.java:91) [evosuite-client-1.0.4-SNAPSHOT.jar:na]
	at org.evosuite.testcase.TestFitnessFunction.getFitness(TestFitnessFunction.java:60) [evosuite-client-1.0.4-SNAPSHOT.jar:na]
	at org.evosuite.testcase.TestFitnessFunction.getFitness(TestFitnessFunction.java:34) [evosuite-client-1.0.4-SNAPSHOT.jar:na]
	at org.evosuite.ga.metaheuristics.mosa.MOSA.calculateFitness(MOSA.java:155) [evosuite-client-1.0.4-SNAPSHOT.jar:na]
	at org.evosuite.ga.metaheuristics.mosa.AbstractMOSA.breedNextGeneration(AbstractMOSA.java:153) [evosuite-client-1.0.4-SNAPSHOT.jar:na]
	at org.evosuite.ga.metaheuristics.mosa.MOSA.evolve(MOSA.java:89) [evosuite-client-1.0.4-SNAPSHOT.jar:na]
	at org.evosuite.ga.metaheuristics.mosa.MOSA.generateSolution(MOSA.java:205) [evosuite-client-1.0.4-SNAPSHOT.jar:na]
	at org.evosuite.strategy.MOSuiteStrategy.generateTests(MOSuiteStrategy.java:127) [evosuite-client-1.0.4-SNAPSHOT.jar:na]
	at org.evosuite.TestSuiteGenerator.generateTests(TestSuiteGenerator.java:654) [evosuite-client-1.0.4-SNAPSHOT.jar:na]
	at org.evosuite.TestSuiteGenerator.generateTestSuite(TestSuiteGenerator.java:213) [evosuite-client-1.0.4-SNAPSHOT.jar:na]
	at org.evosuite.rmi.service.ClientNodeImpl$1.run(ClientNodeImpl.java:145) [evosuite-client-1.0.4-SNAPSHOT.jar:na]
	at java.util.concurrent.Executors$RunnableAdapter.call(Executors.java:511) [na:1.8.0_265]
	at java.util.concurrent.FutureTask.run(FutureTask.java:266) [na:1.8.0_265]
	at java.util.concurrent.ThreadPoolExecutor.runWorker(ThreadPoolExecutor.java:1149) [na:1.8.0_265]
	at java.util.concurrent.ThreadPoolExecutor$Worker.run(ThreadPoolExecutor.java:624) [na:1.8.0_265]
	at java.lang.Thread.run(Thread.java:748) [na:1.8.0_265]
Aug 20, 2020 10:13:01 AM org.openqa.selenium.remote.ProtocolHandshake createSession
[MASTER] 18:13:01.495 [Thread-3] ERROR ExternalProcessHandler - Aug 20, 2020 10:13:01 AM org.openqa.selenium.remote.ProtocolHandshake createSession

INFO: Detected dialect: OSS
[MASTER] 18:13:01.495 [Thread-3] ERROR ExternalProcessHandler - INFO: Detected dialect: OSS

Aug 20, 2020 10:13:05 AM org.openqa.selenium.remote.ProtocolHandshake createSession
[MASTER] 18:13:05.132 [Thread-3] ERROR ExternalProcessHandler - Aug 20, 2020 10:13:05 AM org.openqa.selenium.remote.ProtocolHandshake createSession

INFO: Detected dialect: OSS
[MASTER] 18:13:05.132 [Thread-3] ERROR ExternalProcessHandler - INFO: Detected dialect: OSS

Aug 20, 2020 10:13:07 AM org.openqa.selenium.remote.ProtocolHandshake createSession
[MASTER] 18:13:07.667 [Thread-3] ERROR ExternalProcessHandler - Aug 20, 2020 10:13:07 AM org.openqa.selenium.remote.ProtocolHandshake createSession

INFO: Detected dialect: OSS
[MASTER] 18:13:07.667 [Thread-3] ERROR ExternalProcessHandler - INFO: Detected dialect: OSS

Aug 20, 2020 10:13:08 AM org.openqa.selenium.remote.ProtocolHandshake createSession
[MASTER] 18:13:08.905 [Thread-3] ERROR ExternalProcessHandler - Aug 20, 2020 10:13:08 AM org.openqa.selenium.remote.ProtocolHandshake createSession

INFO: Detected dialect: OSS
[MASTER] 18:13:08.905 [Thread-3] ERROR ExternalProcessHandler - INFO: Detected dialect: OSS

Aug 20, 2020 10:13:12 AM org.openqa.selenium.remote.ProtocolHandshake createSession
[MASTER] 18:13:12.004 [Thread-3] ERROR ExternalProcessHandler - Aug 20, 2020 10:13:12 AM org.openqa.selenium.remote.ProtocolHandshake createSession

INFO: Detected dialect: OSS
[MASTER] 18:13:12.004 [Thread-3] ERROR ExternalProcessHandler - INFO: Detected dialect: OSS

Aug 20, 2020 10:13:22 AM org.openqa.selenium.remote.ProtocolHandshake createSession
[MASTER] 18:13:22.610 [Thread-3] ERROR ExternalProcessHandler - Aug 20, 2020 10:13:22 AM org.openqa.selenium.remote.ProtocolHandshake createSession

INFO: Detected dialect: OSS
[MASTER] 18:13:22.610 [Thread-3] ERROR ExternalProcessHandler - INFO: Detected dialect: OSS

Aug 20, 2020 10:13:40 AM org.openqa.selenium.remote.ProtocolHandshake createSession
[MASTER] 18:13:40.541 [Thread-3] ERROR ExternalProcessHandler - Aug 20, 2020 10:13:40 AM org.openqa.selenium.remote.ProtocolHandshake createSession

INFO: Detected dialect: OSS
[MASTER] 18:13:40.541 [Thread-3] ERROR ExternalProcessHandler - INFO: Detected dialect: OSS

[MASTER] 18:14:05.831 [logback-2] ERROR TestCaseExecutor - TG: Exception caught: 
java.lang.IllegalStateException: Test generation failed: page object bug.
	at org.evosuite.testcase.execution.TestCaseExecutor.runTest(TestCaseExecutor.java:322) ~[evosuite-client-1.0.4-SNAPSHOT.jar:na]
	at org.evosuite.testcase.TestFitnessFunction.runTest(TestFitnessFunction.java:91) [evosuite-client-1.0.4-SNAPSHOT.jar:na]
	at org.evosuite.testcase.TestFitnessFunction.getFitness(TestFitnessFunction.java:60) [evosuite-client-1.0.4-SNAPSHOT.jar:na]
	at org.evosuite.testcase.TestFitnessFunction.getFitness(TestFitnessFunction.java:34) [evosuite-client-1.0.4-SNAPSHOT.jar:na]
	at org.evosuite.ga.metaheuristics.mosa.MOSA.calculateFitness(MOSA.java:155) [evosuite-client-1.0.4-SNAPSHOT.jar:na]
	at org.evosuite.ga.metaheuristics.mosa.AbstractMOSA.breedNextGeneration(AbstractMOSA.java:144) [evosuite-client-1.0.4-SNAPSHOT.jar:na]
	at org.evosuite.ga.metaheuristics.mosa.MOSA.evolve(MOSA.java:89) [evosuite-client-1.0.4-SNAPSHOT.jar:na]
	at org.evosuite.ga.metaheuristics.mosa.MOSA.generateSolution(MOSA.java:205) [evosuite-client-1.0.4-SNAPSHOT.jar:na]
	at org.evosuite.strategy.MOSuiteStrategy.generateTests(MOSuiteStrategy.java:127) [evosuite-client-1.0.4-SNAPSHOT.jar:na]
	at org.evosuite.TestSuiteGenerator.generateTests(TestSuiteGenerator.java:654) [evosuite-client-1.0.4-SNAPSHOT.jar:na]
	at org.evosuite.TestSuiteGenerator.generateTestSuite(TestSuiteGenerator.java:213) [evosuite-client-1.0.4-SNAPSHOT.jar:na]
	at org.evosuite.rmi.service.ClientNodeImpl$1.run(ClientNodeImpl.java:145) [evosuite-client-1.0.4-SNAPSHOT.jar:na]
	at java.util.concurrent.Executors$RunnableAdapter.call(Executors.java:511) [na:1.8.0_265]
	at java.util.concurrent.FutureTask.run(FutureTask.java:266) [na:1.8.0_265]
	at java.util.concurrent.ThreadPoolExecutor.runWorker(ThreadPoolExecutor.java:1149) [na:1.8.0_265]
	at java.util.concurrent.ThreadPoolExecutor$Worker.run(ThreadPoolExecutor.java:624) [na:1.8.0_265]
	at java.lang.Thread.run(Thread.java:748) [na:1.8.0_265]
Aug 20, 2020 10:14:06 AM org.openqa.selenium.remote.ProtocolHandshake createSession
[MASTER] 18:14:06.018 [Thread-3] ERROR ExternalProcessHandler - Aug 20, 2020 10:14:06 AM org.openqa.selenium.remote.ProtocolHandshake createSession

INFO: Detected dialect: OSS
[MASTER] 18:14:06.019 [Thread-3] ERROR ExternalProcessHandler - INFO: Detected dialect: OSS

Aug 20, 2020 10:14:07 AM org.openqa.selenium.remote.ProtocolHandshake createSession
[MASTER] 18:14:07.470 [Thread-3] ERROR ExternalProcessHandler - Aug 20, 2020 10:14:07 AM org.openqa.selenium.remote.ProtocolHandshake createSession

INFO: Detected dialect: OSS
[MASTER] 18:14:07.470 [Thread-3] ERROR ExternalProcessHandler - INFO: Detected dialect: OSS

Aug 20, 2020 10:14:08 AM po_utils.PageObjectLogging logInfo
[MASTER] 18:14:08.686 [Thread-3] ERROR ExternalProcessHandler - Aug 20, 2020 10:14:08 AM po_utils.PageObjectLogging logInfo

INFO: waitForElementBeingPresentOnPage timeout exception: unable to locate the element By.xpath: //button[text()="Create a new session"]
[MASTER] 18:14:08.686 [Thread-3] ERROR ExternalProcessHandler - INFO: waitForElementBeingPresentOnPage timeout exception: unable to locate the element By.xpath: //button[text()="Create a new session"]


[MASTER] 18:14:08.686 [Thread-3] ERROR ExternalProcessHandler - 


[MASTER] 18:14:08.686 [Thread-3] ERROR ExternalProcessHandler - 

Aug 20, 2020 10:14:09 AM org.openqa.selenium.remote.ProtocolHandshake createSession
[MASTER] 18:14:09.700 [Thread-3] ERROR ExternalProcessHandler - Aug 20, 2020 10:14:09 AM org.openqa.selenium.remote.ProtocolHandshake createSession

INFO: Detected dialect: OSS
[MASTER] 18:14:09.700 [Thread-3] ERROR ExternalProcessHandler - INFO: Detected dialect: OSS

Aug 20, 2020 10:14:13 AM org.openqa.selenium.remote.ProtocolHandshake createSession
[MASTER] 18:14:13.033 [Thread-3] ERROR ExternalProcessHandler - Aug 20, 2020 10:14:13 AM org.openqa.selenium.remote.ProtocolHandshake createSession

INFO: Detected dialect: OSS
[MASTER] 18:14:13.033 [Thread-3] ERROR ExternalProcessHandler - INFO: Detected dialect: OSS

Aug 20, 2020 10:14:21 AM org.openqa.selenium.remote.ProtocolHandshake createSession
[MASTER] 18:14:21.884 [Thread-3] ERROR ExternalProcessHandler - Aug 20, 2020 10:14:21 AM org.openqa.selenium.remote.ProtocolHandshake createSession

INFO: Detected dialect: OSS
[MASTER] 18:14:21.885 [Thread-3] ERROR ExternalProcessHandler - INFO: Detected dialect: OSS

Aug 20, 2020 10:14:35 AM org.openqa.selenium.remote.ProtocolHandshake createSession
[MASTER] 18:14:35.945 [Thread-3] ERROR ExternalProcessHandler - Aug 20, 2020 10:14:35 AM org.openqa.selenium.remote.ProtocolHandshake createSession

INFO: Detected dialect: OSS
[MASTER] 18:14:35.945 [Thread-3] ERROR ExternalProcessHandler - INFO: Detected dialect: OSS

[MASTER] 18:14:55.405 [logback-2] ERROR TestCaseExecutor - TG: Exception caught: 
java.lang.IllegalStateException: Test generation failed: page object bug.
	at org.evosuite.testcase.execution.TestCaseExecutor.runTest(TestCaseExecutor.java:322) ~[evosuite-client-1.0.4-SNAPSHOT.jar:na]
	at org.evosuite.testcase.TestFitnessFunction.runTest(TestFitnessFunction.java:91) [evosuite-client-1.0.4-SNAPSHOT.jar:na]
	at org.evosuite.testcase.TestFitnessFunction.getFitness(TestFitnessFunction.java:60) [evosuite-client-1.0.4-SNAPSHOT.jar:na]
	at org.evosuite.testcase.TestFitnessFunction.getFitness(TestFitnessFunction.java:34) [evosuite-client-1.0.4-SNAPSHOT.jar:na]
	at org.evosuite.ga.metaheuristics.mosa.MOSA.calculateFitness(MOSA.java:155) [evosuite-client-1.0.4-SNAPSHOT.jar:na]
	at org.evosuite.ga.metaheuristics.mosa.AbstractMOSA.breedNextGeneration(AbstractMOSA.java:153) [evosuite-client-1.0.4-SNAPSHOT.jar:na]
	at org.evosuite.ga.metaheuristics.mosa.MOSA.evolve(MOSA.java:89) [evosuite-client-1.0.4-SNAPSHOT.jar:na]
	at org.evosuite.ga.metaheuristics.mosa.MOSA.generateSolution(MOSA.java:205) [evosuite-client-1.0.4-SNAPSHOT.jar:na]
	at org.evosuite.strategy.MOSuiteStrategy.generateTests(MOSuiteStrategy.java:127) [evosuite-client-1.0.4-SNAPSHOT.jar:na]
	at org.evosuite.TestSuiteGenerator.generateTests(TestSuiteGenerator.java:654) [evosuite-client-1.0.4-SNAPSHOT.jar:na]
	at org.evosuite.TestSuiteGenerator.generateTestSuite(TestSuiteGenerator.java:213) [evosuite-client-1.0.4-SNAPSHOT.jar:na]
	at org.evosuite.rmi.service.ClientNodeImpl$1.run(ClientNodeImpl.java:145) [evosuite-client-1.0.4-SNAPSHOT.jar:na]
	at java.util.concurrent.Executors$RunnableAdapter.call(Executors.java:511) [na:1.8.0_265]
	at java.util.concurrent.FutureTask.run(FutureTask.java:266) [na:1.8.0_265]
	at java.util.concurrent.ThreadPoolExecutor.runWorker(ThreadPoolExecutor.java:1149) [na:1.8.0_265]
	at java.util.concurrent.ThreadPoolExecutor$Worker.run(ThreadPoolExecutor.java:624) [na:1.8.0_265]
	at java.lang.Thread.run(Thread.java:748) [na:1.8.0_265]
Aug 20, 2020 10:14:55 AM org.openqa.selenium.remote.ProtocolHandshake createSession
[MASTER] 18:14:55.594 [Thread-3] ERROR ExternalProcessHandler - Aug 20, 2020 10:14:55 AM org.openqa.selenium.remote.ProtocolHandshake createSession

INFO: Detected dialect: OSS
[MASTER] 18:14:55.595 [Thread-3] ERROR ExternalProcessHandler - INFO: Detected dialect: OSS

Aug 20, 2020 10:14:57 AM org.openqa.selenium.remote.ProtocolHandshake createSession
[MASTER] 18:14:57.984 [Thread-3] ERROR ExternalProcessHandler - Aug 20, 2020 10:14:57 AM org.openqa.selenium.remote.ProtocolHandshake createSession

INFO: Detected dialect: OSS
[MASTER] 18:14:57.984 [Thread-3] ERROR ExternalProcessHandler - INFO: Detected dialect: OSS

Aug 20, 2020 10:14:59 AM org.openqa.selenium.remote.ProtocolHandshake createSession
[MASTER] 18:14:59.007 [Thread-3] ERROR ExternalProcessHandler - Aug 20, 2020 10:14:59 AM org.openqa.selenium.remote.ProtocolHandshake createSession

INFO: Detected dialect: OSS
[MASTER] 18:14:59.007 [Thread-3] ERROR ExternalProcessHandler - INFO: Detected dialect: OSS

Aug 20, 2020 10:14:59 AM org.openqa.selenium.remote.ProtocolHandshake createSession
[MASTER] 18:14:59.847 [Thread-3] ERROR ExternalProcessHandler - Aug 20, 2020 10:14:59 AM org.openqa.selenium.remote.ProtocolHandshake createSession

INFO: Detected dialect: OSS
[MASTER] 18:14:59.847 [Thread-3] ERROR ExternalProcessHandler - INFO: Detected dialect: OSS

Aug 20, 2020 10:15:01 AM po_utils.PageObjectLogging logInfo
[MASTER] 18:15:01.161 [Thread-3] ERROR ExternalProcessHandler - Aug 20, 2020 10:15:01 AM po_utils.PageObjectLogging logInfo

INFO: waitForElementBeingPresentOnPage timeout exception: unable to locate the element By.xpath: //button[text()="Create a new session"]
[MASTER] 18:15:01.162 [Thread-3] ERROR ExternalProcessHandler - INFO: waitForElementBeingPresentOnPage timeout exception: unable to locate the element By.xpath: //button[text()="Create a new session"]


[MASTER] 18:15:01.162 [Thread-3] ERROR ExternalProcessHandler - 


[MASTER] 18:15:01.162 [Thread-3] ERROR ExternalProcessHandler - 

Aug 20, 2020 10:15:01 AM org.openqa.selenium.remote.ProtocolHandshake createSession
[MASTER] 18:15:01.479 [Thread-3] ERROR ExternalProcessHandler - Aug 20, 2020 10:15:01 AM org.openqa.selenium.remote.ProtocolHandshake createSession

INFO: Detected dialect: OSS
[MASTER] 18:15:01.479 [Thread-3] ERROR ExternalProcessHandler - INFO: Detected dialect: OSS

Aug 20, 2020 10:15:02 AM org.openqa.selenium.remote.ProtocolHandshake createSession
[MASTER] 18:15:02.628 [Thread-3] ERROR ExternalProcessHandler - Aug 20, 2020 10:15:02 AM org.openqa.selenium.remote.ProtocolHandshake createSession

INFO: Detected dialect: OSS
[MASTER] 18:15:02.629 [Thread-3] ERROR ExternalProcessHandler - INFO: Detected dialect: OSS

Aug 20, 2020 10:15:03 AM org.openqa.selenium.remote.ProtocolHandshake createSession
[MASTER] 18:15:03.801 [Thread-3] ERROR ExternalProcessHandler - Aug 20, 2020 10:15:03 AM org.openqa.selenium.remote.ProtocolHandshake createSession

INFO: Detected dialect: OSS
[MASTER] 18:15:03.801 [Thread-3] ERROR ExternalProcessHandler - INFO: Detected dialect: OSS

Aug 20, 2020 10:15:04 AM org.openqa.selenium.remote.ProtocolHandshake createSession
[MASTER] 18:15:04.837 [Thread-3] ERROR ExternalProcessHandler - Aug 20, 2020 10:15:04 AM org.openqa.selenium.remote.ProtocolHandshake createSession

INFO: Detected dialect: OSS
[MASTER] 18:15:04.837 [Thread-3] ERROR ExternalProcessHandler - INFO: Detected dialect: OSS

Aug 20, 2020 10:15:07 AM org.openqa.selenium.remote.ProtocolHandshake createSession
[MASTER] 18:15:07.767 [Thread-3] ERROR ExternalProcessHandler - Aug 20, 2020 10:15:07 AM org.openqa.selenium.remote.ProtocolHandshake createSession

INFO: Detected dialect: OSS
[MASTER] 18:15:07.767 [Thread-3] ERROR ExternalProcessHandler - INFO: Detected dialect: OSS

Aug 20, 2020 10:15:08 AM org.openqa.selenium.remote.ProtocolHandshake createSession
[MASTER] 18:15:08.828 [Thread-3] ERROR ExternalProcessHandler - Aug 20, 2020 10:15:08 AM org.openqa.selenium.remote.ProtocolHandshake createSession

INFO: Detected dialect: OSS
[MASTER] 18:15:08.828 [Thread-3] ERROR ExternalProcessHandler - INFO: Detected dialect: OSS

Aug 20, 2020 10:15:09 AM org.openqa.selenium.remote.ProtocolHandshake createSession
[MASTER] 18:15:09.757 [Thread-3] ERROR ExternalProcessHandler - Aug 20, 2020 10:15:09 AM org.openqa.selenium.remote.ProtocolHandshake createSession

INFO: Detected dialect: OSS
[MASTER] 18:15:09.757 [Thread-3] ERROR ExternalProcessHandler - INFO: Detected dialect: OSS

Aug 20, 2020 10:15:10 AM org.openqa.selenium.remote.ProtocolHandshake createSession
[MASTER] 18:15:10.715 [Thread-3] ERROR ExternalProcessHandler - Aug 20, 2020 10:15:10 AM org.openqa.selenium.remote.ProtocolHandshake createSession

INFO: Detected dialect: OSS
[MASTER] 18:15:10.715 [Thread-3] ERROR ExternalProcessHandler - INFO: Detected dialect: OSS

Aug 20, 2020 10:15:11 AM org.openqa.selenium.remote.ProtocolHandshake createSession
[MASTER] 18:15:11.521 [Thread-3] ERROR ExternalProcessHandler - Aug 20, 2020 10:15:11 AM org.openqa.selenium.remote.ProtocolHandshake createSession

INFO: Detected dialect: OSS
[MASTER] 18:15:11.521 [Thread-3] ERROR ExternalProcessHandler - INFO: Detected dialect: OSS

Aug 20, 2020 10:15:12 AM org.openqa.selenium.remote.ProtocolHandshake createSession
[MASTER] 18:15:12.659 [Thread-3] ERROR ExternalProcessHandler - Aug 20, 2020 10:15:12 AM org.openqa.selenium.remote.ProtocolHandshake createSession

INFO: Detected dialect: OSS
[MASTER] 18:15:12.660 [Thread-3] ERROR ExternalProcessHandler - INFO: Detected dialect: OSS

Aug 20, 2020 10:15:13 AM org.openqa.selenium.remote.ProtocolHandshake createSession
[MASTER] 18:15:13.891 [Thread-3] ERROR ExternalProcessHandler - Aug 20, 2020 10:15:13 AM org.openqa.selenium.remote.ProtocolHandshake createSession

INFO: Detected dialect: OSS
[MASTER] 18:15:13.891 [Thread-3] ERROR ExternalProcessHandler - INFO: Detected dialect: OSS

Aug 20, 2020 10:15:15 AM org.openqa.selenium.remote.ProtocolHandshake createSession
[MASTER] 18:15:15.773 [Thread-3] ERROR ExternalProcessHandler - Aug 20, 2020 10:15:15 AM org.openqa.selenium.remote.ProtocolHandshake createSession

INFO: Detected dialect: OSS
[MASTER] 18:15:15.773 [Thread-3] ERROR ExternalProcessHandler - INFO: Detected dialect: OSS

Aug 20, 2020 10:15:16 AM org.openqa.selenium.remote.ProtocolHandshake createSession
[MASTER] 18:15:16.620 [Thread-3] ERROR ExternalProcessHandler - Aug 20, 2020 10:15:16 AM org.openqa.selenium.remote.ProtocolHandshake createSession

INFO: Detected dialect: OSS
[MASTER] 18:15:16.620 [Thread-3] ERROR ExternalProcessHandler - INFO: Detected dialect: OSS

Aug 20, 2020 10:15:19 AM org.openqa.selenium.remote.ProtocolHandshake createSession
[MASTER] 18:15:19.709 [Thread-3] ERROR ExternalProcessHandler - Aug 20, 2020 10:15:19 AM org.openqa.selenium.remote.ProtocolHandshake createSession

INFO: Detected dialect: OSS
[MASTER] 18:15:19.709 [Thread-3] ERROR ExternalProcessHandler - INFO: Detected dialect: OSS

Aug 20, 2020 10:15:27 AM org.openqa.selenium.remote.ProtocolHandshake createSession
[MASTER] 18:15:27.420 [Thread-3] ERROR ExternalProcessHandler - Aug 20, 2020 10:15:27 AM org.openqa.selenium.remote.ProtocolHandshake createSession

INFO: Detected dialect: OSS
[MASTER] 18:15:27.420 [Thread-3] ERROR ExternalProcessHandler - INFO: Detected dialect: OSS

Aug 20, 2020 10:15:39 AM org.openqa.selenium.remote.ProtocolHandshake createSession
[MASTER] 18:15:39.561 [Thread-3] ERROR ExternalProcessHandler - Aug 20, 2020 10:15:39 AM org.openqa.selenium.remote.ProtocolHandshake createSession

INFO: Detected dialect: OSS
[MASTER] 18:15:39.561 [Thread-3] ERROR ExternalProcessHandler - INFO: Detected dialect: OSS

[MASTER] 18:15:56.079 [logback-2] ERROR TestCaseExecutor - TG: Exception caught: 
java.lang.IllegalStateException: Test generation failed: page object bug.
	at org.evosuite.testcase.execution.TestCaseExecutor.runTest(TestCaseExecutor.java:322) ~[evosuite-client-1.0.4-SNAPSHOT.jar:na]
	at org.evosuite.testcase.TestFitnessFunction.runTest(TestFitnessFunction.java:91) [evosuite-client-1.0.4-SNAPSHOT.jar:na]
	at org.evosuite.testcase.TestFitnessFunction.getFitness(TestFitnessFunction.java:60) [evosuite-client-1.0.4-SNAPSHOT.jar:na]
	at org.evosuite.testcase.TestFitnessFunction.getFitness(TestFitnessFunction.java:34) [evosuite-client-1.0.4-SNAPSHOT.jar:na]
	at org.evosuite.ga.metaheuristics.mosa.MOSA.calculateFitness(MOSA.java:155) [evosuite-client-1.0.4-SNAPSHOT.jar:na]
	at org.evosuite.ga.metaheuristics.mosa.AbstractMOSA.breedNextGeneration(AbstractMOSA.java:144) [evosuite-client-1.0.4-SNAPSHOT.jar:na]
	at org.evosuite.ga.metaheuristics.mosa.MOSA.evolve(MOSA.java:89) [evosuite-client-1.0.4-SNAPSHOT.jar:na]
	at org.evosuite.ga.metaheuristics.mosa.MOSA.generateSolution(MOSA.java:205) [evosuite-client-1.0.4-SNAPSHOT.jar:na]
	at org.evosuite.strategy.MOSuiteStrategy.generateTests(MOSuiteStrategy.java:127) [evosuite-client-1.0.4-SNAPSHOT.jar:na]
	at org.evosuite.TestSuiteGenerator.generateTests(TestSuiteGenerator.java:654) [evosuite-client-1.0.4-SNAPSHOT.jar:na]
	at org.evosuite.TestSuiteGenerator.generateTestSuite(TestSuiteGenerator.java:213) [evosuite-client-1.0.4-SNAPSHOT.jar:na]
	at org.evosuite.rmi.service.ClientNodeImpl$1.run(ClientNodeImpl.java:145) [evosuite-client-1.0.4-SNAPSHOT.jar:na]
	at java.util.concurrent.Executors$RunnableAdapter.call(Executors.java:511) [na:1.8.0_265]
	at java.util.concurrent.FutureTask.run(FutureTask.java:266) [na:1.8.0_265]
	at java.util.concurrent.ThreadPoolExecutor.runWorker(ThreadPoolExecutor.java:1149) [na:1.8.0_265]
	at java.util.concurrent.ThreadPoolExecutor$Worker.run(ThreadPoolExecutor.java:624) [na:1.8.0_265]
	at java.lang.Thread.run(Thread.java:748) [na:1.8.0_265]
Aug 20, 2020 10:15:56 AM org.openqa.selenium.remote.ProtocolHandshake createSession
[MASTER] 18:15:56.260 [Thread-3] ERROR ExternalProcessHandler - Aug 20, 2020 10:15:56 AM org.openqa.selenium.remote.ProtocolHandshake createSession

INFO: Detected dialect: OSS
[MASTER] 18:15:56.261 [Thread-3] ERROR ExternalProcessHandler - INFO: Detected dialect: OSS

Aug 20, 2020 10:15:57 AM org.openqa.selenium.remote.ProtocolHandshake createSession
[MASTER] 18:15:57.731 [Thread-3] ERROR ExternalProcessHandler - Aug 20, 2020 10:15:57 AM org.openqa.selenium.remote.ProtocolHandshake createSession

INFO: Detected dialect: OSS
[MASTER] 18:15:57.731 [Thread-3] ERROR ExternalProcessHandler - INFO: Detected dialect: OSS

Aug 20, 2020 10:16:01 AM org.openqa.selenium.remote.ProtocolHandshake createSession
[MASTER] 18:16:01.766 [Thread-3] ERROR ExternalProcessHandler - Aug 20, 2020 10:16:01 AM org.openqa.selenium.remote.ProtocolHandshake createSession

INFO: Detected dialect: OSS
[MASTER] 18:16:01.766 [Thread-3] ERROR ExternalProcessHandler - INFO: Detected dialect: OSS

Aug 20, 2020 10:16:11 AM org.openqa.selenium.remote.ProtocolHandshake createSession
[MASTER] 18:16:11.686 [Thread-3] ERROR ExternalProcessHandler - Aug 20, 2020 10:16:11 AM org.openqa.selenium.remote.ProtocolHandshake createSession

INFO: Detected dialect: OSS
[MASTER] 18:16:11.686 [Thread-3] ERROR ExternalProcessHandler - INFO: Detected dialect: OSS

Aug 20, 2020 10:16:27 AM org.openqa.selenium.remote.ProtocolHandshake createSession
[MASTER] 18:16:27.532 [Thread-3] ERROR ExternalProcessHandler - Aug 20, 2020 10:16:27 AM org.openqa.selenium.remote.ProtocolHandshake createSession

INFO: Detected dialect: OSS
[MASTER] 18:16:27.532 [Thread-3] ERROR ExternalProcessHandler - INFO: Detected dialect: OSS

[MASTER] 18:16:48.994 [logback-2] ERROR TestCaseExecutor - TG: Exception caught: 
java.lang.IllegalStateException: Test generation failed: page object bug.
	at org.evosuite.testcase.execution.TestCaseExecutor.runTest(TestCaseExecutor.java:322) ~[evosuite-client-1.0.4-SNAPSHOT.jar:na]
	at org.evosuite.testcase.TestFitnessFunction.runTest(TestFitnessFunction.java:91) [evosuite-client-1.0.4-SNAPSHOT.jar:na]
	at org.evosuite.testcase.TestFitnessFunction.getFitness(TestFitnessFunction.java:60) [evosuite-client-1.0.4-SNAPSHOT.jar:na]
	at org.evosuite.testcase.TestFitnessFunction.getFitness(TestFitnessFunction.java:34) [evosuite-client-1.0.4-SNAPSHOT.jar:na]
	at org.evosuite.ga.metaheuristics.mosa.MOSA.calculateFitness(MOSA.java:155) [evosuite-client-1.0.4-SNAPSHOT.jar:na]
	at org.evosuite.ga.metaheuristics.mosa.AbstractMOSA.breedNextGeneration(AbstractMOSA.java:144) [evosuite-client-1.0.4-SNAPSHOT.jar:na]
	at org.evosuite.ga.metaheuristics.mosa.MOSA.evolve(MOSA.java:89) [evosuite-client-1.0.4-SNAPSHOT.jar:na]
	at org.evosuite.ga.metaheuristics.mosa.MOSA.generateSolution(MOSA.java:205) [evosuite-client-1.0.4-SNAPSHOT.jar:na]
	at org.evosuite.strategy.MOSuiteStrategy.generateTests(MOSuiteStrategy.java:127) [evosuite-client-1.0.4-SNAPSHOT.jar:na]
	at org.evosuite.TestSuiteGenerator.generateTests(TestSuiteGenerator.java:654) [evosuite-client-1.0.4-SNAPSHOT.jar:na]
	at org.evosuite.TestSuiteGenerator.generateTestSuite(TestSuiteGenerator.java:213) [evosuite-client-1.0.4-SNAPSHOT.jar:na]
	at org.evosuite.rmi.service.ClientNodeImpl$1.run(ClientNodeImpl.java:145) [evosuite-client-1.0.4-SNAPSHOT.jar:na]
	at java.util.concurrent.Executors$RunnableAdapter.call(Executors.java:511) [na:1.8.0_265]
	at java.util.concurrent.FutureTask.run(FutureTask.java:266) [na:1.8.0_265]
	at java.util.concurrent.ThreadPoolExecutor.runWorker(ThreadPoolExecutor.java:1149) [na:1.8.0_265]
	at java.util.concurrent.ThreadPoolExecutor$Worker.run(ThreadPoolExecutor.java:624) [na:1.8.0_265]
	at java.lang.Thread.run(Thread.java:748) [na:1.8.0_265]
Aug 20, 2020 10:16:49 AM org.openqa.selenium.remote.ProtocolHandshake createSession
[MASTER] 18:16:49.188 [Thread-3] ERROR ExternalProcessHandler - Aug 20, 2020 10:16:49 AM org.openqa.selenium.remote.ProtocolHandshake createSession

INFO: Detected dialect: OSS
[MASTER] 18:16:49.188 [Thread-3] ERROR ExternalProcessHandler - INFO: Detected dialect: OSS

Aug 20, 2020 10:16:49 AM org.openqa.selenium.remote.ProtocolHandshake createSession
[MASTER] 18:16:49.984 [Thread-3] ERROR ExternalProcessHandler - Aug 20, 2020 10:16:49 AM org.openqa.selenium.remote.ProtocolHandshake createSession

INFO: Detected dialect: OSS
[MASTER] 18:16:49.985 [Thread-3] ERROR ExternalProcessHandler - INFO: Detected dialect: OSS

Aug 20, 2020 10:16:51 AM org.openqa.selenium.remote.ProtocolHandshake createSession
[MASTER] 18:16:51.747 [Thread-3] ERROR ExternalProcessHandler - Aug 20, 2020 10:16:51 AM org.openqa.selenium.remote.ProtocolHandshake createSession

INFO: Detected dialect: OSS
[MASTER] 18:16:51.747 [Thread-3] ERROR ExternalProcessHandler - INFO: Detected dialect: OSS

Aug 20, 2020 10:16:53 AM po_utils.PageObjectLogging logInfo
[MASTER] 18:16:53.163 [Thread-3] ERROR ExternalProcessHandler - Aug 20, 2020 10:16:53 AM po_utils.PageObjectLogging logInfo

INFO: waitForElementBeingPresentOnPage timeout exception: unable to locate the element By.xpath: //button[text()="Create a new session"]
[MASTER] 18:16:53.164 [Thread-3] ERROR ExternalProcessHandler - INFO: waitForElementBeingPresentOnPage timeout exception: unable to locate the element By.xpath: //button[text()="Create a new session"]


[MASTER] 18:16:53.164 [Thread-3] ERROR ExternalProcessHandler - 


[MASTER] 18:16:53.164 [Thread-3] ERROR ExternalProcessHandler - 

Aug 20, 2020 10:16:54 AM po_utils.PageObjectLogging logInfo
[MASTER] 18:16:54.325 [Thread-3] ERROR ExternalProcessHandler - Aug 20, 2020 10:16:54 AM po_utils.PageObjectLogging logInfo

INFO: waitForElementBeingPresentOnPage timeout exception: unable to locate the element By.xpath: //button[text()="Create a new session"]
[MASTER] 18:16:54.326 [Thread-3] ERROR ExternalProcessHandler - INFO: waitForElementBeingPresentOnPage timeout exception: unable to locate the element By.xpath: //button[text()="Create a new session"]


[MASTER] 18:16:54.326 [Thread-3] ERROR ExternalProcessHandler - 


[MASTER] 18:16:54.326 [Thread-3] ERROR ExternalProcessHandler - 

Aug 20, 2020 10:16:55 AM org.openqa.selenium.remote.ProtocolHandshake createSession
[MASTER] 18:16:55.073 [Thread-3] ERROR ExternalProcessHandler - Aug 20, 2020 10:16:55 AM org.openqa.selenium.remote.ProtocolHandshake createSession

INFO: Detected dialect: OSS
[MASTER] 18:16:55.073 [Thread-3] ERROR ExternalProcessHandler - INFO: Detected dialect: OSS

Aug 20, 2020 10:16:57 AM org.openqa.selenium.remote.ProtocolHandshake createSession
[MASTER] 18:16:57.971 [Thread-3] ERROR ExternalProcessHandler - Aug 20, 2020 10:16:57 AM org.openqa.selenium.remote.ProtocolHandshake createSession

INFO: Detected dialect: OSS
[MASTER] 18:16:57.972 [Thread-3] ERROR ExternalProcessHandler - INFO: Detected dialect: OSS

Aug 20, 2020 10:17:04 AM org.openqa.selenium.remote.ProtocolHandshake createSession
[MASTER] 18:17:04.050 [Thread-3] ERROR ExternalProcessHandler - Aug 20, 2020 10:17:04 AM org.openqa.selenium.remote.ProtocolHandshake createSession

INFO: Detected dialect: OSS
[MASTER] 18:17:04.050 [Thread-3] ERROR ExternalProcessHandler - INFO: Detected dialect: OSS

Aug 20, 2020 10:17:13 AM org.openqa.selenium.remote.ProtocolHandshake createSession
[MASTER] 18:17:13.037 [Thread-3] ERROR ExternalProcessHandler - Aug 20, 2020 10:17:13 AM org.openqa.selenium.remote.ProtocolHandshake createSession

INFO: Detected dialect: OSS
[MASTER] 18:17:13.037 [Thread-3] ERROR ExternalProcessHandler - INFO: Detected dialect: OSS

[MASTER] 18:17:24.822 [logback-2] ERROR TestCaseExecutor - TG: Exception caught: 
java.lang.IllegalStateException: Test generation failed: page object bug.
	at org.evosuite.testcase.execution.TestCaseExecutor.runTest(TestCaseExecutor.java:322) ~[evosuite-client-1.0.4-SNAPSHOT.jar:na]
	at org.evosuite.testcase.TestFitnessFunction.runTest(TestFitnessFunction.java:91) [evosuite-client-1.0.4-SNAPSHOT.jar:na]
	at org.evosuite.testcase.TestFitnessFunction.getFitness(TestFitnessFunction.java:60) [evosuite-client-1.0.4-SNAPSHOT.jar:na]
	at org.evosuite.testcase.TestFitnessFunction.getFitness(TestFitnessFunction.java:34) [evosuite-client-1.0.4-SNAPSHOT.jar:na]
	at org.evosuite.ga.metaheuristics.mosa.MOSA.calculateFitness(MOSA.java:155) [evosuite-client-1.0.4-SNAPSHOT.jar:na]
	at org.evosuite.ga.metaheuristics.mosa.AbstractMOSA.breedNextGeneration(AbstractMOSA.java:144) [evosuite-client-1.0.4-SNAPSHOT.jar:na]
	at org.evosuite.ga.metaheuristics.mosa.MOSA.evolve(MOSA.java:89) [evosuite-client-1.0.4-SNAPSHOT.jar:na]
	at org.evosuite.ga.metaheuristics.mosa.MOSA.generateSolution(MOSA.java:205) [evosuite-client-1.0.4-SNAPSHOT.jar:na]
	at org.evosuite.strategy.MOSuiteStrategy.generateTests(MOSuiteStrategy.java:127) [evosuite-client-1.0.4-SNAPSHOT.jar:na]
	at org.evosuite.TestSuiteGenerator.generateTests(TestSuiteGenerator.java:654) [evosuite-client-1.0.4-SNAPSHOT.jar:na]
	at org.evosuite.TestSuiteGenerator.generateTestSuite(TestSuiteGenerator.java:213) [evosuite-client-1.0.4-SNAPSHOT.jar:na]
	at org.evosuite.rmi.service.ClientNodeImpl$1.run(ClientNodeImpl.java:145) [evosuite-client-1.0.4-SNAPSHOT.jar:na]
	at java.util.concurrent.Executors$RunnableAdapter.call(Executors.java:511) [na:1.8.0_265]
	at java.util.concurrent.FutureTask.run(FutureTask.java:266) [na:1.8.0_265]
	at java.util.concurrent.ThreadPoolExecutor.runWorker(ThreadPoolExecutor.java:1149) [na:1.8.0_265]
	at java.util.concurrent.ThreadPoolExecutor$Worker.run(ThreadPoolExecutor.java:624) [na:1.8.0_265]
	at java.lang.Thread.run(Thread.java:748) [na:1.8.0_265]
Aug 20, 2020 10:17:25 AM org.openqa.selenium.remote.ProtocolHandshake createSession
[MASTER] 18:17:25.010 [Thread-3] ERROR ExternalProcessHandler - Aug 20, 2020 10:17:25 AM org.openqa.selenium.remote.ProtocolHandshake createSession

INFO: Detected dialect: OSS
[MASTER] 18:17:25.011 [Thread-3] ERROR ExternalProcessHandler - INFO: Detected dialect: OSS

Aug 20, 2020 10:17:26 AM org.openqa.selenium.remote.ProtocolHandshake createSession
[MASTER] 18:17:26.537 [Thread-3] ERROR ExternalProcessHandler - Aug 20, 2020 10:17:26 AM org.openqa.selenium.remote.ProtocolHandshake createSession

INFO: Detected dialect: OSS
[MASTER] 18:17:26.538 [Thread-3] ERROR ExternalProcessHandler - INFO: Detected dialect: OSS

Aug 20, 2020 10:17:29 AM org.openqa.selenium.remote.ProtocolHandshake createSession
[MASTER] 18:17:29.681 [Thread-3] ERROR ExternalProcessHandler - Aug 20, 2020 10:17:29 AM org.openqa.selenium.remote.ProtocolHandshake createSession

INFO: Detected dialect: OSS
[MASTER] 18:17:29.681 [Thread-3] ERROR ExternalProcessHandler - INFO: Detected dialect: OSS

Aug 20, 2020 10:17:36 AM org.openqa.selenium.remote.ProtocolHandshake createSession
[MASTER] 18:17:36.151 [Thread-3] ERROR ExternalProcessHandler - Aug 20, 2020 10:17:36 AM org.openqa.selenium.remote.ProtocolHandshake createSession

INFO: Detected dialect: OSS
[MASTER] 18:17:36.151 [Thread-3] ERROR ExternalProcessHandler - INFO: Detected dialect: OSS

Aug 20, 2020 10:17:45 AM org.openqa.selenium.remote.ProtocolHandshake createSession
[MASTER] 18:17:45.957 [Thread-3] ERROR ExternalProcessHandler - Aug 20, 2020 10:17:45 AM org.openqa.selenium.remote.ProtocolHandshake createSession

INFO: Detected dialect: OSS
[MASTER] 18:17:45.957 [Thread-3] ERROR ExternalProcessHandler - INFO: Detected dialect: OSS

[MASTER] 18:17:58.830 [logback-2] ERROR TestCaseExecutor - TG: Exception caught: 
java.lang.IllegalStateException: Test generation failed: page object bug.
	at org.evosuite.testcase.execution.TestCaseExecutor.runTest(TestCaseExecutor.java:322) ~[evosuite-client-1.0.4-SNAPSHOT.jar:na]
	at org.evosuite.testcase.TestFitnessFunction.runTest(TestFitnessFunction.java:91) [evosuite-client-1.0.4-SNAPSHOT.jar:na]
	at org.evosuite.testcase.TestFitnessFunction.getFitness(TestFitnessFunction.java:60) [evosuite-client-1.0.4-SNAPSHOT.jar:na]
	at org.evosuite.testcase.TestFitnessFunction.getFitness(TestFitnessFunction.java:34) [evosuite-client-1.0.4-SNAPSHOT.jar:na]
	at org.evosuite.ga.metaheuristics.mosa.MOSA.calculateFitness(MOSA.java:155) [evosuite-client-1.0.4-SNAPSHOT.jar:na]
	at org.evosuite.ga.metaheuristics.mosa.AbstractMOSA.breedNextGeneration(AbstractMOSA.java:153) [evosuite-client-1.0.4-SNAPSHOT.jar:na]
	at org.evosuite.ga.metaheuristics.mosa.MOSA.evolve(MOSA.java:89) [evosuite-client-1.0.4-SNAPSHOT.jar:na]
	at org.evosuite.ga.metaheuristics.mosa.MOSA.generateSolution(MOSA.java:205) [evosuite-client-1.0.4-SNAPSHOT.jar:na]
	at org.evosuite.strategy.MOSuiteStrategy.generateTests(MOSuiteStrategy.java:127) [evosuite-client-1.0.4-SNAPSHOT.jar:na]
	at org.evosuite.TestSuiteGenerator.generateTests(TestSuiteGenerator.java:654) [evosuite-client-1.0.4-SNAPSHOT.jar:na]
	at org.evosuite.TestSuiteGenerator.generateTestSuite(TestSuiteGenerator.java:213) [evosuite-client-1.0.4-SNAPSHOT.jar:na]
	at org.evosuite.rmi.service.ClientNodeImpl$1.run(ClientNodeImpl.java:145) [evosuite-client-1.0.4-SNAPSHOT.jar:na]
	at java.util.concurrent.Executors$RunnableAdapter.call(Executors.java:511) [na:1.8.0_265]
	at java.util.concurrent.FutureTask.run(FutureTask.java:266) [na:1.8.0_265]
	at java.util.concurrent.ThreadPoolExecutor.runWorker(ThreadPoolExecutor.java:1149) [na:1.8.0_265]
	at java.util.concurrent.ThreadPoolExecutor$Worker.run(ThreadPoolExecutor.java:624) [na:1.8.0_265]
	at java.lang.Thread.run(Thread.java:748) [na:1.8.0_265]
Aug 20, 2020 10:17:59 AM org.openqa.selenium.remote.ProtocolHandshake createSession
[MASTER] 18:17:59.022 [Thread-3] ERROR ExternalProcessHandler - Aug 20, 2020 10:17:59 AM org.openqa.selenium.remote.ProtocolHandshake createSession

INFO: Detected dialect: OSS
[MASTER] 18:17:59.023 [Thread-3] ERROR ExternalProcessHandler - INFO: Detected dialect: OSS

Aug 20, 2020 10:18:00 AM org.openqa.selenium.remote.ProtocolHandshake createSession
[MASTER] 18:18:00.002 [Thread-3] ERROR ExternalProcessHandler - Aug 20, 2020 10:18:00 AM org.openqa.selenium.remote.ProtocolHandshake createSession

INFO: Detected dialect: OSS
[MASTER] 18:18:00.002 [Thread-3] ERROR ExternalProcessHandler - INFO: Detected dialect: OSS

Aug 20, 2020 10:18:05 AM po_utils.PageObjectLogging logInfo
[MASTER] 18:18:05.648 [Thread-3] ERROR ExternalProcessHandler - Aug 20, 2020 10:18:05 AM po_utils.PageObjectLogging logInfo

INFO: waitForElementBeingPresentOnPage timeout exception: unable to locate the element By.xpath: //button[text()="Create a new session"]
[MASTER] 18:18:05.649 [Thread-3] ERROR ExternalProcessHandler - INFO: waitForElementBeingPresentOnPage timeout exception: unable to locate the element By.xpath: //button[text()="Create a new session"]


[MASTER] 18:18:05.649 [Thread-3] ERROR ExternalProcessHandler - 


[MASTER] 18:18:05.649 [Thread-3] ERROR ExternalProcessHandler - 

Aug 20, 2020 10:18:06 AM org.openqa.selenium.remote.ProtocolHandshake createSession
[MASTER] 18:18:06.951 [Thread-3] ERROR ExternalProcessHandler - Aug 20, 2020 10:18:06 AM org.openqa.selenium.remote.ProtocolHandshake createSession

INFO: Detected dialect: OSS
[MASTER] 18:18:06.951 [Thread-3] ERROR ExternalProcessHandler - INFO: Detected dialect: OSS

Aug 20, 2020 10:18:17 AM po_utils.PageObjectLogging logInfo
[MASTER] 18:18:17.056 [Thread-3] ERROR ExternalProcessHandler - Aug 20, 2020 10:18:17 AM po_utils.PageObjectLogging logInfo

INFO: waitForElementBeingPresentOnPage timeout exception: unable to locate the element By.xpath: //button[text()="Create a new session"]
[MASTER] 18:18:17.057 [Thread-3] ERROR ExternalProcessHandler - INFO: waitForElementBeingPresentOnPage timeout exception: unable to locate the element By.xpath: //button[text()="Create a new session"]


[MASTER] 18:18:17.057 [Thread-3] ERROR ExternalProcessHandler - 


[MASTER] 18:18:17.057 [Thread-3] ERROR ExternalProcessHandler - 

Aug 20, 2020 10:18:19 AM org.openqa.selenium.remote.ProtocolHandshake createSession
[MASTER] 18:18:19.123 [Thread-3] ERROR ExternalProcessHandler - Aug 20, 2020 10:18:19 AM org.openqa.selenium.remote.ProtocolHandshake createSession

INFO: Detected dialect: OSS
[MASTER] 18:18:19.123 [Thread-3] ERROR ExternalProcessHandler - INFO: Detected dialect: OSS

Aug 20, 2020 10:18:33 AM po_utils.PageObjectLogging logInfo
[MASTER] 18:18:33.533 [Thread-3] ERROR ExternalProcessHandler - Aug 20, 2020 10:18:33 AM po_utils.PageObjectLogging logInfo

INFO: waitForElementBeingPresentOnPage timeout exception: unable to locate the element By.xpath: //button[text()="Create a new session"]
[MASTER] 18:18:33.534 [Thread-3] ERROR ExternalProcessHandler - INFO: waitForElementBeingPresentOnPage timeout exception: unable to locate the element By.xpath: //button[text()="Create a new session"]


[MASTER] 18:18:33.534 [Thread-3] ERROR ExternalProcessHandler - 


[MASTER] 18:18:33.534 [Thread-3] ERROR ExternalProcessHandler - 

Aug 20, 2020 10:18:36 AM org.openqa.selenium.remote.ProtocolHandshake createSession
[MASTER] 18:18:36.326 [Thread-3] ERROR ExternalProcessHandler - Aug 20, 2020 10:18:36 AM org.openqa.selenium.remote.ProtocolHandshake createSession

INFO: Detected dialect: OSS
[MASTER] 18:18:36.326 [Thread-3] ERROR ExternalProcessHandler - INFO: Detected dialect: OSS

Aug 20, 2020 10:18:55 AM po_utils.PageObjectLogging logInfo
[MASTER] 18:18:55.087 [Thread-3] ERROR ExternalProcessHandler - Aug 20, 2020 10:18:55 AM po_utils.PageObjectLogging logInfo

INFO: waitForElementBeingPresentOnPage timeout exception: unable to locate the element By.xpath: //button[text()="Create a new session"]
[MASTER] 18:18:55.088 [Thread-3] ERROR ExternalProcessHandler - INFO: waitForElementBeingPresentOnPage timeout exception: unable to locate the element By.xpath: //button[text()="Create a new session"]


[MASTER] 18:18:55.088 [Thread-3] ERROR ExternalProcessHandler - 


[MASTER] 18:18:55.088 [Thread-3] ERROR ExternalProcessHandler - 

[MASTER] 18:18:58.553 [logback-2] ERROR TestCaseExecutor - TG: Exception caught: 
java.lang.IllegalStateException: Test generation failed: page object bug.
	at org.evosuite.testcase.execution.TestCaseExecutor.runTest(TestCaseExecutor.java:322) ~[evosuite-client-1.0.4-SNAPSHOT.jar:na]
	at org.evosuite.testcase.TestFitnessFunction.runTest(TestFitnessFunction.java:91) [evosuite-client-1.0.4-SNAPSHOT.jar:na]
	at org.evosuite.testcase.TestFitnessFunction.getFitness(TestFitnessFunction.java:60) [evosuite-client-1.0.4-SNAPSHOT.jar:na]
	at org.evosuite.testcase.TestFitnessFunction.getFitness(TestFitnessFunction.java:34) [evosuite-client-1.0.4-SNAPSHOT.jar:na]
	at org.evosuite.ga.metaheuristics.mosa.MOSA.calculateFitness(MOSA.java:155) [evosuite-client-1.0.4-SNAPSHOT.jar:na]
	at org.evosuite.ga.metaheuristics.mosa.AbstractMOSA.breedNextGeneration(AbstractMOSA.java:153) [evosuite-client-1.0.4-SNAPSHOT.jar:na]
	at org.evosuite.ga.metaheuristics.mosa.MOSA.evolve(MOSA.java:89) [evosuite-client-1.0.4-SNAPSHOT.jar:na]
	at org.evosuite.ga.metaheuristics.mosa.MOSA.generateSolution(MOSA.java:205) [evosuite-client-1.0.4-SNAPSHOT.jar:na]
	at org.evosuite.strategy.MOSuiteStrategy.generateTests(MOSuiteStrategy.java:127) [evosuite-client-1.0.4-SNAPSHOT.jar:na]
	at org.evosuite.TestSuiteGenerator.generateTests(TestSuiteGenerator.java:654) [evosuite-client-1.0.4-SNAPSHOT.jar:na]
	at org.evosuite.TestSuiteGenerator.generateTestSuite(TestSuiteGenerator.java:213) [evosuite-client-1.0.4-SNAPSHOT.jar:na]
	at org.evosuite.rmi.service.ClientNodeImpl$1.run(ClientNodeImpl.java:145) [evosuite-client-1.0.4-SNAPSHOT.jar:na]
	at java.util.concurrent.Executors$RunnableAdapter.call(Executors.java:511) [na:1.8.0_265]
	at java.util.concurrent.FutureTask.run(FutureTask.java:266) [na:1.8.0_265]
	at java.util.concurrent.ThreadPoolExecutor.runWorker(ThreadPoolExecutor.java:1149) [na:1.8.0_265]
	at java.util.concurrent.ThreadPoolExecutor$Worker.run(ThreadPoolExecutor.java:624) [na:1.8.0_265]
	at java.lang.Thread.run(Thread.java:748) [na:1.8.0_265]
Aug 20, 2020 10:18:58 AM org.openqa.selenium.remote.ProtocolHandshake createSession
[MASTER] 18:18:58.745 [Thread-3] ERROR ExternalProcessHandler - Aug 20, 2020 10:18:58 AM org.openqa.selenium.remote.ProtocolHandshake createSession

INFO: Detected dialect: OSS
[MASTER] 18:18:58.745 [Thread-3] ERROR ExternalProcessHandler - INFO: Detected dialect: OSS

Aug 20, 2020 10:19:02 AM org.openqa.selenium.remote.ProtocolHandshake createSession
[MASTER] 18:19:02.998 [Thread-3] ERROR ExternalProcessHandler - Aug 20, 2020 10:19:02 AM org.openqa.selenium.remote.ProtocolHandshake createSession

INFO: Detected dialect: OSS
[MASTER] 18:19:02.998 [Thread-3] ERROR ExternalProcessHandler - INFO: Detected dialect: OSS

Aug 20, 2020 10:19:11 AM org.openqa.selenium.remote.ProtocolHandshake createSession
[MASTER] 18:19:11.966 [Thread-3] ERROR ExternalProcessHandler - Aug 20, 2020 10:19:11 AM org.openqa.selenium.remote.ProtocolHandshake createSession

INFO: Detected dialect: OSS
[MASTER] 18:19:11.966 [Thread-3] ERROR ExternalProcessHandler - INFO: Detected dialect: OSS

Aug 20, 2020 10:19:25 AM org.openqa.selenium.remote.ProtocolHandshake createSession
[MASTER] 18:19:25.457 [Thread-3] ERROR ExternalProcessHandler - Aug 20, 2020 10:19:25 AM org.openqa.selenium.remote.ProtocolHandshake createSession

INFO: Detected dialect: OSS
[MASTER] 18:19:25.457 [Thread-3] ERROR ExternalProcessHandler - INFO: Detected dialect: OSS

[MASTER] 18:19:43.170 [logback-2] ERROR TestCaseExecutor - TG: Exception caught: 
java.lang.IllegalStateException: Test generation failed: page object bug.
	at org.evosuite.testcase.execution.TestCaseExecutor.runTest(TestCaseExecutor.java:322) ~[evosuite-client-1.0.4-SNAPSHOT.jar:na]
	at org.evosuite.testcase.TestFitnessFunction.runTest(TestFitnessFunction.java:91) [evosuite-client-1.0.4-SNAPSHOT.jar:na]
	at org.evosuite.testcase.TestFitnessFunction.getFitness(TestFitnessFunction.java:60) [evosuite-client-1.0.4-SNAPSHOT.jar:na]
	at org.evosuite.testcase.TestFitnessFunction.getFitness(TestFitnessFunction.java:34) [evosuite-client-1.0.4-SNAPSHOT.jar:na]
	at org.evosuite.ga.metaheuristics.mosa.MOSA.calculateFitness(MOSA.java:155) [evosuite-client-1.0.4-SNAPSHOT.jar:na]
	at org.evosuite.ga.metaheuristics.mosa.AbstractMOSA.breedNextGeneration(AbstractMOSA.java:153) [evosuite-client-1.0.4-SNAPSHOT.jar:na]
	at org.evosuite.ga.metaheuristics.mosa.MOSA.evolve(MOSA.java:89) [evosuite-client-1.0.4-SNAPSHOT.jar:na]
	at org.evosuite.ga.metaheuristics.mosa.MOSA.generateSolution(MOSA.java:205) [evosuite-client-1.0.4-SNAPSHOT.jar:na]
	at org.evosuite.strategy.MOSuiteStrategy.generateTests(MOSuiteStrategy.java:127) [evosuite-client-1.0.4-SNAPSHOT.jar:na]
	at org.evosuite.TestSuiteGenerator.generateTests(TestSuiteGenerator.java:654) [evosuite-client-1.0.4-SNAPSHOT.jar:na]
	at org.evosuite.TestSuiteGenerator.generateTestSuite(TestSuiteGenerator.java:213) [evosuite-client-1.0.4-SNAPSHOT.jar:na]
	at org.evosuite.rmi.service.ClientNodeImpl$1.run(ClientNodeImpl.java:145) [evosuite-client-1.0.4-SNAPSHOT.jar:na]
	at java.util.concurrent.Executors$RunnableAdapter.call(Executors.java:511) [na:1.8.0_265]
	at java.util.concurrent.FutureTask.run(FutureTask.java:266) [na:1.8.0_265]
	at java.util.concurrent.ThreadPoolExecutor.runWorker(ThreadPoolExecutor.java:1149) [na:1.8.0_265]
	at java.util.concurrent.ThreadPoolExecutor$Worker.run(ThreadPoolExecutor.java:624) [na:1.8.0_265]
	at java.lang.Thread.run(Thread.java:748) [na:1.8.0_265]
Aug 20, 2020 10:19:43 AM org.openqa.selenium.remote.ProtocolHandshake createSession
[MASTER] 18:19:43.364 [Thread-3] ERROR ExternalProcessHandler - Aug 20, 2020 10:19:43 AM org.openqa.selenium.remote.ProtocolHandshake createSession

INFO: Detected dialect: OSS
[MASTER] 18:19:43.364 [Thread-3] ERROR ExternalProcessHandler - INFO: Detected dialect: OSS

Aug 20, 2020 10:19:49 AM org.openqa.selenium.remote.ProtocolHandshake createSession
[MASTER] 18:19:49.333 [Thread-3] ERROR ExternalProcessHandler - Aug 20, 2020 10:19:49 AM org.openqa.selenium.remote.ProtocolHandshake createSession

INFO: Detected dialect: OSS
[MASTER] 18:19:49.333 [Thread-3] ERROR ExternalProcessHandler - INFO: Detected dialect: OSS

Aug 20, 2020 10:20:00 AM org.openqa.selenium.remote.ProtocolHandshake createSession
[MASTER] 18:20:00.184 [Thread-3] ERROR ExternalProcessHandler - Aug 20, 2020 10:20:00 AM org.openqa.selenium.remote.ProtocolHandshake createSession

INFO: Detected dialect: OSS
[MASTER] 18:20:00.185 [Thread-3] ERROR ExternalProcessHandler - INFO: Detected dialect: OSS

Aug 20, 2020 10:20:15 AM org.openqa.selenium.remote.ProtocolHandshake createSession
[MASTER] 18:20:15.924 [Thread-3] ERROR ExternalProcessHandler - Aug 20, 2020 10:20:15 AM org.openqa.selenium.remote.ProtocolHandshake createSession

INFO: Detected dialect: OSS
[MASTER] 18:20:15.924 [Thread-3] ERROR ExternalProcessHandler - INFO: Detected dialect: OSS

[MASTER] 18:20:36.252 [logback-2] ERROR TestCaseExecutor - TG: Exception caught: 
java.lang.IllegalStateException: Test generation failed: page object bug.
	at org.evosuite.testcase.execution.TestCaseExecutor.runTest(TestCaseExecutor.java:322) ~[evosuite-client-1.0.4-SNAPSHOT.jar:na]
	at org.evosuite.testcase.TestFitnessFunction.runTest(TestFitnessFunction.java:91) [evosuite-client-1.0.4-SNAPSHOT.jar:na]
	at org.evosuite.testcase.TestFitnessFunction.getFitness(TestFitnessFunction.java:60) [evosuite-client-1.0.4-SNAPSHOT.jar:na]
	at org.evosuite.testcase.TestFitnessFunction.getFitness(TestFitnessFunction.java:34) [evosuite-client-1.0.4-SNAPSHOT.jar:na]
	at org.evosuite.ga.metaheuristics.mosa.MOSA.calculateFitness(MOSA.java:155) [evosuite-client-1.0.4-SNAPSHOT.jar:na]
	at org.evosuite.ga.metaheuristics.mosa.AbstractMOSA.breedNextGeneration(AbstractMOSA.java:144) [evosuite-client-1.0.4-SNAPSHOT.jar:na]
	at org.evosuite.ga.metaheuristics.mosa.MOSA.evolve(MOSA.java:89) [evosuite-client-1.0.4-SNAPSHOT.jar:na]
	at org.evosuite.ga.metaheuristics.mosa.MOSA.generateSolution(MOSA.java:205) [evosuite-client-1.0.4-SNAPSHOT.jar:na]
	at org.evosuite.strategy.MOSuiteStrategy.generateTests(MOSuiteStrategy.java:127) [evosuite-client-1.0.4-SNAPSHOT.jar:na]
	at org.evosuite.TestSuiteGenerator.generateTests(TestSuiteGenerator.java:654) [evosuite-client-1.0.4-SNAPSHOT.jar:na]
	at org.evosuite.TestSuiteGenerator.generateTestSuite(TestSuiteGenerator.java:213) [evosuite-client-1.0.4-SNAPSHOT.jar:na]
	at org.evosuite.rmi.service.ClientNodeImpl$1.run(ClientNodeImpl.java:145) [evosuite-client-1.0.4-SNAPSHOT.jar:na]
	at java.util.concurrent.Executors$RunnableAdapter.call(Executors.java:511) [na:1.8.0_265]
	at java.util.concurrent.FutureTask.run(FutureTask.java:266) [na:1.8.0_265]
	at java.util.concurrent.ThreadPoolExecutor.runWorker(ThreadPoolExecutor.java:1149) [na:1.8.0_265]
	at java.util.concurrent.ThreadPoolExecutor$Worker.run(ThreadPoolExecutor.java:624) [na:1.8.0_265]
	at java.lang.Thread.run(Thread.java:748) [na:1.8.0_265]
Aug 20, 2020 10:20:36 AM org.openqa.selenium.remote.ProtocolHandshake createSession
[MASTER] 18:20:36.441 [Thread-3] ERROR ExternalProcessHandler - Aug 20, 2020 10:20:36 AM org.openqa.selenium.remote.ProtocolHandshake createSession

INFO: Detected dialect: OSS
[MASTER] 18:20:36.441 [Thread-3] ERROR ExternalProcessHandler - INFO: Detected dialect: OSS

Aug 20, 2020 10:20:38 AM org.openqa.selenium.remote.ProtocolHandshake createSession
[MASTER] 18:20:38.323 [Thread-3] ERROR ExternalProcessHandler - Aug 20, 2020 10:20:38 AM org.openqa.selenium.remote.ProtocolHandshake createSession

INFO: Detected dialect: OSS
[MASTER] 18:20:38.323 [Thread-3] ERROR ExternalProcessHandler - INFO: Detected dialect: OSS

Aug 20, 2020 10:20:39 AM org.openqa.selenium.remote.ProtocolHandshake createSession
[MASTER] 18:20:39.163 [Thread-3] ERROR ExternalProcessHandler - Aug 20, 2020 10:20:39 AM org.openqa.selenium.remote.ProtocolHandshake createSession

INFO: Detected dialect: OSS
[MASTER] 18:20:39.163 [Thread-3] ERROR ExternalProcessHandler - INFO: Detected dialect: OSS

Aug 20, 2020 10:20:40 AM po_utils.PageObjectLogging logInfo
[MASTER] 18:20:40.530 [Thread-3] ERROR ExternalProcessHandler - Aug 20, 2020 10:20:40 AM po_utils.PageObjectLogging logInfo

INFO: waitForElementBeingPresentOnPage timeout exception: unable to locate the element By.xpath: //button[text()="Create a new session"]
[MASTER] 18:20:40.531 [Thread-3] ERROR ExternalProcessHandler - INFO: waitForElementBeingPresentOnPage timeout exception: unable to locate the element By.xpath: //button[text()="Create a new session"]


[MASTER] 18:20:40.531 [Thread-3] ERROR ExternalProcessHandler - 


[MASTER] 18:20:40.531 [Thread-3] ERROR ExternalProcessHandler - 

Aug 20, 2020 10:20:42 AM org.openqa.selenium.remote.ProtocolHandshake createSession
[MASTER] 18:20:42.951 [Thread-3] ERROR ExternalProcessHandler - Aug 20, 2020 10:20:42 AM org.openqa.selenium.remote.ProtocolHandshake createSession

INFO: Detected dialect: OSS
[MASTER] 18:20:42.951 [Thread-3] ERROR ExternalProcessHandler - INFO: Detected dialect: OSS

Aug 20, 2020 10:20:47 AM org.openqa.selenium.remote.ProtocolHandshake createSession
[MASTER] 18:20:47.955 [Thread-3] ERROR ExternalProcessHandler - Aug 20, 2020 10:20:47 AM org.openqa.selenium.remote.ProtocolHandshake createSession

INFO: Detected dialect: OSS
[MASTER] 18:20:47.955 [Thread-3] ERROR ExternalProcessHandler - INFO: Detected dialect: OSS

Aug 20, 2020 10:20:56 AM org.openqa.selenium.remote.ProtocolHandshake createSession
[MASTER] 18:20:56.502 [Thread-3] ERROR ExternalProcessHandler - Aug 20, 2020 10:20:56 AM org.openqa.selenium.remote.ProtocolHandshake createSession

INFO: Detected dialect: OSS
[MASTER] 18:20:56.502 [Thread-3] ERROR ExternalProcessHandler - INFO: Detected dialect: OSS

Aug 20, 2020 10:21:08 AM org.openqa.selenium.remote.ProtocolHandshake createSession
[MASTER] 18:21:08.622 [Thread-3] ERROR ExternalProcessHandler - Aug 20, 2020 10:21:08 AM org.openqa.selenium.remote.ProtocolHandshake createSession

INFO: Detected dialect: OSS
[MASTER] 18:21:08.623 [Thread-3] ERROR ExternalProcessHandler - INFO: Detected dialect: OSS

[MASTER] 18:21:23.981 [logback-2] ERROR TestCaseExecutor - TG: Exception caught: 
java.lang.IllegalStateException: Test generation failed: page object bug.
	at org.evosuite.testcase.execution.TestCaseExecutor.runTest(TestCaseExecutor.java:322) ~[evosuite-client-1.0.4-SNAPSHOT.jar:na]
	at org.evosuite.testcase.TestFitnessFunction.runTest(TestFitnessFunction.java:91) [evosuite-client-1.0.4-SNAPSHOT.jar:na]
	at org.evosuite.testcase.TestFitnessFunction.getFitness(TestFitnessFunction.java:60) [evosuite-client-1.0.4-SNAPSHOT.jar:na]
	at org.evosuite.testcase.TestFitnessFunction.getFitness(TestFitnessFunction.java:34) [evosuite-client-1.0.4-SNAPSHOT.jar:na]
	at org.evosuite.ga.metaheuristics.mosa.MOSA.calculateFitness(MOSA.java:155) [evosuite-client-1.0.4-SNAPSHOT.jar:na]
	at org.evosuite.ga.metaheuristics.mosa.AbstractMOSA.breedNextGeneration(AbstractMOSA.java:153) [evosuite-client-1.0.4-SNAPSHOT.jar:na]
	at org.evosuite.ga.metaheuristics.mosa.MOSA.evolve(MOSA.java:89) [evosuite-client-1.0.4-SNAPSHOT.jar:na]
	at org.evosuite.ga.metaheuristics.mosa.MOSA.generateSolution(MOSA.java:205) [evosuite-client-1.0.4-SNAPSHOT.jar:na]
	at org.evosuite.strategy.MOSuiteStrategy.generateTests(MOSuiteStrategy.java:127) [evosuite-client-1.0.4-SNAPSHOT.jar:na]
	at org.evosuite.TestSuiteGenerator.generateTests(TestSuiteGenerator.java:654) [evosuite-client-1.0.4-SNAPSHOT.jar:na]
	at org.evosuite.TestSuiteGenerator.generateTestSuite(TestSuiteGenerator.java:213) [evosuite-client-1.0.4-SNAPSHOT.jar:na]
	at org.evosuite.rmi.service.ClientNodeImpl$1.run(ClientNodeImpl.java:145) [evosuite-client-1.0.4-SNAPSHOT.jar:na]
	at java.util.concurrent.Executors$RunnableAdapter.call(Executors.java:511) [na:1.8.0_265]
	at java.util.concurrent.FutureTask.run(FutureTask.java:266) [na:1.8.0_265]
	at java.util.concurrent.ThreadPoolExecutor.runWorker(ThreadPoolExecutor.java:1149) [na:1.8.0_265]
	at java.util.concurrent.ThreadPoolExecutor$Worker.run(ThreadPoolExecutor.java:624) [na:1.8.0_265]
	at java.lang.Thread.run(Thread.java:748) [na:1.8.0_265]
Aug 20, 2020 10:21:24 AM org.openqa.selenium.remote.ProtocolHandshake createSession
[MASTER] 18:21:24.173 [Thread-3] ERROR ExternalProcessHandler - Aug 20, 2020 10:21:24 AM org.openqa.selenium.remote.ProtocolHandshake createSession

INFO: Detected dialect: OSS
[MASTER] 18:21:24.174 [Thread-3] ERROR ExternalProcessHandler - INFO: Detected dialect: OSS

Aug 20, 2020 10:21:25 AM org.openqa.selenium.remote.ProtocolHandshake createSession
[MASTER] 18:21:25.446 [Thread-3] ERROR ExternalProcessHandler - Aug 20, 2020 10:21:25 AM org.openqa.selenium.remote.ProtocolHandshake createSession

INFO: Detected dialect: OSS
[MASTER] 18:21:25.446 [Thread-3] ERROR ExternalProcessHandler - INFO: Detected dialect: OSS

Aug 20, 2020 10:21:28 AM org.openqa.selenium.remote.ProtocolHandshake createSession
[MASTER] 18:21:28.050 [Thread-3] ERROR ExternalProcessHandler - Aug 20, 2020 10:21:28 AM org.openqa.selenium.remote.ProtocolHandshake createSession

INFO: Detected dialect: OSS
[MASTER] 18:21:28.050 [Thread-3] ERROR ExternalProcessHandler - INFO: Detected dialect: OSS

Aug 20, 2020 10:21:36 AM org.openqa.selenium.remote.ProtocolHandshake createSession
[MASTER] 18:21:36.143 [Thread-3] ERROR ExternalProcessHandler - Aug 20, 2020 10:21:36 AM org.openqa.selenium.remote.ProtocolHandshake createSession

INFO: Detected dialect: OSS
[MASTER] 18:21:36.143 [Thread-3] ERROR ExternalProcessHandler - INFO: Detected dialect: OSS

Aug 20, 2020 10:21:50 AM org.openqa.selenium.remote.ProtocolHandshake createSession
[MASTER] 18:21:50.724 [Thread-3] ERROR ExternalProcessHandler - Aug 20, 2020 10:21:50 AM org.openqa.selenium.remote.ProtocolHandshake createSession

INFO: Detected dialect: OSS
[MASTER] 18:21:50.724 [Thread-3] ERROR ExternalProcessHandler - INFO: Detected dialect: OSS

Aug 20, 2020 10:22:11 AM org.openqa.selenium.remote.ProtocolHandshake createSession
[MASTER] 18:22:11.802 [Thread-3] ERROR ExternalProcessHandler - Aug 20, 2020 10:22:11 AM org.openqa.selenium.remote.ProtocolHandshake createSession

INFO: Detected dialect: OSS
[MASTER] 18:22:11.802 [Thread-3] ERROR ExternalProcessHandler - INFO: Detected dialect: OSS

[MASTER] 18:22:39.193 [logback-2] ERROR TestCaseExecutor - TG: Exception caught: 
java.lang.IllegalStateException: Test generation failed: page object bug.
	at org.evosuite.testcase.execution.TestCaseExecutor.runTest(TestCaseExecutor.java:322) ~[evosuite-client-1.0.4-SNAPSHOT.jar:na]
	at org.evosuite.testcase.TestFitnessFunction.runTest(TestFitnessFunction.java:91) [evosuite-client-1.0.4-SNAPSHOT.jar:na]
	at org.evosuite.testcase.TestFitnessFunction.getFitness(TestFitnessFunction.java:60) [evosuite-client-1.0.4-SNAPSHOT.jar:na]
	at org.evosuite.testcase.TestFitnessFunction.getFitness(TestFitnessFunction.java:34) [evosuite-client-1.0.4-SNAPSHOT.jar:na]
	at org.evosuite.ga.metaheuristics.mosa.MOSA.calculateFitness(MOSA.java:155) [evosuite-client-1.0.4-SNAPSHOT.jar:na]
	at org.evosuite.ga.metaheuristics.mosa.AbstractMOSA.breedNextGeneration(AbstractMOSA.java:144) [evosuite-client-1.0.4-SNAPSHOT.jar:na]
	at org.evosuite.ga.metaheuristics.mosa.MOSA.evolve(MOSA.java:89) [evosuite-client-1.0.4-SNAPSHOT.jar:na]
	at org.evosuite.ga.metaheuristics.mosa.MOSA.generateSolution(MOSA.java:205) [evosuite-client-1.0.4-SNAPSHOT.jar:na]
	at org.evosuite.strategy.MOSuiteStrategy.generateTests(MOSuiteStrategy.java:127) [evosuite-client-1.0.4-SNAPSHOT.jar:na]
	at org.evosuite.TestSuiteGenerator.generateTests(TestSuiteGenerator.java:654) [evosuite-client-1.0.4-SNAPSHOT.jar:na]
	at org.evosuite.TestSuiteGenerator.generateTestSuite(TestSuiteGenerator.java:213) [evosuite-client-1.0.4-SNAPSHOT.jar:na]
	at org.evosuite.rmi.service.ClientNodeImpl$1.run(ClientNodeImpl.java:145) [evosuite-client-1.0.4-SNAPSHOT.jar:na]
	at java.util.concurrent.Executors$RunnableAdapter.call(Executors.java:511) [na:1.8.0_265]
	at java.util.concurrent.FutureTask.run(FutureTask.java:266) [na:1.8.0_265]
	at java.util.concurrent.ThreadPoolExecutor.runWorker(ThreadPoolExecutor.java:1149) [na:1.8.0_265]
	at java.util.concurrent.ThreadPoolExecutor$Worker.run(ThreadPoolExecutor.java:624) [na:1.8.0_265]
	at java.lang.Thread.run(Thread.java:748) [na:1.8.0_265]
Aug 20, 2020 10:22:39 AM org.openqa.selenium.remote.ProtocolHandshake createSession
[MASTER] 18:22:39.379 [Thread-3] ERROR ExternalProcessHandler - Aug 20, 2020 10:22:39 AM org.openqa.selenium.remote.ProtocolHandshake createSession

INFO: Detected dialect: OSS
[MASTER] 18:22:39.379 [Thread-3] ERROR ExternalProcessHandler - INFO: Detected dialect: OSS

Aug 20, 2020 10:22:42 AM org.openqa.selenium.remote.ProtocolHandshake createSession
[MASTER] 18:22:42.330 [Thread-3] ERROR ExternalProcessHandler - Aug 20, 2020 10:22:42 AM org.openqa.selenium.remote.ProtocolHandshake createSession

INFO: Detected dialect: OSS
[MASTER] 18:22:42.331 [Thread-3] ERROR ExternalProcessHandler - INFO: Detected dialect: OSS

Aug 20, 2020 10:22:48 AM org.openqa.selenium.remote.ProtocolHandshake createSession
[MASTER] 18:22:48.271 [Thread-3] ERROR ExternalProcessHandler - Aug 20, 2020 10:22:48 AM org.openqa.selenium.remote.ProtocolHandshake createSession

INFO: Detected dialect: OSS
[MASTER] 18:22:48.271 [Thread-3] ERROR ExternalProcessHandler - INFO: Detected dialect: OSS

Aug 20, 2020 10:22:57 AM org.openqa.selenium.remote.ProtocolHandshake createSession
[MASTER] 18:22:57.364 [Thread-3] ERROR ExternalProcessHandler - Aug 20, 2020 10:22:57 AM org.openqa.selenium.remote.ProtocolHandshake createSession

INFO: Detected dialect: OSS
[MASTER] 18:22:57.364 [Thread-3] ERROR ExternalProcessHandler - INFO: Detected dialect: OSS

[MASTER] 18:23:09.273 [logback-2] ERROR TestCaseExecutor - TG: Exception caught: 
java.lang.IllegalStateException: Test generation failed: page object bug.
	at org.evosuite.testcase.execution.TestCaseExecutor.runTest(TestCaseExecutor.java:322) ~[evosuite-client-1.0.4-SNAPSHOT.jar:na]
	at org.evosuite.testcase.TestFitnessFunction.runTest(TestFitnessFunction.java:91) [evosuite-client-1.0.4-SNAPSHOT.jar:na]
	at org.evosuite.testcase.TestFitnessFunction.getFitness(TestFitnessFunction.java:60) [evosuite-client-1.0.4-SNAPSHOT.jar:na]
	at org.evosuite.testcase.TestFitnessFunction.getFitness(TestFitnessFunction.java:34) [evosuite-client-1.0.4-SNAPSHOT.jar:na]
	at org.evosuite.ga.metaheuristics.mosa.MOSA.calculateFitness(MOSA.java:155) [evosuite-client-1.0.4-SNAPSHOT.jar:na]
	at org.evosuite.ga.metaheuristics.mosa.AbstractMOSA.breedNextGeneration(AbstractMOSA.java:153) [evosuite-client-1.0.4-SNAPSHOT.jar:na]
	at org.evosuite.ga.metaheuristics.mosa.MOSA.evolve(MOSA.java:89) [evosuite-client-1.0.4-SNAPSHOT.jar:na]
	at org.evosuite.ga.metaheuristics.mosa.MOSA.generateSolution(MOSA.java:205) [evosuite-client-1.0.4-SNAPSHOT.jar:na]
	at org.evosuite.strategy.MOSuiteStrategy.generateTests(MOSuiteStrategy.java:127) [evosuite-client-1.0.4-SNAPSHOT.jar:na]
	at org.evosuite.TestSuiteGenerator.generateTests(TestSuiteGenerator.java:654) [evosuite-client-1.0.4-SNAPSHOT.jar:na]
	at org.evosuite.TestSuiteGenerator.generateTestSuite(TestSuiteGenerator.java:213) [evosuite-client-1.0.4-SNAPSHOT.jar:na]
	at org.evosuite.rmi.service.ClientNodeImpl$1.run(ClientNodeImpl.java:145) [evosuite-client-1.0.4-SNAPSHOT.jar:na]
	at java.util.concurrent.Executors$RunnableAdapter.call(Executors.java:511) [na:1.8.0_265]
	at java.util.concurrent.FutureTask.run(FutureTask.java:266) [na:1.8.0_265]
	at java.util.concurrent.ThreadPoolExecutor.runWorker(ThreadPoolExecutor.java:1149) [na:1.8.0_265]
	at java.util.concurrent.ThreadPoolExecutor$Worker.run(ThreadPoolExecutor.java:624) [na:1.8.0_265]
	at java.lang.Thread.run(Thread.java:748) [na:1.8.0_265]
Aug 20, 2020 10:23:09 AM org.openqa.selenium.remote.ProtocolHandshake createSession
[MASTER] 18:23:09.465 [Thread-3] ERROR ExternalProcessHandler - Aug 20, 2020 10:23:09 AM org.openqa.selenium.remote.ProtocolHandshake createSession

INFO: Detected dialect: OSS
[MASTER] 18:23:09.465 [Thread-3] ERROR ExternalProcessHandler - INFO: Detected dialect: OSS

Aug 20, 2020 10:23:10 AM org.openqa.selenium.remote.ProtocolHandshake createSession
[MASTER] 18:23:10.361 [Thread-3] ERROR ExternalProcessHandler - Aug 20, 2020 10:23:10 AM org.openqa.selenium.remote.ProtocolHandshake createSession

INFO: Detected dialect: OSS
[MASTER] 18:23:10.361 [Thread-3] ERROR ExternalProcessHandler - INFO: Detected dialect: OSS

Aug 20, 2020 10:23:11 AM org.openqa.selenium.remote.ProtocolHandshake createSession
[MASTER] 18:23:11.666 [Thread-3] ERROR ExternalProcessHandler - Aug 20, 2020 10:23:11 AM org.openqa.selenium.remote.ProtocolHandshake createSession

INFO: Detected dialect: OSS
[MASTER] 18:23:11.666 [Thread-3] ERROR ExternalProcessHandler - INFO: Detected dialect: OSS

Aug 20, 2020 10:23:13 AM org.openqa.selenium.remote.ProtocolHandshake createSession
[MASTER] 18:23:13.012 [Thread-3] ERROR ExternalProcessHandler - Aug 20, 2020 10:23:13 AM org.openqa.selenium.remote.ProtocolHandshake createSession

INFO: Detected dialect: OSS
[MASTER] 18:23:13.012 [Thread-3] ERROR ExternalProcessHandler - INFO: Detected dialect: OSS

Aug 20, 2020 10:23:14 AM org.openqa.selenium.remote.ProtocolHandshake createSession
[MASTER] 18:23:14.060 [Thread-3] ERROR ExternalProcessHandler - Aug 20, 2020 10:23:14 AM org.openqa.selenium.remote.ProtocolHandshake createSession

INFO: Detected dialect: OSS
[MASTER] 18:23:14.060 [Thread-3] ERROR ExternalProcessHandler - INFO: Detected dialect: OSS

Aug 20, 2020 10:23:15 AM org.openqa.selenium.remote.ProtocolHandshake createSession
[MASTER] 18:23:15.385 [Thread-3] ERROR ExternalProcessHandler - Aug 20, 2020 10:23:15 AM org.openqa.selenium.remote.ProtocolHandshake createSession

INFO: Detected dialect: OSS
[MASTER] 18:23:15.386 [Thread-3] ERROR ExternalProcessHandler - INFO: Detected dialect: OSS

Aug 20, 2020 10:23:16 AM org.openqa.selenium.remote.ProtocolHandshake createSession
[MASTER] 18:23:16.624 [Thread-3] ERROR ExternalProcessHandler - Aug 20, 2020 10:23:16 AM org.openqa.selenium.remote.ProtocolHandshake createSession

INFO: Detected dialect: OSS
[MASTER] 18:23:16.624 [Thread-3] ERROR ExternalProcessHandler - INFO: Detected dialect: OSS

Aug 20, 2020 10:23:17 AM org.openqa.selenium.remote.ProtocolHandshake createSession
[MASTER] 18:23:17.546 [Thread-3] ERROR ExternalProcessHandler - Aug 20, 2020 10:23:17 AM org.openqa.selenium.remote.ProtocolHandshake createSession

INFO: Detected dialect: OSS
[MASTER] 18:23:17.546 [Thread-3] ERROR ExternalProcessHandler - INFO: Detected dialect: OSS

Aug 20, 2020 10:23:23 AM org.openqa.selenium.remote.ProtocolHandshake createSession
[MASTER] 18:23:23.318 [Thread-3] ERROR ExternalProcessHandler - Aug 20, 2020 10:23:23 AM org.openqa.selenium.remote.ProtocolHandshake createSession

INFO: Detected dialect: OSS
[MASTER] 18:23:23.318 [Thread-3] ERROR ExternalProcessHandler - INFO: Detected dialect: OSS

Aug 20, 2020 10:23:35 AM org.openqa.selenium.remote.ProtocolHandshake createSession
[MASTER] 18:23:35.601 [Thread-3] ERROR ExternalProcessHandler - Aug 20, 2020 10:23:35 AM org.openqa.selenium.remote.ProtocolHandshake createSession

INFO: Detected dialect: OSS
[MASTER] 18:23:35.602 [Thread-3] ERROR ExternalProcessHandler - INFO: Detected dialect: OSS

Aug 20, 2020 10:23:54 AM org.openqa.selenium.remote.ProtocolHandshake createSession
[MASTER] 18:23:54.272 [Thread-3] ERROR ExternalProcessHandler - Aug 20, 2020 10:23:54 AM org.openqa.selenium.remote.ProtocolHandshake createSession

INFO: Detected dialect: OSS
[MASTER] 18:23:54.273 [Thread-3] ERROR ExternalProcessHandler - INFO: Detected dialect: OSS

[MASTER] 18:24:19.120 [logback-2] ERROR TestCaseExecutor - TG: Exception caught: 
java.lang.IllegalStateException: Test generation failed: page object bug.
	at org.evosuite.testcase.execution.TestCaseExecutor.runTest(TestCaseExecutor.java:322) ~[evosuite-client-1.0.4-SNAPSHOT.jar:na]
	at org.evosuite.testcase.TestFitnessFunction.runTest(TestFitnessFunction.java:91) [evosuite-client-1.0.4-SNAPSHOT.jar:na]
	at org.evosuite.testcase.TestFitnessFunction.getFitness(TestFitnessFunction.java:60) [evosuite-client-1.0.4-SNAPSHOT.jar:na]
	at org.evosuite.testcase.TestFitnessFunction.getFitness(TestFitnessFunction.java:34) [evosuite-client-1.0.4-SNAPSHOT.jar:na]
	at org.evosuite.ga.metaheuristics.mosa.MOSA.calculateFitness(MOSA.java:155) [evosuite-client-1.0.4-SNAPSHOT.jar:na]
	at org.evosuite.ga.metaheuristics.mosa.AbstractMOSA.breedNextGeneration(AbstractMOSA.java:153) [evosuite-client-1.0.4-SNAPSHOT.jar:na]
	at org.evosuite.ga.metaheuristics.mosa.MOSA.evolve(MOSA.java:89) [evosuite-client-1.0.4-SNAPSHOT.jar:na]
	at org.evosuite.ga.metaheuristics.mosa.MOSA.generateSolution(MOSA.java:205) [evosuite-client-1.0.4-SNAPSHOT.jar:na]
	at org.evosuite.strategy.MOSuiteStrategy.generateTests(MOSuiteStrategy.java:127) [evosuite-client-1.0.4-SNAPSHOT.jar:na]
	at org.evosuite.TestSuiteGenerator.generateTests(TestSuiteGenerator.java:654) [evosuite-client-1.0.4-SNAPSHOT.jar:na]
	at org.evosuite.TestSuiteGenerator.generateTestSuite(TestSuiteGenerator.java:213) [evosuite-client-1.0.4-SNAPSHOT.jar:na]
	at org.evosuite.rmi.service.ClientNodeImpl$1.run(ClientNodeImpl.java:145) [evosuite-client-1.0.4-SNAPSHOT.jar:na]
	at java.util.concurrent.Executors$RunnableAdapter.call(Executors.java:511) [na:1.8.0_265]
	at java.util.concurrent.FutureTask.run(FutureTask.java:266) [na:1.8.0_265]
	at java.util.concurrent.ThreadPoolExecutor.runWorker(ThreadPoolExecutor.java:1149) [na:1.8.0_265]
	at java.util.concurrent.ThreadPoolExecutor$Worker.run(ThreadPoolExecutor.java:624) [na:1.8.0_265]
	at java.lang.Thread.run(Thread.java:748) [na:1.8.0_265]
Aug 20, 2020 10:24:19 AM org.openqa.selenium.remote.ProtocolHandshake createSession
[MASTER] 18:24:19.309 [Thread-3] ERROR ExternalProcessHandler - Aug 20, 2020 10:24:19 AM org.openqa.selenium.remote.ProtocolHandshake createSession

INFO: Detected dialect: OSS
[MASTER] 18:24:19.310 [Thread-3] ERROR ExternalProcessHandler - INFO: Detected dialect: OSS

Aug 20, 2020 10:24:22 AM org.openqa.selenium.remote.ProtocolHandshake createSession
[MASTER] 18:24:22.941 [Thread-3] ERROR ExternalProcessHandler - Aug 20, 2020 10:24:22 AM org.openqa.selenium.remote.ProtocolHandshake createSession

INFO: Detected dialect: OSS
[MASTER] 18:24:22.941 [Thread-3] ERROR ExternalProcessHandler - INFO: Detected dialect: OSS

Aug 20, 2020 10:24:36 AM org.openqa.selenium.remote.ProtocolHandshake createSession
[MASTER] 18:24:36.021 [Thread-3] ERROR ExternalProcessHandler - Aug 20, 2020 10:24:36 AM org.openqa.selenium.remote.ProtocolHandshake createSession

INFO: Detected dialect: OSS
[MASTER] 18:24:36.022 [Thread-3] ERROR ExternalProcessHandler - INFO: Detected dialect: OSS

Aug 20, 2020 10:24:58 AM org.openqa.selenium.remote.ProtocolHandshake createSession
[MASTER] 18:24:58.402 [Thread-3] ERROR ExternalProcessHandler - Aug 20, 2020 10:24:58 AM org.openqa.selenium.remote.ProtocolHandshake createSession

INFO: Detected dialect: OSS
[MASTER] 18:24:58.402 [Thread-3] ERROR ExternalProcessHandler - INFO: Detected dialect: OSS

[MASTER] 18:25:30.158 [logback-2] ERROR TestCaseExecutor - TG: Exception caught: 
java.lang.IllegalStateException: Test generation failed: page object bug.
	at org.evosuite.testcase.execution.TestCaseExecutor.runTest(TestCaseExecutor.java:322) ~[evosuite-client-1.0.4-SNAPSHOT.jar:na]
	at org.evosuite.testcase.TestFitnessFunction.runTest(TestFitnessFunction.java:91) [evosuite-client-1.0.4-SNAPSHOT.jar:na]
	at org.evosuite.testcase.TestFitnessFunction.getFitness(TestFitnessFunction.java:60) [evosuite-client-1.0.4-SNAPSHOT.jar:na]
	at org.evosuite.testcase.TestFitnessFunction.getFitness(TestFitnessFunction.java:34) [evosuite-client-1.0.4-SNAPSHOT.jar:na]
	at org.evosuite.ga.metaheuristics.mosa.MOSA.calculateFitness(MOSA.java:155) [evosuite-client-1.0.4-SNAPSHOT.jar:na]
	at org.evosuite.ga.metaheuristics.mosa.AbstractMOSA.breedNextGeneration(AbstractMOSA.java:144) [evosuite-client-1.0.4-SNAPSHOT.jar:na]
	at org.evosuite.ga.metaheuristics.mosa.MOSA.evolve(MOSA.java:89) [evosuite-client-1.0.4-SNAPSHOT.jar:na]
	at org.evosuite.ga.metaheuristics.mosa.MOSA.generateSolution(MOSA.java:205) [evosuite-client-1.0.4-SNAPSHOT.jar:na]
	at org.evosuite.strategy.MOSuiteStrategy.generateTests(MOSuiteStrategy.java:127) [evosuite-client-1.0.4-SNAPSHOT.jar:na]
	at org.evosuite.TestSuiteGenerator.generateTests(TestSuiteGenerator.java:654) [evosuite-client-1.0.4-SNAPSHOT.jar:na]
	at org.evosuite.TestSuiteGenerator.generateTestSuite(TestSuiteGenerator.java:213) [evosuite-client-1.0.4-SNAPSHOT.jar:na]
	at org.evosuite.rmi.service.ClientNodeImpl$1.run(ClientNodeImpl.java:145) [evosuite-client-1.0.4-SNAPSHOT.jar:na]
	at java.util.concurrent.Executors$RunnableAdapter.call(Executors.java:511) [na:1.8.0_265]
	at java.util.concurrent.FutureTask.run(FutureTask.java:266) [na:1.8.0_265]
	at java.util.concurrent.ThreadPoolExecutor.runWorker(ThreadPoolExecutor.java:1149) [na:1.8.0_265]
	at java.util.concurrent.ThreadPoolExecutor$Worker.run(ThreadPoolExecutor.java:624) [na:1.8.0_265]
	at java.lang.Thread.run(Thread.java:748) [na:1.8.0_265]
Aug 20, 2020 10:25:30 AM org.openqa.selenium.remote.ProtocolHandshake createSession
[MASTER] 18:25:30.311 [Thread-3] ERROR ExternalProcessHandler - Aug 20, 2020 10:25:30 AM org.openqa.selenium.remote.ProtocolHandshake createSession

INFO: Detected dialect: OSS
[MASTER] 18:25:30.311 [Thread-3] ERROR ExternalProcessHandler - INFO: Detected dialect: OSS

Aug 20, 2020 10:25:31 AM org.openqa.selenium.remote.ProtocolHandshake createSession
[MASTER] 18:25:31.587 [Thread-3] ERROR ExternalProcessHandler - Aug 20, 2020 10:25:31 AM org.openqa.selenium.remote.ProtocolHandshake createSession

INFO: Detected dialect: OSS
[MASTER] 18:25:31.587 [Thread-3] ERROR ExternalProcessHandler - INFO: Detected dialect: OSS

Aug 20, 2020 10:25:34 AM org.openqa.selenium.remote.ProtocolHandshake createSession
[MASTER] 18:25:34.491 [Thread-3] ERROR ExternalProcessHandler - Aug 20, 2020 10:25:34 AM org.openqa.selenium.remote.ProtocolHandshake createSession

INFO: Detected dialect: OSS
[MASTER] 18:25:34.491 [Thread-3] ERROR ExternalProcessHandler - INFO: Detected dialect: OSS

Aug 20, 2020 10:25:36 AM org.openqa.selenium.remote.ProtocolHandshake createSession
[MASTER] 18:25:36.881 [Thread-3] ERROR ExternalProcessHandler - Aug 20, 2020 10:25:36 AM org.openqa.selenium.remote.ProtocolHandshake createSession

INFO: Detected dialect: OSS
[MASTER] 18:25:36.881 [Thread-3] ERROR ExternalProcessHandler - INFO: Detected dialect: OSS

Aug 20, 2020 10:25:41 AM org.openqa.selenium.remote.ProtocolHandshake createSession
[MASTER] 18:25:41.713 [Thread-3] ERROR ExternalProcessHandler - Aug 20, 2020 10:25:41 AM org.openqa.selenium.remote.ProtocolHandshake createSession

INFO: Detected dialect: OSS
[MASTER] 18:25:41.714 [Thread-3] ERROR ExternalProcessHandler - INFO: Detected dialect: OSS

Aug 20, 2020 10:25:48 AM org.openqa.selenium.remote.ProtocolHandshake createSession
[MASTER] 18:25:48.946 [Thread-3] ERROR ExternalProcessHandler - Aug 20, 2020 10:25:48 AM org.openqa.selenium.remote.ProtocolHandshake createSession

INFO: Detected dialect: OSS
[MASTER] 18:25:48.947 [Thread-3] ERROR ExternalProcessHandler - INFO: Detected dialect: OSS

[MASTER] 18:25:58.467 [logback-2] ERROR TestCaseExecutor - TG: Exception caught: 
java.lang.IllegalStateException: Test generation failed: page object bug.
	at org.evosuite.testcase.execution.TestCaseExecutor.runTest(TestCaseExecutor.java:322) ~[evosuite-client-1.0.4-SNAPSHOT.jar:na]
	at org.evosuite.testcase.TestFitnessFunction.runTest(TestFitnessFunction.java:91) [evosuite-client-1.0.4-SNAPSHOT.jar:na]
	at org.evosuite.testcase.TestFitnessFunction.getFitness(TestFitnessFunction.java:60) [evosuite-client-1.0.4-SNAPSHOT.jar:na]
	at org.evosuite.testcase.TestFitnessFunction.getFitness(TestFitnessFunction.java:34) [evosuite-client-1.0.4-SNAPSHOT.jar:na]
	at org.evosuite.ga.metaheuristics.mosa.MOSA.calculateFitness(MOSA.java:155) [evosuite-client-1.0.4-SNAPSHOT.jar:na]
	at org.evosuite.ga.metaheuristics.mosa.AbstractMOSA.breedNextGeneration(AbstractMOSA.java:153) [evosuite-client-1.0.4-SNAPSHOT.jar:na]
	at org.evosuite.ga.metaheuristics.mosa.MOSA.evolve(MOSA.java:89) [evosuite-client-1.0.4-SNAPSHOT.jar:na]
	at org.evosuite.ga.metaheuristics.mosa.MOSA.generateSolution(MOSA.java:205) [evosuite-client-1.0.4-SNAPSHOT.jar:na]
	at org.evosuite.strategy.MOSuiteStrategy.generateTests(MOSuiteStrategy.java:127) [evosuite-client-1.0.4-SNAPSHOT.jar:na]
	at org.evosuite.TestSuiteGenerator.generateTests(TestSuiteGenerator.java:654) [evosuite-client-1.0.4-SNAPSHOT.jar:na]
	at org.evosuite.TestSuiteGenerator.generateTestSuite(TestSuiteGenerator.java:213) [evosuite-client-1.0.4-SNAPSHOT.jar:na]
	at org.evosuite.rmi.service.ClientNodeImpl$1.run(ClientNodeImpl.java:145) [evosuite-client-1.0.4-SNAPSHOT.jar:na]
	at java.util.concurrent.Executors$RunnableAdapter.call(Executors.java:511) [na:1.8.0_265]
	at java.util.concurrent.FutureTask.run(FutureTask.java:266) [na:1.8.0_265]
	at java.util.concurrent.ThreadPoolExecutor.runWorker(ThreadPoolExecutor.java:1149) [na:1.8.0_265]
	at java.util.concurrent.ThreadPoolExecutor$Worker.run(ThreadPoolExecutor.java:624) [na:1.8.0_265]
	at java.lang.Thread.run(Thread.java:748) [na:1.8.0_265]
Aug 20, 2020 10:25:58 AM org.openqa.selenium.remote.ProtocolHandshake createSession
[MASTER] 18:25:58.669 [Thread-3] ERROR ExternalProcessHandler - Aug 20, 2020 10:25:58 AM org.openqa.selenium.remote.ProtocolHandshake createSession

INFO: Detected dialect: OSS
[MASTER] 18:25:58.669 [Thread-3] ERROR ExternalProcessHandler - INFO: Detected dialect: OSS

Aug 20, 2020 10:26:03 AM org.openqa.selenium.remote.ProtocolHandshake createSession
[MASTER] 18:26:03.002 [Thread-3] ERROR ExternalProcessHandler - Aug 20, 2020 10:26:03 AM org.openqa.selenium.remote.ProtocolHandshake createSession

INFO: Detected dialect: OSS
[MASTER] 18:26:03.002 [Thread-3] ERROR ExternalProcessHandler - INFO: Detected dialect: OSS

Aug 20, 2020 10:26:11 AM org.openqa.selenium.remote.ProtocolHandshake createSession
[MASTER] 18:26:11.675 [Thread-3] ERROR ExternalProcessHandler - Aug 20, 2020 10:26:11 AM org.openqa.selenium.remote.ProtocolHandshake createSession

INFO: Detected dialect: OSS
[MASTER] 18:26:11.676 [Thread-3] ERROR ExternalProcessHandler - INFO: Detected dialect: OSS

Aug 20, 2020 10:26:24 AM org.openqa.selenium.remote.ProtocolHandshake createSession
[MASTER] 18:26:24.460 [Thread-3] ERROR ExternalProcessHandler - Aug 20, 2020 10:26:24 AM org.openqa.selenium.remote.ProtocolHandshake createSession

INFO: Detected dialect: OSS
[MASTER] 18:26:24.461 [Thread-3] ERROR ExternalProcessHandler - INFO: Detected dialect: OSS

[MASTER] 18:26:41.254 [logback-2] ERROR TestCaseExecutor - TG: Exception caught: 
java.lang.IllegalStateException: Test generation failed: page object bug.
	at org.evosuite.testcase.execution.TestCaseExecutor.runTest(TestCaseExecutor.java:322) ~[evosuite-client-1.0.4-SNAPSHOT.jar:na]
	at org.evosuite.testcase.TestFitnessFunction.runTest(TestFitnessFunction.java:91) [evosuite-client-1.0.4-SNAPSHOT.jar:na]
	at org.evosuite.testcase.TestFitnessFunction.getFitness(TestFitnessFunction.java:60) [evosuite-client-1.0.4-SNAPSHOT.jar:na]
	at org.evosuite.testcase.TestFitnessFunction.getFitness(TestFitnessFunction.java:34) [evosuite-client-1.0.4-SNAPSHOT.jar:na]
	at org.evosuite.ga.metaheuristics.mosa.MOSA.calculateFitness(MOSA.java:155) [evosuite-client-1.0.4-SNAPSHOT.jar:na]
	at org.evosuite.ga.metaheuristics.mosa.AbstractMOSA.breedNextGeneration(AbstractMOSA.java:144) [evosuite-client-1.0.4-SNAPSHOT.jar:na]
	at org.evosuite.ga.metaheuristics.mosa.MOSA.evolve(MOSA.java:89) [evosuite-client-1.0.4-SNAPSHOT.jar:na]
	at org.evosuite.ga.metaheuristics.mosa.MOSA.generateSolution(MOSA.java:205) [evosuite-client-1.0.4-SNAPSHOT.jar:na]
	at org.evosuite.strategy.MOSuiteStrategy.generateTests(MOSuiteStrategy.java:127) [evosuite-client-1.0.4-SNAPSHOT.jar:na]
	at org.evosuite.TestSuiteGenerator.generateTests(TestSuiteGenerator.java:654) [evosuite-client-1.0.4-SNAPSHOT.jar:na]
	at org.evosuite.TestSuiteGenerator.generateTestSuite(TestSuiteGenerator.java:213) [evosuite-client-1.0.4-SNAPSHOT.jar:na]
	at org.evosuite.rmi.service.ClientNodeImpl$1.run(ClientNodeImpl.java:145) [evosuite-client-1.0.4-SNAPSHOT.jar:na]
	at java.util.concurrent.Executors$RunnableAdapter.call(Executors.java:511) [na:1.8.0_265]
	at java.util.concurrent.FutureTask.run(FutureTask.java:266) [na:1.8.0_265]
	at java.util.concurrent.ThreadPoolExecutor.runWorker(ThreadPoolExecutor.java:1149) [na:1.8.0_265]
	at java.util.concurrent.ThreadPoolExecutor$Worker.run(ThreadPoolExecutor.java:624) [na:1.8.0_265]
	at java.lang.Thread.run(Thread.java:748) [na:1.8.0_265]
Aug 20, 2020 10:26:41 AM org.openqa.selenium.remote.ProtocolHandshake createSession
[MASTER] 18:26:41.416 [Thread-3] ERROR ExternalProcessHandler - Aug 20, 2020 10:26:41 AM org.openqa.selenium.remote.ProtocolHandshake createSession

INFO: Detected dialect: OSS
[MASTER] 18:26:41.416 [Thread-3] ERROR ExternalProcessHandler - INFO: Detected dialect: OSS

Aug 20, 2020 10:26:47 AM po_utils.PageObjectLogging logInfo
[MASTER] 18:26:47.644 [Thread-3] ERROR ExternalProcessHandler - Aug 20, 2020 10:26:47 AM po_utils.PageObjectLogging logInfo

INFO: waitForElementBeingPresentOnPage timeout exception: unable to locate the element By.xpath: //button[text()="Create a new session"]
[MASTER] 18:26:47.645 [Thread-3] ERROR ExternalProcessHandler - INFO: waitForElementBeingPresentOnPage timeout exception: unable to locate the element By.xpath: //button[text()="Create a new session"]


[MASTER] 18:26:47.645 [Thread-3] ERROR ExternalProcessHandler - 


[MASTER] 18:26:47.645 [Thread-3] ERROR ExternalProcessHandler - 

Aug 20, 2020 10:26:48 AM org.openqa.selenium.remote.ProtocolHandshake createSession
[MASTER] 18:26:48.208 [Thread-3] ERROR ExternalProcessHandler - Aug 20, 2020 10:26:48 AM org.openqa.selenium.remote.ProtocolHandshake createSession

INFO: Detected dialect: OSS
[MASTER] 18:26:48.209 [Thread-3] ERROR ExternalProcessHandler - INFO: Detected dialect: OSS

Aug 20, 2020 10:27:00 AM po_utils.PageObjectLogging logInfo
[MASTER] 18:27:00.065 [Thread-3] ERROR ExternalProcessHandler - Aug 20, 2020 10:27:00 AM po_utils.PageObjectLogging logInfo

INFO: waitForElementBeingPresentOnPage timeout exception: unable to locate the element By.xpath: //button[text()="Create a new session"]
[MASTER] 18:27:00.066 [Thread-3] ERROR ExternalProcessHandler - INFO: waitForElementBeingPresentOnPage timeout exception: unable to locate the element By.xpath: //button[text()="Create a new session"]


[MASTER] 18:27:00.066 [Thread-3] ERROR ExternalProcessHandler - 


[MASTER] 18:27:00.066 [Thread-3] ERROR ExternalProcessHandler - 

Aug 20, 2020 10:27:02 AM org.openqa.selenium.remote.ProtocolHandshake createSession
[MASTER] 18:27:02.154 [Thread-3] ERROR ExternalProcessHandler - Aug 20, 2020 10:27:02 AM org.openqa.selenium.remote.ProtocolHandshake createSession

INFO: Detected dialect: OSS
[MASTER] 18:27:02.154 [Thread-3] ERROR ExternalProcessHandler - INFO: Detected dialect: OSS

Aug 20, 2020 10:27:19 AM po_utils.PageObjectLogging logInfo
[MASTER] 18:27:19.637 [Thread-3] ERROR ExternalProcessHandler - Aug 20, 2020 10:27:19 AM po_utils.PageObjectLogging logInfo

INFO: waitForElementBeingPresentOnPage timeout exception: unable to locate the element By.xpath: //button[text()="Create a new session"]
[MASTER] 18:27:19.638 [Thread-3] ERROR ExternalProcessHandler - INFO: waitForElementBeingPresentOnPage timeout exception: unable to locate the element By.xpath: //button[text()="Create a new session"]


[MASTER] 18:27:19.638 [Thread-3] ERROR ExternalProcessHandler - 


[MASTER] 18:27:19.638 [Thread-3] ERROR ExternalProcessHandler - 

Aug 20, 2020 10:27:23 AM org.openqa.selenium.remote.ProtocolHandshake createSession
[MASTER] 18:27:23.259 [Thread-3] ERROR ExternalProcessHandler - Aug 20, 2020 10:27:23 AM org.openqa.selenium.remote.ProtocolHandshake createSession

INFO: Detected dialect: OSS
[MASTER] 18:27:23.259 [Thread-3] ERROR ExternalProcessHandler - INFO: Detected dialect: OSS

Aug 20, 2020 10:27:46 AM po_utils.PageObjectLogging logInfo
[MASTER] 18:27:46.283 [Thread-3] ERROR ExternalProcessHandler - Aug 20, 2020 10:27:46 AM po_utils.PageObjectLogging logInfo

INFO: waitForElementBeingPresentOnPage timeout exception: unable to locate the element By.xpath: //button[text()="Create a new session"]
[MASTER] 18:27:46.284 [Thread-3] ERROR ExternalProcessHandler - INFO: waitForElementBeingPresentOnPage timeout exception: unable to locate the element By.xpath: //button[text()="Create a new session"]


[MASTER] 18:27:46.284 [Thread-3] ERROR ExternalProcessHandler - 


[MASTER] 18:27:46.284 [Thread-3] ERROR ExternalProcessHandler - 

[MASTER] 18:27:51.322 [logback-2] ERROR TestCaseExecutor - TG: Exception caught: 
java.lang.IllegalStateException: Test generation failed: page object bug.
	at org.evosuite.testcase.execution.TestCaseExecutor.runTest(TestCaseExecutor.java:322) ~[evosuite-client-1.0.4-SNAPSHOT.jar:na]
	at org.evosuite.testcase.TestFitnessFunction.runTest(TestFitnessFunction.java:91) [evosuite-client-1.0.4-SNAPSHOT.jar:na]
	at org.evosuite.testcase.TestFitnessFunction.getFitness(TestFitnessFunction.java:60) [evosuite-client-1.0.4-SNAPSHOT.jar:na]
	at org.evosuite.testcase.TestFitnessFunction.getFitness(TestFitnessFunction.java:34) [evosuite-client-1.0.4-SNAPSHOT.jar:na]
	at org.evosuite.ga.metaheuristics.mosa.MOSA.calculateFitness(MOSA.java:155) [evosuite-client-1.0.4-SNAPSHOT.jar:na]
	at org.evosuite.ga.metaheuristics.mosa.AbstractMOSA.breedNextGeneration(AbstractMOSA.java:153) [evosuite-client-1.0.4-SNAPSHOT.jar:na]
	at org.evosuite.ga.metaheuristics.mosa.MOSA.evolve(MOSA.java:89) [evosuite-client-1.0.4-SNAPSHOT.jar:na]
	at org.evosuite.ga.metaheuristics.mosa.MOSA.generateSolution(MOSA.java:205) [evosuite-client-1.0.4-SNAPSHOT.jar:na]
	at org.evosuite.strategy.MOSuiteStrategy.generateTests(MOSuiteStrategy.java:127) [evosuite-client-1.0.4-SNAPSHOT.jar:na]
	at org.evosuite.TestSuiteGenerator.generateTests(TestSuiteGenerator.java:654) [evosuite-client-1.0.4-SNAPSHOT.jar:na]
	at org.evosuite.TestSuiteGenerator.generateTestSuite(TestSuiteGenerator.java:213) [evosuite-client-1.0.4-SNAPSHOT.jar:na]
	at org.evosuite.rmi.service.ClientNodeImpl$1.run(ClientNodeImpl.java:145) [evosuite-client-1.0.4-SNAPSHOT.jar:na]
	at java.util.concurrent.Executors$RunnableAdapter.call(Executors.java:511) [na:1.8.0_265]
	at java.util.concurrent.FutureTask.run(FutureTask.java:266) [na:1.8.0_265]
	at java.util.concurrent.ThreadPoolExecutor.runWorker(ThreadPoolExecutor.java:1149) [na:1.8.0_265]
	at java.util.concurrent.ThreadPoolExecutor$Worker.run(ThreadPoolExecutor.java:624) [na:1.8.0_265]
	at java.lang.Thread.run(Thread.java:748) [na:1.8.0_265]
Aug 20, 2020 10:27:51 AM org.openqa.selenium.remote.ProtocolHandshake createSession
[MASTER] 18:27:51.515 [Thread-3] ERROR ExternalProcessHandler - Aug 20, 2020 10:27:51 AM org.openqa.selenium.remote.ProtocolHandshake createSession

INFO: Detected dialect: OSS
[MASTER] 18:27:51.516 [Thread-3] ERROR ExternalProcessHandler - INFO: Detected dialect: OSS

Aug 20, 2020 10:27:53 AM org.openqa.selenium.remote.ProtocolHandshake createSession
[MASTER] 18:27:53.162 [Thread-3] ERROR ExternalProcessHandler - Aug 20, 2020 10:27:53 AM org.openqa.selenium.remote.ProtocolHandshake createSession

INFO: Detected dialect: OSS
[MASTER] 18:27:53.162 [Thread-3] ERROR ExternalProcessHandler - INFO: Detected dialect: OSS

Aug 20, 2020 10:27:54 AM org.openqa.selenium.remote.ProtocolHandshake createSession
[MASTER] 18:27:54.482 [Thread-3] ERROR ExternalProcessHandler - Aug 20, 2020 10:27:54 AM org.openqa.selenium.remote.ProtocolHandshake createSession

INFO: Detected dialect: OSS
[MASTER] 18:27:54.482 [Thread-3] ERROR ExternalProcessHandler - INFO: Detected dialect: OSS

Aug 20, 2020 10:27:56 AM org.openqa.selenium.remote.ProtocolHandshake createSession
[MASTER] 18:27:56.267 [Thread-3] ERROR ExternalProcessHandler - Aug 20, 2020 10:27:56 AM org.openqa.selenium.remote.ProtocolHandshake createSession

INFO: Detected dialect: OSS
[MASTER] 18:27:56.267 [Thread-3] ERROR ExternalProcessHandler - INFO: Detected dialect: OSS

Aug 20, 2020 10:27:57 AM org.openqa.selenium.remote.ProtocolHandshake createSession
[MASTER] 18:27:57.115 [Thread-3] ERROR ExternalProcessHandler - Aug 20, 2020 10:27:57 AM org.openqa.selenium.remote.ProtocolHandshake createSession

INFO: Detected dialect: OSS
[MASTER] 18:27:57.116 [Thread-3] ERROR ExternalProcessHandler - INFO: Detected dialect: OSS

Aug 20, 2020 10:27:58 AM org.openqa.selenium.remote.ProtocolHandshake createSession
[MASTER] 18:27:58.269 [Thread-3] ERROR ExternalProcessHandler - Aug 20, 2020 10:27:58 AM org.openqa.selenium.remote.ProtocolHandshake createSession

INFO: Detected dialect: OSS
[MASTER] 18:27:58.269 [Thread-3] ERROR ExternalProcessHandler - INFO: Detected dialect: OSS

Aug 20, 2020 10:27:59 AM org.openqa.selenium.remote.ProtocolHandshake createSession
[MASTER] 18:27:59.055 [Thread-3] ERROR ExternalProcessHandler - Aug 20, 2020 10:27:59 AM org.openqa.selenium.remote.ProtocolHandshake createSession

INFO: Detected dialect: OSS
[MASTER] 18:27:59.055 [Thread-3] ERROR ExternalProcessHandler - INFO: Detected dialect: OSS

Aug 20, 2020 10:28:00 AM org.openqa.selenium.remote.ProtocolHandshake createSession
[MASTER] 18:28:00.852 [Thread-3] ERROR ExternalProcessHandler - Aug 20, 2020 10:28:00 AM org.openqa.selenium.remote.ProtocolHandshake createSession

INFO: Detected dialect: OSS
[MASTER] 18:28:00.853 [Thread-3] ERROR ExternalProcessHandler - INFO: Detected dialect: OSS

Aug 20, 2020 10:28:02 AM org.openqa.selenium.remote.ProtocolHandshake createSession
[MASTER] 18:28:02.402 [Thread-3] ERROR ExternalProcessHandler - Aug 20, 2020 10:28:02 AM org.openqa.selenium.remote.ProtocolHandshake createSession

INFO: Detected dialect: OSS
[MASTER] 18:28:02.402 [Thread-3] ERROR ExternalProcessHandler - INFO: Detected dialect: OSS

Aug 20, 2020 10:28:04 AM po_utils.PageObjectLogging logInfo
[MASTER] 18:28:04.098 [Thread-3] ERROR ExternalProcessHandler - Aug 20, 2020 10:28:04 AM po_utils.PageObjectLogging logInfo

INFO: waitForElementBeingPresentOnPage timeout exception: unable to locate the element By.xpath: //button[text()="Create a new session"]
[MASTER] 18:28:04.099 [Thread-3] ERROR ExternalProcessHandler - INFO: waitForElementBeingPresentOnPage timeout exception: unable to locate the element By.xpath: //button[text()="Create a new session"]


[MASTER] 18:28:04.099 [Thread-3] ERROR ExternalProcessHandler - 


[MASTER] 18:28:04.099 [Thread-3] ERROR ExternalProcessHandler - 

Aug 20, 2020 10:28:04 AM org.openqa.selenium.remote.ProtocolHandshake createSession
[MASTER] 18:28:04.516 [Thread-3] ERROR ExternalProcessHandler - Aug 20, 2020 10:28:04 AM org.openqa.selenium.remote.ProtocolHandshake createSession

INFO: Detected dialect: OSS
[MASTER] 18:28:04.516 [Thread-3] ERROR ExternalProcessHandler - INFO: Detected dialect: OSS

Aug 20, 2020 10:28:05 AM org.openqa.selenium.remote.ProtocolHandshake createSession
[MASTER] 18:28:05.396 [Thread-3] ERROR ExternalProcessHandler - Aug 20, 2020 10:28:05 AM org.openqa.selenium.remote.ProtocolHandshake createSession

INFO: Detected dialect: OSS
[MASTER] 18:28:05.396 [Thread-3] ERROR ExternalProcessHandler - INFO: Detected dialect: OSS

Aug 20, 2020 10:28:08 AM org.openqa.selenium.remote.ProtocolHandshake createSession
[MASTER] 18:28:08.326 [Thread-3] ERROR ExternalProcessHandler - Aug 20, 2020 10:28:08 AM org.openqa.selenium.remote.ProtocolHandshake createSession

INFO: Detected dialect: OSS
[MASTER] 18:28:08.326 [Thread-3] ERROR ExternalProcessHandler - INFO: Detected dialect: OSS

Aug 20, 2020 10:28:15 AM org.openqa.selenium.remote.ProtocolHandshake createSession
[MASTER] 18:28:15.554 [Thread-3] ERROR ExternalProcessHandler - Aug 20, 2020 10:28:15 AM org.openqa.selenium.remote.ProtocolHandshake createSession

INFO: Detected dialect: OSS
[MASTER] 18:28:15.554 [Thread-3] ERROR ExternalProcessHandler - INFO: Detected dialect: OSS

Aug 20, 2020 10:28:27 AM org.openqa.selenium.remote.ProtocolHandshake createSession
[MASTER] 18:28:27.009 [Thread-3] ERROR ExternalProcessHandler - Aug 20, 2020 10:28:27 AM org.openqa.selenium.remote.ProtocolHandshake createSession

INFO: Detected dialect: OSS
[MASTER] 18:28:27.009 [Thread-3] ERROR ExternalProcessHandler - INFO: Detected dialect: OSS

[MASTER] 18:28:42.449 [logback-2] ERROR TestCaseExecutor - TG: Exception caught: 
java.lang.IllegalStateException: Test generation failed: page object bug.
	at org.evosuite.testcase.execution.TestCaseExecutor.runTest(TestCaseExecutor.java:322) ~[evosuite-client-1.0.4-SNAPSHOT.jar:na]
	at org.evosuite.testcase.TestFitnessFunction.runTest(TestFitnessFunction.java:91) [evosuite-client-1.0.4-SNAPSHOT.jar:na]
	at org.evosuite.testcase.TestFitnessFunction.getFitness(TestFitnessFunction.java:60) [evosuite-client-1.0.4-SNAPSHOT.jar:na]
	at org.evosuite.testcase.TestFitnessFunction.getFitness(TestFitnessFunction.java:34) [evosuite-client-1.0.4-SNAPSHOT.jar:na]
	at org.evosuite.ga.metaheuristics.mosa.MOSA.calculateFitness(MOSA.java:155) [evosuite-client-1.0.4-SNAPSHOT.jar:na]
	at org.evosuite.ga.metaheuristics.mosa.AbstractMOSA.breedNextGeneration(AbstractMOSA.java:169) [evosuite-client-1.0.4-SNAPSHOT.jar:na]
	at org.evosuite.ga.metaheuristics.mosa.MOSA.evolve(MOSA.java:89) [evosuite-client-1.0.4-SNAPSHOT.jar:na]
	at org.evosuite.ga.metaheuristics.mosa.MOSA.generateSolution(MOSA.java:205) [evosuite-client-1.0.4-SNAPSHOT.jar:na]
	at org.evosuite.strategy.MOSuiteStrategy.generateTests(MOSuiteStrategy.java:127) [evosuite-client-1.0.4-SNAPSHOT.jar:na]
	at org.evosuite.TestSuiteGenerator.generateTests(TestSuiteGenerator.java:654) [evosuite-client-1.0.4-SNAPSHOT.jar:na]
	at org.evosuite.TestSuiteGenerator.generateTestSuite(TestSuiteGenerator.java:213) [evosuite-client-1.0.4-SNAPSHOT.jar:na]
	at org.evosuite.rmi.service.ClientNodeImpl$1.run(ClientNodeImpl.java:145) [evosuite-client-1.0.4-SNAPSHOT.jar:na]
	at java.util.concurrent.Executors$RunnableAdapter.call(Executors.java:511) [na:1.8.0_265]
	at java.util.concurrent.FutureTask.run(FutureTask.java:266) [na:1.8.0_265]
	at java.util.concurrent.ThreadPoolExecutor.runWorker(ThreadPoolExecutor.java:1149) [na:1.8.0_265]
	at java.util.concurrent.ThreadPoolExecutor$Worker.run(ThreadPoolExecutor.java:624) [na:1.8.0_265]
	at java.lang.Thread.run(Thread.java:748) [na:1.8.0_265]
Aug 20, 2020 10:28:42 AM org.openqa.selenium.remote.ProtocolHandshake createSession
[MASTER] 18:28:42.641 [Thread-3] ERROR ExternalProcessHandler - Aug 20, 2020 10:28:42 AM org.openqa.selenium.remote.ProtocolHandshake createSession

INFO: Detected dialect: OSS
[MASTER] 18:28:42.642 [Thread-3] ERROR ExternalProcessHandler - INFO: Detected dialect: OSS

Aug 20, 2020 10:28:45 AM po_utils.PageObjectLogging logInfo
[MASTER] 18:28:45.792 [Thread-3] ERROR ExternalProcessHandler - Aug 20, 2020 10:28:45 AM po_utils.PageObjectLogging logInfo

INFO: waitForElementBeingPresentOnPage timeout exception: unable to locate the element By.xpath: //button[text()="Create a new session"]
[MASTER] 18:28:45.792 [Thread-3] ERROR ExternalProcessHandler - INFO: waitForElementBeingPresentOnPage timeout exception: unable to locate the element By.xpath: //button[text()="Create a new session"]


[MASTER] 18:28:45.792 [Thread-3] ERROR ExternalProcessHandler - 


[MASTER] 18:28:45.792 [Thread-3] ERROR ExternalProcessHandler - 

Aug 20, 2020 10:28:46 AM org.openqa.selenium.remote.ProtocolHandshake createSession
[MASTER] 18:28:46.236 [Thread-3] ERROR ExternalProcessHandler - Aug 20, 2020 10:28:46 AM org.openqa.selenium.remote.ProtocolHandshake createSession

INFO: Detected dialect: OSS
[MASTER] 18:28:46.236 [Thread-3] ERROR ExternalProcessHandler - INFO: Detected dialect: OSS

Aug 20, 2020 10:28:54 AM po_utils.PageObjectLogging logInfo
[MASTER] 18:28:54.204 [Thread-3] ERROR ExternalProcessHandler - Aug 20, 2020 10:28:54 AM po_utils.PageObjectLogging logInfo

INFO: waitForElementBeingPresentOnPage timeout exception: unable to locate the element By.xpath: //button[text()="Create a new session"]
[MASTER] 18:28:54.204 [Thread-3] ERROR ExternalProcessHandler - INFO: waitForElementBeingPresentOnPage timeout exception: unable to locate the element By.xpath: //button[text()="Create a new session"]


[MASTER] 18:28:54.204 [Thread-3] ERROR ExternalProcessHandler - 


[MASTER] 18:28:54.204 [Thread-3] ERROR ExternalProcessHandler - 

Aug 20, 2020 10:28:56 AM org.openqa.selenium.remote.ProtocolHandshake createSession
[MASTER] 18:28:56.242 [Thread-3] ERROR ExternalProcessHandler - Aug 20, 2020 10:28:56 AM org.openqa.selenium.remote.ProtocolHandshake createSession

INFO: Detected dialect: OSS
[MASTER] 18:28:56.242 [Thread-3] ERROR ExternalProcessHandler - INFO: Detected dialect: OSS

Aug 20, 2020 10:29:08 AM po_utils.PageObjectLogging logInfo
[MASTER] 18:29:08.647 [Thread-3] ERROR ExternalProcessHandler - Aug 20, 2020 10:29:08 AM po_utils.PageObjectLogging logInfo

INFO: waitForElementBeingPresentOnPage timeout exception: unable to locate the element By.xpath: //button[text()="Create a new session"]
[MASTER] 18:29:08.647 [Thread-3] ERROR ExternalProcessHandler - INFO: waitForElementBeingPresentOnPage timeout exception: unable to locate the element By.xpath: //button[text()="Create a new session"]


[MASTER] 18:29:08.647 [Thread-3] ERROR ExternalProcessHandler - 


[MASTER] 18:29:08.647 [Thread-3] ERROR ExternalProcessHandler - 

Aug 20, 2020 10:29:12 AM org.openqa.selenium.remote.ProtocolHandshake createSession
[MASTER] 18:29:12.175 [Thread-3] ERROR ExternalProcessHandler - Aug 20, 2020 10:29:12 AM org.openqa.selenium.remote.ProtocolHandshake createSession

INFO: Detected dialect: OSS
[MASTER] 18:29:12.175 [Thread-3] ERROR ExternalProcessHandler - INFO: Detected dialect: OSS

Aug 20, 2020 10:29:29 AM po_utils.PageObjectLogging logInfo
[MASTER] 18:29:29.288 [Thread-3] ERROR ExternalProcessHandler - Aug 20, 2020 10:29:29 AM po_utils.PageObjectLogging logInfo

INFO: waitForElementBeingPresentOnPage timeout exception: unable to locate the element By.xpath: //button[text()="Create a new session"]
[MASTER] 18:29:29.289 [Thread-3] ERROR ExternalProcessHandler - INFO: waitForElementBeingPresentOnPage timeout exception: unable to locate the element By.xpath: //button[text()="Create a new session"]


[MASTER] 18:29:29.289 [Thread-3] ERROR ExternalProcessHandler - 


[MASTER] 18:29:29.289 [Thread-3] ERROR ExternalProcessHandler - 

[MASTER] 18:29:34.239 [logback-2] ERROR TestCaseExecutor - TG: Exception caught: 
java.lang.IllegalStateException: Test generation failed: page object bug.
	at org.evosuite.testcase.execution.TestCaseExecutor.runTest(TestCaseExecutor.java:322) ~[evosuite-client-1.0.4-SNAPSHOT.jar:na]
	at org.evosuite.testcase.TestFitnessFunction.runTest(TestFitnessFunction.java:91) [evosuite-client-1.0.4-SNAPSHOT.jar:na]
	at org.evosuite.testcase.TestFitnessFunction.getFitness(TestFitnessFunction.java:60) [evosuite-client-1.0.4-SNAPSHOT.jar:na]
	at org.evosuite.testcase.TestFitnessFunction.getFitness(TestFitnessFunction.java:34) [evosuite-client-1.0.4-SNAPSHOT.jar:na]
	at org.evosuite.ga.metaheuristics.mosa.MOSA.calculateFitness(MOSA.java:155) [evosuite-client-1.0.4-SNAPSHOT.jar:na]
	at org.evosuite.ga.metaheuristics.mosa.AbstractMOSA.breedNextGeneration(AbstractMOSA.java:144) [evosuite-client-1.0.4-SNAPSHOT.jar:na]
	at org.evosuite.ga.metaheuristics.mosa.MOSA.evolve(MOSA.java:89) [evosuite-client-1.0.4-SNAPSHOT.jar:na]
	at org.evosuite.ga.metaheuristics.mosa.MOSA.generateSolution(MOSA.java:205) [evosuite-client-1.0.4-SNAPSHOT.jar:na]
	at org.evosuite.strategy.MOSuiteStrategy.generateTests(MOSuiteStrategy.java:127) [evosuite-client-1.0.4-SNAPSHOT.jar:na]
	at org.evosuite.TestSuiteGenerator.generateTests(TestSuiteGenerator.java:654) [evosuite-client-1.0.4-SNAPSHOT.jar:na]
	at org.evosuite.TestSuiteGenerator.generateTestSuite(TestSuiteGenerator.java:213) [evosuite-client-1.0.4-SNAPSHOT.jar:na]
	at org.evosuite.rmi.service.ClientNodeImpl$1.run(ClientNodeImpl.java:145) [evosuite-client-1.0.4-SNAPSHOT.jar:na]
	at java.util.concurrent.Executors$RunnableAdapter.call(Executors.java:511) [na:1.8.0_265]
	at java.util.concurrent.FutureTask.run(FutureTask.java:266) [na:1.8.0_265]
	at java.util.concurrent.ThreadPoolExecutor.runWorker(ThreadPoolExecutor.java:1149) [na:1.8.0_265]
	at java.util.concurrent.ThreadPoolExecutor$Worker.run(ThreadPoolExecutor.java:624) [na:1.8.0_265]
	at java.lang.Thread.run(Thread.java:748) [na:1.8.0_265]
Aug 20, 2020 10:29:34 AM org.openqa.selenium.remote.ProtocolHandshake createSession
[MASTER] 18:29:34.431 [Thread-3] ERROR ExternalProcessHandler - Aug 20, 2020 10:29:34 AM org.openqa.selenium.remote.ProtocolHandshake createSession

INFO: Detected dialect: OSS
[MASTER] 18:29:34.431 [Thread-3] ERROR ExternalProcessHandler - INFO: Detected dialect: OSS

Aug 20, 2020 10:29:36 AM org.openqa.selenium.remote.ProtocolHandshake createSession
[MASTER] 18:29:36.662 [Thread-3] ERROR ExternalProcessHandler - Aug 20, 2020 10:29:36 AM org.openqa.selenium.remote.ProtocolHandshake createSession

INFO: Detected dialect: OSS
[MASTER] 18:29:36.662 [Thread-3] ERROR ExternalProcessHandler - INFO: Detected dialect: OSS

Aug 20, 2020 10:29:37 AM org.openqa.selenium.remote.ProtocolHandshake createSession
[MASTER] 18:29:37.545 [Thread-3] ERROR ExternalProcessHandler - Aug 20, 2020 10:29:37 AM org.openqa.selenium.remote.ProtocolHandshake createSession

INFO: Detected dialect: OSS
[MASTER] 18:29:37.546 [Thread-3] ERROR ExternalProcessHandler - INFO: Detected dialect: OSS

Aug 20, 2020 10:29:38 AM org.openqa.selenium.remote.ProtocolHandshake createSession
[MASTER] 18:29:38.588 [Thread-3] ERROR ExternalProcessHandler - Aug 20, 2020 10:29:38 AM org.openqa.selenium.remote.ProtocolHandshake createSession

INFO: Detected dialect: OSS
[MASTER] 18:29:38.588 [Thread-3] ERROR ExternalProcessHandler - INFO: Detected dialect: OSS

Aug 20, 2020 10:29:41 AM po_utils.PageObjectLogging logInfo
[MASTER] 18:29:41.183 [Thread-3] ERROR ExternalProcessHandler - Aug 20, 2020 10:29:41 AM po_utils.PageObjectLogging logInfo

INFO: waitForElementBeingPresentOnPage timeout exception: unable to locate the element By.xpath: //button[text()="Create a new session"]
[MASTER] 18:29:41.184 [Thread-3] ERROR ExternalProcessHandler - INFO: waitForElementBeingPresentOnPage timeout exception: unable to locate the element By.xpath: //button[text()="Create a new session"]


[MASTER] 18:29:41.184 [Thread-3] ERROR ExternalProcessHandler - 


[MASTER] 18:29:41.184 [Thread-3] ERROR ExternalProcessHandler - 

Aug 20, 2020 10:29:43 AM org.openqa.selenium.remote.ProtocolHandshake createSession
[MASTER] 18:29:43.203 [Thread-3] ERROR ExternalProcessHandler - Aug 20, 2020 10:29:43 AM org.openqa.selenium.remote.ProtocolHandshake createSession

INFO: Detected dialect: OSS
[MASTER] 18:29:43.204 [Thread-3] ERROR ExternalProcessHandler - INFO: Detected dialect: OSS

Aug 20, 2020 10:29:48 AM po_utils.PageObjectLogging logInfo
[MASTER] 18:29:48.449 [Thread-3] ERROR ExternalProcessHandler - Aug 20, 2020 10:29:48 AM po_utils.PageObjectLogging logInfo

INFO: waitForElementBeingPresentOnPage timeout exception: unable to locate the element By.xpath: //button[text()="Create a new session"]
[MASTER] 18:29:48.450 [Thread-3] ERROR ExternalProcessHandler - INFO: waitForElementBeingPresentOnPage timeout exception: unable to locate the element By.xpath: //button[text()="Create a new session"]


[MASTER] 18:29:48.450 [Thread-3] ERROR ExternalProcessHandler - 


[MASTER] 18:29:48.450 [Thread-3] ERROR ExternalProcessHandler - 

Aug 20, 2020 10:29:54 AM org.openqa.selenium.remote.ProtocolHandshake createSession
[MASTER] 18:29:54.761 [Thread-3] ERROR ExternalProcessHandler - Aug 20, 2020 10:29:54 AM org.openqa.selenium.remote.ProtocolHandshake createSession

INFO: Detected dialect: OSS
[MASTER] 18:29:54.761 [Thread-3] ERROR ExternalProcessHandler - INFO: Detected dialect: OSS

Aug 20, 2020 10:30:02 AM po_utils.PageObjectLogging logInfo
[MASTER] 18:30:02.550 [Thread-3] ERROR ExternalProcessHandler - Aug 20, 2020 10:30:02 AM po_utils.PageObjectLogging logInfo

INFO: waitForElementBeingPresentOnPage timeout exception: unable to locate the element By.xpath: //button[text()="Create a new session"]
[MASTER] 18:30:02.551 [Thread-3] ERROR ExternalProcessHandler - INFO: waitForElementBeingPresentOnPage timeout exception: unable to locate the element By.xpath: //button[text()="Create a new session"]


[MASTER] 18:30:02.551 [Thread-3] ERROR ExternalProcessHandler - 


[MASTER] 18:30:02.551 [Thread-3] ERROR ExternalProcessHandler - 

Aug 20, 2020 10:30:13 AM org.openqa.selenium.remote.ProtocolHandshake createSession
[MASTER] 18:30:13.097 [Thread-3] ERROR ExternalProcessHandler - Aug 20, 2020 10:30:13 AM org.openqa.selenium.remote.ProtocolHandshake createSession

INFO: Detected dialect: OSS
[MASTER] 18:30:13.097 [Thread-3] ERROR ExternalProcessHandler - INFO: Detected dialect: OSS

Aug 20, 2020 10:30:23 AM po_utils.PageObjectLogging logInfo
[MASTER] 18:30:23.485 [Thread-3] ERROR ExternalProcessHandler - Aug 20, 2020 10:30:23 AM po_utils.PageObjectLogging logInfo

INFO: waitForElementBeingPresentOnPage timeout exception: unable to locate the element By.xpath: //button[text()="Create a new session"]
[MASTER] 18:30:23.486 [Thread-3] ERROR ExternalProcessHandler - INFO: waitForElementBeingPresentOnPage timeout exception: unable to locate the element By.xpath: //button[text()="Create a new session"]


[MASTER] 18:30:23.486 [Thread-3] ERROR ExternalProcessHandler - 


[MASTER] 18:30:23.486 [Thread-3] ERROR ExternalProcessHandler - 

[MASTER] 18:30:38.159 [logback-2] ERROR TestCaseExecutor - TG: Exception caught: 
java.lang.IllegalStateException: Test generation failed: page object bug.
	at org.evosuite.testcase.execution.TestCaseExecutor.runTest(TestCaseExecutor.java:322) ~[evosuite-client-1.0.4-SNAPSHOT.jar:na]
	at org.evosuite.testcase.TestFitnessFunction.runTest(TestFitnessFunction.java:91) [evosuite-client-1.0.4-SNAPSHOT.jar:na]
	at org.evosuite.testcase.TestFitnessFunction.getFitness(TestFitnessFunction.java:60) [evosuite-client-1.0.4-SNAPSHOT.jar:na]
	at org.evosuite.testcase.TestFitnessFunction.getFitness(TestFitnessFunction.java:34) [evosuite-client-1.0.4-SNAPSHOT.jar:na]
	at org.evosuite.ga.metaheuristics.mosa.MOSA.calculateFitness(MOSA.java:155) [evosuite-client-1.0.4-SNAPSHOT.jar:na]
	at org.evosuite.ga.metaheuristics.mosa.AbstractMOSA.breedNextGeneration(AbstractMOSA.java:144) [evosuite-client-1.0.4-SNAPSHOT.jar:na]
	at org.evosuite.ga.metaheuristics.mosa.MOSA.evolve(MOSA.java:89) [evosuite-client-1.0.4-SNAPSHOT.jar:na]
	at org.evosuite.ga.metaheuristics.mosa.MOSA.generateSolution(MOSA.java:205) [evosuite-client-1.0.4-SNAPSHOT.jar:na]
	at org.evosuite.strategy.MOSuiteStrategy.generateTests(MOSuiteStrategy.java:127) [evosuite-client-1.0.4-SNAPSHOT.jar:na]
	at org.evosuite.TestSuiteGenerator.generateTests(TestSuiteGenerator.java:654) [evosuite-client-1.0.4-SNAPSHOT.jar:na]
	at org.evosuite.TestSuiteGenerator.generateTestSuite(TestSuiteGenerator.java:213) [evosuite-client-1.0.4-SNAPSHOT.jar:na]
	at org.evosuite.rmi.service.ClientNodeImpl$1.run(ClientNodeImpl.java:145) [evosuite-client-1.0.4-SNAPSHOT.jar:na]
	at java.util.concurrent.Executors$RunnableAdapter.call(Executors.java:511) [na:1.8.0_265]
	at java.util.concurrent.FutureTask.run(FutureTask.java:266) [na:1.8.0_265]
	at java.util.concurrent.ThreadPoolExecutor.runWorker(ThreadPoolExecutor.java:1149) [na:1.8.0_265]
	at java.util.concurrent.ThreadPoolExecutor$Worker.run(ThreadPoolExecutor.java:624) [na:1.8.0_265]
	at java.lang.Thread.run(Thread.java:748) [na:1.8.0_265]
Aug 20, 2020 10:30:38 AM org.openqa.selenium.remote.ProtocolHandshake createSession
[MASTER] 18:30:38.308 [Thread-3] ERROR ExternalProcessHandler - Aug 20, 2020 10:30:38 AM org.openqa.selenium.remote.ProtocolHandshake createSession

INFO: Detected dialect: OSS
[MASTER] 18:30:38.308 [Thread-3] ERROR ExternalProcessHandler - INFO: Detected dialect: OSS

Aug 20, 2020 10:30:39 AM org.openqa.selenium.remote.ProtocolHandshake createSession
[MASTER] 18:30:39.285 [Thread-3] ERROR ExternalProcessHandler - Aug 20, 2020 10:30:39 AM org.openqa.selenium.remote.ProtocolHandshake createSession

INFO: Detected dialect: OSS
[MASTER] 18:30:39.285 [Thread-3] ERROR ExternalProcessHandler - INFO: Detected dialect: OSS

Aug 20, 2020 10:30:42 AM org.openqa.selenium.remote.ProtocolHandshake createSession
[MASTER] 18:30:42.873 [Thread-3] ERROR ExternalProcessHandler - Aug 20, 2020 10:30:42 AM org.openqa.selenium.remote.ProtocolHandshake createSession

INFO: Detected dialect: OSS
[MASTER] 18:30:42.873 [Thread-3] ERROR ExternalProcessHandler - INFO: Detected dialect: OSS

Aug 20, 2020 10:30:52 AM org.openqa.selenium.remote.ProtocolHandshake createSession
[MASTER] 18:30:52.146 [Thread-3] ERROR ExternalProcessHandler - Aug 20, 2020 10:30:52 AM org.openqa.selenium.remote.ProtocolHandshake createSession

INFO: Detected dialect: OSS
[MASTER] 18:30:52.146 [Thread-3] ERROR ExternalProcessHandler - INFO: Detected dialect: OSS

Aug 20, 2020 10:31:07 AM org.openqa.selenium.remote.ProtocolHandshake createSession
[MASTER] 18:31:07.021 [Thread-3] ERROR ExternalProcessHandler - Aug 20, 2020 10:31:07 AM org.openqa.selenium.remote.ProtocolHandshake createSession

INFO: Detected dialect: OSS
[MASTER] 18:31:07.022 [Thread-3] ERROR ExternalProcessHandler - INFO: Detected dialect: OSS

[MASTER] 18:31:27.353 [logback-2] ERROR TestCaseExecutor - TG: Exception caught: 
java.lang.IllegalStateException: Test generation failed: page object bug.
	at org.evosuite.testcase.execution.TestCaseExecutor.runTest(TestCaseExecutor.java:322) ~[evosuite-client-1.0.4-SNAPSHOT.jar:na]
	at org.evosuite.testcase.TestFitnessFunction.runTest(TestFitnessFunction.java:91) [evosuite-client-1.0.4-SNAPSHOT.jar:na]
	at org.evosuite.testcase.TestFitnessFunction.getFitness(TestFitnessFunction.java:60) [evosuite-client-1.0.4-SNAPSHOT.jar:na]
	at org.evosuite.testcase.TestFitnessFunction.getFitness(TestFitnessFunction.java:34) [evosuite-client-1.0.4-SNAPSHOT.jar:na]
	at org.evosuite.ga.metaheuristics.mosa.MOSA.calculateFitness(MOSA.java:155) [evosuite-client-1.0.4-SNAPSHOT.jar:na]
	at org.evosuite.ga.metaheuristics.mosa.AbstractMOSA.breedNextGeneration(AbstractMOSA.java:144) [evosuite-client-1.0.4-SNAPSHOT.jar:na]
	at org.evosuite.ga.metaheuristics.mosa.MOSA.evolve(MOSA.java:89) [evosuite-client-1.0.4-SNAPSHOT.jar:na]
	at org.evosuite.ga.metaheuristics.mosa.MOSA.generateSolution(MOSA.java:205) [evosuite-client-1.0.4-SNAPSHOT.jar:na]
	at org.evosuite.strategy.MOSuiteStrategy.generateTests(MOSuiteStrategy.java:127) [evosuite-client-1.0.4-SNAPSHOT.jar:na]
	at org.evosuite.TestSuiteGenerator.generateTests(TestSuiteGenerator.java:654) [evosuite-client-1.0.4-SNAPSHOT.jar:na]
	at org.evosuite.TestSuiteGenerator.generateTestSuite(TestSuiteGenerator.java:213) [evosuite-client-1.0.4-SNAPSHOT.jar:na]
	at org.evosuite.rmi.service.ClientNodeImpl$1.run(ClientNodeImpl.java:145) [evosuite-client-1.0.4-SNAPSHOT.jar:na]
	at java.util.concurrent.Executors$RunnableAdapter.call(Executors.java:511) [na:1.8.0_265]
	at java.util.concurrent.FutureTask.run(FutureTask.java:266) [na:1.8.0_265]
	at java.util.concurrent.ThreadPoolExecutor.runWorker(ThreadPoolExecutor.java:1149) [na:1.8.0_265]
	at java.util.concurrent.ThreadPoolExecutor$Worker.run(ThreadPoolExecutor.java:624) [na:1.8.0_265]
	at java.lang.Thread.run(Thread.java:748) [na:1.8.0_265]
Aug 20, 2020 10:31:27 AM org.openqa.selenium.remote.ProtocolHandshake createSession
[MASTER] 18:31:27.508 [Thread-3] ERROR ExternalProcessHandler - Aug 20, 2020 10:31:27 AM org.openqa.selenium.remote.ProtocolHandshake createSession

INFO: Detected dialect: OSS
[MASTER] 18:31:27.508 [Thread-3] ERROR ExternalProcessHandler - INFO: Detected dialect: OSS

Aug 20, 2020 10:31:30 AM po_utils.PageObjectLogging logInfo
[MASTER] 18:31:30.043 [Thread-3] ERROR ExternalProcessHandler - Aug 20, 2020 10:31:30 AM po_utils.PageObjectLogging logInfo

INFO: waitForElementBeingPresentOnPage timeout exception: unable to locate the element By.xpath: //button[text()="Create a new session"]
[MASTER] 18:31:30.045 [Thread-3] ERROR ExternalProcessHandler - INFO: waitForElementBeingPresentOnPage timeout exception: unable to locate the element By.xpath: //button[text()="Create a new session"]


[MASTER] 18:31:30.045 [Thread-3] ERROR ExternalProcessHandler - 


[MASTER] 18:31:30.045 [Thread-3] ERROR ExternalProcessHandler - 

Aug 20, 2020 10:31:30 AM org.openqa.selenium.remote.ProtocolHandshake createSession
[MASTER] 18:31:30.818 [Thread-3] ERROR ExternalProcessHandler - Aug 20, 2020 10:31:30 AM org.openqa.selenium.remote.ProtocolHandshake createSession

INFO: Detected dialect: OSS
[MASTER] 18:31:30.818 [Thread-3] ERROR ExternalProcessHandler - INFO: Detected dialect: OSS

Aug 20, 2020 10:31:39 AM po_utils.PageObjectLogging logInfo
[MASTER] 18:31:39.588 [Thread-3] ERROR ExternalProcessHandler - Aug 20, 2020 10:31:39 AM po_utils.PageObjectLogging logInfo

INFO: waitForElementBeingPresentOnPage timeout exception: unable to locate the element By.xpath: //button[text()="Create a new session"]
[MASTER] 18:31:39.589 [Thread-3] ERROR ExternalProcessHandler - INFO: waitForElementBeingPresentOnPage timeout exception: unable to locate the element By.xpath: //button[text()="Create a new session"]


[MASTER] 18:31:39.589 [Thread-3] ERROR ExternalProcessHandler - 


[MASTER] 18:31:39.589 [Thread-3] ERROR ExternalProcessHandler - 

Aug 20, 2020 10:31:42 AM org.openqa.selenium.remote.ProtocolHandshake createSession
[MASTER] 18:31:42.337 [Thread-3] ERROR ExternalProcessHandler - Aug 20, 2020 10:31:42 AM org.openqa.selenium.remote.ProtocolHandshake createSession

INFO: Detected dialect: OSS
[MASTER] 18:31:42.337 [Thread-3] ERROR ExternalProcessHandler - INFO: Detected dialect: OSS

Aug 20, 2020 10:31:56 AM po_utils.PageObjectLogging logInfo
[MASTER] 18:31:56.980 [Thread-3] ERROR ExternalProcessHandler - Aug 20, 2020 10:31:56 AM po_utils.PageObjectLogging logInfo

INFO: waitForElementBeingPresentOnPage timeout exception: unable to locate the element By.xpath: //button[text()="Create a new session"]
[MASTER] 18:31:56.981 [Thread-3] ERROR ExternalProcessHandler - INFO: waitForElementBeingPresentOnPage timeout exception: unable to locate the element By.xpath: //button[text()="Create a new session"]


[MASTER] 18:31:56.981 [Thread-3] ERROR ExternalProcessHandler - 


[MASTER] 18:31:56.981 [Thread-3] ERROR ExternalProcessHandler - 

Aug 20, 2020 10:32:01 AM org.openqa.selenium.remote.ProtocolHandshake createSession
[MASTER] 18:32:01.691 [Thread-3] ERROR ExternalProcessHandler - Aug 20, 2020 10:32:01 AM org.openqa.selenium.remote.ProtocolHandshake createSession

INFO: Detected dialect: OSS
[MASTER] 18:32:01.691 [Thread-3] ERROR ExternalProcessHandler - INFO: Detected dialect: OSS

Aug 20, 2020 10:32:22 AM po_utils.PageObjectLogging logInfo
[MASTER] 18:32:22.332 [Thread-3] ERROR ExternalProcessHandler - Aug 20, 2020 10:32:22 AM po_utils.PageObjectLogging logInfo

INFO: waitForElementBeingPresentOnPage timeout exception: unable to locate the element By.xpath: //button[text()="Create a new session"]
[MASTER] 18:32:22.333 [Thread-3] ERROR ExternalProcessHandler - INFO: waitForElementBeingPresentOnPage timeout exception: unable to locate the element By.xpath: //button[text()="Create a new session"]


[MASTER] 18:32:22.333 [Thread-3] ERROR ExternalProcessHandler - 


[MASTER] 18:32:22.333 [Thread-3] ERROR ExternalProcessHandler - 

[MASTER] 18:32:29.008 [logback-2] ERROR TestCaseExecutor - TG: Exception caught: 
java.lang.IllegalStateException: Test generation failed: page object bug.
	at org.evosuite.testcase.execution.TestCaseExecutor.runTest(TestCaseExecutor.java:322) ~[evosuite-client-1.0.4-SNAPSHOT.jar:na]
	at org.evosuite.testcase.TestFitnessFunction.runTest(TestFitnessFunction.java:91) [evosuite-client-1.0.4-SNAPSHOT.jar:na]
	at org.evosuite.testcase.TestFitnessFunction.getFitness(TestFitnessFunction.java:60) [evosuite-client-1.0.4-SNAPSHOT.jar:na]
	at org.evosuite.testcase.TestFitnessFunction.getFitness(TestFitnessFunction.java:34) [evosuite-client-1.0.4-SNAPSHOT.jar:na]
	at org.evosuite.ga.metaheuristics.mosa.MOSA.calculateFitness(MOSA.java:155) [evosuite-client-1.0.4-SNAPSHOT.jar:na]
	at org.evosuite.ga.metaheuristics.mosa.AbstractMOSA.breedNextGeneration(AbstractMOSA.java:153) [evosuite-client-1.0.4-SNAPSHOT.jar:na]
	at org.evosuite.ga.metaheuristics.mosa.MOSA.evolve(MOSA.java:89) [evosuite-client-1.0.4-SNAPSHOT.jar:na]
	at org.evosuite.ga.metaheuristics.mosa.MOSA.generateSolution(MOSA.java:205) [evosuite-client-1.0.4-SNAPSHOT.jar:na]
	at org.evosuite.strategy.MOSuiteStrategy.generateTests(MOSuiteStrategy.java:127) [evosuite-client-1.0.4-SNAPSHOT.jar:na]
	at org.evosuite.TestSuiteGenerator.generateTests(TestSuiteGenerator.java:654) [evosuite-client-1.0.4-SNAPSHOT.jar:na]
	at org.evosuite.TestSuiteGenerator.generateTestSuite(TestSuiteGenerator.java:213) [evosuite-client-1.0.4-SNAPSHOT.jar:na]
	at org.evosuite.rmi.service.ClientNodeImpl$1.run(ClientNodeImpl.java:145) [evosuite-client-1.0.4-SNAPSHOT.jar:na]
	at java.util.concurrent.Executors$RunnableAdapter.call(Executors.java:511) [na:1.8.0_265]
	at java.util.concurrent.FutureTask.run(FutureTask.java:266) [na:1.8.0_265]
	at java.util.concurrent.ThreadPoolExecutor.runWorker(ThreadPoolExecutor.java:1149) [na:1.8.0_265]
	at java.util.concurrent.ThreadPoolExecutor$Worker.run(ThreadPoolExecutor.java:624) [na:1.8.0_265]
	at java.lang.Thread.run(Thread.java:748) [na:1.8.0_265]
Aug 20, 2020 10:32:29 AM org.openqa.selenium.remote.ProtocolHandshake createSession
[MASTER] 18:32:29.196 [Thread-3] ERROR ExternalProcessHandler - Aug 20, 2020 10:32:29 AM org.openqa.selenium.remote.ProtocolHandshake createSession

INFO: Detected dialect: OSS
[MASTER] 18:32:29.196 [Thread-3] ERROR ExternalProcessHandler - INFO: Detected dialect: OSS

Aug 20, 2020 10:32:30 AM org.openqa.selenium.remote.ProtocolHandshake createSession
[MASTER] 18:32:30.032 [Thread-3] ERROR ExternalProcessHandler - Aug 20, 2020 10:32:30 AM org.openqa.selenium.remote.ProtocolHandshake createSession

INFO: Detected dialect: OSS
[MASTER] 18:32:30.032 [Thread-3] ERROR ExternalProcessHandler - INFO: Detected dialect: OSS

Aug 20, 2020 10:32:30 AM org.openqa.selenium.remote.ProtocolHandshake createSession
[MASTER] 18:32:30.952 [Thread-3] ERROR ExternalProcessHandler - Aug 20, 2020 10:32:30 AM org.openqa.selenium.remote.ProtocolHandshake createSession

INFO: Detected dialect: OSS
[MASTER] 18:32:30.952 [Thread-3] ERROR ExternalProcessHandler - INFO: Detected dialect: OSS

Aug 20, 2020 10:32:32 AM org.openqa.selenium.remote.ProtocolHandshake createSession
[MASTER] 18:32:32.780 [Thread-3] ERROR ExternalProcessHandler - Aug 20, 2020 10:32:32 AM org.openqa.selenium.remote.ProtocolHandshake createSession

INFO: Detected dialect: OSS
[MASTER] 18:32:32.780 [Thread-3] ERROR ExternalProcessHandler - INFO: Detected dialect: OSS

Aug 20, 2020 10:32:35 AM org.openqa.selenium.remote.ProtocolHandshake createSession
[MASTER] 18:32:35.495 [Thread-3] ERROR ExternalProcessHandler - Aug 20, 2020 10:32:35 AM org.openqa.selenium.remote.ProtocolHandshake createSession

INFO: Detected dialect: OSS
[MASTER] 18:32:35.495 [Thread-3] ERROR ExternalProcessHandler - INFO: Detected dialect: OSS

Aug 20, 2020 10:32:40 AM org.openqa.selenium.remote.ProtocolHandshake createSession
[MASTER] 18:32:40.858 [Thread-3] ERROR ExternalProcessHandler - Aug 20, 2020 10:32:40 AM org.openqa.selenium.remote.ProtocolHandshake createSession

INFO: Detected dialect: OSS
[MASTER] 18:32:40.858 [Thread-3] ERROR ExternalProcessHandler - INFO: Detected dialect: OSS

Aug 20, 2020 10:32:48 AM org.openqa.selenium.remote.ProtocolHandshake createSession
[MASTER] 18:32:48.660 [Thread-3] ERROR ExternalProcessHandler - Aug 20, 2020 10:32:48 AM org.openqa.selenium.remote.ProtocolHandshake createSession

INFO: Detected dialect: OSS
[MASTER] 18:32:48.660 [Thread-3] ERROR ExternalProcessHandler - INFO: Detected dialect: OSS

[MASTER] 18:32:59.022 [logback-2] ERROR TestCaseExecutor - TG: Exception caught: 
java.lang.IllegalStateException: Test generation failed: page object bug.
	at org.evosuite.testcase.execution.TestCaseExecutor.runTest(TestCaseExecutor.java:322) ~[evosuite-client-1.0.4-SNAPSHOT.jar:na]
	at org.evosuite.testcase.TestFitnessFunction.runTest(TestFitnessFunction.java:91) [evosuite-client-1.0.4-SNAPSHOT.jar:na]
	at org.evosuite.testcase.TestFitnessFunction.getFitness(TestFitnessFunction.java:60) [evosuite-client-1.0.4-SNAPSHOT.jar:na]
	at org.evosuite.testcase.TestFitnessFunction.getFitness(TestFitnessFunction.java:34) [evosuite-client-1.0.4-SNAPSHOT.jar:na]
	at org.evosuite.ga.metaheuristics.mosa.MOSA.calculateFitness(MOSA.java:155) [evosuite-client-1.0.4-SNAPSHOT.jar:na]
	at org.evosuite.ga.metaheuristics.mosa.AbstractMOSA.breedNextGeneration(AbstractMOSA.java:169) [evosuite-client-1.0.4-SNAPSHOT.jar:na]
	at org.evosuite.ga.metaheuristics.mosa.MOSA.evolve(MOSA.java:89) [evosuite-client-1.0.4-SNAPSHOT.jar:na]
	at org.evosuite.ga.metaheuristics.mosa.MOSA.generateSolution(MOSA.java:205) [evosuite-client-1.0.4-SNAPSHOT.jar:na]
	at org.evosuite.strategy.MOSuiteStrategy.generateTests(MOSuiteStrategy.java:127) [evosuite-client-1.0.4-SNAPSHOT.jar:na]
	at org.evosuite.TestSuiteGenerator.generateTests(TestSuiteGenerator.java:654) [evosuite-client-1.0.4-SNAPSHOT.jar:na]
	at org.evosuite.TestSuiteGenerator.generateTestSuite(TestSuiteGenerator.java:213) [evosuite-client-1.0.4-SNAPSHOT.jar:na]
	at org.evosuite.rmi.service.ClientNodeImpl$1.run(ClientNodeImpl.java:145) [evosuite-client-1.0.4-SNAPSHOT.jar:na]
	at java.util.concurrent.Executors$RunnableAdapter.call(Executors.java:511) [na:1.8.0_265]
	at java.util.concurrent.FutureTask.run(FutureTask.java:266) [na:1.8.0_265]
	at java.util.concurrent.ThreadPoolExecutor.runWorker(ThreadPoolExecutor.java:1149) [na:1.8.0_265]
	at java.util.concurrent.ThreadPoolExecutor$Worker.run(ThreadPoolExecutor.java:624) [na:1.8.0_265]
	at java.lang.Thread.run(Thread.java:748) [na:1.8.0_265]
Aug 20, 2020 10:32:59 AM org.openqa.selenium.remote.ProtocolHandshake createSession
[MASTER] 18:32:59.247 [Thread-3] ERROR ExternalProcessHandler - Aug 20, 2020 10:32:59 AM org.openqa.selenium.remote.ProtocolHandshake createSession

INFO: Detected dialect: OSS
[MASTER] 18:32:59.247 [Thread-3] ERROR ExternalProcessHandler - INFO: Detected dialect: OSS

Aug 20, 2020 10:33:01 AM po_utils.PageObjectLogging logInfo
[MASTER] 18:33:01.067 [Thread-3] ERROR ExternalProcessHandler - Aug 20, 2020 10:33:01 AM po_utils.PageObjectLogging logInfo

INFO: waitForElementBeingPresentOnPage timeout exception: unable to locate the element By.xpath: //button[text()="Create a new session"]
[MASTER] 18:33:01.068 [Thread-3] ERROR ExternalProcessHandler - INFO: waitForElementBeingPresentOnPage timeout exception: unable to locate the element By.xpath: //button[text()="Create a new session"]


[MASTER] 18:33:01.068 [Thread-3] ERROR ExternalProcessHandler - 


[MASTER] 18:33:01.068 [Thread-3] ERROR ExternalProcessHandler - 

Aug 20, 2020 10:33:02 AM org.openqa.selenium.remote.ProtocolHandshake createSession
[MASTER] 18:33:02.564 [Thread-3] ERROR ExternalProcessHandler - Aug 20, 2020 10:33:02 AM org.openqa.selenium.remote.ProtocolHandshake createSession

INFO: Detected dialect: OSS
[MASTER] 18:33:02.564 [Thread-3] ERROR ExternalProcessHandler - INFO: Detected dialect: OSS

Aug 20, 2020 10:33:07 AM org.openqa.selenium.remote.ProtocolHandshake createSession
[MASTER] 18:33:07.035 [Thread-3] ERROR ExternalProcessHandler - Aug 20, 2020 10:33:07 AM org.openqa.selenium.remote.ProtocolHandshake createSession

INFO: Detected dialect: OSS
[MASTER] 18:33:07.035 [Thread-3] ERROR ExternalProcessHandler - INFO: Detected dialect: OSS

Aug 20, 2020 10:33:16 AM org.openqa.selenium.remote.ProtocolHandshake createSession
[MASTER] 18:33:16.030 [Thread-3] ERROR ExternalProcessHandler - Aug 20, 2020 10:33:16 AM org.openqa.selenium.remote.ProtocolHandshake createSession

INFO: Detected dialect: OSS
[MASTER] 18:33:16.030 [Thread-3] ERROR ExternalProcessHandler - INFO: Detected dialect: OSS

Aug 20, 2020 10:33:29 AM org.openqa.selenium.remote.ProtocolHandshake createSession
[MASTER] 18:33:29.223 [Thread-3] ERROR ExternalProcessHandler - Aug 20, 2020 10:33:29 AM org.openqa.selenium.remote.ProtocolHandshake createSession

INFO: Detected dialect: OSS
[MASTER] 18:33:29.223 [Thread-3] ERROR ExternalProcessHandler - INFO: Detected dialect: OSS

[MASTER] 18:33:46.430 [logback-2] ERROR TestCaseExecutor - TG: Exception caught: 
java.lang.IllegalStateException: Test generation failed: page object bug.
	at org.evosuite.testcase.execution.TestCaseExecutor.runTest(TestCaseExecutor.java:322) ~[evosuite-client-1.0.4-SNAPSHOT.jar:na]
	at org.evosuite.testcase.TestFitnessFunction.runTest(TestFitnessFunction.java:91) [evosuite-client-1.0.4-SNAPSHOT.jar:na]
	at org.evosuite.testcase.TestFitnessFunction.isCovered(TestFitnessFunction.java:166) [evosuite-client-1.0.4-SNAPSHOT.jar:na]
	at org.evosuite.testsuite.TestSuiteMinimizer.minimizeTests(TestSuiteMinimizer.java:287) [evosuite-client-1.0.4-SNAPSHOT.jar:na]
	at org.evosuite.testsuite.TestSuiteMinimizer.minimize(TestSuiteMinimizer.java:111) [evosuite-client-1.0.4-SNAPSHOT.jar:na]
	at org.evosuite.TestSuiteGenerator.postProcessTests(TestSuiteGenerator.java:422) [evosuite-client-1.0.4-SNAPSHOT.jar:na]
	at org.evosuite.TestSuiteGenerator.generateTestSuite(TestSuiteGenerator.java:215) [evosuite-client-1.0.4-SNAPSHOT.jar:na]
	at org.evosuite.rmi.service.ClientNodeImpl$1.run(ClientNodeImpl.java:145) [evosuite-client-1.0.4-SNAPSHOT.jar:na]
	at java.util.concurrent.Executors$RunnableAdapter.call(Executors.java:511) [na:1.8.0_265]
	at java.util.concurrent.FutureTask.run(FutureTask.java:266) [na:1.8.0_265]
	at java.util.concurrent.ThreadPoolExecutor.runWorker(ThreadPoolExecutor.java:1149) [na:1.8.0_265]
	at java.util.concurrent.ThreadPoolExecutor$Worker.run(ThreadPoolExecutor.java:624) [na:1.8.0_265]
	at java.lang.Thread.run(Thread.java:748) [na:1.8.0_265]
Aug 20, 2020 10:33:46 AM org.openqa.selenium.remote.ProtocolHandshake createSession
[MASTER] 18:33:46.579 [Thread-3] ERROR ExternalProcessHandler - Aug 20, 2020 10:33:46 AM org.openqa.selenium.remote.ProtocolHandshake createSession

INFO: Detected dialect: OSS
[MASTER] 18:33:46.579 [Thread-3] ERROR ExternalProcessHandler - INFO: Detected dialect: OSS

Aug 20, 2020 10:33:50 AM org.openqa.selenium.remote.ProtocolHandshake createSession
[MASTER] 18:33:50.484 [Thread-3] ERROR ExternalProcessHandler - Aug 20, 2020 10:33:50 AM org.openqa.selenium.remote.ProtocolHandshake createSession

INFO: Detected dialect: OSS
[MASTER] 18:33:50.484 [Thread-3] ERROR ExternalProcessHandler - INFO: Detected dialect: OSS

Aug 20, 2020 10:33:57 AM org.openqa.selenium.remote.ProtocolHandshake createSession
[MASTER] 18:33:57.431 [Thread-3] ERROR ExternalProcessHandler - Aug 20, 2020 10:33:57 AM org.openqa.selenium.remote.ProtocolHandshake createSession

INFO: Detected dialect: OSS
[MASTER] 18:33:57.431 [Thread-3] ERROR ExternalProcessHandler - INFO: Detected dialect: OSS

Aug 20, 2020 10:34:07 AM org.openqa.selenium.remote.ProtocolHandshake createSession
[MASTER] 18:34:07.356 [Thread-3] ERROR ExternalProcessHandler - Aug 20, 2020 10:34:07 AM org.openqa.selenium.remote.ProtocolHandshake createSession

INFO: Detected dialect: OSS
[MASTER] 18:34:07.356 [Thread-3] ERROR ExternalProcessHandler - INFO: Detected dialect: OSS

[MASTER] 18:34:19.818 [logback-2] ERROR TestCaseExecutor - TG: Exception caught: 
java.lang.IllegalStateException: Test generation failed: page object bug.
	at org.evosuite.testcase.execution.TestCaseExecutor.runTest(TestCaseExecutor.java:322) ~[evosuite-client-1.0.4-SNAPSHOT.jar:na]
	at org.evosuite.testcase.TestFitnessFunction.runTest(TestFitnessFunction.java:91) [evosuite-client-1.0.4-SNAPSHOT.jar:na]
	at org.evosuite.testcase.TestFitnessFunction.isCovered(TestFitnessFunction.java:166) [evosuite-client-1.0.4-SNAPSHOT.jar:na]
	at org.evosuite.testsuite.TestSuiteMinimizer.minimizeTests(TestSuiteMinimizer.java:287) [evosuite-client-1.0.4-SNAPSHOT.jar:na]
	at org.evosuite.testsuite.TestSuiteMinimizer.minimize(TestSuiteMinimizer.java:111) [evosuite-client-1.0.4-SNAPSHOT.jar:na]
	at org.evosuite.TestSuiteGenerator.postProcessTests(TestSuiteGenerator.java:422) [evosuite-client-1.0.4-SNAPSHOT.jar:na]
	at org.evosuite.TestSuiteGenerator.generateTestSuite(TestSuiteGenerator.java:215) [evosuite-client-1.0.4-SNAPSHOT.jar:na]
	at org.evosuite.rmi.service.ClientNodeImpl$1.run(ClientNodeImpl.java:145) [evosuite-client-1.0.4-SNAPSHOT.jar:na]
	at java.util.concurrent.Executors$RunnableAdapter.call(Executors.java:511) [na:1.8.0_265]
	at java.util.concurrent.FutureTask.run(FutureTask.java:266) [na:1.8.0_265]
	at java.util.concurrent.ThreadPoolExecutor.runWorker(ThreadPoolExecutor.java:1149) [na:1.8.0_265]
	at java.util.concurrent.ThreadPoolExecutor$Worker.run(ThreadPoolExecutor.java:624) [na:1.8.0_265]
	at java.lang.Thread.run(Thread.java:748) [na:1.8.0_265]
Aug 20, 2020 10:34:20 AM org.openqa.selenium.remote.ProtocolHandshake createSession
[MASTER] 18:34:20.008 [Thread-3] ERROR ExternalProcessHandler - Aug 20, 2020 10:34:20 AM org.openqa.selenium.remote.ProtocolHandshake createSession

INFO: Detected dialect: OSS
[MASTER] 18:34:20.008 [Thread-3] ERROR ExternalProcessHandler - INFO: Detected dialect: OSS

Aug 20, 2020 10:34:23 AM org.openqa.selenium.remote.ProtocolHandshake createSession
[MASTER] 18:34:23.691 [Thread-3] ERROR ExternalProcessHandler - Aug 20, 2020 10:34:23 AM org.openqa.selenium.remote.ProtocolHandshake createSession

INFO: Detected dialect: OSS
[MASTER] 18:34:23.691 [Thread-3] ERROR ExternalProcessHandler - INFO: Detected dialect: OSS

Aug 20, 2020 10:34:35 AM org.openqa.selenium.remote.ProtocolHandshake createSession
[MASTER] 18:34:35.593 [Thread-3] ERROR ExternalProcessHandler - Aug 20, 2020 10:34:35 AM org.openqa.selenium.remote.ProtocolHandshake createSession

INFO: Detected dialect: OSS
[MASTER] 18:34:35.593 [Thread-3] ERROR ExternalProcessHandler - INFO: Detected dialect: OSS

Aug 20, 2020 10:34:55 AM org.openqa.selenium.remote.ProtocolHandshake createSession
[MASTER] 18:34:55.559 [Thread-3] ERROR ExternalProcessHandler - Aug 20, 2020 10:34:55 AM org.openqa.selenium.remote.ProtocolHandshake createSession

INFO: Detected dialect: OSS
[MASTER] 18:34:55.560 [Thread-3] ERROR ExternalProcessHandler - INFO: Detected dialect: OSS

[MASTER] 18:35:23.411 [logback-2] ERROR TestCaseExecutor - TG: Exception caught: 
java.lang.IllegalStateException: Test generation failed: page object bug.
	at org.evosuite.testcase.execution.TestCaseExecutor.runTest(TestCaseExecutor.java:322) ~[evosuite-client-1.0.4-SNAPSHOT.jar:na]
	at org.evosuite.testcase.TestFitnessFunction.runTest(TestFitnessFunction.java:91) [evosuite-client-1.0.4-SNAPSHOT.jar:na]
	at org.evosuite.testcase.TestFitnessFunction.isCovered(TestFitnessFunction.java:166) [evosuite-client-1.0.4-SNAPSHOT.jar:na]
	at org.evosuite.testsuite.TestSuiteMinimizer.minimizeTests(TestSuiteMinimizer.java:287) [evosuite-client-1.0.4-SNAPSHOT.jar:na]
	at org.evosuite.testsuite.TestSuiteMinimizer.minimize(TestSuiteMinimizer.java:111) [evosuite-client-1.0.4-SNAPSHOT.jar:na]
	at org.evosuite.TestSuiteGenerator.postProcessTests(TestSuiteGenerator.java:422) [evosuite-client-1.0.4-SNAPSHOT.jar:na]
	at org.evosuite.TestSuiteGenerator.generateTestSuite(TestSuiteGenerator.java:215) [evosuite-client-1.0.4-SNAPSHOT.jar:na]
	at org.evosuite.rmi.service.ClientNodeImpl$1.run(ClientNodeImpl.java:145) [evosuite-client-1.0.4-SNAPSHOT.jar:na]
	at java.util.concurrent.Executors$RunnableAdapter.call(Executors.java:511) [na:1.8.0_265]
	at java.util.concurrent.FutureTask.run(FutureTask.java:266) [na:1.8.0_265]
	at java.util.concurrent.ThreadPoolExecutor.runWorker(ThreadPoolExecutor.java:1149) [na:1.8.0_265]
	at java.util.concurrent.ThreadPoolExecutor$Worker.run(ThreadPoolExecutor.java:624) [na:1.8.0_265]
	at java.lang.Thread.run(Thread.java:748) [na:1.8.0_265]
Aug 20, 2020 10:35:23 AM org.openqa.selenium.remote.ProtocolHandshake createSession
[MASTER] 18:35:23.592 [Thread-3] ERROR ExternalProcessHandler - Aug 20, 2020 10:35:23 AM org.openqa.selenium.remote.ProtocolHandshake createSession

INFO: Detected dialect: OSS
[MASTER] 18:35:23.592 [Thread-3] ERROR ExternalProcessHandler - INFO: Detected dialect: OSS

Aug 20, 2020 10:35:28 AM org.openqa.selenium.remote.ProtocolHandshake createSession
[MASTER] 18:35:28.620 [Thread-3] ERROR ExternalProcessHandler - Aug 20, 2020 10:35:28 AM org.openqa.selenium.remote.ProtocolHandshake createSession

INFO: Detected dialect: OSS
[MASTER] 18:35:28.620 [Thread-3] ERROR ExternalProcessHandler - INFO: Detected dialect: OSS

Aug 20, 2020 10:35:37 AM org.openqa.selenium.remote.ProtocolHandshake createSession
[MASTER] 18:35:37.109 [Thread-3] ERROR ExternalProcessHandler - Aug 20, 2020 10:35:37 AM org.openqa.selenium.remote.ProtocolHandshake createSession

INFO: Detected dialect: OSS
[MASTER] 18:35:37.109 [Thread-3] ERROR ExternalProcessHandler - INFO: Detected dialect: OSS

Aug 20, 2020 10:35:49 AM org.openqa.selenium.remote.ProtocolHandshake createSession
[MASTER] 18:35:49.116 [Thread-3] ERROR ExternalProcessHandler - Aug 20, 2020 10:35:49 AM org.openqa.selenium.remote.ProtocolHandshake createSession

INFO: Detected dialect: OSS
[MASTER] 18:35:49.117 [Thread-3] ERROR ExternalProcessHandler - INFO: Detected dialect: OSS

[MASTER] 18:36:04.484 [logback-2] ERROR TestCaseExecutor - TG: Exception caught: 
java.lang.IllegalStateException: Test generation failed: page object bug.
	at org.evosuite.testcase.execution.TestCaseExecutor.runTest(TestCaseExecutor.java:322) ~[evosuite-client-1.0.4-SNAPSHOT.jar:na]
	at org.evosuite.testcase.TestFitnessFunction.runTest(TestFitnessFunction.java:91) [evosuite-client-1.0.4-SNAPSHOT.jar:na]
	at org.evosuite.testcase.TestFitnessFunction.isCovered(TestFitnessFunction.java:166) [evosuite-client-1.0.4-SNAPSHOT.jar:na]
	at org.evosuite.testsuite.TestSuiteMinimizer.minimizeTests(TestSuiteMinimizer.java:287) [evosuite-client-1.0.4-SNAPSHOT.jar:na]
	at org.evosuite.testsuite.TestSuiteMinimizer.minimize(TestSuiteMinimizer.java:111) [evosuite-client-1.0.4-SNAPSHOT.jar:na]
	at org.evosuite.TestSuiteGenerator.postProcessTests(TestSuiteGenerator.java:422) [evosuite-client-1.0.4-SNAPSHOT.jar:na]
	at org.evosuite.TestSuiteGenerator.generateTestSuite(TestSuiteGenerator.java:215) [evosuite-client-1.0.4-SNAPSHOT.jar:na]
	at org.evosuite.rmi.service.ClientNodeImpl$1.run(ClientNodeImpl.java:145) [evosuite-client-1.0.4-SNAPSHOT.jar:na]
	at java.util.concurrent.Executors$RunnableAdapter.call(Executors.java:511) [na:1.8.0_265]
	at java.util.concurrent.FutureTask.run(FutureTask.java:266) [na:1.8.0_265]
	at java.util.concurrent.ThreadPoolExecutor.runWorker(ThreadPoolExecutor.java:1149) [na:1.8.0_265]
	at java.util.concurrent.ThreadPoolExecutor$Worker.run(ThreadPoolExecutor.java:624) [na:1.8.0_265]
	at java.lang.Thread.run(Thread.java:748) [na:1.8.0_265]
Aug 20, 2020 10:36:04 AM org.openqa.selenium.remote.ProtocolHandshake createSession
[MASTER] 18:36:04.669 [Thread-3] ERROR ExternalProcessHandler - Aug 20, 2020 10:36:04 AM org.openqa.selenium.remote.ProtocolHandshake createSession

INFO: Detected dialect: OSS
[MASTER] 18:36:04.670 [Thread-3] ERROR ExternalProcessHandler - INFO: Detected dialect: OSS

Aug 20, 2020 10:36:07 AM po_utils.PageObjectLogging logInfo
[MASTER] 18:36:07.277 [Thread-3] ERROR ExternalProcessHandler - Aug 20, 2020 10:36:07 AM po_utils.PageObjectLogging logInfo

INFO: waitForElementBeingPresentOnPage timeout exception: unable to locate the element By.xpath: //button[text()="Create a new session"]
[MASTER] 18:36:07.278 [Thread-3] ERROR ExternalProcessHandler - INFO: waitForElementBeingPresentOnPage timeout exception: unable to locate the element By.xpath: //button[text()="Create a new session"]


[MASTER] 18:36:07.278 [Thread-3] ERROR ExternalProcessHandler - 


[MASTER] 18:36:07.278 [Thread-3] ERROR ExternalProcessHandler - 

Aug 20, 2020 10:36:08 AM org.openqa.selenium.remote.ProtocolHandshake createSession
[MASTER] 18:36:08.046 [Thread-3] ERROR ExternalProcessHandler - Aug 20, 2020 10:36:08 AM org.openqa.selenium.remote.ProtocolHandshake createSession

INFO: Detected dialect: OSS
[MASTER] 18:36:08.046 [Thread-3] ERROR ExternalProcessHandler - INFO: Detected dialect: OSS

Aug 20, 2020 10:36:16 AM po_utils.PageObjectLogging logInfo
[MASTER] 18:36:16.768 [Thread-3] ERROR ExternalProcessHandler - Aug 20, 2020 10:36:16 AM po_utils.PageObjectLogging logInfo

INFO: waitForElementBeingPresentOnPage timeout exception: unable to locate the element By.xpath: //button[text()="Create a new session"]
[MASTER] 18:36:16.769 [Thread-3] ERROR ExternalProcessHandler - INFO: waitForElementBeingPresentOnPage timeout exception: unable to locate the element By.xpath: //button[text()="Create a new session"]


[MASTER] 18:36:16.769 [Thread-3] ERROR ExternalProcessHandler - 


[MASTER] 18:36:16.770 [Thread-3] ERROR ExternalProcessHandler - 

Aug 20, 2020 10:36:19 AM org.openqa.selenium.remote.ProtocolHandshake createSession
[MASTER] 18:36:19.537 [Thread-3] ERROR ExternalProcessHandler - Aug 20, 2020 10:36:19 AM org.openqa.selenium.remote.ProtocolHandshake createSession

INFO: Detected dialect: OSS
[MASTER] 18:36:19.537 [Thread-3] ERROR ExternalProcessHandler - INFO: Detected dialect: OSS

Aug 20, 2020 10:36:34 AM po_utils.PageObjectLogging logInfo
[MASTER] 18:36:34.310 [Thread-3] ERROR ExternalProcessHandler - Aug 20, 2020 10:36:34 AM po_utils.PageObjectLogging logInfo

INFO: waitForElementBeingPresentOnPage timeout exception: unable to locate the element By.xpath: //button[text()="Create a new session"]
[MASTER] 18:36:34.311 [Thread-3] ERROR ExternalProcessHandler - INFO: waitForElementBeingPresentOnPage timeout exception: unable to locate the element By.xpath: //button[text()="Create a new session"]


[MASTER] 18:36:34.311 [Thread-3] ERROR ExternalProcessHandler - 


[MASTER] 18:36:34.311 [Thread-3] ERROR ExternalProcessHandler - 

Aug 20, 2020 10:36:39 AM org.openqa.selenium.remote.ProtocolHandshake createSession
[MASTER] 18:36:39.012 [Thread-3] ERROR ExternalProcessHandler - Aug 20, 2020 10:36:39 AM org.openqa.selenium.remote.ProtocolHandshake createSession

INFO: Detected dialect: OSS
[MASTER] 18:36:39.012 [Thread-3] ERROR ExternalProcessHandler - INFO: Detected dialect: OSS

Aug 20, 2020 10:36:59 AM po_utils.PageObjectLogging logInfo
[MASTER] 18:36:59.700 [Thread-3] ERROR ExternalProcessHandler - Aug 20, 2020 10:36:59 AM po_utils.PageObjectLogging logInfo

INFO: waitForElementBeingPresentOnPage timeout exception: unable to locate the element By.xpath: //button[text()="Create a new session"]
[MASTER] 18:36:59.702 [Thread-3] ERROR ExternalProcessHandler - INFO: waitForElementBeingPresentOnPage timeout exception: unable to locate the element By.xpath: //button[text()="Create a new session"]


[MASTER] 18:36:59.702 [Thread-3] ERROR ExternalProcessHandler - 


[MASTER] 18:36:59.702 [Thread-3] ERROR ExternalProcessHandler - 

[MASTER] 18:37:06.354 [logback-2] ERROR TestCaseExecutor - TG: Exception caught: 
java.lang.IllegalStateException: Test generation failed: page object bug.
	at org.evosuite.testcase.execution.TestCaseExecutor.runTest(TestCaseExecutor.java:322) ~[evosuite-client-1.0.4-SNAPSHOT.jar:na]
	at org.evosuite.testcase.TestFitnessFunction.runTest(TestFitnessFunction.java:91) [evosuite-client-1.0.4-SNAPSHOT.jar:na]
	at org.evosuite.testcase.TestFitnessFunction.isCovered(TestFitnessFunction.java:166) [evosuite-client-1.0.4-SNAPSHOT.jar:na]
	at org.evosuite.testsuite.TestSuiteMinimizer.minimizeTests(TestSuiteMinimizer.java:287) [evosuite-client-1.0.4-SNAPSHOT.jar:na]
	at org.evosuite.testsuite.TestSuiteMinimizer.minimize(TestSuiteMinimizer.java:111) [evosuite-client-1.0.4-SNAPSHOT.jar:na]
	at org.evosuite.TestSuiteGenerator.postProcessTests(TestSuiteGenerator.java:422) [evosuite-client-1.0.4-SNAPSHOT.jar:na]
	at org.evosuite.TestSuiteGenerator.generateTestSuite(TestSuiteGenerator.java:215) [evosuite-client-1.0.4-SNAPSHOT.jar:na]
	at org.evosuite.rmi.service.ClientNodeImpl$1.run(ClientNodeImpl.java:145) [evosuite-client-1.0.4-SNAPSHOT.jar:na]
	at java.util.concurrent.Executors$RunnableAdapter.call(Executors.java:511) [na:1.8.0_265]
	at java.util.concurrent.FutureTask.run(FutureTask.java:266) [na:1.8.0_265]
	at java.util.concurrent.ThreadPoolExecutor.runWorker(ThreadPoolExecutor.java:1149) [na:1.8.0_265]
	at java.util.concurrent.ThreadPoolExecutor$Worker.run(ThreadPoolExecutor.java:624) [na:1.8.0_265]
	at java.lang.Thread.run(Thread.java:748) [na:1.8.0_265]
Aug 20, 2020 10:37:06 AM org.openqa.selenium.remote.ProtocolHandshake createSession
[MASTER] 18:37:06.557 [Thread-3] ERROR ExternalProcessHandler - Aug 20, 2020 10:37:06 AM org.openqa.selenium.remote.ProtocolHandshake createSession

INFO: Detected dialect: OSS
[MASTER] 18:37:06.557 [Thread-3] ERROR ExternalProcessHandler - INFO: Detected dialect: OSS

Aug 20, 2020 10:37:09 AM org.openqa.selenium.remote.ProtocolHandshake createSession
[MASTER] 18:37:09.591 [Thread-3] ERROR ExternalProcessHandler - Aug 20, 2020 10:37:09 AM org.openqa.selenium.remote.ProtocolHandshake createSession

INFO: Detected dialect: OSS
[MASTER] 18:37:09.591 [Thread-3] ERROR ExternalProcessHandler - INFO: Detected dialect: OSS

Aug 20, 2020 10:37:13 AM org.openqa.selenium.remote.ProtocolHandshake createSession
[MASTER] 18:37:13.688 [Thread-3] ERROR ExternalProcessHandler - Aug 20, 2020 10:37:13 AM org.openqa.selenium.remote.ProtocolHandshake createSession

INFO: Detected dialect: OSS
[MASTER] 18:37:13.688 [Thread-3] ERROR ExternalProcessHandler - INFO: Detected dialect: OSS

Aug 20, 2020 10:37:17 AM org.openqa.selenium.remote.ProtocolHandshake createSession
[MASTER] 18:37:17.522 [Thread-3] ERROR ExternalProcessHandler - Aug 20, 2020 10:37:17 AM org.openqa.selenium.remote.ProtocolHandshake createSession

INFO: Detected dialect: OSS
[MASTER] 18:37:17.522 [Thread-3] ERROR ExternalProcessHandler - INFO: Detected dialect: OSS

Aug 20, 2020 10:37:22 AM org.openqa.selenium.remote.ProtocolHandshake createSession
[MASTER] 18:37:22.148 [Thread-3] ERROR ExternalProcessHandler - Aug 20, 2020 10:37:22 AM org.openqa.selenium.remote.ProtocolHandshake createSession

INFO: Detected dialect: OSS
[MASTER] 18:37:22.148 [Thread-3] ERROR ExternalProcessHandler - INFO: Detected dialect: OSS

Aug 20, 2020 10:37:24 AM po_utils.PageObjectLogging logInfo
[MASTER] 18:37:24.064 [Thread-3] ERROR ExternalProcessHandler - Aug 20, 2020 10:37:24 AM po_utils.PageObjectLogging logInfo

INFO: waitForElementBeingPresentOnPage timeout exception: unable to locate the element By.xpath: //button[text()="Create a new session"]
[MASTER] 18:37:24.065 [Thread-3] ERROR ExternalProcessHandler - INFO: waitForElementBeingPresentOnPage timeout exception: unable to locate the element By.xpath: //button[text()="Create a new session"]


[MASTER] 18:37:24.065 [Thread-3] ERROR ExternalProcessHandler - 


[MASTER] 18:37:24.065 [Thread-3] ERROR ExternalProcessHandler - 

Aug 20, 2020 10:37:24 AM org.openqa.selenium.remote.ProtocolHandshake createSession
[MASTER] 18:37:24.509 [Thread-3] ERROR ExternalProcessHandler - Aug 20, 2020 10:37:24 AM org.openqa.selenium.remote.ProtocolHandshake createSession

INFO: Detected dialect: OSS
[MASTER] 18:37:24.509 [Thread-3] ERROR ExternalProcessHandler - INFO: Detected dialect: OSS

Aug 20, 2020 10:37:26 AM po_utils.PageObjectLogging logInfo
[MASTER] 18:37:26.473 [Thread-3] ERROR ExternalProcessHandler - Aug 20, 2020 10:37:26 AM po_utils.PageObjectLogging logInfo

INFO: waitForElementBeingPresentOnPage timeout exception: unable to locate the element By.xpath: //button[text()="Create a new session"]
[MASTER] 18:37:26.474 [Thread-3] ERROR ExternalProcessHandler - INFO: waitForElementBeingPresentOnPage timeout exception: unable to locate the element By.xpath: //button[text()="Create a new session"]


[MASTER] 18:37:26.474 [Thread-3] ERROR ExternalProcessHandler - 


[MASTER] 18:37:26.474 [Thread-3] ERROR ExternalProcessHandler - 

Aug 20, 2020 10:37:26 AM org.openqa.selenium.remote.ProtocolHandshake createSession
[MASTER] 18:37:26.866 [Thread-3] ERROR ExternalProcessHandler - Aug 20, 2020 10:37:26 AM org.openqa.selenium.remote.ProtocolHandshake createSession

INFO: Detected dialect: OSS
[MASTER] 18:37:26.866 [Thread-3] ERROR ExternalProcessHandler - INFO: Detected dialect: OSS

Aug 20, 2020 10:37:31 AM org.openqa.selenium.remote.ProtocolHandshake createSession
[MASTER] 18:37:31.647 [Thread-3] ERROR ExternalProcessHandler - Aug 20, 2020 10:37:31 AM org.openqa.selenium.remote.ProtocolHandshake createSession

INFO: Detected dialect: OSS
[MASTER] 18:37:31.647 [Thread-3] ERROR ExternalProcessHandler - INFO: Detected dialect: OSS

Aug 20, 2020 10:37:35 AM org.openqa.selenium.remote.ProtocolHandshake createSession
[MASTER] 18:37:35.438 [Thread-3] ERROR ExternalProcessHandler - Aug 20, 2020 10:37:35 AM org.openqa.selenium.remote.ProtocolHandshake createSession

INFO: Detected dialect: OSS
[MASTER] 18:37:35.439 [Thread-3] ERROR ExternalProcessHandler - INFO: Detected dialect: OSS

Aug 20, 2020 10:37:39 AM org.openqa.selenium.remote.ProtocolHandshake createSession
[MASTER] 18:37:39.457 [Thread-3] ERROR ExternalProcessHandler - Aug 20, 2020 10:37:39 AM org.openqa.selenium.remote.ProtocolHandshake createSession

INFO: Detected dialect: OSS
[MASTER] 18:37:39.457 [Thread-3] ERROR ExternalProcessHandler - INFO: Detected dialect: OSS

